1, 3.041200, 9.927200, 1.477761, -8.040854
2, 3.041200, 9.927200, 1.477761, -8.040854
3, 3.055600, 9.937650, 1.506489, -8.017186
4, 3.055600, 9.937650, 1.506489, -8.017186
5, 3.068867, 9.912900, 1.542201, -7.986797
6, 3.069833, 9.921400, 1.531535, -7.918568
7, 3.081967, 9.919300, 1.488962, -7.829050
8, 3.080700, 9.893667, 1.447295, -7.757535
9, 3.086950, 9.862550, 1.466139, -7.687278
10, 3.086950, 9.862550, 1.466139, -7.687278
11, 3.089000, 9.796800, 1.495101, -7.779086
12, 3.111367, 9.730867, 1.546867, -7.825147
13, 3.108333, 9.651067, 1.588209, -7.922695
14, 3.117633, 9.558533, 1.721769, -7.892951
15, 3.155533, 9.503700, 2.095812, -7.928506
16, 3.184725, 9.434125, 2.108783, -7.997056
17, 3.205700, 9.401900, 2.122266, -8.028823
18, 3.225250, 9.382750, 2.384436, -8.058292
19, 3.245267, 9.368133, 2.221979, -8.014834
20, 3.254625, 9.342425, 1.940758, -8.230589
21, 3.263967, 9.392000, 1.874582, -8.175603
22, 3.278150, 9.410250, 1.837443, -8.298313
23, 3.286375, 9.436750, 1.815813, -8.268493
24, 3.282967, 9.438167, 1.792717, -8.273391
25, 3.277500, 9.445067, 1.802783, -8.258721
26, 3.281300, 9.451550, 1.846053, -8.257872
27, 3.286233, 9.467567, 1.844590, -8.265714
28, 3.286767, 9.491633, 1.856355, -8.242721
29, 3.302367, 9.502700, 2.044968, -8.115724
30, 3.315000, 9.495200, 1.675744, -6.270553
31, 3.315000, 9.495200, 1.675744, -6.270553
32, 3.315000, 9.495200, 1.675744, -6.270553
33, 3.294300, 9.515450, 5.152656, 5.047423
34, 3.274200, 9.498725, 5.296375, 3.676706
35, 3.272333, 9.466800, 4.575017, 2.818513
36, 3.277100, 9.468950, 4.683705, 2.916972
37, 3.273900, 9.444933, 4.592867, 2.822296
38, 3.309833, 9.446100, 4.581232, 2.924286
39, 3.347500, 9.441433, 3.832312, 3.165218
40, 3.370250, 9.424650, -4.778440, 6.822530
41, 3.384933, 9.407267, -5.396853, 8.035594
42, 3.402433, 9.415233, -5.838633, 8.783013
43, 3.399267, 9.418833, -5.977003, 9.019871
44, 3.407100, 9.418467, -5.638387, 8.644312
45, 3.393367, 9.438567, -4.839819, 7.970781
46, 3.386600, 9.460433, -4.797228, 7.990626
47, 3.367200, 9.464500, -4.853157, 8.170197
48, 3.354200, 9.461733, -4.738505, 8.035806
49, 3.350433, 9.473400, -4.640773, 7.938184
50, 3.353667, 9.464700, -4.685720, 7.922341
51, 3.352533, 9.447933, -4.654723, 7.706158
52, 3.347467, 9.437767, -5.203251, 8.242441
53, 3.323400, 9.458900, -5.654201, 9.203732
54, 3.216133, 9.525733, -5.762958, 9.265387
55, 2.850000, 9.716733, -6.758257, 8.042776
56, 2.056200, 9.936300, -7.554086, 8.242573
57, 0.938033, 10.149700, -23.581066, 12.557872
58, -0.453200, 10.383167, -25.746221, 12.594631
59, -2.213667, 10.625133, -26.064121, 12.004120
60, -4.221700, 10.818367, -26.602763, 11.529017
61, -6.387734, 10.952433, -26.618455, 11.814260
62, -8.697033, 11.053033, -26.948027, 11.549009
63, -11.047433, 11.032300, -27.005353, 11.239898
64, -13.323700, 10.859533, -27.475262, 11.004950
65, -15.506533, 10.677933, -28.979545, 10.494672
66, -17.605300, 10.544233, -30.667816, 10.576073
67, -19.621167, 10.425933, -32.476386, 10.512410
68, -21.556133, 10.326067, -26.329875, 10.543714
69, -23.409567, 10.288333, -27.270972, 10.935852
70, -24.602400, 10.328200, -28.257872, 11.528149
71, -26.493350, 10.571675, -32.657549, 12.532099
72, -28.805500, 11.001067, -45.109999, 14.276486
73, -30.208867, 11.314700, -44.851611, 14.148494
74, -31.564400, 11.612267, -44.538237, 14.198488
75, -32.892367, 11.878133, -44.370551, 13.972872
76, -34.192033, 12.097567, -43.489773, 13.337760
77, -35.865634, 11.979533, -45.722433, 13.779868
78, -37.436300, 11.740750, -47.325001, 13.786862
79, -38.543801, 12.019100, -47.334479, 13.915356
80, -39.807800, 12.271533, -46.931586, 13.790152
81, -40.798500, 12.434900, -45.071074, 13.609318
82, -41.702667, 12.558733, -45.030983, 13.692346
83, -42.516867, 12.728967, -45.664063, 13.844408
84, -43.257933, 12.944967, -47.818200, 15.288355
85, -43.919867, 13.092600, -52.121353, 17.831187
86, -44.536067, 13.203500, -56.895868, 22.363391
87, -45.133600, 13.322033, -57.666743, 22.246295
88, -45.722833, 13.416133, -58.957923, 22.021416
89, -46.205650, 13.476950, -59.327093, 21.957648
90, -46.638500, 13.508533, -59.539897, 21.907749
91, -47.099000, 13.404200, -59.539806, 21.815510
92, -47.457933, 13.206200, -58.960864, 21.529497
93, -47.659300, 13.008933, -59.035800, 21.351643
94, -47.772800, 12.798633, -58.368951, 21.306174
95, -47.804600, 12.461433, -62.220636, 12.814985
96, -47.740900, 12.125200, -51.432892, 8.459184
97, -47.740900, 12.125200, -51.432892, 8.459184
98, -47.740900, 12.125200, -51.432892, 8.459184
99, -47.740900, 12.125200, -51.432892, 8.459184
100, -45.118800, 10.608300, -44.155068, -4.209216
101, -44.550067, 10.518500, -43.603108, -4.300087
102, -43.828850, 10.342650, -42.905460, -4.477461
103, -42.586275, 9.792650, -42.262134, -2.263329
104, -41.379567, 9.312133, -40.385595, -3.287220
105, -40.258367, 8.763233, -40.142945, -5.087666
106, -39.155233, 8.002167, -40.143237, -5.119175
107, -38.089033, 7.036700, -39.440232, -4.714966
108, -36.985667, 6.129300, -38.883533, -5.268939
109, -35.885433, 5.082067, -37.831197, -6.264329
110, -34.976900, 4.031450, -36.948969, -7.310480
111, -33.808450, 2.994850, -36.666612, -7.678915
112, -32.502600, 1.879300, -37.960768, -5.941142
113, -31.335233, 0.733333, -23.007171, -13.193984
114, -29.874533, -0.186158, -15.100008, -14.942114
115, -28.175367, -0.926848, -11.316799, -18.909433
116, -26.311167, -1.655947, -10.333504, -18.912619
117, -24.360433, -2.075566, -8.469968, -18.753581
118, -22.749050, -2.404883, -7.616442, -19.642039
119, -20.807492, -2.886908, -8.966083, -19.325315
120, -19.198400, -3.097752, -8.572344, -18.591181
121, -17.861567, -3.174929, -8.631666, -18.353397
122, -16.367533, -3.038221, -6.510320, -11.965226
123, -14.996600, -2.499736, -4.215302, -7.288333
124, -13.821000, -1.881619, -3.545564, -0.202680
125, -12.812500, -1.328611, -5.654319, 1.441690
126, -11.931033, -0.853833, -6.203341, 0.845901
127, -11.267600, -0.432238, -5.618916, 1.165376
128, -10.610467, 0.003650, -5.079311, 1.534637
129, -9.955733, 0.392233, -6.488537, 2.244483
130, -9.361100, 0.674867, -4.982029, 3.887930
131, -8.811633, 0.930967, -5.855509, 2.540924
132, -8.312300, 1.202800, -6.242859, 1.432914
133, -7.866200, 1.388167, -6.414610, 1.316302
134, -7.418933, 1.456367, -7.092953, 1.557686
135, -6.972700, 1.403900, -7.990631, 1.292605
136, -6.511700, 1.342267, -7.938534, 1.726436
137, -6.056600, 1.412267, -8.853063, 2.180795
138, -5.617400, 1.471400, -8.904244, 2.220672
139, -5.192467, 1.492400, -9.423397, 3.092326
140, -4.776000, 1.518867, -10.565979, 9.289897
141, -4.377167, 1.491900, -11.116192, 11.222962
142, -3.982600, 1.427467, -11.877190, 11.437474
143, -3.602267, 1.393567, -11.837046, 10.981982
144, -3.229133, 1.302533, -11.686096, 10.780539
145, -2.881067, 1.134600, -12.193254, 10.426436
146, -2.572767, 0.981133, -12.416208, 10.304422
147, -2.345433, 0.938733, -12.451886, 10.852032
148, -2.181033, 0.901800, -12.554314, 11.124998
149, -2.079967, 0.886200, -13.088033, 10.993631
150, -2.067067, 0.849600, -13.283388, 10.659745
151, -2.125967, 0.772800, -13.662628, 10.569864
152, -2.218767, 0.675967, -14.231453, 9.908549
153, -2.382800, 0.577567, -14.677787, 9.358153
154, -2.584100, 0.467167, -15.194735, 9.088364
155, -2.821833, 0.257567, -15.710105, 8.031323
156, -3.053400, -0.035187, -18.100407, 0.147164
157, -3.325033, -0.432990, -16.535731, -10.535792
158, -3.642133, -0.847870, -15.161132, -17.155229
159, -4.072600, -1.265739, -19.319128, -15.765416
160, -4.509567, -1.715223, -16.871573, -16.375117
161, -4.861167, -1.987004, -17.758319, -15.440137
162, -5.150767, -2.203397, -18.710540, -13.972712
163, -5.414700, -2.330568, -17.956532, -15.289550
164, -5.668733, -2.539330, -18.689663, -14.526671
165, -5.972200, -2.928265, -18.809719, -14.334379
166, -6.360933, -3.382243, -18.764595, -15.369423
167, -6.830967, -4.105677, -18.807395, -15.012436
168, -7.414733, -4.941268, -19.851830, -15.129052
169, -8.107233, -5.753031, -20.104467, -16.250013
170, -8.791000, -6.501134, -19.763430, -17.276665
171, -9.723175, -7.453530, -20.946633, -15.276200
172, -10.901467, -8.630234, -22.190733, -14.447875
173, -11.944600, -9.551195, -21.083344, -14.631473
174, -12.944033, -10.431233, -21.633992, -13.182829
175, -13.910167, -11.308337, -21.620442, -13.497763
176, -14.722750, -11.800305, -25.885431, -15.097806
177, -15.791367, -12.247690, -29.204845, -25.680234
178, -16.652600, -12.693670, -29.421728, -25.579786
179, -17.510367, -13.090493, -29.695506, -24.970196
180, -18.177650, -13.431330, -29.251509, -25.281449
181, -18.917001, -13.837437, -29.906315, -25.421198
182, -19.647933, -14.138873, -30.428806, -25.538836
183, -20.239800, -14.385083, -28.548825, -24.448800
184, -20.844500, -14.594570, -28.585784, -24.303889
185, -21.464433, -14.727427, -28.288785, -22.683034
186, -21.942450, -14.862940, -28.493683, -22.584898
187, -22.473725, -14.932060, -28.110809, -23.508652
188, -23.120633, -14.931247, -27.852043, -23.871463
189, -23.692367, -15.016313, -27.835979, -23.661634
190, -24.227433, -15.089060, -28.138829, -23.414546
191, -24.744200, -15.127283, -28.122910, -23.544805
192, -25.274367, -15.162393, -28.559208, -23.609571
193, -25.801233, -15.160840, -28.713008, -23.627077
194, -26.245750, -15.124370, -28.721651, -23.531643
195, -26.683833, -15.052933, -29.051748, -23.383731
196, -27.362025, -14.932165, -26.203535, -20.661891
197, -28.143733, -14.904617, -26.709243, -20.466792
198, -28.938567, -14.931467, -26.457765, -20.995067
199, -29.831633, -14.946300, -26.421899, -21.132500
200, -30.797167, -14.976223, -26.916371, -21.160328
201, -31.771733, -15.025840, -26.558234, -20.611078
202, -32.728867, -15.108257, -26.743662, -20.408212
203, -33.825933, -15.197727, -31.362030, -21.035180
204, -35.234367, -15.280727, -48.515314, -23.588089
205, -36.883966, -15.394583, -58.723508, -26.797200
206, -38.719666, -15.413033, -63.171951, -27.240840
207, -40.711833, -15.381590, -63.184120, -26.818136
208, -42.371350, -15.380080, -63.730472, -26.902669
209, -43.997300, -15.400663, -64.354402, -27.361371
210, -45.903767, -15.419430, -66.282841, -27.347851
211, -47.717700, -15.415407, -68.657777, -25.800573
212, -49.465900, -15.362587, -68.192173, -25.942076
213, -51.135267, -15.267647, -64.959069, -26.604676
214, -52.798800, -15.115053, -65.201780, -26.508983
215, -54.501566, -14.902030, -65.164046, -26.232141
216, -56.206733, -14.682797, -65.304141, -25.543702
217, -57.924333, -14.457240, -74.041952, -23.445989
218, -59.523300, -14.274000, -75.543048, -23.399006
219, -60.998633, -14.012937, -75.233018, -23.231370
220, -62.673325, -13.696632, -76.018137, -22.492587
221, -64.096700, -13.538310, -76.973420, -22.118138
222, -65.245667, -13.441643, -76.829313, -22.682782
223, -66.630133, -13.301490, -76.386512, -22.718352
224, -68.157834, -13.138563, -77.504495, -21.466863
225, -69.854425, -12.985390, -77.318848, -20.867449
226, -71.672800, -12.829255, -78.306950, -20.411994
227, -73.274833, -12.653790, -79.886967, -20.292217
228, -74.957767, -12.452700, -85.799381, -19.270546
229, -76.723333, -12.234357, -96.265953, -16.965585
230, -78.524800, -12.004640, -99.266974, -18.280858
231, -80.316700, -11.680960, -99.604901, -17.305211
232, -82.140733, -11.219220, -100.211563, -17.253544
233, -84.050333, -10.677347, -98.679775, -18.052599
234, -86.243966, -9.916186, -99.690890, -17.911858
235, -89.023764, -8.948302, -99.605968, -18.421553
236, -92.701565, -7.918860, -100.861324, -18.069825
237, -96.733401, -7.177361, -101.134320, -17.629684
238, -100.582634, -6.500682, -101.542261, -17.743676
239, -104.272068, -5.659811, -113.652040, -12.742883
240, -107.634667, -4.736581, -130.885841, -8.432976
241, -110.499100, -3.887292, -132.794383, -7.876473
242, -112.866734, -3.272289, -133.302776, -7.425014
243, -114.696933, -2.788306, -132.342504, -8.323331
244, -115.893900, -2.407589, -131.742688, -9.050554
245, -116.876600, -2.138255, -131.169047, -9.423559
246, -117.994067, -1.930722, -131.428688, -9.662570
247, -119.092200, -1.748698, -130.877130, -10.355801
248, -120.229933, -1.648459, -131.213464, -10.035681
249, -121.402900, -1.667287, -131.926053, -10.124168
250, -122.660133, -1.739037, -145.043302, -10.441270
251, -124.018367, -2.010329, -150.583208, -11.731475
252, -125.386167, -2.614937, -155.154287, -13.137846
253, -126.549733, -3.451558, -155.614542, -12.595902
254, -127.545667, -4.390545, -153.809924, -13.247807
255, -128.403833, -5.315315, -155.160747, -11.802087
256, -129.232133, -6.223549, -155.714450, -13.301219
257, -130.197950, -7.219134, -153.671222, -14.047440
258, -131.194367, -8.143831, -152.675104, -13.220770
259, -132.011867, -8.742933, -152.990836, -13.441525
260, -132.616550, -9.174337, -153.221263, -12.925905
261, -133.188225, -9.579780, -152.930270, -12.506761
262, -133.852867, -9.851179, -152.630637, -12.268640
263, -134.363867, -9.929630, -152.605274, -12.112315
264, -134.864667, -9.947482, -152.762787, -12.053720
265, -135.367633, -9.984581, -152.863253, -12.125499
266, -135.852067, -9.953903, -153.103151, -11.997692
267, -136.311100, -9.910608, -157.530671, -15.643163
268, -136.642050, -9.916683, -158.122272, -17.335191
269, -137.048633, -9.913288, -157.811646, -17.355091
270, -137.297100, -9.894320, -157.753228, -17.234056
271, -137.656467, -9.735844, -157.750850, -17.046884
272, -138.069133, -9.686466, -158.026522, -16.922903
273, -138.529533, -9.665853, -158.471394, -16.836465
274, -139.094067, -9.662054, -158.350026, -17.308408
275, -139.668567, -9.703315, -157.954562, -17.405148
276, -140.356967, -9.703326, -158.189048, -17.142846
277, -141.137867, -9.754193, -159.144503, -17.744250
278, -141.857533, -9.782207, -158.814217, -17.805438
279, -142.434000, -9.710375, -157.395146, -17.509230
280, -142.903400, -9.644752, -158.003166, -17.669584
281, -143.214867, -9.563290, -156.973294, -17.361024
282, -143.452667, -9.408067, -157.160090, -17.641509
283, -143.711200, -9.238665, -157.050806, -17.193043
284, -143.918333, -9.080696, -157.047084, -17.004378
285, -144.077300, -8.913844, -157.297636, -16.823474
286, -144.182800, -8.757987, -157.222668, -16.720852
287, -144.276900, -8.508369, -157.113809, -16.570975
288, -144.358933, -8.138372, -157.156539, -16.234053
289, -144.405200, -7.762547, -157.759087, -13.866918
290, -144.402867, -7.444064, -157.814503, -7.952850
291, -144.383600, -7.179710, -157.637586, 1.957166
292, -144.338800, -6.907024, -157.390395, 2.836928
293, -144.270267, -6.612056, -157.445918, 2.776638
294, -144.146233, -6.302589, -157.413075, 2.779497
295, -143.897933, -5.944689, -157.140377, 2.605611
296, -143.585450, -5.592621, -156.690027, 2.561097
297, -143.083275, -5.212982, -156.210610, 2.491028
298, -142.363600, -4.855475, -155.787765, 2.334666
299, -141.619333, -4.455597, -155.383290, 2.373861
300, -140.931600, -4.005889, -155.314281, 2.341212
301, -140.000900, -3.394137, -154.699146, 2.547783
302, -138.826800, -2.756755, -154.353829, 2.212550
303, -137.726000, -2.143653, -154.308660, 2.233570
304, -136.506600, -1.539547, -154.932244, 2.320237
305, -135.111167, -0.995692, -155.002962, 2.153738
306, -133.849300, -0.437778, -154.589748, 2.192205
307, -132.366525, 0.157468, -141.530587, 4.719412
308, -130.503967, 0.680167, -123.584565, 7.042930
309, -128.812000, 1.225933, -113.283092, 9.449664
310, -126.935100, 1.840000, -111.601809, 10.887755
311, -124.906100, 2.432233, -111.369520, 10.081005
312, -122.691334, 3.158200, -111.059364, 10.098421
313, -120.211334, 4.013967, -110.561525, 9.875422
314, -117.986800, 4.682100, -110.488290, 10.970609
315, -115.115875, 5.400775, -109.399701, 11.304126
316, -111.573769, 6.212467, -107.881763, 11.840719
317, -107.938500, 6.845167, -105.075391, 12.764980
318, -104.182000, 7.243650, -87.346114, 3.516917
319, -101.439100, 7.426800, -68.763974, -4.617004
320, -101.439100, 7.426800, -68.763974, -4.617004
321, -87.602800, 7.579600, -88.018860, -12.711132
322, -78.351850, 7.687400, -49.708713, 5.266827
323, -73.293333, 8.018300, -46.823516, 10.870807
324, -67.473825, 8.577033, -45.764615, 11.344904
325, -62.243065, 9.560567, -46.671568, 11.618787
326, -57.315527, 10.568333, -46.650406, 12.225322
327, -53.073762, 12.116333, -46.980065, 13.160201
328, -49.496133, 13.988766, -46.810962, 16.416948
329, -47.059232, 16.620430, -47.264885, 31.299278
330, -46.273900, 18.993800, -51.966345, 42.197835
331, -46.031275, 22.278810, -54.023021, 46.833812
332, -46.163567, 26.493965, -55.087501, 51.564002
333, -46.615300, 29.498233, -59.504279, 52.396550
334, -47.135567, 31.994765, -59.241129, 52.668467
335, -47.796700, 34.362767, -59.318817, 51.038524
336, -48.392250, 36.005150, -60.117694, 50.563904
337, -48.713833, 37.435233, -60.559421, 49.730233
338, -48.445725, 39.315251, -58.774974, 48.868434
339, -47.107300, 41.076167, -57.577774, 48.502897
340, -45.336433, 42.342867, -56.163743, 49.593706
341, -42.796068, 43.386267, -46.576963, 51.164952
342, -40.662600, 43.957800, -38.454398, 41.002891
343, -40.662600, 43.957800, -38.454398, 41.002891
344, -40.662600, 43.957800, -38.454398, 41.002891
345, -40.662600, 43.957800, -38.454398, 41.002891
346, -40.662600, 43.957800, -38.454398, 41.002891
347, -40.662600, 43.957800, -38.454398, 41.002891
348, -40.662600, 43.957800, -38.454398, 41.002891
349, -40.662600, 43.957800, -38.454398, 41.002891
350, -40.662600, 43.957800, -38.454398, 41.002891
351, -40.662600, 43.957800, -38.454398, 41.002891
352, -40.662600, 43.957800, -38.454398, 41.002891
353, 22.040400, 28.066000, 35.223379, 21.653339
354, 24.843069, 27.432800, 34.971275, 22.575676
355, 28.786936, 26.443800, 34.005569, 20.474768
356, 31.521500, 25.777200, 34.441567, 19.512509
357, 34.263126, 25.222450, 33.957648, 19.997811
358, 37.365334, 24.555667, 42.108468, 17.570528
359, 40.187233, 23.734900, 63.620581, 11.573063
360, 43.284634, 22.770567, 73.259755, 9.144618
361, 46.279167, 21.719933, 77.118829, 8.278176
362, 49.424534, 20.747733, 77.667922, 7.706482
363, 52.425567, 20.059100, 73.282147, 8.183727
364, 55.594100, 19.679400, 74.509701, 7.482585
365, 58.810501, 19.523567, 74.218040, 6.539061
366, 61.559834, 19.513800, 75.224800, 5.931068
367, 63.974701, 19.440833, 73.954773, 5.914058
368, 66.042767, 19.346133, 72.763541, 6.287717
369, 67.900933, 19.410533, 84.654636, 10.932154
370, 69.425000, 19.629467, 88.974030, 12.359197
371, 70.410200, 19.867667, 88.852564, 11.886548
372, 71.217400, 20.024233, 88.457746, 11.809129
373, 71.919967, 20.103933, 88.404209, 11.854781
374, 72.511800, 20.064300, 88.693227, 11.985848
375, 73.326799, 20.009933, 88.655807, 11.955191
376, 74.795900, 19.909167, 91.643979, 12.120685
377, 76.823566, 19.827000, 108.514859, 13.750359
378, 79.073050, 19.926300, 117.933799, 15.431643
379, 82.435773, 19.983525, 117.811987, 14.863834
380, 86.660267, 19.853067, 118.372985, 13.761967
381, 90.330937, 19.588867, 122.309788, 13.103528
382, 93.628519, 19.324167, 118.669368, 12.811825
383, 96.339309, 19.054333, 117.195753, 12.090193
384, 98.354180, 18.744433, 117.179926, 10.508060
385, 99.618774, 18.452733, 118.701793, 9.947738
386, 100.311690, 18.059233, 117.783672, 10.136836
387, 100.584480, 17.758700, 117.221933, 10.085179
388, 100.619393, 17.445233, 116.309224, 10.245689
389, 100.609467, 17.037333, 115.331763, 10.012832
390, 100.684490, 16.468333, 115.275471, 9.643965
391, 100.835313, 15.517933, 121.076931, 2.435983
392, 101.059420, 14.216700, 121.884940, -2.588444
393, 101.383243, 12.721600, 121.179673, -8.098877
394, 101.645930, 11.446650, 121.145967, -11.033519
395, 102.038107, 9.903224, 121.104743, -10.072416
396, 102.472257, 8.466933, 120.789700, -9.908097
397, 102.709097, 7.589100, 121.009002, -9.110497
398, 102.720673, 7.041700, 121.318709, -6.815995
399, 102.526570, 6.886700, 121.040578, -5.566053
400, 102.174947, 6.836333, 121.008214, -5.304649
401, 101.799253, 6.648033, 120.625901, -4.938719
402, 101.427873, 6.460600, 120.335648, -4.962198
403, 100.963273, 6.377400, 120.181249, -4.820144
404, 100.341550, 6.284667, 118.621333, -5.067996
405, 99.476499, 6.083767, 100.923506, -7.506380
406, 98.071038, 5.696067, 87.249412, -7.164795
407, 96.055614, 5.610600, 81.010169, -7.574833
408, 93.880234, 5.571167, 79.946501, -8.196227
409, 91.624347, 5.355200, 78.663951, -8.415748
410, 89.172638, 5.321700, 77.017274, -7.825460
411, 86.562134, 5.102300, 77.594610, -7.959271
412, 83.666300, 4.809067, 79.007575, -7.652847
413, 80.677302, 4.706067, 77.095255, -7.853298
414, 77.632635, 4.345633, 74.229080, -8.367902
415, 74.287967, 3.899567, 77.969075, -7.989355
416, 70.851700, 3.507167, 71.317306, -8.627522
417, 67.424500, 2.815600, 57.737373, -9.945446
418, 63.948633, 2.065467, 54.335668, -10.758262
419, 60.689466, 1.380900, 38.801104, -11.180979
420, 57.652232, 0.523600, 39.524003, -12.270530
421, 54.838866, 0.074361, 39.468218, -11.782608
422, 52.389300, -0.252583, 39.733032, -11.270722
423, 50.150700, -0.749747, 37.814070, -11.700996
424, 48.027967, -1.172583, 38.179885, -11.894276
425, 46.032600, -1.621031, 41.363363, -11.399052
426, 44.390250, -2.012172, 38.989959, -10.390034
427, 42.499050, -2.313477, 37.572358, -10.455999
428, 40.347200, -2.718768, 38.188610, -10.783903
429, 38.434033, -3.054405, 41.087859, -11.222158
430, 36.241967, -3.214744, 40.686144, -10.794969
431, 33.764268, -3.325073, 38.769414, -10.392784
432, 30.758801, -3.430339, 35.837858, -10.398785
433, 26.990532, -3.519128, 11.734778, -12.322634
434, 22.975900, -3.505097, 0.362316, -10.998448
435, 18.904633, -3.188490, -4.090249, -10.284308
436, 15.450100, -2.837295, -3.436354, -9.681180
437, 11.510567, -2.318302, -3.744417, -10.570068
438, 7.603465, -1.664023, -6.087961, -10.236995
439, 4.845166, -1.167098, -6.501020, -10.189722
440, 2.380066, -0.817417, -1.982236, -10.780891
441, 0.197866, -0.671136, -4.853123, -10.383911
442, -1.603600, -0.755029, -4.162106, -10.519189
443, -2.919834, -0.804842, -2.481947, -9.948330
444, -3.954133, -0.663880, -11.249787, -9.528914
445, -5.034933, -0.533578, -21.090932, -10.622209
446, -5.997300, -0.600641, -20.539026, -11.895997
447, -6.790133, -0.784733, -20.925332, -13.897744
448, -7.493467, -1.016533, -20.577623, -14.371056
449, -8.076467, -1.171175, -20.142056, -13.898203
450, -8.542267, -1.230765, -19.771023, -13.491439
451, -8.989033, -1.213984, -19.901611, -13.265465
452, -9.437433, -1.120192, -20.228321, -13.222386
453, -9.830800, -1.025869, -20.711538, -13.062653
454, -10.129933, -0.866034, -20.402890, -12.572932
455, -10.318367, -0.600883, -19.811739, -11.880766
456, -10.392100, -0.270677, -19.938394, -7.880969
457, -10.314100, 0.122655, -17.629964, 2.002653
458, -10.126533, 0.500800, -17.313300, 2.421048
459, -9.823667, 0.947433, -16.146146, 2.899023
460, -9.430433, 1.454167, -15.467419, 3.450311
461, -9.001267, 2.095667, -14.953350, 4.135362
462, -8.541700, 2.900000, -14.475367, 4.896394
463, -8.070767, 3.722233, -13.299520, 5.425629
464, -7.684533, 4.498867, -12.817969, 5.927902
465, -7.372367, 5.269900, -13.458298, 6.765555
466, -7.050867, 6.006600, -12.171442, 6.645972
467, -6.786267, 6.682400, -13.563914, 11.511474
468, -6.542267, 7.377700, -13.571180, 13.191550
469, -6.246200, 8.080733, -13.149241, 13.390239
470, -5.940233, 8.667300, -12.847526, 13.973464
471, -5.646633, 9.231167, -12.268250, 13.962086
472, -5.331333, 9.775467, -11.671619, 14.421864
473, -5.006633, 10.194633, -11.938762, 16.197008
474, -4.707733, 10.469567, -10.853085, 15.484832
475, -4.375867, 10.675633, -10.162974, 14.824500
476, -4.018833, 10.855967, -9.695697, 14.815514
477, -3.667433, 10.892867, -9.474639, 14.665180
478, -3.312600, 10.792000, -9.302185, 14.948623
479, -2.916800, 10.714333, -8.996157, 15.175317
480, -2.563450, 10.690650, -8.652641, 14.926562
481, -2.133925, 10.674025, -7.974419, 14.344315
482, -1.646100, 10.648633, -7.385415, 14.163857
483, -1.210133, 10.637033, -6.732545, 13.722625
484, -0.780500, 10.615467, -6.597027, 13.647455
485, -0.406667, 10.573867, -6.306829, 13.647140
486, -0.074933, 10.561833, -5.996683, 13.533812
487, 0.265900, 10.527167, -5.741921, 12.912001
488, 0.583400, 10.429200, -5.458780, 12.419728
489, 0.879733, 10.323600, -4.575823, 11.047415
490, 1.199100, 10.263200, -4.561014, 11.044935
491, 1.527100, 10.125633, -4.253691, 10.619870
492, 1.853067, 9.912667, -3.054494, 7.587801
493, 2.212367, 9.737100, -0.363743, 0.601781
494, 2.620633, 9.574733, -1.503166, 0.858568
495, 3.050767, 9.319033, -1.531158, 1.348302
496, 3.548833, 9.083367, -1.102354, 1.220961
497, 4.051000, 8.807267, -0.659933, 0.500326
498, 4.548600, 8.414000, -0.470819, 0.360855
499, 5.092367, 8.014033, -0.790441, 0.278348
500, 5.712567, 7.620000, -0.834437, 0.044519
501, 6.317867, 7.153700, -0.563637, -0.072423
502, 6.844400, 6.728100, -1.155141, 0.339484
503, 7.520675, 6.255500, -1.139237, -0.284602
504, 8.167650, 5.882550, -1.195861, -0.545642
505, 8.807300, 5.531150, 0.401081, -6.557125
506, 9.496000, 5.186367, -1.203598, -18.178335
507, 9.983900, 4.975000, 0.756427, -20.684264
508, 10.386767, 4.846567, -0.109067, -21.915027
509, 10.705367, 4.744067, 0.290406, -21.981340
510, 10.937800, 4.689933, 0.839118, -21.688030
511, 11.114600, 4.646000, 0.826679, -21.669504
512, 11.217467, 4.588400, 0.755173, -21.767019
513, 11.257500, 4.567133, 0.547363, -21.668394
514, 11.279433, 4.566400, 0.534951, -21.812050
515, 11.289200, 4.558833, 0.603551, -21.716557
516, 11.307500, 4.531200, 0.719932, -21.715859
517, 11.355167, 4.490933, 1.188862, -21.687457
518, 11.426900, 4.462933, 1.627062, -21.827215
519, 11.532100, 4.437200, 11.438220, -20.930367
520, 11.664800, 4.399600, 18.408700, -19.800713
521, 11.818567, 4.356333, 18.700437, -19.397028
522, 11.988233, 4.288533, 18.666233, -18.894541
523, 12.145167, 4.216633, 19.044596, -19.034621
524, 12.298733, 4.185933, 19.344300, -19.203130
525, 12.445333, 4.153833, 19.646478, -19.298990
526, 12.575533, 4.121333, 19.825362, -19.515972
527, 12.667533, 4.077067, 19.983397, -19.586323
528, 12.740100, 4.022200, 21.383269, -19.171106
529, 12.796567, 3.983100, 21.389283, -18.790874
530, 12.849033, 3.988833, 22.300637, -19.713926
531, 12.901100, 3.986167, 22.405663, -20.669409
532, 12.949067, 3.952167, 22.597294, -20.526927
533, 12.996400, 3.950067, 22.280882, -20.230252
534, 13.039100, 3.976600, 21.243181, -20.659289
535, 13.073200, 3.978767, 20.826765, -21.542116
536, 13.101400, 3.992767, 20.674395, -22.084464
537, 13.124267, 4.033467, 21.340206, -20.462166
538, 13.146067, 4.081367, 21.348841, -20.418260
539, 13.157300, 4.109000, 21.330332, -19.423892
540, 13.161967, 4.146567, 21.651302, -19.057758
541, 13.169233, 4.196100, 22.102878, -19.040748
542, 13.183900, 4.256367, 22.160751, -18.998036
543, 13.188067, 4.338167, 22.060727, -18.911135
544, 13.171633, 4.438867, 21.111023, -20.408010
545, 13.156167, 4.502200, 17.301390, -20.905253
546, 13.165100, 4.545800, 16.658623, -18.018733
547, 13.144767, 4.613300, 16.568590, -17.320040
548, 13.133200, 4.694000, 4.913692, -8.949354
549, 13.103600, 4.722400, 0.851233, 1.986531
550, 13.075867, 4.743367, 0.115769, 5.053777
551, 13.040400, 4.787767, 1.109255, 5.755288
552, 12.978700, 4.831200, 1.199006, 5.624961
553, 12.894467, 4.879033, 1.040160, 5.637047
554, 12.806550, 4.933350, 0.956741, 5.930661
555, 12.654567, 5.023433, 0.969960, 5.978638
556, 12.505933, 5.082967, 0.829255, 6.052254
557, 12.301733, 5.165167, 0.618797, 6.463196
558, 12.021100, 5.310033, 1.816799, 5.750791
559, 11.631400, 5.562733, 1.738412, 5.870644
560, 11.036033, 5.886033, -1.156313, 7.634003
561, 10.345100, 6.230067, -1.519014, 7.786802
562, 9.623033, 6.593967, -1.144549, 8.167785
563, 8.848733, 6.964900, 1.582121, 6.419095
564, 7.969000, 7.317800, 3.037356, 5.491298
565, 6.988567, 7.632667, 3.002655, 5.380345
566, 5.946100, 7.938800, -9.791859, 6.352052
567, 4.717433, 8.297567, -17.517597, 5.968624
568, 3.320933, 8.609100, -23.334109, 3.246059
569, 1.917867, 8.827933, -22.831564, 2.985086
570, 0.521600, 9.045400, -22.786258, 2.921322
571, -0.880400, 9.303133, -22.585331, 3.701741
572, -2.243533, 9.576767, -23.733487, 3.389161
573, -3.687400, 9.858467, -23.336409, 3.503535
574, -5.294367, 10.123300, -22.910834, 3.557847
575, -7.059400, 10.361267, -23.302255, 3.206703
576, -9.065000, 10.492567, -22.985179, 2.759937
577, -11.241200, 10.542633, -24.821289, 2.657025
578, -13.617233, 10.563133, -27.145330, 2.590637
579, -16.168900, 10.602933, -42.918078, -1.360170
580, -18.637933, 10.680833, -43.532618, 0.099373
581, -20.990167, 10.760367, -42.262014, -0.342015
582, -23.224633, 10.843600, -42.932861, -0.726635
583, -25.332834, 10.974467, -42.129176, -0.178603
584, -27.219667, 11.134967, -42.217692, -0.568968
585, -28.879933, 11.314067, -41.601060, -1.341519
586, -30.289500, 11.451167, -41.602424, -1.840104
587, -31.425067, 11.562367, -41.602881, -1.509436
588, -32.335833, 11.666667, -42.377703, -1.582564
589, -33.060233, 11.721300, -41.788195, -2.321875
590, -33.664167, 11.716300, -42.456859, -2.566318
591, -34.165900, 11.711200, -41.323569, -1.600546
592, -34.591700, 11.672133, -41.826144, -1.715029
593, -34.983850, 11.562550, -48.692556, -3.575867
594, -35.349333, 11.443100, -49.109011, -4.451955
595, -35.596100, 11.352767, -48.952450, -4.760866
596, -35.803233, 11.233067, -48.877110, -4.668926
597, -36.000600, 11.128867, -48.890758, -4.707372
598, -36.164367, 10.999667, -48.842302, -4.738956
599, -36.335467, 10.879200, -48.849651, -4.729568
600, -36.475633, 10.815800, -48.848310, -4.612003
