1, -4.931200, -8.853104, -5.632673, -6.587456
2, -4.931200, -8.853104, -5.632673, -6.587456
3, -5.086200, -8.713430, -5.875022, -6.593309
4, -5.321567, -8.468401, -8.050431, -6.711419
5, -5.402175, -8.301148, -7.945464, -6.394605
6, -5.363900, -8.334620, -5.971451, -6.150032
7, -5.305550, -8.409304, -6.936141, -6.262296
8, -5.196500, -8.468496, -7.020750, -6.258947
9, -5.034400, -8.456556, -6.735980, -6.230153
10, -4.932500, -8.446918, -6.388020, -6.186049
11, -4.932500, -8.446918, -6.388020, -6.186049
12, -4.745300, -8.458669, -5.427558, -5.929700
13, -4.623067, -8.661632, -5.323549, -6.291532
14, -4.526850, -8.980531, -4.373257, -10.091323
15, -4.400200, -9.178698, -4.173561, -11.495670
16, -4.294900, -9.246201, -3.465437, -15.576281
17, -4.210550, -9.298605, -3.590139, -15.452581
18, -4.152575, -9.360136, -3.492666, -15.433285
19, -4.131400, -9.468699, -3.418910, -15.608789
20, -4.132333, -9.641555, -3.233200, -15.809563
21, -4.134850, -9.770501, -3.283152, -15.825121
22, -4.127133, -9.857204, -3.237375, -15.728231
23, -4.130750, -9.913213, -3.287532, -15.561247
24, -4.102567, -9.937316, -3.068014, -15.940159
25, -4.041067, -9.957735, -2.928251, -16.069090
26, -3.959467, -9.974905, -2.788874, -15.946068
27, -3.835700, -9.957205, -2.682293, -15.841957
28, -3.740300, -9.883896, 2.265709, -11.963027
29, -3.638733, -9.848837, 2.576172, -12.235235
30, -3.527033, -9.852988, 2.550039, -12.283309
31, -3.455867, -9.887906, 2.623315, -12.314851
32, -3.400600, -9.896689, 2.809243, -12.421224
33, -3.321333, -9.882637, 2.782412, -12.384864
34, -3.277767, -9.871949, 2.369574, -12.504362
35, -3.285367, -9.859182, 2.428995, -12.451499
36, -3.361600, -9.801810, 2.416891, -12.349546
37, -3.530533, -9.747606, 2.243004, -12.252245
38, -3.794733, -9.659927, 1.326482, -11.274549
39, -4.329800, -9.499460, -5.214573, -5.850262
40, -5.528002, -9.120231, -8.182740, -3.471258
41, -6.610100, -8.781530, -9.241693, -3.122638
42, -6.610100, -8.781530, -9.241693, -3.122638
43, -11.123634, -7.534972, -18.304718, -1.935337
44, -13.344666, -6.897627, -19.940336, -1.169110
45, -15.710000, -6.188765, -21.471357, -0.424481
46, -17.922800, -5.518591, -21.535127, -0.515449
47, -19.952567, -4.833258, -22.451924, -0.643752
48, -21.811300, -4.169049, -24.099779, -0.311762
49, -23.523467, -3.468044, -22.292755, -0.078262
50, -25.123933, -2.822300, -23.885523, -1.010173
51, -26.365750, -2.335131, -39.024939, -3.507894
52, -27.745000, -1.834668, -42.603592, -7.910107
53, -29.321133, -1.384452, -41.389294, -8.682079
54, -30.450150, -1.188328, -42.153906, -7.231675
55, -31.577567, -1.114833, -40.623744, -9.161622
56, -32.952467, -1.143198, -41.177647, -7.672977
57, -34.351500, -1.203273, -41.671657, -7.351926
58, -35.680167, -1.365523, -42.988365, -7.607991
59, -36.894567, -1.527645, -42.321326, -7.743997
60, -37.957600, -1.689103, -41.975690, -7.224048
61, -38.782333, -1.856009, -41.782887, -7.980718
62, -39.407400, -1.968784, -42.189542, -8.204989
63, -39.884300, -2.115136, -41.799994, -8.149642
64, -40.324733, -2.190153, -46.859845, -7.981642
65, -40.807400, -2.178268, -62.146671, -11.207944
66, -41.448600, -2.116712, -61.027310, -11.540004
67, -42.164433, -2.068328, -60.040745, -9.982294
68, -43.206100, -2.100654, -60.872159, -10.193612
69, -44.392033, -1.996559, -62.061278, -10.074588
70, -45.606966, -1.620486, -61.646741, -8.808302
71, -46.883100, -1.096808, -61.881133, -8.568060
72, -49.159333, -0.289304, -62.261149, -7.828334
73, -51.482900, 0.258667, -62.295619, -8.377960
74, -53.712534, 0.581033, -63.514979, -8.930337
75, -55.677800, 0.803600, -64.323304, -8.048145
76, -57.355800, 0.888200, -65.565317, -9.401588
77, -58.680767, 0.756633, -66.875305, -9.546089
78, -59.694200, 0.505100, -63.367596, -8.576291
79, -60.483267, 0.192200, -62.937514, -8.229639
80, -61.206233, -0.218998, -63.406704, -8.556426
81, -61.947333, -0.594503, -63.413347, -8.802978
82, -62.781400, -0.900673, -62.853675, -8.621041
83, -63.513100, -1.141488, -63.568584, -8.861971
84, -64.538868, -1.336421, -62.454917, -8.668190
85, -65.654400, -1.532238, -74.068507, -11.770246
86, -66.745733, -1.817364, -76.455739, -12.761775
87, -67.722033, -2.281256, -78.510637, -13.997441
88, -68.585500, -2.794903, -82.570750, -24.309893
89, -69.421367, -3.478879, -83.961714, -26.370622
90, -70.167633, -4.271471, -83.280990, -25.915128
91, -70.865250, -4.974757, -83.921534, -26.596461
92, -71.653750, -6.171875, -83.592409, -27.103542
93, -72.372333, -7.859486, -83.236016, -28.334588
94, -72.811167, -9.382333, -78.463989, -38.432187
95, -73.051567, -10.878267, -77.757571, -39.525896
96, -73.152533, -12.425884, -78.169677, -41.365334
97, -73.072967, -13.742854, -77.250018, -40.407339
98, -72.965800, -14.663620, -76.455255, -42.046996
99, -72.802000, -15.291090, -77.078940, -41.327891
100, -72.401475, -16.166204, -76.508940, -40.397909
101, -71.995833, -16.938560, -75.891086, -40.608975
102, -71.624767, -17.581463, -76.029796, -39.912600
103, -71.335833, -18.046343, -75.565930, -39.265813
104, -71.140033, -18.355230, -75.206170, -39.453940
105, -71.018233, -18.619593, -75.532202, -38.737950
106, -70.914367, -18.765373, -75.553149, -38.300353
107, -70.837150, -18.870995, -75.678053, -38.257879
108, -70.681325, -18.902188, -75.591798, -38.025230
109, -70.167267, -18.598653, -75.250040, -37.465436
110, -69.368267, -18.270180, -74.604567, -36.595466
111, -68.322667, -18.130610, -74.613788, -36.446397
112, -66.980067, -17.996740, -65.557581, -33.718721
113, -65.302300, -17.821213, -45.922004, -22.049440
114, -63.396234, -17.865287, -40.724998, -20.929414
115, -61.153400, -18.023407, -35.566566, -20.534833
116, -58.603968, -18.056060, -30.124280, -19.858196
117, -55.652400, -18.093363, -30.654283, -20.574933
118, -52.123801, -18.210103, -27.953376, -19.649234
119, -47.998000, -18.273263, -23.820761, -19.494560
120, -43.522432, -18.021783, -27.693538, -19.694477
121, -39.569100, -17.770880, -28.100523, -20.251481
122, -34.742676, -17.422873, -25.513347, -18.935510
123, -27.021542, -16.505251, -14.540027, -16.430738
124, -17.755927, -15.278740, 6.814362, -12.193085
125, -10.614219, -14.234880, 11.653015, -9.232575
126, -4.818127, -12.958617, 10.080765, -8.557680
127, -1.194250, -11.883210, 9.113976, -6.752450
128, 2.724837, -10.142712, 6.633130, -8.414011
129, 4.758400, -8.560326, 4.022214, -8.278257
130, 6.091533, -6.948295, -1.324813, 1.434647
131, 7.396767, -5.269881, -3.154701, 5.786618
132, 8.169367, -3.539531, -2.906066, 7.103311
133, 8.580300, -1.944601, -3.346991, 6.965459
134, 8.313500, -0.085605, -3.595408, 6.933338
135, 7.733233, 1.566366, -5.705038, 6.573023
136, 6.619701, 3.330833, -6.875631, 6.802702
137, 5.085867, 5.282567, -7.312056, 7.172687
138, 3.593067, 7.147166, -12.975308, 13.945260
139, 2.277400, 8.884550, -13.355619, 15.153332
140, 0.662950, 10.856326, -14.386535, 15.179359
141, -1.053667, 12.893100, -14.688535, 15.707533
142, -2.399000, 14.173433, -15.928997, 16.387952
143, -3.738233, 15.023633, -15.273455, 15.240167
144, -5.133067, 15.697100, -15.340341, 14.590519
145, -6.467333, 16.137767, -15.972696, 13.698445
146, -7.580900, 16.271300, -15.950982, 12.851537
147, -8.642533, 16.362967, -16.021914, 12.415375
148, -9.783200, 16.502533, -16.175329, 12.222193
149, -10.903867, 16.423133, -16.441724, 12.234616
150, -11.894800, 16.407967, -17.384631, 12.321011
151, -12.648467, 16.480933, -17.457755, 12.117145
152, -13.309733, 16.295933, -17.886333, 11.824872
153, -13.919150, 15.765900, -17.984900, 11.019281
154, -14.492133, 14.850734, -18.269995, 9.950912
155, -14.874450, 13.866850, -18.178802, 9.101890
156, -15.209250, 12.705376, -18.391984, 7.849472
157, -15.619767, 10.907667, -18.601633, 6.046765
158, -15.986433, 8.809333, -17.404152, 5.146118
159, -16.131150, 7.176800, -17.920602, 4.281786
160, -16.188933, 5.480900, -18.038828, 3.600102
161, -16.233225, 3.324448, -17.873388, 4.358908
162, -16.181567, 2.443600, -18.247500, 4.430962
163, -16.136500, 1.916800, -17.926680, -0.810374
164, -16.014433, 1.040700, -17.581868, -3.465870
165, -15.757433, -0.325051, -16.909932, -4.703738
166, -15.632933, -1.798621, -19.413502, -9.429697
167, -15.519700, -3.257591, -20.701502, -13.226405
168, -15.488733, -3.934067, -20.685934, -12.288179
169, -15.639867, -4.445731, -20.830207, -12.586269
170, -15.812150, -5.260856, -20.076980, -12.444383
171, -16.017667, -5.904668, -20.108096, -13.073944
172, -16.274567, -6.407902, -18.938741, -13.404297
173, -16.467900, -6.924328, -20.553554, -13.693602
174, -16.695775, -7.509960, -20.632444, -14.022225
175, -16.977650, -8.146841, -20.847594, -14.354935
176, -17.170033, -8.918150, -21.607209, -15.575214
177, -17.378233, -9.481085, -23.786481, -20.826714
178, -17.599733, -9.599723, -23.846561, -21.210732
179, -17.672550, -9.547351, -23.751363, -20.906646
180, -17.674550, -9.685593, -23.392933, -20.573851
181, -17.590367, -9.943583, -23.091303, -20.401515
182, -17.404233, -10.088860, -22.933320, -20.745579
183, -17.208650, -10.243170, -22.835493, -20.943330
184, -17.003867, -10.255087, -22.963975, -20.951026
185, -16.790600, -10.084867, -22.776832, -20.795135
186, -16.618500, -9.996871, -22.598491, -20.748302
187, -16.443600, -9.996211, -23.111515, -20.879019
188, -16.233133, -10.036957, -22.902407, -20.867076
189, -16.068567, -10.100027, -22.934777, -21.136316
190, -15.899767, -10.126640, -23.314486, -21.759894
191, -15.683100, -10.091043, -23.328451, -21.332751
192, -15.444400, -10.083787, -22.736028, -23.133341
193, -15.306600, -10.066360, -22.600380, -23.114399
194, -15.306600, -10.066360, -22.600380, -23.114399
195, -14.795600, -10.038230, -23.739984, -20.475417
196, -14.648067, -10.031787, -23.475300, -21.068442
197, -14.564867, -10.072870, -23.389332, -21.836092
198, -14.469533, -10.061763, -23.308652, -21.873332
199, -14.349450, -9.991592, -23.188559, -21.800977
200, -14.156875, -9.915512, -23.357611, -21.545871
201, -13.897933, -9.795568, -23.573536, -21.569354
202, -13.577467, -9.693698, -23.484318, -21.618232
203, -13.240800, -9.644038, -23.273961, -21.202219
204, -12.874333, -9.612977, -22.617151, -20.661885
205, -12.481267, -9.605913, -19.080506, -20.099725
206, -12.144267, -9.681102, -19.513084, -19.711446
207, -11.882700, -9.809760, -19.486976, -19.640790
208, -11.576300, -9.937356, -19.096645, -19.741287
209, -11.234033, -9.957939, -18.054532, -20.350309
210, -10.916533, -9.851790, -19.024765, -19.620266
211, -10.519433, -9.807520, -19.002822, -19.596697
212, -10.072267, -9.802824, -18.745258, -19.570118
213, -9.648167, -9.798015, -18.159367, -19.127657
214, -9.220267, -9.844514, -18.303744, -18.847702
215, -8.705433, -9.901068, -17.908806, -18.891288
216, -8.004467, -9.942075, -18.122137, -19.841734
217, -6.854833, -10.009741, -18.031294, -20.139265
218, -5.118900, -10.124797, -12.484072, -22.842631
219, -2.915534, -10.266693, 5.540049, -28.843078
220, -0.257301, -10.459243, 23.423016, -14.359598
221, 2.750200, -10.559990, 28.549540, -15.806016
222, 5.845800, -10.521950, 39.188718, -13.744714
223, 8.942901, -10.494813, 39.962565, -14.056532
224, 11.846700, -10.361880, 42.743009, -13.878924
225, 14.480867, -10.176567, 45.358313, -13.638203
226, 16.832767, -10.131100, 46.282821, -13.656876
227, 18.793134, -10.097590, 47.188273, -12.882925
228, 20.328300, -10.140420, 38.276266, -14.437929
229, 21.651733, -10.266813, 38.351503, -14.824707
230, 22.681833, -10.329457, 36.995373, -15.208016
231, 23.564033, -10.409507, 38.663704, -17.153728
232, 24.297233, -10.492113, 38.803815, -16.988220
233, 24.957467, -10.471513, 38.795555, -16.979326
234, 25.591800, -10.415573, 38.997929, -16.831445
235, 26.048550, -10.371360, 38.722591, -16.737074
236, 26.470133, -10.318673, 39.005879, -16.930490
237, 26.955233, -10.259917, 38.904902, -17.017361
238, 27.374500, -10.253200, 39.309199, -17.005254
239, 27.744200, -10.220417, 39.676843, -16.973079
240, 28.205433, -10.169317, 39.117473, -16.723406
241, 28.698767, -10.207590, 38.886062, -16.937279
242, 29.201600, -10.127657, 38.961267, -16.702866
243, 29.793167, -9.966661, 39.225722, -15.318685
244, 30.424933, -9.577495, 39.715768, -14.893186
245, 31.201733, -8.866897, 40.583316, -14.157777
246, 32.168067, -8.272920, 44.708369, -6.084294
247, 33.241300, -7.856854, 44.351039, -6.205407
248, 34.463633, -7.646865, 46.092895, -6.072527
249, 35.757233, -7.453983, 46.719788, -6.378687
250, 37.068333, -7.028229, 46.812633, -6.444304
251, 38.429667, -6.570876, 47.400693, -6.422405
252, 39.395200, -6.242085, 48.582209, -7.602255
253, 39.395200, -6.242085, 48.582209, -7.602255
254, 39.395200, -6.242085, 48.582209, -7.602255
255, 39.395200, -6.242085, 48.582209, -7.602255
256, 39.395200, -6.242085, 48.582209, -7.602255
257, 52.148500, -2.889744, 78.797174, -3.504701
258, 53.419833, -2.695591, 78.797694, -3.337350
259, 55.148367, -2.372469, 79.254558, -3.390629
260, 56.662100, -2.087672, 78.757582, -3.945522
261, 57.885700, -1.831365, 77.718731, -3.700704
262, 58.886900, -1.630830, 77.382280, -4.036597
263, 59.760267, -1.499973, 77.129904, -3.834295
264, 60.481833, -1.398130, 76.694043, -4.030686
265, 61.160167, -1.372750, 76.774259, -4.292821
266, 61.786000, -1.287582, 77.358839, -4.291508
267, 62.542900, -1.320239, 77.456505, -4.524217
268, 63.441267, -1.509758, 87.706207, -11.313536
269, 64.574400, -1.783397, 92.828713, -15.785052
270, 65.924833, -2.038627, 94.039151, -16.242148
271, 67.389200, -2.304324, 95.434099, -15.477230
272, 68.925500, -2.447642, 92.703359, -13.788818
273, 70.432767, -2.486148, 92.927485, -13.994995
274, 71.900733, -2.613571, 93.120671, -14.448351
275, 72.995750, -2.790398, 93.268036, -14.540887
276, 74.206825, -2.923697, 92.786531, -14.933381
277, 75.416900, -3.302454, 92.013323, -17.358354
278, 76.205467, -3.627904, 86.511837, -26.492813
279, 76.748900, -4.198311, 86.635204, -27.201860
280, 76.919600, -4.938987, 86.800625, -27.715075
281, 77.002167, -5.469384, 86.844199, -27.958939
282, 77.050867, -6.128972, 85.862361, -26.922949
283, 77.024567, -6.720754, 85.733316, -26.269834
284, 76.958433, -7.319143, 85.747704, -26.845837
285, 76.784567, -7.896265, 85.695383, -27.201650
286, 76.632500, -8.353206, 86.134178, -27.926768
287, 76.529700, -8.889300, 86.428256, -27.910034
288, 76.364167, -9.701628, 86.402110, -28.639271
289, 76.174200, -11.141040, 86.474079, -29.953893
290, 75.862400, -12.539520, 85.417198, -33.135129
291, 75.384767, -13.803983, 85.551087, -32.094685
292, 74.852367, -14.775300, 85.699582, -32.310842
293, 74.407967, -15.721833, 85.721645, -32.526460
294, 74.055467, -16.432733, 85.660607, -33.191401
295, 73.904800, -17.049310, 86.084651, -31.258706
296, 73.844033, -17.542533, 86.347655, -31.196434
297, 73.917367, -17.750670, 86.257511, -30.843378
298, 74.120333, -17.794503, 86.782808, -30.661575
299, 74.610700, -17.459990, 87.053451, -30.081256
300, 75.569133, -16.803560, 89.602341, -28.396948
301, 77.124933, -15.813623, 102.478727, -18.856503
302, 79.322233, -14.603503, 111.554863, -10.829447
303, 81.881266, -13.371150, 114.828231, -7.880318
304, 84.653500, -12.260953, 117.192338, -6.947481
305, 87.399634, -11.371550, 118.231031, -8.883444
306, 89.773442, -10.690833, 116.908844, -9.473873
307, 91.401664, -10.256885, 117.633368, -8.937741
308, 92.598504, -9.964301, 117.254900, -9.112117
309, 93.694258, -9.610628, 115.777315, -10.144202
310, 94.364596, -9.447006, 115.177031, -10.531356
311, 94.623254, -9.388424, 114.967465, -10.580270
312, 94.752536, -9.292502, 114.851052, -10.869019
313, 94.878191, -9.159980, 114.478441, -11.246552
314, 94.949184, -9.127606, 113.942059, -10.737491
315, 94.949184, -9.127606, 113.942059, -10.737491
316, 94.729469, -8.989912, 106.284378, -18.951779
317, 94.472299, -8.709657, 92.281783, -10.349879
318, 94.101931, -8.400142, 89.107579, -2.930156
319, 93.661881, -7.989920, 87.367738, -1.969774
320, 92.998713, -7.506700, 87.515779, -2.033487
321, 92.439825, -7.221713, 87.862483, -2.093202
322, 92.021781, -7.066324, 87.692645, -2.505805
323, 91.519131, -6.987963, 87.520412, -2.518026
324, 90.756302, -6.584564, 86.927680, -2.206575
325, 89.911696, -6.145778, 86.421491, -2.061170
326, 88.998933, -5.626852, 85.888585, -1.655992
327, 87.906633, -4.741379, 86.179508, -1.789157
328, 87.003867, -3.633077, 86.226116, -1.134494
329, 86.276133, -1.952052, 86.722701, -0.592990
330, 85.991900, -0.244305, 87.233954, -1.303228
331, 86.486500, 1.298433, 88.710277, 0.540675
332, 87.851299, 2.559467, 90.076877, 1.803345
333, 87.851299, 2.559467, 90.076877, 1.803345
334, 87.851299, 2.559467, 90.076877, 1.803345
335, 96.811640, 5.142700, 130.787215, 1.916887
336, 99.972063, 5.608767, 134.040406, 2.176876
337, 103.920418, 6.008800, 136.587532, -0.139259
338, 107.768251, 6.156100, 136.815233, -0.612184
339, 111.334197, 6.032400, 137.089392, -2.045298
340, 114.479894, 5.819167, 140.330564, -2.237933
341, 117.223017, 5.581100, 140.247824, -2.070714
342, 119.702850, 5.388233, 139.278679, -2.405139
343, 122.122743, 5.298167, 138.222308, -2.135700
344, 124.747437, 5.301767, 140.669942, -2.391647
345, 127.585210, 5.310100, 142.973852, -1.893525
346, 130.517490, 5.287333, 145.547482, -1.710913
347, 133.520607, 5.122433, 158.929733, -5.574631
348, 136.493350, 4.621367, 164.059120, -8.769260
349, 139.344354, 3.863400, 164.804780, -8.794849
350, 141.947760, 2.827400, 164.879866, -8.888028
351, 144.320810, 1.582067, 165.711509, -10.546674
352, 146.682770, 0.164981, 165.755366, -11.020533
353, 148.930657, -1.397898, 167.989854, -12.180944
354, 151.073650, -2.651748, 170.026315, -13.353346
355, 153.067857, -3.335657, 166.837629, -11.970236
356, 155.014353, -3.490390, 167.495186, -10.822625
357, 157.073930, -3.566078, 169.581469, -10.626519
358, 158.739410, -3.751894, 166.886569, -10.089365
359, 160.479041, -4.263159, 167.363691, -9.994778
360, 161.958620, -4.924344, 165.666766, -8.916244
361, 162.735747, -5.406758, 165.290799, -9.077315
362, 163.349083, -5.770248, 164.965739, -9.429641
363, 163.992247, -5.951863, 165.188110, -9.888989
364, 164.765647, -6.006833, 165.203372, -9.015122
365, 165.612523, -6.013303, 170.164422, -11.158203
366, 166.533450, -6.032800, -172.740162, -13.128467
367, 167.389807, -6.144544, -168.393638, -14.584917
368, 168.175767, -6.323898, -169.763685, -12.937476
369, 168.933403, -6.530234, -168.939722, -13.278834
370, 169.802127, -6.555388, -169.036893, -13.437653
371, 170.821013, -6.669760, -169.115564, -13.062255
372, 171.753133, -6.958142, -168.980081, -13.912203
373, 172.435067, -7.260575, -169.144880, -14.043951
374, 173.010470, -7.514689, -169.372241, -14.102367
375, 173.651383, -7.659385, -169.342799, -14.163211
376, 174.172945, -7.670151, -169.480300, -13.911778
377, 174.838553, -7.642653, -169.001553, -13.762300
378, 175.568380, -7.590053, -169.983897, -13.406717
379, 176.150437, -7.539034, -174.561805, -12.884401
380, 176.737917, -7.490605, -173.536945, -12.410717
381, 177.254373, -7.344065, -172.799955, -11.697824
382, 177.740710, -7.133540, -172.462909, -11.463840
383, 178.215877, -6.993591, -173.075670, -11.506443
384, 178.715800, -6.891038, -173.315023, -11.612576
385, 179.200750, -6.684760, -173.335348, -11.172783
386, 179.533127, -6.302566, -173.290453, -10.821195
387, 179.725733, -5.875705, -173.189242, -10.449313
388, 179.891470, -5.500494, -172.446223, -8.939429
389, -179.866327, -5.179556, -170.946308, -6.278356
390, -179.645500, -4.923941, -170.654389, -3.684457
391, -179.431265, -4.640809, -170.508024, -0.442277
392, -179.310870, -4.402320, -170.305199, -0.637725
393, -179.302567, -4.247681, -170.328983, -0.458719
394, -179.281853, -4.139493, -170.500037, -0.311980
395, -179.238830, -4.082295, -170.232236, -0.749510
396, -179.255195, -3.973577, -170.211850, -0.934604
397, -179.397930, -3.826840, -170.433064, -1.108352
398, -179.621183, -3.687789, -170.521719, -1.000044
399, -179.915187, -3.500498, -170.814924, -0.834153
400, 179.683903, -3.252389, -171.197387, -0.625117
401, 179.109333, -2.925112, -171.716268, -0.435862
402, 178.266047, -2.373004, -172.179347, -0.368264
403, 177.165230, -1.824384, -172.203163, -1.031795
404, 175.812110, -1.135493, -178.442869, 1.309098
405, 174.243814, -0.336784, 169.657142, 2.195284
406, 172.540853, 0.358767, 167.197165, 2.097048
407, 170.622844, 1.095867, 167.184219, 2.409770
408, 168.338584, 1.907633, 166.717125, 3.526941
409, 165.582381, 2.788667, 165.894444, 3.574797
410, 162.232502, 3.557633, 164.884877, 3.308838
411, 158.136570, 3.924367, 162.854049, 3.404297
412, 152.854586, 3.936800, 157.574266, 3.438054
413, 146.160111, 3.544433, 148.240389, -8.097482
414, 138.493646, 2.867833, 133.415040, -14.654855
415, 129.745332, 2.184200, 130.511876, -18.585412
416, 122.126190, 1.554150, 127.613266, -18.616733
417, 112.308236, 0.847600, 93.586610, -5.411400
418, 100.558769, 0.598833, 76.162735, -2.705795
419, 90.464501, 0.627200, 66.296461, -2.733714
420, 81.866600, 0.607250, 59.181692, -2.186336
421, 70.593899, 0.307100, 47.943491, -3.125207
422, 61.129850, -0.131826, 41.848385, -4.192417
423, 52.556273, -0.337699, 48.076852, -5.854192
424, 45.244127, -0.393170, 49.437351, -5.489899
425, 38.789957, -0.370514, 38.729438, -4.597189
426, 33.012626, -0.129281, 20.773271, -3.106968
427, 28.005199, 0.109500, 14.179267, -2.490039
428, 23.742833, 0.165167, 14.889640, -3.105647
429, 19.994731, -0.001921, 22.139786, -4.311862
430, 16.617934, -0.090137, 24.610462, -4.457631
431, 13.328967, -0.147976, 22.701746, -4.889729
432, 9.825933, -0.330531, 18.872590, -4.934235
433, 6.459033, -0.373744, -10.871056, -5.807498
434, 3.531033, -0.295131, -7.844041, -5.801153
435, 0.811367, -0.318984, -6.827372, -6.499565
436, -1.558500, -0.393068, -6.955444, -6.393413
437, -3.375767, -0.575854, -6.745875, -5.869660
438, -4.924800, -0.908957, -5.795244, -6.264533
439, -6.252167, -1.275304, -5.615504, -6.412206
440, -7.354467, -1.710504, -5.923639, -6.331549
441, -8.449700, -2.090690, -7.018916, -6.711979
442, -9.643650, -2.322001, -24.457789, -10.658422
443, -11.208028, -2.580638, -26.053993, -10.873790
444, -13.129767, -3.052453, -27.471687, -10.804372
445, -14.584700, -3.484263, -25.698979, -10.759473
446, -15.993167, -3.911135, -22.611536, -10.684803
447, -17.319033, -4.381165, -22.415313, -10.783696
448, -18.534567, -4.828535, -22.881656, -10.447461
449, -19.550733, -5.325174, -23.123266, -10.638158
450, -20.431233, -5.729084, -23.115317, -10.926688
451, -21.210333, -5.831228, -23.458098, -10.712371
452, -21.812933, -5.858164, -23.336614, -10.513712
453, -22.124200, -5.810258, -22.153243, -10.472879
454, -22.238467, -5.657834, -21.609750, -10.051789
455, -22.200933, -5.479363, -21.316898, -9.751526
456, -21.992200, -5.188855, -21.105901, -9.460413
457, -21.711533, -4.650575, -19.692000, -8.738576
458, -21.370367, -3.900975, -18.664564, -8.042912
459, -20.867533, -2.852126, -17.736326, -6.295131
460, -20.349500, -1.619312, -15.681236, 0.678432
461, -19.720233, -0.273123, -13.814895, 4.698952
462, -18.993867, 1.021700, -13.601754, 5.010786
463, -18.434833, 2.301133, -12.604780, 7.535647
464, -17.901433, 3.708267, -12.266666, 8.287507
465, -17.305667, 5.158100, -12.981156, 12.328000
466, -16.774600, 6.606300, -12.704334, 13.551650
467, -16.255567, 8.066134, -12.349833, 14.558330
468, -15.785467, 9.232567, -12.058265, 15.104310
469, -15.513367, 10.245467, -11.807656, 15.939519
470, -15.292133, 11.215433, -11.534553, 16.565465
471, -15.102800, 12.032200, -11.647119, 15.914034
472, -15.025067, 12.670000, -12.300246, 15.307274
473, -14.930667, 13.344833, -12.177455, 14.619252
474, -14.825300, 14.015567, -11.382023, 14.001151
475, -14.731733, 14.772233, -11.118514, 14.557096
476, -14.522700, 15.625333, -10.895819, 15.398770
477, -14.200567, 16.322133, -10.843972, 14.622171
478, -13.706967, 17.012933, -10.562678, 14.421727
479, -13.071167, 17.640700, -9.517326, 13.789797
480, -12.330200, 18.028633, -9.002934, 14.036290
481, -11.518800, 18.136733, -8.379957, 13.149626
482, -10.598867, 17.945100, -7.333307, 12.230444
483, -9.652400, 17.627433, -7.002548, 11.596078
484, -8.686567, 17.336833, -6.511461, 11.216246
485, -7.650667, 16.902833, -6.269129, 10.963524
486, -6.603533, 16.183200, -5.482427, 10.758694
487, -5.646633, 15.114033, -5.142040, 9.656056
488, -4.818267, 13.700667, -4.969299, 8.198069
489, -4.110900, 11.821500, -4.812198, 7.014443
490, -3.492333, 9.783534, -4.964482, 5.171557
491, -2.994600, 7.558200, -4.492666, 2.903494
492, -2.529300, 5.482933, -3.591776, -0.982773
493, -1.925833, 4.100933, -2.892188, -2.233573
494, -1.372567, 2.860833, -2.762902, -2.748936
495, -0.908333, 1.476900, -2.458587, -3.265497
496, -0.582950, 0.265450, -2.369308, -3.679048
497, -0.266733, -1.257454, -2.056483, -3.839514
498, -0.012833, -2.786704, -1.855490, -3.436140
499, 0.102033, -4.044802, -2.276036, -4.731645
500, 0.073800, -5.041123, -3.818154, -14.344389
501, 0.050700, -5.744855, -3.776541, -16.524345
502, 0.006367, -5.986164, -3.746997, -16.279751
503, -0.080600, -6.131351, -3.568539, -15.582485
504, -0.079633, -6.436449, -3.329905, -15.826092
505, 0.012333, -6.802638, -2.830794, -16.042361
506, 0.150367, -7.064893, -2.701148, -16.300425
507, 0.343300, -7.172093, -2.766213, -16.281119
508, 0.581033, -7.266896, -2.534855, -16.296729
509, 0.806867, -7.335142, -1.818676, -16.509167
510, 1.031867, -7.375117, -2.085034, -15.960325
511, 1.284500, -7.463221, -1.755303, -16.118266
512, 1.519167, -7.561515, -1.086876, -16.576460
513, 1.738833, -7.641877, 4.930122, -18.282382
514, 2.096200, -7.761650, 10.379097, -19.541301
515, 2.554933, -7.930100, 10.922753, -19.751513
516, 3.061267, -8.050661, 11.304640, -19.851988
517, 3.670067, -8.112725, 11.750674, -20.484628
518, 4.341800, -8.233171, 12.144531, -20.959794
519, 5.073267, -8.344839, 12.643803, -21.075061
520, 5.912733, -8.365777, 13.299358, -21.006953
521, 6.820700, -8.369655, 14.048128, -20.705121
522, 7.547300, -8.388525, 14.743690, -20.478333
523, 8.479900, -8.409916, 14.984542, -21.223357
524, 9.548800, -8.383632, 23.451989, -21.058294
525, 10.552400, -8.388428, 26.491130, -20.630954
526, 11.642867, -8.449030, 30.366544, -20.012592
527, 12.790467, -8.366922, 31.517594, -20.370935
528, 13.942333, -8.264649, 31.877131, -20.675535
529, 15.123300, -8.243928, 32.464825, -20.636548
530, 16.266067, -8.219555, 32.558031, -20.764855
531, 17.449600, -8.169803, 33.249394, -20.758392
532, 18.799467, -8.061574, 33.368435, -20.703390
533, 20.378066, -7.895122, 34.065418, -20.329275
534, 21.932400, -7.829422, 34.837627, -20.516094
535, 23.707225, -7.887373, 41.671422, -21.272783
536, 25.735233, -7.970306, 51.061605, -21.032073
537, 27.364600, -8.012094, 50.782013, -20.520969
538, 28.765467, -8.080686, 51.481437, -20.322472
539, 29.952600, -8.117909, 51.227698, -19.750658
540, 30.894867, -8.078160, 51.051550, -20.245026
541, 31.598333, -8.001701, 50.308857, -19.455652
542, 32.235600, -7.826445, 49.672160, -20.028164
543, 32.722900, -7.723405, 49.878000, -19.991053
544, 33.020100, -7.658995, 49.113794, -22.163372
545, 33.020100, -7.658995, 49.113794, -22.163372
546, 33.020100, -7.658995, 49.113794, -22.163372
547, 33.020100, -7.658995, 49.113794, -22.163372
548, 34.367850, -7.314665, 65.542772, -12.386831
549, 35.140100, -6.951903, 66.271722, -12.099475
550, 36.597466, -6.459524, 67.679696, -11.646217
551, 38.327800, -6.073761, 69.248483, -14.531173
552, 38.327800, -6.073761, 69.248483, -14.531173
553, 38.327800, -6.073761, 69.248483, -14.531173
554, 38.327800, -6.073761, 69.248483, -14.531173
555, 38.327800, -6.073761, 69.248483, -14.531173
556, 38.327800, -6.073761, 69.248483, -14.531173
557, 38.327800, -6.073761, 69.248483, -14.531173
558, 38.327800, -6.073761, 69.248483, -14.531173
559, 56.497367, -3.553718, 79.432571, -10.262407
560, 57.833867, -3.275982, 80.046349, -10.303119
561, 58.857100, -3.179034, 78.520851, -10.595415
562, 59.561733, -3.085943, 78.138921, -11.096414
563, 60.184167, -2.935937, 78.195281, -10.541276
564, 60.671567, -2.884155, 78.224523, -10.917889
565, 60.952267, -2.817816, 77.633964, -10.654711
566, 61.224050, -2.716725, 77.329043, -10.611975
567, 61.671667, -2.647396, 77.596643, -10.611462
568, 61.960650, -2.615413, 77.773752, -10.545271
569, 62.469933, -2.504527, 78.257852, -10.491920
570, 62.933100, -2.416849, 78.525891, -10.477933
571, 63.395900, -2.296338, 78.862218, -10.595512
572, 63.897467, -2.163947, 79.289294, -10.711167
573, 64.337833, -2.114715, 79.567505, -11.636102
574, 64.337833, -2.114715, 79.567505, -11.636102
575, 64.337833, -2.114715, 79.567505, -11.636102
576, 64.337833, -2.114715, 79.567505, -11.636102
577, 64.337833, -2.114715, 79.567505, -11.636102
578, 65.641900, -1.111046, 85.306387, -6.795630
579, 65.678833, -1.118304, 84.052455, -6.898807
580, 65.682700, -1.153692, 84.171117, -6.850214
581, 65.626300, -1.216246, 84.259027, -7.076851
582, 65.552067, -1.289149, 84.410282, -7.381502
583, 65.488167, -1.351520, 84.591938, -7.548211
584, 65.456400, -1.362616, 84.367714, -7.267236
585, 65.521033, -1.343342, 84.313794, -7.581600
586, 65.605133, -1.388431, 84.677954, -7.551586
587, 65.691533, -1.340099, 84.899407, -7.492294
588, 65.799000, -1.286159, 84.839325, -7.444779
589, 65.926767, -1.305885, 84.606761, -7.498173
590, 66.011233, -1.304676, 85.456125, -7.319657
591, 66.113367, -1.250779, 85.938272, -7.179000
592, 66.219100, -1.261272, 86.583872, -7.078698
593, 66.297000, -1.284605, 85.803800, -7.225553
594, 66.372233, -1.248971, 85.723039, -7.213660
595, 66.445533, -1.248235, 85.763769, -7.229782
596, 66.487400, -1.239115, 85.707137, -7.304798
597, 66.537167, -1.190482, 85.471802, -7.383601
598, 66.598000, -1.151854, 85.523719, -7.380057
599, 66.663433, -1.089790, 85.652809, -7.363937
600, 66.749100, -1.022587, 85.668782, -7.359552
