1, 9.347469, 11.425452, 8.428849, 5.408766
2, 14.740300, 0.200100, 14.023811, -3.491807
3, 14.840450, 0.492400, 14.060034, -3.912825
4, 14.980700, 0.813850, 14.673891, -3.786432
5, 15.086700, 0.979833, 14.646164, -3.936505
6, 15.194233, 1.084833, 14.607014, -4.111778
7, 15.316633, 1.208867, 14.492973, -4.106854
8, 15.453833, 1.343067, 14.496950, -4.071054
9, 15.567500, 1.437633, 14.528145, -4.142846
10, 15.650450, 1.481850, 14.553785, -4.102532
11, 15.743125, 1.487550, 14.499311, -4.177562
12, 15.826867, 1.471300, 14.414693, -4.347643
13, 15.864700, 1.444300, 14.186066, -4.443861
14, 15.885700, 1.354000, 14.191890, -4.684852
15, 15.897367, 1.192967, 14.315967, -4.814740
16, 15.909667, 1.019433, 14.520377, -5.016161
17, 15.969233, 0.893033, 19.287376, -5.650597
18, 16.159767, 0.799033, 32.055894, -5.985561
19, 16.499600, 0.714067, 33.743879, -6.264786
20, 16.897700, 0.717400, 33.591110, -6.343333
21, 17.342567, 0.802700, 33.947248, -6.203759
22, 17.860600, 0.904567, 33.657463, -5.851104
23, 18.415567, 0.925067, 34.066426, -6.100401
24, 18.800250, 0.913450, 34.171673, -6.536588
25, 18.994700, 0.942267, 33.222394, -6.638061
26, 18.836767, 1.056733, 31.564898, -6.849278
27, 17.989067, 1.311733, 26.648115, -5.740873
28, 16.004101, 1.671967, 11.414678, -3.029574
29, 12.620602, 2.021533, -5.921117, -3.767824
30, 8.175777, 2.512033, -11.436124, -4.074914
31, 2.912534, 3.044533, -13.211963, -4.233826
32, -2.388168, 3.407933, -12.392984, -4.388973
33, -7.287269, 3.590567, -13.931807, -5.513425
34, -11.510838, 3.863800, -27.388490, -7.503113
35, -14.807634, 4.116233, -29.991427, -8.419692
36, -17.228100, 4.356167, -28.668380, -8.110864
37, -19.026100, 4.610433, -27.015586, -7.971908
38, -20.307333, 4.988367, -25.538096, -7.588248
39, -21.474367, 5.530200, -25.855504, -7.505520
40, -22.825300, 6.229433, -24.707123, -6.284474
41, -24.384233, 7.234000, -27.737951, -3.873213
42, -26.207000, 8.566300, -40.374227, 4.145328
43, -28.314533, 9.971500, -46.000410, 5.825432
44, -30.522233, 10.982667, -45.799126, 4.652208
45, -32.511000, 11.474167, -44.900657, 3.607876
46, -34.026667, 11.504700, -43.906931, 2.659365
47, -34.911767, 11.132700, -43.015366, 2.572572
48, -35.151067, 10.752800, -42.435951, 2.036867
49, -34.892167, 10.575500, -40.079712, 3.000946
50, -34.075300, 10.480200, -39.414032, 2.831382
51, -32.475168, 10.445500, -35.882596, 4.933535
52, -29.654769, 10.402467, -22.188875, 11.768989
53, -25.519968, 10.353733, -1.670484, 17.769396
54, -20.564573, 10.508533, 10.183942, 20.500055
55, -15.108965, 11.125900, 12.287635, 22.534606
56, -9.588798, 12.513367, 12.920766, 23.605926
57, -4.335262, 14.286166, 13.880169, 26.533825
58, 0.379770, 16.378700, 19.046323, 35.188031
59, 4.429066, 18.633133, 26.226584, 40.310007
60, 7.917669, 20.618867, 28.228149, 40.336448
61, 10.547267, 22.239233, 24.422334, 38.906137
62, 12.697566, 23.839167, 23.161216, 39.212574
63, 14.660533, 25.563333, 22.746767, 40.321319
64, 16.534466, 27.385266, 28.656142, 43.248876
65, 18.671266, 29.266833, 40.645666, 46.272615
66, 21.067299, 31.056067, 41.200854, 46.028504
67, 23.812066, 32.516234, 40.294710, 45.512003
68, 26.862300, 33.155233, 41.384121, 45.125348
69, 29.885267, 33.122933, 41.300699, 43.789116
70, 32.663200, 32.940600, 40.156629, 43.253098
71, 35.286166, 32.491767, 36.373988, 41.629065
72, 38.013200, 31.281667, 34.073491, 41.458537
73, 40.962765, 29.258167, 34.978555, 40.477293
74, 44.383698, 26.341270, 41.410425, 32.247680
75, 48.338099, 22.430801, 53.836036, 15.065776
76, 52.590302, 18.221666, 67.025759, -1.703362
77, 56.742568, 14.284865, 77.213681, -10.261759
78, 60.503135, 11.018464, 77.282723, -10.256951
79, 63.777302, 9.011533, 75.577152, -8.565746
80, 66.413201, 7.553633, 73.828254, -7.352997
81, 68.228667, 6.219767, 72.763759, -6.448508
82, 69.377767, 5.482300, 70.995593, -5.455201
83, 70.169433, 5.208000, 71.493060, -4.026927
84, 70.582600, 4.998967, 70.954935, -3.527725
85, 70.928400, 4.742833, 69.810986, -3.858679
86, 71.537033, 4.397700, 69.985058, -3.803429
87, 72.673200, 4.008800, 70.203763, -3.949696
88, 74.720365, 3.456533, 71.865606, -3.517336
89, 77.688532, 2.885467, 84.242161, -4.114858
90, 81.885432, 2.468733, 109.861572, -3.221621
91, 87.097996, 2.200067, 124.573985, -3.312070
92, 92.716099, 1.921900, 123.952311, -3.735185
93, 98.179649, 1.608467, 122.581968, -3.880854
94, 102.919683, 1.368467, 119.425798, -4.947686
95, 106.378636, 1.072867, 116.890686, -4.923132
96, 108.476757, 0.758600, 114.221134, -5.481042
97, 108.918120, 0.530333, 112.776790, -4.705970
98, 108.561017, 0.442300, 110.754161, -4.354358
99, 107.912873, 0.355567, 109.226062, -4.461948
100, 107.279273, 0.446967, 107.754492, -4.652242
101, 107.032047, 0.691700, 108.867646, -4.000610
102, 107.365893, 1.029800, 109.276254, -3.849044
103, 108.491670, 1.277567, 115.045285, -2.688946
104, 110.142616, 1.316167, 135.062264, 2.242300
105, 112.000040, 1.409700, 136.453010, 2.245310
106, 113.818713, 1.601933, 134.041614, 2.099733
107, 115.798666, 1.913533, 132.998518, 1.386100
108, 118.110365, 2.325200, 131.466951, 1.394782
109, 121.073811, 2.872967, 131.532506, 0.956701
110, 125.032493, 3.484200, 147.921007, 1.349267
111, 129.924514, 3.924133, 167.770303, 1.598192
112, 135.025157, 4.156533, 175.307814, 0.523444
113, 139.967314, 4.297033, 174.226474, -0.422233
114, 144.468164, 4.318500, 173.334351, -0.736269
115, 148.424876, 4.303033, 172.282901, -1.271028
116, 151.834051, 4.345867, 169.302412, -1.441369
117, 154.699220, 4.335500, 167.312242, -1.490105
118, 157.133560, 4.264100, 167.220748, -1.477339
119, 159.229074, 4.056400, 166.361587, -1.897797
120, 160.979060, 3.844267, 164.696105, -2.016618
121, 162.448870, 3.654600, 164.350515, -1.236746
122, 163.720910, 3.445767, 164.173961, -0.797248
123, 164.945550, 3.283733, 165.401045, -1.095342
124, 166.195237, 3.191433, 178.579465, -5.494775
125, 167.501050, 2.992200, -163.814548, -8.399206
126, 168.804293, 2.728167, -162.081576, -8.917256
127, 170.105377, 2.488033, -163.931340, -8.913721
128, 171.361307, 2.338067, -164.009293, -8.767683
129, 172.737810, 2.342967, -165.016843, -8.812161
130, 174.143850, 2.389967, -164.602157, -8.843305
131, 175.660363, 2.467367, -165.145784, -8.977799
132, 177.502026, 2.484700, -166.026909, -8.962252
133, 179.769250, 2.408500, -164.934260, -9.439632
134, -177.729443, 2.239533, -162.470343, -8.922347
135, -175.237243, 2.082400, -147.210947, -6.151156
136, -172.870226, 1.881800, -138.789101, -4.566957
137, -170.936829, 1.667700, -140.288687, -4.316318
138, -169.622167, 1.497833, -141.285842, -4.259385
139, -168.847567, 1.475233, -142.275533, -4.496259
140, -168.739033, 1.555733, -142.257416, -4.575621
141, -169.214500, 1.815300, -143.594528, -4.186102
142, -170.058753, 2.073500, -144.014315, -4.175411
143, -170.726770, 2.386133, -144.433248, -4.060565
144, -170.951980, 2.671500, -144.341045, -4.666571
145, -170.429354, 2.921667, -141.990987, -2.682999
146, -169.075501, 3.152500, -137.994080, 2.460736
147, -166.728367, 3.398967, -133.129865, 3.367134
148, -163.918233, 3.501467, -131.793462, 2.688304
149, -161.314799, 3.601967, -132.913088, 2.720046
150, -159.319033, 3.713267, -131.529007, 2.084049
151, -158.036766, 3.740600, -125.616729, 0.014269
152, -157.449733, 3.701333, -125.885617, -0.512879
153, -157.374133, 3.677900, -126.657614, -0.578706
154, -157.571867, 3.788233, -126.265211, -0.499643
155, -157.727767, 3.985700, -126.833524, -0.547818
156, -158.010300, 4.160967, -127.032732, -0.585124
157, -158.378733, 4.520333, -127.811403, -0.192022
158, -159.044233, 5.053067, -139.933893, 5.831722
159, -160.520332, 5.534933, -161.281567, 13.248075
160, -163.000165, 5.866367, -172.111493, 14.843503
161, -166.275800, 6.212333, -174.559892, 14.306964
162, -170.036682, 6.708700, -175.556458, 14.978209
163, -174.091807, 7.321667, -175.644966, 15.251163
164, -178.280607, 8.048433, -175.130280, 14.907666
165, 177.471057, 8.868700, -178.334995, 14.125392
166, 173.119889, 9.746933, 164.273485, 10.050722
167, 168.885872, 10.714400, 156.349122, 7.633762
168, 164.842590, 11.689633, 156.534182, 6.564761
169, 160.757618, 12.585933, 156.828464, 6.183965
170, 156.798090, 13.238400, 155.218686, 6.068484
171, 152.746984, 13.491700, 140.854851, 1.023024
172, 148.413774, 13.521533, 134.917059, -0.745792
173, 143.826155, 13.444167, 133.371048, -1.972019
174, 139.055262, 13.343767, 133.420381, -2.198376
175, 134.343776, 13.078867, 133.305534, -1.974479
176, 129.424927, 12.755600, 131.494386, -2.730953
177, 124.411586, 12.437267, 118.738864, -2.652158
178, 119.435345, 11.933000, 100.533294, -5.082998
179, 114.480755, 11.360367, 86.590917, -8.691087
180, 109.759206, 10.697200, 87.232843, -9.337728
181, 105.123637, 10.038833, 88.973179, -9.127824
182, 100.449849, 9.464233, 87.630960, -9.311627
183, 95.822526, 9.147267, 89.114706, -8.445004
184, 91.210014, 8.943067, 89.201622, -7.727927
185, 86.629766, 8.803300, 89.239933, -7.953320
186, 82.232465, 8.435667, 87.499416, -7.946739
187, 78.093800, 8.065600, 74.123721, -4.515128
188, 74.186433, 7.732367, 61.131959, -5.104906
189, 70.641932, 7.420400, 60.034229, -5.940859
190, 67.372766, 7.254633, 60.987426, -6.128217
191, 64.219168, 7.021700, 61.832288, -5.775603
192, 60.753436, 6.827100, 61.377182, -5.736692
193, 56.710368, 6.404067, 61.277350, -5.521092
194, 52.475034, 5.743467, 55.238401, -5.289766
195, 48.198765, 4.893667, 36.620693, -4.034994
196, 44.228730, 3.996867, 20.098079, -5.300941
197, 40.833266, 3.318800, 17.302512, -5.964151
198, 38.120233, 2.814067, 19.243479, -6.075113
199, 36.198099, 2.396767, 20.404103, -5.946922
200, 35.153233, 2.014933, 22.016924, -6.128107
201, 34.793200, 1.763433, 24.013304, -5.981858
202, 34.761033, 1.680600, 25.023027, -5.064174
203, 34.620633, 1.859300, 25.156028, -4.333295
204, 34.117300, 2.311267, 25.237228, -3.807287
205, 33.314200, 2.812900, 24.119394, -3.645116
206, 32.373200, 3.291900, 23.911721, -3.729989
207, 31.392167, 3.818933, 24.049640, -3.120288
208, 30.679500, 4.311100, 22.799071, -2.496113
209, 30.284800, 4.768500, 11.502783, 0.212918
210, 30.018233, 5.130267, 0.098179, -1.378772
211, 29.879833, 5.308600, -1.556543, -2.242017
212, 29.642267, 5.417433, -1.162166, -2.005498
213, 29.157400, 5.463833, -0.102583, -2.247526
214, 28.474967, 5.517500, 0.156541, -2.208937
215, 27.527500, 5.719267, 0.260476, -2.027225
216, 26.278667, 6.066600, -1.343229, -2.120824
217, 24.705400, 6.547067, -2.266160, -2.472460
218, 23.050033, 7.005000, -2.557938, -2.644174
219, 21.743800, 7.248500, -1.434981, -2.337464
220, 20.910933, 7.359800, -0.835734, -2.655554
221, 20.395533, 7.282000, 1.966616, -1.719820
222, 20.046167, 7.128667, 1.805445, -2.674369
223, 19.539667, 6.986933, 1.866035, -2.937752
224, 18.960667, 6.843467, 0.812190, -2.314680
225, 18.101600, 6.816767, -5.589682, -1.357608
226, 17.011800, 6.819933, -5.532334, -1.146832
227, 15.832467, 6.780467, -4.096278, -0.661309
228, 14.589467, 6.745033, -2.023271, -0.350231
229, 13.423700, 6.633200, -4.388678, -1.557661
230, 12.467867, 6.579133, -3.701551, -1.150835
231, 11.685267, 6.632633, -2.306386, -0.912784
232, 11.214267, 6.750967, -1.816358, -1.324423
233, 11.031200, 7.055067, -0.953688, -0.544735
234, 11.237600, 7.430933, -0.157524, -0.679745
235, 12.052433, 7.820967, 6.609158, -0.398469
236, 13.846532, 8.182500, 25.549692, 0.309276
237, 16.643434, 8.508933, 34.855557, -0.216124
238, 20.021999, 8.574167, 33.994089, 0.018564
239, 23.618633, 8.645467, 34.164538, -0.761677
240, 27.206700, 8.708367, 34.117959, -0.559698
241, 30.720801, 8.724200, 34.163962, -0.510416
242, 33.556901, 8.671133, 35.753697, -0.528773
243, 35.681634, 8.309000, 40.740788, -4.094849
244, 37.131233, 7.607567, 40.838369, -4.359999
245, 38.210800, 6.530800, 40.081670, -5.484181
246, 39.063667, 5.722267, 39.900297, -5.412619
247, 39.685867, 5.227867, 40.606048, -5.003450
248, 40.310400, 4.675133, 40.084908, -5.510008
249, 41.047033, 4.006333, 40.285694, -5.677948
250, 41.975567, 3.308733, 40.680539, -6.302076
251, 43.179433, 2.703867, 42.028963, -6.080704
252, 44.635666, 2.019700, 42.953285, -5.136312
253, 46.323067, 1.401367, 43.372749, -5.559563
254, 48.073200, 1.023033, 44.075397, -5.763099
255, 49.678467, 0.773300, 42.714866, -5.178268
256, 51.007700, 0.761233, 43.470856, -4.207234
257, 52.097233, 0.932633, 42.391827, -3.294318
258, 53.038133, 1.163567, 43.736576, -2.501472
259, 53.703367, 1.393567, 45.413796, -1.937779
260, 54.464967, 1.624333, 44.204453, -2.471633
261, 55.152167, 1.760833, 44.042349, -2.503439
262, 55.657067, 1.834800, 44.110251, -2.747043
263, 56.131333, 1.934000, 44.629145, -2.739318
264, 56.708667, 2.018400, 44.912462, -2.842945
265, 57.422900, 2.046767, 44.906560, -4.008753
266, 58.463633, 2.054233, 48.525185, -13.886812
267, 60.002599, 2.128067, 53.835878, -19.792779
268, 62.070400, 2.315167, 54.209799, -4.654906
269, 64.029133, 2.546200, 54.761513, -2.498097
270, 65.383667, 2.750967, 54.665003, -2.453511
271, 66.210700, 2.880333, 54.956604, -2.178351
272, 66.450500, 2.972700, 54.461989, -2.738015
273, 66.210633, 3.173200, 55.298345, -2.009713
274, 65.715833, 3.391667, 54.862276, -2.120615
275, 65.005500, 3.542700, 54.396602, -2.439879
276, 64.366400, 3.740900, 52.981731, -2.211219
277, 63.863133, 3.934400, 47.229314, -2.617530
278, 63.433500, 4.092333, 47.262200, -2.468333
279, 63.152733, 4.306733, 48.547703, -2.465733
280, 63.034033, 4.539500, 50.426347, -2.357461
281, 63.117800, 4.829733, 51.316003, -2.799602
282, 63.295333, 5.051700, 52.427019, -2.498711
283, 63.564267, 5.227367, 53.810024, -2.286279
284, 63.910067, 5.368600, 54.355507, -2.367958
285, 64.400767, 5.499833, 55.241884, -2.382163
286, 65.148933, 5.600867, 56.088275, -2.497288
287, 66.136067, 5.645433, 57.082182, -2.732322
288, 67.392233, 5.731233, 58.129982, -2.711206
289, 68.823200, 5.802867, 59.201778, -2.685312
290, 70.218200, 5.842267, 60.559986, -2.529160
291, 71.529467, 5.874733, 60.341031, -2.454514
292, 72.667200, 5.943467, 58.970889, -3.830452
293, 73.545800, 6.022567, 59.485677, -3.608358
294, 74.316867, 6.122067, 60.882196, -2.916751
295, 74.996667, 6.247733, 58.758687, -3.149699
296, 75.677467, 6.343200, 58.854745, -3.395476
297, 76.388133, 6.404733, 60.281900, -2.781249
298, 77.103933, 6.441400, 60.879976, -2.735670
299, 78.001267, 6.463500, 61.607313, -2.819566
300, 79.044067, 6.572033, 62.359473, -2.991688
301, 80.326234, 6.747733, 63.663736, -2.927355
302, 81.820867, 6.967433, 64.028562, -2.837075
303, 83.547866, 7.275667, 65.869237, -2.746371
304, 85.504633, 7.640467, 66.702609, -2.701378
305, 87.527667, 7.995567, 64.303421, -3.923407
306, 89.721349, 8.312967, 65.496083, -3.488820
307, 92.724614, 8.484375, 67.185057, -3.590582
308, 95.798283, 8.363350, 72.174658, -5.453738
309, 99.394220, 7.987650, 84.547554, -19.595045
310, 103.812341, 7.551467, 113.419667, -5.256398
311, 107.486951, 7.230633, 127.494557, -2.722275
312, 110.696374, 7.056767, 130.046912, -2.493780
313, 113.127335, 7.024750, 127.551025, -2.451475
314, 115.380998, 6.944567, 126.393033, -2.930063
315, 117.921788, 6.799475, 125.543901, -2.866789
316, 120.050290, 6.596967, 124.197008, -2.842159
317, 121.718730, 6.521400, 124.142570, -2.664766
318, 123.166377, 6.513667, 124.438785, -2.176402
319, 124.330493, 6.485733, 122.910837, -1.897935
320, 125.181063, 6.441067, 117.237066, -2.399432
321, 125.574093, 6.531100, 115.531490, -2.711468
322, 125.588197, 6.752200, 117.298284, -1.465108
323, 125.156463, 7.079467, 116.834825, -1.327958
324, 124.442007, 7.447300, 114.984927, -1.955081
325, 123.579643, 7.889133, 113.783825, -2.124805
326, 122.587183, 8.292133, 113.350868, -2.099807
327, 121.676050, 8.627133, 112.972768, -1.658930
328, 120.845673, 8.929300, 112.752912, -2.024376
329, 120.091723, 9.218367, 112.033270, -2.390134
330, 119.439570, 9.482833, 111.598544, -2.860346
331, 118.693920, 9.743533, 111.396287, -2.526120
332, 117.858743, 10.056900, 111.333377, -2.344075
333, 117.043823, 10.346800, 110.387699, -2.470500
334, 116.081517, 10.637833, 110.249621, -2.260813
335, 115.180030, 10.868300, 110.139563, -2.537347
336, 114.409490, 11.248233, 109.942141, -2.065598
337, 113.659767, 11.721433, 109.479259, -2.125277
338, 113.056267, 12.132633, 108.730659, -2.164258
339, 112.612827, 12.668433, 108.876186, -1.961416
340, 112.250540, 13.388433, 109.283188, -1.830704
341, 111.992923, 13.966767, 108.986515, -2.249297
342, 111.849107, 14.430067, 109.072609, -2.518526
343, 111.759977, 14.964333, 108.989649, -2.040460
344, 111.766010, 15.498367, 108.550319, -2.116419
345, 111.861730, 16.305700, 108.184803, -2.151723
346, 112.008063, 17.082833, 107.831514, -2.602422
347, 112.120173, 17.683767, 106.740327, -2.559740
348, 112.150463, 18.253100, 102.976198, 1.348027
349, 112.110547, 18.714267, 101.699707, 2.454551
350, 111.995190, 18.902633, 103.205856, 3.589762
351, 111.876507, 18.817733, 103.163314, 3.363112
352, 111.801457, 18.549033, 102.797410, 2.449372
353, 111.749447, 18.046433, 103.192175, 2.067711
354, 111.722820, 17.277700, 103.184746, 1.671696
355, 111.693030, 16.388167, 103.147664, 0.343657
356, 111.608607, 15.355667, 102.463985, -5.880397
357, 111.388663, 14.353300, 102.711714, -5.560321
358, 110.895113, 13.479433, 103.057559, -4.647089
359, 110.058567, 12.663633, 101.705596, -5.357962
360, 108.940977, 12.047300, 97.127782, -5.962397
361, 107.579430, 11.622800, 96.149453, -5.898529
362, 106.148800, 11.177000, 94.977078, -6.493542
363, 104.722410, 10.661633, 96.573125, -5.167312
364, 103.289860, 10.147633, 95.616454, -5.434804
365, 101.931190, 9.648700, 95.489959, -5.621621
366, 100.648567, 9.319967, 96.255495, -4.418826
367, 99.417362, 9.095700, 94.871150, -5.370994
368, 98.292647, 8.856800, 94.246898, -5.054835
369, 97.303156, 8.671567, 94.758624, -3.959929
370, 96.450062, 8.484367, 93.798436, -4.589230
371, 95.683051, 8.288433, 93.011823, -5.120307
372, 94.928136, 8.156433, 92.224031, -5.326141
373, 94.124061, 8.078267, 92.394404, -4.865106
374, 93.213772, 8.124267, 91.985222, -4.378871
375, 92.178007, 8.359733, 91.608365, -3.877803
376, 91.027536, 8.909333, 89.849441, 0.736943
377, 89.772667, 10.828066, 84.830853, 18.170636
378, 88.405400, 13.388901, 80.048655, 32.008298
379, 87.012600, 15.365366, 79.290429, 34.436184
380, 85.854433, 17.539133, 77.724356, 34.546993
381, 84.934667, 19.894901, 78.834814, 33.557490
382, 84.040300, 21.529600, 80.643003, 31.117274
383, 83.196567, 22.554767, 80.784637, 30.749130
384, 82.620000, 23.454967, 81.519840, 30.528270
385, 82.247800, 24.403067, 81.636013, 30.654779
386, 82.334767, 25.428367, 81.327905, 31.039029
387, 83.476932, 26.696933, 90.973628, 37.068136
388, 85.934666, 28.339267, 103.179406, 46.708148
389, 89.315915, 29.920234, 110.263032, 47.168717
390, 92.958226, 31.237567, 110.454441, 46.509551
391, 96.443643, 32.375333, 109.898910, 46.278546
392, 99.569922, 33.315500, 108.424329, 45.470741
393, 102.184708, 33.987333, 107.113443, 44.299039
394, 104.059567, 34.224667, 100.835732, 35.929137
395, 105.084370, 34.018900, 95.970889, 25.256585
396, 105.349160, 33.656067, 95.152226, 24.437617
397, 105.013490, 33.335233, 97.033158, 25.468042
398, 104.137653, 33.035800, 93.826679, 24.457265
399, 102.956747, 32.707533, 91.272679, 23.493034
400, 101.531003, 32.331667, 91.761150, 24.191983
401, 99.900003, 31.977233, 90.868031, 23.701252
402, 98.210259, 31.719667, 89.614352, 23.326061
403, 96.554911, 31.558833, 92.502175, 24.519196
404, 94.907977, 31.512800, 90.184058, 23.978652
405, 93.132669, 31.579900, 90.783598, 24.389514
406, 91.223438, 31.702367, 91.303021, 24.562857
407, 89.168167, 31.831567, 90.421674, 24.494745
408, 86.896133, 31.885133, 90.098232, 24.738094
409, 84.568067, 31.855000, 87.135956, 24.286037
410, 82.141967, 31.670267, 87.244767, 23.967899
411, 79.489767, 31.282533, 87.334152, 23.859803
412, 76.660900, 30.752333, 87.438860, 23.440386
413, 73.555533, 30.172900, 74.450272, 23.296826
414, 70.430299, 29.656400, 63.879165, 21.729596
415, 67.615699, 29.116500, 62.615427, 21.011628
416, 65.050933, 28.501167, 62.421421, 21.194717
417, 62.852399, 27.873400, 63.475895, 21.571755
418, 60.857967, 27.266367, 63.222247, 21.504093
419, 58.924600, 26.690500, 63.906074, 21.049285
420, 57.115967, 26.176433, 63.910077, 21.717609
421, 55.354933, 25.787567, 64.972325, 21.791986
422, 53.660900, 25.512833, 65.912052, 22.205920
423, 51.942133, 25.302867, 64.917712, 22.124915
424, 50.118867, 25.117533, 54.292189, 22.005660
425, 48.214267, 24.974467, 38.193385, 22.500751
426, 46.275833, 24.861833, 30.365100, 22.295249
427, 44.301633, 24.779333, 30.831490, 21.412696
428, 42.383667, 24.686133, 32.007696, 20.792556
429, 40.469233, 24.569767, 32.330475, 21.177888
430, 38.596133, 24.504833, 32.886964, 22.120506
431, 36.737433, 24.482767, 32.150334, 21.744272
432, 34.908200, 24.511333, 29.469848, 23.069505
433, 33.105767, 24.561100, 22.783415, 22.525207
434, 31.304800, 24.587633, 23.417324, 22.393714
435, 29.512100, 24.635933, 23.314206, 22.437802
436, 27.772167, 24.718367, 23.772784, 23.614803
437, 26.091200, 24.843367, 19.967056, 26.218502
438, 24.481333, 24.992267, 15.543156, 26.396874
439, 22.923233, 25.128233, 16.310461, 26.379593
440, 21.366833, 25.228500, 16.007245, 26.202929
441, 19.819267, 25.276967, 15.875057, 26.440183
442, 18.266367, 25.223833, 14.615050, 26.187656
443, 16.699767, 24.989433, 15.827880, 26.171982
444, 15.093467, 24.610533, 12.051686, 23.186869
445, 13.468600, 24.088967, 4.771566, 16.060675
446, 11.898033, 23.448267, 3.474533, 14.384796
447, 10.455533, 22.802000, 3.668184, 14.580782
448, 9.129533, 22.149500, 4.811936, 14.974086
449, 7.962100, 21.421400, 4.776703, 14.631033
450, 7.037467, 20.674700, 5.945792, 15.744393
451, 6.371567, 19.964867, 5.496595, 15.847263
452, 6.002467, 19.281233, 5.208947, 15.547088
453, 5.857367, 18.634667, 6.262064, 16.503140
454, 5.873700, 18.066667, 6.537625, 16.260570
455, 5.993667, 17.539100, 6.631346, 15.947497
456, 6.113467, 17.025333, 6.698236, 15.418750
457, 6.180400, 16.547133, 6.948969, 16.127096
458, 6.070500, 16.041800, 6.246236, 16.438389
459, 5.755167, 15.418467, 5.230733, 14.332320
460, 5.244433, 14.690533, 3.125393, 9.283222
461, 4.477000, 13.874133, 2.958584, 8.699476
462, 3.390167, 12.971567, 2.728709, 9.449988
463, 2.020533, 12.017467, 1.877563, 8.850524
464, 0.325433, 11.030900, 2.061763, 9.671531
465, -1.691767, 9.998600, 1.832896, 9.919311
466, -3.781867, 9.003967, 1.080076, 10.021432
467, -5.916100, 8.068133, -3.084175, 8.325006
468, -8.146367, 7.122500, -13.605570, 4.209805
469, -10.166300, 6.543933, -16.644903, 3.368846
470, -11.838100, 6.503400, -16.410413, 3.936981
471, -13.047667, 6.593900, -15.017789, 4.427164
472, -13.784200, 6.919600, -14.330708, 5.662613
473, -14.198667, 7.266867, -9.846894, 13.699230
474, -14.317367, 7.627800, -3.829455, 18.970951
475, -14.241800, 8.016300, -3.228515, 19.169308
476, -14.059700, 8.356633, -3.710382, 18.270187
477, -13.791133, 8.869733, -3.081932, 18.766517
478, -13.417167, 9.457800, -2.587671, 18.896031
479, -12.871700, 9.982967, -2.367766, 18.834758
480, -12.079867, 10.455600, -4.312016, 19.490657
481, -10.982233, 10.894800, -7.913670, 21.713444
482, -9.568967, 11.264667, -7.227871, 21.965013
483, -7.898434, 11.535500, -6.403856, 21.813400
484, -6.073167, 11.779067, -6.105206, 21.493200
485, -4.066300, 11.855400, -4.950079, 21.164103
486, -1.798434, 11.744900, -4.724807, 20.585830
487, 0.883765, 11.445033, -7.498531, 20.013042
488, 4.214632, 10.960833, -8.285378, 19.887763
489, 8.401731, 10.426033, -4.793595, 19.294680
490, 13.566123, 9.872800, 6.540124, 8.240236
491, 19.643963, 9.212867, 26.756231, -4.203529
492, 26.293334, 8.380333, 33.958009, -0.929235
493, 32.903675, 7.353767, 40.630437, 0.313356
494, 38.561777, 6.322133, 45.869224, -3.458294
495, 42.764137, 5.317333, 43.949576, -3.931484
496, 45.446600, 4.496033, 42.542043, -2.808096
497, 46.694867, 3.925967, 40.586935, -2.464209
498, 47.224933, 3.433567, 39.165362, -1.772011
499, 47.264467, 2.973967, 39.127002, -1.000302
500, 47.000233, 2.587533, 37.304617, -0.994506
501, 46.713100, 2.235767, 30.328065, -2.395962
502, 46.029900, 1.930633, 19.144035, -4.204097
503, 44.979967, 1.635900, 18.003389, -3.727913
504, 43.654133, 1.541533, 17.491688, -3.731226
505, 42.200700, 1.556300, 17.587428, -4.164805
506, 40.809967, 1.537167, 18.218605, -4.529607
507, 39.537600, 1.496467, 19.452079, -4.642628
508, 38.496467, 1.484833, 20.780265, -4.052561
509, 37.709067, 1.481867, 20.425267, -4.691800
510, 37.181167, 1.539300, 22.901736, -3.937959
511, 37.008500, 1.609467, 21.466836, -4.777304
512, 37.110333, 1.685000, 22.526031, -4.290432
513, 37.425433, 1.785733, 23.841713, -3.996247
514, 37.879433, 1.898567, 24.144136, -4.193848
515, 38.483633, 1.939333, 24.906449, -4.130700
516, 39.361933, 1.817700, 25.456542, -4.483865
517, 40.663300, 1.518767, 24.059624, -4.843315
518, 42.675433, 1.107833, 25.451009, -6.205168
519, 45.683262, 0.550367, 36.855633, -11.194914
520, 49.742663, -0.216916, 54.748760, -16.595856
521, 54.539567, -1.101338, 74.823993, -20.815633
522, 59.825697, -1.999984, 89.611852, -22.621289
523, 65.278036, -2.795444, 91.994653, -22.540459
524, 70.443871, -3.323557, 89.960483, -22.533179
525, 74.942771, -3.686539, 88.925631, -22.625721
526, 78.612271, -4.000335, 87.400528, -22.906734
527, 81.370034, -4.344827, 85.740073, -22.585049
528, 83.555567, -4.856465, 84.908247, -22.697979
529, 85.562867, -5.599698, 82.896814, -23.489306
530, 87.589200, -6.539986, 81.964089, -23.680869
531, 89.890744, -7.527594, 86.823110, -25.486312
532, 92.688093, -8.521769, 103.840729, -34.969906
533, 95.988955, -9.732830, 115.758777, -40.275264
534, 99.455954, -11.171027, 115.108779, -40.461152
535, 102.858157, -12.624807, 114.718645, -39.640718
536, 106.149967, -13.950643, 114.636030, -39.653718
537, 109.316134, -14.799937, 113.506340, -39.004801
538, 112.188110, -15.181417, 111.766181, -39.109417
539, 114.997803, -15.682577, 110.780718, -39.244236
540, 117.887533, -16.494210, 120.384316, -41.858476
541, 120.815413, -17.409293, 134.212561, -45.042511
542, 123.742227, -18.300367, 134.410813, -44.562657
543, 126.455283, -19.059390, 133.336422, -43.940881
544, 128.942403, -19.687187, 131.649003, -44.419325
545, 131.230057, -20.240347, 130.539056, -44.671280
546, 133.397903, -20.784463, 131.162878, -44.280277
547, 135.671150, -21.269583, 144.783193, -46.676727
548, 138.237989, -21.535560, 170.119115, -44.847715
549, 141.191083, -21.634447, -179.168272, -41.945746
550, 144.489083, -21.651637, -178.345166, -41.687830
551, 147.906933, -21.674090, -179.033315, -42.047126
552, 151.415347, -21.631617, -178.100126, -42.422359
553, 154.866787, -21.569477, -177.757907, -42.752510
554, 158.050111, -21.532007, -179.896984, -42.614017
555, 160.848921, -21.437207, 179.919579, -42.847177
556, 163.233120, -21.327213, 179.558953, -43.104410
557, 165.267670, -21.268703, 178.553582, -42.938212
558, 167.006817, -21.168050, 176.892378, -43.957959
559, 168.523947, -21.133573, 176.184047, -44.092730
560, 169.953447, -21.136577, -176.364079, -41.286501
561, 171.404417, -21.041777, -165.392681, -37.548791
562, 172.912920, -20.788917, -164.741361, -36.797043
563, 174.443366, -20.413543, -165.012877, -36.922242
564, 176.110347, -19.799920, -165.051426, -36.824637
565, 177.920080, -19.215863, -164.513007, -37.478698
566, 179.819567, -18.571567, -164.815679, -36.832922
567, -178.199040, -17.858003, -165.599796, -36.974113
568, -176.094773, -16.954833, -160.677212, -33.781140
569, -173.874897, -15.920080, -154.322633, -28.402038
570, -171.570693, -14.698327, -154.293247, -27.920418
571, -169.329433, -13.615907, -154.778472, -27.477067
572, -167.308033, -12.737693, -154.732001, -27.814798
573, -165.496367, -12.074657, -154.153520, -28.593418
574, -163.821800, -11.638487, -154.749512, -29.392415
575, -162.247700, -11.300723, -155.412337, -30.119891
576, -160.672533, -11.104507, -155.245316, -30.087668
577, -159.072900, -10.905583, -155.668445, -30.049929
578, -157.389067, -10.554607, -153.166192, -28.600366
579, -155.538167, -10.108767, -139.101168, -22.872443
580, -153.512933, -9.543644, -129.386503, -20.853651
581, -151.364133, -9.004415, -131.920946, -20.910532
582, -149.103000, -8.446200, -132.271631, -20.828004
583, -146.664500, -7.902547, -132.409894, -21.280296
584, -144.216867, -7.422631, -131.855578, -21.618921
585, -141.809200, -7.025987, -133.012105, -21.649077
586, -139.470433, -6.799837, -133.144550, -21.765824
587, -137.284800, -6.718692, -132.494011, -22.395190
588, -135.270533, -6.737619, -121.458000, -22.209126
589, -133.377000, -6.714269, -111.422925, -20.970026
590, -131.646500, -6.626219, -113.710346, -20.970219
591, -130.101200, -6.375741, -114.081455, -21.034779
592, -128.733300, -6.011522, -113.956145, -21.429457
593, -127.517633, -5.589444, -115.143718, -20.747149
594, -126.412533, -5.141527, -114.621071, -20.065374
595, -125.371533, -4.745586, -105.941841, -14.068638
596, -124.287000, -4.304613, -100.500908, -10.204277
597, -123.193433, -3.942950, -102.167022, -10.648205
598, -122.208367, -3.729764, -103.062618, -10.932685
599, -121.349600, -3.522487, -103.675376, -11.119825
600, -120.877300, -3.426487, -102.833669, -11.360100
