1, -2.022108, 11.711571, -3.680001, -3.191161
2, 0.922800, 9.153500, -2.198913, -5.008288
3, 1.068150, 9.092600, -2.348166, -4.553723
4, 1.295800, 9.056500, -2.583932, -4.468865
5, 1.545167, 9.078367, -2.771193, -4.482359
6, 1.819767, 9.122500, -2.665233, -3.975970
7, 2.117167, 9.143200, -3.171709, 1.355582
8, 2.461533, 9.146433, -3.178895, 12.306283
9, 2.900433, 9.123500, -1.347977, 27.151151
10, 3.489100, 9.076967, 3.205806, 33.806151
11, 4.185500, 8.989200, 6.569268, 32.932174
12, 4.887400, 8.767133, 7.107362, 32.073597
13, 5.605300, 8.471733, 7.221077, 31.878051
14, 6.306167, 8.116833, 7.483882, 31.896223
15, 6.937300, 7.702167, 7.919125, 30.215298
16, 7.605233, 7.266367, 12.635879, 29.867162
17, 8.303100, 6.900700, 13.653756, 29.060327
18, 9.008333, 6.568900, 13.765514, 28.928611
19, 9.788667, 6.308967, 12.248885, 28.831936
20, 10.399200, 6.100850, 8.620128, 28.205202
21, 10.399200, 6.100850, 8.620128, 28.205202
22, 10.399200, 6.100850, 8.620128, 28.205202
23, 10.399200, 6.100850, 8.620128, 28.205202
24, 10.399200, 6.100850, 8.620128, 28.205202
25, 10.399200, 6.100850, 8.620128, 28.205202
26, 17.029300, 4.877267, 30.841971, -9.247685
27, 18.807400, 4.104533, 10.696634, -14.119270
28, 20.970866, 3.189667, 30.236938, -12.553666
29, 23.359633, 2.178733, 38.890023, -14.230859
30, 25.901300, 1.134867, 37.952450, -14.220052
31, 28.424167, 0.041606, 37.401313, -13.906793
32, 30.643234, -1.015916, 36.059638, -13.799647
33, 32.570967, -1.975479, 35.516981, -13.613018
34, 34.285133, -2.832693, 35.776750, -13.223586
35, 35.857167, -3.504757, 35.243628, -12.449771
36, 37.293700, -3.991822, 35.888962, -12.099726
37, 38.654300, -4.330077, 34.743032, -12.296648
38, 39.983467, -4.579381, 38.725268, -15.133679
39, 41.436266, -4.873010, 51.192496, -20.543332
40, 43.019433, -5.137354, 51.271374, -20.012934
41, 44.732833, -5.298815, 51.259461, -19.849092
42, 46.551566, -5.457098, 50.652718, -20.292936
43, 48.597533, -5.575087, 51.494596, -19.380169
44, 50.869433, -5.673520, 51.854027, -18.715596
45, 53.340800, -5.663386, 51.834981, -19.312656
46, 56.246700, -5.435439, 64.366214, -17.853902
47, 59.687267, -5.060399, 86.181846, -13.150692
48, 63.230033, -4.721891, 95.878541, -11.717723
49, 66.560800, -4.439475, 92.602381, -12.634677
50, 69.471834, -4.197387, 89.431395, -13.509958
51, 71.802801, -4.004097, 87.551090, -13.884540
52, 73.481800, -3.906007, 86.278082, -14.356608
53, 74.380367, -3.848714, 84.542492, -14.944052
54, 74.757867, -3.739887, 82.571902, -15.385874
55, 74.944833, -3.535029, 81.738921, -15.486171
56, 75.113167, -3.249206, 81.199950, -15.086016
57, 75.351233, -2.981993, 80.815977, -14.992624
58, 75.592033, -2.783952, 79.721418, -14.973713
59, 75.764200, -2.621214, 79.181005, -15.511899
60, 75.793033, -2.484548, 78.921916, -15.640893
61, 75.703067, -2.371989, 78.527938, -15.537146
62, 75.458267, -2.309770, 78.154011, -14.657233
63, 75.049267, -2.190536, 76.977780, -13.626512
64, 74.362800, -2.035550, 75.638488, -13.868784
65, 73.573133, -2.003424, 75.162296, -13.823429
66, 72.611467, -2.045483, 73.794770, -14.053298
67, 71.577933, -2.318870, 72.821839, -14.398146
68, 70.487567, -2.854687, 72.532669, -15.202980
69, 69.405433, -3.455578, 71.630672, -15.963102
70, 68.422633, -4.028966, 70.880446, -16.361204
71, 67.521200, -4.570364, 69.794757, -16.758227
72, 66.632667, -5.048933, 69.286297, -17.145126
73, 65.856667, -5.566605, 68.598275, -17.505986
74, 65.273200, -6.206857, 68.346431, -17.758660
75, 65.247100, -7.017375, 78.880795, -22.801981
76, 66.232233, -7.973440, 98.018249, -28.734974
77, 68.115832, -8.950765, 100.476617, -28.986341
78, 70.928566, -9.756597, 101.915080, -29.752318
79, 74.454734, -10.567930, 100.906131, -28.042059
80, 78.208800, -11.356940, 101.595586, -27.963794
81, 81.905867, -11.946397, 101.349915, -28.354616
82, 85.389166, -12.458940, 99.649817, -28.251825
83, 88.872863, -12.748757, 97.882090, -28.074251
84, 92.213435, -12.771743, 97.267273, -28.051690
85, 95.579108, -12.668910, 97.144101, -27.450131
86, 99.191293, -12.435817, 97.255322, -27.021205
87, 102.891663, -12.398910, 96.470691, -27.230319
88, 106.539067, -12.651717, 95.266861, -28.036884
89, 109.887501, -13.226107, 95.180313, -28.338266
90, 112.678420, -13.748350, 93.819606, -28.577580
91, 114.781301, -14.188647, 108.602237, -33.081202
92, 116.303620, -14.877960, 128.336168, -36.528928
93, 117.325570, -15.692730, 128.747960, -35.962636
94, 117.906383, -16.322940, 127.041023, -36.332997
95, 118.266580, -16.872253, 126.459016, -35.853687
96, 118.591913, -17.298810, 125.985385, -35.988918
97, 118.917145, -17.664830, 125.690428, -36.864325
98, 119.549957, -18.286843, 125.510846, -37.124863
99, 120.449290, -18.636790, 125.847242, -36.444004
100, 121.653563, -18.901100, 126.169512, -36.292733
101, 123.231683, -19.075977, 127.180353, -36.195664
102, 125.091543, -19.306907, 126.680044, -35.929077
103, 126.980760, -19.612310, 126.576130, -36.459774
104, 128.932950, -19.886090, 134.644982, -38.641038
105, 130.907040, -20.207660, 148.569154, -42.197081
106, 132.641687, -20.496880, 148.636199, -41.440274
107, 133.990443, -20.702147, 147.998763, -41.543499
108, 134.978117, -20.868690, 146.953267, -42.334379
109, 135.651990, -20.950790, 146.593074, -41.398512
110, 136.084253, -20.968977, 146.120292, -41.273302
111, 136.361323, -20.891167, 146.083064, -41.659317
112, 136.479790, -20.669347, 145.773939, -42.043646
113, 136.482723, -20.351703, 145.326049, -41.751272
114, 136.396763, -19.808817, 144.642334, -41.450230
115, 136.159673, -18.966920, 141.692595, -28.887638
116, 135.607893, -17.448131, 138.138896, -10.051494
117, 134.702363, -15.468180, 133.321768, 1.190790
118, 133.510327, -13.394026, 133.024038, 0.204846
119, 132.092413, -11.489663, 132.151266, 0.499638
120, 130.581843, -10.030025, 132.171867, -1.120059
121, 129.057343, -8.826207, 131.393450, -1.775230
122, 127.567990, -7.846517, 130.895726, -1.552588
123, 126.070843, -7.028093, 128.461980, 0.016400
124, 124.484587, -6.014162, 118.140332, 7.715176
125, 122.859243, -4.942733, 116.892880, 8.263009
126, 121.146667, -3.926772, 115.926639, 8.736898
127, 119.314733, -2.934956, 115.859644, 7.564159
128, 117.349473, -2.085493, 115.432018, 7.406914
129, 115.076618, -1.378998, 115.637106, 6.736622
130, 112.318374, -0.748404, 105.674102, 5.525246
131, 109.195330, -0.164514, 96.262004, 5.592553
132, 106.010010, 0.415167, 94.704245, 5.563074
133, 103.010583, 0.920633, 94.499889, 5.183085
134, 100.286599, 1.380200, 95.094835, 5.273831
135, 97.820996, 1.807500, 96.139729, 5.009551
136, 95.430371, 2.164400, 95.769682, 5.286162
137, 93.100165, 2.442833, 94.998278, 5.365978
138, 90.842719, 2.702567, 88.260484, 11.249470
139, 88.682833, 3.088333, 85.299773, 14.131114
140, 86.906633, 3.662533, 85.834163, 14.126221
141, 85.488000, 4.546966, 85.952935, 14.348167
142, 84.356733, 5.946300, 86.810737, 15.049861
143, 83.360533, 7.755400, 88.950145, 15.988100
144, 82.445367, 10.066900, 87.504026, 23.789752
145, 81.509433, 12.554400, 77.482797, 33.837519
146, 80.405967, 14.893134, 70.007642, 38.246670
147, 78.973767, 16.841200, 67.482422, 37.979412
148, 77.220733, 18.380667, 66.582860, 36.924701
149, 75.237100, 19.593400, 66.049836, 36.356860
150, 73.077367, 20.361467, 66.764158, 34.430692
151, 70.915833, 20.763567, 66.180348, 34.024071
152, 68.837533, 20.943567, 61.534251, 36.638376
153, 66.814733, 21.039567, 53.920950, 38.675630
154, 64.787900, 20.975000, 53.430069, 37.818165
155, 62.652700, 20.567733, 54.960985, 36.278142
156, 60.617550, 19.641050, 57.550648, 3.816662
157, 60.617550, 19.641050, 57.550648, 3.816662
158, 60.617550, 19.641050, 57.550648, 3.816662
159, 51.278466, 13.431100, 31.305810, -8.155173
160, 48.497000, 11.959567, 27.264909, -3.196014
161, 46.014966, 10.847367, 30.755974, -0.308495
162, 43.861133, 10.313867, 30.089745, -0.526696
163, 42.154133, 10.363500, 30.348564, 0.046010
164, 40.702633, 10.570833, 31.733845, 0.241739
165, 39.411433, 10.792500, 32.462477, 0.655796
166, 38.223567, 11.517633, 32.627638, 8.092933
167, 36.839467, 13.695029, 28.934440, 30.402039
168, 35.363767, 17.092735, 28.731358, 44.404783
169, 33.908400, 19.989001, 26.277644, 46.183742
170, 32.324100, 22.292768, 25.756418, 44.963172
171, 30.701067, 23.867067, 26.608746, 43.103611
172, 29.074067, 24.942433, 26.277483, 42.577152
173, 27.414500, 26.130267, 26.166926, 42.182323
174, 25.665134, 27.301867, 26.806198, 41.794594
175, 23.692867, 28.251767, 28.026151, 40.779309
176, 21.314402, 28.907967, 27.892513, 37.879997
177, 18.260835, 29.312600, 15.925408, 37.163402
178, 14.607467, 29.664667, 3.222429, 35.189842
179, 10.530101, 29.957200, -1.046328, 34.592618
180, 6.445833, 30.180367, -2.670789, 34.616539
181, 2.585567, 30.255300, -1.150331, 34.692221
182, -0.995800, 30.401567, 0.791659, 34.463683
183, -4.176901, 30.575067, 1.839214, 34.082838
184, -6.990233, 30.755233, 0.828596, 35.730899
185, -9.527667, 30.997533, -6.197606, 41.255984
186, -11.709934, 31.296767, -7.909246, 44.706314
187, -13.514400, 31.551633, -6.592252, 44.011922
188, -15.013867, 31.725300, -5.747371, 43.747307
189, -16.391100, 31.716667, -4.670994, 43.566762
190, -17.775400, 31.543367, -3.057378, 43.553043
191, -18.984700, 31.298500, -2.685254, 42.909843
192, -20.080933, 30.999300, -1.534797, 42.598948
193, -20.956267, 30.754400, -0.407528, 42.020192
194, -21.590333, 30.587067, 0.114271, 41.918631
195, -21.511667, 30.540333, 0.839399, 42.200453
196, -20.186602, 30.494267, 2.874630, 42.301961
197, -17.447437, 30.471467, 10.403605, 42.554551
198, -13.627198, 30.585667, 30.215390, 36.346439
199, -9.312100, 30.904033, 40.861919, 32.428209
200, -4.703000, 31.281567, 34.634463, 32.076388
201, -0.105066, 31.636067, 33.955489, 32.375225
202, 4.527000, 31.801633, 34.182840, 32.741308
203, 9.247969, 31.712300, 34.691027, 32.910283
204, 13.866701, 31.405800, 33.390996, 32.604599
205, 18.610968, 30.855000, 32.549765, 32.384616
206, 23.201935, 30.196233, 30.255916, 32.940700
207, 27.612768, 29.500800, 28.591440, 33.105347
208, 31.756133, 28.668200, 27.196766, 32.971793
209, 35.713535, 27.699833, 34.029596, 28.479495
210, 39.373735, 26.687700, 45.902587, 18.763644
211, 42.554534, 25.751633, 47.108850, 17.135238
212, 45.057800, 24.969833, 47.905525, 17.411841
213, 46.966567, 24.177733, 47.932769, 18.154862
214, 48.247333, 23.389567, 46.161044, 18.176115
215, 49.119433, 22.642967, 45.934491, 18.672713
216, 49.734900, 21.976267, 43.225138, 18.544391
217, 50.112500, 21.435600, 42.965935, 18.390711
218, 50.618833, 20.700600, 44.620416, 19.122396
219, 51.268033, 19.995567, 43.837851, 19.304570
220, 52.048033, 19.294667, 44.559178, 19.567168
221, 53.198400, 18.497100, 43.354123, 18.565444
222, 54.767433, 17.450367, 54.053006, 9.904215
223, 56.700633, 16.202333, 68.690444, -2.851412
224, 58.921666, 14.866100, 74.124438, -6.348883
225, 61.224033, 13.637167, 75.876521, -5.242301
226, 63.521566, 12.557533, 75.533349, -4.217440
227, 65.710300, 11.580033, 75.183898, -4.571636
228, 67.659800, 10.816300, 74.617261, -4.278982
229, 69.307267, 10.295033, 73.360975, -3.967999
230, 70.589400, 9.788200, 73.284088, -3.603265
231, 71.478633, 9.252133, 71.676841, -3.020262
232, 72.151367, 8.827333, 71.825435, -2.778738
233, 72.718233, 8.465100, 73.793284, -1.744252
234, 73.151233, 8.060500, 71.597007, -2.801114
235, 73.486033, 7.675767, 69.698475, -3.423898
236, 73.751200, 7.371700, 70.498726, -3.077365
237, 73.931267, 6.999233, 71.264253, -2.702120
238, 74.029133, 6.627667, 71.293496, -2.762424
239, 74.018133, 6.345200, 71.323438, -2.722901
240, 74.059833, 6.068300, 79.105797, -1.146013
241, 74.362367, 5.807133, 92.410338, 0.413924
242, 75.118933, 5.665967, 93.420713, 0.448183
243, 76.278500, 5.660533, 94.170411, 0.416093
244, 77.782066, 5.771367, 93.970413, 0.236362
245, 79.561967, 6.000167, 92.710410, 0.282088
246, 81.471266, 6.340100, 100.805531, 5.865407
247, 83.497000, 6.767300, 107.809054, 9.825818
248, 85.441733, 7.256500, 109.011973, 10.569368
249, 87.245933, 8.063333, 108.165704, 10.989166
250, 88.914733, 9.473533, 107.205844, 11.190966
251, 90.452447, 11.325133, 106.702388, 11.662605
252, 91.821793, 13.459200, 107.184041, 22.221950
253, 93.058168, 15.422000, 106.596920, 28.583407
254, 94.156151, 17.292266, 106.732587, 28.542253
255, 95.096789, 19.309767, 106.487813, 28.047244
256, 95.999292, 21.088467, 105.204675, 27.688770
257, 96.778562, 22.666200, 103.499755, 31.773615
258, 97.354471, 24.148600, 99.639325, 40.879538
259, 97.637825, 25.390300, 99.498007, 42.652597
260, 97.614900, 26.407467, 99.808984, 42.181104
261, 97.324965, 27.204333, 99.840310, 42.371691
262, 96.890458, 27.806033, 98.401792, 41.380247
263, 96.381853, 28.332367, 99.043827, 40.495560
264, 95.835732, 28.769200, 99.173826, 39.741712
265, 95.383844, 29.028600, 97.931359, 38.750033
266, 94.915791, 28.813533, 97.661505, 32.966940
267, 94.386464, 28.007100, 96.883915, 16.780217
268, 93.736014, 26.772533, 96.749443, 14.615246
269, 93.110765, 25.547433, 95.016645, 13.243727
270, 92.559968, 24.509033, 96.310217, 14.333849
271, 92.009365, 23.437234, 96.928939, 14.907623
272, 91.223463, 21.668301, 96.207915, 14.142243
273, 89.838638, 18.677668, 94.155429, 10.069537
274, 87.746568, 14.650937, 85.845811, -3.819722
275, 85.257600, 10.260798, 75.540998, -16.594903
276, 82.614233, 6.302597, 71.378894, -19.869337
277, 80.322700, 3.898050, 70.972880, -18.791559
278, 77.664699, 1.903633, 69.517476, -18.018247
279, 75.809033, 0.716333, 69.948504, -16.857113
280, 74.507867, 0.175400, 71.501692, -15.481302
281, 73.322033, -0.303039, 72.354611, -14.876936
282, 72.037033, -0.974318, 72.911603, -14.080961
283, 70.586133, -1.819358, 73.270428, -13.609286
284, 69.208633, -2.583818, 72.859034, -14.207763
285, 68.120567, -3.054304, 73.532510, -13.135924
286, 67.494600, -3.221586, 74.103958, -13.239121
287, 67.189800, -3.121158, 74.753112, -12.829661
288, 66.920000, -3.009880, 74.626389, -12.583516
289, 66.505667, -2.959772, 74.326413, -12.631473
290, 65.583433, -2.946272, 73.926503, -12.656970
291, 64.236400, -3.012542, 73.520814, -12.942968
292, 62.425768, -3.074135, 70.565688, -12.600539
293, 60.042434, -3.010486, 60.224456, -10.421349
294, 57.227734, -2.891472, 49.811299, -10.460181
295, 54.144467, -2.871973, 47.702828, -11.643048
296, 50.862267, -2.875364, 47.482701, -12.275195
297, 47.348033, -2.911953, 47.131729, -11.663399
298, 43.794033, -3.095807, 46.532131, -12.607840
299, 40.248732, -3.429791, 46.843313, -12.921506
300, 36.816100, -3.742329, 42.715131, -12.478641
301, 33.516867, -3.854929, 27.286517, -11.506797
302, 30.398566, -3.978731, 18.723316, -12.075610
303, 27.592533, -4.147090, 18.343730, -13.450324
304, 25.129033, -4.288924, 19.151571, -13.368386
305, 22.948733, -4.426418, 20.607368, -12.997192
306, 21.017100, -4.617774, 20.317759, -13.394949
307, 19.200267, -4.885536, 20.484360, -13.389298
308, 17.372733, -5.273959, 21.308323, -13.797174
309, 15.341767, -5.848395, 21.157919, -13.675419
310, 13.076167, -6.503874, 18.757575, -14.318733
311, 10.307667, -6.971496, 3.293817, -12.427087
312, 7.049867, -7.122264, -16.514686, -12.588431
313, 3.677833, -6.922818, -26.248666, -12.484534
314, 0.297032, -6.126732, -28.457293, -12.773232
315, -2.967967, -5.079083, -26.684740, -12.778462
316, -6.175800, -3.457386, -25.785402, -12.203245
317, -9.362634, -1.052285, -24.583321, -11.883323
318, -12.484134, 1.744433, -23.192486, -11.514702
319, -15.560534, 4.797366, -22.289688, -10.716340
320, -18.647634, 8.229099, -29.670994, -4.094043
321, -21.826401, 11.787665, -44.679224, 4.896984
322, -25.005768, 15.433967, -48.920315, 6.277774
323, -28.054267, 18.939001, -48.861785, 5.504044
324, -30.968267, 21.910467, -51.058199, 13.001006
325, -33.648101, 24.457468, -54.330784, 23.683273
326, -36.092934, 26.405867, -54.160824, 24.702839
327, -38.219567, 28.225733, -54.387064, 23.085252
328, -39.993400, 29.922834, -52.201912, 21.712349
329, -41.411300, 31.105000, -50.851391, 20.953676
330, -42.525400, 32.054400, -50.368547, 20.563236
331, -43.558667, 32.683000, -49.784634, 19.808924
332, -44.551133, 33.001433, -49.441225, 19.682622
333, -45.612200, 32.917833, -48.867213, 19.572184
334, -46.763500, 32.657767, -48.777977, 19.374280
335, -48.062700, 32.144433, -49.716934, 18.278077
336, -49.477967, 31.324367, -53.013634, 15.130522
337, -50.895267, 30.166767, -61.916092, 7.378716
338, -52.256600, 28.727033, -63.573554, 5.074320
339, -53.560933, 27.124267, -62.453284, 5.785588
340, -54.778667, 25.191534, -61.969639, 6.126245
341, -55.851500, 22.880000, -62.180202, 5.473476
342, -56.806767, 20.184201, -65.798684, -1.309101
343, -57.624833, 16.970967, -69.870651, -11.198021
344, -58.270867, 13.471133, -69.721436, -12.286838
345, -58.791433, 9.860701, -68.593932, -11.145016
346, -59.186733, 5.976668, -67.036079, -9.607925
347, -59.545400, 2.085098, -67.148484, -9.527268
348, -60.141733, -1.099386, -66.737011, -8.285858
349, -60.870467, -4.147436, -66.875527, -6.773866
350, -61.717133, -7.026050, -68.409339, -6.294386
351, -62.629833, -9.890671, -67.749385, -5.396758
352, -63.583200, -12.325848, -67.895081, -3.646607
353, -64.613600, -13.836930, -66.931709, -2.522706
354, -65.692133, -14.461700, -68.660316, 0.424267
355, -66.943200, -14.308567, -69.062927, 1.625896
356, -68.330600, -14.149253, -68.535537, 1.773807
357, -69.709767, -14.020607, -69.985869, 2.198749
358, -71.139933, -13.818843, -69.596840, 2.749499
359, -72.728133, -13.512957, -67.509435, 2.891197
360, -74.478266, -13.255550, -67.645141, 1.750137
361, -76.523466, -12.953467, -79.144425, -8.313477
362, -79.134500, -12.756830, -96.407864, -16.424403
363, -82.063466, -12.614430, -104.831077, -18.943853
364, -85.223067, -12.422023, -108.445034, -19.691031
365, -88.454034, -12.285337, -106.289685, -20.511221
366, -91.508068, -12.203607, -105.240411, -21.003663
367, -94.192234, -12.116427, -103.835404, -20.759636
368, -96.343434, -12.103957, -103.113943, -21.004383
369, -97.949400, -11.986240, -101.839371, -20.794323
370, -99.009867, -11.857907, -104.768929, -20.147757
371, -99.703800, -11.611917, -117.416847, -16.923414
372, -100.173733, -11.250560, -119.561119, -16.653051
373, -100.566500, -10.873510, -118.855889, -16.584071
374, -101.019533, -10.483537, -117.319921, -16.256620
375, -101.545433, -10.050345, -117.624194, -16.364214
376, -102.106300, -9.605114, -118.802697, -17.089882
377, -102.621333, -9.136936, -117.622918, -16.691891
378, -103.034333, -8.628279, -116.970445, -11.794272
379, -103.264400, -7.890479, -117.128785, 1.839486
380, -103.360067, -6.723168, -116.064485, 10.424335
381, -103.272567, -5.287086, -116.952153, 11.893409
382, -103.067967, -3.605180, -117.162431, 11.762038
383, -102.782300, -1.897310, -114.373762, 13.829633
384, -102.336767, 0.100310, -112.313849, 21.770111
385, -101.874367, 2.299233, -111.882634, 23.940366
386, -101.296433, 4.490700, -112.528518, 23.799598
387, -100.649767, 6.733867, -113.831158, 22.744903
388, -100.066033, 9.065032, -111.231882, 21.114597
389, -99.574733, 11.967898, -110.743334, 22.776526
390, -99.202300, 15.384635, -112.763240, 32.902387
391, -98.947200, 18.696367, -112.672100, 38.494275
392, -98.639433, 21.660167, -116.107166, 38.722323
393, -98.009800, 24.286400, -113.205038, 36.907940
394, -97.029433, 26.597300, -108.613974, 35.572356
395, -95.813700, 28.995433, -111.776101, 42.946476
396, -94.472267, 31.315667, -113.473496, 51.382486
397, -93.190050, 32.881500, -115.283888, 52.416174
398, -91.490233, 34.814834, -113.687559, 50.726355
399, -90.152800, 36.177467, -109.968832, 49.401306
400, -88.996667, 37.329433, -108.676197, 48.823004
401, -88.017700, 38.307200, -110.964009, 47.711662
402, -87.118033, 39.206033, -113.273807, 47.073416
403, -86.144500, 40.055533, -111.124025, 49.079913
404, -85.024400, 40.903400, -104.481000, 58.088273
405, -83.508167, 41.618200, -102.227730, 58.876553
406, -81.712634, 42.116833, -103.146711, 58.449204
407, -79.515601, 42.543067, -101.315377, 57.396657
408, -76.385869, 42.983467, -103.360748, 57.806540
409, -72.226071, 43.070167, -98.803778, 57.193510
410, -67.109437, 42.988067, -94.973367, 56.184536
411, -61.057665, 42.869267, -93.157919, 56.786020
412, -54.678795, 42.478200, -68.361193, 53.690494
413, -48.968059, 41.609167, -57.985717, 51.160444
414, -44.689864, 40.548833, -59.059177, 50.065381
415, -41.912233, 39.787900, -60.772688, 50.210360
416, -40.203833, 39.133400, -64.142982, 50.137347
417, -39.087900, 38.361167, -64.844092, 50.137324
418, -37.590500, 37.526900, -57.127623, 47.132475
419, -35.271435, 36.446833, -37.935830, 34.856086
420, -32.028234, 35.023700, -25.267136, 23.785443
421, -28.304066, 33.324167, -23.641446, 22.186992
422, -24.524532, 31.269634, -22.931447, 21.784715
423, -21.177499, 28.741834, -21.337079, 21.642902
424, -18.472633, 25.729966, -21.411681, 18.446912
425, -16.334333, 22.448534, -11.222922, 5.258681
426, -14.584233, 19.115599, -4.598743, -4.289854
427, -13.149400, 16.604450, -4.890804, -3.504202
428, -11.213867, 13.984066, -5.871415, -2.970651
429, -9.753000, 12.034767, -6.087496, -2.458904
430, -8.495800, 10.305467, -6.073056, -2.076207
431, -7.457500, 8.620500, -6.744369, -1.082044
432, -6.573967, 7.009466, -5.623704, -0.429788
433, -5.736733, 5.477200, -6.106367, -0.292631
434, -5.044600, 4.016133, -7.320305, -0.726082
435, -4.442000, 2.672800, -6.837084, -0.528744
436, -3.758733, 1.388267, -6.367798, -0.368303
437, -2.921167, -0.033569, -6.415147, 0.945200
438, -1.614634, -1.507151, -5.603242, 1.239880
439, 0.297833, -2.866765, -4.074048, -0.587117
440, 2.475467, -4.112667, 0.702404, -8.248550
441, 4.678767, -5.060978, 2.749910, -9.973479
442, 6.606834, -5.497741, 3.573533, -9.064721
443, 7.986600, -5.634296, 1.504590, -9.384713
444, 8.655000, -5.547958, 1.389347, -8.285645
445, 8.618767, -5.172661, -0.912530, -8.155162
446, 7.929767, -4.463587, -2.143208, -7.270602
447, 6.850867, -3.486918, -12.891345, -0.975236
448, 5.592000, -2.235558, -17.113495, 1.113890
449, 4.262000, -0.824676, -17.412131, 1.127534
450, 2.849067, 0.791500, -17.883976, 1.757743
451, 1.474867, 2.463100, -17.265738, 1.843935
452, 0.273700, 4.060633, -16.165629, 1.763448
453, -0.745533, 5.634800, -15.251377, 4.535205
454, -1.534400, 7.179767, -13.423361, 12.284273
455, -2.054600, 8.718867, -13.732669, 12.765317
456, -2.267367, 10.234233, -14.171265, 12.576354
457, -2.214850, 11.404450, -12.624517, 12.615629
458, -1.800867, 12.853667, -11.532332, 13.009801
459, -1.123467, 13.950633, -9.934390, 12.977042
460, -0.156200, 14.883833, -8.738816, 12.842671
461, 1.043967, 15.647833, -7.492600, 12.715308
462, 2.395800, 16.183167, -7.033726, 12.180637
463, 3.971833, 16.482933, -5.338558, 12.548889
464, 5.816700, 16.513700, -5.246691, 11.878343
465, 7.763633, 16.235300, -6.429247, 10.568585
466, 9.709067, 15.585167, -4.600958, 10.412281
467, 11.654800, 14.580900, -6.180571, 9.382011
468, 13.505433, 13.216667, -4.960298, 9.125793
469, 15.253900, 11.732567, -6.285012, 8.060513
470, 16.870567, 10.158333, -5.895277, 7.654231
471, 18.279000, 8.454500, -6.008226, 6.800054
472, 19.433100, 6.738033, -6.751430, 6.186154
473, 20.312667, 4.950034, -3.431764, 5.883226
474, 20.932233, 3.037467, -6.479766, 4.076254
475, 21.267333, 0.964000, -1.814199, -5.473024
476, 21.367767, -1.280974, 4.635468, -13.369191
477, 21.325733, -3.416889, 2.931636, -15.448901
478, 21.106467, -5.185294, 2.135351, -15.148549
479, 20.708400, -6.656422, 2.355290, -13.956201
480, 20.225467, -7.683269, 2.732761, -13.420522
481, 19.916733, -8.317302, 2.557503, -12.912421
482, 20.097600, -8.754833, 2.517491, -12.310471
483, 21.041633, -9.192688, 4.372347, -12.222561
484, 23.054765, -9.572168, 5.996142, -12.045481
485, 26.069866, -9.829151, 7.674180, -12.260451
486, 29.855798, -10.034529, 8.689162, -12.644276
487, 33.638850, -10.091430, 17.178023, -15.055302
488, 39.162933, -9.974250, 44.434052, -16.801670
489, 44.461598, -9.597346, 64.541895, -16.293050
490, 50.178864, -8.899987, 80.555363, -15.101068
491, 56.168001, -8.053023, 87.296465, -13.958967
492, 62.080801, -7.362844, 87.501122, -14.509987
493, 67.703571, -6.677742, 84.962544, -15.068242
494, 72.842738, -6.082340, 82.436496, -15.588441
495, 77.256602, -5.506287, 81.296221, -16.003284
496, 80.522870, -4.947371, 80.781612, -15.553079
497, 82.351767, -4.614126, 78.659156, -15.773987
498, 83.343367, -4.596277, 76.534243, -16.130029
499, 83.390567, -4.882350, 75.083140, -16.975246
500, 82.785900, -5.282059, 73.959357, -17.276223
501, 81.699934, -5.575495, 74.143995, -14.251200
502, 80.320300, -5.661597, 74.372103, -7.611507
503, 78.852767, -5.558189, 72.761926, -7.593126
504, 77.241700, -5.368305, 71.061067, -7.995035
505, 75.445867, -5.145468, 72.514890, -7.550746
506, 73.460267, -4.905389, 70.564325, -7.820204
507, 71.185667, -4.660831, 68.246515, -8.052382
508, 68.649534, -4.429980, 55.876366, -9.089532
509, 65.974833, -4.219435, 43.392514, -10.823148
510, 63.373033, -3.952004, 38.572807, -11.924933
511, 61.076766, -3.586450, 38.924271, -12.033676
512, 59.190433, -3.275313, 39.769050, -12.141263
513, 57.637033, -3.121549, 41.991803, -12.576145
514, 56.433600, -3.019327, 42.880125, -12.950816
515, 55.554333, -2.923770, 44.351117, -12.806206
516, 55.059567, -2.915597, 44.798624, -12.562950
517, 54.910700, -2.953911, 46.184355, -12.118668
518, 54.999000, -2.957773, 46.574782, -12.204707
519, 55.346133, -2.989925, 47.025777, -12.391176
520, 55.825600, -3.032683, 47.493741, -12.432936
521, 56.470467, -3.038197, 47.690309, -12.629230
522, 57.332333, -2.981274, 47.842117, -12.706909
523, 58.575767, -2.832937, 48.304320, -12.457019
524, 60.487898, -2.444864, 50.357941, -12.808278
525, 63.332767, -1.975295, 62.895901, -16.083017
526, 66.594266, -1.589062, 71.915695, -17.572802
527, 70.098733, -1.196585, 73.535682, -16.725021
528, 73.529567, -1.017317, 74.150614, -16.878132
529, 76.665900, -0.959298, 74.535827, -16.644887
530, 79.399301, -0.971105, 73.990793, -17.150044
531, 80.909000, -1.016360, 72.542391, -22.690284
532, 80.909000, -1.016360, 72.542391, -22.690284
533, 83.876200, -1.338147, 66.135885, -38.373545
534, 84.034200, -1.451033, 74.339683, -23.208271
535, 84.012633, -1.543557, 73.320339, -15.606329
536, 83.755733, -1.556442, 75.633466, -12.519596
537, 83.358600, -1.459848, 73.731043, -12.884482
538, 82.910633, -1.357959, 73.708414, -15.270374
539, 82.595600, -1.293029, 73.866583, -20.163004
540, 82.595600, -1.293029, 73.866583, -20.163004
541, 82.595600, -1.293029, 73.866583, -20.163004
542, 81.033250, -0.867289, 76.362533, -35.234887
543, 80.824667, -0.649489, 75.421158, -19.556534
544, 80.644067, -0.447160, 77.058653, -14.013045
545, 80.456767, -0.261611, 77.192552, -13.534845
546, 80.212100, -0.152301, 76.566129, -13.933764
547, 80.009500, -0.142078, 78.847189, -19.619539
548, 80.009500, -0.142078, 78.847189, -19.619539
549, 80.009500, -0.142078, 78.847189, -19.619539
550, 80.009500, -0.142078, 78.847189, -19.619539
551, 80.009500, -0.142078, 78.847189, -19.619539
552, 80.009500, -0.142078, 78.847189, -19.619539
553, 75.032800, -0.141387, 66.823479, -36.138049
554, 74.741767, -0.141057, 56.880488, -15.587338
555, 74.329067, -0.150254, 60.136173, -10.523775
556, 73.886267, -0.222180, 60.935647, -9.777531
557, 73.172933, -0.411156, 60.588748, -9.898594
558, 71.951000, -0.691634, 60.948620, -9.739867
559, 70.138834, -1.053393, 59.696430, -10.203100
560, 67.733167, -1.429293, 60.193759, -9.400943
561, 64.850366, -1.864166, 59.883851, -9.611791
562, 61.694334, -2.337791, 59.098749, -10.364260
563, 58.397134, -2.862223, 55.141700, -12.076979
564, 54.937067, -3.490727, 36.131608, -16.359168
565, 51.386267, -4.198986, 21.865972, -18.277896
566, 47.820967, -4.775900, 18.180796, -19.190372
567, 44.322334, -5.184261, 17.950957, -19.767517
568, 40.978533, -5.493121, 19.940926, -19.222145
569, 37.748200, -5.719409, 21.666499, -19.473321
570, 34.644200, -5.920604, 22.357136, -18.771984
571, 31.758533, -6.122687, 23.901788, -18.728646
572, 29.110600, -6.265721, 24.621442, -18.441839
573, 26.723367, -6.390378, 23.899809, -18.425498
574, 24.630967, -6.465316, 13.596635, -14.644024
575, 22.776900, -6.428852, 4.972903, -12.323473
576, 21.178900, -6.251986, 3.767636, -13.305336
577, 19.790833, -6.038045, 4.702061, -13.173582
578, 18.497100, -5.840852, 5.694564, -13.479269
579, 17.250167, -5.570988, 7.184881, -13.109199
580, 15.907167, -5.161915, 7.895722, -12.428795
581, 14.372433, -4.719586, 7.716067, -12.963071
582, 12.665600, -4.279969, 8.383608, -12.862899
583, 10.665834, -3.794707, 8.211394, -12.868625
584, 8.487534, -3.316714, 7.196624, -13.624165
585, 6.145667, -2.866104, 4.855420, -12.885884
586, 3.573334, -2.412942, -8.524295, -9.399449
587, 0.767433, -1.991548, -25.920344, -9.722156
588, -2.137167, -1.648248, -34.570467, -10.455412
589, -5.125034, -1.426827, -36.800310, -11.234983
590, -7.988467, -1.274090, -34.461935, -11.472846
591, -10.676067, -1.118755, -33.025003, -11.542670
592, -13.142400, -0.989783, -32.268275, -11.600764
593, -15.376000, -0.909834, -31.059630, -12.033994
594, -17.398900, -0.858314, -29.858393, -11.974141
595, -19.203467, -0.885771, -28.304894, -11.775179
596, -20.810000, -0.994377, -27.506347, -11.365263
597, -22.249234, -1.179901, -27.094929, -11.366392
598, -23.593700, -1.447079, -26.313182, -11.384379
599, -24.827900, -1.732065, -26.290054, -11.670953
600, -25.638900, -1.929306, -26.081117, -11.125023
