1, 15.881500, 14.434900, 13.262985, -6.141827
2, 15.881500, 14.434900, 13.262985, -6.141827
3, 15.687700, 13.387150, 14.657561, -5.452051
4, 15.803500, 13.542000, 12.643674, -2.317371
5, 15.950967, 13.467600, 12.151088, -2.102976
6, 16.159333, 13.201667, 12.399538, -1.749188
7, 16.398800, 12.819300, 11.796540, -1.566288
8, 16.629967, 12.422900, 12.256982, -1.810823
9, 16.867867, 12.272133, 12.943513, -1.183662
10, 17.088067, 12.398933, 13.224452, -0.829512
11, 17.234367, 12.438733, 12.931954, -0.722875
12, 17.249200, 12.311267, 12.269344, -1.036441
13, 17.213833, 12.089167, 12.470628, -1.371462
14, 17.205367, 11.895433, 12.580375, -1.462539
15, 17.242533, 11.710733, 12.373884, -1.596310
16, 17.334400, 11.372900, 12.459841, -1.779748
17, 17.470733, 10.856867, 12.425303, -2.165628
18, 17.600833, 10.353167, 12.660306, -2.167192
19, 17.689200, 10.080000, 12.792616, -1.887687
20, 17.757833, 9.783733, 12.659945, -2.022364
21, 17.816833, 9.506300, 12.867172, -2.049697
22, 17.857467, 9.263267, 12.734433, -1.992194
23, 17.900133, 9.068633, 12.989749, -1.734916
24, 17.940300, 8.923900, 12.949166, -1.642347
25, 17.960100, 8.756267, 12.896201, -1.658615
26, 17.946467, 8.534533, 12.890167, -1.681427
27, 17.883100, 8.282667, 12.746856, -1.838097
28, 17.796300, 7.979267, 12.612491, -2.154043
29, 17.681600, 7.579300, 12.557489, -2.109265
30, 17.500067, 7.062467, 12.395752, -2.707301
31, 17.255700, 6.357933, 11.640355, -3.417310
32, 16.935367, 5.510600, 9.814415, -5.962543
33, 16.555367, 4.659700, 9.369303, -6.480223
34, 16.116333, 4.006167, 8.784699, -6.421967
35, 15.686100, 3.741867, 9.611174, -5.891691
36, 15.277833, 3.601867, 9.469157, -5.733413
37, 14.924233, 3.463533, 9.315254, -5.663502
38, 14.705667, 3.365100, 9.196088, -5.604903
39, 14.624633, 3.333033, 9.207330, -5.567195
40, 14.697633, 3.400500, 9.674950, -5.453962
41, 14.880533, 3.431800, 9.911529, -5.325670
42, 15.097800, 3.431600, 10.092123, -5.324347
43, 15.302033, 3.422700, 10.243316, -5.360991
44, 15.477267, 3.435867, 10.276225, -5.420709
45, 15.611067, 3.461467, 10.170292, -5.382942
46, 15.682600, 3.440433, 10.173146, -5.348634
47, 15.710700, 3.402567, 10.162182, -5.096462
48, 15.719067, 3.358833, 11.714538, -2.244355
49, 15.741100, 3.381167, 17.803254, -0.500639
50, 15.872300, 3.473567, 27.208172, 0.094971
51, 16.152100, 3.564100, 27.232167, -0.135456
52, 16.538267, 3.627867, 28.029211, -0.070996
53, 17.005733, 3.674500, 28.833290, -0.130062
54, 17.549700, 3.721500, 28.921030, -0.203746
55, 18.146767, 3.779100, 28.544048, -0.284939
56, 18.797100, 3.844733, 28.375108, -0.160602
57, 19.464867, 3.951767, 28.770018, -0.001776
58, 20.169267, 4.132300, 29.335284, 0.208903
59, 20.911533, 4.434867, 29.487856, 0.442850
60, 21.718667, 5.307933, 29.135650, 7.169306
61, 22.661700, 7.319499, 29.065232, 20.882688
62, 23.607600, 10.235501, 29.476960, 29.921678
63, 24.557433, 13.424934, 29.368189, 32.749456
64, 25.506333, 16.087668, 29.255605, 31.503141
65, 26.302467, 17.814667, 29.015328, 31.156654
66, 26.875000, 19.024133, 29.837359, 35.216412
67, 27.330033, 20.131200, 30.038625, 35.708573
68, 27.665367, 20.916500, 30.094282, 35.779527
69, 27.975067, 21.658000, 29.985348, 36.100402
70, 28.254333, 22.484733, 30.520859, 38.273683
71, 28.514200, 23.372633, 32.020638, 41.472594
72, 28.756233, 24.321633, 32.048955, 41.657499
73, 29.018000, 25.519167, 32.019782, 42.247941
74, 29.296200, 26.903067, 31.271249, 47.056550
75, 29.588900, 28.280833, 30.163295, 52.118221
76, 29.907467, 29.606300, 29.873748, 53.910707
77, 30.241400, 30.899967, 30.290663, 53.955222
78, 30.517167, 32.083933, 29.485612, 52.616254
79, 30.828733, 32.848467, 28.778314, 52.213141
80, 31.234667, 33.149033, 29.102174, 51.389440
81, 31.565067, 33.402833, 29.502661, 51.058634
82, 31.827967, 33.706567, 29.541026, 50.504254
83, 32.053033, 33.884333, 29.236196, 50.402572
84, 32.180167, 34.018033, 29.218559, 50.165318
85, 32.321200, 34.142433, 27.615226, 43.221093
86, 32.447367, 34.132433, 26.517318, 31.886658
87, 32.560500, 34.036167, 26.433650, 29.528639
88, 32.728100, 33.898867, 26.293413, 29.186528
89, 32.817533, 33.685867, 26.418227, 29.155840
90, 32.828533, 33.425400, 26.202552, 28.951579
91, 32.882633, 33.177133, 26.052354, 28.719712
92, 32.830133, 32.918800, 26.112083, 28.399901
93, 32.718467, 32.609700, 25.848439, 28.054148
94, 32.707433, 32.249167, 25.744392, 27.845435
95, 32.724167, 31.945100, 25.862098, 27.856484
96, 32.802167, 31.719200, 26.003085, 28.055569
97, 32.991067, 31.583900, 26.186748, 27.921880
98, 33.242600, 31.544167, 26.192948, 28.292024
99, 33.475767, 31.557833, 26.312038, 28.361118
100, 33.693833, 31.591267, 26.649659, 28.492411
101, 33.912633, 31.621433, 26.773446, 29.057329
102, 34.203167, 31.674533, 26.636467, 30.598440
103, 34.568067, 31.706767, 26.843657, 30.649655
104, 34.995633, 31.729400, 27.128693, 30.617245
105, 35.599567, 31.799433, 26.994262, 30.578152
106, 36.423500, 31.865567, 27.473204, 30.523468
107, 37.463967, 31.840033, 27.969194, 30.483665
108, 38.700233, 31.760400, 28.685882, 30.194282
109, 40.067433, 31.627600, 29.006507, 30.351736
110, 41.527933, 31.449333, 28.847366, 30.437697
111, 43.012300, 31.272967, 28.132426, 29.910857
112, 44.469167, 31.123000, 28.873710, 30.833407
113, 45.893500, 30.961867, 28.087483, 30.491632
114, 47.240200, 30.796767, 28.161216, 30.090785
115, 48.643033, 30.547533, 29.339395, 30.618132
116, 50.185500, 30.131400, 29.828821, 29.846037
117, 52.049300, 29.483333, 42.474865, 25.649821
118, 54.479866, 28.639900, 56.856619, 19.796725
119, 57.275033, 27.582633, 70.465752, 15.014263
120, 60.198434, 26.521033, 76.818604, 12.405391
121, 63.064167, 25.628033, 76.165064, 12.437535
122, 65.752367, 24.938533, 76.374590, 12.523828
123, 68.190634, 24.275500, 76.299736, 12.909855
124, 70.346034, 23.503933, 75.935155, 12.548306
125, 72.280900, 22.604033, 75.751432, 12.477721
126, 74.124367, 21.674900, 75.837338, 12.249860
127, 76.092267, 20.780700, 76.021603, 12.369212
128, 78.136400, 19.813200, 76.808384, 12.618609
129, 80.115100, 18.745700, 80.682803, 9.016222
130, 82.125933, 17.664600, 92.575837, 1.944089
131, 84.072734, 16.669900, 94.661052, 0.306140
132, 85.816900, 15.773000, 93.714128, 0.120675
133, 87.297733, 14.936567, 93.189403, 0.309118
134, 88.510500, 14.131433, 92.776621, 0.274394
135, 89.456100, 13.440733, 92.680138, 0.367614
136, 90.124954, 12.922500, 92.499690, 0.500832
137, 90.462156, 12.513300, 91.741947, 0.499067
138, 90.450696, 12.157367, 91.593000, 0.707917
139, 90.018664, 11.882600, 90.774290, 0.737094
140, 89.020734, 11.688933, 89.794964, 0.907168
141, 87.363267, 11.530000, 82.309081, -0.138466
142, 84.978434, 11.349000, 68.586910, -2.548146
143, 82.201134, 11.134633, 62.150302, -3.582991
144, 79.237734, 10.904633, 60.635001, -4.240108
145, 76.141333, 10.700833, 59.710217, -4.233270
146, 72.937933, 10.489767, 57.897572, -4.232015
147, 69.888099, 10.224100, 56.351080, -4.572212
148, 67.141300, 9.922100, 54.841260, -4.733102
149, 64.771266, 9.733233, 53.745183, -4.585378
150, 62.778066, 9.593700, 52.123333, -4.548094
151, 61.123800, 9.526233, 51.722869, -4.359045
152, 59.759567, 9.584800, 50.213540, -4.188732
153, 58.508700, 9.702500, 49.533609, -4.091110
154, 57.360633, 9.846333, 48.918542, -3.834955
155, 56.192567, 10.022500, 47.834239, -3.608198
156, 54.998467, 10.180133, 46.825564, -3.508523
157, 53.852700, 10.241767, 45.753834, -3.591011
158, 52.759833, 10.321800, 44.733357, -3.646590
159, 51.769533, 10.399433, 43.871024, -3.631368
160, 50.937500, 10.442967, 43.203718, -3.574869
161, 50.254333, 10.434500, 42.620955, -3.483946
162, 49.785933, 10.353333, 42.226625, -3.528087
163, 49.621800, 10.176233, 42.085142, -3.683380
164, 49.786967, 9.928000, 42.023527, -3.703304
165, 50.240467, 9.707900, 41.448586, -3.632290
166, 50.912200, 9.446767, 41.599804, -3.573745
167, 51.742267, 9.224433, 41.658613, -3.605834
168, 52.529467, 9.079367, 41.628167, -3.536884
169, 53.216333, 8.942900, 42.235389, -3.613636
170, 53.830433, 8.840533, 50.713492, -2.728727
171, 54.606967, 8.699933, 54.851153, -2.435293
172, 55.663567, 8.564567, 55.802410, -2.478334
173, 56.936400, 8.447867, 56.717225, -2.657651
174, 58.458333, 8.284200, 58.030143, -2.872615
175, 60.171767, 8.168700, 59.347091, -2.804665
176, 61.909033, 8.091100, 62.016697, -2.027774
177, 63.674033, 7.886067, 62.821283, -2.129462
178, 65.419400, 7.747333, 63.910627, -1.822883
179, 67.008967, 7.682567, 64.597526, -1.823194
180, 68.470767, 7.629467, 65.217360, -1.917002
181, 69.798700, 7.640033, 65.484213, -1.760684
182, 70.889800, 7.669200, 65.622711, -1.348365
183, 71.604367, 7.682267, 65.323983, -1.694512
184, 71.708967, 7.773433, 65.134848, -1.942261
185, 70.915767, 7.853033, 64.284634, -1.794962
186, 69.275768, 8.088700, 57.407242, -1.388257
187, 66.720467, 8.429567, 43.357579, -1.076600
188, 63.606734, 8.744600, 31.564687, -1.183282
189, 60.266766, 8.962967, 26.007317, -0.888152
190, 57.087399, 9.114033, 25.559772, -1.249823
191, 54.309499, 9.235233, 25.878736, -1.091025
192, 52.012599, 9.280933, 26.441276, -1.392920
193, 50.298066, 9.273300, 27.111664, -1.450337
194, 49.194267, 9.230667, 27.742234, -1.561239
195, 48.641300, 9.178933, 28.352947, -1.378313
196, 48.602400, 9.057067, 28.878390, -1.394417
197, 48.928733, 8.884300, 29.149926, -1.429816
198, 49.408800, 8.782833, 29.667716, -1.324307
199, 49.894100, 8.798767, 29.867959, -1.279028
200, 50.483367, 8.908000, 29.956001, -1.107161
201, 51.440500, 9.075400, 30.295257, -1.054312
202, 53.099632, 9.259533, 33.193383, -1.210108
203, 55.724164, 9.373733, 47.431954, -0.750684
204, 59.107765, 9.314533, 62.642253, -0.844892
205, 62.820268, 9.140600, 76.973435, -1.622863
206, 66.582202, 8.951200, 81.116008, -2.273015
207, 69.854635, 8.833600, 80.243145, -2.296330
208, 72.347767, 8.740900, 79.549166, -2.205593
209, 74.083000, 8.680300, 78.867557, -1.839502
210, 74.917267, 8.712267, 77.909583, -1.620612
211, 75.128933, 8.827733, 77.385512, -1.499223
212, 75.325467, 8.860400, 76.839420, -1.149566
213, 75.768333, 8.790267, 77.031998, -1.215176
214, 76.613067, 8.767367, 78.918646, -1.630069
215, 78.013633, 8.901267, 83.015597, -1.709328
216, 79.958766, 9.055367, 84.663416, -1.610767
217, 82.110900, 9.141400, 85.991529, -1.618663
218, 84.394567, 9.107800, 87.143448, -1.295991
219, 86.563067, 8.879200, 87.775416, -1.651454
220, 88.487334, 8.365967, 88.569550, -1.842476
221, 90.190509, 7.513000, 89.097295, -2.271534
222, 91.687386, 6.380567, 89.562205, -2.578886
223, 93.253975, 5.180233, 90.482134, -2.869257
224, 94.960880, 3.974667, 91.363432, -2.887093
225, 96.782044, 2.974500, 91.390984, -2.680677
226, 98.783944, 2.332167, 92.138139, -2.489644
227, 100.818807, 1.969567, 92.088744, -2.265605
228, 102.694314, 1.712000, 92.043225, -1.920307
229, 104.409993, 1.449600, 92.091546, -1.746021
230, 105.965800, 1.181500, 91.447547, -1.706387
231, 107.590613, 0.994000, 94.600620, -2.101470
232, 109.607530, 0.921500, 104.373376, -4.475267
233, 111.918220, 0.929700, 116.372493, -6.668112
234, 114.478723, 1.105200, 125.750567, -1.738383
235, 117.285420, 1.334800, 135.107193, -1.127651
236, 120.280493, 1.713933, 142.149549, -1.836442
237, 123.516737, 2.286667, 143.999604, -1.722837
238, 126.749874, 2.872667, 144.230761, -1.769266
239, 129.875134, 3.525633, 144.151959, -1.562798
240, 132.822764, 4.145967, 142.900024, -1.934272
241, 135.612347, 4.589900, 142.872154, -1.924278
242, 138.383953, 5.058333, 153.968062, -0.771890
243, 141.275963, 5.506100, 168.700170, -0.343022
244, 144.219096, 5.848367, 175.444770, -1.348632
245, 147.298739, 6.114967, 174.630872, -2.127087
246, 150.596560, 6.251600, 175.160613, -1.936328
247, 154.143059, 6.245367, 175.243102, -2.460000
248, 157.946070, 6.015033, 175.927745, -2.842666
249, 161.696781, 5.732067, 174.979671, -2.990319
250, 165.162963, 5.505767, 175.048164, -3.011737
251, 168.332238, 5.272300, -178.033768, -4.776222
252, 171.174631, 4.967700, -166.783082, -7.497031
253, 173.558677, 4.657300, -166.060807, -7.600521
254, 175.509784, 4.356267, -167.821043, -7.898908
255, 177.096553, 4.170133, -169.025010, -7.877347
256, 178.508743, 4.087100, -168.931044, -7.657678
257, 179.788107, 4.276600, -169.641694, -7.471174
258, -179.047347, 4.746100, -168.889299, -7.609794
259, -177.786990, 4.998767, -169.639905, -7.343579
260, -176.510837, 4.721900, -169.590672, -7.586964
261, -175.245553, 4.048100, -168.696541, -8.356250
262, -174.085130, 3.113167, -169.145548, -8.774306
263, -173.033390, 2.307067, -168.402534, -9.358215
264, -172.094263, 1.853300, -157.405529, -13.371441
265, -171.135727, 1.504767, -146.337978, -17.267292
266, -170.040737, 1.011100, -145.635879, -18.206304
267, -168.685167, 0.494067, -145.305065, -18.720607
268, -166.997767, -0.112251, -145.588944, -18.527900
269, -165.210467, -0.655426, -143.232912, -18.705132
270, -163.451533, -1.212122, -143.788739, -18.796462
271, -161.871633, -1.874687, -143.561743, -19.167257
272, -160.566233, -2.533757, -143.699385, -18.840194
273, -159.462833, -3.074653, -144.609769, -18.800470
274, -158.623600, -3.406680, -139.850121, -14.174565
275, -157.864833, -3.560051, -131.739393, -7.353040
276, -157.080600, -3.644831, -130.012626, -6.397757
277, -156.219767, -3.676548, -129.106040, -6.084011
278, -155.165900, -3.611483, -130.878034, -6.265370
279, -153.988933, -3.417653, -130.975218, -6.391017
280, -152.883433, -3.280118, -130.396437, -6.705540
281, -151.885033, -3.201998, -130.959589, -6.700534
282, -150.972567, -3.146493, -130.574206, -6.575433
283, -150.116467, -3.063882, -129.763313, -6.521960
284, -149.120000, -2.969233, -130.797504, -6.638026
285, -148.006400, -2.954968, -130.880921, -6.796698
286, -146.714233, -2.934495, -129.358640, -6.719913
287, -145.218233, -2.926501, -127.570929, -7.357275
288, -143.662267, -2.846595, -116.983698, -10.042763
289, -142.149967, -2.705503, -109.891965, -12.356121
290, -140.784633, -2.526600, -111.610961, -12.996559
291, -139.658100, -2.394940, -111.698063, -13.087062
292, -138.622967, -2.286572, -111.218298, -13.322944
293, -137.591067, -2.155976, -111.841811, -13.192158
294, -136.508967, -1.981556, -112.011732, -12.895135
295, -135.354533, -1.763532, -110.956478, -12.901913
296, -134.247900, -1.633269, -111.624463, -12.921131
297, -133.202833, -1.587513, -111.534885, -12.974175
298, -132.166933, -1.651374, -110.242448, -12.897924
299, -131.069733, -1.721559, -111.718325, -13.282536
300, -129.823433, -1.742660, -110.786492, -13.193902
301, -128.427533, -1.772832, -109.856718, -13.698302
302, -126.972367, -1.787216, -110.677591, -13.031437
303, -125.539667, -1.745593, -108.496228, -4.558424
304, -124.215167, -1.589726, -107.549586, -1.786822
305, -123.065200, -1.305545, -108.824809, -1.491620
306, -122.072900, -0.847886, -109.827404, -1.126353
307, -121.204067, -0.254677, -109.709016, -0.965833
308, -120.425533, 0.454467, -110.011859, -0.802143
309, -119.738667, 1.261667, -110.400673, -1.045823
310, -119.183967, 2.262900, -112.918934, 0.122854
311, -118.622767, 3.398367, -116.949369, 2.701972
312, -118.115967, 4.616433, -117.237818, 3.124371
313, -117.733533, 5.684200, -117.473542, 2.873472
314, -117.500433, 6.688033, -117.454632, 3.325994
315, -117.479300, 7.731367, -117.416146, 3.013170
316, -117.548167, 8.655867, -117.989479, 2.704962
317, -117.669667, 9.584133, -118.368106, 3.573711
318, -117.721433, 10.777567, -120.527875, 9.395198
319, -117.554300, 11.968067, -122.508072, 13.535730
320, -117.285133, 13.255433, -122.158305, 14.606099
321, -116.963567, 14.667700, -121.926743, 14.985623
322, -116.723267, 15.889500, -121.878769, 14.666266
323, -116.619100, 16.958000, -121.547915, 14.268153
324, -116.734500, 17.978200, -121.415886, 14.361896
325, -117.021267, 18.972700, -121.505554, 14.175052
326, -117.488633, 19.844000, -121.983892, 14.230062
327, -118.145867, 20.667533, -122.366364, 14.238001
328, -118.993200, 21.413667, -122.567038, 14.231857
329, -120.012233, 22.129067, -125.961482, 17.680735
330, -121.168567, 23.077900, -131.449811, 24.708406
331, -122.295700, 24.252900, -133.321390, 28.286223
332, -123.207833, 25.474367, -133.588306, 28.279387
333, -124.052900, 26.700433, -133.409924, 28.330777
334, -124.992767, 27.976833, -135.646462, 30.890754
335, -126.252767, 29.359100, -142.234005, 34.749558
336, -127.777800, 30.566000, -144.086497, 35.407605
337, -129.432967, 31.362900, -143.543308, 34.925849
338, -131.360833, 31.999400, -144.737705, 34.807867
339, -133.497267, 32.582400, -144.675480, 34.469286
340, -135.725834, 33.142100, -145.133718, 33.787160
341, -138.187267, 33.732467, -148.398192, 36.245706
342, -140.842467, 34.353133, -161.416267, 41.113934
343, -143.588033, 34.906133, -169.760545, 43.983847
344, -146.380967, 35.391967, -172.856531, 46.538208
345, -148.782367, 35.710000, -172.203708, 46.260310
346, -150.807433, 35.906533, -172.625030, 45.810694
347, -152.685367, 36.069567, -173.097982, 46.023141
348, -154.306633, 36.130133, -173.160742, 46.106061
349, -155.827300, 36.146867, -173.469711, 45.481036
350, -157.277733, 36.137733, -173.402496, 45.493775
351, -158.691733, 36.116333, -174.969684, 46.317168
352, -160.223533, 36.174600, 178.961600, 45.919989
353, -161.903900, 36.295900, 178.327611, 45.906909
354, -163.768367, 36.490967, 177.746997, 45.809121
355, -165.829400, 36.660767, 176.658246, 45.857725
356, -167.948734, 36.765300, 176.527340, 45.874325
357, -170.025157, 36.591200, 175.694159, 44.886560
358, -172.009360, 36.047067, 170.957056, 37.000569
359, -173.941467, 35.387100, 167.234003, 32.354918
360, -175.735057, 34.751233, 167.410532, 31.569909
361, -177.343517, 34.033900, 167.752293, 31.342473
362, -178.808254, 33.294167, 168.193296, 31.355313
363, 179.922003, 32.419567, 167.918850, 30.922481
364, 178.766247, 31.418067, 167.467561, 30.771327
365, 177.840603, 30.183267, 168.573691, 29.087176
366, 177.213133, 28.605267, 172.470265, 21.186067
367, 176.795400, 26.989367, 176.431308, 11.560638
368, 176.611553, 25.399033, 178.629868, 7.218339
369, 176.550647, 23.874067, 179.016187, 7.096559
370, 176.587587, 22.362100, 179.088484, 7.039688
371, 176.737590, 20.934933, 179.194652, 6.918671
372, 176.910543, 19.603667, 179.268303, 7.060217
373, 177.052133, 18.362467, 179.611874, 7.433808
374, 177.068580, 17.241567, 179.598879, 7.364292
375, 176.770410, 16.201267, 178.964243, 7.538766
376, 176.069480, 15.054800, 178.585273, 7.129604
377, 174.939850, 13.768567, 176.807982, 5.683848
378, 173.531230, 12.600467, 168.528283, 0.191932
379, 172.151183, 11.559633, 167.317285, -0.667415
380, 170.846443, 10.802533, 167.473759, -0.337764
381, 169.630723, 10.049367, 167.502441, -0.355478
382, 168.633017, 9.060667, 167.967196, -0.436319
383, 167.965450, 7.933867, 167.958647, -1.183449
384, 167.464100, 6.686567, 168.281452, -1.401784
385, 167.114587, 5.577433, 168.598870, -1.789324
386, 166.758910, 4.758367, 168.925833, -1.977874
387, 166.306520, 4.233067, 168.934560, -1.834778
388, 165.743477, 3.884433, 169.310467, -1.567536
389, 165.087660, 3.712100, 169.189579, -1.306708
390, 164.418397, 3.616600, 169.603478, -0.988988
391, 163.717703, 3.565000, 169.575011, -1.128354
392, 162.933887, 3.608867, 169.592852, -0.941159
393, 162.092853, 3.714900, 169.701709, -0.659611
394, 161.227970, 3.793467, 171.584212, -0.691438
395, 160.420647, 3.941700, 172.586749, -0.491268
396, 159.761200, 4.128967, 174.005986, 0.306527
397, 159.225430, 4.258333, 174.211667, 0.272458
398, 158.765537, 4.339967, 174.418506, 0.038563
399, 158.301330, 4.420533, 175.063466, -0.137341
400, 157.713497, 4.473000, 175.448257, 0.104796
401, 156.870487, 4.415267, 175.936281, -0.152644
402, 155.765950, 4.269267, 175.956324, 0.017074
403, 154.400467, 3.982467, 176.571976, 0.302016
404, 152.692730, 3.650967, 175.412486, -0.430513
405, 150.588540, 3.315133, 174.567684, -0.579720
406, 148.152967, 2.975233, 161.249438, -15.105657
407, 148.152967, 2.975233, 161.249438, -15.105657
408, 142.369854, 2.438333, 146.641124, -22.954227
409, 139.288173, 2.226100, 134.066022, -4.886493
410, 136.165480, 2.028233, 122.317795, -3.075274
411, 133.108783, 1.809367, 112.130538, -2.903055
412, 130.139333, 1.550467, 110.135180, -3.836339
413, 127.311840, 1.330100, 109.635788, -3.259915
414, 124.620886, 1.146567, 109.714585, -3.326371
415, 122.156526, 0.926333, 110.147688, -3.873132
416, 119.881057, 0.662667, 110.854049, -3.754677
417, 117.734707, 0.412867, 110.866309, -3.573727
418, 115.581320, 0.254833, 109.847846, -3.474485
419, 113.434740, 0.104100, 110.208155, -3.529084
420, 111.161937, -0.050757, 102.892784, -3.297780
421, 108.694577, -0.284907, 87.227385, -3.666804
422, 106.166240, -0.621787, 82.097632, -4.043437
423, 103.767183, -0.901320, 82.346989, -4.311587
424, 101.635393, -1.056729, 83.479339, -4.373446
425, 99.811393, -1.055112, 84.344418, -4.039477
426, 98.358971, -0.969688, 84.046618, -3.603693
427, 97.350314, -0.786982, 82.289372, -2.205730
428, 96.630643, -0.492279, 83.795906, -2.285920
429, 96.068315, -0.102675, 84.858090, -2.452827
430, 95.731784, 0.814233, 86.072711, -1.723193
431, 95.597058, 2.208667, 87.231430, -1.117755
432, 95.477822, 3.747533, 87.764957, -0.519112
433, 95.198976, 5.018700, 88.030769, -0.746203
434, 94.655293, 5.801767, 88.008381, -0.861197
435, 93.827393, 6.137867, 88.504198, -1.098866
436, 92.683214, 6.066400, 88.296267, -2.034985
437, 91.207144, 5.838033, 88.392062, -2.150271
438, 89.343799, 5.619300, 87.219124, -2.418141
439, 86.963434, 5.453767, 77.623414, -1.580470
440, 84.072068, 5.254533, 63.416400, -1.872216
441, 80.878701, 4.953233, 52.542495, -2.231562
442, 77.377800, 4.650300, 48.629292, -3.198354
443, 73.769166, 4.491467, 47.906226, -3.245326
444, 70.282566, 4.452433, 48.157189, -3.047200
445, 67.108800, 4.470700, 48.041833, -2.948749
446, 64.261033, 4.535333, 48.212283, -3.183751
447, 61.770366, 4.641400, 48.524140, -3.118382
448, 59.826400, 4.653367, 49.482252, -2.909572
449, 58.409633, 4.476700, 48.532470, -3.472977
450, 57.569233, 4.144767, 47.725155, -4.423551
451, 57.276633, 3.724767, 49.095458, -4.813502
452, 57.447000, 3.377400, 51.026287, -5.108808
453, 58.153900, 3.140100, 52.986987, -4.537167
454, 59.128067, 2.960200, 55.143595, -4.787959
455, 60.441833, 2.949200, 56.633427, -4.938702
456, 61.977233, 2.936333, 58.658122, -4.587831
457, 63.881700, 3.090525, 60.758103, -4.351554
458, 65.924333, 3.418000, 62.779093, -4.248478
459, 67.411200, 3.705800, 64.183455, -4.169402
460, 68.974967, 4.020000, 65.717133, -3.932552
461, 71.231049, 4.568475, 67.881203, -3.476884
462, 73.594933, 5.146900, 70.013029, -3.332947
463, 75.549366, 5.595100, 71.609106, -3.445718
464, 77.545167, 6.080733, 73.141255, -3.100147
465, 79.571833, 6.559733, 74.936048, -2.877937
466, 81.637400, 7.044267, 76.886528, -2.522862
467, 83.724000, 7.541167, 78.738637, -2.508158
468, 85.789033, 8.129167, 80.734181, -2.122389
469, 87.869867, 8.633000, 82.669468, -1.963850
470, 89.943882, 8.964800, 83.731918, -2.195149
471, 91.976284, 9.193067, 86.961631, -1.810863
472, 93.983128, 9.314433, 91.155669, -0.262450
473, 95.868682, 9.389567, 92.903109, -0.453916
474, 97.592031, 9.614367, 94.441149, -0.340637
475, 99.201627, 9.851933, 95.880140, -0.183696
476, 100.723530, 10.009000, 97.355580, -0.089327
477, 102.131673, 10.083567, 98.785909, -0.231026
478, 103.475540, 10.080267, 100.381529, -0.517585
479, 104.693410, 10.092633, 102.030279, -0.648109
480, 105.819167, 10.236633, 103.361351, -0.678182
481, 106.905093, 10.411033, 106.264449, -1.754219
482, 107.952943, 10.599500, 110.082678, -3.165602
483, 109.075770, 10.886400, 113.318658, 2.188089
484, 110.284427, 11.347233, 115.989397, 5.445314
485, 111.585263, 11.943733, 116.946345, 6.724387
486, 112.917927, 12.546767, 117.412643, 6.612835
487, 114.207353, 13.175467, 118.454178, 6.329878
488, 115.413433, 13.741200, 119.836651, 6.453429
489, 116.516373, 14.341867, 120.916965, 6.634336
490, 117.609157, 14.906333, 121.881610, 6.091603
491, 118.690573, 15.361933, 120.502035, 5.827521
492, 119.806917, 15.735067, 120.435882, 5.966165
493, 121.042503, 16.022900, 122.092064, 5.831717
494, 122.343413, 16.236967, 123.417962, 5.634137
495, 123.694210, 16.428633, 124.740956, 5.500059
496, 125.058767, 16.600933, 126.203518, 5.442996
497, 126.456357, 16.695400, 127.613670, 5.404924
498, 127.812750, 16.737000, 128.921758, 5.390054
499, 129.102683, 16.736133, 130.235429, 5.258466
500, 130.364747, 16.696867, 131.591318, 5.110721
501, 131.654673, 16.581767, 132.908136, 4.989087
502, 133.011477, 16.410667, 134.318103, 4.925909
503, 134.456713, 16.200200, 135.879743, 4.621881
504, 135.952150, 15.854100, 137.319454, 4.215581
505, 137.526683, 15.448867, 138.819002, 3.916209
506, 139.167790, 14.922867, 144.193962, 0.238755
507, 140.808467, 14.293400, 149.659318, -3.465609
508, 142.456033, 13.765500, 151.122045, -3.635530
509, 144.056503, 13.414067, 151.936812, -3.787213
510, 145.545113, 13.138600, 152.573650, -3.340263
511, 146.897660, 12.850500, 152.590478, -3.607081
512, 148.082930, 12.550033, 153.209227, -3.555282
513, 149.107017, 12.192300, 153.914930, -3.434002
514, 149.971157, 11.858300, 154.262526, -3.910818
515, 150.794230, 11.650100, 154.730722, -3.974941
516, 151.589563, 11.545833, 155.174427, -3.858228
517, 152.300803, 11.595933, 155.477039, -3.944631
518, 152.888793, 11.860167, 155.737854, -3.648090
519, 153.405733, 12.143933, 156.215085, -3.334308
520, 153.901777, 12.392067, 156.754140, -3.073996
521, 154.364990, 12.497000, 157.121348, -3.085698
522, 154.821897, 12.459200, 157.503083, -3.209821
523, 155.364057, 12.296733, 157.899789, -3.699054
524, 155.986287, 12.085900, 158.380935, -3.917382
525, 156.774750, 11.922133, 159.037276, -4.122274
526, 157.833703, 11.871333, 163.073444, -4.286876
527, 159.333380, 12.025267, 175.301602, -4.493075
528, 161.286503, 12.170900, -175.701919, -4.903810
529, 163.345464, 12.284200, -174.702985, -5.460635
530, 165.367953, 12.392833, -176.468831, -5.483186
531, 167.187360, 12.549800, -176.326845, -5.703529
532, 168.708944, 12.718200, -176.330330, -5.400748
533, 169.878253, 12.841533, -175.686283, -5.463135
534, 170.646347, 12.975667, -176.479522, -5.508027
535, 170.995630, 13.184600, -176.136905, -5.330989
536, 170.896503, 13.478133, -176.827809, -5.105664
537, 170.440550, 13.732367, -177.504915, -5.068000
538, 169.701680, 13.883900, 177.175688, -3.143703
539, 168.682853, 13.937533, 164.418806, -0.806951
540, 167.438623, 13.892333, 156.604644, -0.400507
541, 166.073140, 13.825067, 153.783672, 0.163425
542, 164.634223, 13.898733, 153.695129, 1.492084
543, 163.228837, 14.216800, 154.163887, 2.269530
544, 161.895930, 14.419300, 153.638459, 2.576235
545, 160.550990, 14.318433, 153.740915, 2.416633
546, 159.137130, 13.977900, 153.675188, 1.965444
547, 157.545087, 13.473433, 153.207267, 1.606699
548, 155.690270, 12.789933, 152.743813, 1.368833
549, 153.687363, 12.051267, 152.754362, 1.230422
550, 151.532757, 11.358533, 152.269319, 1.314614
551, 149.301360, 10.697133, 149.783779, 1.101958
552, 147.114960, 10.160333, 144.285003, 0.958127
553, 145.072450, 9.947367, 143.833397, 1.209104
554, 143.448123, 9.981633, 143.838118, 1.405683
555, 142.343110, 9.969600, 144.185126, 1.539236
556, 141.507983, 9.841933, 144.383208, 1.474399
557, 140.861393, 9.619900, 144.382492, 1.173166
558, 140.217500, 9.395500, 144.350097, 0.920389
559, 139.385523, 9.234367, 142.568858, 1.069319
560, 138.320357, 9.162800, 131.146589, 1.437438
561, 136.927960, 9.199400, 121.030380, 0.441608
562, 135.379013, 9.434700, 118.666057, 0.285803
563, 133.823677, 9.671600, 118.906981, -0.128174
564, 132.310143, 9.806500, 119.132518, 0.280413
565, 130.857543, 9.814667, 119.212020, 0.135220
566, 129.420377, 9.681267, 119.110979, 0.064000
567, 127.946360, 9.518700, 119.011741, -0.004985
568, 126.237187, 9.368567, 118.175828, 0.154422
569, 124.163497, 9.218933, 108.323522, 2.165838
570, 121.737804, 9.039533, 97.745656, 3.284307
571, 119.113953, 8.772700, 95.419254, 2.900299
572, 116.419183, 8.480200, 95.161028, 2.608690
573, 113.778903, 8.204700, 95.101943, 2.549731
574, 111.378339, 8.068067, 94.934365, 2.706822
575, 109.313329, 8.069333, 95.638771, 3.460862
576, 107.576796, 8.169667, 96.909520, 10.708244
577, 106.276350, 8.389367, 96.791521, 13.736206
578, 105.412237, 8.740467, 97.476707, 13.103964
579, 104.615167, 9.239267, 97.477041, 13.050083
580, 103.806867, 10.009633, 97.164702, 13.498687
581, 102.837047, 11.418833, 96.919171, 14.645473
582, 101.757440, 13.329500, 96.863647, 15.785679
583, 100.644653, 15.093700, 97.219253, 16.485346
584, 99.404155, 16.660766, 97.390320, 17.786253
585, 98.239846, 18.217967, 97.697099, 19.637674
586, 97.178680, 19.322400, 97.445753, 19.235937
587, 96.197560, 19.939767, 97.213701, 18.463697
588, 95.313788, 20.230000, 97.233757, 17.892460
589, 94.418324, 20.424933, 97.260447, 17.852623
590, 93.521009, 20.626733, 97.518524, 17.868623
591, 92.663391, 20.944600, 96.820778, 17.587559
592, 91.853996, 21.316400, 97.033595, 17.652904
593, 91.241503, 21.691200, 96.759365, 18.474714
594, 90.623312, 22.077167, 95.934979, 19.317155
595, 90.054092, 22.416633, 95.962525, 19.539302
596, 89.613500, 22.696933, 96.697368, 19.650475
597, 89.153133, 22.988300, 95.944970, 19.462375
598, 88.702100, 23.228600, 96.224142, 19.740934
599, 88.149967, 23.353900, 95.941020, 19.603149
600, 87.741100, 23.385000, 95.958017, 19.345745
