1, 52.398787, -0.081056, 53.944163, -6.339166
2, 26.553700, 0.841900, 25.904461, -4.006655
3, 27.296501, 1.193200, 26.755732, -3.015573
4, 27.952000, 1.475067, 26.561639, -2.959798
5, 28.435933, 1.648667, 27.135331, -3.233138
6, 28.929400, 1.854500, 27.852696, -3.350821
7, 29.336367, 1.987333, 27.571874, -3.359097
8, 29.627833, 2.008533, 27.809109, -3.413908
9, 29.883600, 2.014567, 28.205857, -3.692269
10, 30.064200, 2.041400, 27.732569, -3.634523
11, 30.209333, 2.070333, 27.742846, -3.679071
12, 30.334667, 2.025933, 27.692098, -3.641392
13, 30.444400, 1.982633, 27.588625, -3.721378
14, 30.571267, 1.984200, 27.538572, -3.649964
15, 30.676900, 1.962433, 27.465539, -3.545531
16, 30.815700, 2.021800, 27.581315, -3.300165
17, 31.015767, 2.163233, 27.849752, -3.070264
18, 31.162833, 2.229367, 28.005133, -3.045581
19, 31.252333, 2.255033, 28.289336, -3.525596
20, 31.345433, 2.251033, 32.635623, -4.815189
21, 31.372733, 2.221533, 32.218019, -5.372080
22, 31.333567, 2.220867, 31.944402, -5.162333
23, 31.309650, 2.226800, 32.212511, -4.908201
24, 31.277600, 2.183067, 32.235955, -4.977161
25, 31.232367, 2.172500, 32.186618, -4.869230
26, 31.245567, 2.137933, 32.243546, -4.912353
27, 31.304300, 2.076867, 32.346911, -5.046937
28, 31.302500, 2.090100, 32.287890, -5.077963
29, 31.321633, 2.113633, 32.306184, -5.180859
30, 31.395233, 2.058700, 32.452777, -5.398309
31, 31.522933, 2.044833, 32.707245, -5.464504
32, 31.761800, 1.973933, 33.034066, -5.657917
33, 32.098400, 1.927233, 33.365738, -5.739514
34, 32.623967, 2.019300, 33.720985, -5.687257
35, 33.343633, 2.117933, 34.221648, -2.553467
36, 34.105133, 2.277767, 34.282842, -2.198372
37, 35.039600, 2.497233, 34.353692, -2.086622
38, 35.814867, 2.588567, 35.252917, -2.110808
39, 36.433633, 2.712733, 35.210390, -2.214777
40, 37.053433, 2.833900, 35.158684, -2.238694
41, 37.503633, 2.915867, 35.323957, -2.288443
42, 37.873833, 3.026500, 35.381302, -2.235578
43, 38.229800, 3.129600, 35.309160, -2.351074
44, 38.462800, 3.256100, 39.682134, 0.860302
45, 38.763600, 3.466267, 40.672711, 1.930221
46, 39.045700, 3.777200, 40.483623, 1.811842
47, 39.372367, 4.469533, 40.642777, 2.389282
48, 39.717933, 5.530633, 40.897434, 3.159720
49, 40.013700, 6.490533, 40.540164, 2.453046
50, 40.421933, 7.228000, 40.843801, 2.781412
51, 40.914100, 7.788567, 41.901164, 5.784284
52, 41.391733, 8.150633, 41.821882, 4.770272
53, 41.910900, 8.411133, 41.797362, 4.949520
54, 42.386800, 8.588167, 42.286318, 4.834160
55, 42.764167, 8.826833, 42.147584, 4.482069
56, 43.075900, 9.080100, 42.030961, 4.697106
57, 43.331733, 9.228033, 42.435396, 4.377512
58, 43.577800, 9.361200, 42.361409, 4.643975
59, 43.888400, 9.423333, 42.442607, 4.417873
60, 44.333967, 9.439533, 42.380057, 4.220475
61, 44.963567, 9.420667, 44.513623, 3.298593
62, 46.067300, 9.234500, 55.965941, -0.915146
63, 47.916866, 8.850900, 55.901747, -2.606306
64, 50.292267, 8.445167, 56.411604, -2.089167
65, 52.784867, 8.137767, 58.150296, -1.549914
66, 55.139300, 7.786167, 58.756952, -1.396647
67, 57.596599, 7.450567, 59.164487, -1.263371
68, 60.348900, 7.149533, 59.652634, -1.189868
69, 63.370365, 6.790133, 63.897159, -1.727780
70, 66.934598, 6.346633, 78.476121, -2.456083
71, 70.760334, 5.979067, 86.203480, -1.979817
72, 74.482434, 5.679167, 84.714347, -2.823218
73, 77.918068, 5.360267, 83.528669, -2.994033
74, 80.865134, 5.189167, 84.045127, -2.686060
75, 83.393434, 5.112767, 83.750885, -1.917903
76, 85.596100, 5.001700, 84.153232, -1.807914
77, 87.630434, 4.937400, 84.176324, -2.134517
78, 89.542576, 4.783467, 94.475358, -3.472653
79, 91.418634, 4.635200, 105.673222, -4.644236
80, 93.048914, 4.514467, 103.493182, -5.209262
81, 94.433221, 4.370133, 102.954607, -4.640231
82, 95.578299, 4.249567, 102.045264, -4.715983
83, 96.457298, 4.144333, 102.063189, -4.846474
84, 97.205849, 3.969400, 101.928859, -4.957204
85, 97.880586, 3.835600, 102.125393, -4.957962
86, 98.413517, 3.763267, 101.903010, -4.865786
87, 98.908251, 3.690600, 101.332649, -4.105419
88, 99.287020, 3.659633, 100.775346, -2.403444
89, 99.614638, 3.727767, 100.540803, -2.707582
90, 99.881476, 3.764467, 101.010535, -2.405540
91, 100.132283, 3.793700, 101.116846, -2.186549
92, 100.390337, 3.813400, 101.159047, -2.304332
93, 100.595080, 3.798167, 101.193752, -2.296658
94, 100.782427, 3.829600, 100.970681, -2.146929
95, 100.946250, 3.848133, 100.862025, -2.243785
96, 101.074163, 3.856833, 100.924721, -2.273727
97, 101.168143, 3.883967, 100.912081, -2.236849
98, 101.168337, 3.917167, 100.744333, -2.310305
99, 101.121450, 3.990400, 100.728745, -2.398090
100, 101.094617, 4.045700, 100.753780, -2.345847
101, 101.093117, 4.123667, 100.732478, -2.344131
102, 101.117003, 4.193700, 100.767767, -2.236609
103, 101.109560, 4.203433, 100.765994, -2.259484
104, 101.056793, 4.282333, 100.695170, -2.351983
105, 100.944483, 4.403367, 100.602539, -2.324815
106, 100.735560, 4.484900, 100.412473, -2.401073
107, 100.464630, 4.600167, 100.208433, -2.237415
108, 100.215330, 4.611733, 101.279794, -2.445207
109, 100.071917, 4.584033, 105.560038, -3.713885
110, 100.074747, 4.532267, 105.862197, -3.788852
111, 100.168503, 4.427967, 105.394949, -3.996108
112, 100.224623, 4.322100, 105.274026, -4.083021
113, 100.203293, 4.213900, 104.955010, -4.235310
114, 100.073910, 4.140300, 105.027007, -4.290980
115, 99.904574, 4.116767, 104.945860, -4.321555
116, 99.757338, 4.108200, 104.816914, -4.275164
117, 99.671964, 4.076200, 104.837440, -4.359719
118, 99.644133, 4.051833, 105.084391, -4.441026
119, 99.642680, 4.012867, 105.095907, -4.402065
120, 99.640869, 3.927200, 105.092454, -4.491953
121, 99.667253, 3.844567, 105.138154, -4.521535
122, 99.701018, 3.744733, 105.186176, -4.601609
123, 99.729395, 3.650967, 105.228322, -4.757313
124, 99.748639, 3.586200, 105.272259, -4.765651
125, 99.727196, 3.533867, 105.257186, -4.694209
126, 99.670619, 3.508000, 105.270128, -4.633426
127, 99.552965, 3.488400, 105.180971, -4.768389
128, 99.371355, 3.540567, 104.946257, -4.587292
129, 99.199748, 3.632700, 104.750805, -4.409016
130, 98.995466, 3.736800, 104.618798, -4.233022
131, 98.765740, 3.832833, 104.247175, -4.148863
132, 98.497180, 3.907700, 103.921251, -3.953037
133, 98.176106, 4.050733, 99.858082, -0.915792
134, 97.832760, 4.246700, 96.411656, 0.917196
135, 97.455271, 4.456067, 96.443980, 0.866711
136, 97.087548, 4.611033, 96.662707, 1.179352
137, 96.704344, 4.733000, 96.264314, 0.783838
138, 96.304621, 4.864767, 95.881741, 0.742982
139, 95.949037, 5.003933, 95.812689, 0.775819
140, 95.648370, 5.060933, 95.472587, 0.856382
141, 95.352551, 5.074133, 95.430841, 0.816841
142, 95.076862, 5.141533, 95.413602, 0.991788
143, 94.814076, 5.176833, 95.137219, 1.025717
144, 94.471737, 5.185533, 94.952581, 1.100552
145, 94.029097, 5.200333, 94.723129, 1.011507
146, 93.486845, 5.142133, 94.175540, 0.778796
147, 92.967504, 5.158400, 94.007338, 0.516016
148, 92.545856, 5.289900, 93.851257, 0.670901
149, 92.222280, 5.404400, 94.088368, 0.757193
150, 91.927673, 5.393800, 94.452238, 0.651189
151, 91.701530, 5.377633, 94.357237, 0.594346
152, 91.437527, 5.335333, 94.140158, 0.540603
153, 91.062304, 5.308733, 93.909300, 0.564912
154, 90.549530, 5.370400, 89.915339, 2.044426
155, 89.801456, 5.469467, 86.617663, 4.502451
156, 88.828234, 5.717300, 86.455025, 4.345555
157, 87.352601, 6.259367, 87.435166, -3.255357
158, 87.352601, 6.259367, 87.435166, -3.255357
159, 87.352601, 6.259367, 87.435166, -3.255357
160, 87.352601, 6.259367, 87.435166, -3.255357
161, 64.180400, 13.660300, 46.936332, 17.634402
162, 58.892477, 14.985333, 43.315948, 13.683811
163, 50.708069, 16.960100, 30.761130, 20.442026
164, 42.666427, 18.913834, 14.209883, 27.984478
165, 35.033762, 20.435667, 7.817722, 24.576757
166, 28.041560, 21.583833, -3.092817, 23.564189
167, 21.751225, 22.280433, -7.028412, 23.061190
168, 16.159227, 22.610900, -3.048467, 19.443409
169, 11.534663, 22.758000, -1.022327, 20.679547
170, 7.807731, 22.793067, -0.074209, 19.876517
171, 5.263332, 22.906067, 1.219856, 19.398630
172, 3.801800, 23.015233, 1.907729, 19.437038
173, 2.723367, 23.135167, 2.549253, 19.474893
174, 1.932400, 23.370133, 1.499199, 19.913642
175, 1.100533, 23.652000, 2.598670, 20.404665
176, 0.052133, 23.809933, -4.050255, 19.198900
177, -1.152400, 23.917533, -16.107744, 12.692892
178, -2.436233, 23.935600, -15.543944, 11.264229
179, -3.612967, 23.862167, -14.245872, 10.976351
180, -4.640133, 23.861133, -14.202618, 11.801232
181, -5.615667, 23.682467, -14.876835, 12.140052
182, -6.459600, 23.423667, -14.739446, 12.140800
183, -7.299800, 23.058675, -14.965651, 11.900212
184, -7.950533, 22.413833, -14.938396, 11.327951
185, -8.520500, 21.567200, -14.873320, 10.789961
186, -9.266567, 20.169067, -15.173562, 9.975660
187, -10.157767, 18.052100, -15.908557, 8.384985
188, -11.224533, 15.224002, -21.406243, -1.474208
189, -12.378767, 12.086499, -23.149591, -7.258385
190, -13.667233, 9.718000, -22.054384, -5.696722
191, -15.053167, 8.104233, -22.164588, -4.413335
192, -16.372833, 6.964600, -22.466225, -4.012879
193, -17.582167, 6.263833, -22.346372, -3.672588
194, -18.692967, 5.806633, -22.489500, -2.839979
195, -19.726467, 5.335967, -22.718375, -2.854002
196, -20.690500, 4.843200, -23.016405, -2.595099
197, -21.629333, 4.523700, -23.570532, -2.200335
198, -22.592800, 4.271067, -24.017075, -2.183548
199, -23.578133, 4.207867, -24.481213, -2.092081
200, -24.517633, 4.160267, -28.914437, -3.899202
201, -25.406800, 4.112633, -30.737814, -4.036843
202, -26.264400, 4.071700, -30.024953, -4.244105
203, -26.959533, 3.930933, -29.572152, -3.879570
204, -27.572067, 3.800367, -30.006296, -4.161357
205, -28.155800, 3.712700, -30.143661, -4.080386
206, -28.699767, 3.692000, -30.401297, -4.182864
207, -29.239133, 3.725800, -30.968190, -4.144032
208, -29.776733, 3.734333, -31.108365, -4.358325
209, -30.416300, 3.721267, -31.311704, -4.428782
210, -31.399099, 3.868633, -31.730504, -4.382749
211, -33.493331, 4.284367, -32.889886, -3.962430
212, -37.833800, 4.690050, -32.217211, 3.272329
213, -46.556800, 5.017200, -64.015450, -14.272837
214, -51.722331, 5.057100, -71.074884, -12.018613
215, -60.243085, 5.191533, -80.544256, -0.007934
216, -68.946206, 5.373600, -93.235358, 0.201149
217, -77.079779, 5.680333, -106.661841, 1.535458
218, -84.120943, 6.200867, -107.983897, 1.045012
219, -89.808808, 6.759167, -103.320243, 0.956322
220, -93.911136, 7.123133, -101.471980, 0.627824
221, -96.700668, 7.262100, -100.433784, 0.232075
222, -98.546967, 7.357667, -104.080445, 0.618968
223, -99.516633, 7.333167, -106.864913, -0.288403
224, -99.975000, 7.146233, -104.973271, -1.014571
225, -100.317933, 6.966633, -104.086643, -1.209679
226, -100.875633, 6.774367, -103.943186, -0.649072
227, -101.485600, 6.580067, -104.289341, -0.824704
228, -102.117233, 6.451067, -104.913706, -0.997811
229, -102.841200, 6.501033, -105.415536, -0.840339
230, -103.557567, 6.613700, -105.510039, -0.497110
231, -104.220100, 6.761900, -105.811666, -0.538766
232, -104.805533, 6.953367, -106.207395, -0.321550
233, -105.256433, 7.230833, -106.820897, 1.961513
234, -105.579267, 7.532733, -108.345655, 4.355589
235, -106.049667, 7.657500, -108.378012, 4.436192
236, -106.709133, 7.507600, -108.815429, 3.912244
237, -107.491867, 7.351000, -108.898364, 3.327383
238, -108.361200, 7.233967, -110.319334, 2.759163
239, -109.526933, 7.045733, -121.577728, -1.255135
240, -110.841100, 6.782733, -134.258940, -4.713808
241, -112.343567, 6.427800, -138.166754, -6.733458
242, -113.947600, 5.950900, -136.526962, -6.648440
243, -115.473833, 5.484467, -135.757514, -6.341949
244, -116.792467, 5.037800, -135.086995, -6.114026
245, -117.983100, 4.557933, -135.210032, -6.275187
246, -119.153700, 3.991167, -134.998085, -6.047546
247, -120.276633, 3.434133, -134.024872, -6.524983
248, -121.324033, 2.883733, -133.315291, -6.060728
249, -122.222400, 2.416133, -132.870275, -6.599436
250, -123.065200, 2.076833, -132.985452, -7.033646
251, -123.877633, 1.884567, -132.819086, -5.890874
252, -124.696267, 1.905233, -132.850099, -5.710558
253, -125.545767, 2.007667, -132.882652, -5.609866
254, -126.472867, 2.042500, -135.345696, -5.476287
255, -127.491667, 1.909900, -149.624272, -6.522636
256, -128.578900, 1.681567, -154.474044, -7.589531
257, -129.630900, 1.405767, -152.565753, -8.547291
258, -130.631233, 1.190767, -152.015705, -7.635090
259, -131.555033, 1.110533, -150.855423, -8.016672
260, -132.284800, 1.183367, -151.232299, -8.248694
261, -132.812967, 1.224100, -150.928231, -8.277802
262, -133.335867, 1.170967, -150.426674, -7.853696
263, -133.819233, 1.076567, -150.793559, -7.388423
264, -134.221333, 0.989667, -150.969397, -7.270212
265, -134.630233, 0.799633, -150.912445, -7.662474
266, -135.049000, 0.516267, -150.105872, -7.755638
267, -135.533367, 0.236933, -152.364218, -3.637792
268, -136.034433, 0.061800, -152.068414, -3.845635
269, -136.486533, 0.088167, -151.403358, -3.828644
270, -136.942967, 0.159000, -151.363976, -3.676862
271, -137.367533, 0.260233, -151.365390, -3.602829
272, -137.726567, 0.412500, -150.546378, -3.514264
273, -138.040067, 0.675933, -150.247188, -3.347391
274, -138.265333, 1.020967, -150.186225, -3.507083
275, -138.282300, 1.564033, -150.089557, -3.449685
276, -138.063267, 2.353067, -149.491497, -4.213224
277, -137.578367, 3.520867, -148.696388, -2.894025
278, -136.968533, 5.163333, -145.389445, 4.373924
279, -136.322033, 7.193533, -141.307728, 7.710229
280, -135.683667, 9.395835, -138.059973, 13.345570
281, -135.070400, 11.313567, -133.275045, 15.217840
282, -134.442400, 13.203967, -132.555589, 16.130880
283, -133.844967, 15.068667, -133.550904, 15.104047
284, -133.640867, 16.588434, -134.878199, 15.266680
285, -133.662867, 17.452233, -135.183101, 14.720990
286, -133.809633, 17.979900, -134.709420, 14.294336
287, -133.884133, 18.469500, -134.906897, 14.379092
288, -134.005567, 18.966533, -135.314926, 14.067837
289, -134.053900, 19.534300, -135.241535, 13.780196
290, -133.968433, 20.173467, -135.321360, 13.947515
291, -133.699867, 20.980033, -134.124518, 17.513935
292, -133.303833, 21.943567, -133.465576, 24.812248
293, -132.894100, 22.930267, -133.074364, 23.596003
294, -132.509033, 24.000133, -132.330134, 23.562750
295, -132.263200, 25.063567, -132.494474, 24.544430
296, -132.106733, 26.024733, -131.102574, 24.601655
297, -131.895833, 27.029733, -130.769970, 25.737180
298, -131.647067, 28.084533, -130.189387, 31.263429
299, -131.424367, 29.136067, -129.323381, 36.887619
300, -131.134933, 29.996800, -129.109137, 36.968311
301, -130.908867, 30.574100, -129.242581, 36.492730
302, -130.623233, 31.030167, -129.361497, 36.130621
303, -130.252667, 31.551133, -129.532612, 36.234454
304, -130.023033, 32.717300, -131.606897, 37.296749
305, -129.925333, 33.277733, -131.881324, 37.059818
306, -129.743667, 33.710300, -131.466955, 36.802413
307, -129.356333, 34.175767, -129.535793, 36.333661
308, -128.831533, 34.488067, -128.856798, 36.682313
309, -128.398633, 34.880100, -126.585664, 41.757225
310, -127.943733, 35.283833, -126.440742, 44.534391
311, -127.517367, 35.668633, -126.635601, 43.961205
312, -127.166033, 35.931200, -127.360991, 43.671865
313, -126.998067, 36.127833, -127.291973, 44.152151
314, -126.836133, 36.294467, -127.182925, 44.432938
315, -126.747800, 36.444833, -125.425447, 48.861057
316, -126.623167, 36.586400, -125.553617, 49.598221
317, -126.482900, 36.647800, -125.835449, 49.472127
318, -126.400700, 36.678900, -125.713573, 49.179387
319, -126.346067, 36.689200, -125.814710, 49.179185
320, -126.442867, 36.687733, -126.172992, 49.132864
321, -126.562300, 36.648567, -126.084327, 49.156352
322, -126.689733, 36.564400, -125.855014, 48.976351
323, -126.808767, 36.489467, -126.289537, 48.813556
324, -126.889900, 36.446200, -125.889501, 48.437019
325, -126.939033, 36.424433, -125.911943, 48.564314
326, -126.975367, 36.426800, -125.958854, 48.678790
327, -127.029500, 36.467300, -125.957988, 48.645088
328, -127.023633, 36.443300, -125.686565, 48.420673
329, -127.032633, 36.422667, -125.695279, 48.324656
330, -127.019300, 36.410833, -125.833749, 48.426249
331, -127.065667, 36.398033, -125.717722, 48.351383
332, -127.115967, 36.345233, -125.733420, 48.213582
333, -127.063667, 36.252633, -125.663141, 48.254225
334, -127.046233, 36.006033, -125.595646, 48.164343
335, -127.044067, 35.536033, -125.714768, 47.737707
336, -127.038667, 34.430767, -127.065326, 45.305600
337, -126.968633, 32.297168, -131.725616, 29.647830
338, -127.044800, 29.014800, -137.752418, 16.692989
339, -127.349167, 26.456200, -144.613953, 20.034961
340, -128.150433, 23.219434, -152.207260, 10.850396
341, -129.514333, 19.794567, -157.451404, 0.385190
342, -131.418567, 16.414432, -159.658275, -4.697317
343, -133.781000, 13.504366, -159.725699, -3.401120
344, -136.704933, 11.458866, -160.221070, -1.877048
345, -139.896466, 9.824933, -160.090850, -0.719592
346, -143.069734, 8.469967, -158.808119, -0.138906
347, -145.988901, 7.390500, -157.555853, -0.816270
348, -148.531767, 6.377267, -157.632390, 0.067955
349, -150.454167, 5.263833, -156.861619, 0.161404
350, -151.684400, 4.180100, -156.290422, 0.193205
351, -152.305333, 3.170500, -155.704749, 0.382857
352, -152.579433, 2.374133, -160.209927, -2.174987
353, -152.749400, 1.698100, -161.344842, -3.239297
354, -153.009233, 1.150933, -160.361613, -3.413031
355, -153.254567, 0.783367, -161.084828, -3.144404
356, -153.484567, 0.526933, -160.606826, -2.993456
357, -153.639333, 0.270233, -160.602954, -3.112143
358, -153.776667, 0.073667, -160.782645, -3.167118
359, -153.837767, -0.081048, -160.969157, -2.948392
360, -153.948500, -0.244118, -165.029918, -1.498691
361, -153.982200, -0.341671, -165.941393, -1.042351
362, -154.057533, -0.476644, -165.211253, -1.233281
363, -154.132133, -0.662848, -164.956524, -1.369801
364, -154.277767, -0.895627, -165.017883, -1.520480
365, -154.438600, -1.130630, -165.191941, -1.616484
366, -154.612567, -1.241540, -164.876494, -1.443162
367, -154.709367, -1.328513, -164.962215, -1.321430
368, -154.680033, -1.464435, -164.757322, -1.202864
369, -154.642967, -1.520083, -164.461361, -1.083484
370, -154.618933, -1.543567, -164.304865, -1.300282
371, -154.683267, -1.501449, -164.344520, -1.108120
372, -154.699600, -1.457149, -164.472502, -1.112134
373, -154.698600, -1.423630, -164.471088, -1.128467
374, -154.638633, -1.398258, -164.409221, -1.253395
375, -154.656800, -1.404482, -164.420976, -1.256896
376, -154.701167, -1.480299, -164.440889, -1.270425
377, -154.756500, -1.538902, -164.408758, -1.574750
378, -154.810233, -1.628540, -164.543914, -1.611721
379, -154.832867, -1.692633, -164.506697, -1.648068
380, -154.820767, -1.682030, -168.972971, -0.223495
381, -154.854067, -1.629524, -179.831306, 2.592611
382, -154.873067, -1.605600, 179.191489, 2.877905
383, -154.858167, -1.631462, -179.722087, 2.893069
384, -154.801133, -1.643879, -179.715408, 2.560877
385, -154.737000, -1.663101, -179.492434, 2.784218
386, -154.686467, -1.672683, -179.437884, 2.775091
387, -154.646200, -1.673078, -178.999999, 2.691111
388, -154.644133, -1.667919, -178.994452, 2.742898
389, -154.610800, -1.673297, -178.998656, 2.648496
390, -154.573367, -1.648504, -178.947795, 2.621993
391, -154.493600, -1.586420, -178.792792, 2.736592
392, -154.414433, -1.493260, -178.510329, 2.683936
393, -154.305867, -1.400348, -178.501182, 2.744977
394, -154.166633, -1.263059, -178.361631, 2.820476
395, -153.958533, -1.159354, -178.060156, 2.775216
396, -153.654833, -1.045875, -177.654423, 2.423076
397, -153.212833, -0.878666, -177.666794, 1.801728
398, -152.480500, -0.632484, -170.313880, -4.933033
399, -151.604267, -0.262425, -158.662702, -2.074665
400, -150.858167, 0.147467, -154.899149, 0.275528
401, -150.435033, 0.479333, -156.003160, 1.206309
402, -150.314300, 0.698233, -155.997253, 1.327533
403, -150.323267, 0.819067, -156.548981, 1.274495
404, -150.216500, 0.889067, -156.278847, 1.041878
405, -149.905200, 1.047367, -156.189253, 1.053337
406, -149.516733, 1.231867, -155.786766, 1.409065
407, -149.233667, 1.442067, -155.827797, 1.486214
408, -149.079167, 1.627533, -155.896770, 1.413188
409, -149.030567, 1.789333, -156.028096, 1.359427
410, -149.074333, 1.951333, -156.270627, 1.395479
411, -149.070400, 2.065233, -156.132454, 1.553097
412, -149.012933, 2.195267, -155.917407, 1.601759
413, -148.886500, 2.275567, -155.697977, 1.424427
414, -148.722733, 2.342900, -155.553076, 1.127607
415, -148.547267, 2.471967, -155.348144, 1.352441
416, -148.324267, 2.585367, -155.223206, 1.435881
417, -147.978833, 2.685600, -155.192928, 1.372209
418, -147.621033, 2.893067, -155.176823, 1.471878
419, -147.307000, 3.087267, -154.911088, 1.621528
420, -146.997667, 3.283200, -154.930013, 1.435137
421, -146.664200, 3.407467, -154.881659, 1.439837
422, -146.166033, 3.355700, -155.262879, 1.045380
423, -145.476550, 3.216250, -154.078868, -0.489229
424, -145.476550, 3.216250, -154.078868, -0.489229
425, -145.476550, 3.216250, -154.078868, -0.489229
426, -139.098333, 2.129000, -127.234413, -10.382378
427, -136.501500, 1.638000, -119.037307, -13.362025
428, -133.890066, 1.112800, -120.136228, -13.436690
429, -131.691300, 0.773867, -121.876072, -13.289139
430, -130.050833, 0.335233, -123.018914, -13.028220
431, -128.990633, 0.056540, -124.046832, -13.156145
432, -128.153100, -0.177757, -124.091115, -13.051823
433, -127.278467, -0.192381, -124.290308, -12.768075
434, -126.156000, -0.106279, -123.926871, -12.664767
435, -124.542801, -0.281337, -123.092238, -12.880609
436, -122.038470, -0.490966, -123.295586, -12.961108
437, -118.211400, -0.803195, -116.550554, -39.269419
438, -118.211400, -0.803195, -116.550554, -39.269419
439, -118.211400, -0.803195, -116.550554, -39.269419
440, -118.211400, -0.803195, -116.550554, -39.269419
441, -118.211400, -0.803195, -116.550554, -39.269419
442, -79.911900, -2.828493, -62.357081, -21.901677
443, -70.537550, -2.676215, -47.384383, -17.611472
444, -63.160848, -2.632161, -39.378488, -9.718770
445, -55.351270, -2.617113, -38.924410, -11.514249
446, -49.987059, -2.684943, -41.396392, -11.163226
447, -47.879433, -2.945884, -44.698063, -10.874066
448, -47.258033, -3.769034, -46.284144, -11.188312
449, -47.472000, -4.869881, -48.289584, -12.476624
450, -48.380533, -6.216843, -50.885878, -12.746063
451, -48.937867, -7.645909, -51.495978, -13.791427
452, -49.051500, -8.576306, -51.723867, -14.103402
453, -48.884367, -9.147573, -50.961613, -14.372916
454, -48.383667, -9.724777, -50.236788, -14.254126
455, -47.256233, -10.309360, -49.299689, -14.107327
456, -45.734200, -10.775980, -48.400915, -13.891213
457, -43.660035, -10.895300, -43.586208, -13.385042
458, -40.752603, -10.630693, -31.675733, -13.669920
459, -36.872272, -10.037068, -32.226370, -13.694262
460, -32.336050, -9.176782, -25.074506, -24.297412
461, -32.336050, -9.176782, -25.074506, -24.297412
462, -13.069600, -6.296418, 19.636661, -26.447247
463, -7.263300, -5.514850, 17.734155, -13.893375
464, 1.773475, -4.268308, 24.543146, -2.922596
465, 10.611039, -2.972570, 36.575375, -0.702003
466, 18.950986, -1.995105, 44.538714, 0.057719
467, 26.318515, -1.077217, 53.335766, -0.816977
468, 32.770504, -0.272235, 57.163711, 0.831352
469, 38.309595, 0.357267, 51.359176, -1.397144
470, 42.887335, 0.937267, 48.509644, -1.943557
471, 46.752034, 1.348700, 48.679760, -1.688740
472, 50.048368, 1.455967, 49.122786, -1.997809
473, 52.754767, 1.479667, 59.282318, -2.708211
474, 55.071934, 1.371600, 64.349000, -4.631695
475, 57.027367, 1.175067, 62.999450, -4.290961
476, 58.479233, 1.095867, 62.396552, -3.699920
477, 59.767733, 1.204800, 62.202406, -3.988163
478, 61.107633, 1.414800, 61.973259, -3.498921
479, 62.611133, 1.652567, 63.067738, -3.549569
480, 64.444667, 1.832667, 63.993439, -3.424041
481, 66.531366, 1.887300, 65.349953, -3.640731
482, 68.776833, 1.854000, 69.578891, -2.901561
483, 71.148867, 1.770667, 83.829874, -1.995369
484, 73.524700, 1.633900, 85.864520, -2.362027
485, 75.730167, 1.452067, 84.602259, -3.150169
486, 77.744834, 1.212567, 83.481380, -3.595258
487, 79.465367, 0.931667, 83.825596, -3.493355
488, 80.985800, 0.565133, 83.709530, -3.441178
489, 82.338400, 0.217233, 83.883238, -3.727138
490, 83.366533, -0.074124, 85.107541, -3.336855
491, 84.201800, -0.332809, 85.679823, -3.155469
492, 84.887300, -0.661440, 85.397671, -2.989627
493, 85.610533, -1.014173, 85.459295, -3.447894
494, 86.417533, -1.402450, 85.992986, -3.789827
495, 87.307333, -1.703044, 86.507071, -3.759372
496, 88.370900, -1.966413, 88.216649, -2.904064
497, 89.498933, -2.000231, 98.838802, -1.885922
498, 90.539007, -1.904891, 99.509959, -2.303887
499, 91.518846, -1.908444, 98.576530, -2.232840
500, 92.446659, -1.923557, 98.217722, -2.094737
501, 93.346398, -2.022893, 97.769153, -2.910354
502, 94.109089, -2.041596, 97.427129, -3.027525
503, 94.769307, -1.935506, 98.277413, -2.675923
504, 95.377510, -1.797200, 98.626961, -2.626649
505, 95.997116, -1.661355, 99.347010, -2.413017
506, 96.732997, -1.535451, 99.922317, -2.718645
507, 97.611138, -1.400400, 100.147348, -3.005268
508, 98.622258, -1.261146, 106.421064, -0.860730
509, 99.744664, -1.073652, 119.687454, 1.443306
510, 100.939300, -0.980753, 119.111541, 1.116782
511, 102.088753, -0.925970, 118.011710, 0.677040
512, 103.190507, -0.942404, 118.100867, 0.333255
513, 104.231450, -0.991818, 116.787375, -0.355424
514, 105.223670, -1.047977, 116.462134, -0.830322
515, 106.178260, -1.159328, 116.004510, -0.842350
516, 107.111257, -1.191511, 115.303814, -0.842691
517, 108.053127, -1.168584, 115.243739, -1.038438
518, 108.995813, -1.155405, 114.927764, -0.821627
519, 109.919527, -1.110256, 114.556350, -1.083155
520, 110.818273, -1.067025, 115.337124, -1.108981
521, 111.698800, -0.992534, 115.556863, -1.394224
522, 112.548750, -0.957761, 115.535525, -1.097926
523, 113.391947, -0.945368, 115.905166, -1.051733
524, 114.258500, -0.914444, 121.387635, -0.533576
525, 115.159163, -0.836444, 134.629589, 1.334381
526, 116.064193, -0.725636, 136.413361, 0.721304
527, 116.923490, -0.633747, 135.506775, 0.233028
528, 117.738597, -0.546293, 134.817545, 0.755192
529, 118.474480, -0.469670, 134.250230, 0.732444
530, 119.116813, -0.373094, 133.773982, 0.632564
531, 119.647540, -0.311685, 133.925952, 0.047672
532, 120.076117, -0.255089, 133.027373, -0.151436
533, 120.453110, -0.138269, 133.007261, -0.293875
534, 120.752007, -0.031388, 133.087458, -0.262361
535, 120.997743, 0.105700, 133.016574, -0.154642
536, 121.162760, 0.200300, 132.847342, -0.192688
537, 121.249223, 0.245933, 132.665995, -0.324128
538, 121.284193, 0.303967, 132.376336, -0.453504
539, 121.248670, 0.339533, 132.190753, -0.379303
540, 121.177363, 0.377467, 132.017966, -0.248896
541, 121.087323, 0.388433, 131.884865, -0.176645
542, 120.997403, 0.378333, 131.688526, -0.272903
543, 120.934297, 0.407200, 131.697819, -0.258465
544, 120.906417, 0.421933, 131.683116, -0.309745
545, 120.880170, 0.442900, 131.626554, -0.612854
546, 120.866307, 0.447067, 131.542415, -0.821315
547, 120.894107, 0.438500, 131.686000, -0.898844
548, 120.908647, 0.394700, 131.738327, -1.002397
549, 120.946270, 0.389800, 131.792846, -1.127203
550, 120.961937, 0.379400, 131.792522, -1.190875
551, 120.966643, 0.359200, 131.802762, -1.251163
552, 120.966717, 0.331500, 131.835244, -1.223147
553, 120.957370, 0.286233, 131.778971, -1.239308
554, 120.925497, 0.268000, 131.777265, -1.214833
555, 120.842543, 0.333633, 131.704244, -1.037122
556, 120.696147, 0.445400, 131.542764, -0.978724
557, 120.470353, 0.614467, 131.360672, -0.859592
558, 120.188293, 0.781967, 131.154035, -0.700812
559, 119.874393, 0.977100, 131.198571, -0.509887
560, 119.466157, 1.356100, 131.107557, -0.407216
561, 118.845697, 2.061700, 130.300213, -0.345405
562, 118.110180, 2.744800, 116.648282, -7.303652
563, 116.519200, 3.698500, 109.152325, -8.623631
564, 115.318123, 4.228067, 113.038244, 1.017603
565, 113.738467, 4.749033, 106.605324, 3.112580
566, 111.929527, 5.167800, 103.457332, 2.547649
567, 110.131305, 5.469900, 96.072017, -4.723512
568, 110.131305, 5.469900, 96.072017, -4.723512
569, 110.131305, 5.469900, 96.072017, -4.723512
570, 97.053253, 6.309300, 86.523160, -31.393573
571, 92.851447, 6.674550, 70.814496, -9.004975
572, 88.436438, 6.860567, 66.339742, -3.956138
573, 83.303165, 7.090967, 61.834134, 0.234603
574, 78.386364, 7.281400, 63.028100, -0.585440
575, 73.713198, 7.187700, 65.662948, -1.172744
576, 69.424732, 7.108333, 64.748172, -2.468703
577, 65.667867, 7.045433, 64.043947, -1.141516
578, 62.354234, 6.892133, 63.970596, -1.380754
579, 59.167398, 6.958967, 57.570093, -1.128072
580, 56.561599, 7.069533, 52.592682, -1.854553
581, 54.458233, 7.244833, 53.415794, -2.023814
582, 52.962900, 7.465533, 53.444771, -1.653468
583, 52.159033, 7.809300, 53.878602, -1.441286
584, 51.713267, 8.101033, 54.282936, -0.900053
585, 51.412367, 8.246733, 54.477695, -0.351688
586, 51.160033, 8.398200, 54.249232, -0.723103
587, 50.803567, 8.479867, 53.911919, -1.225833
588, 50.621567, 8.499767, 54.911092, -1.724476
589, 50.482667, 8.491933, 54.942073, -2.136809
590, 50.356067, 8.389900, 54.840326, -2.474144
591, 50.346833, 8.455667, 55.028394, -2.189087
592, 50.303700, 8.563433, 55.332605, -2.118626
593, 50.334700, 8.558100, 55.509726, -2.548067
594, 50.366800, 8.617833, 53.886281, -0.919759
595, 50.320567, 8.615333, 48.404201, 1.138337
596, 50.279633, 8.476100, 48.360950, 0.844520
597, 50.168700, 8.325367, 48.425420, 0.748313
598, 50.029967, 8.142767, 48.466920, 0.562084
599, 49.937467, 7.925900, 48.492900, 0.478773
600, 49.844000, 7.818300, 48.496918, 0.285623
