1, 1.692900, 3.317700, 11.388014, -2.138439
2, 1.692900, 3.317700, 11.388014, -2.138439
3, 1.701700, 3.306100, 11.437389, -2.130024
4, 1.700567, 3.344400, 11.301004, -2.237819
5, 1.708300, 3.366700, 11.205602, -2.352270
6, 1.711033, 3.355067, 11.228587, -2.384162
7, 1.703700, 3.325700, 11.224761, -2.416162
8, 1.702000, 3.251600, 11.242832, -2.476999
9, 1.688225, 3.236400, 11.215455, -2.481359
10, 1.696833, 3.238700, 11.203059, -2.494162
11, 1.764100, 3.217100, 11.239444, -4.030115
12, 1.900125, 3.145275, 10.515000, -7.686212
13, 2.331733, 3.076133, 10.909260, -11.154880
14, 3.200633, 2.953533, 11.233493, -13.264565
15, 3.908600, 2.821700, 11.449187, -13.783388
16, 3.908600, 2.821700, 11.449187, -13.783388
17, 3.908600, 2.821700, 11.449187, -13.783388
18, 3.908600, 2.821700, 11.449187, -13.783388
19, 3.908600, 2.821700, 11.449187, -13.783388
20, 3.908600, 2.821700, 11.449187, -13.783388
21, 3.908600, 2.821700, 11.449187, -13.783388
22, 3.908600, 2.821700, 11.449187, -13.783388
23, 3.908600, 2.821700, 11.449187, -13.783388
24, 3.908600, 2.821700, 11.449187, -13.783388
25, 3.908600, 2.821700, 11.449187, -13.783388
26, 3.908600, 2.821700, 11.449187, -13.783388
27, 3.908600, 2.821700, 11.449187, -13.783388
28, 3.908600, 2.821700, 11.449187, -13.783388
29, 3.908600, 2.821700, 11.449187, -13.783388
30, 41.559300, -0.155821, 70.399777, -16.422547
31, 42.501333, -0.332748, 71.531895, -15.728303
32, 43.430700, -0.547414, 70.710576, -16.194080
33, 44.167100, -0.754412, 70.901632, -15.423755
34, 44.811533, -0.945989, 70.163830, -14.412759
35, 45.309233, -1.184288, 70.345694, -14.594469
36, 45.645867, -1.393385, 69.670067, -14.930475
37, 45.852800, -1.567683, 71.672937, -14.439738
38, 45.915200, -1.651018, 79.863418, -14.203060
39, 45.915200, -1.651018, 79.863418, -14.203060
40, 45.915200, -1.651018, 79.863418, -14.203060
41, 45.461350, -1.764034, 84.234158, -12.467794
42, 45.311967, -1.799358, 83.679726, -12.858151
43, 45.130733, -1.827070, 83.641486, -12.962561
44, 44.976467, -1.830947, 83.564609, -12.798177
45, 44.888667, -1.819373, 83.456944, -12.693394
46, 44.775467, -1.811567, 83.323641, -12.692402
47, 44.685067, -1.764032, 82.797843, -13.046235
48, 44.588967, -1.728241, 82.209464, -12.904145
49, 44.465167, -1.701423, 81.929389, -12.674116
50, 44.412367, -1.670575, 81.945586, -12.481828
51, 44.339000, -1.706246, 81.892362, -12.461055
52, 44.211867, -1.730351, 81.323254, -12.588731
53, 44.103267, -1.734445, 80.599812, -12.892015
54, 43.952167, -1.718432, 80.240019, -13.113536
55, 43.777633, -1.609181, 80.459061, -12.625055
56, 43.644433, -1.543309, 80.126533, -12.256873
57, 43.453433, -1.499548, 79.732854, -12.141048
58, 43.220667, -1.434327, 79.353560, -11.877722
59, 42.958733, -1.386277, 79.288059, -11.892339
60, 42.607567, -1.363111, 78.603037, -12.308020
61, 42.208800, -1.322252, 77.878237, -12.678095
62, 41.791467, -1.284636, 76.238728, -13.564722
63, 41.286600, -1.227505, 75.780828, -13.884631
64, 40.746533, -1.148148, 74.870151, -14.517669
65, 40.217500, -1.119343, 74.297626, -14.834154
66, 39.573167, -1.143483, 72.862031, -14.969714
67, 38.786500, -1.163796, 64.448574, -15.643105
68, 37.947133, -1.253207, 60.107118, -15.329521
69, 36.894800, -1.421726, 59.741269, -15.452211
70, 35.534167, -1.682896, 58.527223, -16.202452
71, 33.990300, -2.013703, 57.528400, -16.464573
72, 32.334600, -2.270191, 56.803840, -17.235312
73, 30.604167, -2.482489, 55.908005, -17.548118
74, 28.942567, -2.695367, 55.600367, -17.713475
75, 27.343667, -3.013944, 50.716829, -19.547365
76, 25.753667, -3.231667, 34.567921, -23.806816
77, 24.320633, -3.284599, 20.794670, -27.459277
78, 22.971067, -3.558491, 15.179452, -29.284541
79, 21.637967, -3.847332, 15.432090, -28.846432
80, 20.392600, -4.175009, 16.053047, -29.138473
81, 19.124200, -4.653908, 16.033260, -29.418819
82, 17.789867, -5.096342, 15.938947, -30.088260
83, 16.520733, -5.383943, 15.982100, -29.684740
84, 15.309467, -5.674308, 16.406521, -29.360340
85, 14.113267, -5.862962, 16.324365, -30.171386
86, 13.094800, -5.910948, 16.214883, -29.979803
87, 12.202267, -6.025985, 20.659472, -29.390230
88, 11.313000, -6.157887, 23.313056, -28.935080
89, 10.539067, -6.171363, 23.094387, -28.828901
90, 9.939500, -6.169240, 22.409918, -28.715102
91, 9.370933, -6.195725, 21.881317, -29.040462
92, 8.842633, -6.158029, 21.206409, -28.898786
93, 8.381167, -6.109347, 20.855741, -28.784843
94, 7.963900, -6.054132, 20.452305, -28.507125
95, 7.569400, -5.944980, 19.865991, -27.921091
96, 7.195033, -5.771757, 19.303970, -27.651285
97, 6.803967, -5.554840, 25.242068, -23.127427
98, 6.371767, -5.330550, 27.136760, -20.713121
99, 5.897667, -5.053242, 25.996988, -19.983838
100, 5.368067, -4.760699, 24.087943, -19.058771
101, 4.755700, -4.324542, 23.049547, -19.004187
102, 4.038133, -3.865602, 21.943238, -18.538712
103, 3.242500, -3.532927, 20.532822, -18.296724
104, 2.373333, -3.238023, 19.603952, -18.046226
105, 1.431433, -2.929284, 18.132413, -17.909480
106, 0.480467, -2.644226, 16.535424, -17.714553
107, -0.639475, -2.271995, 14.646225, -17.478232
108, -1.722700, -1.925558, 13.026983, -16.977934
109, -2.573433, -1.564049, 11.732061, -16.293959
110, -3.373667, -1.180454, 9.151116, -14.698715
111, -4.076233, -0.833486, 3.579713, -10.918490
112, -4.689100, -0.516849, 2.128334, -9.922532
113, -5.206000, -0.237785, 1.371543, -9.452482
114, -5.605400, -0.031703, 0.617516, -9.257379
115, -5.916333, 0.157800, 0.297097, -9.027078
116, -6.160500, 0.258500, 0.055396, -8.578566
117, -6.305167, 0.243700, -0.336202, -7.685074
118, -6.349933, 0.223267, -0.752261, -7.408658
119, -6.345400, 0.186950, -1.227623, -7.439002
120, -6.315475, 0.129725, -1.780941, -7.577936
121, -6.276500, 0.065433, -2.389703, -7.610644
122, -6.262067, -0.000133, -2.646781, -7.258977
123, -6.268000, -0.020537, -3.160645, -7.098213
124, -6.295700, 0.016365, -3.725605, -6.697279
125, -6.320533, 0.088567, -3.850588, -6.538614
126, -6.366200, 0.223600, -4.008959, -6.225184
127, -6.415567, 0.367267, -4.882234, -5.449668
128, -6.499500, 0.561333, -5.535413, -4.614515
129, -6.598100, 0.810200, -5.087518, -1.164717
130, -6.719567, 1.104500, -5.298885, 0.635842
131, -6.847667, 1.411133, -5.354858, 1.614056
132, -6.988867, 1.687400, -5.608520, 2.046578
133, -7.119050, 1.925850, -6.246339, 1.880741
134, -7.257067, 2.221900, -6.754952, 2.215173
135, -7.429267, 2.603767, -6.406024, 3.501211
136, -7.636933, 3.016133, -6.683323, 4.041956
137, -7.900233, 3.459433, -6.824339, 8.124489
138, -8.210000, 3.917600, -7.185812, 8.527156
139, -8.578500, 4.469733, -7.682191, 9.238138
140, -9.063800, 5.061733, -7.861121, 12.342134
141, -9.622133, 5.584667, -8.464906, 12.511153
142, -10.218400, 6.071633, -9.168980, 12.581119
143, -10.853567, 6.535067, -9.746989, 13.073049
144, -11.489900, 6.965500, -10.348575, 13.893405
145, -12.079900, 7.277267, -11.084973, 13.941998
146, -12.640867, 7.591367, -11.805722, 14.024917
147, -13.185900, 7.931333, -11.982956, 14.695486
148, -13.666733, 8.155333, -12.298582, 14.550605
149, -14.064933, 8.312467, -12.670676, 14.112689
150, -14.382933, 8.459267, -13.038594, 14.044795
151, -14.642100, 8.541100, -13.371933, 13.716941
152, -14.833800, 8.549133, -13.401485, 13.301120
153, -14.945733, 8.462033, -13.340674, 12.721668
154, -14.982467, 8.284767, -13.496934, 12.047675
155, -14.979333, 8.039267, -13.821863, 11.223109
156, -14.951800, 7.731433, -13.821429, 10.926141
157, -14.892067, 7.372733, -14.296058, 10.131984
158, -14.819600, 6.962000, -15.461525, 8.067698
159, -14.757300, 6.545700, -15.542385, 7.124978
160, -14.712750, 6.150150, -15.313358, 4.678071
161, -14.712750, 6.150150, -15.313358, 4.678071
162, -14.712750, 6.150150, -15.313358, 4.678071
163, -14.712750, 6.150150, -15.313358, 4.678071
164, -14.712750, 6.150150, -15.313358, 4.678071
165, -14.712750, 6.150150, -15.313358, 4.678071
166, -14.712750, 6.150150, -15.313358, 4.678071
167, -14.712750, 6.150150, -15.313358, 4.678071
168, -14.712750, 6.150150, -15.313358, 4.678071
169, -13.209967, 2.545333, -17.228333, -15.086387
170, -13.006767, 2.160167, -18.209462, -16.095429
171, -12.807067, 1.768133, -18.062925, -15.189787
172, -12.652800, 1.536333, -18.316691, -15.578434
173, -12.608000, 1.325133, -18.530909, -15.154810
174, -12.590067, 1.132433, -18.645484, -15.109377
175, -12.578600, 1.052900, -19.378643, -16.185812
176, -12.541333, 0.964167, -23.079621, -19.070256
177, -12.481767, 0.969867, -23.346612, -20.069891
178, -12.455900, 0.945400, -23.080131, -20.168505
179, -12.422650, 0.922400, -22.978074, -20.402714
180, -12.370975, 0.941575, -22.847162, -20.412299
181, -12.322233, 0.906767, -22.824050, -20.530930
182, -12.281200, 0.905600, -22.781230, -20.663383
183, -12.260900, 0.947300, -22.901576, -20.720420
184, -12.278300, 0.980333, -23.107312, -20.717989
185, -12.281100, 1.032233, -23.259566, -20.771376
186, -12.327067, 1.091033, -23.412961, -20.587778
187, -12.354433, 1.093233, -23.483608, -20.646554
188, -12.367467, 1.111800, -23.537932, -20.674842
189, -12.376800, 1.131967, -23.541667, -20.770780
190, -12.407467, 1.141900, -23.524732, -21.014089
191, -12.406733, 1.150167, -23.492259, -20.951750
192, -12.394733, 1.160400, -23.535785, -20.986419
193, -12.395867, 1.183533, -23.611350, -20.884202
194, -12.395867, 1.183533, -23.611350, -20.884202
195, -12.395867, 1.183533, -23.611350, -20.884202
196, -12.395867, 1.183533, -23.611350, -20.884202
197, -12.395867, 1.183533, -23.611350, -20.884202
198, -12.395867, 1.183533, -23.611350, -20.884202
199, -12.395867, 1.183533, -23.611350, -20.884202
200, -12.395867, 1.183533, -23.611350, -20.884202
201, -12.395867, 1.183533, -23.611350, -20.884202
202, -12.395867, 1.183533, -23.611350, -20.884202
203, -12.395867, 1.183533, -23.611350, -20.884202
204, -12.395867, 1.183533, -23.611350, -20.884202
205, -12.539550, 1.379800, -21.975473, -20.099470
206, -12.520767, 1.374733, -22.290533, -20.540836
207, -12.487000, 1.381667, -22.826858, -20.933617
208, -12.490533, 1.373633, -22.649656, -20.406876
209, -12.508800, 1.355167, -22.781925, -20.602169
210, -12.534333, 1.342333, -22.757868, -20.514029
211, -12.554867, 1.348733, -22.751260, -20.314224
212, -12.566100, 1.360800, -22.761107, -20.145164
213, -12.564233, 1.379700, -22.736325, -20.064263
214, -12.560300, 1.390167, -22.842316, -20.131677
215, -12.550533, 1.407233, -22.622261, -20.263599
216, -12.502833, 1.412700, -14.005843, -17.763200
217, -12.441900, 1.396000, -5.051416, -15.083464
218, -12.389700, 1.388200, -4.862889, -15.034951
219, -12.353633, 1.380300, -4.632713, -15.158252
220, -12.336267, 1.345667, -4.612607, -14.968039
221, -12.323433, 1.337567, -4.614254, -14.936676
222, -12.310067, 1.369700, -4.672541, -14.902114
223, -12.309700, 1.392567, -4.691260, -14.482678
224, -12.313167, 1.408100, -5.410210, -10.847890
225, -12.336700, 1.397767, -5.655874, -9.544180
226, -12.354333, 1.359167, -5.496198, -9.786349
227, -12.368467, 1.328500, -5.510719, -9.834649
228, -12.368467, 1.339400, -5.541707, -9.898049
229, -12.365000, 1.334400, -5.530164, -9.912165
230, -12.350333, 1.317533, -5.532851, -9.997868
231, -12.351567, 1.327500, -5.024433, -11.218328
232, -12.350167, 1.351200, -5.101335, -11.876655
233, -12.366733, 1.354133, -5.011124, -11.854378
234, -12.386900, 1.351000, -4.980517, -11.823442
235, -12.367000, 1.348467, -4.952871, -11.795423
236, -12.348600, 1.325650, -4.813106, -11.799133
237, -12.325900, 1.318833, -4.879932, -11.804399
238, -12.298000, 1.311367, -4.826223, -11.786896
239, -12.295233, 1.300267, -4.923550, -11.796030
240, -12.313367, 1.306400, -5.037472, -11.764459
241, -12.304367, 1.310467, -5.077243, -11.789287
242, -12.298033, 1.308967, -5.128739, -11.797835
243, -12.297267, 1.314200, -5.112859, -11.790084
244, -12.310200, 1.323400, -5.115660, -11.740564
245, -12.331900, 1.299567, -5.186862, -11.792654
246, -12.349033, 1.276033, -5.200465, -11.816445
247, -12.352467, 1.265533, -5.152664, -11.841121
248, -12.334533, 1.248033, -5.054836, -11.844526
249, -12.302933, 1.220300, -5.032374, -11.845060
250, -12.284133, 1.160033, -5.024266, -11.902157
251, -12.254767, 1.071167, -5.034372, -11.980414
252, -12.228667, 1.018367, -4.992510, -11.974260
253, -12.205333, 1.004467, -4.972750, -11.977690
254, -12.196233, 1.019000, -4.982834, -12.018887
255, -12.209667, 1.038100, -5.023751, -11.938152
256, -12.228500, 1.074167, -5.031522, -11.886740
257, -12.254067, 1.109033, -5.061632, -11.746809
258, -12.273400, 1.131800, -5.095090, -11.689363
259, -12.273933, 1.142567, -5.189842, -11.682978
260, -12.267267, 1.151700, -10.534415, -10.470002
261, -12.252433, 1.145633, -14.705884, -9.153458
262, -12.245200, 1.163767, -14.776565, -9.197571
263, -12.244067, 1.188300, -15.373714, -8.478140
264, -12.251967, 1.188400, -15.265001, -8.488283
265, -12.242767, 1.179533, -15.182281, -8.583941
266, -12.225667, 1.163567, -15.128025, -8.657085
267, -12.221333, 1.181433, -15.093333, -8.704879
268, -12.225900, 1.169167, -15.177564, -8.636234
269, -12.229000, 1.117133, -15.256069, -8.702003
270, -12.223900, 1.105633, -15.164561, -8.790755
271, -12.211300, 1.132933, -15.084733, -8.765149
272, -12.207733, 1.170433, -15.078261, -8.754411
273, -12.207000, 1.182400, -15.133335, -8.694971
274, -12.227767, 1.175200, -15.165596, -8.671374
275, -12.245533, 1.160533, -15.212700, -8.699311
276, -12.249133, 1.157733, -15.193505, -8.727106
277, -12.246967, 1.167300, -15.177231, -8.749863
278, -12.248867, 1.155967, -15.083942, -8.783870
279, -12.247567, 1.140633, -15.071294, -8.817498
280, -12.246200, 1.150267, -15.083092, -8.852658
281, -12.255633, 1.167167, -15.080160, -8.845984
282, -12.274567, 1.165900, -15.094453, -8.863046
283, -12.281133, 1.162067, -15.112739, -8.899505
284, -12.275833, 1.163933, -15.108972, -8.933898
285, -12.259200, 1.162400, -15.128909, -8.970529
286, -12.238800, 1.164533, -15.127949, -8.879031
287, -12.251750, 1.159000, -15.164509, -8.856963
288, -12.250667, 1.165567, -15.185095, -8.868259
289, -12.216350, 1.151650, -15.214288, -8.910430
290, -12.193067, 1.147633, -15.325870, -8.941113
291, -12.184200, 1.156750, -15.338341, -8.930442
292, -12.186733, 1.150400, -15.334145, -8.935950
293, -12.181700, 1.128050, -15.298214, -9.007046
294, -12.178233, 1.132867, -15.336837, -8.964497
295, -12.159467, 1.145800, -15.375503, -8.925741
296, -12.150433, 1.136167, -15.357857, -8.943236
297, -12.151733, 1.122400, -15.393462, -8.902582
298, -12.149367, 1.089767, -15.455568, -8.921139
299, -12.161250, 1.062700, -15.534025, -8.964979
300, -12.164425, 1.066350, -15.529920, -8.953127
301, -12.168533, 1.066067, -15.539438, -8.983214
302, -12.167467, 1.071233, -15.518240, -8.945489
303, -12.164033, 1.078400, -15.472465, -8.911809
304, -12.173200, 1.090067, -15.429675, -8.974552
305, -12.190633, 1.090233, -15.409461, -9.005153
306, -12.201133, 1.099700, -15.451821, -8.998767
307, -12.205300, 1.103733, -15.466243, -8.972469
308, -12.192667, 1.088633, -17.901373, -9.155528
309, -12.172133, 1.082067, -23.219048, -9.216043
310, -12.161633, 1.087867, -23.911557, -8.915365
311, -12.167450, 1.090450, -23.695743, -8.878773
312, -12.178000, 1.078000, -23.566675, -8.939075
313, -12.178250, 1.074525, -23.563905, -8.939011
314, -12.146400, 1.065033, -23.516702, -8.951650
315, -12.137750, 1.059400, -23.524703, -8.973172
316, -12.134267, 1.066167, -23.518747, -8.842865
317, -12.148050, 1.048475, -23.620884, -8.850320
318, -12.166533, 1.035467, -23.632659, -8.988566
319, -12.164267, 1.064867, -23.646202, -8.999492
320, -12.147400, 1.088900, -23.641924, -9.008135
321, -12.145000, 1.105767, -23.674511, -9.041796
322, -12.148333, 1.092800, -23.741613, -9.081936
323, -12.146733, 1.062700, -23.787335, -9.170170
324, -12.147933, 1.058000, -23.827285, -9.194294
325, -12.133300, 1.068967, -23.864563, -9.162868
326, -12.117100, 1.068467, -23.873896, -9.168626
327, -12.120033, 1.054933, -23.909585, -9.157004
328, -12.124200, 1.070833, -24.053613, -9.180279
329, -12.145900, 1.090000, -24.159221, -9.196210
330, -12.176033, 1.093767, -24.413622, -9.501641
331, -12.194867, 1.089300, -24.747044, -9.782063
332, -12.194867, 1.089300, -24.747044, -9.782063
333, -12.194867, 1.089300, -24.747044, -9.782063
334, -12.194867, 1.089300, -24.747044, -9.782063
335, -12.194867, 1.089300, -24.747044, -9.782063
336, -12.194867, 1.089300, -24.747044, -9.782063
337, -12.194867, 1.089300, -24.747044, -9.782063
338, -12.194867, 1.089300, -24.747044, -9.782063
339, -12.194033, 1.071100, -34.857363, -7.626638
340, -12.182800, 1.072333, -33.546623, -8.854543
341, -12.181533, 1.083333, -33.120683, -8.331604
342, -12.191300, 1.063233, -33.232612, -7.916624
343, -12.200600, 1.029633, -34.122480, -7.748524
344, -12.199667, 1.032933, -34.138138, -7.798132
345, -12.185967, 1.053500, -30.690967, -10.606903
346, -12.172633, 1.072067, -24.642199, -18.596918
347, -12.174267, 1.076400, -23.398243, -20.671411
348, -12.179833, 1.046600, -23.587067, -20.662143
349, -12.176167, 1.028700, -23.658101, -20.695221
350, -12.171333, 1.045567, -23.667830, -20.709765
351, -12.157800, 1.044033, -23.800109, -20.734463
352, -12.143333, 1.040600, -23.613074, -21.133427
353, -12.124867, 1.036233, -21.123365, -23.889654
354, -12.137167, 1.064567, -20.433865, -24.688446
355, -12.168467, 1.080267, -20.443026, -24.702775
356, -12.194400, 1.086400, -20.460464, -24.651367
357, -12.211833, 1.083500, -20.376938, -24.626130
358, -12.207033, 1.075967, -20.556304, -24.941187
359, -12.191000, 1.055733, -20.217645, -25.186102
360, -12.191000, 1.055733, -20.217645, -25.186102
361, -12.191000, 1.055733, -20.217645, -25.186102
362, -12.191000, 1.055733, -20.217645, -25.186102
363, -12.191000, 1.055733, -20.217645, -25.186102
364, -12.191000, 1.055733, -20.217645, -25.186102
365, -12.191000, 1.055733, -20.217645, -25.186102
366, -12.191000, 1.055733, -20.217645, -25.186102
367, -12.191000, 1.055733, -20.217645, -25.186102
368, -12.191000, 1.055733, -20.217645, -25.186102
369, -12.191000, 1.055733, -20.217645, -25.186102
370, -12.006900, 0.780400, -18.290421, -28.304861
371, -12.011033, 0.744400, -18.419108, -27.853000
372, -12.007533, 0.679300, -18.538015, -28.096644
373, -12.008000, 0.652700, -18.528505, -28.401445
374, -12.007400, 0.628900, -18.485140, -28.170392
375, -12.006600, 0.581500, -18.464641, -28.068377
376, -11.984067, 0.496767, -12.709179, -31.586104
377, -11.943133, 0.379433, -2.472603, -34.837482
378, -11.882800, 0.239233, -2.171338, -35.547183
379, -11.804000, 0.069974, -2.716703, -34.970040
380, -11.710167, -0.142823, -2.213419, -35.349671
381, -11.582433, -0.369280, -2.368823, -35.410612
382, -11.449067, -0.581334, -2.369164, -35.417615
383, -11.321167, -0.767012, -2.600120, -35.196150
384, -11.197233, -0.953450, -2.657882, -35.288542
385, -11.067500, -1.099546, -2.677521, -35.276821
386, -10.943033, -1.289305, -2.906033, -35.677631
387, -10.829833, -1.481319, -2.924332, -35.954510
388, -10.738867, -1.659074, -1.755570, -36.808012
389, -10.644933, -1.866403, -1.513165, -37.061362
390, -10.550567, -2.076160, -1.603337, -37.167967
391, -10.461167, -2.279734, -1.825618, -36.911214
392, -10.367100, -2.478582, -1.951161, -37.120915
393, -10.273500, -2.659469, -1.991054, -37.311354
394, -10.171733, -2.825158, -1.595929, -37.307148
395, -10.056300, -3.017984, -1.705288, -37.027126
396, -9.946267, -3.255163, -2.202714, -36.782539
397, -9.828433, -3.484671, -2.212284, -36.954424
398, -9.710333, -3.740191, -2.140934, -37.212572
399, -9.598700, -4.107645, -1.327450, -38.367956
400, -9.477233, -4.552769, -9.213914, -42.300033
401, -9.410400, -4.838923, -16.019631, -43.999897
402, -9.410400, -4.838923, -16.019631, -43.999897
403, -9.410400, -4.838923, -16.019631, -43.999897
404, -9.410400, -4.838923, -16.019631, -43.999897
405, -9.410400, -4.838923, -16.019631, -43.999897
406, -9.410400, -4.838923, -16.019631, -43.999897
407, -9.410400, -4.838923, -16.019631, -43.999897
408, -8.585550, -6.992908, -18.460419, -46.028046
409, -8.561067, -7.172364, -18.605615, -46.187278
410, -8.537367, -7.260229, -18.934194, -46.012742
411, -8.530100, -7.354903, -19.019445, -46.055886
412, -8.541633, -7.405204, -18.826684, -46.285399
413, -8.569067, -7.410076, -18.776172, -46.118869
414, -8.607700, -7.549658, -14.713638, -45.968348
415, -8.626800, -7.790753, -13.679819, -45.996125
416, -8.610700, -8.178097, -13.558092, -46.632341
417, -8.547767, -8.498748, -13.201956, -46.157572
418, -8.419833, -8.904356, -12.997150, -46.914867
419, -8.175533, -9.577476, -12.895047, -47.645027
420, -7.851567, -10.510973, -13.203019, -48.008684
421, -7.438933, -11.669754, -13.579125, -49.042692
422, -6.955433, -12.672237, -13.591201, -48.318247
423, -6.428700, -13.569860, -13.269999, -48.482405
424, -5.844933, -14.404270, -13.308046, -48.457117
425, -5.252533, -14.931513, -13.057565, -48.547918
426, -4.812767, -15.497540, -12.673170, -48.090329
427, -4.506967, -16.233353, -12.554863, -47.932443
428, -4.334033, -16.791723, -12.337447, -48.024582
429, -4.249167, -17.206890, -12.705338, -48.087957
430, -4.188967, -17.936120, -12.730752, -48.024069
431, -4.126400, -18.596027, -12.835866, -48.787230
432, -4.070733, -19.226347, -13.153538, -48.548250
433, -4.001733, -19.699970, -12.104723, -48.743743
434, -3.954000, -19.786617, -0.568920, -51.334509
435, -3.917667, -19.593910, 3.148708, -52.537047
436, -4.027967, -19.077427, 2.838549, -52.081000
437, -4.252000, -18.617423, 2.869189, -51.589301
438, -4.498267, -18.297897, 2.663851, -51.205734
439, -4.763567, -18.044167, 2.382077, -51.055471
440, -5.049033, -17.925007, 2.190549, -51.435036
441, -5.222167, -17.948910, 2.313025, -51.583087
442, -5.342800, -17.939487, 2.199794, -52.282259
443, -5.500333, -18.068873, 2.342086, -52.563655
444, -5.646833, -18.381903, 2.466731, -53.137098
445, -5.741100, -18.746047, 2.672284, -53.649971
446, -5.808067, -19.231677, -0.831328, -53.005264
447, -5.898800, -19.730457, -17.956697, -52.686854
448, -6.104167, -20.232113, -28.494162, -53.386103
449, -6.393300, -20.709473, -30.073136, -55.310783
450, -6.725433, -21.174190, -31.321834, -54.754000
451, -7.202433, -21.662443, -30.928621, -54.208750
452, -7.870300, -22.054507, -31.627439, -52.747759
453, -8.628300, -22.523597, -31.296940, -52.522647
454, -9.403233, -22.984853, -30.755965, -52.861402
455, -10.189300, -23.431807, -30.810161, -52.848038
456, -11.036467, -23.916707, -30.894038, -53.080172
457, -12.013967, -24.140890, -29.837788, -52.186059
458, -12.962500, -24.259830, -29.670367, -51.917520
459, -13.781167, -24.222890, -29.605561, -52.495845
460, -14.457333, -24.079237, -27.130261, -49.325046
461, -14.950933, -23.669903, -20.341828, -36.089354
462, -15.179900, -23.137010, -16.545984, -27.683638
463, -15.149967, -22.651417, -15.664266, -27.434649
464, -14.963333, -21.972580, -15.499918, -27.918589
465, -14.714133, -20.867080, -15.685726, -27.921451
466, -14.466633, -19.358997, -15.353446, -27.007327
467, -14.205467, -17.425390, -14.939599, -26.203359
468, -13.923133, -15.103141, -14.322462, -23.732810
469, -13.620767, -12.503526, -13.230012, -12.991184
470, -13.093133, -9.744651, -12.048845, -1.382891
471, -12.365633, -7.144354, -11.366645, 3.207960
472, -11.643933, -4.873340, -10.649892, 5.200721
473, -10.939067, -2.825253, -10.185237, 5.474541
474, -10.249400, -0.910471, -10.828131, 2.647921
475, -9.563233, 0.724567, -9.686515, 3.515443
476, -8.935667, 2.131700, -9.104560, 3.705678
477, -8.346600, 3.413400, -9.249134, 4.323947
478, -7.771767, 4.409533, -8.811681, 3.586533
479, -7.202000, 5.138333, -8.293730, 2.762656
480, -6.663733, 5.690200, -7.792435, 3.094664
481, -6.136633, 5.958100, -7.444982, 2.838912
482, -5.634600, 6.102900, -6.037655, 9.342826
483, -5.151967, 6.314367, -5.633995, 9.911127
484, -4.718800, 6.318433, -5.320329, 9.887499
485, -4.347300, 6.236100, -5.217229, 8.748693
486, -4.039667, 6.141233, -5.165129, 8.025803
487, -3.783567, 5.861900, -4.911737, 7.882253
488, -3.504300, 5.405433, -4.617438, 7.121595
489, -3.201367, 4.875067, -4.323261, 5.995029
490, -2.843533, 4.125367, -4.140822, 2.867551
491, -2.843533, 4.125367, -4.140822, 2.867551
492, -2.843533, 4.125367, -4.140822, 2.867551
493, -2.843533, 4.125367, -4.140822, 2.867551
494, -2.843533, 4.125367, -4.140822, 2.867551
495, -2.843533, 4.125367, -4.140822, 2.867551
496, 3.292200, -6.299296, 16.004507, -41.027917
497, 3.871200, -7.354719, 16.847094, -40.940914
498, 4.695467, -8.809249, 16.296966, -39.672227
499, 5.446000, -9.733859, 16.625213, -39.704451
500, 6.023833, -10.637357, 17.183623, -39.239610
501, 6.409600, -11.404437, 17.109082, -39.594899
502, 6.656133, -11.956243, 16.645997, -39.644276
503, 6.887667, -12.546887, 16.170762, -39.517254
504, 7.131333, -13.097350, 16.166883, -40.015502
505, 7.405567, -13.479123, 16.932248, -44.531074
506, 7.723933, -13.826037, 17.802155, -47.373604
507, 8.020033, -14.147730, 17.705665, -47.306785
508, 8.315033, -14.336843, 17.856887, -47.409142
509, 8.604800, -14.453473, 17.927004, -47.479284
510, 8.834533, -14.528770, 17.972270, -47.374133
511, 8.948433, -14.541170, 17.421822, -47.337612
512, 8.987667, -14.567260, 17.329723, -47.207275
513, 9.042167, -14.593210, 17.414789, -46.935131
514, 9.104767, -14.557943, 17.323998, -46.823800
515, 9.233667, -14.479760, 17.448512, -46.272279
516, 9.574833, -14.427280, 18.463551, -37.464723
517, 10.076433, -14.362540, 19.787488, -29.259857
518, 10.631800, -14.279253, 20.433534, -27.156491
519, 11.257533, -14.240463, 20.568625, -27.028694
520, 11.968267, -14.194937, 20.596954, -27.131848
521, 12.723733, -14.122110, 20.916514, -27.011159
522, 13.502000, -14.052100, 21.131509, -27.009278
523, 14.306367, -13.985807, 21.031748, -27.468890
524, 15.119767, -13.885380, 20.993536, -27.824337
525, 15.981700, -13.766603, 21.677170, -27.506869
526, 16.960300, -13.643553, 22.190592, -27.432679
527, 17.996700, -13.549170, 22.352981, -27.377712
528, 19.147933, -13.432457, 22.976777, -27.266261
529, 20.489333, -13.316330, 23.371194, -27.336678
530, 21.904200, -13.211047, 21.857094, -27.076228
531, 23.454533, -13.067657, 22.001583, -27.477186
532, 24.575400, -12.917560, 22.796327, -28.871629
533, 24.575400, -12.917560, 22.796327, -28.871629
534, 24.575400, -12.917560, 22.796327, -28.871629
535, 24.575400, -12.917560, 22.796327, -28.871629
536, 24.575400, -12.917560, 22.796327, -28.871629
537, 24.575400, -12.917560, 22.796327, -28.871629
538, 24.575400, -12.917560, 22.796327, -28.871629
539, 37.259950, -11.300345, 65.990221, -27.788049
540, 38.235267, -11.186690, 65.563443, -26.341742
541, 39.217600, -11.115903, 64.603524, -26.320139
542, 39.943233, -11.086660, 63.953397, -26.159755
543, 40.529600, -11.065613, 63.661334, -26.144789
544, 40.970067, -11.123353, 63.430186, -26.053021
545, 41.234400, -11.154887, 63.345089, -26.222123
546, 41.382167, -11.181173, 63.108125, -26.140460
547, 41.428133, -11.313560, 62.643786, -26.013862
548, 41.406300, -11.475673, 62.473073, -26.286329
549, 41.349033, -11.633627, 62.348132, -26.448260
550, 41.211300, -11.770737, 62.090611, -26.653278
551, 41.049233, -11.815627, 60.148154, -28.474064
552, 40.911567, -11.876747, 50.854631, -37.642059
553, 40.643200, -11.973320, 40.910381, -44.355087
554, 40.289100, -12.033573, 38.625034, -45.454669
555, 40.062733, -11.982153, 39.147410, -45.161744
556, 39.890300, -11.949720, 38.880638, -45.037586
557, 39.636333, -12.008020, 38.758531, -45.046033
558, 39.312767, -12.114083, 38.631249, -45.148566
559, 38.876733, -12.252223, 38.287374, -45.352209
560, 38.260000, -12.465923, 37.987811, -45.545941
561, 37.414333, -12.714133, 37.455112, -45.813649
562, 36.437367, -12.955047, 37.799452, -45.724033
563, 35.394933, -13.284207, 36.986749, -45.980348
564, 34.097933, -13.715843, 36.769394, -46.203627
565, 32.598433, -14.100330, 36.128002, -46.319192
566, 31.019333, -14.470147, 36.344444, -46.092645
567, 29.379533, -14.927967, 35.708292, -46.188947
568, 27.598300, -15.455887, 35.264009, -46.039150
569, 25.836500, -15.895827, 31.634631, -43.181750
570, 24.131000, -16.354030, 28.948986, -41.863617
571, 22.425100, -16.587987, 28.822947, -41.466791
572, 21.054733, -16.597483, 28.589142, -40.817937
573, 19.996233, -16.755930, 29.176539, -40.768021
574, 19.081733, -16.946747, 29.490505, -40.991716
575, 18.454967, -17.008113, 29.823653, -41.025362
576, 18.049567, -17.097227, 30.067533, -41.148579
577, 17.580900, -17.231007, 28.388102, -41.971319
578, 17.042867, -17.402167, 15.300955, -45.660806
579, 16.420533, -17.641640, 2.482525, -48.849958
580, 15.678833, -17.929487, 1.642499, -49.170400
581, 14.862567, -18.177497, 0.720415, -49.051765
582, 14.033633, -18.373413, -0.356576, -48.936990
583, 13.213533, -18.568413, -1.196522, -49.099569
584, 12.390933, -18.727503, -1.530063, -49.160689
585, 11.609233, -18.758980, -1.052705, -49.135920
586, 10.942367, -18.748097, -0.330587, -49.015799
587, 10.377000, -18.762140, 0.483930, -49.206327
588, 9.857833, -18.818783, 0.821840, -49.537422
589, 9.360167, -18.836770, 0.401706, -49.200751
590, 8.847833, -18.771063, 0.384035, -48.844371
591, 8.314800, -18.746340, 0.620349, -48.648635
592, 7.743733, -18.765730, 0.497982, -48.526004
593, 7.114633, -18.758480, 0.468762, -48.369515
594, 6.451267, -18.715800, 0.448698, -48.304692
595, 5.748133, -18.659033, 0.941831, -48.161035
596, 5.026267, -18.602050, 1.510204, -47.960791
597, 4.328767, -18.574053, 1.585458, -48.017235
598, 3.626133, -18.522477, -3.438429, -48.134145
599, 2.887033, -18.489623, -22.043405, -46.674925
600, 2.024967, -18.555260, -29.800819, -45.813933
