1, -22.113800, 2.725300, -27.861650, -4.426787
2, -22.113800, 2.725300, -27.861650, -4.426787
3, -22.564500, 2.680000, -28.601240, -4.839164
4, -23.690300, 2.612400, -29.201611, -5.026715
5, -23.984100, 2.582200, -27.736263, -4.722131
6, -24.098250, 2.555350, -27.943677, -4.729485
7, -23.917200, 2.507200, -29.120961, -4.858739
8, -23.663200, 2.497700, -28.914087, -4.851706
9, -23.133300, 2.453450, -28.389412, -4.967964
10, -22.117350, 2.280850, -26.682560, -5.336018
11, -22.117350, 2.280850, -26.682560, -5.336018
12, -20.233700, 1.919200, -26.005243, -5.315920
13, -19.157900, 1.719100, -26.229784, -4.816263
14, -18.019850, 1.417850, -25.661939, -5.303312
15, -16.860300, 1.038900, -25.661989, -6.267044
16, -15.717200, 0.646300, -24.967053, -5.052551
17, -14.505000, 0.298250, -24.505930, -4.890010
18, -13.202000, -0.009853, -24.115079, -5.255059
19, -11.765350, -0.331303, -24.115072, -6.313926
20, -10.214300, -0.718489, -22.925645, -5.888294
21, -8.391150, -1.221781, -10.032812, -6.045407
22, -8.391150, -1.221781, -10.032812, -6.045407
23, -4.448667, -2.566504, 4.597822, -9.452244
24, -1.115151, -3.565109, 7.284178, -10.077428
25, 2.563564, -4.513077, 7.467987, -9.927084
26, 5.584300, -5.150698, 7.372772, -9.987369
27, 8.958305, -5.749817, 9.133691, -10.662924
28, 14.052145, -6.619879, 11.424506, -10.361726
29, 19.429068, -7.482744, 12.396956, -10.779848
30, 23.400800, -8.102927, 14.792526, -10.311194
31, 27.424401, -8.677785, 20.529774, -9.913531
32, 33.004554, -9.299191, 27.767155, -11.272415
33, 37.945080, -9.653762, 55.773175, -12.947352
34, 40.658300, -9.790596, 52.563223, -12.469772
35, 44.278101, -9.976575, 54.307833, -12.766225
36, 48.476968, -10.074423, 57.983142, -12.806400
37, 52.477634, -10.144030, 52.581632, -11.626911
38, 56.367167, -10.102887, 53.454124, -12.236251
39, 60.123434, -10.043103, 59.485024, -12.632002
40, 64.246154, -9.962659, 65.757880, -12.592262
41, 67.913301, -9.877937, 84.019551, -12.617744
42, 70.269250, -9.820148, 83.153517, -13.039796
43, 72.746526, -9.770320, 84.926773, -12.934916
44, 75.279334, -9.646181, 85.917778, -12.319831
45, 77.172833, -9.497015, 83.341004, -11.548891
46, 78.554150, -9.374482, 82.563161, -11.046330
47, 80.101102, -9.248592, 82.580447, -11.945745
48, 81.441833, -9.139545, 82.268634, -13.066138
49, 82.468133, -9.063978, 83.019129, -12.563703
50, 83.213450, -9.011213, 83.724245, -12.792837
51, 83.860633, -8.981136, 82.684677, -12.351320
52, 84.517100, -8.928709, 81.982401, -12.034093
53, 85.144600, -8.907678, 82.317791, -11.706702
54, 85.676400, -8.874211, 82.816579, -12.214038
55, 86.101667, -8.871609, 81.227887, -11.129231
56, 86.405633, -8.860439, 80.880182, -11.441647
57, 86.558367, -8.828353, 80.621343, -11.293505
58, 86.491633, -8.834917, 80.163555, -11.787992
59, 86.170300, -8.908240, 79.398079, -12.021338
60, 85.588600, -9.046682, 79.648871, -12.235828
61, 84.730467, -9.287779, 78.793259, -12.404224
62, 83.634367, -9.631030, 77.160811, -12.806776
63, 82.327633, -10.037206, 75.573475, -14.091892
64, 80.854900, -10.531410, 72.412251, -13.535309
65, 79.190633, -11.155170, 72.396796, -13.343312
66, 77.422367, -11.823573, 72.288258, -13.684414
67, 75.578500, -12.536663, 71.283429, -14.989545
68, 73.747333, -13.291830, 71.075501, -14.086540
69, 71.969533, -14.145420, 69.524002, -14.478922
70, 70.214167, -14.943760, 68.186541, -16.263661
71, 68.511800, -15.677537, 68.251668, -16.479183
72, 66.828300, -16.412830, 68.695481, -15.870750
73, 65.227100, -17.042747, 68.468907, -14.983438
74, 63.630767, -17.627453, 64.233121, -16.591567
75, 61.977733, -18.098953, 62.985617, -15.916874
76, 60.281667, -18.317107, 62.991305, -16.115814
77, 58.536433, -18.387950, 62.203726, -15.762522
78, 56.726867, -18.480490, 61.590649, -16.844880
79, 54.813267, -18.687710, 59.896056, -17.310739
80, 52.821534, -19.006520, 58.797122, -17.271914
81, 50.701467, -19.447347, 57.677308, -17.763340
82, 48.355001, -19.998493, 56.363078, -18.726029
83, 45.768200, -20.673393, 53.737014, -19.456715
84, 43.018100, -21.305253, 52.652807, -19.744272
85, 40.219433, -21.815300, 51.308821, -20.572549
86, 37.413033, -22.307093, 48.418852, -20.887018
87, 34.607333, -22.776027, 44.162930, -21.897884
88, 31.790233, -23.251520, 43.151747, -22.663969
89, 28.958400, -23.687173, 41.302979, -22.178029
90, 26.207766, -23.975073, 39.787705, -22.240509
91, 23.114375, -24.223498, 38.234851, -22.304034
92, 20.182633, -24.361163, 36.343687, -22.289212
93, 17.858066, -24.467677, 34.325120, -22.104764
94, 16.050200, -24.564240, 33.152920, -22.380071
95, 14.017450, -24.630550, 31.173851, -22.298885
96, 11.797433, -24.707700, 29.253346, -22.101752
97, 9.968900, -24.817223, 28.765408, -21.699634
98, 8.197267, -24.942103, 26.879555, -21.683813
99, 6.484567, -25.071090, 25.199646, -21.773851
100, 5.066950, -25.188085, 23.831765, -21.898551
101, 3.413475, -25.318478, 18.942154, -20.681694
102, 1.798050, -25.360130, 16.760450, -21.496074
103, -0.020000, -25.362603, 14.793233, -21.759024
104, -1.280050, -25.286460, 14.032639, -21.708582
105, -2.469733, -25.188110, 12.864938, -21.632657
106, -4.042525, -25.052375, 11.424758, -21.446230
107, -5.460067, -24.816700, 10.003415, -21.234181
108, -6.393800, -24.592605, 3.298997, -22.143919
109, -7.258900, -24.313777, -4.896330, -21.992373
110, -8.396025, -23.802672, -8.462802, -22.389439
111, -9.444400, -23.211650, -8.299703, -21.729418
112, -10.176900, -22.781440, -8.417399, -21.452804
113, -10.906367, -22.427543, -9.041275, -21.378790
114, -11.777000, -22.108627, -9.114850, -21.835620
115, -12.677367, -21.794460, -9.554315, -21.589584
116, -13.539333, -21.395360, -8.929190, -22.030295
117, -14.345200, -20.709460, -8.162388, -22.500954
118, -15.058667, -19.340228, -8.302052, -21.474483
119, -15.480800, -16.418488, -9.806143, -19.232366
120, -15.665033, -12.437726, -8.298242, -10.657034
121, -15.808200, -9.344362, -8.222006, -4.840817
122, -15.869133, -6.777560, -8.208436, -4.302129
123, -15.873100, -4.462151, -8.810157, -5.383033
124, -15.914567, -2.255833, -9.000543, -4.580298
125, -15.987500, -0.161749, -7.070400, -1.748124
126, -16.142667, 1.847267, -6.990241, -0.603983
127, -16.345700, 3.682100, -7.085360, 1.068962
128, -16.565833, 5.317300, -7.421955, 2.240541
129, -16.815700, 6.930367, -8.349975, -0.349859
130, -17.110767, 8.537466, -8.875127, -0.393533
131, -17.464067, 10.363867, -9.206194, 2.994576
132, -17.883067, 12.126634, -10.488344, 6.624741
133, -18.306700, 13.624734, -10.509170, 7.204588
134, -18.682100, 14.897800, -10.615179, 6.780089
135, -19.045733, 16.075433, -11.102687, 7.049631
136, -19.377967, 17.144500, -10.974586, 7.441746
137, -19.674733, 18.258700, -11.572770, 10.233462
138, -19.978200, 19.230833, -12.419478, 11.596332
139, -20.253200, 20.056167, -12.197754, 12.678715
140, -20.536400, 20.766000, -12.311089, 13.163993
141, -20.799267, 21.215800, -12.555954, 11.714196
142, -21.052533, 21.523233, -12.957769, 12.240972
143, -21.287167, 21.582467, -13.122354, 12.056901
144, -21.512767, 21.480800, -13.236841, 11.951363
145, -21.733367, 21.474600, -13.469238, 12.002685
146, -21.901367, 21.368900, -13.999224, 11.766629
147, -22.099500, 21.112233, -14.241849, 11.412412
148, -22.310000, 20.799333, -13.904019, 11.286701
149, -22.498667, 20.458967, -14.306560, 10.950618
150, -22.669167, 20.055700, -14.741700, 10.585494
151, -22.840100, 19.536867, -15.139530, 9.987039
152, -23.040267, 18.929967, -15.461269, 9.595877
153, -23.260267, 18.207300, -15.786958, 9.022815
154, -23.495133, 17.374933, -16.119563, 8.329243
155, -23.777833, 16.422800, -16.594516, 7.672792
156, -24.064933, 15.248700, -16.798896, 6.725529
157, -24.322867, 13.842467, -17.161420, 5.633430
158, -24.557500, 12.234267, -17.739728, 5.015201
159, -24.786333, 10.532767, -19.056303, 3.450721
160, -24.984567, 8.675167, -20.738167, -3.318804
161, -25.117700, 6.863700, -21.074635, -5.798854
162, -25.222867, 5.274267, -20.126910, -7.293519
163, -25.313633, 3.883267, -20.700090, -6.580029
164, -25.430767, 2.355667, -20.652177, -7.895499
165, -25.544200, 0.749033, -20.897731, -8.391600
166, -25.643567, -0.975539, -21.294507, -8.824884
167, -25.710167, -2.892389, -22.307962, -8.950559
168, -25.781900, -4.799561, -21.861325, -10.099804
169, -25.901933, -6.824187, -22.064452, -11.731520
170, -26.185467, -8.865750, -22.012778, -12.512323
171, -26.746367, -11.218599, -24.896877, -21.326354
172, -27.535433, -14.098084, -25.439885, -26.778485
173, -28.388167, -16.879925, -25.311937, -26.306002
174, -29.112650, -18.469275, -25.870536, -25.655883
175, -30.210700, -20.432388, -26.028921, -25.054231
176, -30.900700, -21.876383, -26.093644, -24.607900
177, -31.249933, -22.291473, -26.117206, -25.240586
178, -31.376733, -22.224700, -25.028824, -24.062268
179, -31.217367, -22.025253, -24.959908, -23.090968
180, -30.888667, -21.475970, -24.700859, -22.629414
181, -30.451500, -20.813763, -24.345591, -21.805577
182, -29.969433, -20.182717, -23.925759, -21.949835
183, -29.466200, -19.690093, -24.235485, -22.090163
184, -28.990233, -19.204837, -24.275114, -21.730295
185, -28.530600, -18.678203, -24.228993, -22.851684
186, -28.068067, -18.276657, -24.001403, -22.340031
187, -27.664233, -17.919253, -24.138693, -22.324736
188, -27.323300, -17.639797, -23.985126, -21.911843
189, -27.047200, -17.458390, -24.123998, -21.637066
190, -26.876267, -17.380647, -24.245991, -22.035940
191, -26.856967, -17.379640, -24.403446, -21.992524
192, -26.987500, -17.504400, -24.411489, -22.529019
193, -27.581500, -18.208393, -24.842547, -23.017066
194, -28.685133, -19.333043, -25.689253, -23.493397
195, -30.275466, -20.676600, -35.160300, -26.388770
196, -32.015700, -21.826730, -49.327577, -30.805180
197, -34.628471, -23.206431, -54.418529, -30.920204
198, -36.772800, -24.044050, -56.917232, -31.750270
199, -39.708700, -24.795250, -53.816629, -31.232105
200, -42.124700, -25.238980, -54.150942, -31.458497
201, -44.466167, -25.779173, -53.384133, -29.899543
202, -46.722534, -26.289367, -54.225338, -30.520045
203, -48.844633, -26.829637, -53.301696, -30.553775
204, -50.545750, -27.116635, -54.367164, -30.812321
205, -52.891833, -27.647423, -54.222747, -30.428468
206, -54.943233, -28.049997, -54.304338, -29.656942
207, -57.144533, -28.422497, -55.601784, -29.668091
208, -59.531100, -28.892140, -59.855791, -31.020960
209, -62.118600, -29.301207, -81.914563, -33.221793
210, -64.802767, -29.594950, -91.315592, -34.742502
211, -67.309933, -29.918220, -87.895753, -35.762246
212, -69.270650, -30.222120, -88.093321, -35.188477
213, -71.619026, -30.753680, -86.358923, -34.611584
214, -74.322833, -31.244647, -86.134536, -34.931317
215, -76.640700, -31.610447, -87.944141, -35.678051
216, -78.518900, -31.940455, -89.743179, -35.167002
217, -80.696749, -32.280982, -88.067262, -34.887475
218, -83.021800, -32.651267, -88.196195, -34.662782
219, -84.911100, -33.050473, -88.506493, -35.342445
220, -86.735067, -33.430930, -89.250796, -36.372903
221, -87.863300, -33.926500, -88.461957, -36.667515
222, -88.216450, -34.166015, -87.497904, -35.516938
223, -88.182667, -34.252103, -87.377806, -36.240803
224, -87.783300, -34.325787, -86.958140, -36.663668
225, -87.189700, -34.404907, -86.073293, -36.612168
226, -86.656833, -34.673480, -85.346179, -36.554800
227, -86.136133, -35.172503, -85.457924, -37.174210
228, -85.600933, -35.988420, -86.226178, -36.513358
229, -84.996133, -37.183323, -85.727522, -45.635972
230, -84.195567, -38.563993, -81.928297, -60.160759
231, -83.167167, -39.850343, -78.093380, -66.459421
232, -81.901000, -40.892817, -78.840155, -65.768108
233, -80.703167, -41.870690, -78.684323, -65.870659
234, -79.732233, -42.786387, -78.746479, -65.335085
235, -78.951767, -43.625850, -77.829558, -65.958563
236, -78.482333, -44.268433, -77.056432, -66.256643
237, -78.287133, -44.666670, -78.999180, -65.040659
238, -78.273133, -44.763250, -79.714588, -64.559765
239, -78.450567, -44.512450, -79.288934, -63.704862
240, -78.358033, -44.271107, -81.081363, -63.987548
241, -78.243300, -44.098283, -80.460008, -63.609783
242, -78.263767, -44.110983, -79.371752, -64.238738
243, -78.110033, -44.169893, -80.326067, -64.187376
244, -77.925533, -44.093353, -80.037220, -64.139425
245, -77.718100, -44.064667, -79.861929, -64.027267
246, -77.488067, -43.978143, -79.905469, -63.966338
247, -77.318167, -43.901513, -79.215733, -63.951110
248, -77.172667, -43.841290, -79.009219, -63.916417
249, -77.087500, -43.661677, -80.033150, -63.738236
250, -77.028133, -43.314887, -81.269451, -64.180817
251, -77.010133, -42.477957, -81.453396, -63.424530
252, -77.073533, -40.859774, -80.827229, -63.582820
253, -77.073533, -40.859774, -80.827229, -63.582820
254, -77.073533, -40.859774, -80.827229, -63.582820
255, -77.073533, -40.859774, -80.827229, -63.582820
256, -77.073533, -40.859774, -80.827229, -63.582820
257, -77.073533, -40.859774, -80.827229, -63.582820
258, -78.692350, -23.528485, -88.094471, -15.228055
259, -78.834000, -21.716287, -87.985770, -16.424932
260, -78.914367, -19.735983, -86.365487, -15.762732
261, -79.058500, -18.260627, -86.340099, -17.492873
262, -79.193000, -16.997467, -86.042160, -18.134231
263, -79.344567, -16.069383, -86.350973, -18.949037
264, -79.467067, -15.297050, -87.436120, -17.678252
265, -79.510633, -14.704640, -87.290682, -17.299859
266, -79.457200, -14.178423, -86.607015, -18.447655
267, -79.302433, -13.627043, -86.563975, -18.203161
268, -79.014075, -13.114902, -86.429235, -18.118682
269, -78.613067, -12.795813, -85.993639, -17.852346
270, -78.286850, -12.609615, -76.506774, -20.129466
271, -77.937533, -12.457467, -71.084178, -22.272266
272, -77.409350, -12.346023, -71.463278, -22.216616
273, -76.835867, -12.194210, -71.376558, -21.705699
274, -76.401000, -12.029730, -70.859969, -21.289882
275, -75.656700, -11.903977, -70.383134, -21.510522
276, -74.781300, -11.869190, -70.880169, -22.214076
277, -73.241501, -11.846233, -70.445215, -22.307691
278, -69.159866, -11.391813, -67.222664, -22.214313
279, -63.663800, -10.792165, -53.532957, -24.749128
280, -63.663800, -10.792165, -53.532957, -24.749128
281, -63.663800, -10.792165, -53.532957, -24.749128
282, -63.663800, -10.792165, -53.532957, -24.749128
283, -37.489197, -9.402464, -18.586823, -18.623547
284, -32.510397, -9.150855, -16.696478, -18.502691
285, -28.661396, -9.031716, -19.584819, -17.142503
286, -26.191350, -9.037570, -20.263264, -18.198715
287, -24.562399, -8.784575, -20.860442, -17.435954
288, -23.532000, -8.269987, -22.298949, -17.303709
289, -22.795667, -8.032523, -23.204558, -17.141312
290, -22.296975, -8.019422, -24.114862, -17.543549
291, -22.096900, -8.037990, -24.246768, -17.561857
292, -22.071650, -8.004785, -23.744266, -17.704706
293, -22.089900, -7.995057, -21.605233, -15.446127
294, -22.118500, -7.895907, -21.428519, -14.287751
295, -22.175500, -7.675236, -21.635537, -14.194257
296, -22.212467, -7.335404, -22.078854, -13.570764
297, -22.298667, -6.388748, -22.799264, -12.885918
298, -22.498450, -4.293794, -27.048557, -6.659228
299, -22.921733, 0.942792, -30.776063, -1.579710
300, -23.480700, 4.067068, -29.326371, -3.840464
301, -24.248267, 4.448667, -30.246001, -4.112184
302, -24.905300, 4.200300, -30.611126, -5.541425
303, -25.471067, 4.304300, -30.328653, -7.806380
304, -26.044667, 4.274500, -30.594784, -8.050556
305, -26.565733, 3.930533, -30.713639, -8.318025
306, -27.017967, 3.772633, -31.330811, -8.352835
307, -27.429133, 3.819467, -31.647101, -8.264802
308, -27.739100, 3.629533, -31.192643, -8.705676
309, -27.917833, 3.298033, -30.540509, -8.779561
310, -27.961933, 2.943433, -30.410481, -9.544041
311, -27.865133, 2.579333, -30.079662, -9.745178
312, -27.665800, 2.203100, -29.719123, -9.676032
313, -27.334300, 1.693800, -29.395646, -9.667307
314, -26.851333, 1.315433, -29.372989, -8.784848
315, -26.318867, 1.141033, -29.405015, -7.664997
316, -25.755800, 0.855000, -28.958404, -8.346191
317, -25.183867, 0.263133, -22.099849, -12.354035
318, -24.596400, -0.510125, -19.631434, -14.267819
319, -24.003867, -1.492651, -21.133292, -14.158529
320, -23.451300, -2.367256, -20.554642, -15.066938
321, -22.608650, -3.162812, -19.654645, -15.725120
322, -21.432633, -4.155173, -19.076393, -15.488603
323, -20.291533, -4.798006, -19.778249, -14.971409
324, -18.959933, -5.644376, -19.882913, -15.038258
325, -17.385067, -6.679651, -19.056438, -14.809902
326, -15.581833, -7.889988, -18.474571, -14.810947
327, -13.430967, -9.607951, -14.865199, -17.331622
328, -13.430967, -9.607951, -14.865199, -17.331622
329, -13.430967, -9.607951, -14.865199, -17.331622
330, -13.430967, -9.607951, -14.865199, -17.331622
331, -13.430967, -9.607951, -14.865199, -17.331622
332, 4.535567, -15.769097, 19.762782, -16.967549
333, 9.177300, -15.633670, 21.094780, -16.885584
334, 13.860933, -15.402410, 30.264537, -15.831311
335, 18.422067, -15.632730, 32.877925, -15.910345
336, 22.754269, -15.892817, 34.179968, -14.346098
337, 26.634269, -15.910470, 32.449473, -15.393057
338, 29.956801, -15.857467, 32.353105, -16.214502
339, 32.858901, -15.698677, 32.429305, -15.334559
340, 35.078950, -15.476135, 34.273590, -15.164476
341, 37.845300, -15.168807, 39.681780, -13.976232
342, 39.930500, -14.972860, 44.404462, -13.029577
343, 41.774633, -14.847740, 44.901507, -12.963829
344, 43.427200, -14.799003, 43.754453, -14.162435
345, 44.951600, -14.804630, 43.814751, -14.459892
346, 46.367600, -14.885907, 43.919595, -14.246946
347, 47.681333, -15.012037, 42.698109, -15.692509
348, 48.961567, -15.011897, 42.078149, -16.206441
349, 50.236800, -14.980330, 43.236370, -16.218686
350, 51.645967, -14.858100, 42.104472, -15.762663
351, 53.314800, -14.752863, 41.969390, -14.727074
352, 55.346799, -14.713633, 48.166743, -16.715451
353, 57.869967, -14.728217, 65.211159, -13.512389
354, 60.625399, -14.703457, 78.931832, -14.764027
355, 63.456167, -14.738733, 89.526755, -17.927365
356, 66.278667, -14.851110, 91.447774, -19.975719
357, 68.903200, -14.919760, 89.928327, -21.196112
358, 71.382833, -14.988510, 90.163967, -20.787466
359, 73.679267, -15.085863, 89.372466, -21.046504
360, 75.471250, -15.228395, 89.045753, -22.097777
361, 77.491426, -15.470250, 90.723700, -30.811602
362, 79.671300, -15.745350, 91.090952, -34.268311
363, 81.378000, -15.966637, 91.002962, -33.381186
364, 82.743550, -16.090285, 91.597782, -33.383933
365, 84.322475, -16.233680, 91.979495, -32.955250
366, 86.137600, -16.363750, 92.282607, -32.820273
367, 87.690033, -16.347660, 91.838608, -32.389762
368, 89.215367, -16.314613, 92.208149, -32.114565
369, 90.673545, -16.303987, 88.046621, -30.275917
370, 92.113671, -16.322233, 87.684003, -28.367990
371, 93.486485, -16.336923, 87.760900, -28.581241
372, 94.791087, -16.320610, 88.985202, -28.600247
373, 96.021649, -16.376360, 89.754547, -28.545541
374, 97.131776, -16.425853, 89.392039, -28.965273
375, 98.165664, -16.486417, 89.648438, -28.366925
376, 99.112670, -16.584543, 89.957715, -28.429071
377, 100.035164, -16.682803, 90.835259, -28.760347
378, 100.818285, -16.802210, 91.639454, -28.898831
379, 101.800590, -16.928810, 91.149821, -29.349487
380, 102.867670, -17.091040, 91.058825, -28.670131
381, 104.081277, -17.301665, 92.284935, -29.164456
382, 105.770127, -17.632887, 92.724663, -29.507697
383, 107.441863, -18.051217, 91.399557, -29.518780
384, 109.336680, -18.634883, 104.244436, -31.046823
385, 111.377260, -19.472290, 124.535568, -35.395665
386, 113.328880, -20.549463, 132.322308, -38.317358
387, 115.056090, -21.621253, 129.141173, -38.175186
388, 116.400843, -22.666630, 127.697257, -38.035990
389, 117.494623, -23.573257, 128.776374, -38.405063
390, 118.398533, -24.291373, 130.043722, -38.985653
391, 119.112337, -24.363657, 130.712959, -38.967412
392, 120.052607, -23.958450, 130.337741, -38.083632
393, 121.181453, -23.730313, 128.528013, -36.993252
394, 122.320283, -23.554063, 127.782411, -36.574578
395, 123.307413, -23.271943, 128.519049, -36.503069
396, 124.009983, -22.935783, 128.733245, -36.163572
397, 124.520350, -22.552950, 128.171793, -35.259511
398, 124.915317, -22.199503, 128.129004, -35.190584
399, 125.238840, -21.876893, 127.216214, -36.272218
400, 125.783483, -21.467993, 127.656449, -35.802303
401, 126.620647, -21.105867, 151.351905, -36.634451
402, 127.815373, -20.858907, 150.368949, -35.312665
403, 129.027757, -20.638837, 146.898142, -35.664391
404, 129.837113, -20.425583, 149.385515, -36.033810
405, 130.198113, -20.226093, 147.892735, -35.548898
406, 130.215550, -19.941470, 146.959426, -35.404507
407, 130.189457, -19.571010, 146.647190, -35.167992
408, 130.222023, -19.020417, 146.464815, -34.884867
409, 130.341567, -18.237580, 146.127344, -34.359296
410, 130.429250, -17.275277, 145.890701, -33.569260
411, 130.453837, -15.571147, 144.478289, -30.167547
412, 130.357143, -12.879297, 140.269782, -15.004215
413, 130.011140, -9.498615, 134.499622, -3.608720
414, 129.604583, -6.676870, 128.890006, 0.804156
415, 129.135810, -4.728756, 128.661366, 1.495756
416, 128.775607, -3.565096, 128.361034, 2.663705
417, 128.259250, -2.995103, 129.276444, -2.595336
418, 127.511040, -2.505307, 129.035342, -3.072454
419, 126.923883, -2.142585, 128.693867, -2.706661
420, 126.629157, -2.044703, 128.828719, -3.109110
421, 126.407337, -1.917251, 129.372832, -3.930171
422, 126.016960, -1.679213, 128.910530, -3.723000
423, 125.246367, -1.407879, 128.542024, -3.597020
424, 124.373210, -1.125759, 127.723044, -4.872426
425, 123.115460, -0.804000, 120.409364, -1.589216
426, 121.448427, -0.504201, 112.764582, -1.215571
427, 119.962013, -0.216300, 113.176406, -1.973191
428, 118.301450, 0.147400, 113.233190, -2.609063
429, 116.444990, 0.498433, 112.746269, -2.579161
430, 114.502817, 0.675933, 112.052508, -2.309442
431, 112.502857, 0.627933, 111.970931, -2.762596
432, 110.626990, 0.596467, 111.368046, -1.969745
433, 108.959180, 0.493700, 110.133403, -2.451790
434, 107.320737, 0.318900, 110.064787, -2.326397
435, 105.791783, 0.196233, 111.615507, -4.112318
436, 104.250527, 0.033873, 111.113809, -3.594688
437, 102.739707, -0.183698, 109.939521, -3.396968
438, 101.271173, -0.350164, 108.737553, -3.249408
439, 99.777841, -0.446606, 104.123155, -5.185078
440, 98.316135, -0.532941, 104.031931, -5.247086
441, 96.884443, -0.635392, 103.043489, -5.144996
442, 95.494941, -0.718933, 102.261889, -3.961102
443, 94.211169, -0.757933, 102.702734, -2.916006
444, 92.981995, -0.809717, 101.552852, -2.926317
445, 91.763599, -0.889141, 103.518747, -5.370001
446, 90.476314, -0.960722, 104.026386, -5.549365
447, 89.055433, -1.006046, 103.683068, -4.748179
448, 87.597767, -0.957863, 102.916166, -4.589496
449, 86.301866, -0.588439, 101.933034, -4.276383
450, 85.563900, 0.265667, 101.339708, -3.451536
451, 85.610333, 1.465900, 106.645706, 3.049655
452, 86.020133, 2.388233, 107.800827, 3.528779
453, 86.189467, 2.500367, 107.969203, 3.715398
454, 85.752533, 2.018133, 107.804489, 1.078304
455, 84.586067, 1.376700, 108.638697, 0.586213
456, 83.171950, 0.920450, 108.713610, 2.294527
457, 81.162992, 0.678667, 105.001095, -1.602234
458, 78.876734, 0.413367, 105.226985, -0.762552
459, 76.310035, -0.149542, 102.464723, -0.730052
460, 73.537300, -0.877945, 94.152950, -3.291494
461, 73.537300, -0.877945, 94.152950, -3.291494
462, 61.363900, -3.266783, 59.393269, -10.772592
463, 55.276800, -3.447951, 36.180353, -6.275929
464, 47.647661, -3.311106, 29.700606, -5.682334
465, 40.886021, -2.760797, 23.421010, -5.718843
466, 35.338993, -2.141264, 24.296230, -4.913629
467, 30.490194, -1.885940, 23.960777, -5.202686
468, 26.536365, -1.810768, 24.960864, -5.444247
469, 23.562534, -1.940312, 25.267800, -6.204252
470, 20.867733, -2.181623, 25.982009, -5.679481
471, 18.314700, -2.293510, 26.608108, -5.714852
472, 15.302035, -2.388067, 25.430875, -5.724368
473, 11.418037, -2.515005, 22.572462, -5.740660
474, 7.072030, -2.427092, 18.185453, -5.789124
475, 3.305265, -1.739651, -3.220755, -0.658277
476, 0.775550, -0.924783, -10.616716, 2.769744
477, -2.008967, 0.499700, -9.351772, 2.956660
478, -3.886900, 1.882967, -10.016328, 3.955414
479, -5.381467, 3.361100, -11.338620, 5.523414
480, -6.531633, 4.912667, -11.397657, 12.452966
481, -7.175667, 6.230766, -9.240016, 12.090368
482, -7.592050, 7.477750, -9.296999, 11.652151
483, -7.787967, 8.995200, -8.757746, 11.901599
484, -7.685967, 9.983533, -8.090889, 10.906820
485, -7.505333, 10.473833, -7.375160, 10.802575
486, -7.100867, 10.427733, -7.606502, 9.271566
487, -6.513433, 9.798367, -7.543618, 9.331484
488, -5.956050, 8.925550, -7.285536, 8.630388
489, -5.113433, 7.368167, -6.424218, 7.577281
490, -4.386167, 5.677933, -6.023239, 6.550277
491, -3.710500, 3.695567, -5.958465, 5.719280
492, -3.031000, 1.356734, -5.721445, 4.273514
493, -2.336567, -1.515237, -5.332025, 2.824906
494, -1.759600, -4.038599, -4.349240, 1.757641
495, -1.003233, -6.938736, -4.698328, 1.029071
496, -0.341200, -8.537538, -1.145228, -4.166291
497, 0.284133, -9.806792, -0.000116, -8.879056
498, 0.857567, -11.314883, 0.023107, -9.285487
499, 1.391867, -12.836797, 0.763042, -10.060771
500, 1.847050, -14.084640, 0.880758, -11.338757
501, 2.598300, -15.866737, 0.624199, -11.322122
502, 3.456067, -17.332313, 0.786356, -12.063436
503, 4.448067, -18.706147, 1.177443, -11.521706
504, 5.483133, -19.849143, 2.283558, -13.595097
505, 6.545267, -20.592363, 2.807877, -13.915797
506, 7.591333, -20.895777, 5.049277, -16.147825
507, 8.554600, -21.024707, 7.040187, -23.906834
508, 9.411367, -21.160910, 6.685682, -25.090454
509, 10.169467, -21.217277, 6.549596, -24.576116
510, 10.885533, -21.213730, 6.856197, -23.808283
511, 11.657900, -21.256103, 7.428602, -23.951596
512, 12.604567, -21.242353, 8.011998, -23.789454
513, 13.763767, -21.162720, 9.113862, -23.572523
514, 15.072567, -21.025600, 9.733648, -23.743324
515, 16.583233, -20.915827, 10.630490, -24.229639
516, 18.269367, -20.837610, 10.539551, -24.423106
517, 20.048600, -20.763590, 11.911663, -24.583493
518, 21.962100, -20.666020, 20.929130, -20.612299
519, 23.973733, -20.534553, 25.507772, -14.085300
520, 25.951367, -20.465983, 25.516321, -13.350184
521, 27.928400, -20.359687, 25.170700, -13.165153
522, 29.803634, -20.180380, 26.692639, -13.443759
523, 31.552500, -20.032473, 29.029950, -13.911574
524, 33.227833, -19.954340, 29.903944, -13.692369
525, 34.855900, -19.944063, 29.812244, -12.099148
526, 36.780499, -19.752450, 30.025229, -11.694153
527, 39.303932, -19.385883, 31.046265, -11.731089
528, 42.261333, -19.050090, 41.543805, -12.867243
529, 45.311433, -18.746880, 49.666609, -12.953844
530, 48.294467, -18.499283, 49.365849, -12.573275
531, 51.165701, -18.260937, 49.487017, -12.414634
532, 53.770500, -17.984217, 49.960189, -11.611504
533, 56.081600, -17.792647, 52.121721, -12.156611
534, 58.202700, -17.545533, 52.209509, -12.176422
535, 60.150700, -17.093767, 55.016184, -11.702705
536, 61.900833, -16.607147, 62.403951, -10.315790
537, 63.345200, -16.213440, 62.129172, -9.828704
538, 64.542000, -15.818343, 60.954885, -9.832104
539, 65.596800, -15.496423, 61.777459, -9.507755
540, 66.513933, -15.217820, 61.834676, -10.170623
541, 67.288500, -14.913810, 61.548028, -10.689156
542, 67.920333, -14.655867, 61.199706, -11.596421
543, 68.490767, -14.390850, 60.051191, -9.854399
544, 69.016500, -14.029710, 59.591405, -8.509618
545, 69.640533, -13.524313, 60.152667, -8.051997
546, 70.338200, -12.994853, 66.201330, -9.336323
547, 71.038000, -12.448063, 74.111755, -8.544437
548, 71.571800, -11.885490, 73.696563, -8.161177
549, 71.857600, -11.460337, 73.613372, -8.775838
550, 71.653400, -11.027080, 66.541527, -8.831742
551, 70.701933, -10.575803, 51.147695, -8.821609
552, 69.133367, -9.952989, 48.266116, -9.353805
553, 67.158833, -9.267584, 48.890703, -9.024485
554, 64.602034, -8.490239, 48.701535, -9.221801
555, 61.348267, -7.645103, 48.287008, -9.311142
556, 58.082932, -6.985952, 45.818773, -8.503282
557, 55.249666, -6.567313, 43.066775, -7.371786
558, 52.953933, -6.301220, 44.573688, -7.917052
559, 51.279933, -6.213992, 46.386084, -8.897307
560, 50.406033, -6.253831, 48.317295, -9.180796
561, 50.127033, -6.287965, 48.891572, -8.952772
562, 50.157500, -6.208961, 49.689545, -9.290883
563, 50.329467, -6.044880, 50.055835, -9.551042
564, 50.443600, -5.834075, 50.023748, -9.573032
565, 50.331725, -5.644967, 49.921761, -9.380995
566, 49.978533, -5.265051, 50.041021, -9.304290
567, 49.585133, -4.888016, 46.179579, -6.397840
568, 49.136067, -4.615844, 43.777035, -5.437334
569, 48.744867, -4.409901, 44.444301, -5.945478
570, 48.388767, -4.336909, 44.712501, -5.860049
571, 48.137733, -4.349741, 44.601287, -6.010878
572, 48.078067, -4.437511, 44.566034, -6.466721
573, 48.324667, -4.607845, 44.873956, -6.822741
574, 49.304499, -4.678087, 45.775460, -6.605574
575, 51.694493, -4.720052, 56.854900, -7.186486
576, 55.901333, -5.071289, 71.511829, -11.373318
577, 61.332592, -5.660381, 82.756555, -10.441848
578, 67.141901, -6.008324, 88.988517, -9.964508
579, 72.686903, -5.889261, 92.803564, -7.660008
580, 77.629571, -5.464461, 93.541887, -6.397509
581, 81.594502, -4.750197, 95.398253, -5.222921
582, 84.389500, -3.999322, 94.591315, -5.542586
583, 86.446800, -3.562080, 89.088411, -6.605519
584, 87.803467, -3.290417, 87.440328, -7.244270
585, 88.961767, -3.080624, 86.895802, -6.432761
586, 89.899647, -2.927909, 86.654381, -7.080909
587, 90.796407, -2.797151, 89.169594, -6.870608
588, 91.681284, -2.626737, 94.305501, -4.290196
589, 92.503595, -2.469021, 95.107560, -3.763788
590, 93.181469, -2.361774, 94.976954, -4.466415
591, 93.588813, -2.331478, 93.553441, -4.931166
592, 93.885386, -2.202611, 93.350951, -4.867825
593, 94.235153, -1.935661, 93.154752, -4.797372
594, 94.842149, -1.352346, 93.282019, -5.413237
595, 95.847711, -0.404342, 94.917587, -3.461382
596, 97.172356, 0.734333, 105.269002, 3.010655
597, 98.658838, 1.919433, 107.915858, 4.214592
598, 100.215268, 2.879033, 106.909290, 5.646057
599, 101.825827, 3.663833, 107.380453, 5.118586
600, 103.391736, 4.343400, 106.703700, 3.791871
