1, -177.597095, -8.028201, -172.089594, -23.041424
2, -178.197665, -7.645323, -177.625081, -30.705467
3, -178.202822, -7.696741, -175.414719, -21.995654
4, -178.180687, -7.731864, -172.264520, -28.000467
5, -178.165783, -7.753137, -171.368229, -23.318456
6, -178.128690, -7.752914, -171.843175, -26.792927
7, -178.077473, -7.702374, -173.533588, -30.092216
8, -178.048050, -7.675802, -173.557735, -29.941029
9, -178.060237, -7.656764, -172.772006, -29.711933
10, -178.083483, -7.657726, -172.880804, -29.757590
11, -178.110407, -7.655208, -171.646847, -29.241164
12, -178.130747, -7.647427, -171.560400, -29.268720
13, -178.143550, -7.633173, -172.222678, -27.024940
14, -178.134153, -7.657423, -172.022835, -24.538454
15, -178.122080, -7.686121, -172.292424, -27.316910
16, -178.082083, -7.723864, -172.663176, -26.821271
17, -178.027970, -7.737042, -172.604778, -27.068233
18, -177.989400, -7.696612, -172.733154, -26.623828
19, -177.936020, -7.657138, -171.915727, -27.273008
20, -177.855520, -7.633397, -173.006485, -25.804688
21, -177.725983, -7.593380, -172.277934, -27.051519
22, -177.557673, -7.550242, -171.908836, -27.174761
23, -177.422960, -7.526193, -171.521508, -27.595303
24, -177.291070, -7.512527, -171.343635, -27.664525
25, -177.161330, -7.497930, -170.903349, -27.865181
26, -177.083070, -7.477920, -173.545845, -24.934103
27, -177.051293, -7.466717, -176.630047, -16.976405
28, -177.078557, -7.444331, 178.667538, -9.587198
29, -177.118353, -7.391235, 176.914625, -6.346584
30, -177.118157, -7.336885, 176.525355, -1.701172
31, -177.071827, -7.279021, 176.856676, 0.133812
32, -177.023487, -7.234393, 175.519766, 0.701568
33, -176.993423, -7.200160, 177.127304, -0.260736
34, -176.974877, -7.201933, 178.101356, -0.139574
35, -176.946940, -7.251594, 177.754332, 0.492703
36, -176.935057, -7.288139, 177.328462, 0.973456
37, -176.923257, -7.300778, 177.337128, 1.014551
38, -176.893623, -7.302100, 177.374711, 0.936156
39, -176.827853, -7.326280, 177.423098, 0.857754
40, -176.703187, -7.373729, 177.413060, 0.930588
41, -176.552943, -7.391163, 177.412187, 1.016490
42, -176.363107, -7.362356, 177.604277, 0.942338
43, -176.132987, -7.319793, -179.729403, 1.311177
44, -175.863377, -7.284349, -177.172269, 2.583652
45, -175.557027, -7.268327, -176.765669, 2.553291
46, -175.248967, -7.270327, -176.472376, 2.375911
47, -174.964027, -7.318629, -177.158576, 2.069637
48, -174.728667, -7.378519, -177.269102, 1.980392
49, -174.517527, -7.439226, -177.260071, 1.997013
50, -174.303893, -7.501606, -177.193174, 2.014382
51, -174.065663, -7.565236, -177.202541, 1.976312
52, -173.775110, -7.605623, -177.287723, 1.346873
53, -173.420753, -7.621236, -177.170829, 1.403614
54, -172.985833, -7.583842, -176.522921, 1.726803
55, -172.482020, -7.523135, -174.788728, 2.740733
56, -171.911267, -7.464179, -167.233570, 5.260703
57, -171.259043, -7.406012, -159.349398, 6.510846
58, -170.466910, -7.364745, -158.134531, 6.068673
59, -169.599167, -7.320916, -157.513559, 5.845573
60, -168.635767, -7.205315, -157.126194, 6.788744
61, -167.588800, -7.015512, -156.984465, 6.788859
62, -166.456767, -6.727253, -157.481182, 5.671613
63, -165.126000, -6.207096, -157.815672, 4.716638
64, -163.607500, -5.654242, -157.017767, 5.597772
65, -161.959967, -5.073148, -157.172454, 5.362970
66, -160.157200, -4.371544, -156.050974, 5.006006
67, -158.090834, -3.459072, -151.086322, 6.181491
68, -155.544401, -2.329136, -143.431721, 3.815669
69, -152.576702, -1.042399, -130.731293, 6.544236
70, -149.193368, 0.441867, -119.469326, 8.761762
71, -145.427933, 2.021200, -115.844796, 6.465027
72, -141.510234, 3.464967, -111.244125, 7.397876
73, -137.752134, 4.713667, -110.632382, 7.883516
74, -134.299532, 5.926600, -111.696663, 7.071874
75, -131.243200, 7.057300, -109.457418, 9.160123
76, -128.562866, 7.836700, -109.332619, 8.887760
77, -126.396600, 8.170433, -111.588525, 7.407398
78, -124.691500, 8.059267, -113.983328, 5.841814
79, -123.449000, 7.804100, -114.964374, 4.827556
80, -122.578133, 7.511500, -116.084387, 3.732059
81, -121.901867, 7.204367, -117.146073, 3.322281
82, -121.213333, 6.939633, -116.187805, 3.254780
83, -120.387900, 6.667500, -110.096211, 6.814739
84, -119.342800, 6.434233, -105.656071, 12.082911
85, -118.109967, 6.248767, -97.751300, 12.773356
86, -116.760500, 6.124100, -100.415434, 11.020265
87, -115.384167, 6.021933, -96.234129, 10.641101
88, -113.982433, 5.934633, -90.616716, 11.624535
89, -112.573433, 5.786333, -91.820523, 11.009129
90, -111.264267, 5.541933, -95.313538, 9.581597
91, -110.094500, 5.231367, -95.215473, 10.751795
92, -109.075533, 4.924133, -93.116570, 10.590150
93, -108.234167, 4.675733, -88.607095, 10.572605
94, -107.586233, 4.567067, -89.299388, 10.514673
95, -107.100033, 4.563367, -89.161667, 10.584283
96, -106.698633, 4.577400, -89.370424, 10.591964
97, -106.305800, 4.636600, -91.485924, 9.572411
98, -105.840200, 4.701033, -93.195953, 9.071980
99, -105.442200, 4.755300, -90.519179, 0.349223
100, -105.442200, 4.755300, -90.519179, 0.349223
101, -103.232500, 5.037800, -90.908655, -2.676238
102, -102.330950, 4.983800, -84.648041, 0.936432
103, -101.355867, 4.855000, -79.006831, 1.727564
104, -100.160833, 4.626500, -75.516963, 6.515875
105, -98.969400, 4.387900, -74.164754, 3.537252
106, -97.843600, 4.185300, -76.624676, 1.446866
107, -96.857667, 4.018600, -70.456210, 0.742797
108, -95.955300, 3.855433, -68.130717, -1.350806
109, -95.136133, 3.720433, -69.294696, -2.188510
110, -94.368267, 3.639867, -64.133520, -1.401010
111, -93.616100, 3.577800, -61.313706, -0.982905
112, -92.866867, 3.516200, -58.743920, -0.432812
113, -92.058300, 3.456733, -64.885549, -0.630985
114, -91.218333, 3.379733, -64.595298, -2.763909
115, -91.218333, 3.379733, -64.595298, -2.763909
116, -91.218333, 3.379733, -64.595298, -2.763909
117, -91.218333, 3.379733, -64.595298, -2.763909
118, -91.218333, 3.379733, -64.595298, -2.763909
119, -85.577100, 2.880200, -60.222214, -8.440694
120, -83.888800, 2.736700, -54.006796, -15.538407
121, -83.070733, 2.661833, -49.573648, 2.314446
122, -81.848367, 2.517500, -46.342706, 0.241263
123, -80.643533, 2.380267, -49.629215, -0.512719
124, -79.458167, 2.294700, -52.460969, -0.227432
125, -78.312900, 2.217133, -51.416712, 0.437164
126, -77.151000, 2.133833, -53.856295, -0.243229
127, -75.786100, 2.018075, -47.541619, 0.611667
128, -74.413833, 1.884900, -47.186515, 0.789745
129, -73.258400, 1.772867, -46.253431, 1.059295
130, -72.125600, 1.680000, -44.579377, 1.284937
131, -71.030000, 1.541733, -47.019923, 2.264030
132, -69.942367, 1.401467, -44.696867, 2.540711
133, -68.858800, 1.287800, -43.561187, 2.360777
134, -67.815967, 1.186933, -43.862373, 2.555840
135, -66.840067, 1.107867, -43.923816, 2.317004
136, -65.983100, 0.989233, -44.629067, 2.534097
137, -65.216800, 0.844567, -44.956636, 2.807631
138, -64.555433, 0.670433, -39.508864, 1.602727
139, -63.961933, 0.475067, -32.570660, 1.097841
140, -63.450500, 0.360600, -32.753859, 1.284815
141, -63.036733, 0.318700, -33.923007, 1.186198
142, -62.781733, 0.344400, -35.624634, 0.758700
143, -62.654267, 0.348800, -35.877374, 1.472505
144, -62.675900, 0.331767, -35.636006, 1.330201
145, -62.846300, 0.277433, -35.956892, 1.325961
146, -63.124967, 0.155867, -36.494665, 1.173484
147, -63.486133, 0.043633, -37.539159, 0.994778
148, -63.876400, -0.043856, -38.422209, 0.800058
149, -64.228100, -0.164553, -38.985317, 0.680129
150, -64.533000, -0.327521, -39.426134, 0.609587
151, -64.794833, -0.532514, -39.845297, 0.407437
152, -65.024567, -0.777732, -40.117622, 0.194866
153, -65.218433, -0.993905, -40.244924, 0.048072
154, -65.399333, -1.166055, -40.294215, 0.028190
155, -65.514833, -1.344230, -40.242132, 0.115969
156, -65.626000, -1.558735, -41.381984, -0.364539
157, -65.727667, -1.804670, -41.864554, -0.458779
158, -65.819500, -2.046670, -38.840871, -1.691932
159, -65.841433, -2.297422, -38.027245, -3.464078
160, -65.692067, -2.552075, -37.645362, -3.606382
161, -65.343200, -2.777599, -37.154577, -3.427701
162, -64.695100, -2.923859, -37.684498, -3.981897
163, -63.608367, -2.926034, -38.214503, -4.225769
164, -62.060000, -2.775946, -39.730974, -4.251927
165, -60.083600, -2.475698, -34.434867, -3.091732
166, -57.896700, -2.046225, -25.203000, -2.829924
167, -55.726433, -1.410681, -21.512238, -3.376620
168, -53.775567, -0.735925, -15.973119, -1.875515
169, -52.159066, -0.123627, -16.463524, -1.308012
170, -50.887300, 0.326033, -19.095459, -1.748643
171, -49.799667, 0.516567, -19.885682, -1.452788
172, -48.899633, 0.503033, -20.031981, -1.591891
173, -48.129533, 0.447033, -20.577959, -1.709811
174, -47.363033, 0.350567, -21.381781, -1.848162
175, -46.502033, 0.538333, -22.479608, -1.671355
176, -45.818033, 0.987400, -21.479475, -0.458503
177, -45.370700, 1.457600, -22.537008, -0.541534
178, -45.162500, 1.889867, -21.341161, -0.491295
179, -45.120000, 2.330067, -18.306424, -0.619564
180, -45.108333, 2.811633, -19.485790, -0.534322
181, -44.966500, 3.374133, -22.562779, 2.534792
182, -44.713600, 3.964800, -22.877600, 3.904662
183, -44.392467, 4.494433, -23.513957, 4.065367
184, -44.086033, 4.900400, -23.511633, 3.702284
185, -43.848833, 5.161400, -23.000535, 3.665564
186, -43.629567, 5.370800, -22.105903, 3.463487
187, -43.480100, 5.451333, -22.824254, 3.497223
188, -43.416300, 5.463500, -24.536448, 3.235987
189, -43.462767, 5.409967, -28.780040, 3.606919
190, -43.629333, 5.305633, -35.567785, 3.592975
191, -43.874733, 5.168300, -37.099348, 3.280959
192, -44.125300, 4.994200, -37.699451, 3.786432
193, -44.333967, 4.825800, -37.897616, 3.550539
194, -44.500867, 4.631033, -37.998809, 3.217945
195, -44.584000, 4.508933, -38.052178, 3.391816
196, -44.643567, 4.417733, -38.039918, 3.668794
197, -44.746167, 4.340567, -38.384751, 3.686945
198, -44.841200, 4.311700, -38.644896, 3.717351
199, -44.952733, 4.295533, -38.864255, 3.820428
200, -45.088733, 4.287167, -39.203429, 3.691413
201, -45.219900, 4.321733, -39.314338, 3.897832
202, -45.308967, 4.344200, -39.419091, 3.882337
203, -45.391200, 4.315333, -39.533828, 3.767078
204, -45.424333, 4.302400, -39.566103, 3.824381
205, -45.452567, 4.280267, -39.637664, 3.933734
206, -45.509900, 4.254133, -39.940778, 3.981338
207, -45.542167, 4.234967, -40.180113, 3.958252
208, -45.553133, 4.213900, -40.246386, 4.054118
209, -45.563700, 4.180233, -40.726116, 3.747723
210, -45.576067, 4.171400, -40.886695, 3.790008
211, -45.586500, 4.132767, -40.806022, 3.655528
212, -45.601867, 4.065400, -40.867261, 3.452475
213, -45.663967, 4.009633, -39.969334, 2.685542
214, -45.729167, 3.979500, -40.042674, 2.389493
215, -45.797067, 3.937033, -40.165408, 2.262305
216, -45.854433, 3.903567, -40.436255, 2.401315
217, -45.859133, 3.891833, -40.687594, 2.506781
218, -45.860367, 3.823733, -40.919393, 2.506653
219, -45.893233, 3.761900, -41.028443, 2.489044
220, -45.936067, 3.777933, -41.254569, 2.540886
221, -45.976133, 3.801467, -38.022490, 2.852678
222, -45.964733, 3.807167, -29.673343, 3.379143
223, -45.881533, 3.803867, -23.593331, 3.921414
224, -45.777433, 3.814433, -23.746558, 4.070481
225, -45.694500, 3.837100, -18.895884, 4.351099
226, -45.664667, 3.844067, -13.911904, 4.535374
227, -45.693200, 3.822033, -14.308481, 4.347022
228, -45.722467, 3.827667, -14.424938, 4.661690
229, -45.749800, 3.830833, -14.424442, 4.819185
230, -45.773867, 3.809167, -14.112126, 4.730494
231, -45.792267, 3.780433, -13.997935, 4.801165
232, -45.802467, 3.773000, -14.188744, 4.641412
233, -45.815700, 3.758833, -14.514721, 4.647839
234, -45.828500, 3.755900, -15.926424, 4.457810
235, -45.836200, 3.756167, -16.676095, 4.522365
236, -45.835967, 3.741100, -17.333444, 4.455543
237, -45.822267, 3.741400, -18.302863, 4.136331
238, -45.813767, 3.744833, -17.975744, 4.401637
239, -45.812967, 3.704733, -17.711157, 4.602903
240, -45.823033, 3.700333, -18.043435, 4.775987
241, -45.860567, 3.711800, -18.356984, 4.779607
242, -45.919967, 3.716400, -18.421583, 4.860105
243, -46.021367, 3.742500, -18.044223, 5.096631
244, -46.218033, 3.724067, -22.051055, 6.808586
245, -46.575167, 3.751067, -33.466515, 9.100193
246, -47.166533, 3.931467, -41.718400, 11.769150
247, -48.003833, 4.185433, -47.706704, 12.854832
248, -48.978733, 4.343167, -53.628723, 13.714210
249, -50.050100, 4.433767, -56.903916, 14.750743
250, -51.347766, 4.576233, -57.934433, 14.331089
251, -53.021000, 4.934200, -60.185373, 15.489897
252, -55.128033, 5.537433, -65.301206, 14.116523
253, -57.747099, 6.315533, -62.840908, 8.468373
254, -59.775100, 6.951900, -64.478312, 1.996823
255, -65.863900, 8.850000, -56.656485, -2.380139
256, -68.669763, 9.650900, -81.087563, 6.051811
257, -73.161598, 10.831433, -95.254678, 15.285970
258, -77.957999, 12.060700, -100.108181, 14.204802
259, -83.117932, 13.350300, -106.545750, 15.747682
260, -88.791963, 14.658533, -114.175125, 17.456824
261, -94.872332, 15.912733, -116.768615, 16.188589
262, -101.198701, 17.121100, -120.932344, 16.291836
263, -107.626233, 18.014467, -122.396553, 17.743493
264, -113.972234, 18.682500, -122.393647, 16.755068
265, -120.202933, 19.264367, -123.395444, 15.631505
266, -126.288666, 19.462467, -128.649343, 15.965801
267, -132.246501, 19.234767, -142.589800, 14.288597
268, -138.004368, 18.691633, -158.613530, 11.460944
269, -143.527200, 17.882467, -170.234874, 8.314378
270, -148.689036, 16.919567, -177.423858, 6.647938
271, -153.413169, 15.877200, -175.651028, 6.418411
272, -157.639634, 14.727600, -176.808202, 6.145134
273, -161.424801, 13.456367, -175.131309, 5.822589
274, -164.834602, 12.360633, -172.857892, 5.407362
275, -167.754200, 11.540467, -171.862304, 5.350157
276, -170.244424, 11.023633, -172.639130, 5.183648
277, -172.410587, 10.693167, -172.756979, 5.769996
278, -174.216520, 10.475100, -174.725825, 6.412924
279, -175.829217, 10.410133, 175.601970, 7.916505
280, -177.282640, 10.390167, 165.606145, 8.334356
281, -178.619603, 10.376500, 162.425700, 7.620884
282, -179.943530, 10.399167, 162.857953, 7.548906
283, 178.673667, 10.395700, 162.827234, 7.769085
284, 177.250130, 10.286133, 163.918364, 6.922630
285, 175.804110, 10.110900, 163.438316, 7.595846
286, 174.320560, 9.895800, 164.141021, 7.179245
287, 172.814617, 9.663967, 163.726301, 6.419425
288, 171.396640, 9.414967, 164.599783, 5.512316
289, 170.160670, 9.149533, 164.696489, 5.056061
290, 169.043163, 8.942233, 164.760422, 4.961039
291, 167.895297, 8.794133, 164.464671, 4.746038
292, 166.690630, 8.638233, 164.085066, 4.595456
293, 165.538003, 8.446433, 164.026692, 4.146892
294, 164.519313, 8.202667, 163.745599, 4.371530
295, 163.643820, 7.982667, 163.456712, 4.500498
296, 162.811893, 7.840267, 163.508301, 4.431247
297, 161.979583, 7.745200, 163.317208, 4.659134
298, 161.071327, 7.646767, 163.126851, 4.638574
299, 159.950510, 7.438667, 163.164409, 4.801603
300, 158.721923, 7.101033, 163.058533, 5.390367
301, 157.474813, 6.699300, 162.634992, 5.401430
302, 156.287403, 6.304367, 162.801006, 5.088313
303, 155.152487, 5.902133, 163.958726, 5.331806
304, 154.079183, 5.467133, 165.378099, 6.665727
305, 153.010470, 5.017867, 165.044122, 6.327553
306, 151.904243, 4.587167, 161.041377, 3.320931
307, 150.736497, 4.153300, 155.224964, -1.593728
308, 149.574173, 3.729800, 146.442443, -0.170322
309, 148.396407, 3.319900, 139.738689, 0.875764
310, 147.279963, 2.929200, 134.087953, 0.744579
311, 146.220850, 2.634267, 134.336687, 0.458870
312, 145.230927, 2.413667, 135.283751, 0.694717
313, 144.387580, 2.216800, 137.128354, -0.417068
314, 143.709537, 2.061300, 137.193740, -0.745003
315, 143.197503, 1.879833, 137.272241, -1.015762
316, 142.881073, 1.670033, 137.316669, -1.361497
317, 142.648017, 1.489933, 137.127516, -1.422243
318, 142.481197, 1.313267, 137.124226, -1.659136
319, 142.424893, 1.151867, 137.183917, -1.750510
320, 142.467990, 1.009167, 137.210602, -1.985306
321, 142.603267, 1.006267, 137.239770, -1.969271
322, 142.732263, 1.103067, 137.312102, -1.792061
323, 142.768957, 1.309467, 137.158496, -1.726949
324, 142.731227, 1.552767, 136.907149, -1.503978
325, 142.721270, 1.699367, 136.951490, -1.398882
326, 142.929903, 1.642000, 139.098190, -3.103193
327, 143.637913, 1.275367, 148.448933, -3.192328
328, 144.997006, 0.727700, 158.255653, 3.546133
329, 146.825943, 0.429267, 168.913430, 4.121142
330, 148.894753, 0.264600, 170.632254, -0.614701
331, 151.147177, 0.036919, 175.810084, -1.255940
332, 153.463583, -0.276166, -179.559045, 0.904928
333, 155.872057, -0.682228, 179.843398, 1.309738
334, 158.671644, -1.010005, 179.319240, 0.386355
335, 162.072311, -1.288311, 179.145357, 0.273943
336, 165.877008, -1.725975, -179.200056, 0.544570
337, 169.594257, -2.337561, -177.209585, 0.798450
338, 173.035780, -2.955085, -176.453583, 0.117540
339, 176.125850, -3.474753, -177.131181, -1.186319
340, 178.759057, -3.862470, -177.308040, -1.690043
341, -179.092327, -4.263064, -177.379583, -2.051358
342, -177.359320, -4.763801, -173.966731, -6.481657
343, -176.031847, -5.300694, -173.380168, -9.613209
344, -175.050757, -5.843679, -173.309022, -10.256376
345, -174.331073, -6.419006, -172.988642, -10.792351
346, -173.884763, -6.996149, -173.136613, -11.172212
347, -173.510447, -7.606169, -173.652528, -16.917727
348, -173.088103, -8.360154, -172.927678, -26.870139
349, -172.570960, -9.289411, -171.852222, -31.790260
350, -171.902750, -10.548867, -170.958901, -32.662343
351, -171.145900, -11.721533, -171.278210, -32.128141
352, -170.419283, -12.427870, -169.972410, -32.211747
353, -169.767467, -12.921163, -171.350718, -31.380764
354, -169.181500, -13.368207, -171.671794, -31.478192
355, -168.654800, -13.812057, -169.792463, -31.628619
356, -168.231133, -14.217990, -169.603807, -32.431970
357, -167.898067, -14.544147, -170.228320, -31.711566
358, -167.554967, -14.763457, -170.340833, -31.330773
359, -167.055767, -14.920353, -169.785666, -31.779465
360, -166.229634, -15.013300, -169.662874, -31.189697
361, -164.976768, -15.130513, -169.814345, -30.088430
362, -162.914300, -15.115367, -169.056407, -29.616996
363, -160.383435, -15.159880, -168.261093, -29.797241
364, -157.600502, -15.076657, -166.345802, -30.173068
365, -154.431401, -14.746077, -163.170220, -29.816078
366, -150.769268, -14.221273, -150.174297, -28.047342
367, -146.686803, -13.520913, -136.007759, -28.514164
368, -142.269700, -12.653153, -127.589042, -34.657143
369, -137.791699, -11.873490, -119.557341, -28.703749
370, -137.791699, -11.873490, -119.557341, -28.703749
371, -137.791699, -11.873490, -119.557341, -28.703749
372, -137.791699, -11.873490, -119.557341, -28.703749
373, -137.791699, -11.873490, -119.557341, -28.703749
374, -137.791699, -11.873490, -119.557341, -28.703749
375, -115.026434, -9.895157, -91.061223, -24.790009
376, -111.208966, -9.500537, -84.755306, -6.876340
377, -107.349333, -9.312732, -85.029024, -7.894053
378, -103.379000, -9.131318, -74.749801, -6.632413
379, -99.275400, -8.763565, -69.333649, -4.323182
380, -94.980667, -8.216290, -68.137817, -3.128139
381, -90.446867, -7.705222, -68.011153, -3.156182
382, -85.868499, -7.273196, -67.140269, -3.285507
383, -81.478732, -6.938692, -66.494424, -3.130680
384, -77.507864, -6.704749, -61.783202, -2.841695
385, -74.117132, -6.456079, -51.150169, -1.174725
386, -71.408400, -5.981668, -41.616462, 0.854428
387, -69.265166, -5.386279, -40.412017, 0.569746
388, -67.588433, -4.815387, -40.650106, 1.595256
389, -65.997033, -4.472702, -40.632576, 1.297517
390, -64.350700, -4.304915, -38.540413, 1.748651
391, -62.418001, -4.187731, -38.098040, 1.619922
392, -60.153700, -4.195279, -33.733828, 2.092289
393, -57.723966, -4.163588, -20.770208, 3.238999
394, -55.454799, -4.074908, -19.073243, 3.402775
395, -53.595100, -3.932143, -20.038375, 3.243818
396, -52.075133, -3.775064, -21.322848, 2.356942
397, -50.682700, -3.698515, -21.122339, 2.834930
398, -49.320100, -3.640255, -21.755453, 2.576414
399, -47.622100, -3.504935, -21.157559, 2.585186
400, -45.421000, -3.374983, -20.148245, 3.210152
401, -42.995233, -3.203445, -19.125205, 3.376907
402, -40.822866, -3.036621, -17.694799, 2.612921
403, -38.969033, -2.830198, -8.242804, 2.837969
404, -37.281000, -2.457579, -7.370966, 3.108172
405, -35.803200, -2.045964, -7.595095, 2.951397
406, -34.547300, -1.635729, -7.625994, 3.554345
407, -33.406567, -1.273916, -8.285951, 3.292656
408, -32.447067, -0.971569, -4.971736, 4.598771
409, -31.736533, -0.766360, -6.215474, 3.960080
410, -31.137467, -0.710426, -9.027084, 2.550249
411, -30.624800, -0.531929, -9.154196, 2.414872
412, -30.245133, -0.384553, -8.144073, 2.814986
413, -29.796233, -0.293703, -7.572598, 3.282465
414, -29.388100, -0.171842, -3.392330, 2.316185
415, -29.098100, 0.006676, -1.225257, 2.051039
416, -28.818700, 0.070267, -1.350350, 2.085191
417, -28.410100, 0.022987, -1.243751, 2.099526
418, -27.880200, 0.000522, -0.959093, 1.902836
419, -27.333300, 0.220767, -0.947878, 2.303059
420, -26.769733, 0.463200, 0.195755, 2.575075
421, -26.245267, 0.618833, 0.805210, 2.723535
422, -25.805567, 0.683767, 0.658901, 2.819233
423, -25.457000, 0.649033, -1.509496, 2.880249
424, -25.160700, 0.566667, -0.985743, 3.031423
425, -24.894733, 0.569167, -0.997955, 2.715888
426, -24.822700, 0.708033, -1.370676, 2.352345
427, -25.061100, 0.885133, -1.216030, 2.599464
428, -25.254467, 1.096467, -1.535473, 2.537941
429, -25.357900, 1.376500, -0.606418, 2.567980
430, -25.412000, 1.670667, -2.812311, 2.422009
431, -25.385600, 1.787667, -12.403894, 0.585183
432, -25.385767, 1.930533, -17.090699, -1.300345
433, -25.411167, 2.209200, -17.105261, -1.010081
434, -25.419267, 2.598867, -17.035924, -0.886175
435, -25.391567, 3.002300, -16.869925, -0.863037
436, -25.315200, 3.311633, -16.855102, -0.618928
437, -25.248700, 3.501533, -16.740417, -0.600707
438, -25.138700, 3.631067, -16.505440, -0.984513
439, -25.021200, 3.700400, -16.354433, -1.221486
440, -25.123233, 3.770567, -15.746605, -1.280226
441, -25.592433, 3.999533, -15.996609, -1.411388
442, -25.709767, 4.180700, -15.591875, -1.315575
443, -25.213733, 4.458767, -4.137058, 1.389765
444, -24.636133, 4.514267, 0.516966, 1.738999
445, -24.178533, 4.522867, 1.966624, 2.099545
446, -23.983867, 4.539867, 0.707603, 1.346979
447, -24.066700, 4.519833, 1.458569, 1.106582
448, -24.406667, 4.480033, 1.768974, -0.077236
449, -25.039133, 4.433600, 0.311115, 0.265152
450, -26.029200, 4.301633, -1.269568, 0.027339
451, -27.327433, 4.403667, -3.306193, -0.852732
452, -28.643767, 4.581067, -10.060989, -7.281692
453, -29.727533, 5.251033, -20.788611, -17.120574
454, -30.245633, 5.378667, -18.821387, -12.777585
455, -30.527767, 5.312033, -22.855492, -4.782399
456, -30.878967, 5.263700, -23.378506, -3.334311
457, -31.422000, 5.219267, -22.269395, -4.612328
458, -31.814233, 4.971300, -23.504422, -3.672732
459, -32.219200, 4.705533, -23.949748, -3.490134
460, -32.700467, 4.628933, -23.705416, -3.732167
461, -33.069900, 4.430567, -22.173835, -2.426457
462, -33.348800, 4.302200, -38.863747, -19.030021
463, -33.855000, 4.112000, -36.718358, 34.578751
464, -34.173500, 3.963233, -37.988627, -18.302895
465, -34.854900, 3.802767, -49.213432, -23.297225
466, -35.715033, 3.719467, -56.858766, -5.871394
467, -36.522667, 3.716633, -56.922730, -5.806624
468, -37.298000, 3.820233, -56.215405, -5.831296
469, -38.099167, 3.898367, -55.175984, -6.139816
470, -38.785767, 4.009467, -54.003647, -6.251891
471, -39.224567, 4.092267, -52.387827, -5.941645
472, -39.453633, 4.187267, -51.295073, -7.263478
473, -39.455000, 4.320267, -49.798962, -6.458403
474, -39.231300, 4.400667, -48.581663, -6.712695
475, -38.895633, 4.470067, -47.301325, -6.064352
476, -38.565733, 4.460433, -46.409752, -6.135777
477, -38.346400, 4.448100, -45.588936, -6.450452
478, -38.258867, 4.448000, -44.912244, -6.524288
479, -38.265400, 4.410067, -44.638563, -6.708917
480, -38.382833, 4.367500, -43.674433, -6.744464
481, -38.569800, 4.379433, -42.847750, -6.601689
482, -38.784900, 4.388633, -42.020832, -6.649485
483, -39.026533, 4.437333, -41.285314, -6.100033
484, -39.253367, 4.496700, -40.991272, -6.103802
485, -39.457933, 4.548200, -42.599579, -6.027623
486, -39.648667, 4.590067, -50.610980, -4.006195
487, -39.815167, 4.642300, -51.078866, -3.921583
488, -39.928333, 4.767833, -48.871425, -3.058001
489, -39.994333, 4.968033, -48.382778, -3.721069
490, -40.019633, 5.190367, -47.962749, -3.792968
491, -40.009100, 5.389067, -45.641265, -3.100561
492, -39.948200, 5.502200, -44.166017, -3.921656
493, -39.835600, 5.580767, -43.617787, -4.430177
494, -39.709233, 5.599467, -42.956315, -4.071821
495, -39.533100, 5.558067, -42.262126, -4.207367
496, -39.334100, 5.494467, -41.398875, -4.095054
497, -39.183933, 5.477300, -39.666886, 1.027424
498, -39.057133, 5.516433, -37.865306, 6.874352
499, -38.971867, 5.532967, -36.959394, 7.043867
500, -38.924967, 5.532167, -36.963488, 7.983596
501, -38.907000, 5.537133, -36.727369, 7.860430
502, -38.829967, 5.548733, -36.499394, 7.298309
503, -38.588433, 5.591133, -35.041983, 7.337925
504, -38.289700, 5.648700, -33.705934, 7.471453
505, -38.069600, 5.742533, -33.682329, 7.342519
506, -37.947733, 5.841400, -31.153667, 8.123440
507, -37.841633, 5.920833, -25.997791, 10.871164
508, -37.750633, 5.963033, -26.536168, 10.863321
509, -37.654300, 5.995800, -25.701213, 10.140174
510, -37.565700, 6.031467, -25.167683, 9.312433
511, -37.491733, 6.061500, -25.094820, 8.926439
512, -37.385567, 6.044333, -24.922440, 8.804795
513, -37.250433, 5.993700, -24.452484, 9.105363
514, -37.104567, 5.904600, -24.013433, 9.251393
515, -36.980033, 5.814067, -23.815262, 8.850014
516, -36.949033, 5.855267, -23.536683, 8.896187
517, -36.891233, 5.887133, -21.995330, 9.380255
518, -36.741067, 5.872067, -20.585869, 9.204620
519, -36.600733, 5.925300, -20.913807, 8.640227
520, -36.447733, 5.988467, -22.168624, 11.319443
521, -36.273100, 6.055033, -22.004048, 14.730264
522, -36.100900, 6.156200, -21.388274, 15.254256
523, -35.918300, 6.286133, -21.057720, 15.582908
524, -35.739933, 6.343100, -20.000334, 15.747954
525, -35.575100, 6.385033, -20.093983, 15.407293
526, -35.420133, 6.449867, -19.727608, 15.303441
527, -35.307367, 6.554000, -19.605574, 15.321823
528, -35.217233, 6.622633, -19.363630, 15.114373
529, -35.123800, 6.627033, -18.598508, 15.030539
530, -35.006367, 6.644133, -16.632942, 17.668629
531, -34.829467, 6.741567, -17.366380, 18.341317
532, -34.574967, 6.874567, -16.212620, 19.121253
533, -34.247867, 6.980433, -11.809800, 21.152653
534, -33.884400, 7.068067, -9.421964, 22.090727
535, -33.517433, 7.158500, -6.669442, 22.819797
536, -33.134200, 7.240433, -5.372970, 22.978039
537, -32.793700, 7.315367, -5.878032, 22.760978
538, -32.543667, 7.413267, -4.571818, 22.601848
539, -32.378633, 7.482567, -6.661034, 22.156832
540, -32.296600, 7.485567, -7.203691, 20.902531
541, -32.286767, 7.497600, -8.418973, 23.689361
542, -32.336033, 7.474767, -11.358108, 23.523652
543, -32.407100, 7.416300, -11.591017, 23.039089
544, -32.475300, 7.363200, -11.266543, 22.825953
545, -32.537100, 7.313333, -11.668483, 22.436653
546, -32.597233, 7.278700, -11.200931, 22.173439
547, -32.647200, 7.263600, -10.813914, 22.166848
548, -32.666067, 7.238067, -9.234586, 23.718148
549, -32.689367, 7.227433, -9.027772, 23.482415
550, -32.694600, 7.210600, -8.817610, 23.005022
551, -32.656000, 7.202267, -8.622195, 22.397247
552, -32.614167, 7.191267, -8.347927, 22.454320
553, -32.587067, 7.197733, -8.354242, 22.100184
554, -32.567767, 7.186467, -8.157944, 21.899231
555, -32.566000, 7.148433, -8.720714, 21.068979
556, -32.597667, 7.117533, -8.330979, 20.187680
557, -32.613000, 7.073633, -5.426437, 16.934603
558, -32.599700, 7.018833, -3.639753, 16.783128
559, -32.586467, 7.001667, -3.682275, 16.342054
560, -32.584767, 7.029067, -4.976789, 15.006016
561, -32.541667, 7.007533, -4.688653, 14.712687
562, -32.528267, 7.009067, -4.674607, 14.595846
563, -32.554867, 7.032967, -4.494497, 14.330524
564, -32.591200, 7.018100, -5.584264, 13.441942
565, -32.653967, 7.017400, -6.189653, 13.222775
566, -32.744133, 7.043100, -6.040799, 13.033315
567, -32.801800, 7.046633, -6.943147, 12.569062
568, -32.846967, 7.076267, -7.004032, 12.465861
569, -32.894633, 7.106067, -5.330935, 13.048964
570, -32.933167, 7.136633, -4.544856, 13.186729
571, -32.958033, 7.189067, -4.375382, 13.160793
572, -32.967733, 7.222533, -5.082440, 12.788389
573, -32.962700, 7.250933, -6.173182, 12.586083
574, -32.938000, 7.274067, -6.151022, 12.547607
575, -32.900400, 7.287600, -6.136822, 12.380964
576, -32.885933, 7.301633, -5.983712, 12.497756
577, -32.890100, 7.329100, -5.826677, 12.611242
578, -32.903367, 7.328200, -5.575431, 12.584955
579, -32.939400, 7.309833, -5.678908, 12.402030
580, -32.966033, 7.295867, -5.347272, 12.408751
581, -33.002100, 7.299700, -5.019494, 12.313452
582, -33.038267, 7.314700, -2.324034, 12.461927
583, -33.048433, 7.276367, -2.122372, 11.706508
584, -33.077767, 7.280500, -3.565375, 11.306225
585, -33.107000, 7.310133, -3.367655, 11.276542
586, -33.155900, 7.329267, -2.533751, 11.387630
587, -33.215600, 7.340133, -2.324716, 11.659962
588, -33.273233, 7.350900, -2.473313, 11.552843
589, -33.319133, 7.340667, -1.669291, 11.772904
590, -33.375600, 7.353467, -3.417380, 11.717460
591, -33.399100, 7.348800, -16.463821, 11.781905
592, -33.419967, 7.351967, -20.276781, 13.653811
593, -33.428733, 7.357800, -20.252814, 12.916792
594, -33.416933, 7.346033, -20.174447, 12.972278
595, -33.394233, 7.334067, -20.172392, 12.858371
596, -33.372733, 7.321933, -20.202121, 12.869828
597, -33.355767, 7.316700, -20.097117, 12.850588
598, -33.356300, 7.311500, -20.025778, 12.724616
599, -33.395033, 7.286167, -25.572642, 11.781804
600, -33.433400, 7.264100, -30.298420, 10.775550
