1, -40.692733, 7.832567, -40.209980, -6.858961
2, -40.753700, 7.496200, -40.231468, -7.185042
3, -40.744300, 7.510200, -40.271881, -7.145528
4, -40.720400, 7.530733, -40.324511, -7.105935
5, -40.686133, 7.558300, -40.374376, -7.104437
6, -40.649933, 7.565800, -40.085083, -7.211155
7, -40.631200, 7.551467, -39.363754, -7.438984
8, -40.630300, 7.548433, -39.352586, -7.442446
9, -40.643767, 7.544700, -39.966046, -7.360297
10, -40.673767, 7.540400, -40.284928, -7.199458
11, -40.690367, 7.534600, -40.278505, -7.156591
12, -40.694633, 7.536333, -40.314901, -7.139780
13, -40.715467, 7.505200, -40.215502, -7.124647
14, -40.688267, 7.446200, -40.270983, -7.148200
15, -40.661133, 7.402567, -40.397108, -7.178622
16, -40.651433, 7.344700, -40.380981, -7.201490
17, -40.600233, 7.302667, -40.350225, -7.197435
18, -40.425333, 7.232467, -40.337940, -7.281337
19, -40.044433, 7.130200, -39.640400, -7.458593
20, -39.648900, 7.013900, -42.070586, -9.179082
21, -38.353750, 6.549550, -44.010506, -11.129892
22, -37.402733, 6.192200, -31.949747, -8.079503
23, -35.971833, 5.827733, -30.087207, -7.056640
24, -34.150600, 5.502133, -29.614891, -5.961593
25, -32.427900, 5.202300, -30.847996, -5.232132
26, -32.427900, 5.202300, -30.847996, -5.232132
27, -26.345100, 4.453250, -10.426505, -5.325203
28, -24.019267, 4.180967, 0.001147, -2.098589
29, -21.294733, 3.911233, 0.757880, -2.559353
30, -18.737800, 3.633267, 0.366305, -2.845382
31, -16.418233, 3.384600, -2.786067, -2.966779
32, -14.353900, 3.180600, -3.647311, -3.871361
33, -12.494600, 2.978900, -3.796687, -5.260940
34, -10.926667, 2.821300, -4.069925, -4.677226
35, -9.611933, 2.691933, -4.295873, -4.502685
36, -8.530733, 2.602000, -4.586307, -4.841322
37, -7.681967, 2.600200, 2.042026, -1.691189
38, -6.961867, 2.706100, 8.127282, 1.061037
39, -6.314533, 2.842100, 10.702162, 1.854757
40, -5.709700, 2.983700, 10.641536, 1.252689
41, -5.090133, 3.148933, 10.483287, 1.169907
42, -4.387100, 3.268200, 9.431789, 0.994778
43, -3.583833, 3.371533, 9.416407, 0.807789
44, -2.625667, 3.445867, 8.153383, 0.496776
45, -1.456133, 3.487800, 7.395155, -0.160660
46, -0.073367, 3.522967, 8.926863, -0.186492
47, 1.603400, 3.588533, 21.804290, 2.288504
48, 3.657366, 3.693367, 30.780273, 2.119815
49, 5.972567, 3.752700, 28.124747, 1.799419
50, 8.323600, 3.725033, 30.509443, 1.367912
51, 10.571467, 3.634467, 31.000105, 1.707234
52, 12.580700, 3.517633, 31.113301, 1.477280
53, 14.271667, 3.376567, 32.863053, 0.884921
54, 15.673733, 3.218233, 29.533327, 0.140558
55, 16.814767, 3.033400, 27.796498, 0.093393
56, 17.679767, 2.850667, 27.526950, -0.342872
57, 18.312933, 2.622100, 26.736315, -1.318799
58, 18.749733, 2.404533, 26.412732, -1.959510
59, 19.088933, 2.295867, 26.437300, -1.873408
60, 19.410600, 2.253900, 26.261851, -2.204960
61, 19.812833, 2.238500, 26.198077, -2.202323
62, 20.327233, 2.261967, 26.202244, -2.253131
63, 20.874433, 2.251733, 26.467973, -2.129442
64, 21.394433, 2.208067, 26.298108, -2.060428
65, 21.832533, 2.131967, 25.947941, -1.791401
66, 22.157267, 2.023433, 25.663698, -1.987261
67, 22.356233, 1.883733, 25.423392, -2.290301
68, 22.505700, 1.805100, 25.411876, -2.420403
69, 22.637767, 1.765800, 25.295841, -2.568817
70, 22.767567, 1.754400, 25.258691, -2.435028
71, 22.902633, 1.738000, 25.193546, -2.238103
72, 23.033300, 1.732000, 24.942251, -2.289253
73, 23.170033, 1.728633, 24.853487, -2.183566
74, 23.295133, 1.661700, 24.612349, -2.237075
75, 23.388100, 1.505067, 24.383896, -2.337427
76, 23.467000, 1.341900, 24.373960, -2.415628
77, 23.554233, 1.167533, 24.422507, -2.450618
78, 23.647267, 1.078033, 24.416017, -2.314712
79, 23.765567, 0.991533, 24.260426, -2.525196
80, 23.905600, 0.840633, 29.153505, -7.040435
81, 24.045733, 0.766233, 33.326288, -12.033363
82, 24.186500, 0.672033, 31.694081, -11.919329
83, 24.331667, 0.542433, 32.369187, -11.988597
84, 24.471167, 0.422933, 32.558464, -12.171771
85, 24.583900, 0.307933, 32.625410, -12.349348
86, 24.645533, 0.219667, 32.697071, -12.367821
87, 24.670600, 0.125267, 32.744692, -12.644268
88, 24.603800, 0.050667, 32.723165, -12.749973
89, 24.531633, 0.023500, 32.677278, -12.836451
90, 24.473633, -0.030466, 32.599286, -12.921286
91, 24.441533, -0.059425, 32.444377, -12.990783
92, 24.405633, -0.078596, 32.366937, -12.994048
93, 24.383567, -0.077927, 32.504027, -12.877202
94, 24.375333, -0.101484, 32.658700, -12.979617
95, 24.396833, -0.107657, 32.688357, -13.084087
96, 24.408233, -0.109711, 32.720424, -12.966519
97, 24.428500, -0.069666, 32.720704, -12.953179
98, 24.427267, -0.064993, 32.742258, -13.011286
99, 24.417833, -0.061233, 32.714964, -13.040436
100, 24.436433, -0.070795, 32.769303, -13.046284
101, 24.443467, -0.168630, 32.786993, -13.129291
102, 24.440133, -0.190217, 32.810287, -13.136590
103, 24.422067, -0.168111, 32.796780, -13.081727
104, 24.418967, -0.178390, 32.893099, -13.105285
105, 24.436467, -0.198029, 32.861434, -13.130254
106, 24.454233, -0.229793, 32.845361, -13.116553
107, 24.458267, -0.277473, 32.848945, -13.176965
108, 24.452800, -0.327757, 32.855852, -13.236057
109, 24.469800, -0.419052, 30.184315, -16.243600
110, 24.483567, -0.529241, 27.199038, -24.675769
111, 24.517567, -0.645907, 26.092943, -28.756115
112, 24.561500, -0.858671, 26.735927, -28.183715
113, 24.597333, -1.089803, 25.968287, -28.591573
114, 24.624700, -1.279493, 25.657386, -28.624712
115, 24.655033, -1.471628, 25.831674, -28.583781
116, 24.668667, -1.597187, 25.816062, -28.373455
117, 24.645267, -1.692182, 25.640122, -28.175222
118, 24.601400, -1.789171, 25.675984, -28.117568
119, 24.553800, -1.944775, 25.696359, -28.156208
120, 24.493133, -2.154525, 25.604251, -28.371764
121, 24.445367, -2.353697, 25.657196, -28.412847
122, 24.435867, -2.475238, 25.856284, -28.351932
123, 24.506467, -2.512379, 26.018260, -28.421483
124, 24.687767, -2.515522, 26.248835, -28.540904
125, 24.873333, -2.420674, 26.549937, -28.371741
126, 25.041667, -2.353776, 26.685444, -28.220964
127, 25.173200, -2.375461, 26.706592, -28.335121
128, 25.247100, -2.442727, 26.590388, -28.253340
129, 25.281400, -2.506135, 26.623555, -28.314848
130, 25.305300, -2.543349, 26.528395, -28.263137
131, 25.409133, -2.521112, 27.503393, -26.509874
132, 25.674100, -2.410963, 34.930182, -16.052826
133, 26.191467, -2.236722, 42.375670, -3.733038
134, 27.045800, -2.115789, 44.348975, -0.675324
135, 28.216633, -2.086762, 45.791398, -0.770841
136, 29.564800, -2.099006, 48.021111, 0.159116
137, 30.953300, -2.142307, 48.203493, -0.838318
138, 32.283533, -2.229197, 46.859727, -1.624851
139, 33.435133, -2.358582, 45.476766, -3.031796
140, 34.326867, -2.403201, 45.421364, -3.909437
141, 35.069600, -2.321194, 45.004470, -4.429591
142, 35.728700, -2.272745, 45.451494, -4.329954
143, 36.337900, -2.186578, 45.862104, -4.156097
144, 36.968433, -2.061125, 45.897996, -3.993238
145, 37.637167, -2.038966, 45.851539, -4.158485
146, 38.274800, -2.019969, 45.355285, -4.762037
147, 38.884233, -2.070380, 45.365910, -4.936046
148, 39.428667, -2.152277, 45.333508, -4.955993
149, 39.894400, -2.104358, 45.339309, -5.081292
150, 40.391233, -1.982517, 45.129840, -5.113207
151, 40.966400, -1.865456, 45.385128, -5.111602
152, 41.615033, -1.691311, 45.732562, -4.968887
153, 42.282100, -1.498248, 45.850602, -4.817480
154, 42.988800, -1.314496, 46.202171, -4.878008
155, 43.688333, -1.229803, 45.934045, -5.264800
156, 44.218933, -1.267780, 45.669782, -5.397617
157, 44.427133, -1.423653, 45.219848, -5.644230
158, 44.216767, -1.509069, 44.005937, -5.310226
159, 43.608200, -1.313816, 42.875640, -5.068720
160, 42.830967, -1.066833, 42.026016, -5.311270
161, 42.000567, -0.905188, 40.914305, -4.925034
162, 41.204367, -0.791624, 39.102929, -2.559275
163, 40.465367, -0.703876, 38.171605, -2.143385
164, 39.828067, -0.582209, 37.687161, -2.127054
165, 39.334567, -0.415005, 37.085157, -1.926102
166, 38.934467, -0.320405, 36.815826, -1.923043
167, 38.589500, -0.215570, 36.601215, -2.024815
168, 38.239067, -0.108615, 36.257194, -1.979467
169, 37.814333, -0.001187, 35.820935, -1.900179
170, 37.310400, 0.032433, 35.269659, -1.880223
171, 36.723933, 0.080267, 34.980939, -1.396561
172, 36.086700, 0.165200, 34.485230, -1.106865
173, 35.447700, 0.208233, 33.992655, -1.066569
174, 34.805800, 0.252167, 33.470985, -1.064517
175, 34.176700, 0.302200, 32.956101, -1.067948
176, 33.543933, 0.355700, 32.378253, -1.217270
177, 32.902033, 0.502000, 31.625222, -1.018555
178, 32.309267, 0.666700, 31.416402, -0.820049
179, 31.779567, 0.815833, 31.231473, -0.981818
180, 31.297433, 0.950300, 30.901698, -0.769636
181, 30.862167, 1.014700, 30.398317, -0.105769
182, 30.436500, 1.072533, 30.034382, -0.117056
183, 30.001433, 1.142367, 29.643113, 0.002808
184, 29.565800, 1.188400, 29.280037, -0.098321
185, 29.145467, 1.201633, 28.954787, -0.200996
186, 28.739667, 1.190733, 28.660514, -0.287744
187, 28.324533, 1.190667, 28.245216, -0.232394
188, 27.919733, 1.209167, 28.009268, -0.237151
189, 27.529300, 1.246267, 27.669780, -0.403482
190, 27.108700, 1.291133, 27.360797, -0.480550
191, 26.670267, 1.411067, 26.989955, -0.365552
192, 26.241200, 1.501433, 26.808660, -0.300349
193, 25.802167, 1.554233, 26.393956, -0.426633
194, 25.413367, 1.711233, 26.076698, -0.409212
195, 25.101433, 1.823733, 25.958005, -0.359192
196, 24.775233, 1.880667, 25.578762, -0.243797
197, 24.370633, 1.932700, 25.135704, 0.187818
198, 24.006767, 1.992600, 24.862999, 0.150346
199, 23.656867, 1.987533, 24.528996, 0.125479
200, 23.250167, 2.068900, 24.102280, 0.107202
201, 22.903100, 2.185167, 23.817735, 0.190454
202, 22.658800, 2.259000, 23.753917, 0.180827
203, 22.487200, 2.309900, 23.557039, 0.183693
204, 22.442900, 2.312300, 23.472796, -0.125135
205, 22.495900, 2.277800, 23.553997, -0.375007
206, 22.637067, 2.219767, 23.671470, -0.721781
207, 22.803467, 2.185833, 23.678767, -0.703101
208, 22.992433, 2.196000, 23.597333, -0.479291
209, 23.205700, 2.194500, 23.812109, -0.230275
210, 23.402900, 2.177933, 24.014364, -0.118489
211, 23.563667, 2.189867, 23.843682, -0.088179
212, 23.665433, 2.224033, 23.529215, -0.021887
213, 23.724133, 2.249967, 23.382755, 0.047900
214, 23.755433, 2.290833, 23.460254, -0.056551
215, 23.762533, 2.307733, 23.195882, -0.159227
216, 23.787500, 2.290367, 22.957230, -0.246718
217, 23.844867, 2.326100, 23.038251, -0.271356
218, 23.930200, 2.357833, 23.152434, -0.316104
219, 24.034933, 2.368600, 23.121218, -0.402911
220, 24.133000, 2.396100, 23.216361, -0.267347
221, 24.216433, 2.431333, 23.297817, -0.162091
222, 24.268133, 2.417400, 23.348067, -0.281612
223, 24.300233, 2.413700, 23.244491, -0.221050
224, 24.346800, 2.406967, 23.200524, -0.427206
225, 24.400000, 2.423900, 23.199839, -0.478029
226, 24.480200, 2.485567, 27.113490, 0.310992
227, 24.576867, 2.554400, 29.197089, -0.151091
228, 24.694067, 2.611667, 29.654000, 0.003667
229, 24.813167, 2.649267, 29.509768, -0.034435
230, 24.921133, 2.661467, 29.564426, -0.062969
231, 25.041233, 2.658567, 29.663630, 0.024466
232, 25.164967, 2.652167, 29.794394, 0.023835
233, 25.317767, 2.626367, 29.911740, -0.012777
234, 25.528433, 2.623533, 30.172215, 0.198818
235, 25.858400, 2.616567, 30.607961, 0.276915
236, 26.393433, 2.521833, 30.879710, -0.290213
237, 27.055200, 2.348067, 31.019575, -5.921485
238, 27.687933, 2.266967, 25.844388, -20.007773
239, 28.265367, 2.206567, 33.499882, -11.730363
240, 28.757733, 2.154567, 33.070599, -1.594295
241, 29.176833, 2.143200, 33.759115, -0.731174
242, 29.533433, 2.081833, 33.325692, -2.405104
243, 29.813800, 1.995300, 33.468615, -2.524212
244, 30.039067, 1.929267, 33.668311, -2.281167
245, 30.200900, 1.892967, 33.704492, -2.309719
246, 30.404233, 1.946700, 33.845419, -2.455386
247, 30.668133, 2.009700, 34.050705, -2.588777
248, 30.955167, 2.068000, 34.356687, -2.569800
249, 31.239033, 2.129033, 34.800409, -2.383123
250, 31.505300, 2.152767, 35.204455, -2.473238
251, 31.761367, 2.139233, 35.834752, -2.694290
252, 32.003133, 2.097233, 36.360405, -2.943116
253, 32.255367, 2.061367, 36.811896, -2.910707
254, 32.510633, 2.050033, 37.125867, -2.933475
255, 32.767800, 2.078800, 37.489900, -2.951552
256, 33.037133, 2.101867, 37.865826, -2.912870
257, 33.273667, 2.111267, 38.274900, -2.970779
258, 33.475567, 2.149933, 38.618950, -2.966123
259, 33.632467, 2.161100, 38.947189, -2.962398
260, 33.720733, 2.189867, 39.352685, -2.999293
261, 33.788633, 2.237400, 39.522625, -3.014019
262, 33.848600, 2.238133, 39.519630, -3.053563
263, 33.878100, 2.301500, 39.652844, -3.110203
264, 33.864233, 2.366700, 39.785361, -3.036350
265, 33.808867, 2.406200, 39.953781, -3.112392
266, 33.719933, 2.449200, 40.027023, -2.939958
267, 33.609000, 2.505633, 40.055474, -2.882804
268, 33.531100, 2.616100, 40.106115, -2.798843
269, 33.461367, 2.741400, 40.356458, -2.696725
270, 33.361333, 2.819700, 40.220525, -2.595276
271, 33.225567, 2.883967, 38.191876, -2.580914
272, 33.006500, 2.912500, 38.020216, -2.551504
273, 32.707233, 2.929167, 37.727563, -2.454189
274, 32.347000, 2.916767, 37.331420, -2.542498
275, 31.760500, 2.920133, 36.203741, -2.609660
276, 30.617467, 3.032367, 33.241441, -10.271110
277, 29.215300, 3.015250, 10.733595, -15.519009
278, 27.018400, 2.846200, 9.539953, -12.040026
279, 24.474267, 2.830867, 0.066029, -0.532057
280, 22.356033, 2.881067, 0.667395, 0.863144
281, 20.337867, 3.002767, 0.024547, 2.356923
282, 18.406567, 3.155600, -1.645942, 2.794472
283, 16.712533, 3.468367, -2.589591, 1.523716
284, 15.316367, 3.799533, -0.779900, 0.888947
285, 14.150233, 4.032167, 1.162475, 1.028303
286, 13.172200, 4.163267, 1.886075, 0.060046
287, 12.458300, 4.175067, 1.958363, -0.217616
288, 11.985033, 4.112100, 2.215030, -1.359336
289, 11.686567, 4.028267, 2.364645, -1.573848
290, 11.508800, 3.933833, 2.472680, -1.585194
291, 11.415900, 3.870567, 2.535360, -1.608293
292, 11.412933, 3.886200, 2.783782, -1.343958
293, 11.469667, 3.901933, 3.090176, -1.434855
294, 11.532933, 3.940933, 3.381199, -1.463622
295, 11.616100, 3.937167, 3.634092, -1.461905
296, 11.695467, 3.908200, 3.721199, -1.683319
297, 11.746667, 3.906933, 3.749836, -1.645940
298, 11.760033, 3.939833, 3.649874, -1.862745
299, 11.756067, 3.990500, 3.642534, -1.996672
300, 11.723367, 4.088633, 3.647072, -1.914808
301, 11.672400, 4.208633, 3.621120, -1.872035
302, 11.647467, 4.294600, 3.544890, -1.958363
303, 11.658833, 4.337700, 3.524657, -1.922248
304, 11.677633, 4.377633, 3.460749, -1.925808
305, 11.697867, 4.445133, 3.470515, -1.938636
306, 11.699567, 4.544367, 3.494273, -1.941291
307, 11.716867, 4.641767, 3.490957, -1.897143
308, 11.740800, 4.652050, 3.454976, -1.883155
309, 11.773267, 4.688233, 3.453678, -1.976776
310, 11.801467, 4.695633, 3.491040, -2.103357
311, 11.841567, 4.646067, 3.523597, -2.264598
312, 11.923233, 4.605267, 3.668008, -2.246946
313, 12.017533, 4.576033, 3.787100, -2.454810
314, 12.089933, 4.531900, 3.803591, -2.530346
315, 12.146300, 4.541400, 3.765684, -2.559596
316, 12.190333, 4.572467, 3.732915, -2.463862
317, 12.228300, 4.631600, 3.627277, -2.302899
318, 12.278700, 4.711267, 3.603742, -2.379910
319, 12.388333, 4.800700, 3.668469, -2.302151
320, 12.559200, 4.930733, 3.774248, -2.177793
321, 12.798333, 5.096100, 3.874648, -2.053819
322, 13.142167, 5.234533, 4.050555, -1.924548
323, 13.600267, 5.361067, 4.365239, -1.754452
324, 14.164733, 5.469933, 4.789038, -1.719087
325, 14.875300, 5.586933, 5.651116, -1.879863
326, 15.799633, 5.724433, 13.285863, -0.994792
327, 16.939600, 5.861967, 17.413187, -0.612285
328, 18.213167, 5.960100, 17.407136, -0.548162
329, 19.510500, 6.036733, 17.824808, -0.367974
330, 20.827733, 6.078767, 18.810483, -0.227467
331, 22.116500, 6.088233, 19.270046, -0.597099
332, 23.362867, 6.134733, 20.110287, -0.685045
333, 24.609600, 6.166100, 31.928269, -0.293153
334, 25.945000, 6.134567, 48.438384, 1.238816
335, 27.223400, 6.045500, 50.486496, 1.222352
336, 28.329033, 5.895267, 49.201354, 1.028373
337, 29.317833, 5.738433, 49.070306, 0.333298
338, 30.179700, 5.628733, 49.115285, -0.017934
339, 30.909867, 5.555967, 48.862800, 0.089841
340, 31.546467, 5.512133, 48.548791, 0.114370
341, 32.079467, 5.470700, 48.639333, 0.460762
342, 32.506333, 5.421667, 41.973202, 0.025388
343, 32.811833, 5.355667, 40.899114, -0.922409
344, 33.006833, 5.339033, 40.645067, -0.596357
345, 33.058067, 5.373067, 40.121572, -0.646090
346, 33.068833, 5.401533, 39.783319, -0.736055
347, 33.110833, 5.403133, 38.961489, -0.985892
348, 33.174067, 5.331300, 38.493136, -1.072773
349, 33.260033, 5.242567, 38.226410, -1.146119
350, 33.360333, 5.171067, 38.161321, -1.256841
351, 33.460767, 5.116367, 38.117670, -1.252712
352, 33.594733, 5.087467, 37.855341, -1.173225
353, 33.751667, 4.992733, 38.733879, 0.576195
354, 33.918233, 4.976600, 45.485860, 7.829293
355, 34.136467, 5.002233, 46.121081, 8.589281
356, 34.416467, 4.977967, 46.497282, 8.554807
357, 34.750033, 4.947267, 48.370238, 10.459509
358, 35.126333, 4.907567, 48.365463, 10.503540
359, 35.511267, 4.829867, 45.465546, 7.528881
360, 35.777800, 4.762800, 28.773999, -17.613934
361, 35.777800, 4.762800, 28.773999, -17.613934
362, 36.835600, 4.574633, 44.128898, -19.276131
363, 37.425567, 4.521067, 58.952629, -2.733432
364, 38.140300, 4.483433, 61.959475, -0.852820
365, 38.960933, 4.465833, 62.494593, -1.692014
366, 39.870467, 4.456333, 62.441140, -1.098056
367, 40.848600, 4.395167, 62.424470, -1.431525
368, 41.839600, 4.339900, 63.587715, -1.395049
369, 42.825700, 4.309733, 64.166253, -1.333093
370, 43.803000, 4.286067, 63.444690, -1.581941
371, 44.761300, 4.300667, 63.832986, -1.058564
372, 45.717933, 4.327767, 62.270406, -1.542451
373, 46.677833, 4.384100, 57.623356, -1.462048
374, 47.670167, 4.448267, 57.187151, -1.255013
375, 48.715300, 4.407333, 58.374107, -0.546459
376, 49.794100, 4.369100, 58.817683, -0.636235
377, 50.925833, 4.344467, 58.593435, -1.021252
378, 52.122167, 4.299833, 58.751595, -1.573564
379, 53.382600, 4.208400, 59.207645, -1.398117
380, 54.684833, 4.087733, 59.845438, -1.847481
381, 55.982067, 3.963100, 60.048096, -2.227642
382, 57.224500, 3.897067, 60.329602, -2.173044
383, 58.464300, 3.882267, 61.419027, -2.315451
384, 59.667067, 3.887367, 61.985628, -1.942724
385, 60.806533, 3.953967, 62.308377, -1.530413
386, 61.891967, 4.023767, 63.119925, -1.953158
387, 62.921800, 4.036333, 63.350376, -2.265860
388, 63.910800, 4.036667, 63.723694, -1.957235
389, 64.928333, 4.047967, 75.190468, -1.390894
390, 65.987400, 4.020200, 83.786903, -0.910068
391, 67.024700, 3.980900, 86.105204, 0.277218
392, 67.914700, 4.009333, 85.288039, -0.282961
393, 68.624733, 4.102600, 82.287574, -1.780304
394, 69.209000, 4.206700, 80.161229, -2.027763
395, 69.665467, 4.313967, 79.002774, -1.642186
396, 70.032467, 4.426300, 77.736905, -2.004997
397, 70.302467, 4.493467, 77.070322, -1.883457
398, 70.471550, 4.522150, 76.851122, -1.813338
399, 70.686733, 4.649667, 76.575672, -1.849173
400, 70.888033, 4.730833, 76.344817, -2.033188
401, 71.142667, 4.742267, 75.955539, -2.024365
402, 71.458067, 4.685767, 75.757472, -2.037838
403, 71.810933, 4.620833, 75.083989, -2.232767
404, 72.169267, 4.531500, 74.834871, -2.646662
405, 72.499800, 4.426867, 74.377309, -2.558217
406, 72.757967, 4.329133, 73.847140, -3.201529
407, 72.991767, 4.254433, 73.979252, -10.509701
408, 72.991767, 4.254433, 73.979252, -10.509701
409, 73.559700, 4.070400, 98.773028, -30.590120
410, 73.936800, 3.976133, 70.636076, -13.309503
411, 74.361167, 3.896833, 73.878606, -4.169761
412, 74.813300, 3.830800, 73.874748, -4.914029
413, 75.246367, 3.832400, 73.435869, -4.120875
414, 75.673400, 3.870033, 73.448451, -4.276860
415, 76.082233, 3.915333, 74.010062, -4.383623
416, 76.486600, 3.944167, 74.050256, -4.239279
417, 76.898733, 3.954967, 74.367792, -4.273919
418, 77.353067, 3.923133, 74.348684, -4.256427
419, 77.834300, 3.886133, 77.129820, -3.456202
420, 78.356400, 3.925767, 80.246587, -1.693322
421, 78.944300, 3.984333, 80.931223, -1.904795
422, 79.577233, 4.019267, 81.598863, -2.070279
423, 80.150633, 4.042167, 81.997073, -1.930111
424, 80.677367, 4.034000, 82.357531, -1.965528
425, 81.183333, 3.937000, 82.953976, -2.187304
426, 81.703033, 3.869833, 83.476928, -2.246303
427, 82.253733, 3.811333, 83.910081, -2.303941
428, 82.864967, 3.808967, 84.436759, -2.339960
429, 83.520233, 3.845833, 85.071225, -2.246374
430, 84.212000, 3.889267, 85.743279, -2.295052
431, 84.944567, 3.953700, 86.854954, -2.198647
432, 85.733833, 4.034967, 100.629028, 0.406013
433, 86.604267, 4.116167, 110.568588, 1.114451
434, 87.513133, 4.175933, 112.168512, 1.256494
435, 88.415300, 4.185233, 113.458700, 1.597728
436, 89.314833, 4.172200, 113.416321, 1.258333
437, 90.220610, 4.150800, 112.754467, 0.439468
438, 91.134740, 4.110500, 112.694426, 0.299548
439, 92.049319, 4.077667, 112.783665, 0.212515
440, 92.913561, 4.008367, 113.481832, 0.826186
441, 93.718408, 3.914567, 113.806782, 0.393748
442, 94.458688, 3.922033, 114.854288, 1.029902
443, 95.147365, 3.956933, 114.424315, 1.028438
444, 95.824258, 3.928233, 114.492110, 0.886926
445, 96.467959, 3.897167, 114.913766, 0.773981
446, 97.100640, 3.834300, 114.645770, 0.669240
447, 97.677692, 3.731500, 114.570498, 0.474940
448, 98.226471, 3.646567, 114.131369, 0.116485
449, 98.786483, 3.543500, 113.622570, -0.122787
450, 99.346532, 3.504167, 113.774662, -0.193897
451, 99.851315, 3.498233, 111.800058, -6.143767
452, 100.289910, 3.528667, 111.160382, -13.608686
453, 100.655013, 3.555867, 111.118110, -14.876813
454, 100.918933, 3.533100, 111.387955, -14.724639
455, 101.075020, 3.455033, 111.365251, -14.733224
456, 101.199383, 3.356867, 111.219202, -14.643787
457, 101.341627, 3.207733, 111.192316, -14.610816
458, 101.480870, 3.040600, 107.980108, -15.004482
459, 101.496647, 2.989267, 97.450705, -12.980187
460, 101.405827, 3.074233, 83.810007, -10.619993
461, 101.292123, 3.215200, 78.354995, -9.537092
462, 101.226890, 3.389533, 78.662381, -9.035268
463, 101.203993, 3.486200, 80.155809, -10.227336
464, 101.219130, 3.653167, 80.488409, -9.554511
465, 101.298160, 3.796000, 80.512590, -9.432834
466, 101.373503, 3.892100, 80.287943, -9.454664
467, 101.454340, 3.949400, 81.637153, -10.047764
468, 101.550350, 3.989967, 83.078227, -10.057649
469, 101.671170, 4.069400, 83.818715, -9.954202
470, 101.815560, 4.187633, 86.212197, -8.762254
471, 101.965843, 4.239633, 88.321732, -8.397434
472, 102.078970, 4.235700, 90.580720, -8.731470
473, 102.134507, 4.140500, 92.832596, -8.767086
474, 102.150947, 3.957200, 94.436365, -9.010339
475, 102.169130, 3.765133, 95.939508, -9.365388
476, 102.203937, 3.606400, 97.667907, -9.439108
477, 102.224990, 3.614650, 99.378220, -9.490089
478, 102.213153, 3.701200, 100.636226, -9.444108
479, 102.118363, 3.768767, 101.767145, -9.272353
480, 101.958573, 3.808733, 102.946515, -9.017538
481, 101.786627, 3.782933, 103.752316, -9.191340
482, 101.661377, 3.757267, 104.945547, -9.119982
483, 101.630283, 3.724133, 106.203363, -8.817342
484, 101.690243, 3.608900, 107.334930, -8.638006
485, 101.812913, 3.576800, 109.411963, -8.054265
486, 101.975103, 3.543467, 111.653368, -8.004162
487, 102.159683, 3.491800, 114.192997, -7.751502
488, 102.337430, 3.440567, 116.944682, -7.324462
489, 102.524527, 3.377167, 120.887785, -7.147433
490, 102.704223, 3.326400, 124.569343, -6.642682
491, 102.893963, 3.313267, 122.673666, -6.588093
492, 103.088267, 3.278433, 123.782836, -6.309725
493, 103.281433, 3.276133, 126.127138, -6.048678
494, 103.464917, 3.276967, 127.423899, -5.733773
495, 103.668920, 3.268833, 129.268063, -5.804514
496, 103.872123, 3.251767, 130.328803, -6.124403
497, 104.108560, 3.222567, 131.380482, -5.840769
498, 104.364623, 3.181500, 132.295012, -6.105846
499, 104.620010, 3.114633, 133.799722, -5.613031
500, 104.826810, 3.057733, 134.257486, -5.758139
501, 104.961887, 3.033867, 136.272999, -5.041871
502, 105.045313, 3.036133, 137.594381, -4.434588
503, 105.105120, 3.021833, 138.445935, -4.583376
504, 105.123303, 3.009967, 138.241929, -4.717958
505, 105.124380, 2.958300, 138.355348, -4.854450
506, 105.077337, 2.911767, 138.344364, -5.556005
507, 104.929650, 2.969900, 133.568396, -3.819465
508, 104.733750, 3.028967, 121.629846, -1.064842
509, 104.523023, 3.094333, 114.345050, -1.992550
510, 104.320303, 3.163800, 114.089353, -1.847730
511, 104.189440, 3.228833, 113.988332, -1.831212
512, 104.139967, 3.308933, 114.065890, -1.917143
513, 104.136710, 3.387567, 114.473855, -1.630314
514, 104.178493, 3.446800, 114.871381, -1.439843
515, 104.207267, 3.529400, 115.020453, -1.220907
516, 104.221913, 3.591767, 115.113959, -1.126974
517, 104.243053, 3.643700, 115.206662, -0.935575
518, 104.263047, 3.697100, 113.116913, -1.251443
519, 104.279533, 3.764033, 107.593533, -1.562976
520, 104.270843, 3.841133, 107.016956, -1.525363
521, 104.231820, 3.933733, 106.920958, -1.249389
522, 104.147210, 4.026033, 106.866245, -1.248470
523, 104.020630, 4.097633, 106.745859, -1.213286
524, 103.841620, 4.196933, 106.583404, -1.103653
525, 103.634700, 4.334733, 106.465739, -0.906637
526, 103.303763, 4.475300, 106.344655, -0.558594
527, 102.940170, 4.555200, 103.192008, 2.995101
528, 102.479043, 4.558200, 100.636734, 4.952932
529, 101.884857, 4.663967, 99.440590, 5.367006
530, 101.347930, 4.799333, 99.228674, 5.318609
531, 100.820347, 4.942067, 99.161794, 5.351727
532, 100.231243, 5.036267, 98.773176, 5.381083
533, 99.530911, 5.070333, 98.595864, 5.778616
534, 98.733447, 5.068600, 98.100278, 5.786720
535, 97.867709, 5.071533, 97.770176, 5.613082
536, 96.958863, 5.074833, 97.163776, 8.404843
537, 96.007135, 5.140800, 95.076068, 13.915583
538, 95.006525, 5.198200, 94.017664, 14.049390
539, 93.943635, 5.231300, 93.583877, 13.837552
540, 92.814427, 5.237133, 93.028440, 14.057259
541, 91.683417, 5.258633, 93.059344, 13.591062
542, 90.584478, 5.292567, 91.901797, 13.691537
543, 89.460000, 5.310900, 92.555330, 13.751003
544, 88.299333, 5.353867, 92.507821, 14.474790
545, 87.126967, 5.348733, 92.811621, 14.771534
546, 85.908600, 5.379700, 92.843713, 15.276935
547, 84.643633, 5.475900, 93.294528, 16.390603
548, 83.312667, 5.562767, 93.322802, 15.679980
549, 81.889367, 5.583300, 92.581295, 14.097090
550, 80.439167, 5.546000, 90.806203, 8.062932
551, 79.004533, 5.466400, 84.343668, 3.556765
552, 77.649667, 5.493567, 85.577901, 8.070670
553, 76.393533, 5.573033, 83.468647, 7.532841
554, 75.258700, 5.698967, 85.693309, 14.262930
555, 74.243767, 5.835167, 93.055462, 17.963621
556, 73.355533, 5.895400, 95.604060, 20.564390
557, 72.595167, 5.911400, 91.518561, 17.582838
558, 71.988500, 5.975933, 92.113602, 18.040488
559, 71.577133, 6.230500, 93.507761, 18.437753
560, 71.310267, 6.554467, 94.129007, 18.457907
561, 71.085667, 6.642133, 93.708305, 18.869114
562, 70.855100, 6.639633, 93.962297, 18.771816
563, 70.674500, 6.647333, 91.343333, 18.295417
564, 70.629000, 6.613667, 91.124062, 18.291237
565, 70.731267, 6.542900, 91.315170, 17.791922
566, 70.953000, 6.494767, 91.577045, 17.644601
567, 71.316667, 6.429967, 92.082646, 17.690039
568, 71.808933, 6.372600, 92.613605, 17.674387
569, 72.362033, 6.324133, 92.843902, 17.864537
570, 72.992900, 6.279500, 92.784126, 17.980947
571, 73.672900, 6.233033, 94.426096, 19.597605
572, 74.370900, 6.139867, 93.480894, 18.119215
573, 75.058833, 5.996967, 93.936017, 17.812510
574, 75.708833, 5.945667, 91.223548, 14.579948
575, 76.392800, 5.897033, 98.414679, 9.988550
576, 77.007800, 5.879050, 95.015094, 5.989156
577, 78.083000, 5.882450, 92.893098, 3.789654
578, 78.745367, 5.803567, 87.799108, 0.880441
579, 79.464900, 5.665133, 94.227001, 4.250673
580, 80.114067, 5.525867, 98.528779, 3.137113
581, 80.708200, 5.353433, 98.872465, 3.563263
582, 81.229767, 5.258133, 99.341494, 3.522804
583, 81.737100, 5.171733, 99.791881, 3.288746
584, 82.228467, 5.066233, 99.804993, 3.384605
585, 82.728567, 4.972700, 100.119552, 3.377108
586, 83.235800, 4.873533, 99.231214, 3.264834
587, 83.670333, 4.772467, 99.003337, 3.295626
588, 84.007267, 4.667467, 101.403753, 4.724698
589, 84.254100, 4.546900, 99.804680, 4.243233
590, 84.414067, 4.429800, 100.353287, 5.101637
591, 84.510167, 4.339833, 97.299947, 5.145347
592, 84.556233, 4.294267, 99.154005, 5.588015
593, 84.593500, 4.269000, 98.199572, 5.204054
594, 84.596767, 4.267067, 98.225835, 5.408775
595, 84.592333, 4.174867, 98.225180, 5.720918
596, 84.556800, 4.065100, 96.408498, 6.309335
597, 84.480600, 4.029500, 95.806995, 6.266397
598, 84.379267, 4.002300, 96.491502, 6.173991
599, 84.244467, 3.948000, 96.473949, 6.197583
600, 84.133800, 3.918900, 96.336684, 6.293612
