1, 5.716600, 0.858800, 5.265662, -9.362562
2, 5.716600, 0.858800, 5.265662, -9.362562
3, 5.716600, 0.858800, 5.265662, -9.362562
4, 5.279150, 1.140400, 4.918276, -8.948412
5, 6.757967, 1.109100, 6.607570, -8.905588
6, 7.958033, 1.089033, 7.637582, -9.377427
7, 9.048300, 1.058733, 8.594468, -9.238397
8, 9.844833, 1.096467, 8.732066, -9.104274
9, 10.525533, 1.204200, 8.506742, -8.917264
10, 11.106633, 1.293967, 8.520016, -8.946357
11, 11.839100, 1.315300, 9.345591, -8.849120
12, 12.434100, 1.407500, 8.400582, -11.294800
13, 12.434100, 1.407500, 8.400582, -11.294800
14, 12.434100, 1.407500, 8.400582, -11.294800
15, 13.789500, 1.559000, 23.327802, -1.768692
16, 13.879633, 1.686633, 12.092766, -8.330912
17, 13.758033, 1.745700, 11.757738, -6.929308
18, 13.470400, 1.771900, 11.041575, -6.280161
19, 13.177467, 1.794267, 10.346975, -6.300320
20, 12.944767, 1.916700, 10.410363, -6.839154
21, 12.890100, 2.010533, 10.287971, -6.298690
22, 12.868233, 2.079300, 10.659319, -6.252313
23, 12.962400, 2.194633, 10.752247, -6.255006
24, 13.395733, 2.448133, 10.857094, -6.272055
25, 14.522799, 2.619867, 11.703261, -6.478270
26, 16.856564, 2.749867, 13.251153, -6.824246
27, 20.222532, 2.983867, 14.954315, -6.649876
28, 24.475194, 3.145333, 16.657999, -6.392513
29, 30.193249, 3.242600, 27.782556, -6.529332
30, 37.174247, 3.253800, 44.253391, -4.615500
31, 45.001169, 3.302367, 58.796869, -4.415257
32, 52.752542, 3.576867, 72.721871, -4.191694
33, 59.636213, 3.646600, 83.131753, -4.466625
34, 65.651769, 3.387000, 82.964766, -5.814172
35, 70.867834, 3.073500, 80.259936, -6.589895
36, 75.284871, 2.847900, 79.965850, -6.092386
37, 78.744467, 2.468367, 80.586382, -6.230539
38, 81.561001, 2.159400, 81.093059, -6.903625
39, 83.714267, 2.039400, 81.435893, -6.804071
40, 85.373034, 2.118900, 87.962355, -4.043786
41, 86.464200, 2.290067, 90.040914, -3.117671
42, 86.952733, 2.316367, 89.378499, -2.878638
43, 87.122633, 2.300633, 89.498719, -3.648777
44, 86.874733, 2.354900, 89.169260, -3.823817
45, 86.410900, 2.425767, 88.683784, -4.408052
46, 85.860000, 2.547233, 88.519973, -4.510538
47, 85.143033, 2.831833, 88.280177, -4.357006
48, 84.452900, 3.024933, 88.011376, -3.802149
49, 83.497267, 3.026367, 87.775562, -3.619202
50, 81.838100, 2.905867, 87.988949, -3.634086
51, 78.957273, 2.532433, 87.270989, -4.218768
52, 74.335507, 2.081133, 86.217396, -5.589935
53, 65.546900, 1.368900, 77.818152, -30.519694
54, 65.546900, 1.368900, 77.818152, -30.519694
55, 51.961225, 0.475800, 42.832543, -15.243372
56, 43.714366, 0.072667, 33.870124, -3.615359
57, 35.778394, 0.028067, 20.341864, -5.820947
58, 28.312989, 0.132367, 4.370199, -1.449068
59, 21.633423, 0.393567, -5.214896, -2.215803
60, 15.701362, 0.579233, -10.537071, -2.098952
61, 10.664066, 0.702567, -9.478027, -2.719956
62, 6.439595, 0.805867, -6.248443, -2.724655
63, 3.059265, 0.886933, -3.820499, -3.099481
64, 0.769633, 0.917800, -2.841257, -3.735016
65, -0.596934, 0.835033, -2.308484, -5.047136
66, -1.411767, 0.613767, -2.272855, -5.145675
67, -1.752033, 0.446600, -2.055373, -5.258080
68, -1.751433, 0.345167, -1.120039, -5.262991
69, -1.682767, 0.158400, -0.966164, -5.062013
70, -1.604400, -0.002272, -0.314365, -4.828598
71, -1.693800, -0.048465, -2.440334, -3.035915
72, -2.183100, -0.167973, -4.300131, -1.129280
73, -3.010800, -0.445227, -4.727740, -1.379679
74, -3.897767, -0.628643, -5.522376, -2.205715
75, -4.704667, -0.629823, -6.207611, -2.416621
76, -5.408000, -0.699588, -6.254735, -2.691702
77, -5.980767, -0.663038, -6.632024, -3.455268
78, -6.384367, -0.619051, -6.673952, -3.471354
79, -6.681833, -0.632110, -6.701516, -3.217961
80, -6.809300, -0.567357, -6.663140, -3.106014
81, -6.844567, -0.549670, -6.605643, -2.931250
82, -6.837267, -0.469196, -6.590407, -2.828434
83, -6.565633, -0.336338, -6.153782, -2.445651
84, -5.705100, -0.203915, -6.731596, -2.855350
85, -3.476350, -0.118081, -0.028682, -15.720787
86, 0.366100, -0.228081, 15.598191, -24.212603
87, 6.438254, -0.503565, 27.168442, -8.128443
88, 14.973284, -0.489587, 33.961895, -1.780349
89, 27.017143, 0.119115, 45.773887, -1.116129
90, 40.478758, 1.354933, 64.551378, 3.315981
91, 52.889535, 3.069333, 78.476412, 3.196651
92, 63.943974, 4.551600, 89.077274, 1.453268
93, 73.617395, 5.983000, 96.073478, 0.385805
94, 81.946357, 6.999500, 96.220029, -2.111093
95, 88.206347, 7.713067, 94.046863, -1.833487
96, 92.537426, 7.965133, 94.143498, -1.656342
97, 95.742443, 7.831100, 92.088374, -2.672618
98, 97.870208, 7.913733, 91.272026, -2.412523
99, 98.462305, 8.020133, 88.734379, -2.556412
100, 98.183273, 7.858000, 87.673900, -3.089126
101, 97.555275, 7.725333, 85.420428, -4.606203
102, 96.976863, 7.648833, 85.930976, -4.630580
103, 96.752416, 7.664800, 87.121731, -3.975553
104, 97.137807, 7.682100, 88.120644, -4.694546
105, 98.538971, 7.719200, 89.453964, -4.661911
106, 101.386671, 7.832833, 96.716906, -3.943471
107, 105.916854, 7.703833, 113.161603, -1.023702
108, 111.989690, 7.007700, 133.969834, 0.934505
109, 118.950984, 5.887633, 148.444473, -0.157570
110, 126.018352, 4.783367, 161.319158, -1.956003
111, 132.761931, 4.035400, 167.724547, -3.947313
112, 138.820651, 3.396933, 174.772844, -3.767175
113, 143.916181, 2.543567, 172.480898, -3.363743
114, 147.713737, 1.876267, 167.013302, -4.327691
115, 150.525250, 1.314767, 163.624910, -5.098778
116, 152.530017, 0.908300, 161.702354, -5.701289
117, 154.201763, 0.881467, 160.206682, -4.621324
118, 155.861753, 0.883433, 160.334820, -4.819333
119, 157.756253, 0.977767, 160.030511, -4.246745
120, 159.674803, 1.164233, 161.487812, -3.862651
121, 161.557420, 1.357100, 162.886386, -3.853974
122, 163.294497, 1.441067, 163.884191, -3.951482
123, 164.807090, 1.452867, 164.552420, -3.581430
124, 165.993120, 1.350333, 164.690297, -3.726309
125, 167.074157, 1.253533, 164.486478, -3.741689
126, 168.065320, 1.080500, 166.964448, -3.868907
127, 169.145537, 0.813000, 176.063043, -5.161334
128, 170.130453, 0.604767, 179.023557, -5.854902
129, 171.167140, 0.399567, 178.470559, -5.388807
130, 172.249957, 0.194067, 178.906910, -5.429184
131, 173.356310, 0.023026, 179.279423, -5.632937
132, 174.167453, -0.097473, 179.287536, -5.910198
133, 174.729633, -0.234230, 179.129759, -5.570629
134, 175.067123, -0.428014, 178.976133, -5.547738
135, 175.433993, -0.681964, 179.017841, -5.868374
136, 175.673003, -0.743430, 179.276985, -5.705210
137, 175.808693, -0.648416, 179.106238, -5.549868
138, 175.943017, -0.487694, 178.735602, -5.261846
139, 175.931013, -0.262398, 178.527127, -5.005257
140, 175.718187, -0.017512, 176.774440, -1.209605
141, 175.393207, 0.270200, 175.487135, 1.260165
142, 174.823567, 0.909133, 175.549011, 0.291195
143, 173.219661, 2.953226, 174.789254, 0.284803
144, 169.521794, 7.144294, 172.157291, 2.840527
145, 164.587284, 12.807102, 166.154979, 7.284487
146, 160.096190, 18.296940, 158.782916, 15.775615
147, 156.380506, 22.460300, 154.911115, 21.719876
148, 153.125989, 25.546834, 151.987823, 24.354024
149, 150.377742, 27.828301, 148.530711, 25.796136
150, 148.416090, 29.335067, 147.976755, 24.503488
151, 147.527120, 30.075333, 148.295015, 24.383192
152, 147.430013, 30.185533, 148.976011, 22.816602
153, 147.848617, 29.876333, 150.076158, 21.853046
154, 148.456133, 29.351300, 151.206023, 21.317973
155, 149.029187, 28.795200, 152.325056, 20.833046
156, 149.454833, 28.341100, 152.885745, 21.436782
157, 149.755900, 28.058600, 152.582192, 20.873136
158, 149.769947, 27.922333, 152.629130, 20.330387
159, 149.475030, 28.013200, 152.522984, 20.455519
160, 148.763260, 28.502900, 152.518636, 20.988999
161, 147.253551, 29.178433, 151.613809, 21.340142
162, 144.700531, 30.020000, 150.134817, 21.065137
163, 140.434745, 30.903400, 146.283196, 21.275977
164, 134.193593, 31.512200, 134.679275, 14.458279
165, 134.193593, 31.512200, 134.679275, 14.458279
166, 134.193593, 31.512200, 134.679275, 14.458279
167, 134.193593, 31.512200, 134.679275, 14.458279
168, 90.432099, 28.467468, 67.811648, 2.287215
169, 78.124914, 25.807801, 52.987621, 22.210501
170, 66.588246, 22.471033, 37.539454, 19.889227
171, 56.086661, 19.050732, 32.190831, 13.524492
172, 46.934731, 16.036300, 24.587071, 8.585577
173, 38.896998, 13.380866, 17.194847, 5.155156
174, 31.708317, 11.226466, 11.888608, 2.980378
175, 25.567999, 9.426500, 16.121172, 3.081006
176, 20.532532, 7.956167, 17.607960, 2.709996
177, 16.636430, 6.889133, 16.802281, 1.833993
178, 13.882298, 6.075400, 10.127245, 0.301825
179, 11.844167, 5.318800, 4.981235, -1.653886
180, 10.452000, 4.642500, 6.928459, -1.813396
181, 9.534967, 4.152200, 8.011560, -2.028317
182, 8.752300, 3.813533, 8.350020, -2.418129
183, 7.945667, 3.573533, 8.215234, -1.984512
184, 6.880200, 3.408033, 7.803996, -2.019957
185, 5.537167, 3.221700, 6.905487, -2.192055
186, 4.201567, 3.095533, 5.958746, -1.948686
187, 2.837133, 2.984800, 5.335208, -1.670558
188, 1.441900, 2.824900, 1.731942, -1.142289
189, -0.025833, 2.900433, -6.854560, 1.188786
190, -1.534867, 3.014400, -7.722080, 1.539351
191, -2.993900, 3.009500, -7.650136, 0.703452
192, -4.253633, 3.026767, -7.284095, 0.374332
193, -5.270033, 3.099467, -7.489481, 0.614632
194, -6.132900, 3.185233, -7.503578, 0.530528
195, -6.911333, 3.305267, -7.891014, 0.149029
196, -7.595333, 3.379100, -8.154128, 0.316965
197, -8.197967, 3.396467, -8.621039, 0.215493
198, -8.647167, 3.434033, -8.958475, 0.235374
199, -9.006467, 3.439067, -8.875899, 0.229301
200, -9.348233, 3.487667, -8.787987, 0.413397
201, -9.645833, 3.594400, -9.073254, 0.473331
202, -10.043833, 3.698733, -9.071507, 0.284939
203, -10.476300, 3.752667, -14.881414, 0.952769
204, -10.991000, 3.790800, -19.773743, 1.840734
205, -11.579633, 3.808333, -19.433127, 1.268742
206, -12.110500, 3.782000, -19.774324, 1.357072
207, -12.691700, 3.813700, -19.508004, 1.334842
208, -13.559467, 3.853200, -19.893086, 1.264873
209, -14.835133, 3.975633, -19.915415, 1.194909
210, -16.531933, 4.230433, -20.484335, 1.216152
211, -18.605200, 4.463833, -21.247656, 1.811256
212, -20.980566, 4.611467, -22.654052, 1.459306
213, -23.947463, 4.725367, -24.106250, 1.978849
214, -28.043995, 4.783167, -26.993065, 1.727550
215, -32.842236, 4.546600, -31.275305, 1.274849
216, -37.223137, 4.426467, -37.178597, 0.169219
217, -40.379836, 4.625667, -36.324368, 0.579907
218, -42.295967, 4.827033, -34.413996, 0.616391
219, -43.087400, 4.944833, -31.563231, 0.951554
220, -43.166933, 4.983267, -30.477613, 1.323097
221, -42.855333, 4.923167, -29.526347, 0.749530
222, -42.444733, 4.737700, -29.326135, 0.138664
223, -42.181267, 4.620733, -30.103795, 0.097234
224, -42.050400, 4.613733, -30.586429, -0.071106
225, -41.526100, 4.541767, -30.715503, -0.148284
226, -40.485333, 4.391600, -30.538686, -0.156420
227, -39.441633, 4.358933, -30.637276, -0.499931
228, -38.678833, 4.382667, -31.124925, -0.522152
229, -38.183533, 4.318567, -31.515528, -0.357079
230, -37.888233, 4.230300, -30.268201, 0.736298
231, -37.711000, 4.231133, -30.500086, 0.657667
232, -37.524967, 4.265967, -30.419432, 0.788307
233, -37.221633, 4.398300, -30.347304, 0.974945
234, -36.802600, 4.546967, -30.136527, 1.059532
235, -36.316467, 4.660433, -30.132697, 0.885039
236, -35.747033, 4.732033, -30.973534, 0.173729
237, -35.193933, 4.861833, -31.042897, 0.133042
238, -34.562800, 5.110867, -30.638827, 0.183063
239, -33.901133, 5.554300, -30.520943, 0.435978
240, -33.271533, 6.108200, -30.559096, 1.198019
241, -32.715867, 6.618000, -30.275056, 1.377441
242, -32.152900, 7.213267, -30.369734, 1.642015
243, -31.643767, 7.636533, -30.565238, 1.776791
244, -31.201267, 7.926767, -30.441628, 1.733251
245, -30.755167, 8.113200, -30.349989, 1.455088
246, -30.356933, 8.213900, -30.564206, 0.607983
247, -29.885800, 8.308867, -30.342728, 0.692846
248, -29.512667, 8.441533, -30.299791, 0.695310
249, -29.297100, 8.647167, -30.405307, 0.945774
250, -29.209133, 8.933667, -30.441254, 1.139870
251, -29.254567, 9.109833, -30.939316, 0.901141
252, -29.228600, 9.141467, -31.018316, 0.712271
253, -28.984900, 9.224367, -30.906979, 0.382630
254, -28.538633, 9.352767, -30.641523, 0.781603
255, -27.972567, 9.407133, -30.388419, 0.685910
256, -27.412100, 9.426000, -30.646082, 0.771006
257, -26.907533, 9.394967, -30.304271, 0.338509
258, -26.368500, 9.296967, -30.003357, 0.494130
259, -25.849867, 9.126300, -30.324456, 0.308830
260, -25.317567, 8.845000, -30.691780, -0.257149
261, -24.793600, 8.657033, -31.170452, -0.657712
262, -24.329800, 8.506367, -31.008801, -0.387846
263, -23.986667, 8.328800, -31.228843, -0.175500
264, -23.666200, 8.172400, -31.098497, -0.298404
265, -23.498033, 8.054100, -31.372876, -0.289352
266, -23.363533, 7.961600, -29.414456, 0.113905
267, -23.165733, 7.934833, -28.081602, 1.901326
268, -23.044567, 7.955567, -28.267464, 1.962905
269, -22.967467, 7.912267, -28.349884, 2.038353
270, -22.867200, 7.904600, -28.450778, 2.046140
271, -22.825833, 7.921467, -28.674123, 2.000671
272, -22.809133, 7.852033, -28.987818, 1.929762
273, -22.751033, 7.826200, -28.973413, 2.048950
274, -22.685800, 7.868967, -29.251938, 2.007228
275, -22.552767, 7.914833, -29.387773, 1.882688
276, -22.379867, 7.981100, -27.479047, 2.645161
277, -22.180567, 8.088867, -26.043632, 3.204762
278, -22.031067, 8.209533, -26.072276, 2.802791
279, -21.988233, 8.389333, -26.415216, 2.907204
280, -21.966900, 8.603300, -26.643636, 2.883343
281, -21.988833, 8.850667, -27.097815, 2.898647
282, -22.026767, 9.049800, -27.239576, 2.938075
283, -22.041667, 9.181100, -27.226787, 2.879262
284, -22.079300, 9.209633, -27.414068, 2.588787
285, -22.116100, 9.178600, -27.547756, 2.285357
286, -22.113833, 9.236100, -27.809129, 2.291958
287, -22.137900, 9.284733, -27.934847, 2.374760
288, -22.156633, 9.297733, -28.085679, 2.336917
289, -22.147467, 9.321333, -28.257267, 2.387832
290, -22.183967, 9.340300, -28.502189, 2.317130
291, -22.247633, 9.274800, -28.545267, 2.119427
292, -22.323200, 9.217967, -28.753531, 1.933546
293, -22.366500, 9.164133, -28.994444, 1.940761
294, -22.383000, 9.026933, -29.150413, 1.741913
295, -22.369600, 8.880633, -29.463610, 1.578657
296, -22.320667, 8.763667, -29.497958, 1.608872
297, -22.245233, 8.609567, -29.710047, 1.476924
298, -22.145267, 8.555900, -28.940623, 1.447602
299, -22.087467, 8.479700, -26.800203, 1.225433
300, -22.038967, 8.412067, -26.620954, 1.408089
301, -21.991267, 8.400000, -26.801760, 1.150188
302, -21.936900, 8.332900, -26.971498, 1.117807
303, -21.862433, 8.262967, -27.128012, 1.083140
304, -21.768533, 8.244200, -27.071254, 1.157462
305, -21.657100, 8.192067, -27.023075, 1.166355
306, -21.446333, 8.135367, -26.913240, 1.082912
307, -21.168500, 8.154500, -26.756558, 1.253003
308, -20.926267, 8.155667, -26.791171, 1.098208
309, -20.725367, 8.154767, -26.892732, 1.041247
310, -20.592567, 8.195133, -27.022417, 0.889275
311, -20.561433, 8.173700, -26.401385, 0.681702
312, -20.577433, 8.165067, -25.218573, 1.021475
313, -20.702000, 8.133133, -25.287163, 0.896898
314, -20.932233, 8.007933, -25.459827, 0.804294
315, -21.243700, 7.840967, -25.728446, 0.689122
316, -21.645967, 7.635233, -26.193239, 0.358794
317, -22.158000, 7.505767, -26.577428, 0.211253
318, -22.845933, 7.425567, -26.835076, 0.089726
319, -23.684800, 7.288633, -27.093808, -0.177562
320, -24.522433, 7.198333, -26.954846, -0.093279
321, -25.282700, 7.137700, -27.291317, -0.264389
322, -25.902700, 7.082533, -28.811662, 0.697429
323, -26.302300, 7.063567, -28.661071, 0.753361
324, -26.512267, 7.027967, -28.347143, 0.547132
325, -26.556733, 6.975500, -28.380595, 0.530344
326, -26.445933, 6.906967, -28.034862, 0.522948
327, -26.276600, 6.857833, -27.535807, 0.411853
328, -26.169300, 6.810667, -27.237927, 0.291009
329, -26.179633, 6.793333, -27.319212, 0.275997
330, -26.249300, 6.793933, -27.416726, 0.340514
331, -26.398100, 6.810467, -27.412587, 0.449151
332, -26.548233, 6.837867, -27.573208, 0.337936
333, -26.663200, 6.834667, -27.533579, 0.203804
334, -26.774300, 6.825000, -27.475786, 0.144273
335, -26.838800, 6.791367, -27.322738, -0.002750
336, -26.916567, 6.766200, -27.370261, -0.263622
337, -26.971200, 6.750467, -27.369239, -0.315304
338, -27.008600, 6.758400, -27.600936, -0.331002
339, -27.024500, 6.769767, -27.634785, -0.329511
340, -27.000533, 6.777633, -27.514213, -0.342806
341, -26.972267, 6.783633, -27.523646, -0.345156
342, -26.930333, 6.767533, -27.418779, -0.403482
343, -26.889533, 6.780633, -27.230462, -0.493786
344, -26.824167, 6.800700, -27.075147, -0.553205
345, -26.750900, 6.799367, -26.779407, -0.632680
346, -26.679200, 6.803367, -26.606974, -0.663334
347, -26.636067, 6.806833, -26.447635, -0.699606
348, -26.633533, 6.811467, -26.377676, -0.709117
349, -26.604633, 6.828167, -26.320603, -0.794036
350, -26.548133, 6.874533, -26.140157, -0.874319
351, -26.524367, 6.921200, -26.173083, -0.917813
352, -26.465400, 7.001633, -26.050535, -0.873178
353, -26.398433, 7.101400, -25.936853, -0.698459
354, -26.361567, 7.156133, -25.937185, -0.702700
355, -26.310367, 7.220967, -25.857651, -0.789452
356, -26.245900, 7.256767, -25.774171, -0.946234
357, -26.170733, 7.267767, -25.649449, -0.976031
358, -26.026100, 7.233133, -25.500677, -0.901827
359, -25.853733, 7.200633, -25.370003, -0.756963
360, -25.747533, 7.199300, -25.393583, -0.669005
361, -25.704833, 7.196200, -25.547509, -0.661906
362, -25.736233, 7.223833, -26.986011, 1.011048
363, -25.812733, 7.284100, -27.574723, 1.941350
364, -25.861367, 7.294433, -27.437304, 2.086849
365, -25.833200, 7.265133, -27.411907, 1.914229
366, -25.711767, 7.241467, -27.175820, 1.789256
367, -25.529767, 7.204067, -27.017919, 1.446768
368, -25.339467, 7.147800, -26.931918, 1.248986
369, -25.157500, 7.108033, -26.763524, 1.194251
370, -25.055067, 7.100700, -26.764620, 1.108576
371, -25.077900, 7.165633, -26.838178, 1.126064
372, -25.080267, 7.293267, -26.762133, 1.086574
373, -25.017933, 7.372067, -26.700090, 1.149899
374, -24.940867, 7.353600, -26.589886, 1.179471
375, -24.856033, 7.312067, -26.405331, 1.164457
376, -24.839233, 7.277167, -26.392934, 1.051441
377, -24.912700, 7.291300, -26.475660, 1.084162
378, -25.036633, 7.323700, -26.585580, 1.121189
379, -25.253533, 7.354733, -26.810397, 1.145487
380, -25.480000, 7.408367, -26.956634, 1.131502
381, -25.637767, 7.412900, -26.933759, 1.002795
382, -25.729733, 7.415733, -26.722935, 0.804411
383, -25.737033, 7.416833, -26.520720, 0.617380
384, -25.737133, 7.406133, -26.359642, 0.542262
385, -25.741633, 7.382233, -26.235007, 0.403771
386, -25.785433, 7.365733, -26.295614, 0.321318
387, -25.885500, 7.343867, -26.477929, 0.312553
388, -26.017000, 7.277833, -26.568152, 0.237838
389, -26.130533, 7.230767, -26.689224, 0.188333
390, -26.252933, 7.171333, -26.706417, 0.050994
391, -26.371433, 7.082833, -26.604204, -0.120838
392, -26.557833, 6.990800, -26.687740, -0.266087
393, -26.760900, 6.889400, -26.768097, -0.317424
394, -26.951500, 6.791900, -26.716643, -0.218873
395, -27.117867, 6.722767, -26.688763, -0.133787
396, -27.330900, 6.620000, -26.716206, -0.140319
397, -27.608000, 6.532133, -26.955199, -0.133099
398, -27.897767, 6.395600, -27.042250, -0.135163
399, -28.149100, 6.219467, -26.783548, -0.339768
400, -28.386300, 6.149633, -26.612199, -0.219044
401, -28.567333, 6.047433, -26.608945, -0.274165
402, -28.668033, 5.985133, -26.844685, -0.210793
403, -28.663833, 5.868333, -26.744933, -0.324357
404, -28.539633, 5.771467, -26.362389, -0.373516
405, -28.407400, 5.757133, -26.281749, -0.340457
406, -28.274425, 5.763650, -26.099219, -0.446056
407, -28.149100, 5.787100, -25.839578, -0.425258
408, -27.984775, 5.863575, -25.655314, -0.272902
409, -27.796167, 5.955233, -27.502571, -1.073740
410, -27.655100, 5.937867, -27.970741, -1.485289
411, -27.559533, 5.912933, -27.728274, -2.013817
412, -27.510500, 5.891867, -27.587560, -2.174172
413, -27.502500, 5.857567, -27.551682, -2.209441
414, -27.514200, 5.838067, -27.568346, -2.280191
415, -27.516700, 5.817733, -27.550745, -2.274909
416, -27.518167, 5.843333, -27.576395, -2.237530
417, -27.489567, 5.884967, -27.545403, -2.217981
418, -27.399600, 5.930567, -27.415264, -2.207248
419, -27.274400, 5.992600, -27.360555, -2.142402
420, -27.069500, 6.230500, -27.053666, -1.908555
421, -26.702867, 6.455900, -26.590250, -1.690773
422, -26.450900, 6.500367, -26.290854, -2.046326
423, -26.367867, 6.563900, -26.495455, -2.245960
424, -26.449667, 6.597733, -26.671501, -2.295973
425, -26.647667, 6.578433, -26.792211, -2.313106
426, -26.820567, 6.581000, -26.890669, -2.232366
427, -26.937767, 6.573733, -26.948730, -2.242237
428, -26.988067, 6.602733, -26.993856, -2.125724
429, -26.961467, 6.682400, -26.867411, -2.226933
430, -26.851933, 6.641400, -26.402103, -2.333637
431, -26.735833, 6.626033, -26.354675, -2.408171
432, -26.643533, 6.638633, -26.287321, -2.303301
433, -26.602167, 6.635767, -26.305776, -2.480915
434, -26.602967, 6.674467, -27.353109, -1.317686
435, -26.617233, 6.713533, -27.560748, -0.857589
436, -26.657400, 6.739100, -27.716664, -1.040154
437, -26.675233, 6.765900, -27.689571, -1.023255
438, -26.696633, 6.777700, -27.471115, -1.031566
439, -26.716767, 6.802233, -27.341080, -1.107379
440, -26.706933, 6.833333, -27.250927, -1.172995
441, -26.617133, 6.963567, -27.035831, -1.140499
442, -26.504400, 7.130633, -27.023537, -1.026918
443, -26.432233, 7.151167, -27.050838, -1.071559
444, -26.388933, 7.174333, -27.021943, -0.982796
445, -26.370333, 7.155200, -26.988059, -0.964914
446, -26.392067, 7.065867, -27.052561, -1.101361
447, -26.397300, 7.043433, -26.979708, -1.181761
448, -26.390200, 7.068500, -26.855864, -1.147898
449, -26.376767, 7.054800, -26.907329, -1.168870
450, -26.321267, 6.985833, -26.894779, -1.243599
451, -26.283933, 6.948633, -26.958096, -1.116438
452, -26.271800, 6.957533, -26.991851, -1.139183
453, -26.273900, 7.023100, -26.923632, -1.177987
454, -26.257900, 7.054367, -26.807273, -1.198664
455, -26.195867, 7.059067, -26.597550, -1.261315
456, -26.125500, 7.017400, -26.460070, -1.279077
457, -26.072233, 6.961500, -26.382303, -1.359194
458, -26.037733, 6.914000, -26.357645, -1.375294
459, -26.028100, 6.883767, -26.475521, -1.408598
460, -26.043900, 6.908500, -26.562591, -1.442184
461, -26.036700, 7.002367, -26.531142, -1.352779
462, -26.020867, 7.098467, -26.445923, -1.272827
463, -25.996767, 7.159067, -26.349554, -1.258446
464, -25.931067, 7.170233, -26.175384, -1.341144
465, -25.884467, 7.133467, -26.240052, -1.634468
466, -25.882067, 7.049433, -27.726042, -1.133460
467, -25.907333, 7.009033, -28.042486, -1.339476
468, -25.956300, 6.971267, -28.074136, -1.461390
469, -26.001933, 6.913200, -27.963114, -1.522418
470, -26.038867, 6.894367, -27.964879, -1.543233
471, -26.067500, 6.882500, -27.910171, -1.641987
472, -26.066600, 6.912500, -27.925305, -1.570685
473, -26.025267, 6.926167, -27.940623, -1.660218
474, -25.959200, 6.901767, -27.843419, -1.808060
475, -25.887600, 6.909700, -27.693589, -1.850531
476, -25.826700, 6.879700, -27.616383, -2.048730
477, -25.804833, 6.826300, -27.613406, -2.162709
478, -25.804300, 6.793733, -27.626030, -2.240293
479, -25.802067, 6.752833, -27.624371, -2.213003
480, -25.796967, 6.694467, -27.576491, -2.271063
481, -25.776500, 6.663267, -27.535054, -2.241427
482, -25.750567, 6.631767, -27.360178, -2.249173
483, -25.731167, 6.623833, -27.242243, -2.151989
484, -25.711033, 6.641767, -27.171610, -2.065918
485, -25.724400, 6.627167, -29.781435, -5.305666
486, -25.814950, 6.548350, -21.863744, -10.547558
487, -26.145100, 6.437150, -38.747138, -14.261736
488, -26.624400, 6.278433, -48.397599, -2.839418
489, -27.390167, 6.023500, -53.810198, -6.628498
490, -28.223433, 5.702433, -55.240865, -0.265699
491, -29.182267, 5.190400, -55.811565, -0.410102
492, -30.075133, 4.627800, -55.106433, -0.567286
493, -30.825200, 4.371833, -52.905695, 0.468297
494, -31.549667, 4.281167, -51.153354, 0.559475
495, -32.228467, 4.151267, -52.223804, 0.478682
496, -32.771500, 4.099567, -50.815038, -0.061136
497, -33.188133, 4.111067, -50.800422, 0.074315
498, -33.526933, 4.073100, -49.211681, -0.241003
499, -33.797133, 4.027200, -48.748241, -0.147252
500, -33.986833, 3.894633, -47.896804, -0.602947
501, -34.060333, 3.822833, -47.355421, -0.821703
502, -34.011967, 3.704767, -46.070973, -1.704073
503, -33.960633, 3.633567, -45.880712, -1.567775
504, -33.974133, 3.707533, -44.822021, -1.484877
505, -34.006033, 3.692900, -40.395060, -1.263623
506, -34.043533, 3.582067, -38.526882, -0.946355
507, -34.105667, 3.384367, -37.439832, -1.354723
508, -34.142900, 3.099400, -36.903165, -1.543642
509, -34.042533, 2.989600, -36.697946, -1.387858
510, -33.841700, 2.918467, -36.429794, -1.210817
511, -33.634900, 3.071500, -36.086043, -1.199269
512, -33.310067, 3.283400, -32.767560, -2.466221
513, -32.903867, 3.340233, -29.432660, -2.373163
514, -32.517767, 3.432833, -29.156341, -2.686121
515, -32.129900, 3.569767, -28.809080, -2.628468
516, -31.748867, 3.632467, -28.788901, -2.936498
517, -31.390500, 3.681450, -24.757335, -7.396922
518, -31.390500, 3.681450, -24.757335, -7.396922
519, -31.390500, 3.681450, -24.757335, -7.396922
520, -29.404000, 4.232933, -24.211942, -7.688685
521, -28.594967, 4.581267, -28.166488, -10.656288
522, -27.666933, 4.946733, -27.548370, -1.912094
523, -26.504367, 5.138167, -26.039326, -1.886866
524, -25.097500, 5.637700, -24.543125, -1.010152
525, -23.867533, 5.963700, -24.071348, -1.150266
526, -22.605600, 6.187400, -23.263920, -1.335948
527, -21.391833, 6.475067, -22.844758, -1.391948
528, -20.366933, 6.785767, -22.288048, -1.684211
529, -19.479133, 6.944933, -21.886555, -1.741042
530, -18.803467, 7.114367, -22.159914, -2.005335
531, -18.253033, 7.280000, -21.867539, -1.900007
532, -17.733700, 7.339867, -21.602649, -1.777163
533, -17.365933, 7.410633, -21.496854, -1.819464
534, -17.120767, 7.422467, -21.418328, -2.031646
535, -16.942867, 7.412633, -21.495481, -2.314595
536, -16.787733, 7.480867, -21.689750, -2.180139
537, -16.671367, 7.561533, -21.786459, -2.362274
538, -16.613400, 7.577867, -21.782489, -2.901128
539, -16.644633, 7.613300, -21.790106, -2.892573
540, -16.672967, 7.721667, -21.784781, -2.823088
541, -16.645967, 7.867733, -21.657973, -2.631295
542, -16.635633, 7.928833, -21.692192, -2.663930
543, -16.562367, 7.981900, -21.382259, -2.631983
544, -16.488200, 8.011900, -21.249763, -2.732257
545, -16.411467, 7.984333, -21.073823, -2.893962
546, -16.345467, 8.063833, -20.962611, -2.857868
547, -16.335267, 8.074900, -20.797356, -2.798450
548, -16.322033, 7.989067, -20.704614, -2.904388
549, -16.294400, 7.957900, -22.797906, -2.900749
550, -16.222567, 7.909100, -25.904428, -2.697700
551, -16.133033, 7.925167, -25.264616, -2.372536
552, -16.060000, 7.960433, -25.069958, -2.380321
553, -15.912200, 7.994500, -24.870658, -2.445927
554, -15.752000, 8.056167, -24.466001, -2.433881
555, -15.546967, 8.125500, -24.234118, -2.573128
556, -15.240133, 8.213400, -23.898661, -2.514564
557, -14.917200, 8.288533, -23.600529, -2.615808
558, -14.558433, 8.348767, -23.278526, -2.711765
559, -14.186967, 8.404867, -23.882488, -3.209383
560, -13.849567, 8.458633, -23.484573, -3.399195
561, -13.451567, 8.497167, -22.838051, 14.902657
562, -12.966200, 8.537200, -32.835928, -17.833252
563, -12.966200, 8.537200, -32.835928, -17.833252
564, -11.902900, 8.761550, -20.602693, -8.311849
565, -11.254233, 8.949267, -20.774238, -5.504810
566, -10.701933, 9.026267, -22.817052, -3.147426
567, -10.134533, 9.066333, -21.987462, -3.963847
568, -9.618600, 9.216333, -22.144049, -2.549291
569, -9.099533, 9.364500, -21.673913, -1.061143
570, -8.622800, 9.489600, -22.226392, -1.730915
571, -8.178800, 9.551367, -22.404363, -1.283742
572, -7.730333, 9.477167, -21.744978, -1.525242
573, -7.334867, 9.406667, -20.995478, -0.649652
574, -6.958733, 9.401100, -20.864966, -0.732499
575, -6.624067, 9.359200, -20.665467, -0.902681
576, -6.376900, 9.326100, -20.452464, -0.849520
577, -6.224200, 9.286433, -20.484909, -1.008190
578, -6.183567, 9.257933, -20.866500, -1.092941
579, -6.258267, 9.257600, -21.278795, -1.324770
580, -6.394767, 9.274633, -21.763042, -1.414279
581, -6.565400, 9.289500, -21.879015, -1.320516
582, -6.791333, 9.277433, -21.736813, -1.172481
583, -7.086933, 9.248733, -21.245161, -0.915248
584, -7.432667, 9.186733, -23.123929, -0.227315
585, -7.808033, 9.137567, -22.253455, -0.796010
586, -8.204833, 9.102267, -22.688785, -0.896742
587, -8.604367, 9.071233, -21.930772, -1.333085
588, -8.994567, 9.032033, -21.833744, -1.521118
589, -9.390800, 8.983467, -21.929690, -1.424085
590, -9.717400, 8.956167, -21.754477, -1.749589
591, -10.008067, 8.989500, -21.523845, -1.779800
592, -10.249067, 9.054267, -21.429073, -1.557834
593, -10.500700, 9.049867, -21.192635, -1.606796
594, -10.847267, 8.986833, -21.162886, -1.953279
595, -11.229767, 8.930467, -21.511574, -1.939990
596, -11.683867, 8.922333, -21.914119, -1.642397
597, -12.184600, 8.919733, -21.725072, -2.076957
598, -12.650733, 8.867567, -21.698291, -2.297067
599, -13.090600, 8.802267, -21.705950, -2.251485
600, -13.356700, 8.771500, -21.384920, -2.380135
