1, 57.484857, -0.585836, 62.385668, -12.517020
2, 17.909200, 3.812300, 13.528944, 0.227525
3, 18.135100, 3.429900, 13.745444, -0.142210
4, 18.184467, 2.769600, 14.591085, -2.640259
5, 17.994125, 2.521275, 15.829526, -3.352951
6, 17.741100, 2.781150, 16.122001, -2.725088
7, 17.537875, 3.131325, 14.299062, -1.230896
8, 17.367967, 3.117067, 15.624096, -1.887258
9, 17.171833, 3.032967, 15.564523, -2.192049
10, 16.797233, 3.024700, 14.692763, -1.857873
11, 16.254500, 2.989733, 14.479497, -2.012603
12, 15.680567, 3.003133, 14.161295, -2.476605
13, 15.271433, 4.389267, 13.917720, -0.528616
14, 15.073733, 5.827334, 14.459177, 0.759014
15, 15.036700, 6.193833, 12.154491, -0.313923
16, 15.016467, 6.295533, 10.185097, -2.024044
17, 15.099067, 6.418667, 10.463595, -2.823355
18, 15.133933, 6.409100, 10.053281, -3.068309
19, 15.041900, 6.217500, 9.799846, -3.297341
20, 14.849167, 5.894433, 9.965525, -3.795214
21, 14.394967, 5.824867, 10.032290, -4.038928
22, 13.759833, 5.949433, 9.803644, -4.118971
23, 13.282300, 5.687567, 9.749826, -3.591135
24, 12.937500, 5.604050, 9.688440, -3.850884
25, 12.542100, 5.700667, 9.375940, -4.115810
26, 11.882633, 5.685833, 9.100098, -3.994295
27, 11.222267, 5.479367, 8.759878, -3.992476
28, 10.703067, 4.718267, 8.609399, -4.729470
29, 10.222767, 4.143800, 4.569441, -3.945220
30, 9.677067, 4.071300, 1.955526, -3.065493
31, 8.958833, 3.795567, 2.600268, -2.365712
32, 8.259167, 3.470833, 2.257124, -3.122149
33, 7.784100, 3.373400, 2.821454, -2.899130
34, 7.453633, 3.189033, 2.904641, -2.597287
35, 7.105333, 2.849400, 2.626102, -2.924126
36, 6.730000, 2.494467, 2.521223, -3.363526
37, 6.362233, 2.056900, 2.357062, -3.494037
38, 6.048500, 1.899833, 2.397353, -3.290570
39, 5.668400, 1.872100, 2.318095, -3.460242
40, 5.417467, 1.860533, 1.322677, -3.616596
41, 5.298500, 1.952733, -3.094886, -3.918846
42, 5.072500, 2.083967, -3.183936, -3.788660
43, 4.822033, 2.012400, -2.909406, -3.925716
44, 4.425733, 1.919067, -3.009469, -4.221006
45, 3.844700, 1.755767, -3.242165, -4.374180
46, 3.368733, 1.461133, -3.176795, -4.548552
47, 3.045100, 1.334500, -2.482611, -4.271990
48, 2.767450, 1.356650, -1.778204, -3.391332
49, 2.628500, 1.338667, -2.005804, -3.524705
50, 2.552667, 1.443667, -2.452692, -4.063622
51, 2.509600, 1.598067, -2.549508, -4.064612
52, 2.362167, 1.714467, -2.269337, -3.515858
53, 2.251033, 1.952633, -2.366981, -3.828816
54, 2.345167, 2.205400, -2.686184, -4.317937
55, 2.836133, 2.459100, -0.792735, -3.984686
56, 3.564100, 2.635700, 0.131311, -8.264994
57, 3.564100, 2.635700, 0.131311, -8.264994
58, 11.348600, 3.252000, 11.642393, -28.512915
59, 15.760400, 3.220600, 36.775478, -13.616510
60, 19.383893, 3.075033, 30.807961, -2.146269
61, 25.942942, 2.863733, 41.247691, -3.672197
62, 33.563461, 2.644133, 53.863987, -4.359414
63, 41.130942, 2.417367, 61.387868, -6.331731
64, 48.086010, 2.246100, 72.246572, -6.946855
65, 54.171308, 2.465433, 73.581081, -7.818999
66, 59.366202, 2.908733, 70.271276, -8.651344
67, 63.487268, 3.298633, 68.427403, -8.589493
68, 66.782135, 3.206900, 69.026889, -8.076885
69, 69.744433, 2.961100, 69.383273, -8.242987
70, 72.609667, 2.791300, 69.886252, -8.575535
71, 75.310100, 2.629900, 76.429055, -8.699237
72, 77.966967, 2.510167, 84.990823, -8.467953
73, 80.450600, 2.419467, 86.349330, -8.483996
74, 82.712833, 2.367900, 86.932165, -8.535849
75, 84.965934, 2.221200, 87.380008, -9.630496
76, 87.115700, 2.079100, 86.375114, -20.509706
77, 87.115700, 2.079100, 86.375114, -20.509706
78, 91.760820, 3.058500, 99.528621, -16.848672
79, 94.337776, 3.683667, 103.295339, 5.179456
80, 97.190541, 4.134567, 112.723161, 3.555851
81, 100.431307, 4.310067, 113.471897, 3.087395
82, 103.716560, 4.675667, 113.339835, 2.288414
83, 106.935000, 5.222900, 113.151590, 0.417416
84, 110.030760, 5.353733, 113.390901, 0.244613
85, 113.059343, 5.276867, 115.239632, -0.665139
86, 116.270476, 5.199633, 116.765359, -0.975134
87, 119.655153, 5.064867, 118.063346, -0.292054
88, 123.183987, 4.991600, 120.139757, 0.855495
89, 128.337256, 3.859848, 128.687217, -0.679654
90, 132.878435, 3.426800, 147.601051, -0.750549
91, 136.089086, 3.572733, 163.906320, -0.169124
92, 138.684076, 3.611767, 165.976475, -0.682790
93, 141.064515, 3.833000, 165.284730, -1.162189
94, 143.425168, 4.275233, 163.998786, -1.684282
95, 145.903704, 4.765033, 163.011187, -2.480146
96, 148.288481, 5.212567, 160.599180, -2.994501
97, 150.861710, 5.636067, 160.317804, -3.113856
98, 153.161851, 6.033567, 159.648493, -2.834540
99, 155.451685, 6.174900, 164.809249, -2.926157
100, 157.531859, 6.174600, -179.942843, -2.032975
101, 158.671965, 6.262333, -179.013715, -1.747387
102, 158.997863, 6.273533, 177.403553, -3.452083
103, 160.682650, 6.220067, 175.982679, -3.879130
104, 162.238857, 6.182833, 173.608319, -3.307296
105, 163.748120, 6.083233, 173.926292, -3.686623
106, 165.201053, 6.077800, 173.692608, -4.181418
107, 166.542777, 5.932167, 173.401394, -4.214377
108, 167.676313, 5.701133, 173.684232, -4.319606
109, 168.701873, 5.526333, 173.735732, -3.705435
110, 169.580920, 5.310500, 173.742858, -3.782368
111, 170.390327, 5.077867, 173.980731, -3.968612
112, 171.081347, 4.854133, 173.831112, -3.654462
113, 171.533260, 4.730967, 175.638354, -2.604505
114, 171.838400, 4.634633, 178.218510, -0.637620
115, 171.954003, 4.450467, 177.577459, -1.032031
116, 171.831543, 4.288900, 177.300582, -1.332893
117, 171.368223, 4.233433, 176.612177, -1.469760
118, 170.689810, 4.184267, 176.033483, -1.531544
119, 169.776277, 4.181067, 175.434908, -1.615574
120, 168.632524, 4.223467, 175.420644, -1.443842
121, 167.062351, 4.356067, 175.117126, -1.487797
122, 165.261760, 4.554900, 174.509175, -8.608438
123, 162.265050, 4.962300, 168.128252, -28.457842
124, 162.265050, 4.962300, 168.128252, -28.457842
125, 162.265050, 4.962300, 168.128252, -28.457842
126, 134.811210, 9.407400, 141.748017, -0.005232
127, 128.368418, 10.662700, 119.638175, 9.803471
128, 121.788869, 12.222100, 117.262342, 11.673632
129, 117.112729, 13.831767, 115.456745, 10.433875
130, 113.595888, 14.746167, 115.260496, 10.668117
131, 110.694362, 15.137667, 118.857304, 10.930110
132, 109.116350, 15.125500, 121.307570, 10.917266
133, 108.889637, 15.081933, 124.712244, 11.558279
134, 109.815270, 15.367933, 127.800238, 11.722364
135, 111.141237, 15.489900, 129.685992, 11.203166
136, 112.582427, 15.465533, 130.563741, 9.260111
137, 113.691650, 15.383267, 129.461499, 9.745497
138, 113.816730, 15.158000, 128.368897, 8.840652
139, 112.291243, 14.672033, 127.227100, 8.741994
140, 108.467261, 14.010867, 125.259460, 8.405059
141, 102.826860, 13.300900, 112.332295, 7.280696
142, 95.452294, 12.702167, 94.107306, 8.073043
143, 86.516127, 12.104700, 73.521702, 7.187569
144, 76.595253, 11.243833, 55.632142, 6.178951
145, 66.364564, 10.029967, 42.796535, 4.591848
146, 56.221189, 8.631767, 29.525114, 2.853581
147, 46.542381, 7.241867, 17.915240, 0.307493
148, 37.623412, 5.920967, 6.459494, -2.381237
149, 29.751459, 4.812800, -1.099618, -3.930609
150, 23.328728, 4.095467, 1.751322, -3.823202
151, 18.260225, 3.318233, 6.413325, -3.919543
152, 14.481866, 2.515133, 7.970470, -4.503652
153, 11.943233, 1.786500, 8.232880, -5.171897
154, 10.456100, 1.117733, 9.980653, -5.578758
155, 9.777367, 0.554967, 10.525701, -6.027177
156, 9.632933, 0.129642, 11.431030, -6.138038
157, 9.882900, -0.266180, 12.625704, -5.819596
158, 10.550200, -0.710597, 13.720720, -5.946820
159, 11.670200, -1.173152, 14.740295, -6.259638
160, 13.229267, -1.595007, 15.910639, -6.113741
161, 14.796300, -1.765406, 16.844908, -5.882142
162, 16.367334, -1.898778, 15.184033, -4.408164
163, 17.673300, -1.829289, 1.359123, 0.225397
164, 17.859600, -1.534041, -6.502702, 0.754806
165, 16.590269, -1.129379, -6.726558, 0.697086
166, 13.652905, -0.661264, -8.837036, 1.241658
167, 9.238767, -0.228966, -10.068349, 1.639358
168, 4.035604, 0.095708, -11.762141, 1.102127
169, -1.413734, 0.342300, -12.320351, 0.301741
170, -6.608103, 0.486133, -12.492839, -0.761116
171, -11.112569, 0.481700, -12.994681, -1.230788
172, -14.824870, 0.465867, -16.550175, -1.667280
173, -17.799867, 0.458033, -26.396605, -3.096444
174, -20.266434, 0.451167, -27.680580, -4.205600
175, -22.215234, 0.386633, -26.608509, -4.372730
176, -23.763633, 0.278667, -26.393279, -4.489331
177, -25.107267, 0.104267, -26.940903, -4.597670
178, -26.524266, -0.061563, -27.449743, -5.229911
179, -28.200500, -0.141807, -28.283983, -5.654003
180, -30.246000, -0.157776, -29.307062, -5.483703
181, -32.542300, -0.143708, -29.582785, -5.322503
182, -35.059533, -0.093117, -34.660130, -5.022568
183, -37.767399, 0.055242, -47.399700, -4.018141
184, -40.735900, 0.214167, -54.515521, -3.608364
185, -43.837967, 0.321367, -53.348737, -4.806821
186, -46.999933, 0.310300, -54.182739, -4.090789
187, -50.085366, 0.244400, -54.588522, -4.330689
188, -53.209500, 0.325033, -55.653398, -4.435989
189, -56.271401, 0.498400, -57.147027, -4.540325
190, -59.126967, 0.611000, -58.030632, -4.698680
191, -61.770167, 0.666800, -59.327547, -5.024522
192, -64.186867, 0.648233, -66.904046, -5.299803
193, -66.533467, 0.599233, -79.233706, -6.782654
194, -68.885733, 0.472367, -83.802381, -6.851260
195, -71.188067, 0.354233, -83.443387, -7.393779
196, -73.321267, 0.310133, -83.520153, -6.692574
197, -75.169900, 0.216533, -83.680359, -7.377915
198, -76.660134, 0.124600, -83.637664, -7.605080
199, -77.806400, 0.081233, -83.906838, -7.314258
200, -78.736933, 0.037200, -84.363224, -6.897015
201, -79.525367, 0.021400, -84.686086, -6.707509
202, -80.275367, 0.089433, -85.216769, -6.668601
203, -80.942000, 0.243400, -85.775433, -5.461038
204, -81.642267, 0.518233, -88.548272, -1.171148
205, -82.283967, 0.857400, -89.199757, -0.340515
206, -82.833733, 1.357167, -89.656792, -0.090930
207, -83.314433, 1.915533, -89.836245, -0.187877
208, -83.789033, 2.562167, -89.778312, -0.446862
209, -84.226000, 3.340700, -90.090185, -0.053916
210, -84.552300, 4.306200, -90.156141, 0.064920
211, -84.652533, 5.579933, -87.921115, 2.292193
212, -84.455900, 6.951467, -86.669748, 3.929562
213, -84.081533, 8.149433, -86.866341, 3.807878
214, -83.595367, 9.261600, -87.115588, 4.241798
215, -83.236100, 10.030800, -75.209392, -29.371896
216, -82.572100, 11.808000, -92.718599, 12.005410
217, -82.254200, 12.872533, -83.133965, 12.849402
218, -81.827267, 14.330733, -87.753719, 6.676104
219, -81.353800, 15.847300, -87.800543, 7.310756
220, -80.821833, 17.311600, -87.740092, 7.398539
221, -80.214033, 18.943600, -88.026832, 7.330375
222, -79.640967, 20.500200, -88.404610, 7.347152
223, -79.154067, 22.051533, -88.747711, 7.646226
224, -78.696567, 23.704100, -85.546890, 10.060109
225, -78.051167, 25.402267, -83.226888, 11.927331
226, -77.192900, 26.546600, -83.546615, 11.276987
227, -76.239667, 26.775900, -83.630740, 10.010775
228, -75.601100, 26.785967, -83.122212, 9.364574
229, -75.276900, 26.863133, -83.779550, 8.947583
230, -75.238400, 27.064633, -83.041451, 8.937417
231, -75.217567, 27.342567, -78.885019, 10.002069
232, -75.058400, 27.676700, -78.159795, 9.943456
233, -74.840267, 27.885733, -78.465766, 10.243782
234, -74.553533, 27.787267, -78.773134, 9.866625
235, -74.059967, 27.493867, -79.062101, 8.870720
236, -73.436300, 27.194800, -78.523953, 8.333562
237, -73.436300, 27.194800, -78.523953, 8.333562
238, -73.436300, 27.194800, -78.523953, 8.333562
239, -63.155600, 24.932300, -54.875284, -16.744779
240, -56.641199, 23.753967, -39.334925, 14.314682
241, -51.926464, 22.891633, -40.480634, 12.352212
242, -48.036764, 22.062100, -37.310033, 11.518745
243, -45.020899, 21.425400, -37.600849, 10.948331
244, -42.633133, 20.866167, -39.143650, 11.630642
245, -41.082433, 20.359633, -40.847289, 11.983196
246, -39.855467, 19.977967, -40.743850, 12.612099
247, -38.668633, 19.657033, -40.477135, 12.176829
248, -37.634733, 19.365200, -41.561584, 11.661878
249, -36.831633, 19.262467, -40.811716, 12.647266
250, -36.176400, 19.221300, -42.357042, 12.396350
251, -35.766433, 19.137400, -42.419194, 12.268867
252, -35.566500, 19.022400, -42.716466, 12.150591
253, -35.440933, 18.909433, -42.569489, 12.019108
254, -35.422233, 18.748667, -43.417820, 12.195783
255, -35.487800, 18.473633, -43.640307, 11.835294
256, -35.614000, 18.102333, -43.966267, 11.386366
257, -35.783867, 17.734833, -44.257466, 7.519957
258, -35.940833, 17.330800, -44.063549, 4.979669
259, -36.117533, 16.867700, -44.618314, 4.304563
260, -36.115133, 16.516433, -44.982538, 3.890883
261, -35.966033, 15.873567, -45.084943, 3.791750
262, -35.975000, 14.872767, -45.345955, 3.263170
263, -35.963500, 13.625967, -45.276365, 3.141799
264, -35.898500, 12.122800, -45.473365, 2.540020
265, -35.875167, 10.357067, -45.982051, 1.935436
266, -35.834733, 8.477567, -46.900127, 1.172489
267, -35.910067, 6.671100, -46.339638, 2.097882
268, -35.951633, 5.141767, -46.506807, 1.919240
269, -35.956667, 3.832100, -47.451854, 2.714366
270, -35.817233, 2.507933, -45.096499, 2.743547
271, -35.215200, 1.339100, -39.804982, 0.121526
272, -33.910667, 0.638567, -25.944579, -2.948114
273, -31.737826, 0.767850, -17.875421, -2.337974
274, -29.104700, 1.990533, -19.049592, -1.531638
275, -26.348367, 3.362633, -19.663478, -1.282309
276, -23.349300, 4.722000, -19.593710, -1.405957
277, -20.279000, 6.539633, -18.237285, -0.166050
278, -17.332067, 8.732567, -16.016277, 0.757770
279, -14.619166, 10.875800, -7.119799, 2.010145
280, -12.231833, 12.684233, -5.388421, 2.034985
281, -10.242399, 14.143500, -5.680858, 1.743990
282, -8.675433, 15.221467, -6.341135, 1.035131
283, -7.434233, 16.131700, -6.699362, 0.632452
284, -6.447367, 16.927267, -7.079554, 0.352718
285, -5.647467, 17.506533, -7.180151, -0.095628
286, -4.866433, 17.931667, -7.247255, -0.326995
287, -3.969867, 18.389200, -6.863592, -0.229759
288, -2.833900, 18.964000, -5.514670, 0.881209
289, -1.774333, 19.510367, 1.027787, 7.349754
290, -0.887333, 20.020600, 3.113645, 10.588128
291, 0.011700, 20.145367, 3.415031, 9.725508
292, 1.237566, 20.141733, 1.840106, 14.599707
293, 1.237566, 20.141733, 1.840106, 14.599707
294, 6.966450, 21.018800, 12.981377, 11.119674
295, 10.173132, 21.858399, 17.821862, 14.004300
296, 14.413766, 24.006668, 33.954397, 24.955573
297, 19.095172, 25.671900, 38.861390, 21.077260
298, 23.369069, 25.569600, 34.930452, 19.668001
299, 27.311334, 25.741533, 33.398840, 18.944194
300, 30.994201, 26.422967, 34.508733, 19.929143
301, 34.281133, 27.033567, 35.880514, 19.155285
302, 37.431768, 27.721733, 45.926536, 21.565852
303, 40.290334, 28.472367, 54.304780, 21.920193
304, 42.919100, 29.019600, 51.904239, 20.921690
305, 45.317167, 29.364467, 52.382278, 20.790020
306, 47.571633, 29.388867, 52.086742, 20.285414
307, 49.856567, 29.234233, 52.701250, 19.921747
308, 52.279333, 28.946700, 52.996970, 19.771709
309, 54.805067, 28.593700, 53.943869, 18.728289
310, 57.094400, 28.257667, 55.186947, 18.856789
311, 59.121200, 27.967167, 55.793236, 18.931015
312, 60.879700, 27.669900, 55.890607, 19.086016
313, 62.353300, 27.375267, 55.493471, 18.735774
314, 63.844333, 27.135233, 59.932214, 18.704194
315, 65.339233, 26.993233, 69.545443, 18.485425
316, 66.947400, 26.873833, 71.972129, 18.177879
317, 68.661700, 26.735333, 71.691357, 18.556945
318, 70.199634, 26.601000, 71.210934, 18.554188
319, 71.485067, 26.478467, 71.430628, 17.667270
320, 72.394033, 26.391967, 71.000458, 17.474319
321, 72.884967, 26.312467, 70.739994, 17.520377
322, 73.090767, 26.328100, 70.135114, 17.551378
323, 73.049233, 26.391300, 69.520420, 17.743417
324, 72.859167, 26.389600, 69.183418, 17.839960
325, 72.617100, 26.370367, 68.680973, 17.680091
326, 72.239800, 26.293100, 68.105743, 17.492129
327, 71.509433, 26.095767, 66.418517, 16.434542
328, 70.687800, 25.817900, 52.718753, 78.904569
329, 70.687800, 25.817900, 52.718753, 78.904569
330, 70.687800, 25.817900, 52.718753, 78.904569
331, 70.687800, 25.817900, 52.718753, 78.904569
332, 53.157950, 19.114700, 40.836772, 1.438081
333, 45.241505, 15.633501, 23.896105, -2.554384
334, 38.020231, 12.272233, 14.908037, 2.678556
335, 30.731130, 8.858598, 5.946528, -1.971396
336, 23.691226, 5.885399, 1.269368, -4.346314
337, 18.270000, 3.741850, 0.714010, -4.446228
338, 11.657961, 1.377666, 3.583698, -5.102396
339, 6.797535, 0.459267, 2.936663, -4.843007
340, 2.101299, 0.202733, 1.792914, -4.453711
341, -2.295870, -0.276563, -6.050567, -4.380665
342, -6.064936, -0.576702, -9.812072, -4.748812
343, -9.156301, -0.674832, -10.153894, -5.170183
344, -11.568034, -0.837083, -10.150806, -5.593946
345, -13.366801, -0.997233, -9.348115, -5.062744
346, -14.581100, -1.168945, -7.638734, -5.129387
347, -15.404467, -1.216966, -6.676928, -4.916392
348, -15.897867, -1.176198, -5.960337, -4.853789
349, -16.174733, -1.120953, -5.565590, -4.814547
350, -16.208733, -1.000483, -5.092104, -4.909740
351, -15.706967, -0.782330, -3.159086, -4.683801
352, -14.761534, -0.478904, -3.357257, -2.736709
353, -13.199501, 0.143529, -3.159380, -0.627474
354, -10.820800, 1.075800, -2.744296, -1.030276
355, -7.734170, 2.360200, -2.183226, -1.770656
356, -4.108833, 3.839767, -0.765161, -1.108856
357, -0.709667, 5.185233, 1.785740, -0.327645
358, 2.615634, 6.453733, 2.956379, -0.096833
359, 5.655868, 7.419633, 3.498073, -0.340298
360, 8.229633, 8.398400, 11.900124, 0.043802
361, 10.645801, 9.451200, 21.840134, 0.970247
362, 12.352433, 10.584900, 23.095433, 1.122924
363, 13.550333, 11.483267, 21.788851, 1.279168
364, 14.817367, 12.159367, 21.153716, 0.738181
365, 15.811500, 12.840733, 20.962723, 0.666841
366, 16.901200, 13.434433, 20.898336, 0.693706
367, 18.242200, 13.829233, 21.252671, 0.728267
368, 20.204931, 14.306100, 21.689050, 0.458896
369, 23.418231, 14.875800, 23.160771, 0.376670
370, 28.258532, 15.367100, 33.895976, 0.311536
371, 34.154527, 15.605733, 50.100621, 2.096036
372, 40.493702, 15.528833, 60.592585, 4.652569
373, 46.890904, 15.133967, 70.811956, 4.150668
374, 53.131403, 14.709500, 69.522444, 3.437981
375, 58.944304, 14.508833, 68.125731, 3.295334
376, 64.240733, 14.328167, 67.231552, 4.022020
377, 69.434801, 13.887233, 68.322311, 3.641288
378, 74.553968, 12.973000, 76.562114, 2.036360
379, 79.581132, 11.811667, 87.103962, 0.769560
380, 84.668264, 10.881900, 97.594939, -0.133932
381, 90.107517, 10.147533, 106.187853, -0.032511
382, 95.856502, 9.498633, 110.296095, 0.432101
383, 101.528384, 8.842033, 108.265023, -0.445071
384, 107.053881, 8.132067, 109.266921, 0.412354
385, 112.347806, 7.496133, 110.543719, 0.426353
386, 117.226956, 7.063467, 114.520514, 0.668635
387, 121.326496, 6.012827, 125.939897, -0.735757
388, 125.325709, 5.387667, 139.502107, -0.806369
389, 129.098183, 5.408767, 151.424975, 4.095579
390, 132.895107, 5.503667, 154.194294, 7.403721
391, 136.654003, 5.574633, 154.248187, -2.778914
392, 140.436283, 5.618767, 151.954691, -3.045121
393, 144.294584, 5.574333, 151.469789, -2.779549
394, 148.094817, 5.469233, 151.293671, -2.502274
395, 151.821717, 5.291600, 162.737928, -2.839895
396, 155.412403, 5.082633, 172.554176, -2.580371
397, 158.795558, 4.904100, 172.413882, -3.155854
398, 161.920783, 4.684867, 171.213405, -3.075242
399, 163.957232, 4.506700, 169.868416, -3.101221
400, 165.968284, 4.218000, 169.566811, -3.151220
401, 168.033687, 3.835000, 170.027292, -2.940656
402, 169.727990, 3.459700, 169.893006, -3.025162
403, 171.098340, 3.326100, 169.863586, -2.955300
404, 172.074837, 3.308467, 169.514490, -3.340280
405, 172.749703, 3.442600, 169.112053, -3.514141
406, 173.367173, 3.612733, 169.502095, -3.191090
407, 174.070193, 3.680267, 169.794209, -2.969788
408, 174.875690, 3.719433, 170.204720, -3.065159
409, 175.740463, 3.656767, 169.711780, -3.257095
410, 176.404570, 3.415600, 172.831610, -3.999409
411, 176.766753, 3.231300, 178.557465, -4.173935
412, 176.871807, 3.128000, 178.423925, -4.580468
413, 176.777007, 3.025400, 177.929167, -4.852056
414, 176.482293, 3.019767, 177.467981, -4.756600
415, 176.011070, 3.017300, 177.028752, -4.726353
416, 175.338730, 3.051967, 176.352789, -4.667670
417, 174.634597, 3.175200, 176.181068, -4.704140
418, 174.030827, 3.202667, 176.188198, -5.185516
419, 173.670153, 3.238433, 176.019257, -5.306140
420, 173.575860, 3.207567, 176.308949, -5.557820
421, 173.537480, 3.044400, 176.642501, -5.579302
422, 173.375380, 2.793100, 176.147656, -17.258446
423, 173.375380, 2.793100, 176.147656, -17.258446
424, 172.067827, 2.196000, 166.687745, -10.673729
425, 171.035547, 1.923000, 162.043489, -15.947164
426, 169.792607, 1.579533, 158.741739, -14.478500
427, 168.175850, 1.034333, 158.437564, -14.162733
428, 165.919708, 0.095330, 156.260331, 3.251588
429, 163.407050, -1.282674, 156.937845, -22.615008
430, 163.407050, -1.282674, 156.937845, -22.615008
431, 163.407050, -1.282674, 156.937845, -22.615008
432, 152.397650, -13.248490, 140.373662, 24.192982
433, 151.243813, -15.725224, 160.159930, -36.808640
434, 149.863867, -19.155031, 160.132816, -43.315852
435, 148.888897, -21.947903, 159.973131, -44.125278
436, 148.173437, -24.479514, 160.326297, -42.816720
437, 147.828250, -26.724723, 159.964855, -42.168630
438, 147.732313, -28.627220, 159.473941, -40.955287
439, 147.758510, -30.611533, 160.167911, -42.014264
440, 147.881550, -32.542073, 159.816233, -42.115195
441, 147.868890, -34.520317, 159.653589, -42.270700
442, 147.545680, -36.453614, 158.687296, -42.675923
443, 146.978430, -38.121503, 149.352971, -52.825013
444, 146.044610, -39.720463, 139.935275, -60.625271
445, 144.952630, -41.095237, 138.467830, -61.154144
446, 143.687193, -42.120670, 138.167480, -62.080028
447, 142.293440, -42.963953, 137.587638, -61.183639
448, 140.713181, -43.417797, 137.309155, -60.612357
449, 139.692310, -43.927747, 137.704786, -60.736640
450, 138.561414, -44.493083, 137.860848, -60.495984
451, 137.046724, -45.243240, 136.970505, -60.417606
452, 134.639635, -46.057183, 135.806848, -60.702087
453, 131.153198, -46.837017, 133.469493, -60.917084
454, 127.336072, -47.507430, 132.147797, -61.267719
455, 123.172586, -48.267913, 130.777657, -61.497098
456, 118.322386, -49.355626, 117.796713, -64.542192
457, 112.503095, -50.679000, 94.932896, -69.384770
458, 105.878966, -52.048667, 67.934256, -71.347390
459, 99.268210, -53.248677, 56.591635, -72.796391
460, 93.076604, -53.886633, 61.378199, -72.495121
461, 87.413836, -54.240733, 65.068981, -72.168415
462, 82.075565, -54.628823, 65.420747, -72.204141
463, 77.028764, -55.035353, 66.873113, -72.555353
464, 72.298000, -55.410290, 60.793124, -72.165592
465, 67.851900, -55.577633, 39.491587, -72.427407
466, 63.569836, -55.852433, 32.675344, -72.059038
467, 59.128335, -56.412097, 33.699995, -72.582284
468, 54.707967, -57.064770, 34.697913, -72.418499
469, 50.609965, -57.829907, 36.184530, -72.862148
470, 46.793168, -58.729383, 36.127828, -73.331469
471, 43.136632, -59.796060, 34.777845, -73.630701
472, 39.821566, -61.023977, 34.779007, -73.987639
473, 36.629834, -62.452820, 30.348106, -74.086324
474, 33.447968, -64.008207, -0.063156, -76.773282
475, 30.479767, -65.480800, -16.404092, -77.683231
476, 28.013699, -66.675573, -13.577381, -77.383949
477, 26.340200, -67.701907, -10.404513, -77.286319
478, 25.354267, -68.745103, -8.061056, -77.129932
479, 25.464600, -69.659280, -7.545817, -77.523050
480, 27.189060, -70.538383, -0.518726, -77.703387
481, 31.913013, -71.478150, 4.360607, -78.635644
482, 42.185626, -72.253893, 96.043944, -86.621622
483, 57.576588, -72.133923, 149.568869, -74.938414
484, 72.822646, -71.076244, 161.191547, -67.616180
485, 86.229008, -69.332890, 167.530010, -67.048082
486, 97.624865, -67.037177, 167.584096, -68.289945
487, 107.053138, -64.465430, 166.975303, -68.472497
488, 114.482748, -61.940136, 166.707199, -68.862810
489, 120.308423, -59.946513, 166.800418, -69.601248
490, 124.741006, -58.545793, 171.036595, -67.025597
491, 128.030473, -57.894767, -179.877928, -66.361139
492, 131.177610, -58.148623, -172.341014, -67.296982
493, 133.945848, -58.606970, -174.004942, -68.134062
494, 135.632523, -59.199570, -175.034994, -69.338551
495, 136.628877, -59.665513, -176.353329, -70.064495
496, 137.351790, -60.112297, -175.997493, -70.768133
497, 138.144953, -60.527070, -176.027638, -70.588639
498, 138.997330, -60.668643, -175.192327, -68.999802
499, 139.978660, -60.574333, -177.172449, -68.850306
500, 140.937977, -60.444457, -178.134489, -67.992082
501, 142.005647, -60.235883, -179.105304, -67.524357
502, 143.198557, -59.935677, 179.585601, -68.002702
503, 144.411240, -59.612813, -179.225173, -68.904172
504, 145.900640, -59.259370, -179.555369, -67.759494
505, 147.511160, -58.972783, -179.991096, -66.887172
506, 148.806153, -58.610443, -178.949027, -66.922960
507, 149.757673, -58.206443, -178.170603, -66.210675
508, 150.632527, -57.850780, -178.555748, -65.524579
509, 151.529143, -57.588277, -178.455251, -65.787049
510, 152.402197, -57.204437, -179.061267, -66.047219
511, 153.091527, -56.782510, 178.167389, -65.493254
512, 153.449400, -56.334813, 179.541255, -64.775641
513, 153.692767, -56.031553, 178.678213, -65.185187
514, 153.870580, -55.916887, 179.009435, -64.930462
515, 153.929303, -55.834223, 179.739113, -65.045649
516, 153.895233, -55.771660, 179.981107, -65.259570
517, 153.775510, -55.753763, -179.220502, -65.433286
518, 153.611960, -55.788880, -179.380710, -65.495039
519, 153.392857, -55.788867, -179.460356, -65.611632
520, 153.194670, -55.766880, -179.151984, -65.471989
521, 152.930743, -55.780067, -179.102696, -65.339550
522, 152.684517, -55.753677, -179.206692, -65.064951
523, 152.335493, -55.809840, -179.002946, -64.766837
524, 151.986363, -55.974430, -178.317826, -64.734283
525, 151.538120, -56.170133, -177.707541, -65.257621
526, 150.954030, -56.404017, -176.891968, -66.017774
527, 150.489850, -56.725610, -177.160638, -66.711900
528, 150.158090, -57.092047, 178.084771, -65.648174
529, 150.164120, -57.357707, 175.019482, -63.640155
530, 150.553057, -57.606573, 174.304081, -63.611401
531, 151.014027, -57.772363, 175.187663, -63.770599
532, 151.379450, -57.828530, 175.641346, -63.834231
533, 151.632133, -57.831453, 175.997008, -63.835361
534, 151.720313, -57.785560, 175.437079, -63.944452
535, 151.669110, -57.781123, 174.509557, -63.701561
536, 151.822543, -57.864283, 174.583289, -63.899407
537, 152.053950, -57.859083, 174.234622, -63.917112
538, 152.516837, -57.617163, 174.841589, -64.025652
539, 153.525066, -56.984770, 175.038725, -63.388635
540, 154.937800, -56.096700, 175.395437, -63.086442
541, 156.602611, -54.958047, 176.117484, -62.861689
542, 157.742437, -54.062767, 177.021041, -62.597304
543, 158.731380, -53.301400, 177.697196, -62.376108
544, 159.520777, -52.664150, 177.198102, -62.498942
545, 160.004520, -52.177300, 175.654434, -62.977442
546, 160.157470, -51.827173, 175.304652, -63.134042
547, 160.189790, -51.743430, 176.832752, -63.441434
548, 160.197257, -51.766687, 176.755366, -63.718905
549, 160.391957, -51.703453, 176.110034, -64.668356
550, 160.612267, -51.452793, 174.903465, -63.894303
551, 160.624137, -51.453963, 175.923640, -64.224043
552, 160.453150, -51.671490, 176.588741, -64.557745
553, 160.129530, -51.941023, 176.633108, -64.612851
554, 159.656023, -52.295487, 175.670939, -64.579229
555, 159.166403, -52.522303, 175.215556, -64.530601
556, 158.680983, -52.666583, 174.317738, -64.873857
557, 158.378133, -52.837363, 174.622638, -64.184517
558, 158.336977, -53.045330, 175.859535, -64.594265
559, 158.330603, -53.218507, -173.946262, -67.270671
560, 158.430383, -53.304277, -169.198235, -67.708103
561, 158.499130, -53.576940, -170.111792, -67.797184
562, 158.254273, -53.973270, -169.587412, -68.004705
563, 157.605037, -54.414987, -169.864111, -67.944268
564, 157.070243, -54.794417, -169.376517, -67.910890
565, 156.638487, -55.170083, -170.310567, -67.822979
566, 156.412813, -55.472220, -170.669517, -67.978179
567, 156.284120, -55.490153, -171.490884, -68.158508
568, 156.200600, -55.400123, -171.279569, -67.672768
569, 156.263910, -55.485053, -170.836537, -67.197994
570, 156.117520, -55.697723, -171.283257, -67.292653
571, 155.728530, -55.949740, -170.828073, -67.465341
572, 155.371637, -56.154440, -171.189856, -67.781290
573, 155.141957, -56.207140, -171.697533, -67.614713
574, 155.137840, -56.146240, -170.996972, -67.297990
575, 155.488213, -55.964990, -170.125212, -67.115554
576, 156.018320, -55.712470, -169.546871, -67.199193
577, 156.614507, -55.380537, -169.637577, -67.148658
578, 156.961673, -55.070527, -169.390325, -66.713850
579, 157.086403, -54.756020, -169.761310, -67.053447
580, 157.303503, -54.406920, -169.772015, -66.756082
581, 157.614993, -54.060153, -169.929468, -66.833862
582, 157.876983, -53.683523, -170.121700, -66.716587
583, 158.078217, -53.318913, -169.792635, -66.663774
584, 158.305710, -53.049863, -178.882350, -65.736223
585, 158.514153, -52.788357, 172.986852, -63.726297
586, 158.550030, -52.549187, 173.107858, -63.925204
587, 158.618350, -52.413270, 173.318598, -63.894238
588, 158.744047, -52.363210, 173.724168, -64.075273
589, 158.733340, -52.355097, 174.132245, -64.411824
590, 158.643860, -52.310023, 174.051923, -64.448027
591, 158.479697, -52.344290, 174.207980, -64.663207
592, 158.463070, -52.305857, 174.356430, -64.710853
593, 158.427360, -52.155033, 174.475317, -64.605983
594, 158.238853, -51.933783, 174.075525, -64.473993
595, 158.011560, -51.738793, 174.924033, -64.627821
596, 157.652667, -51.655700, 175.291685, -64.907934
597, 157.063300, -51.561343, 174.492871, -64.823448
598, 156.548197, -51.564017, 174.507152, -65.206531
599, 156.029820, -51.466557, 174.428112, -65.075089
600, 155.725440, -51.403610, 174.916365, -65.178938
