1, -163.341100, 6.633500, -159.011182, -0.019767
2, -163.341100, 6.633500, -159.011182, -0.019767
3, -162.074900, 6.432300, -158.750672, 0.015928
4, -160.753767, 6.239400, -157.736463, -0.013350
5, -159.965333, 6.073700, -157.290279, -0.902957
6, -159.220833, 5.887733, -157.145101, -1.357133
7, -158.509400, 5.697200, -156.947498, -0.491555
8, -157.868167, 5.550867, -156.994399, -0.842809
9, -157.340300, 5.450333, -157.032061, -1.650945
10, -156.917933, 5.415667, -157.138326, -1.525196
11, -156.592733, 5.459167, -156.968471, -0.381485
12, -156.387867, 5.568400, -157.056213, -0.152237
13, -156.302200, 5.722833, -157.249199, -0.131495
14, -156.296700, 5.879000, -157.790335, -0.320003
15, -156.334000, 5.998000, -158.349682, -0.590220
16, -156.431033, 6.067267, -158.352106, -0.502956
17, -156.562333, 6.107567, -158.497895, -0.830510
18, -156.728167, 6.092367, -161.634404, -8.629837
19, -156.927333, 6.056267, -160.236325, -16.439343
20, -157.145833, 6.055633, 178.168260, -13.616894
21, -157.400700, 6.094967, -179.357786, -3.114996
22, -157.663633, 6.165233, -177.689096, -1.890813
23, -157.948800, 6.251300, -175.360688, 0.035642
24, -158.195250, 6.333500, -174.955835, 0.128918
25, -158.480733, 6.454133, -176.003389, -0.702439
26, -158.850433, 6.584400, -174.561626, 0.185015
27, -159.281233, 6.654400, -174.565239, 0.480441
28, -159.723400, 6.686833, -175.545406, -0.036899
29, -160.169867, 6.713800, -174.629059, 0.869826
30, -160.638800, 6.796800, -174.984064, 0.841690
31, -161.098767, 6.927833, -175.799930, 0.096087
32, -161.553133, 7.070833, -176.252189, -0.159685
33, -162.061567, 7.161967, -176.066897, 0.152983
34, -162.635267, 7.065967, -176.925206, -0.565252
35, -163.276633, 6.783300, -176.211346, -0.582981
36, -163.989233, 6.411067, -175.421037, -0.268894
37, -164.798333, 5.966167, -175.416194, -1.075004
38, -165.726367, 5.561767, -174.051401, 0.252416
39, -166.838333, 5.295167, -173.963057, 0.563063
40, -168.081467, 5.234200, 178.682104, -3.133417
41, -169.350100, 5.292833, 175.925353, -5.330642
42, -170.610860, 5.393833, 177.378943, -4.032790
43, -171.847100, 5.472433, 177.742325, -3.972451
44, -172.984640, 5.421033, 177.779134, -5.051796
45, -174.015153, 5.273633, 177.392423, -5.035555
46, -174.989680, 5.086033, 178.361983, -3.877249
47, -175.931153, 4.950467, 177.087331, -4.761332
48, -176.840357, 4.898467, 177.045896, -4.483213
49, -177.749177, 4.876200, 177.645867, -3.180906
50, -178.701140, 4.882900, 178.057265, -2.184836
51, -179.706950, 4.953833, 172.897049, -5.435532
52, 179.242430, 5.080967, 172.309987, -5.206027
53, 178.182500, 5.309133, 172.058304, -5.217851
54, 177.104830, 5.598667, 172.492315, -4.055665
55, 176.008323, 5.834100, 171.387223, -5.724241
56, 174.904297, 6.061433, 171.158857, -6.027437
57, 173.762160, 6.297633, 172.129203, -3.775988
58, 172.549720, 6.475733, 172.296902, -3.061245
59, 171.255753, 6.586567, 171.611177, -4.280028
60, 169.895997, 6.652800, 171.201629, -4.228404
61, 168.504033, 6.764433, 170.412622, -3.886247
62, 167.118040, 6.908700, 160.713431, -4.945168
63, 165.718527, 7.025300, 155.209149, -2.788846
64, 164.387343, 7.056300, 154.215687, -4.272890
65, 163.151327, 6.949567, 154.386979, -4.887694
66, 161.986193, 6.732967, 154.614476, -4.902460
67, 160.901470, 6.460867, 154.630394, -4.929874
68, 159.909303, 6.183633, 155.921631, -2.233212
69, 158.947240, 5.992500, 156.392525, -1.890065
70, 157.997067, 5.977533, 154.701856, -4.128399
71, 157.026997, 6.100933, 145.909605, -3.637144
72, 156.044873, 6.258233, 139.328040, -2.792414
73, 155.095010, 6.430833, 140.594724, -1.964430
74, 154.142253, 6.626067, 141.693954, -2.844152
75, 153.202773, 6.829967, 143.574855, -1.443554
76, 152.316860, 7.014867, 144.861112, -1.006733
77, 151.485253, 7.192200, 144.128916, -2.177230
78, 150.685207, 7.367000, 144.658927, -1.299523
79, 149.907347, 7.487733, 144.810408, -0.378962
80, 149.185080, 7.569833, 144.126023, -1.387594
81, 148.461000, 7.673967, 143.461314, -1.795278
82, 147.685480, 7.757800, 143.230006, -1.544154
83, 146.860810, 7.790267, 133.911213, -3.623344
84, 145.992573, 7.815133, 128.111402, -1.789563
85, 145.086787, 7.905267, 126.425035, -2.648374
86, 144.096173, 7.990733, 125.663340, -2.843396
87, 143.084807, 8.040633, 126.192834, -3.228380
88, 142.083053, 8.120267, 128.638959, -2.190195
89, 141.043087, 8.295900, 130.470286, -1.802508
90, 139.947177, 8.602533, 130.511681, -1.551771
91, 138.824583, 9.058967, 131.005421, -0.462854
92, 137.655627, 9.568833, 121.553383, 0.096885
93, 136.395413, 10.072167, 112.051871, 1.244613
94, 135.023940, 10.627567, 114.066606, 2.002515
95, 133.472503, 11.192367, 114.611700, 1.462259
96, 131.838173, 11.618100, 118.217694, 2.321057
97, 130.261703, 11.930700, 118.567306, 1.374615
98, 128.760197, 12.215367, 118.758014, 1.349007
99, 127.323473, 12.434467, 116.657148, 2.040122
100, 126.010480, 12.563267, 104.739426, 1.760023
101, 124.817970, 12.567533, 103.475962, 1.863583
102, 123.761943, 12.479633, 105.390970, 2.419304
103, 122.872267, 12.392700, 107.244373, 2.767497
104, 122.191593, 12.371467, 108.734542, 2.534480
105, 121.750133, 12.408267, 111.813766, 4.252933
106, 121.560813, 12.473267, 111.584087, 3.019294
107, 121.613583, 12.587867, 112.125218, 3.274064
108, 121.863333, 12.727133, 113.035879, 3.113777
109, 122.305317, 12.871067, 112.448867, 1.185679
110, 122.858830, 12.983800, 123.537265, -23.999248
111, 122.858830, 12.983800, 123.537265, -23.999248
112, 124.361307, 13.243833, 114.204720, -12.797815
113, 125.455640, 13.376300, 134.332096, -10.201562
114, 126.777407, 13.393300, 146.080137, -1.358413
115, 128.275563, 13.398967, 151.472238, 0.864252
116, 129.838173, 13.368833, 150.364868, 3.697407
117, 131.384670, 13.292967, 150.020813, 4.862448
118, 132.888720, 13.312633, 155.209209, 0.707568
119, 134.694477, 13.480300, 153.159903, 3.729387
120, 136.619177, 13.651800, 155.095870, 3.565116
121, 138.053955, 13.649800, 159.596387, 3.510135
122, 139.532210, 13.545433, 163.951223, 2.678338
123, 141.312683, 13.341167, 166.714487, 0.130838
124, 143.069730, 13.097333, 169.609733, -1.867366
125, 145.111454, 12.716925, 166.130792, 0.990005
126, 146.913185, 12.388450, 168.581127, -0.645103
127, 148.806982, 12.248450, 166.590688, 0.867225
128, 150.920133, 12.255200, 170.687241, 0.615728
129, 152.698083, 12.221567, 176.204749, 1.454351
130, 154.500207, 11.991167, 176.931697, 0.946889
131, 156.136520, 11.517033, 176.421235, 0.979001
132, 157.492220, 10.905100, 176.351163, 0.737691
133, 158.585643, 10.264667, -179.050933, -2.330802
134, 159.542467, 9.577400, 178.205325, -2.248621
135, 160.558843, 9.002467, 175.881747, 0.749748
136, 161.779900, 8.240200, 177.475511, -0.574793
137, 163.196960, 7.220533, -179.642089, -4.072903
138, 164.683427, 5.975000, 178.980149, -9.052868
139, 166.277280, 4.667033, -175.627952, -20.729541
140, 167.937637, 3.488867, -168.485190, -33.305741
141, 169.499310, 2.341900, -176.846729, -22.710665
142, 170.927593, 1.449900, -175.701584, -25.313925
143, 172.354883, 1.329667, -176.928525, -20.170179
144, 173.767220, 1.658800, -177.418729, -17.541547
145, 175.000087, 1.826133, -175.246261, -25.062620
146, 176.014000, 1.766700, -176.446960, -19.758656
147, 176.838867, 1.503500, -176.256347, -17.119167
148, 177.468483, 1.187200, -175.901667, -24.694665
149, 177.953627, 1.130433, -175.586322, -24.827125
150, 178.437253, 1.346167, -175.800335, -18.602236
151, 179.071010, 1.551067, -176.038108, -21.087340
152, 179.774097, 1.735867, -177.289041, -20.867970
153, -179.476317, 1.966100, -179.120529, -13.415539
154, -178.722063, 2.186467, -175.501390, -4.003484
155, -178.052277, 2.520900, -176.474060, -3.979459
156, -177.537130, 3.124800, -176.060581, -2.478043
157, -177.194407, 3.909267, -175.910480, -1.124407
158, -176.922490, 4.736167, -175.954546, -0.925389
159, -176.612750, 5.789200, -177.241651, -2.398432
160, -176.292533, 7.185801, -179.760537, -0.662030
161, -176.059260, 8.405800, -179.426573, 0.064350
162, -175.920143, 9.331000, -178.008103, 3.439579
163, -175.829110, 10.042367, -178.972729, 1.902442
164, -175.768450, 10.382867, -178.502719, 2.473040
165, -175.820173, 10.575400, -179.874791, 0.815491
166, -175.950680, 10.937533, -179.884127, 1.037589
167, -175.975007, 11.508900, -179.063195, 2.291715
168, -175.851453, 11.995800, -179.555564, 0.936059
169, -175.552490, 12.140300, 179.748721, -0.935291
170, -175.084230, 12.086100, -179.444656, -0.212289
171, -174.537043, 12.009500, -178.812843, 0.177161
172, -173.969543, 11.959733, -178.520868, 0.162731
173, -173.406260, 12.024733, -177.764924, 0.803557
174, -172.808193, 12.108633, -178.094173, -0.097634
175, -172.068350, 12.211533, -172.839996, 1.278678
176, -171.187433, 12.318467, -163.656552, 0.140272
177, -170.117397, 12.419800, -163.712903, 2.321585
178, -168.880300, 12.551133, -163.559035, 2.516688
179, -167.500467, 12.637033, -162.978489, 2.825512
180, -165.986000, 12.694267, -162.885062, -0.439784
181, -164.417967, 12.725100, -162.057148, 1.505337
182, -162.856267, 12.758600, -162.115374, 1.342975
183, -161.386100, 12.772167, -162.767156, -0.334877
184, -160.052400, 12.725267, -162.454062, 0.081366
185, -158.858800, 12.521600, -163.385111, -1.568519
186, -157.805067, 12.283800, -162.404744, -0.601946
187, -156.833667, 12.015267, -162.602172, -0.978988
188, -155.906467, 11.765533, -164.402553, -3.077474
189, -155.088350, 11.620900, -151.652863, -14.698415
190, -155.088350, 11.620900, -151.652863, -14.698415
191, -152.250900, 11.481550, -157.944100, -27.751111
192, -151.053667, 11.490333, -135.317696, -21.435249
193, -149.500167, 11.501800, -123.733193, -5.079105
194, -147.831767, 11.531100, -124.860293, -0.908681
195, -146.055067, 11.593800, -121.742046, 1.241301
196, -144.186900, 11.649000, -120.412898, 1.913257
197, -142.280567, 11.749933, -120.383747, 2.586613
198, -140.533600, 11.953967, -120.031849, 2.124325
199, -139.015666, 12.193700, -118.269059, 1.038759
200, -137.649767, 12.465800, -121.092838, 3.025692
201, -136.402300, 12.645433, -119.199868, 0.766253
202, -135.208200, 12.713433, -119.773829, 0.505825
203, -134.029733, 12.738467, -123.062054, 2.561052
204, -132.847433, 12.758533, -121.276277, 0.152071
205, -131.647467, 12.746700, -123.039527, 1.421401
206, -130.425033, 12.702000, -123.135032, 0.219474
207, -129.216267, 12.741733, -123.831393, -1.419588
208, -128.038200, 12.787200, -124.243676, 0.128233
209, -126.796967, 12.862367, -116.683419, 2.659345
210, -125.509933, 12.960600, -101.589427, 0.092327
211, -124.211333, 12.939700, -102.933574, 1.822525
212, -122.835067, 12.776733, -104.702876, 3.442426
213, -121.382667, 12.615633, -104.958465, 3.596358
214, -119.903600, 12.499267, -105.112914, 3.389410
215, -118.354400, 12.496067, -103.606648, 1.691757
216, -116.688167, 12.567867, -104.431727, 2.513035
217, -114.939367, 12.600533, -105.008021, 2.212019
218, -113.175333, 12.615900, -105.061502, 2.452965
219, -111.413633, 12.661900, -105.063361, 2.043201
220, -109.647167, 12.710333, -103.018562, 1.269525
221, -107.877333, 12.748267, -93.842766, 3.675783
222, -106.138733, 12.824767, -86.677742, 1.995070
223, -104.453200, 12.967267, -89.631502, 4.319799
224, -102.858900, 13.105367, -89.916554, 3.895680
225, -101.335467, 13.187967, -90.102751, 4.405048
226, -99.903800, 13.192767, -90.653665, 4.224656
227, -98.556667, 13.159700, -89.949705, 2.041439
228, -97.271167, 13.181100, -91.053450, 3.308923
229, -96.068167, 13.166567, -89.484800, 0.446951
230, -94.958633, 12.988900, -81.965169, 4.798932
231, -93.931500, 12.691700, -80.045869, 4.400595
232, -93.012000, 12.376367, -80.186567, 3.859622
233, -92.136800, 12.236900, -80.090418, 3.566043
234, -91.250533, 12.270600, -78.504075, 1.613336
235, -90.370533, 12.344500, -80.695924, 3.401980
236, -89.544433, 12.387300, -79.900851, 1.626547
237, -88.722533, 12.393300, -79.390997, -0.256378
238, -87.884967, 12.393167, -81.075644, 2.769148
239, -87.024267, 12.380033, -75.476070, 3.987005
240, -86.106033, 12.330367, -62.479169, 0.326496
241, -85.090967, 12.171567, -61.098756, 0.668202
242, -83.975500, 12.031133, -61.657808, 0.859156
243, -82.810300, 12.034533, -66.434430, 3.477943
244, -81.622333, 12.160700, -65.547360, 3.242752
245, -80.406633, 12.324867, -64.954312, 2.203565
246, -79.158433, 12.425833, -66.776473, 4.092479
247, -77.873333, 12.460333, -65.036685, 1.282542
248, -76.582467, 12.473833, -66.457005, 2.361892
249, -75.284300, 12.515800, -62.283208, 2.190224
250, -73.927833, 12.616100, -55.866175, 5.401063
251, -72.517900, 12.718633, -53.887794, 4.901276
252, -71.056833, 12.803633, -53.946569, 4.342879
253, -69.541067, 12.907233, -54.600020, 5.199469
254, -67.938333, 13.089200, -52.429935, 3.379273
255, -66.244400, 13.301933, -53.447049, 4.704819
256, -64.444433, 13.404800, -53.896063, 4.077950
257, -62.514733, 13.495133, -47.804254, -4.565022
258, -60.433967, 13.775100, -44.588678, -12.415147
259, -57.416400, 14.307100, -42.570638, -7.497137
260, -55.889667, 14.514400, -34.112927, -7.343907
261, -53.630300, 14.592733, -24.697089, -3.709172
262, -51.490900, 14.356400, -24.528999, -0.226717
263, -49.470533, 14.031667, -20.763354, -0.036872
264, -47.432433, 13.808300, -24.042126, 4.039699
265, -45.365767, 13.754100, -21.259802, 4.554431
266, -43.310367, 13.910400, -18.777702, 4.754770
267, -41.315567, 14.209433, -18.539594, 4.033780
268, -39.292600, 14.485333, -17.813763, 3.561197
269, -37.361433, 14.712767, -17.346268, 4.168641
270, -35.601300, 14.807567, -18.219098, 4.500535
271, -34.052166, 14.756300, -17.175197, 3.326616
272, -32.678800, 14.598267, -16.539793, 2.749067
273, -31.504433, 14.279733, -12.891364, -0.574723
274, -30.526100, 13.883367, -16.046082, 2.945097
275, -29.669867, 13.503167, -10.990430, 3.582637
276, -28.878100, 13.219400, -9.015746, 3.367836
277, -28.102467, 12.986300, -4.581773, -0.678141
278, -27.343333, 12.799867, -6.964610, 1.386987
279, -26.577033, 12.646567, -7.655374, 1.865918
280, -25.817867, 12.527033, -6.325301, 0.868434
281, -25.012433, 12.494267, -4.872594, 0.136140
282, -24.164300, 12.600067, -6.889013, 1.448829
283, -23.285300, 12.766800, -8.560265, 3.083919
284, -22.391433, 12.868233, -6.725901, 2.868384
285, -21.518767, 12.862800, -5.870137, 1.493851
286, -20.715200, 12.739700, -2.348750, -1.908069
287, -20.032167, 12.587100, -1.760649, -1.979129
288, -19.447400, 12.452200, -2.877880, -0.387634
289, -18.890967, 12.356967, -2.841771, -0.537576
290, -18.377167, 12.381933, -4.219938, 0.710626
291, -17.914567, 12.522300, -5.778453, 2.501917
292, -17.503467, 12.710667, -4.648013, 1.004161
293, -17.102700, 12.889333, -3.327523, -1.352615
294, -16.659033, 13.088800, -3.005693, -1.513326
295, -16.156133, 13.291033, -2.892783, -1.288210
296, -15.566100, 13.496100, -3.508448, -0.819835
297, -14.890800, 13.683833, -4.606276, 0.795755
298, -14.173667, 13.796133, -5.204272, 1.169463
299, -13.468767, 13.917467, -4.394795, -2.066699
300, -12.808267, 13.992833, -3.934253, -2.089444
301, -12.246400, 14.066567, -4.550157, -1.154440
302, -11.795233, 14.123533, -4.986659, 0.536976
303, -11.465800, 14.109233, -5.058760, 0.889695
304, -11.235533, 14.069967, -4.875214, -0.842285
305, -11.040000, 14.072333, -5.075880, -0.250387
306, -10.860233, 14.108300, -5.014587, -0.654452
307, -10.694867, 14.162967, -4.941355, -0.533096
308, -10.497567, 14.275333, -4.877847, -0.474132
309, -10.254767, 14.383467, -5.051595, -0.397414
310, -10.006900, 14.391300, -5.308522, -3.602302
311, -9.716200, 14.317467, -4.597519, -3.049514
312, -9.354867, 14.246200, -2.000872, -5.211243
313, -8.904300, 14.213567, -0.620813, -0.209646
314, -8.394100, 14.172467, -0.722748, 1.222739
315, -7.864367, 14.099567, 0.023501, -1.610391
316, -7.277867, 13.999533, 0.174614, -0.637511
317, -6.622033, 13.852300, 0.088303, 0.095065
318, -5.908233, 13.688333, 0.006131, -0.370444
319, -5.155967, 13.473067, 0.051356, -1.037487
320, -4.433000, 13.268900, -0.023000, -2.590961
321, -3.697600, 13.169600, 3.272616, -0.333013
322, -2.879067, 13.161267, 12.703648, 2.701654
323, -2.002000, 13.191833, 21.328782, 0.602093
324, -1.086700, 13.168800, 21.354335, 1.341063
325, -0.153600, 13.065500, 19.185880, 3.450124
326, 0.779467, 12.893900, 22.446488, 0.932423
327, 1.660100, 12.729567, 21.387952, 2.929755
328, 2.510933, 12.566233, 26.951702, 3.896410
329, 3.339633, 12.422433, 28.288235, 4.141663
330, 4.140267, 12.284400, 31.654149, 1.237389
331, 4.932100, 12.148100, 35.715407, 0.152113
332, 5.733200, 12.041567, 31.408627, 1.843752
333, 6.532700, 11.980267, 29.296348, 2.681677
334, 7.327567, 11.978767, 28.861026, 2.719241
335, 8.101533, 11.996900, 31.422116, 1.010776
336, 8.861200, 12.048033, 32.744817, 0.511759
337, 9.591867, 12.192433, 30.739906, 1.965719
338, 10.242667, 12.406433, 30.291786, 2.064918
339, 10.774267, 12.643267, 29.465217, 1.990819
340, 11.244300, 12.803000, 30.522831, 0.283964
341, 11.703233, 12.922633, 29.256788, 1.772008
342, 12.133433, 13.002467, 29.481125, 1.858124
343, 12.542433, 12.995400, 29.514511, 1.377359
344, 12.978367, 12.869100, 27.323369, 3.595869
345, 13.463933, 12.623833, 33.192640, 3.007899
346, 14.013100, 12.346500, 37.795474, 2.016367
347, 14.605133, 12.059067, 39.685540, 1.102373
348, 15.276733, 11.825467, 38.083468, 1.418635
349, 16.020167, 11.701067, 37.671202, 2.025285
350, 16.852967, 11.680600, 39.279603, 1.377531
351, 17.765967, 11.668467, 43.049680, -2.006944
352, 18.727867, 11.600633, 39.049393, 2.111066
353, 19.763133, 11.464733, 38.129673, 2.381278
354, 20.873300, 11.280900, 41.531212, 1.523867
355, 22.059767, 11.081333, 44.942985, 1.039151
356, 23.309600, 10.898567, 45.289926, 1.228599
357, 24.618300, 10.711567, 45.573139, 0.969011
358, 25.939067, 10.546733, 46.202970, 0.701965
359, 27.262200, 10.485600, 48.037688, 0.136491
360, 28.567000, 10.499467, 51.471124, 1.178643
361, 29.835267, 10.572600, 53.167591, 2.609093
362, 31.075467, 10.690700, 52.772966, 2.388109
363, 32.286000, 10.808433, 52.521154, 2.934998
364, 33.457267, 10.875267, 53.658693, 1.675853
365, 34.600633, 10.890467, 55.295330, 0.985515
366, 35.689500, 10.947300, 51.645161, 2.027297
367, 36.757000, 11.036267, 52.631467, 1.877083
368, 37.820667, 11.167033, 51.258240, 1.933263
369, 38.860467, 11.290333, 53.070142, 0.310117
370, 39.899133, 11.413933, 51.944876, 0.603286
371, 40.940500, 11.553467, 51.708616, 2.372497
372, 41.981600, 11.769367, 59.755475, 6.440084
373, 43.029467, 12.002333, 65.518249, 6.409282
374, 44.046000, 12.302033, 63.659870, 8.107793
375, 45.000400, 12.616967, 64.367985, 7.256661
376, 45.913200, 12.952100, 63.612305, 7.515603
377, 46.900000, 13.358700, 64.636223, 6.525680
378, 47.756900, 13.765900, 72.066228, -21.449242
379, 49.126150, 14.608850, 59.258563, -0.269613
380, 49.823700, 15.100650, 70.618344, -4.557630
381, 51.248500, 16.166400, 73.516118, 11.189338
382, 52.175133, 16.869833, 73.080416, 15.107725
383, 53.292300, 17.745800, 73.078615, 19.340247
384, 54.400433, 18.697733, 75.480430, 18.728533
385, 55.521500, 19.792700, 74.297928, 20.648737
386, 56.729567, 20.857033, 77.895154, 22.676359
387, 58.070467, 21.713033, 77.947984, 23.977681
388, 59.577933, 22.427000, 79.680362, 22.838867
389, 61.154600, 22.925100, 78.336546, 22.702563
390, 62.717200, 23.302433, 77.505708, 22.257260
391, 64.371100, 23.533200, 78.694744, 22.246466
392, 66.104833, 23.573767, 85.752559, 21.848935
393, 67.853767, 23.547133, 94.129146, 19.152007
394, 69.614167, 23.522333, 94.410442, 18.715981
395, 71.341867, 23.447667, 93.511557, 19.420450
396, 72.995000, 23.465633, 93.754690, 19.341821
397, 74.801300, 23.620900, 93.162817, 19.226723
398, 76.712234, 23.554967, 95.554082, 18.309815
399, 78.494900, 23.381433, 100.035767, 17.134831
400, 80.173200, 23.217900, 105.621272, 15.584928
401, 81.804633, 22.969833, 108.936728, 13.060486
402, 83.384733, 22.668533, 107.815037, 13.636315
403, 84.848767, 22.332367, 107.043890, 13.881401
404, 86.127267, 21.953767, 105.360482, 14.492490
405, 87.258167, 21.547533, 106.414360, 13.463872
406, 88.333467, 21.142000, 110.086688, 10.957287
407, 89.505567, 20.649833, 112.269435, 7.998482
408, 90.738918, 20.180667, 112.796110, 7.293533
409, 92.073930, 19.696633, 112.399395, 7.220995
410, 93.499663, 19.073067, 111.917483, 7.041325
411, 94.911071, 18.400467, 111.387188, 7.233724
412, 96.056982, 17.788433, 111.112554, 7.005138
413, 96.873838, 17.224600, 111.012265, 6.325760
414, 97.365401, 16.773100, 114.056954, 3.556717
415, 97.566563, 16.432567, 116.482390, 3.971347
416, 97.602000, 16.215333, 116.546964, 4.130817
417, 97.512467, 16.125267, 117.716590, 2.361151
418, 97.359892, 16.064933, 114.655969, 4.404758
419, 97.177636, 16.049800, 113.376255, 4.706798
420, 96.978241, 16.084833, 112.426282, 4.349919
421, 96.752122, 16.125500, 112.532782, 3.757007
422, 96.503012, 16.226600, 112.529771, 2.997886
423, 96.231336, 16.366267, 110.570442, 3.755130
424, 95.872258, 16.521133, 109.287243, 3.263518
425, 95.381577, 16.755467, 107.031383, 4.233346
426, 94.707078, 17.085333, 105.239278, 4.567176
427, 93.872834, 17.460233, 103.328430, 4.473512
428, 92.795893, 17.857100, 98.855600, 7.287168
429, 91.479218, 18.315200, 94.157965, 8.904021
430, 90.015462, 18.831100, 92.937165, 10.689895
431, 88.324134, 19.290567, 91.600094, 12.426713
432, 86.358267, 19.758433, 89.714690, 10.968030
433, 84.006134, 20.226600, 82.868989, 5.541583
434, 82.174300, 20.471700, 84.119293, 9.298221
435, 82.174300, 20.471700, 84.119293, 9.298221
436, 82.174300, 20.471700, 84.119293, 9.298221
437, 70.464534, 20.612233, 63.365584, 1.998115
438, 65.987050, 20.398600, 51.920293, 3.854292
439, 62.726099, 20.147100, 44.656379, 6.004198
440, 59.173267, 19.834467, 41.066422, 9.260079
441, 55.820567, 19.537167, 21.900883, 2.198731
442, 52.459599, 19.228233, 21.722621, 2.591794
443, 49.289366, 18.967833, 23.179960, 5.034122
444, 46.296700, 18.692600, 21.146390, 5.707842
445, 43.377200, 18.355867, 9.532356, 0.883101
446, 40.557200, 17.906167, 5.250661, 1.875334
447, 37.916733, 17.439033, 11.892621, 6.321979
448, 35.511600, 17.021500, 10.141053, 5.284729
449, 33.250066, 16.686000, 10.811365, 4.885838
450, 31.155700, 16.487100, 9.721112, 3.536183
451, 29.273300, 16.354333, 9.277368, 5.364070
452, 27.542767, 16.178533, -5.914194, -0.710233
453, 25.875467, 15.960433, -10.202564, -2.269690
454, 24.211067, 15.782167, -4.238599, 1.407492
455, 22.557700, 15.690533, -7.054625, -0.501606
456, 20.939600, 15.614267, -5.498593, -0.964448
457, 19.324000, 15.507633, -1.664807, 2.745687
458, 17.722633, 15.397467, -5.433347, -0.146027
459, 16.149000, 15.238867, -1.705640, 2.461714
460, 14.617600, 15.081833, -1.097821, 2.565049
461, 13.141600, 14.975433, -3.050011, 0.369463
462, 11.754533, 14.882533, -0.524889, 2.813649
463, 10.456167, 14.774233, -3.300978, 1.481601
464, 9.228900, 14.688300, -9.852416, -2.388423
465, 8.067733, 14.613500, -8.859357, -1.426627
466, 6.922533, 14.536100, -7.543034, -0.439021
467, 5.758533, 14.447533, -7.060343, 0.053230
468, 4.565233, 14.355267, -5.756275, 1.783939
469, 3.363000, 14.250567, -5.644583, 1.228186
470, 2.149767, 14.137467, -5.671334, 1.022311
471, 0.902700, 14.047200, -5.563384, 1.806978
472, -0.366200, 13.995500, -5.891547, 1.935918
473, -1.607967, 13.982333, -6.893028, 0.356336
474, -2.817733, 13.981900, -6.544540, 1.044714
475, -4.019233, 14.046967, -6.869691, 0.962333
476, -5.164100, 14.115433, -6.885699, 1.398964
477, -6.256667, 14.173933, -6.325572, 3.570398
478, -7.312900, 14.227733, -6.310610, 3.224871
479, -8.335600, 14.224400, -7.005960, 0.143017
480, -9.324600, 14.204567, -6.381449, 2.447635
481, -10.261333, 14.180933, -6.363553, 2.623490
482, -11.126233, 14.127833, -6.563284, 0.006647
483, -11.949067, 14.063467, -6.638990, -0.547912
484, -12.715200, 13.982700, -6.520012, 1.912814
485, -13.411533, 13.944300, -6.439347, 3.278502
486, -14.044800, 13.934067, -6.166701, 2.349876
487, -14.628400, 13.958700, -5.273839, -0.233544
488, -15.135267, 14.072100, -5.226327, 0.152125
489, -15.605533, 14.262933, -5.449467, 0.310212
490, -16.067133, 14.462767, -6.012102, 1.702946
491, -16.543267, 14.632167, -11.597923, -1.398175
492, -17.032600, 14.757367, -20.942729, -3.317212
493, -17.516867, 14.837433, -25.515760, -3.787897
494, -17.987700, 14.909200, -26.035847, -4.729354
495, -18.417767, 14.971667, -26.902176, -7.939793
496, -18.794967, 15.030933, -26.829028, -8.064640
497, -19.118667, 15.062300, -26.344391, -7.471951
498, -19.415700, 15.111033, -24.860345, -5.437546
499, -19.645367, 15.166233, -23.511618, -3.012899
500, -19.815900, 15.225400, -23.199066, -3.974295
501, -19.930433, 15.292400, -23.182899, -2.125551
502, -20.007167, 15.355000, -19.999683, 7.706731
503, -20.045733, 15.395467, -18.404255, 10.209534
504, -20.067667, 15.420567, -18.121741, 8.712648
505, -20.082467, 15.433300, -15.846791, 10.384536
506, -20.077467, 15.434267, -12.172312, 13.755047
507, -20.076533, 15.380467, -11.391772, 13.237850
508, -20.050067, 15.310600, -10.104007, 11.726178
509, -19.992567, 15.253267, -10.346393, 11.965457
510, -19.911133, 15.211200, -10.233416, 11.995486
511, -19.780233, 15.201533, -10.068969, 11.814070
512, -19.610700, 15.220300, -10.653456, 12.242855
513, -19.421900, 15.235200, -15.453050, 15.324247
514, -19.174967, 15.263667, -19.939161, -4.845410
515, -18.857900, 15.319850, -17.273468, -1.101557
516, -18.543150, 15.373400, -33.807811, 6.975544
517, -18.261000, 15.389467, -30.808610, 18.844079
518, -17.901200, 15.404200, -26.028166, 20.106013
519, -17.479133, 15.390900, -25.479092, 20.277251
520, -17.021800, 15.327133, -23.952556, 19.541298
521, -16.520233, 15.297400, -22.727074, 19.304066
522, -15.990267, 15.287033, -23.864358, 18.602140
523, -15.450700, 15.306767, -24.394839, 17.652836
524, -14.932467, 15.350500, -16.588049, 18.890293
525, -14.416033, 15.415300, -5.194245, 21.160094
526, -13.900567, 15.530733, -2.081704, 21.816857
527, -13.400833, 15.684833, -0.661321, 21.217358
528, -12.907267, 15.845767, 0.275995, 20.964451
529, -12.438967, 15.987233, -1.507494, 21.301037
530, -11.968500, 16.088133, -0.755575, 21.092624
531, -11.496600, 16.170333, 0.271930, 20.615981
532, -11.007467, 16.228767, 1.241953, -0.547553
533, -11.007467, 16.228767, 1.241953, -0.547553
534, -11.007467, 16.228767, 1.241953, -0.547553
535, -11.007467, 16.228767, 1.241953, -0.547553
536, -8.831567, 16.460933, -0.499290, -6.817222
537, -8.238767, 16.509633, -10.882637, -3.192170
538, -7.636767, 16.550267, -5.801751, 6.155193
539, -7.021333, 16.583067, -2.895536, 15.066582
540, -6.402633, 16.640700, -2.999906, 16.109605
541, -5.784533, 16.701833, -3.070813, 16.200696
542, -5.169933, 16.750700, -2.566418, 15.849930
543, -4.569567, 16.764233, -2.353419, 15.402075
544, -3.992133, 16.774400, -2.084057, 15.200450
545, -3.420767, 16.779567, -1.757580, 15.058646
546, -2.866033, 16.793767, -1.275373, 15.840322
547, -2.337833, 16.784167, -0.721037, 15.775260
548, -1.873700, 16.727200, -0.560607, 15.854927
549, -1.518700, 16.620200, -0.389045, 15.434841
550, -1.306767, 16.479167, -0.411989, 15.347569
551, -1.249367, 16.245000, -0.511958, 15.576571
552, -1.301133, 15.849600, -0.880184, 14.655362
553, -1.439100, 15.321367, -2.505723, 13.500376
554, -1.632933, 14.718167, -3.011974, 13.298205
555, -1.910467, 14.088800, -2.709144, 14.399620
556, -2.248167, 13.539400, -10.308897, -6.178572
557, -2.248167, 13.539400, -10.308897, -6.178572
558, -2.248167, 13.539400, -10.308897, -6.178572
559, -3.310500, 12.461000, 3.061788, -13.497763
560, -3.601000, 12.353000, 1.053891, -3.588375
561, -3.897233, 12.273100, -2.780617, -15.903023
562, -4.298133, 12.176167, -2.841958, -2.723586
563, -4.773767, 12.081800, -2.937402, 2.286216
564, -5.301733, 11.955133, -3.306382, 1.796290
565, -5.861067, 11.681100, -2.834709, 4.665538
566, -6.476300, 11.226500, -3.188584, 4.268427
567, -7.213367, 10.665867, -3.367845, 2.313100
568, -8.096400, 10.109400, -3.463136, 3.882776
569, -9.063700, 9.527267, -4.239328, 4.795301
570, -10.118300, 9.013267, -4.857738, 3.887301
571, -11.229333, 8.714200, -5.398188, -0.712043
572, -12.321900, 8.644067, -5.201163, -0.829606
573, -13.331900, 8.801100, -5.880580, 0.570631
574, -14.120467, 9.144900, -5.572573, 0.755556
575, -14.728800, 9.603467, -5.497383, 1.435448
576, -15.128867, 10.108500, -5.120664, 1.877306
577, -15.295867, 10.552500, -2.529870, -0.268053
578, -15.284067, 10.869167, -2.808022, 0.207535
579, -15.126200, 11.026700, -6.781147, -0.898130
580, -14.882533, 11.086567, -12.243980, -2.793517
581, -14.650400, 11.107233, -11.835402, 0.308863
582, -14.431633, 11.124400, -11.905381, -0.845052
583, -14.261700, 11.128867, -11.790149, -1.746031
584, -14.156533, 11.108300, -11.688254, -1.876446
585, -14.083867, 11.034900, -11.519543, -1.677186
586, -14.077300, 10.951900, -12.474961, -2.524706
587, -14.125300, 10.872533, -13.262757, -3.538015
588, -14.214100, 10.807167, -12.878124, -2.340211
589, -14.338567, 10.741767, -12.751866, -1.969259
590, -14.470367, 10.656000, -12.723414, -2.043684
591, -14.581800, 10.594300, -12.855719, -2.286334
592, -14.671967, 10.544600, -12.894540, -2.199694
593, -14.767233, 10.458100, -12.637048, -2.116090
594, -14.924467, 10.337300, -12.692691, -2.146073
595, -15.169200, 10.199633, -17.785042, -4.751522
596, -15.447400, 10.074033, -22.408414, -5.692528
597, -15.725067, 9.951333, -20.962554, -3.065378
598, -15.974767, 9.858600, -20.021797, -1.970929
599, -16.157833, 9.801967, -20.101437, -3.272449
600, -16.234100, 9.746400, -20.103122, -3.508980
