1, 135.590620, 11.564800, 136.065665, -2.731760
2, 135.590620, 11.564800, 136.065665, -2.731760
3, 135.605830, 11.498800, 136.126360, -2.449317
4, 135.604743, 11.453600, 136.320415, -1.467370
5, 135.612010, 11.418033, 136.173288, -2.406871
6, 135.605180, 11.400233, 136.073840, -2.742457
7, 135.595290, 11.377800, 135.982599, -2.738839
8, 135.601717, 11.341900, 135.991346, -2.624225
9, 135.596173, 11.274833, 136.040888, -2.544270
10, 135.573383, 11.211467, 136.001294, -2.528513
11, 135.556907, 11.165233, 135.998883, -2.509978
12, 135.553530, 11.129300, 135.989790, -2.440135
13, 135.542050, 11.097567, 135.942743, -2.322001
14, 135.521903, 11.068667, 135.970878, -1.987728
15, 135.494477, 11.064133, 135.765434, -2.416555
16, 135.474500, 11.055800, 135.600917, -2.639101
17, 135.454030, 11.052233, 135.671263, -2.269361
18, 135.437710, 11.058000, 135.755614, -1.956534
19, 135.411240, 11.082700, 135.799635, -1.849047
20, 135.411230, 11.084900, 135.748120, -2.056122
21, 135.432517, 11.099467, 135.663703, -2.145558
22, 135.437010, 11.114533, 135.664206, -2.089770
23, 135.450107, 11.114767, 135.501765, -2.011628
24, 135.460620, 11.131700, 135.391624, -2.046317
25, 135.456550, 11.135333, 135.264201, -2.263058
26, 135.436293, 11.148567, 135.170556, -2.418677
27, 135.317168, 11.269275, 128.990350, 0.245850
28, 135.001305, 11.421350, 119.210870, 10.382743
29, 134.529097, 11.525767, 115.314889, 12.762714
30, 133.777857, 11.622200, 116.276741, 11.899896
31, 132.654640, 11.736425, 117.015765, 12.038580
32, 131.335587, 11.860367, 112.039161, 10.783498
33, 130.148140, 11.923167, 111.712200, 10.783942
34, 128.948610, 11.965767, 114.786156, 11.514152
35, 127.761303, 12.027033, 113.812615, 11.741172
36, 126.646763, 12.071900, 116.080316, 12.006991
37, 125.605167, 12.153700, 117.209716, 11.925774
38, 124.656303, 12.278367, 115.454179, 10.711496
39, 123.794317, 12.385200, 116.449568, 11.384854
40, 122.987603, 12.426167, 116.850613, 11.508774
41, 122.256777, 12.406000, 115.239734, 10.441770
42, 121.634423, 12.360267, 115.624321, 10.487587
43, 121.038243, 12.255767, 117.122393, 10.890090
44, 120.453027, 12.155500, 117.280726, 10.939113
45, 119.930887, 12.172600, 117.401783, 11.104863
46, 119.445973, 12.270633, 117.746476, 11.049065
47, 118.964937, 12.437533, 118.201566, 11.090699
48, 118.438317, 12.680733, 117.861154, 10.709945
49, 117.868887, 12.930167, 117.518101, 11.175649
50, 117.291620, 13.169933, 116.784107, 11.272109
51, 116.770347, 13.394267, 115.814297, 9.886855
52, 116.313310, 13.552267, 112.936389, 6.842410
53, 115.903760, 13.724067, 114.070658, 8.730420
54, 115.587380, 13.964300, 113.431616, 8.386007
55, 115.406577, 14.351433, 113.389957, 8.984773
56, 115.363373, 14.823667, 114.417499, 11.210813
57, 115.436410, 15.407500, 116.139743, 16.748249
58, 115.658083, 16.103133, 116.003369, 16.423436
59, 115.986220, 16.913667, 115.927492, 15.160982
60, 116.475677, 17.883733, 117.497064, 17.469656
61, 117.071883, 18.985133, 118.319399, 18.776643
62, 117.664403, 20.066867, 122.158493, 23.155871
63, 118.258333, 21.009033, 123.302862, 23.810674
64, 118.736347, 21.818000, 123.033005, 23.677877
65, 119.175200, 22.653200, 124.690931, 24.970384
66, 119.720857, 23.663300, 129.288463, 30.360880
67, 120.344613, 24.924133, 130.428456, 31.932759
68, 120.991353, 26.294667, 130.701985, 32.179930
69, 121.694183, 27.734433, 130.456622, 32.033734
70, 122.583543, 29.329200, 133.338341, 35.318288
71, 123.614347, 30.988334, 134.939747, 36.721325
72, 124.590593, 32.528600, 134.208921, 36.689217
73, 125.463713, 33.879200, 133.149799, 36.321591
74, 126.292610, 35.049533, 133.554622, 36.081412
75, 127.115930, 36.088333, 133.699186, 36.238919
76, 127.946957, 36.990100, 133.764204, 35.487363
77, 128.769923, 37.695533, 133.348511, 34.973346
78, 129.613700, 38.312867, 134.069439, 35.923801
79, 130.438013, 38.933733, 133.724363, 34.234407
80, 131.140840, 39.468300, 133.665633, 34.347306
81, 131.622113, 39.974267, 130.038363, 35.672261
82, 131.955417, 40.604933, 120.839382, 31.978710
83, 132.179040, 41.349967, 127.963985, 40.414529
84, 132.185663, 42.057967, 132.562335, 42.259931
85, 132.061790, 42.704467, 134.202258, 43.491971
86, 131.899050, 43.338500, 133.936983, 43.583161
87, 131.755907, 43.999633, 133.755514, 43.185335
88, 131.709617, 44.609433, 134.156327, 43.482081
89, 131.774037, 45.117067, 134.521937, 43.957334
90, 131.920327, 45.543700, 134.590918, 43.993507
91, 132.220923, 45.889500, 135.025754, 44.030030
92, 132.572717, 46.156067, 136.276865, 45.652970
93, 132.968837, 46.381967, 136.263335, 45.731677
94, 133.390417, 46.587700, 136.545735, 45.769167
95, 133.802130, 46.777367, 136.789526, 45.768934
96, 134.204090, 46.945100, 137.164363, 45.882244
97, 134.635223, 47.169567, 135.634612, 45.933393
98, 135.069903, 47.400867, 132.842342, 46.024387
99, 135.447423, 47.610600, 133.668508, 46.298460
100, 135.844273, 47.793233, 134.486351, 46.573866
101, 136.209243, 47.840567, 134.998647, 46.462350
102, 136.505820, 47.743667, 133.067359, 45.171039
103, 136.920963, 47.485967, 128.832521, 32.340168
104, 137.450963, 46.909567, 131.054742, 25.508121
105, 137.955743, 45.987900, 145.985559, 29.901964
106, 138.612207, 44.890933, 148.294996, 24.354202
107, 139.034707, 43.729767, 146.899999, 31.423527
108, 139.434463, 42.590567, 147.253632, 31.311562
109, 139.707537, 41.444400, 147.364332, 30.168983
110, 139.840853, 40.270233, 146.939899, 31.132582
111, 139.871523, 38.983533, 148.288720, 29.191343
112, 139.912450, 37.532667, 149.526479, 26.551821
113, 140.012363, 35.890067, 150.637941, 24.514912
114, 140.156763, 34.138533, 151.058834, 24.099740
115, 140.380007, 32.282000, 152.347699, 21.684439
116, 140.723873, 30.275034, 152.508141, 20.701825
117, 141.242377, 27.992900, 151.561539, 13.724765
118, 141.850837, 25.433601, 148.028363, -9.097257
119, 141.850837, 25.433601, 148.028363, -9.097257
120, 141.850837, 25.433601, 148.028363, -9.097257
121, 143.954855, 16.534700, 140.164510, -19.161299
122, 144.425693, 13.799500, 140.933239, -20.158538
123, 144.872310, 10.350600, 140.918969, -23.237623
124, 145.173697, 6.841500, 142.959515, -22.529691
125, 145.243377, 3.114167, 140.439413, -32.159463
126, 145.141407, -0.593905, 138.350433, -34.183888
127, 144.917920, -3.891952, 141.312205, -30.057327
128, 144.577923, -6.852888, 138.222006, -32.845351
129, 144.262493, -9.309206, 137.941220, -33.569523
130, 143.985733, -11.205990, 135.191637, -36.825289
131, 143.834407, -13.019397, 136.225607, -34.559855
132, 143.849260, -14.915640, 136.494529, -35.542198
133, 144.021067, -16.651127, 131.472228, -42.941575
134, 144.374613, -18.244647, 130.766129, -45.945590
135, 144.820330, -19.714247, 127.177903, -50.673679
136, 145.433313, -20.963597, 135.053215, -44.090443
137, 146.142137, -22.040133, 127.933036, -51.295138
138, 146.777320, -23.040393, 135.889275, -44.550482
139, 147.361443, -24.096800, 136.874733, -43.855435
140, 147.876707, -25.201567, 132.225381, -48.379072
141, 148.325733, -26.350823, 135.338730, -46.030700
142, 148.779130, -27.460987, 133.721011, -47.825521
143, 149.226427, -28.559370, 130.239440, -49.568438
144, 149.682453, -29.684180, 133.422803, -48.535431
145, 150.164863, -30.745313, 141.134675, -49.380160
146, 150.703487, -31.655263, 146.363528, -60.717908
147, 151.384733, -32.436347, 149.258845, -64.970148
148, 152.280993, -33.185030, 146.051663, -70.072736
149, 153.346263, -33.931690, 158.127609, -55.068458
150, 154.505910, -34.760420, 157.009141, -61.418884
151, 155.729960, -35.623727, 157.854464, -64.244341
152, 157.041470, -36.382987, 161.581740, -50.056311
153, 158.406276, -37.036080, 159.242029, -62.512338
154, 159.697627, -37.635167, 154.399204, -69.806242
155, 160.993627, -38.135147, 154.334033, -71.069226
156, 162.269727, -38.592020, 157.471565, -68.623507
157, 163.509257, -39.001993, 155.006582, -70.954000
158, 164.842747, -39.431250, 155.625563, -70.784725
159, 166.353910, -39.927623, 155.679758, -69.491634
160, 168.062127, -40.504980, 163.483661, -65.297331
161, 169.863663, -41.242680, 162.966600, -67.959000
162, 171.738003, -42.103503, 178.126108, -65.137981
163, 173.717167, -42.959170, -174.782631, -68.286868
164, 175.688138, -43.668130, -169.170924, -59.745798
165, 177.738168, -44.047647, -165.543032, -74.921124
166, 179.766894, -44.097227, -168.537007, -67.961827
167, -178.415070, -44.041713, -164.347946, -70.344980
168, -176.879200, -44.301703, -165.250544, -70.899122
169, -175.603690, -44.891103, -163.234848, -75.468585
170, -174.538007, -45.712167, -161.182708, -75.043979
171, -173.692023, -46.440723, -161.534168, -77.531246
172, -172.980830, -46.821707, -163.891288, -71.414888
173, -172.325080, -46.853213, -160.603533, -71.489354
174, -171.663160, -46.759107, -153.018792, -70.246860
175, -170.955843, -46.691477, -155.565510, -61.835689
176, -170.176900, -46.885117, -154.065917, -65.421718
177, -169.315333, -47.214833, -152.811980, -66.325412
178, -168.411733, -47.428303, -150.762607, -68.116499
179, -167.492100, -47.560083, -148.601589, -70.196352
180, -166.645000, -47.510867, -148.257839, -69.903924
181, -165.898067, -47.507200, -151.947112, -65.036757
182, -165.239533, -47.652653, -152.807928, -63.816794
183, -164.584800, -47.858917, -152.576564, -65.321550
184, -163.914500, -48.010090, -155.077557, -61.959008
185, -163.274700, -48.123233, -156.747834, -60.330030
186, -162.750833, -48.188557, -157.001188, -59.326449
187, -162.268067, -48.164587, -157.251722, -59.562414
188, -161.709133, -48.089477, -157.569468, -59.931659
189, -161.106033, -48.031717, -156.987448, -59.796070
190, -160.342933, -48.053490, -157.037124, -60.417889
191, -159.426567, -48.084370, -156.148322, -59.553714
192, -158.034934, -48.040733, -155.846299, -59.820306
193, -156.212867, -47.936407, -154.113331, -59.794958
194, -154.060934, -47.683903, -152.766927, -60.284190
195, -151.622633, -47.307660, -137.966984, -54.079423
196, -149.034033, -46.713153, -117.602679, -51.174911
197, -146.641333, -45.850320, -113.417452, -50.744246
198, -144.587300, -44.950847, -121.165995, -49.893691
199, -142.866766, -44.289443, -123.091677, -49.607580
200, -141.441433, -43.933213, -121.368771, -49.790723
201, -140.096900, -43.827313, -114.023430, -45.593702
202, -138.851733, -43.837083, -108.230066, -43.535099
203, -137.791500, -43.870697, -101.332073, -42.810215
204, -136.803433, -43.858067, -105.878856, -43.536714
205, -135.910867, -43.825420, -106.649563, -44.072291
206, -135.129833, -43.763927, -107.577569, -43.843977
207, -134.410533, -43.659297, -104.333305, -43.513944
208, -133.722967, -43.587983, -98.635685, -42.603499
209, -133.127600, -43.604343, -99.319299, -42.607479
210, -132.607267, -43.733963, -100.090705, -43.122633
211, -132.267133, -43.918320, -105.345785, -44.017263
212, -132.001233, -44.034547, -107.794982, -43.886621
213, -131.868633, -44.083440, -104.022814, -44.096086
214, -131.928200, -44.095973, -105.488204, -44.619134
215, -132.017833, -44.073097, -105.979519, -44.489696
216, -132.121700, -44.090797, -105.708158, -44.396459
217, -132.284000, -44.151610, -106.124811, -44.383695
218, -132.382933, -44.167857, -106.480596, -44.408524
219, -132.433033, -44.157090, -108.147820, -44.105129
220, -132.483833, -44.197767, -108.124589, -44.161964
221, -132.530367, -44.276320, -107.185212, -44.117428
222, -132.578300, -44.353310, -107.029524, -43.969742
223, -132.658000, -44.424697, -106.917391, -43.908018
224, -132.908600, -44.465643, -107.546582, -44.068473
225, -133.429533, -44.458603, -115.521326, -47.296126
226, -134.297833, -44.425157, -123.799506, -54.202604
227, -135.605833, -44.375473, -135.189853, -56.479556
228, -137.277700, -44.287600, -148.496889, -57.296210
229, -139.249467, -44.150087, -159.555208, -54.161487
230, -141.520600, -43.928913, -161.919235, -53.024591
231, -144.000667, -43.694880, -164.326865, -54.112333
232, -146.651700, -43.425483, -163.633664, -54.443099
233, -149.417300, -43.105113, -161.594293, -53.142805
234, -152.116134, -42.755803, -162.362799, -52.848694
235, -154.645600, -42.443597, -157.650027, -47.518189
236, -156.911167, -42.148960, -159.622436, -49.278216
237, -158.730800, -41.924660, -159.094210, -49.660248
238, -159.928600, -41.752773, -158.739108, -49.558740
239, -160.517400, -41.495117, -159.034085, -51.046115
240, -160.568833, -41.122203, -157.899322, -50.383921
241, -160.298667, -40.678090, -157.223393, -50.137539
242, -159.883967, -40.230057, -155.939225, -48.574712
243, -159.289833, -39.994717, -156.181816, -50.266240
244, -158.606500, -39.995383, -156.129754, -51.823595
245, -157.969000, -40.063697, -156.001354, -51.181112
246, -157.348533, -40.049303, -155.130109, -49.383270
247, -156.694967, -39.966220, -154.957131, -48.779127
248, -155.961800, -39.834060, -150.303798, -45.876970
249, -155.082567, -39.625033, -142.021264, -43.513018
250, -154.065000, -39.360760, -141.330698, -43.229997
251, -152.891367, -38.961867, -139.886078, -43.597084
252, -151.496967, -38.408250, -140.423945, -42.950005
253, -149.849867, -37.733263, -139.722405, -41.832432
254, -147.951367, -36.959970, -137.300520, -44.054138
255, -145.768667, -36.116187, -134.161625, -45.691705
256, -143.353434, -35.329053, -112.945857, -52.115869
257, -140.780667, -34.710720, -128.834135, -50.414426
258, -138.136834, -33.847780, -104.841394, -42.332237
259, -135.531234, -32.441434, -100.413139, -35.452286
260, -132.962467, -30.809050, -109.466543, -33.807448
261, -130.490000, -29.377096, -109.692605, -32.975602
262, -128.318367, -28.444977, -109.305076, -32.532889
263, -126.424533, -27.699310, -108.383515, -32.840812
264, -124.806167, -26.770463, -106.588816, -33.141415
265, -123.390233, -25.635487, -108.544590, -32.490872
266, -122.085633, -24.323593, -107.786069, -32.885336
267, -120.787533, -23.080073, -105.724609, -34.451901
268, -119.448767, -22.193350, -105.916476, -34.612435
269, -118.011800, -21.867397, -106.986966, -32.089481
270, -116.400600, -21.916837, -105.366578, -35.919436
271, -114.698034, -21.828430, -103.943115, -37.563962
272, -112.832567, -21.329103, -104.425708, -34.985727
273, -110.770867, -20.662220, -103.985299, -33.345954
274, -108.584100, -20.279607, -96.044894, -31.965316
275, -106.330533, -20.175000, -88.303442, -35.292675
276, -104.113400, -20.005240, -85.315540, -36.826497
277, -101.938733, -19.468487, -86.709629, -33.458047
278, -99.789834, -18.493393, -86.507933, -32.309147
279, -97.599133, -17.409923, -85.111221, -33.426895
280, -95.423534, -16.314833, -83.692067, -30.126325
281, -93.222067, -15.087637, -76.438713, -25.234974
282, -90.904867, -13.906770, -65.774877, -19.734445
283, -88.466267, -12.714150, -62.874521, -13.539102
284, -85.936167, -11.200193, -61.294238, -7.622956
285, -83.381967, -9.402848, -56.029647, -2.699825
286, -80.904066, -7.499806, -54.881168, -2.325158
287, -78.563533, -5.723817, -58.462388, -2.202810
288, -76.400633, -4.064383, -58.740068, -2.732886
289, -74.449066, -2.448206, -57.774090, -0.790567
290, -72.671900, -0.851360, -53.543892, 5.644962
291, -71.073500, 0.624500, -52.349588, 6.102619
292, -69.680967, 1.909100, -53.642362, 5.605852
293, -68.490067, 3.102000, -53.600392, 5.699771
294, -67.440267, 4.340033, -53.342599, 5.813019
295, -66.471267, 5.351600, -51.201480, 4.526408
296, -65.534267, 6.316800, -52.517561, 4.952439
297, -64.557900, 7.491600, -51.588208, 4.385132
298, -63.562567, 8.774067, -53.048198, 5.285022
299, -62.630733, 10.055333, -50.893377, 6.662510
300, -61.811600, 11.319667, -48.376881, 15.644127
301, -61.112300, 12.653133, -46.919002, 17.378791
302, -60.486767, 14.029933, -45.972371, 17.217891
303, -59.911100, 15.417967, -47.180630, 17.966184
304, -59.326633, 16.689700, -44.380634, 19.038067
305, -58.779167, 17.948000, -45.264564, 25.501513
306, -58.325933, 19.138333, -45.501066, 28.757860
307, -57.857333, 20.204633, -47.558912, 27.738529
308, -57.223267, 21.450500, -48.203122, 28.000835
309, -56.454033, 22.698833, -46.866756, 28.649090
310, -55.667967, 23.696700, -45.741523, 29.681516
311, -54.882900, 24.677067, -41.994013, 32.399041
312, -54.098233, 25.680600, -38.806393, 32.947829
313, -53.246200, 26.687167, -36.972955, 32.778798
314, -52.270567, 27.662367, -40.185632, 32.389422
315, -51.128800, 28.587933, -39.062829, 32.304862
316, -49.824433, 29.456367, -38.728298, 32.041209
317, -48.443400, 30.331433, -39.641623, 32.305108
318, -46.947700, 31.198200, -36.619317, 32.571046
319, -45.285600, 32.047967, -29.345931, 35.737280
320, -43.638400, 32.893500, -26.154535, 36.956506
321, -42.078367, 33.836267, -24.072847, 37.097673
322, -40.548467, 34.757133, -25.232120, 37.321900
323, -39.029100, 35.613233, -20.938941, 40.811633
324, -37.652900, 36.408833, -14.630182, 44.612464
325, -36.411633, 37.245967, -13.124479, 44.283500
326, -35.160567, 38.050433, -13.663670, 44.910161
327, -33.869467, 38.907967, -13.370128, 45.193322
328, -32.590633, 39.790900, -8.921209, 47.288226
329, -31.327300, 40.602733, -7.332683, 47.875888
330, -30.100100, 41.468200, -6.193981, 47.752717
331, -28.902467, 42.363133, -5.080127, 48.205322
332, -27.720067, 43.302433, -3.365388, 47.810315
333, -26.811333, 44.283433, -6.038817, 48.443699
334, -26.074367, 45.143333, -6.345776, 48.308482
335, -25.368567, 45.985267, -6.121964, 48.260603
336, -24.757200, 46.901867, -1.289067, 47.577915
337, -24.151167, 47.813133, -4.545068, 47.480466
338, -23.543933, 48.632233, -6.537460, 48.324312
339, -22.791167, 49.387233, -2.923342, 47.100125
340, -21.846133, 50.108667, -3.431544, 46.575249
341, -20.856800, 50.803300, -6.234848, 48.467910
342, -19.925033, 51.414033, -4.921288, 47.806016
343, -18.940167, 51.895733, 3.267867, 51.280401
344, -17.906067, 52.278900, 6.076216, 52.194171
345, -16.737500, 52.553633, 10.047293, 50.081961
346, -15.639100, 52.704900, 8.768631, 50.204845
347, -14.479800, 52.885567, 7.456965, 50.640625
348, -13.295800, 53.183567, 8.078072, 50.491976
349, -12.227333, 53.494500, 10.857524, 49.608527
350, -11.190900, 53.781500, 6.160345, 51.240542
351, -10.185833, 54.095767, 6.660228, 51.024668
352, -9.260967, 54.436633, 8.809164, 50.187177
353, -8.300300, 54.754000, 8.545662, 50.605313
354, -7.275600, 55.017700, 8.999415, 49.183751
355, -6.308567, 55.257800, -0.787417, 14.107875
356, -5.423633, 55.402767, 11.651852, 28.424311
357, -4.577033, 55.483667, 15.798478, 39.689748
358, -3.790933, 55.550800, 20.298913, 45.387391
359, -3.098200, 55.646333, 18.402434, 47.684524
360, -2.426933, 55.789467, 22.635890, 45.142893
361, -1.801800, 55.891967, 18.910397, 48.066479
362, -1.178900, 55.990067, 18.764204, 48.497459
363, -0.554900, 56.143833, 22.242596, 45.407253
364, 0.081700, 56.333500, 21.526715, 46.282844
365, 0.827233, 56.557867, 21.977375, 45.904921
366, 1.769267, 56.796633, 21.774952, 46.138490
367, 2.873367, 57.051933, 21.668372, 46.763664
368, 4.163133, 57.229867, 22.195226, 45.685472
369, 5.490700, 57.327867, 22.247874, 46.399424
370, 6.847867, 57.342633, 27.955412, 45.154804
371, 8.187000, 57.306567, 29.531691, 43.722355
372, 9.477267, 57.204267, 31.947477, 39.682042
373, 10.751700, 57.091200, 30.585976, 41.961659
374, 11.965533, 56.975567, 29.308845, 43.400071
375, 13.091333, 56.843300, 31.619932, 39.804392
376, 14.156667, 56.762667, 30.689900, 40.251152
377, 14.807033, 56.619100, 29.387351, 43.346605
378, 15.205067, 56.489767, 29.836782, 39.773882
379, 15.390367, 56.369000, 30.473939, 37.710738
380, 15.477500, 56.271700, 30.222086, 38.734456
381, 15.550833, 56.177833, 30.044234, 39.327302
382, 15.632500, 56.077067, 30.188180, 38.932092
383, 15.786567, 55.998300, 29.878517, 39.324972
384, 16.002567, 56.001367, 30.441110, 38.894288
385, 16.307633, 56.019833, 30.520079, 38.491131
386, 16.828300, 56.056667, 30.217287, 39.984080
387, 17.527400, 56.163667, 29.477587, 41.308022
388, 18.205000, 56.371133, 28.949512, 43.718518
389, 18.722033, 56.530133, 28.824931, 43.060956
390, 18.968467, 56.575400, 29.035659, 39.912309
391, 18.932367, 56.483067, 29.015355, 40.019344
392, 18.710467, 56.374233, 28.717919, 40.609751
393, 18.450700, 56.359267, 28.561018, 41.521449
394, 18.272333, 56.454400, 28.212848, 42.310741
395, 18.219067, 56.664067, 28.105110, 42.143240
396, 18.230167, 56.937167, 28.010795, 42.404120
397, 18.163567, 57.131267, 27.882827, 42.519963
398, 17.968867, 57.187200, 25.167394, 43.227525
399, 17.748067, 57.108233, 18.137929, 44.634771
400, 17.532000, 56.977733, 18.020498, 44.705804
401, 17.398867, 56.923300, 18.928443, 47.286755
402, 17.318900, 56.907067, 18.928137, 47.483209
403, 17.359167, 56.945733, 19.013285, 47.728358
404, 17.474100, 57.026467, 19.022485, 47.588797
405, 17.519733, 57.154167, 19.052544, 47.899095
406, 17.531133, 57.293867, 18.941882, 48.112897
407, 17.466733, 57.421067, 18.960100, 48.307164
408, 17.279267, 57.564533, 18.867791, 48.899885
409, 17.028167, 57.687433, 18.450811, 48.943499
410, 16.678367, 57.767633, 17.903840, 48.318382
411, 16.290767, 57.842333, 18.663254, 48.219973
412, 15.931133, 57.994233, 13.987775, 35.408554
413, 15.703500, 58.170050, 17.216993, 35.164543
414, 15.496233, 58.376433, 16.733890, 39.236488
415, 15.280800, 58.544200, 16.454548, 44.950502
416, 15.136300, 58.665800, 16.225536, 47.207049
417, 14.979400, 58.795933, 16.376622, 48.122881
418, 14.764367, 58.939167, 15.715195, 47.817642
419, 14.510000, 59.071300, 15.044776, 47.236383
420, 14.206200, 59.154267, 14.722296, 47.099431
421, 13.928333, 59.155633, 14.855684, 47.465133
422, 13.811700, 59.081400, 14.750039, 46.807621
423, 13.731733, 58.950467, 14.656030, 46.869536
424, 13.757633, 58.787433, 15.212198, 47.283699
425, 13.819033, 58.644433, 13.924880, 48.018835
426, 13.751467, 58.558633, -1.180736, 44.656314
427, 13.340367, 58.514800, -13.155689, 46.746791
428, 12.496267, 58.443033, -22.773907, 44.540610
429, 11.352634, 58.367533, -24.213045, 43.882330
430, 9.860700, 58.201033, -24.540919, 42.832624
431, 8.170933, 58.035200, -26.995766, 39.048851
432, 6.313400, 57.901200, -26.234327, 40.091995
433, 4.434833, 57.757833, -25.224996, 41.154386
434, 2.649600, 57.606900, -24.468319, 41.006136
435, 1.010166, 57.474167, -22.788101, 41.796160
436, -0.447267, 57.363600, -20.590431, 43.829979
437, -1.880500, 57.234467, -20.975124, 42.809783
438, -3.055467, 57.058267, -18.663676, 44.871328
439, -4.071000, 56.946400, -17.675337, 44.611467
440, -4.984200, 56.863233, -16.127811, 45.268184
441, -5.643767, 56.757300, -13.224506, 47.620651
442, -6.121700, 56.701933, -13.370314, 45.400751
443, -6.513433, 56.677300, -12.868335, 44.277330
444, -6.795667, 56.619900, -12.505290, 44.046440
445, -6.938700, 56.609300, -10.886162, 46.210184
446, -6.938233, 56.627567, -9.196821, 48.686619
447, -7.005667, 56.606933, -9.295303, 47.870312
448, -7.163333, 56.507200, -9.765921, 46.772484
449, -7.485267, 56.449767, -13.683137, 46.508583
450, -8.013300, 56.430767, -14.269374, 45.969770
451, -8.681800, 56.428233, -13.890323, 46.845617
452, -9.340700, 56.471633, -14.253602, 46.529278
453, -9.996367, 56.507967, -13.447463, 47.688444
454, -10.571433, 56.531367, -13.087942, 48.733177
455, -11.043800, 56.561533, -13.303767, 48.014422
456, -11.398000, 56.602333, -13.253803, 47.468013
457, -11.629800, 56.662533, -13.381439, 46.933724
458, -11.495800, 56.713700, -11.977201, 47.604957
459, -10.598200, 56.807433, 0.080143, 42.074890
460, -9.125400, 57.011467, 8.260138, 43.860751
461, -7.398467, 57.257300, 15.112027, 35.903567
462, -5.661233, 57.484933, 17.731326, 40.136513
463, -4.055000, 57.691000, 16.958580, 41.840376
464, -2.691400, 57.863767, 15.262386, 44.945572
465, -1.541533, 57.977100, 15.306775, 44.008138
466, -0.680067, 58.037167, 15.234628, 40.975082
467, 0.065833, 58.076133, 13.773441, 45.049321
468, 0.451867, 58.182867, 13.463287, 44.526361
469, 0.394167, 58.301067, 13.661049, 41.649251
470, 0.019133, 58.368467, 12.755020, 41.962387
471, -0.528400, 58.424300, 8.511464, 44.087986
472, -1.162033, 58.486533, -4.655778, 43.025805
473, -1.886500, 58.516300, -7.896417, 42.223129
474, -2.573367, 58.556233, -7.393717, 43.779536
475, -3.182267, 58.586767, -8.589663, 42.316465
476, -3.725200, 58.600667, -8.209239, 43.475181
477, -4.184400, 58.622433, -7.947948, 43.634472
478, -4.541133, 58.613033, -7.695118, 43.791127
479, -4.891167, 58.592433, -7.409831, 43.982749
480, -5.253967, 58.583767, -9.413938, 43.755152
481, -5.637900, 58.554333, -14.074599, 41.942783
482, -5.995467, 58.486333, -13.121733, 43.098308
483, -6.437900, 58.406467, -12.585490, 44.188417
484, -6.945867, 58.322933, -12.887992, 43.739122
485, -7.462500, 58.201233, -12.376439, 44.712297
486, -8.074367, 58.090633, -11.735215, 45.525917
487, -8.690367, 57.976167, -12.544925, 44.585866
488, -9.305600, 57.828067, -12.669041, 44.919880
489, -9.898033, 57.697167, -11.925244, 46.077387
490, -10.384900, 57.593833, -11.756897, 46.082555
491, -10.759333, 57.501000, -11.620829, 45.599496
492, -11.009567, 57.427500, -12.019853, 44.584896
493, -11.160267, 57.361167, -11.405685, 44.918412
494, -11.240867, 57.293633, -10.842950, 45.276182
495, -11.290133, 57.228867, -10.548275, 45.443579
496, -11.366233, 57.153700, -8.543415, 45.677258
497, -11.474867, 57.086700, -6.772475, 44.259681
498, -11.605200, 57.025433, -7.242142, 42.321262
499, -11.732633, 56.965100, -7.129956, 41.569909
500, -11.842867, 56.922933, -6.806714, 41.861003
501, -11.904733, 56.908433, -6.706463, 41.754022
502, -11.923633, 56.921833, -6.354489, 42.197082
503, -11.922800, 56.960967, -6.110024, 42.356448
504, -11.948167, 57.032500, -6.063949, 42.607178
505, -12.008533, 57.074200, -5.893884, 42.642378
506, -12.397100, 57.053600, -6.108139, 42.491368
507, -12.860467, 56.948500, -6.312623, 42.331096
508, -13.312533, 56.827933, -6.440049, 42.098787
509, -13.719300, 56.720633, -6.492606, 41.949821
510, -13.995467, 56.648533, -6.195424, 43.104167
511, -14.159400, 56.578533, -5.748280, 43.195324
512, -14.272733, 56.517800, -5.375164, 43.106797
513, -14.296000, 56.456000, -5.106662, 43.004576
514, -14.376267, 56.361033, -5.148661, 42.633405
515, -14.564833, 56.209867, -5.192402, 42.736832
516, -15.144633, 55.979767, -5.613941, 42.659493
517, -16.362300, 55.702267, -6.613978, 42.535122
518, -17.802300, 55.188167, -6.584772, 42.387691
519, -19.091200, 54.519400, -7.025341, 41.424481
520, -20.122967, 53.868500, -10.002444, 33.918613
521, -20.776567, 53.272700, -11.606888, 26.190845
522, -21.189633, 52.736000, -12.976204, 23.268919
523, -21.453633, 52.222067, -13.493344, 21.236115
524, -21.632267, 51.636400, -13.107109, 21.583015
525, -22.005667, 50.908200, -12.900402, 20.299988
526, -22.718733, 50.030567, -13.302783, 22.686144
527, -23.490300, 48.987467, -13.374825, 22.882064
528, -24.175233, 47.871433, -13.037004, 17.961472
529, -24.777700, 46.828433, -12.785068, 17.346631
530, -25.199433, 45.913433, -13.583537, 21.801785
531, -25.370100, 45.109800, -13.286345, 18.045169
532, -25.324267, 44.475867, -13.475443, 19.494215
533, -25.175233, 43.946267, -13.598426, 24.014118
534, -25.069433, 43.396833, -15.086170, 16.084920
535, -25.059333, 42.790933, -19.316449, 4.692606
536, -25.150700, 42.078200, -20.243106, 4.253830
537, -25.301000, 41.418833, -20.371009, 8.334550
538, -25.483567, 40.865867, -19.720907, 6.176755
539, -25.610400, 40.385733, -19.270663, 3.626310
540, -25.658333, 39.998467, -19.615999, 4.744234
541, -25.675767, 39.697100, -19.814607, 11.065245
542, -25.708733, 39.450167, -19.810151, 12.477464
543, -25.833500, 39.229600, -19.599972, 11.590511
544, -26.064167, 38.987900, -19.539245, 8.955269
545, -26.347100, 38.722633, -19.802272, 11.294314
546, -26.615467, 38.490667, -20.208508, 12.676591
547, -26.824067, 38.263633, -19.953024, 12.217389
548, -26.964433, 38.086400, -19.726275, 11.906786
549, -27.048100, 37.959033, -19.680899, 10.310078
550, -27.075333, 37.858533, -19.710849, 11.853879
551, -27.018633, 37.769233, -19.757283, 16.568702
552, -26.965933, 37.704133, -19.644902, 18.904014
553, -26.958033, 37.670533, -19.894066, 19.049691
554, -27.026433, 37.636967, -19.583349, 17.536405
555, -27.177500, 37.587500, -19.526305, 15.986197
556, -27.347500, 37.530633, -19.821319, 17.330736
557, -27.495433, 37.472500, -19.227497, 18.568024
558, -27.592400, 37.437400, -15.382312, 20.723991
559, -27.616867, 37.458167, -12.705486, 17.862849
560, -27.640367, 37.505067, -11.691813, 14.457658
561, -27.636900, 37.562367, -11.663783, 13.465064
562, -27.625233, 37.580133, -11.828706, 13.976781
563, -27.619667, 37.589767, -10.819468, 10.350803
564, -27.656233, 37.595333, -10.896533, 10.574366
565, -27.748500, 37.603067, -10.708883, 10.522523
566, -27.878567, 37.600167, -9.793328, 7.463070
567, -28.026433, 37.586933, -8.671097, 4.771149
568, -28.184767, 37.568000, -11.495260, 12.771563
569, -28.342033, 37.546833, -13.776715, 17.177610
570, -28.489300, 37.522267, -11.367051, 9.981013
571, -28.624667, 37.527067, -12.968168, 15.595441
572, -28.772533, 37.545133, -13.690482, 18.036951
573, -28.903033, 37.569467, -13.025751, 15.889741
574, -28.997067, 37.572400, -13.287432, 16.587686
575, -29.112000, 37.553400, -12.604453, 14.142501
576, -29.222767, 37.562800, -12.289863, 11.699088
577, -29.350367, 37.583533, -12.999770, 6.671307
578, -29.519533, 37.630600, -15.371419, 12.712083
579, -29.705000, 37.680567, -14.972525, 12.042574
580, -29.895433, 37.735700, -14.546779, 11.070323
581, -30.063467, 37.812900, -15.212795, 13.476652
582, -30.240600, 37.898967, -16.011823, 14.908119
583, -30.438567, 37.988733, -16.262019, 14.670422
584, -30.630200, 38.063033, -16.809254, 21.675418
585, -30.796867, 38.130833, -16.172246, 31.701580
586, -30.967633, 38.206867, -13.956874, 29.816677
587, -31.111633, 38.285133, -14.306379, 29.295215
588, -31.264033, 38.354600, -15.560354, 31.356311
589, -31.405700, 38.437667, -15.155564, 30.889259
590, -31.535033, 38.548900, -18.408687, 32.680700
591, -31.674667, 38.645567, -28.717141, 36.787887
592, -31.820467, 38.728200, -39.455907, 37.895568
593, -31.957133, 38.835533, -46.868455, 36.165277
594, -32.091400, 38.928500, -44.330594, 37.742577
595, -32.216600, 39.016100, -47.354061, 36.153333
596, -32.316867, 39.064200, -49.076486, 35.256516
597, -32.412200, 39.097667, -48.677085, 35.732031
598, -32.475833, 39.153233, -48.095359, 36.287488
599, -32.545500, 39.218367, -47.661907, 37.024347
600, -32.600800, 39.252800, -47.492816, 37.346216
