1, 32.110500, 22.902600, 27.553497, -1.613172
2, 31.993600, 22.299700, 27.431451, -2.197356
3, 31.884067, 21.556867, 27.435124, -2.620901
4, 31.785325, 20.622300, 27.524925, -2.999197
5, 31.701050, 19.793800, 27.508967, -3.295212
6, 31.608333, 19.070567, 27.565219, -3.526526
7, 31.516233, 18.273967, 27.536573, -2.910777
8, 31.414433, 17.600400, 27.379377, -3.244381
9, 31.341833, 17.062600, 27.237537, -2.448686
10, 31.292933, 16.626633, 28.024908, -2.300937
11, 31.289867, 16.177433, 34.168736, -2.956274
12, 31.320575, 15.554300, 38.570999, -3.789054
13, 31.408633, 14.988833, 38.406030, -4.266135
14, 31.552100, 14.528000, 37.926951, -4.863080
15, 31.737800, 14.058500, 37.917714, -4.907645
16, 31.973433, 13.666367, 37.270029, -3.808677
17, 32.194200, 13.331567, 36.797798, -2.639789
18, 32.398500, 13.001067, 37.001155, -3.717573
19, 32.576133, 12.706933, 36.828116, -3.551849
20, 32.730567, 12.452500, 36.326580, -3.502981
21, 32.830667, 12.217400, 35.868092, -3.152732
22, 32.884350, 12.035400, 35.727570, -3.315943
23, 32.918800, 11.889833, 35.187783, -3.034304
24, 32.916167, 11.733467, 34.879060, -3.105142
25, 32.884100, 11.569000, 34.887528, -3.133830
26, 32.844100, 11.437367, 34.624365, -3.151918
27, 32.769733, 11.362633, 34.146284, -3.115892
28, 32.665000, 11.272967, 33.525231, -2.855165
29, 32.582800, 11.126167, 30.864914, -2.889780
30, 32.494000, 10.946267, 26.965263, -3.531410
31, 32.381433, 10.707833, 27.161590, -3.762916
32, 32.262733, 10.404700, 27.711517, -3.969407
33, 32.164733, 10.044467, 27.787181, -4.240199
34, 32.117000, 9.586367, 27.764731, -4.348663
35, 32.074600, 9.078267, 27.661215, -4.287645
36, 32.041700, 8.583133, 27.801495, -4.395810
37, 31.954100, 8.102500, 27.918936, -4.494106
38, 31.823567, 7.646400, 27.847494, -4.602226
39, 31.678200, 7.215067, 27.740921, -4.945244
40, 31.538633, 6.838900, 26.943297, -4.595359
41, 31.376200, 6.469300, 23.472559, -4.461840
42, 31.222967, 6.120067, 23.292099, -4.595507
43, 31.064667, 5.819700, 23.410360, -5.158902
44, 30.857467, 5.511233, 23.591764, -5.122024
45, 30.621767, 5.247300, 23.490931, -5.056169
46, 30.370733, 5.042100, 23.347062, -4.953349
47, 30.119067, 4.805367, 23.458958, -5.150253
48, 29.868033, 4.579333, 23.444131, -5.090859
49, 29.589933, 4.403267, 23.218845, -4.753603
50, 29.232833, 4.270300, 22.515616, -4.688422
51, 28.769267, 4.141767, 13.466384, -2.816318
52, 28.131300, 4.044867, 7.036467, -1.945809
53, 27.307767, 3.936767, 4.741652, -1.803727
54, 26.351067, 3.819533, 5.080791, -1.900985
55, 25.234133, 3.685567, 4.145648, -1.957629
56, 23.972833, 3.515500, 3.628493, -1.730278
57, 22.655967, 3.303233, 3.233359, -1.842807
58, 21.285867, 3.106133, 2.769927, -1.892296
59, 19.900767, 2.943800, 2.736324, -1.844879
60, 18.558533, 2.794033, 1.986989, -2.049543
61, 17.313467, 2.700867, 1.837823, -1.257432
62, 16.184567, 2.659133, 0.009687, -1.556133
63, 15.140300, 2.669967, -0.091015, -1.412801
64, 14.237433, 2.712367, 0.587537, -1.618794
65, 13.497500, 2.742400, 0.848577, -1.599407
66, 12.916133, 2.780000, 1.134826, -1.606242
67, 12.503767, 2.797633, 1.605263, -1.747762
68, 12.190467, 2.837300, 1.698435, -1.798143
69, 11.943300, 2.864700, 1.865346, -1.808638
70, 11.781533, 2.870200, 1.978741, -1.823355
71, 11.682600, 2.891767, 2.122944, -1.903911
72, 11.617133, 2.879100, 2.490474, -1.943515
73, 11.595933, 2.835133, 2.654655, -2.044307
74, 11.640467, 2.819300, 2.754814, -2.044767
75, 11.717200, 2.815500, 2.915117, -2.036962
76, 11.760200, 2.841633, 3.293194, -1.705378
77, 11.803867, 2.834367, 4.621066, 0.322426
78, 11.842933, 2.788700, 5.532883, 0.380909
79, 11.874033, 2.771533, 5.474005, 0.437526
80, 11.938800, 2.754233, 5.280279, 0.588788
81, 12.014767, 2.748733, 5.327477, 0.596066
82, 12.123467, 2.767767, 5.474207, 0.626834
83, 12.295933, 2.800100, 9.941160, 0.557827
84, 12.589333, 2.787533, 20.037989, 0.624743
85, 13.020833, 2.752167, 28.937107, 0.024753
86, 13.546767, 2.667967, 29.186189, -0.614463
87, 14.185233, 2.585133, 29.414427, -0.500383
88, 14.917533, 2.496400, 29.042141, -1.097624
89, 15.731567, 2.364433, 29.240744, -1.186878
90, 16.646667, 2.222533, 29.600776, -0.033576
91, 17.603567, 2.145900, 29.548210, 0.855719
92, 18.618833, 2.185633, 28.681371, 0.126514
93, 19.662367, 2.265067, 29.006960, -0.213549
94, 20.718500, 2.375500, 29.533476, 0.726439
95, 21.800433, 2.488533, 29.517372, -0.196882
96, 22.886400, 2.591900, 28.967940, -0.819832
97, 23.964333, 2.680633, 29.010993, -0.152932
98, 25.035867, 2.712367, 30.562093, 1.567822
99, 26.090900, 2.692800, 31.395807, 2.054244
100, 27.171900, 2.654933, 32.037574, 1.664824
101, 28.269767, 2.633133, 32.825268, 1.874270
102, 29.345633, 2.695767, 33.135900, 1.843092
103, 30.440967, 2.772767, 32.611049, 1.710240
104, 31.520800, 2.880467, 33.150732, 1.914451
105, 32.604667, 3.007267, 33.246431, 1.736294
106, 33.811533, 3.141433, 32.875835, 1.866364
107, 35.058433, 3.346733, 33.242466, 1.938555
108, 36.292733, 3.574433, 33.445036, 1.995402
109, 37.577333, 3.848267, 33.442295, 2.130889
110, 38.849300, 4.102700, 36.207916, 2.142579
111, 40.097800, 4.316900, 44.919791, 1.759827
112, 41.351400, 4.514100, 55.677919, 2.358023
113, 42.613800, 4.720367, 62.025309, 0.428346
114, 43.960167, 4.912233, 62.971550, 0.783346
115, 45.337533, 5.054400, 64.524373, 1.088876
116, 46.745767, 5.168467, 63.951556, 0.488178
117, 48.189967, 5.261167, 64.245440, 0.753944
118, 49.598667, 5.313300, 64.101289, 0.540470
119, 50.999333, 5.370033, 63.483404, -0.127773
120, 52.409500, 5.453267, 63.623990, 0.571443
121, 53.745400, 5.525500, 62.751892, 0.299377
122, 55.060233, 5.615233, 62.764938, 0.256003
123, 56.350033, 5.712833, 62.749912, 0.295198
124, 57.560767, 5.797600, 62.421524, 0.053916
125, 58.751433, 5.872333, 65.898519, 0.445492
126, 59.943800, 5.994667, 76.550424, 1.127925
127, 61.066167, 6.159700, 75.931695, 0.489908
128, 62.075633, 6.313500, 75.220607, 0.755427
129, 63.012667, 6.440967, 75.156572, 1.276344
130, 63.827167, 6.550200, 74.332722, 1.443336
131, 64.575633, 6.629500, 74.087106, 0.964253
132, 65.340533, 6.655633, 73.712714, 1.050502
133, 66.123167, 6.700133, 74.161028, 1.602445
134, 66.900067, 6.834967, 74.485885, 1.638210
135, 67.720467, 7.046733, 74.284750, 1.332513
136, 68.512133, 7.236767, 73.982268, 1.206930
137, 69.291500, 7.271100, 74.544430, 1.570011
138, 70.038033, 7.286467, 82.989037, 0.537595
139, 70.816067, 7.353833, 90.154742, -0.875716
140, 71.639767, 7.416367, 90.372180, -0.716928
141, 72.517800, 7.469167, 89.321045, -0.869695
142, 73.406400, 7.532900, 89.182899, -1.217374
143, 74.240200, 7.634167, 89.210004, 0.053746
144, 75.004433, 7.693467, 89.432056, 0.386295
145, 75.761000, 7.731200, 88.917279, 0.324249
146, 76.513267, 7.750933, 88.684243, 0.373355
147, 77.276200, 7.776933, 88.781473, 0.261619
148, 78.053533, 7.810067, 88.895059, 0.323614
149, 78.845533, 7.802900, 88.568793, -0.133560
150, 79.686167, 7.821733, 88.322915, -0.648100
151, 80.541967, 7.834333, 88.560480, -0.927790
152, 81.448167, 7.835367, 88.512638, -0.378053
153, 82.394633, 7.816233, 88.750442, -0.011459
154, 83.366400, 7.784267, 88.512701, -0.536358
155, 84.370667, 7.748967, 91.477056, -1.181152
156, 85.379133, 7.746400, 99.297910, -0.667700
157, 86.348800, 7.769667, 99.783124, 0.157971
158, 87.276900, 7.789733, 99.602730, -0.120438
159, 88.145200, 7.813967, 99.284933, -0.238698
160, 88.923133, 7.919800, 99.236649, 0.058099
161, 89.675367, 8.046233, 99.023068, 0.033805
162, 90.431764, 8.164800, 98.918440, -0.507327
163, 91.166568, 8.366300, 98.942379, -0.531495
164, 91.856607, 8.649767, 99.084087, -0.077121
165, 92.449212, 8.988367, 100.486757, 3.493426
166, 92.963392, 9.497833, 102.588962, 8.839321
167, 93.412508, 10.153033, 102.893531, 9.094023
168, 93.824655, 10.891733, 102.988813, 8.682227
169, 94.222744, 11.730033, 103.085272, 9.072619
170, 94.533760, 12.771733, 102.990167, 9.476502
171, 94.799250, 13.929067, 101.438944, 16.367982
172, 95.072483, 15.205733, 99.219713, 23.408553
173, 95.392781, 16.451400, 98.317599, 24.002445
174, 95.845829, 17.788967, 98.579293, 23.616332
175, 96.241785, 19.125367, 98.853048, 24.630820
176, 96.495957, 20.285167, 99.022246, 25.428643
177, 96.761726, 21.286267, 98.841528, 25.227640
178, 96.967987, 22.008400, 98.846212, 24.514098
179, 97.063294, 22.498967, 95.575610, 24.549879
180, 97.218792, 22.994000, 94.641370, 25.837222
181, 97.416058, 23.559767, 94.397313, 25.927681
182, 97.634825, 24.182667, 94.204690, 25.692671
183, 97.924742, 24.864600, 94.589790, 26.356307
184, 98.179576, 25.583000, 94.751653, 25.981008
185, 98.423712, 26.248867, 95.134022, 26.481675
186, 98.654447, 26.880933, 95.976402, 26.959551
187, 98.821704, 27.515567, 95.571173, 26.416860
188, 98.967963, 28.073000, 95.233320, 26.455896
189, 99.134306, 28.572133, 94.439353, 26.369333
190, 99.424001, 29.068500, 93.989482, 26.436554
191, 99.832160, 29.525967, 98.875304, 27.989992
192, 100.408203, 29.905600, 109.423454, 31.427406
193, 101.200160, 30.115433, 119.754947, 30.590515
194, 102.179137, 30.127767, 121.066806, 27.712172
195, 103.319823, 29.963333, 122.451582, 28.809155
196, 104.630100, 29.773667, 123.396339, 28.974506
197, 106.110413, 29.568833, 123.456823, 28.408192
198, 107.739720, 29.373000, 123.586269, 28.283732
199, 109.457530, 29.223933, 123.616662, 28.460344
200, 111.179783, 29.118967, 123.075499, 28.233293
201, 112.951763, 29.009600, 122.423534, 28.082786
202, 114.797893, 28.884167, 124.803207, 26.024378
203, 116.974226, 28.420533, 129.294030, 19.803741
204, 119.494844, 27.670900, 134.681596, 14.867321
205, 121.778837, 27.057900, 136.359183, 12.534538
206, 123.817844, 26.551033, 134.868896, 12.921745
207, 125.598827, 26.059667, 135.676328, 12.174447
208, 127.144084, 25.453733, 134.803555, 12.425454
209, 128.464860, 24.856300, 135.302844, 12.203988
210, 129.659107, 24.207167, 139.654082, 4.154921
211, 130.674450, 23.512867, 142.229646, -2.403331
212, 131.483623, 22.812067, 142.116468, -0.083631
213, 132.125710, 22.186400, 141.691218, -2.946835
214, 132.706183, 21.612500, 141.239804, -3.122901
215, 133.097400, 21.106733, 140.926176, -3.232723
216, 133.414773, 20.629333, 141.314318, -3.207745
217, 133.612943, 20.255200, 141.011168, -3.094451
218, 133.783963, 19.892100, 140.856279, -2.795471
219, 133.932070, 19.499233, 140.959382, -3.062293
220, 134.183820, 19.007033, 141.031984, -3.361282
221, 134.512810, 18.391033, 141.164687, -3.539221
222, 134.988657, 17.672667, 141.211345, -3.774265
223, 135.605570, 16.923133, 141.220095, -3.782096
224, 136.261743, 16.107167, 141.797149, -3.626776
225, 136.931640, 15.260067, 144.316645, -3.230170
226, 137.565847, 14.392967, 154.656266, -2.302694
227, 138.149020, 13.613500, 162.032381, -1.399328
228, 138.621553, 12.923633, 167.787655, -1.801345
229, 139.063327, 12.322900, 165.580066, -1.676904
230, 139.373137, 11.842033, 164.121199, -1.306998
231, 139.561050, 11.462300, 164.070161, -1.273577
232, 139.656337, 11.082033, 163.665221, -0.848942
233, 139.788933, 10.699433, 163.438176, -1.037526
234, 139.858527, 10.297567, 163.061079, -0.798707
235, 139.852027, 9.995300, 164.583581, -0.671215
236, 139.840710, 9.751067, 166.094069, -0.372322
237, 139.768870, 9.563167, 165.257971, 0.253491
238, 139.723623, 9.391833, 164.942216, 0.527822
239, 139.655180, 9.127300, 165.022824, 0.180885
240, 139.510883, 8.877500, 164.960756, 0.059932
241, 139.377270, 8.749833, 164.612742, -0.023950
242, 139.200137, 8.649933, 163.890074, 0.220994
243, 139.024293, 8.583067, 163.667773, 0.295765
244, 138.836890, 8.519900, 163.538485, 0.366184
245, 138.657927, 8.491400, 163.368952, 0.473905
246, 138.467923, 8.485867, 163.187746, 0.605234
247, 138.234773, 8.481767, 163.000857, 0.444628
248, 137.982350, 8.435867, 162.704254, 0.267520
249, 137.666840, 8.380100, 162.146309, 0.356046
250, 137.326560, 8.363333, 161.733540, 0.274967
251, 137.004320, 8.328033, 161.406493, 0.152982
252, 136.666820, 8.298033, 161.319595, 0.038962
253, 136.351247, 8.297167, 161.427222, -0.027617
254, 136.062163, 8.266533, 161.205137, 0.013923
255, 135.762233, 8.231700, 161.114101, 0.250846
256, 135.521317, 8.186467, 161.235814, -0.022632
257, 135.277887, 8.073833, 161.094067, -0.027502
258, 135.013867, 7.987067, 160.717657, 0.146679
259, 134.751840, 7.898200, 160.396666, -0.023205
260, 134.444543, 7.784900, 159.965699, -0.207243
261, 134.121207, 7.658267, 159.388937, -0.359196
262, 133.772093, 7.576133, 158.890477, -0.441877
263, 133.377790, 7.523867, 158.455307, -0.543925
264, 132.965010, 7.476933, 158.035744, -0.525243
265, 132.523937, 7.467800, 158.013979, -0.661389
266, 132.083157, 7.490633, 157.874257, -0.831344
267, 131.651150, 7.474333, 157.677712, -0.428697
268, 131.189537, 7.435667, 156.947372, -0.137971
269, 130.733433, 7.435233, 156.590279, -0.145132
270, 130.274663, 7.447767, 156.498581, -0.271128
271, 129.775390, 7.447667, 156.270183, -0.318226
272, 129.240380, 7.436300, 155.918959, -0.228214
273, 128.682327, 7.454467, 155.385108, -0.047900
274, 128.106983, 7.454933, 154.480437, 0.367162
275, 127.523230, 7.432433, 154.042821, 0.384462
276, 126.930557, 7.412200, 153.775191, 0.364925
277, 126.331073, 7.378400, 153.658493, 0.145133
278, 125.740053, 7.324867, 153.304523, 0.228155
279, 125.183630, 7.280600, 153.124075, 0.301209
280, 124.652100, 7.219000, 152.888744, 0.132527
281, 124.150620, 7.140933, 152.682658, 0.189423
282, 123.661203, 7.042567, 151.975538, -0.056208
283, 123.157533, 6.936133, 151.457773, -0.447262
284, 122.614760, 6.834867, 151.462748, -0.470122
285, 122.047300, 6.726067, 151.315465, -0.389561
286, 121.411507, 6.627333, 151.917388, -0.239513
287, 120.723197, 6.564667, 152.062747, 0.150010
288, 119.973137, 6.527900, 145.157859, -1.044125
289, 119.135290, 6.539967, 128.825557, -9.483809
290, 118.282600, 6.585533, 125.429364, -8.454292
291, 117.426083, 6.602800, 117.373150, -7.495898
292, 116.577967, 6.606100, 117.607407, -4.655512
293, 115.754513, 6.594133, 112.128309, -4.252846
294, 114.914383, 6.576233, 110.507410, -4.270734
295, 114.080200, 6.591367, 110.550023, -3.819016
296, 113.259947, 6.575000, 110.462555, -3.646336
297, 112.385460, 6.588133, 110.727332, -3.659847
298, 111.510020, 6.637000, 110.471368, -3.723329
299, 110.639033, 6.666733, 104.219238, -1.902890
300, 109.717927, 6.672867, 102.257467, -0.937646
301, 108.831093, 6.712733, 102.165663, -1.256406
302, 108.003730, 6.728867, 102.204706, -1.223770
303, 107.193810, 6.734233, 101.950262, -1.276840
304, 106.436653, 6.731033, 101.830612, -1.337362
305, 105.713447, 6.723333, 101.037170, -4.626816
306, 104.972113, 6.711800, 100.252351, -6.128864
307, 104.259830, 6.707567, 100.074064, -6.274470
308, 103.580497, 6.671767, 100.104433, -6.557222
309, 102.901887, 6.639400, 100.010716, -7.178371
310, 102.231833, 6.630267, 99.784515, -6.857526
311, 101.555760, 6.624200, 93.842330, -5.692525
312, 100.875400, 6.623500, 92.317002, -5.218643
313, 100.186751, 6.640067, 92.440904, -5.348140
314, 99.519142, 6.627933, 92.428046, -5.311805
315, 98.878989, 6.596500, 92.271395, -5.436732
316, 98.149314, 6.550875, 91.909559, -5.514978
317, 97.550269, 6.504800, 91.444805, -5.464804
318, 96.970598, 6.445950, 91.611410, -5.726748
319, 96.344652, 6.405100, 91.945475, -5.602238
320, 95.835728, 6.354133, 91.881573, -5.609878
321, 95.294982, 6.302333, 91.798376, -5.827844
322, 94.745938, 6.263067, 91.428709, -5.619126
323, 94.214004, 6.232467, 91.416464, -5.559574
324, 93.675858, 6.220533, 91.291557, -5.522675
325, 93.150665, 6.209700, 91.361220, -5.523782
326, 92.656287, 6.198767, 91.289526, -5.544807
327, 92.157017, 6.218933, 91.456324, -5.652815
328, 91.672109, 6.239700, 91.383103, -5.703672
329, 91.202120, 6.238167, 87.809938, -3.192709
330, 90.706447, 6.265900, 85.698602, -2.336446
331, 90.161437, 6.314800, 85.554559, -2.253876
332, 89.592933, 6.378333, 85.494860, -2.096544
333, 89.004700, 6.461433, 85.003387, -2.043268
334, 88.419000, 6.532400, 85.325994, -3.576950
335, 87.849867, 6.564033, 84.764259, -13.562651
336, 87.275567, 6.599533, 84.541518, -17.502484
337, 86.703700, 6.617767, 84.307882, -17.588187
338, 86.160633, 6.601100, 84.252534, -17.417827
339, 85.605067, 6.574200, 83.977770, -17.989533
340, 85.072500, 6.571833, 83.874257, -17.450223
341, 84.579933, 6.552167, 84.108151, -17.198352
342, 84.095200, 6.558067, 83.858777, -17.264008
343, 83.613533, 6.557367, 82.896245, -16.653313
344, 83.133100, 6.558300, 80.638155, -16.214728
345, 82.624267, 6.540167, 79.704828, -15.738665
346, 82.091100, 6.535600, 79.535549, -15.732072
347, 81.601700, 6.536767, 79.251739, -15.617384
348, 81.086600, 6.511633, 79.004079, -15.664384
349, 80.572567, 6.491533, 78.852274, -15.783931
350, 80.092133, 6.476233, 77.503680, -16.078122
351, 79.595000, 6.421633, 77.003873, -15.973446
352, 79.084667, 6.377567, 76.602745, -16.000542
353, 78.616233, 6.341967, 76.582564, -16.283109
354, 78.092567, 6.276933, 76.270761, -16.357729
355, 77.582200, 6.245800, 76.090432, -16.372659
356, 77.095700, 6.254967, 76.054374, -16.263405
357, 76.586500, 6.279000, 76.277830, -16.403184
358, 76.076500, 6.345933, 74.722998, -11.311425
359, 75.567900, 6.428900, 71.332856, -3.116170
360, 75.046267, 6.513600, 70.105088, -2.492100
361, 74.493533, 6.605667, 70.708546, -3.204839
362, 73.918967, 6.693900, 70.044289, -2.943259
363, 73.343167, 6.775800, 70.101003, -2.785467
364, 72.753033, 6.828200, 70.146893, -2.645259
365, 72.148300, 6.879067, 70.527716, -2.394713
366, 71.554467, 6.917733, 70.346627, -2.390531
367, 70.983600, 6.948400, 70.446811, -3.151926
368, 70.432600, 6.980667, 70.587385, -3.419317
369, 69.914300, 7.030333, 70.519881, -3.063776
370, 69.425333, 7.069833, 70.383675, -2.658426
371, 68.893400, 7.147033, 69.598922, -2.747343
372, 68.322800, 7.191500, 61.437985, -2.117345
373, 67.701467, 7.243067, 52.589328, -1.476988
374, 66.939933, 7.341767, 44.838925, -1.625714
375, 66.035900, 7.427833, 43.948052, -1.417326
376, 65.116400, 7.464200, 44.011015, -1.295472
377, 64.093833, 7.584300, 43.782766, -1.019366
378, 62.972433, 7.681500, 43.440271, -0.925895
379, 61.810500, 7.773600, 43.227675, -0.813824
380, 60.550800, 7.874200, 42.050524, -0.865115
381, 59.240800, 8.018900, 41.630061, -0.925565
382, 57.901100, 8.156633, 41.281426, -0.837542
383, 56.554333, 8.216800, 42.350257, -0.566446
384, 55.234733, 8.250067, 41.834059, -1.019440
385, 53.860700, 8.237333, 41.133213, -1.302595
386, 52.461000, 8.193400, 41.212348, -1.681091
387, 51.056267, 8.123533, 40.944199, -1.391262
388, 49.798500, 8.072133, 41.107174, -1.596201
389, 48.669767, 8.060133, 41.130993, -1.861554
390, 47.552467, 8.038233, 41.082479, -1.644491
391, 46.548200, 7.970267, 40.982194, -1.388368
392, 45.596433, 7.861100, 40.467896, -1.465631
393, 44.727433, 7.843500, 40.256987, -1.505464
394, 43.876833, 7.942333, 36.140093, -1.043909
395, 42.986000, 7.962467, 26.311316, -0.625759
396, 42.089367, 7.959900, 21.069290, -2.300522
397, 41.154567, 8.045933, 23.505201, -0.890827
398, 40.209800, 8.103667, 23.695344, -0.498318
399, 39.342433, 8.112567, 24.342287, -0.597905
400, 38.481200, 8.102000, 24.857905, -1.224815
401, 37.610133, 8.089200, 24.203903, -0.977472
402, 36.733467, 8.119333, 24.188261, -1.264637
403, 35.783700, 8.118500, 24.158769, -1.151573
404, 34.845600, 8.092500, 24.802046, -1.176153
405, 33.935667, 8.055333, 24.613358, -1.650882
406, 33.145700, 7.981167, 25.123371, -1.684363
407, 32.452900, 7.938633, 25.467333, -1.859397
408, 31.783900, 7.912067, 25.704780, -2.117700
409, 31.219000, 7.853867, 25.916347, -1.654692
410, 30.761133, 7.805933, 25.919228, -1.491310
411, 30.362033, 7.772933, 26.318765, -1.734608
412, 30.007600, 7.731267, 26.893349, -1.775503
413, 29.687500, 7.662567, 27.403215, -2.028021
414, 29.392233, 7.550600, 27.933326, -2.453813
415, 29.097767, 7.425133, 28.256519, -2.334915
416, 28.768933, 7.296400, 28.657562, -2.592499
417, 28.427600, 7.175367, 28.976253, -2.813758
418, 28.051700, 7.043467, 29.315186, -2.446341
419, 27.675267, 6.866233, 29.530363, -2.231874
420, 27.310700, 6.659800, 29.481651, -2.078943
421, 26.987800, 6.451600, 29.557323, -2.083014
422, 26.714267, 6.271933, 30.126315, -2.183892
423, 26.498300, 6.132967, 30.908645, -2.311295
424, 26.339233, 6.014867, 31.236767, -2.501859
425, 26.284900, 5.905533, 31.984155, -2.051079
426, 26.329000, 5.868400, 32.029924, -2.089272
427, 26.436033, 5.859467, 32.390202, -2.233544
428, 26.603000, 5.824200, 32.892052, -2.250446
429, 26.801633, 5.804967, 31.938288, -2.462282
430, 26.983467, 5.830067, 24.564026, -3.211142
431, 27.154267, 5.823400, 19.401351, -3.552530
432, 27.300967, 5.823467, 19.046613, -3.121501
433, 27.420400, 5.864200, 19.219504, -3.334768
434, 27.501433, 5.904067, 19.097873, -3.417173
435, 27.541967, 5.922733, 18.851466, -3.466990
436, 27.535533, 5.946167, 18.829450, -3.431002
437, 27.508633, 5.949267, 18.697395, -3.617265
438, 27.486500, 5.945233, 18.680707, -3.794139
439, 27.508400, 5.927600, 18.781499, -3.824092
440, 27.550333, 5.878767, 18.914838, -3.906055
441, 27.583700, 5.815600, 18.994401, -4.063302
442, 27.627333, 5.728900, 19.011561, -4.105870
443, 27.671033, 5.618700, 20.563607, -5.021811
444, 27.720300, 5.494267, 24.430039, -7.105788
445, 27.795000, 5.360900, 24.577627, -7.222020
446, 27.921267, 5.246900, 24.432429, -7.298544
447, 28.135400, 5.189233, 24.641156, -7.244893
448, 28.473833, 5.137800, 24.930959, -7.124493
449, 28.913733, 5.073467, 25.276775, -7.093844
450, 29.412800, 5.017400, 30.786961, -5.772068
451, 29.993267, 4.904600, 40.148105, -3.967367
452, 30.689167, 4.753600, 46.644420, -3.701411
453, 31.527967, 4.575333, 47.657617, -3.800260
454, 32.456333, 4.413800, 48.001100, -4.148644
455, 33.479667, 4.231033, 48.219712, -3.944492
456, 34.565233, 4.079367, 48.328673, -3.711460
457, 35.721533, 3.902700, 47.968922, -3.637539
458, 36.911033, 3.731433, 48.061843, -3.407530
459, 38.124067, 3.599133, 47.876351, -3.074925
460, 39.390600, 3.499000, 47.250533, -3.881554
461, 40.752267, 3.447867, 47.533407, -4.138304
462, 42.267333, 3.418000, 48.152323, -3.863892
463, 44.018567, 3.382733, 50.698615, -4.179953
464, 45.993800, 3.291133, 60.639456, -5.751031
465, 48.207000, 3.211267, 70.331135, -6.760147
466, 50.581167, 3.106433, 75.899038, -9.108406
467, 53.109733, 3.034133, 77.910893, -9.036544
468, 55.697500, 3.043800, 81.124012, -9.512431
469, 58.264300, 3.047333, 83.472088, -9.640269
470, 60.824367, 3.030267, 85.056106, -9.551546
471, 63.283067, 2.947767, 85.245701, -9.406112
472, 65.650100, 2.853467, 87.901097, -10.467508
473, 67.962034, 2.826933, 88.957263, -10.959637
474, 70.092967, 2.801833, 91.383238, -11.651869
475, 72.064667, 2.733400, 93.604561, -11.922787
476, 73.919500, 2.666400, 94.465577, -11.769089
477, 75.580267, 2.584700, 95.801948, -11.615725
478, 77.152767, 2.523567, 97.106132, -11.369697
479, 78.613833, 2.583167, 98.734902, -11.391282
480, 79.968200, 2.645867, 100.114026, -11.185807
481, 81.334267, 2.718133, 101.489665, -11.013840
482, 82.620200, 2.838800, 103.579089, -10.685252
483, 83.840333, 2.979633, 107.453408, -9.898829
484, 85.048167, 3.108767, 113.215548, -7.947711
485, 86.244733, 3.185467, 113.885333, -7.290954
486, 87.412167, 3.311600, 116.978811, -6.931868
487, 88.588100, 3.439733, 118.692301, -7.286733
488, 89.755880, 3.571167, 119.225493, -6.676238
489, 90.956202, 3.703500, 119.996161, -6.537450
490, 92.154896, 3.837667, 122.462482, -6.777861
491, 93.346678, 3.905333, 124.556033, -7.261971
492, 94.499056, 3.952733, 125.882884, -6.988027
493, 95.643709, 4.054533, 127.333328, -6.770867
494, 96.804921, 4.178467, 128.184012, -6.673433
495, 97.947112, 4.277700, 128.802983, -6.412734
496, 99.125542, 4.283533, 130.564597, -6.567064
497, 100.288684, 4.257600, 131.740526, -6.413000
498, 101.426663, 4.248300, 132.271712, -6.049909
499, 102.599617, 4.218900, 133.066179, -6.264587
500, 103.808873, 4.173567, 133.983950, -6.247107
501, 105.009257, 4.162033, 134.944019, -6.059626
502, 106.198730, 4.207133, 135.880834, -5.845030
503, 107.323687, 4.296600, 136.782750, -5.497909
504, 108.438353, 4.341933, 138.015722, -5.414345
505, 109.499130, 4.393600, 139.233063, -5.039549
506, 110.491497, 4.471733, 140.417123, -4.802371
507, 111.481580, 4.485133, 141.373321, -4.851221
508, 112.492527, 4.456667, 142.418017, -4.758605
509, 113.423877, 4.490300, 141.816462, -5.209696
510, 114.273133, 4.538800, 142.949294, -5.053209
511, 115.100077, 4.528333, 143.138442, -4.986264
512, 115.864193, 4.557567, 140.321870, -4.784968
513, 116.553613, 4.617667, 133.268841, -4.115838
514, 117.173460, 4.676000, 121.932547, -2.587094
515, 117.714787, 4.735267, 118.563892, -2.249676
516, 118.185320, 4.809800, 118.899427, -2.159960
517, 118.602123, 4.863533, 119.202615, -2.493630
518, 118.929920, 4.980367, 119.303670, -2.317072
519, 119.150007, 5.091367, 119.295957, -2.331511
520, 119.327977, 5.171233, 119.274106, -2.386235
521, 119.446100, 5.317067, 119.019641, -2.406236
522, 119.522603, 5.491867, 118.993756, -2.025617
523, 119.586213, 5.639200, 118.923937, -1.807254
524, 119.619620, 5.758900, 118.894883, -1.820037
525, 119.635933, 5.843533, 116.366088, -1.336674
526, 119.664397, 5.883500, 111.283557, -0.797018
527, 119.663217, 5.922700, 110.927161, -0.917355
528, 119.642710, 5.908500, 111.348386, -1.162923
529, 119.660770, 5.870267, 111.537604, -1.205203
530, 119.675020, 5.889333, 111.732675, -1.112937
531, 119.668353, 5.929400, 111.896936, -0.985489
532, 119.689547, 5.893567, 112.070500, -1.027728
533, 119.762993, 5.865667, 112.336972, -1.156614
534, 119.879607, 5.821500, 113.474111, -1.089536
535, 120.071450, 5.772267, 116.016586, -1.328912
536, 120.326353, 5.737000, 116.888468, -1.179591
537, 120.608973, 5.711267, 117.274728, -1.122223
538, 120.932113, 5.686067, 117.511039, -1.257924
539, 121.236503, 5.688000, 117.660344, -1.451757
540, 121.508053, 5.695367, 117.929367, -1.377991
541, 121.758547, 5.718033, 118.141843, -1.421605
542, 121.974297, 5.762300, 118.302297, -1.391865
543, 122.150647, 5.827900, 118.394657, -1.342636
544, 122.313127, 5.878933, 118.738920, -1.400814
545, 122.459050, 5.921633, 118.853492, -1.410202
546, 122.607347, 5.997267, 119.417525, -1.543364
547, 122.779020, 6.047100, 123.307999, -2.213497
548, 122.946557, 6.065633, 125.023109, -2.489509
549, 123.091830, 6.090033, 125.083555, -2.295519
550, 123.214747, 6.106467, 125.042883, -2.063689
551, 123.330497, 6.083467, 124.931519, -2.498163
552, 123.425070, 6.137733, 124.786329, -2.476260
553, 123.479600, 6.219400, 124.690834, -2.286159
554, 123.515430, 6.288133, 124.646731, -2.274855
555, 123.521290, 6.379033, 124.542906, -2.206329
556, 123.503047, 6.464733, 124.446213, -2.272396
557, 123.472217, 6.526600, 124.416568, -2.373198
558, 123.426407, 6.609800, 124.535564, -2.178421
559, 123.369073, 6.709667, 122.693715, -2.296398
560, 123.299077, 6.792533, 120.679461, -1.497741
561, 123.222467, 6.862233, 120.490300, -1.392440
562, 123.143963, 6.939900, 120.374242, -1.713702
563, 123.044697, 7.027367, 120.446592, -1.774923
564, 122.948310, 7.090833, 120.566080, -1.582041
565, 122.866667, 7.134667, 120.825391, -1.543417
566, 122.785457, 7.171400, 120.799722, -1.594481
567, 122.707653, 7.187633, 120.736711, -1.688130
568, 122.613610, 7.212600, 120.811898, -1.882122
569, 122.519600, 7.232100, 120.845081, -2.013574
570, 122.445697, 7.246333, 120.993027, -2.000171
571, 122.375673, 7.237467, 121.014429, -1.906825
572, 122.288447, 7.232600, 120.921010, -1.819807
573, 122.210517, 7.239867, 120.921779, -1.764318
574, 122.138217, 7.235100, 121.060768, -1.766385
575, 122.049570, 7.281200, 121.087130, -1.701545
576, 121.958350, 7.340300, 121.065213, -1.608685
577, 121.841907, 7.384333, 121.045147, -1.518591
578, 121.672060, 7.419700, 120.996430, -1.494920
579, 121.459753, 7.453233, 120.853665, -1.493827
580, 121.186387, 7.510967, 120.683371, -1.372670
581, 120.833410, 7.645667, 116.104860, 1.727607
582, 120.381957, 7.845100, 108.063940, 5.231525
583, 119.734200, 8.081200, 105.952911, 6.329899
584, 118.957057, 8.295633, 103.831325, 6.600411
585, 118.106977, 8.505700, 103.806098, 6.722197
586, 117.093793, 8.736767, 103.385313, 6.950654
587, 115.941257, 8.943933, 102.618680, 6.844524
588, 114.696370, 9.126100, 102.681688, 6.891831
589, 113.300387, 9.259467, 102.835974, 6.616979
590, 111.830080, 9.378500, 102.936838, 6.289241
591, 110.250040, 9.471067, 102.795904, 6.110778
592, 108.604437, 9.531733, 102.643345, 5.883475
593, 106.926057, 9.613033, 96.037050, 3.482590
594, 105.119604, 9.639167, 88.816554, -0.263267
595, 103.239094, 9.615633, 83.075904, -3.072778
596, 101.224087, 9.582767, 80.960363, -3.351829
597, 99.209040, 9.494433, 80.514133, -3.471980
598, 97.325233, 9.519600, 80.060847, -3.589212
599, 95.399519, 9.668033, 79.853376, -3.774968
600, 94.073740, 9.723600, 79.639091, -4.064343
