1, 72.953365, -2.314724, 71.382294, -5.501792
2, 75.148600, -1.681791, 73.800570, -3.398338
3, 75.136600, -1.676579, 73.819092, -3.387264
4, 75.131400, -1.664791, 73.788197, -3.405340
5, 75.147033, -1.657944, 73.829111, -3.458962
6, 75.160467, -1.663254, 73.820072, -3.569571
7, 75.174667, -1.660554, 73.867265, -3.581051
8, 75.187900, -1.647119, 73.840676, -3.357847
9, 75.182233, -1.645933, 73.814927, -3.265019
10, 75.169033, -1.632439, 73.870152, -3.246652
11, 75.151933, -1.617258, 73.892113, -3.346577
12, 75.133400, -1.571550, 73.999994, -3.472916
13, 75.125367, -1.538140, 74.013550, -3.602229
14, 75.119700, -1.509945, 77.016139, -8.253926
15, 75.144033, -1.498541, 78.896878, -10.564191
16, 75.171600, -1.486306, 78.684830, -10.003238
17, 75.222125, -1.506679, 78.955906, -10.772197
18, 75.299300, -1.566869, 79.137209, -11.617096
19, 75.356833, -1.665511, 78.534634, -10.472586
20, 75.407867, -1.817335, 77.561096, -10.107072
21, 75.440333, -2.045858, 72.362456, -13.700060
22, 75.445633, -2.362867, 70.432349, -15.094161
23, 75.467200, -2.703115, 70.036321, -15.620758
24, 75.474850, -2.890394, 70.248470, -15.853084
25, 75.464333, -3.097168, 70.922364, -16.025281
26, 75.453767, -3.417190, 71.399456, -16.145828
27, 75.450733, -3.758528, 71.397743, -16.251825
28, 75.425233, -4.114542, 71.473788, -16.520712
29, 75.394533, -4.546017, 71.564028, -17.056518
30, 75.379033, -5.003161, 71.748671, -17.141962
31, 75.314467, -5.448821, 71.828402, -17.643867
32, 75.230033, -5.967139, 72.307893, -20.431347
33, 75.147867, -6.566662, 72.026174, -26.352827
34, 75.051033, -7.138269, 72.305564, -26.678666
35, 74.907633, -7.710534, 72.640979, -26.951989
36, 74.766767, -8.291968, 72.599172, -27.371157
37, 74.653733, -8.882536, 72.301717, -27.623972
38, 74.603767, -9.515247, 72.695871, -28.139257
39, 74.605800, -10.197883, 75.221415, -31.632081
40, 74.631067, -10.900180, 75.048140, -31.471378
41, 74.659167, -11.652057, 74.521087, -31.316038
42, 74.731200, -12.432053, 74.911843, -31.820681
43, 74.784567, -13.224980, 75.482410, -32.361317
44, 74.848567, -14.156460, 73.105822, -34.480512
45, 74.889900, -14.916163, 67.324345, -40.030262
46, 74.834400, -15.469620, 65.941820, -41.374785
47, 74.770800, -16.089363, 66.443044, -42.102542
48, 74.696533, -16.677513, 66.336585, -42.230521
49, 74.550033, -17.265223, 66.720985, -43.133516
50, 74.350267, -17.927413, 67.280753, -43.293959
51, 74.148567, -18.476977, 66.828725, -41.481856
52, 73.917233, -18.987793, 68.547469, -45.582083
53, 73.695567, -19.558057, 68.549751, -44.920938
54, 73.470800, -20.137140, 68.561512, -45.506607
55, 73.232867, -20.680767, 68.985395, -45.368936
56, 73.057300, -21.199217, 68.822794, -45.318715
57, 72.941167, -21.599990, 69.195103, -45.432008
58, 72.841967, -21.914577, 69.445228, -45.116923
59, 72.797733, -22.235307, 69.783538, -45.660966
60, 72.792167, -22.489937, 69.986232, -45.989099
61, 72.757633, -22.704103, 70.103375, -45.987708
62, 72.693567, -22.879977, 70.120461, -45.939994
63, 72.621767, -22.991250, 70.175254, -46.011264
64, 72.471600, -23.062153, 62.852300, -45.137762
65, 72.207967, -23.058423, 51.648955, -43.117119
66, 71.753500, -22.966133, 46.211828, -41.551709
67, 71.101967, -22.775260, 47.610771, -40.910688
68, 70.232867, -22.592520, 47.711138, -40.956943
69, 69.071767, -22.376893, 46.826536, -41.496708
70, 67.802933, -22.262283, 47.171346, -41.472602
71, 66.494933, -22.181120, 46.336019, -41.468473
72, 65.398800, -22.110270, 46.892227, -41.518173
73, 63.939367, -21.906047, 43.076832, -36.484703
74, 62.778367, -21.625667, 40.487073, -30.961226
75, 61.691567, -21.183530, 40.483849, -30.352698
76, 60.700433, -20.685297, 40.912723, -30.033234
77, 59.749200, -20.253947, 42.302449, -30.139855
78, 58.960150, -19.936510, 42.529429, -30.539520
79, 57.876567, -19.576643, 42.118307, -30.619111
80, 56.988167, -19.259937, 42.906041, -30.480517
81, 56.138567, -18.884020, 42.960044, -30.613491
82, 55.290567, -18.401717, 43.684839, -31.033802
83, 54.507900, -17.813763, 44.150933, -31.105706
84, 53.772400, -17.234830, 44.805515, -31.039340
85, 53.049633, -16.570483, 43.848522, -29.571439
86, 52.322267, -15.875677, 38.044400, -21.780196
87, 51.590267, -15.088657, 36.434669, -17.390729
88, 50.895733, -14.234167, 36.386192, -17.233928
89, 50.251500, -13.248533, 36.457042, -15.353092
90, 49.743100, -12.281625, 37.101330, -9.348416
91, 49.128333, -10.698933, 37.037445, -5.802534
92, 48.713500, -9.426411, 37.326675, -6.066105
93, 48.182867, -7.630217, 38.259692, -6.127933
94, 47.737733, -5.855412, 39.685267, -5.818620
95, 47.301600, -3.751791, 37.723226, 1.370549
96, 46.911700, -1.850220, 36.955334, 8.132917
97, 46.417467, 0.665537, 34.342194, 14.146032
98, 45.975800, 2.823867, 36.019962, 11.658243
99, 45.523133, 5.012766, 36.420430, 11.332223
100, 45.143600, 7.021550, 38.002802, 9.661784
101, 44.656500, 9.685900, 38.375892, 12.201661
102, 44.253267, 12.039800, 37.074207, 21.027973
103, 43.919133, 14.206600, 37.688760, 25.518211
104, 43.634567, 16.297267, 37.669172, 26.613965
105, 43.463400, 18.038267, 37.941408, 26.439078
106, 43.380333, 19.627834, 38.368628, 25.910888
107, 43.478700, 21.031067, 38.906695, 26.376787
108, 43.703633, 22.326133, 40.082974, 24.493471
109, 44.017967, 23.631000, 40.576811, 24.983895
110, 44.466567, 24.925067, 40.880200, 26.927376
111, 44.938967, 26.323400, 41.649303, 26.325676
112, 45.334333, 27.829033, 42.710277, 24.670259
113, 45.667200, 29.352967, 43.061780, 26.506878
114, 45.959600, 30.600250, 42.053149, 33.779039
115, 46.360533, 32.195300, 41.482184, 40.572938
116, 46.652333, 33.400333, 41.487005, 40.521542
117, 46.906900, 34.482833, 41.488630, 40.367630
118, 47.111900, 35.384350, 42.340173, 40.441588
119, 47.385900, 36.702233, 43.881838, 43.824199
120, 47.590750, 37.694650, 51.243999, 49.437701
121, 47.942200, 39.135067, 54.271283, 51.235747
122, 48.334367, 40.364233, 54.423740, 52.765264
123, 48.802467, 41.596733, 54.411850, 50.949222
124, 49.340233, 42.853733, 53.637291, 51.387250
125, 49.992267, 44.079733, 61.939864, 54.665827
126, 50.731733, 45.332900, 65.162736, 54.202111
127, 51.586933, 46.594967, 64.246867, 54.911727
128, 52.466933, 47.811500, 64.478849, 54.697031
129, 53.337600, 48.980767, 64.733067, 54.098475
130, 54.223600, 50.098900, 65.691392, 54.625351
131, 55.102967, 51.192533, 69.029482, 57.675996
132, 55.982300, 52.278867, 69.713039, 59.326263
133, 56.730733, 53.285267, 68.684178, 57.861752
134, 57.421100, 54.252067, 68.307330, 57.462008
135, 58.052933, 55.216600, 68.170346, 58.119210
136, 58.655000, 56.275867, 72.092221, 63.783407
137, 59.435033, 57.386933, 78.364795, 67.127844
138, 60.372900, 58.453833, 78.159276, 67.958119
139, 61.386433, 59.423467, 77.982833, 66.700479
140, 62.436033, 60.360433, 79.298884, 67.655118
141, 63.383167, 61.282933, 77.860430, 67.872911
142, 64.127400, 62.208200, 78.123889, 68.504794
143, 64.539133, 63.090133, 76.319749, 68.350231
144, 65.436033, 63.789500, 76.641208, 68.140671
145, 66.748934, 64.431300, 79.655341, 68.345528
146, 68.120867, 65.128567, 88.094549, 71.631009
147, 69.595833, 65.843533, 89.047953, 71.736604
148, 71.110500, 66.581833, 89.621006, 71.945095
149, 72.342533, 67.088433, 89.029585, 71.328153
150, 72.642267, 66.968000, 87.152770, 72.475123
151, 73.008100, 66.799300, 84.837264, 72.157212
152, 73.641000, 66.979200, 83.826349, 70.032905
153, 74.226000, 66.971733, 84.609030, 70.311219
154, 74.773333, 66.910033, 84.609321, 70.114947
155, 75.411800, 66.921367, 85.587509, 70.270399
156, 76.017800, 66.969300, 85.803134, 70.095794
157, 76.681833, 66.826133, 86.357169, 69.742050
158, 77.294500, 66.725767, 86.536710, 69.522676
159, 77.630233, 66.655867, 86.165065, 69.788213
160, 77.750133, 66.587633, 85.020928, 69.820908
161, 77.835400, 66.579067, 84.893218, 69.721385
162, 77.756267, 66.563800, 83.871980, 69.671986
163, 77.663933, 66.545467, 82.999184, 69.581837
164, 77.524833, 66.585167, 82.884790, 69.731983
165, 77.336000, 66.589167, 82.465919, 69.403191
166, 77.262767, 66.640467, 82.922834, 69.427096
167, 77.470233, 66.689300, 83.242292, 69.455150
168, 77.672733, 66.715700, 83.813214, 69.332678
169, 77.919800, 66.762133, 84.249822, 69.284506
170, 78.204233, 66.787033, 84.444890, 69.084278
171, 78.500700, 66.805767, 84.434422, 69.123928
172, 78.814667, 66.808967, 84.478487, 69.076383
173, 79.236267, 66.797967, 84.249289, 68.727342
174, 79.589633, 66.796600, 84.441997, 68.599442
175, 79.909000, 66.794900, 84.449391, 68.518644
176, 80.220000, 66.786633, 88.582267, 64.426687
177, 80.510667, 66.746000, 96.138593, 53.788934
178, 80.860167, 66.675967, 101.311888, 49.074564
179, 81.186867, 66.612433, 101.707706, 48.813410
180, 81.446533, 66.563600, 100.853889, 49.672374
181, 81.649467, 66.514233, 100.368421, 49.830831
182, 81.814100, 66.477733, 100.131517, 50.419741
183, 81.841600, 66.432100, 100.165899, 50.623039
184, 81.826667, 66.404300, 100.709503, 50.753215
185, 81.751300, 66.367600, 100.898728, 50.720589
186, 81.677000, 66.295567, 95.824081, 51.231392
187, 81.690667, 66.276900, 86.228592, 52.533232
188, 81.735467, 66.268967, 75.624810, 52.992056
189, 81.742067, 66.211400, 72.494421, 52.578728
190, 81.754767, 66.136833, 71.606057, 51.291522
191, 81.621833, 66.013067, 58.718169, 49.360465
192, 81.261600, 65.847033, 51.076437, 46.779262
193, 80.556233, 65.705967, 44.703734, 44.349332
194, 79.540100, 65.627100, 44.725716, 44.348337
195, 77.896967, 65.529100, 46.721656, 42.668998
196, 75.833500, 65.303133, 42.246611, 42.432329
197, 73.478300, 64.883267, 40.752951, 42.903457
198, 71.013900, 64.207500, 41.126100, 42.484173
199, 68.715533, 63.393767, 41.277695, 42.233630
200, 66.600800, 62.518533, 41.721390, 42.652371
201, 64.628166, 61.618067, 41.774380, 42.150852
202, 62.677567, 60.714600, 41.424475, 42.260819
203, 60.845033, 59.779300, 39.903421, 41.537863
204, 59.131500, 58.790767, 33.585163, 39.057506
205, 57.388833, 57.817600, 30.441105, 37.579783
206, 55.602967, 56.831500, 31.250206, 37.886116
207, 53.841900, 55.753100, 29.786839, 36.786634
208, 52.197033, 54.594500, 30.049689, 36.880156
209, 50.633533, 53.351733, 29.524674, 36.149141
210, 49.119500, 52.084367, 29.794346, 35.772484
211, 47.815233, 50.757333, 30.765226, 35.629596
212, 46.616000, 49.438867, 31.061697, 34.952739
213, 45.394467, 48.154400, 32.102440, 34.515858
214, 44.319467, 46.922100, 31.287387, 34.354115
215, 43.404467, 45.775067, 30.377798, 34.101652
216, 42.446533, 44.778133, 23.831137, 33.075623
217, 41.423800, 43.903733, 20.851906, 32.825152
218, 40.324700, 43.036433, 20.604327, 32.293831
219, 39.171833, 42.174067, 20.858753, 32.223697
220, 38.099467, 41.269100, 20.382867, 31.958494
221, 36.993833, 40.348667, 19.307947, 31.185868
222, 35.880267, 39.469800, 18.505586, 30.385810
223, 34.794367, 38.661733, 18.655257, 30.310431
224, 33.756900, 37.862100, 19.023081, 29.618073
225, 32.663467, 37.007933, 16.608753, 28.552934
226, 31.545367, 36.156800, 11.544194, 25.770001
227, 30.313733, 35.350200, 10.707783, 25.174497
228, 29.002667, 34.592200, 10.756731, 24.485621
229, 27.719000, 33.934300, 10.556204, 23.949976
230, 26.440767, 33.399567, 10.612116, 23.642534
231, 25.297067, 32.901700, 8.865066, 22.948684
232, 24.292867, 32.509267, 9.283424, 22.857004
233, 23.326800, 32.152000, 9.812061, 22.551778
234, 22.414567, 31.792933, 9.743844, 22.404817
235, 21.626200, 31.501900, 7.768976, 25.320476
236, 20.898000, 31.321167, 5.604733, 30.479055
237, 20.221800, 31.219567, 6.528698, 30.355375
238, 19.520167, 31.117600, 6.386162, 31.355947
239, 18.827067, 31.016067, 6.385464, 31.387117
240, 18.215567, 30.953400, 5.697000, 31.540376
241, 17.630133, 30.981533, 4.827815, 31.486205
242, 17.095200, 31.069233, 4.585640, 31.428875
243, 16.660900, 31.163367, 5.954614, 31.390401
244, 16.315600, 31.161633, 6.299538, 31.503843
245, 16.072233, 31.155933, 6.640469, 31.382054
246, 15.910967, 31.147433, 6.919429, 30.808859
247, 15.742233, 31.138133, 6.689172, 30.651540
248, 15.555367, 31.156600, 6.802922, 30.419760
249, 15.297733, 31.174767, 6.992936, 30.253263
250, 14.974800, 31.248900, 7.357026, 30.247200
251, 14.561933, 31.327733, 7.405440, 29.858005
252, 14.074533, 31.425467, 5.260405, 31.001162
253, 13.580167, 31.591767, 1.825429, 34.348157
254, 13.048633, 31.803100, 1.053282, 34.992373
255, 12.465700, 32.004467, 0.786790, 35.110073
256, 11.856567, 32.200500, -0.555812, 35.186180
257, 11.234933, 32.390500, -1.277766, 35.371497
258, 10.594767, 32.576033, -1.100290, 34.982395
259, 9.917767, 32.753800, -1.158363, 34.760515
260, 9.193400, 32.895167, -1.070383, 34.775094
261, 8.523467, 33.006300, -1.061766, 34.377883
262, 7.865533, 33.087333, -2.107490, 34.133582
263, 7.222333, 33.193733, -0.966541, 35.069010
264, 6.622233, 33.350033, -0.335706, 37.404261
265, 5.960233, 33.509933, -1.198747, 39.232407
266, 5.295067, 33.692067, -3.378816, 41.504991
267, 4.611367, 33.857933, -3.663532, 41.363974
268, 3.954033, 34.028200, -3.966779, 41.386959
269, 3.336033, 34.244633, -4.000041, 41.534427
270, 2.717400, 34.465833, -3.797274, 41.018340
271, 2.163800, 34.688467, -4.102588, 40.886653
272, 1.656300, 34.941200, -3.208064, 40.607969
273, 1.280167, 35.208333, -2.768412, 40.891570
274, 1.102200, 35.553033, -2.167505, 41.960977
275, 0.913067, 35.870233, -2.210378, 42.008538
276, 0.471933, 36.123667, -2.385807, 41.439767
277, -0.010467, 36.390167, -2.760102, 41.291222
278, -0.573533, 36.652433, -3.317953, 41.282538
279, -1.189033, 36.943367, -4.386886, 42.762877
280, -1.728367, 37.267400, -6.971331, 45.188568
281, -2.251600, 37.578700, -7.735056, 45.845967
282, -2.714800, 37.881633, -7.392312, 45.129858
283, -3.113433, 38.162833, -8.053670, 45.648714
284, -3.497100, 38.408500, -7.981988, 45.429100
285, -3.821367, 38.643567, -8.265126, 45.358262
286, -4.105800, 38.870467, -8.584986, 45.424487
287, -4.408700, 39.110400, -8.577188, 45.105307
288, -4.700467, 39.354733, -8.620989, 45.099984
289, -5.049967, 39.572167, -8.353104, 44.927084
290, -5.367633, 39.785067, -8.401695, 45.030283
291, -5.677200, 39.968833, -8.331298, 44.778915
292, -6.015767, 40.091433, -8.518407, 44.693786
293, -6.365900, 40.201200, -8.744389, 44.168796
294, -6.754833, 40.307967, -8.953258, 44.043398
295, -7.161633, 40.418100, -8.856848, 43.793872
296, -7.586267, 40.529100, -8.541562, 43.371271
297, -8.043333, 40.633067, -8.875556, 43.748767
298, -8.506300, 40.732767, -8.733646, 43.936441
299, -9.005067, 40.854500, -8.307144, 43.965655
300, -9.553200, 40.984367, -8.368648, 43.983131
301, -10.219367, 41.141033, -8.439907, 44.021267
302, -10.897233, 41.392733, -8.898951, 44.429100
303, -11.457900, 41.698300, -10.141659, 46.433974
304, -11.894967, 42.038467, -12.077499, 50.360766
305, -12.156900, 42.382367, -12.860981, 51.657355
306, -12.397100, 42.695167, -13.001338, 51.418447
307, -12.614967, 42.973600, -13.044771, 51.788499
308, -12.751267, 43.218800, -12.987798, 51.837936
309, -12.823133, 43.388967, -12.896005, 51.837996
310, -12.821000, 43.469900, -12.748128, 51.706924
311, -12.791067, 43.519300, -12.848240, 51.461419
312, -12.796733, 43.604633, -13.929989, 50.412622
313, -12.882233, 43.685033, -22.423819, 47.139595
314, -13.018400, 43.772033, -31.000115, 42.984995
315, -13.278633, 43.809667, -37.300766, 38.957540
316, -13.702667, 43.757333, -37.872794, 38.079909
317, -14.342033, 43.603300, -37.301033, 38.578194
318, -15.408567, 43.301433, -38.266622, 38.042277
319, -16.971767, 42.756933, -39.245008, 37.288583
320, -18.631767, 42.172900, -40.156337, 37.294587
321, -20.249033, 41.632600, -40.329398, 37.775895
322, -21.869800, 41.092633, -40.354241, 37.261204
323, -23.418533, 40.581033, -40.503087, 37.396766
324, -24.930100, 40.011800, -40.860906, 37.626661
325, -26.374600, 39.395733, -43.230371, 31.014868
326, -27.707867, 38.725733, -45.230505, 25.336076
327, -28.971267, 37.922600, -46.474224, 22.171807
328, -30.398567, 37.209633, -46.043411, 22.542063
329, -31.590733, 36.636700, -46.213685, 22.584624
330, -32.669550, 36.047925, -46.252597, 22.518198
331, -33.566000, 35.458933, -46.776842, 22.871347
332, -34.261367, 34.891600, -47.583692, 22.708830
333, -34.929033, 34.349733, -48.075354, 22.905260
334, -35.534267, 33.739367, -48.296844, 22.571157
335, -36.087067, 33.127467, -48.145679, 22.275254
336, -36.550400, 32.518167, -47.534798, 22.196480
337, -36.971400, 31.896533, -47.750522, 22.083308
338, -37.280200, 31.418000, -47.259594, 22.296499
339, -37.521067, 30.943833, -47.188548, 22.152245
340, -37.686133, 30.491167, -46.598355, 22.027358
341, -37.858733, 30.099900, -46.010646, 22.235676
342, -38.064533, 29.692367, -46.169129, 22.267691
343, -38.260533, 29.249167, -46.153888, 21.882055
344, -38.467467, 28.843500, -46.287334, 21.356229
345, -38.624533, 28.488167, -48.905812, 19.613669
346, -38.775733, 28.288200, -50.955657, 16.748682
347, -38.995167, 28.213700, -51.589068, 13.953701
348, -39.043533, 27.973333, -51.598870, 13.097487
349, -39.008367, 27.560600, -52.128061, 12.752730
350, -38.899633, 27.133567, -52.064730, 12.634099
351, -38.748500, 26.723933, -51.923962, 12.455568
352, -38.601567, 26.328033, -51.466849, 12.348227
353, -38.517433, 25.995000, -51.731875, 12.250358
354, -38.467133, 25.745767, -52.340880, 12.710499
355, -38.343800, 25.464267, -52.050255, 12.772584
356, -38.127600, 25.139833, -51.833436, 13.095382
357, -37.853767, 24.773200, -49.354605, 11.519055
358, -37.576867, 24.372733, -44.639364, 6.932770
359, -37.365233, 23.968233, -44.538679, 6.504157
360, -37.211533, 23.608600, -44.380095, 6.654454
361, -37.133733, 23.268433, -44.244060, 6.608626
362, -37.205000, 23.089600, -44.477600, 6.538776
363, -37.273225, 22.881500, -44.553192, 6.691696
364, -37.340600, 22.634533, -48.650512, 10.161748
365, -37.358600, 22.484067, -54.937224, 13.361460
366, -37.508467, 22.296200, -57.920909, 13.695529
367, -37.761233, 22.077567, -56.330743, 14.111404
368, -38.085033, 21.831867, -56.722597, 13.886509
369, -38.401533, 21.605133, -56.070804, 14.659588
370, -38.728167, 21.332333, -55.990028, 14.732934
371, -39.097033, 21.049633, -56.015857, 14.575302
372, -39.449567, 20.823900, -55.853518, 14.509771
373, -39.751167, 20.591433, -55.621858, 14.495043
374, -39.960200, 20.370667, -55.118107, 14.687768
375, -40.069367, 20.210933, -54.903370, 14.968976
376, -40.058500, 20.146300, -55.886998, 14.804403
377, -40.014467, 20.177167, -54.938812, 15.127351
378, -39.936400, 20.264300, -54.672671, 15.664974
379, -39.875700, 20.379000, -54.438560, 16.023674
380, -39.796133, 20.424967, -54.365562, 16.151317
381, -39.644267, 20.464500, -54.123465, 16.328163
382, -39.425300, 20.463933, -53.936414, 16.418541
383, -39.133767, 20.374567, -53.986075, 16.564645
384, -38.784867, 20.354833, -54.520290, 16.597021
385, -38.371467, 20.423333, -55.425464, 16.662052
386, -37.934900, 20.468433, -55.192233, 16.902342
387, -37.488933, 20.604933, -54.563912, 17.101934
388, -37.125167, 20.782533, -54.279477, 17.473114
389, -36.754133, 21.042933, -53.590706, 17.744971
390, -36.360133, 21.446567, -53.463040, 18.233141
391, -35.948267, 21.853733, -53.036635, 18.543924
392, -35.543667, 22.385200, -53.336233, 20.405793
393, -35.198333, 22.978533, -56.338703, 25.295878
394, -34.819533, 23.536733, -58.430478, 28.444881
395, -34.411900, 24.038667, -57.838463, 28.826740
396, -33.936200, 24.428267, -56.926148, 29.186399
397, -33.475067, 24.831400, -56.334035, 29.278266
398, -33.066733, 25.234800, -56.293650, 29.019182
399, -32.779033, 25.635267, -56.418164, 29.015070
400, -32.547900, 26.069133, -56.548176, 29.050077
401, -32.328333, 26.483333, -56.619364, 29.201804
402, -32.142467, 26.787500, -56.907746, 29.153433
403, -31.938467, 27.091933, -56.857174, 28.992032
404, -31.790133, 27.348433, -56.751516, 29.079088
405, -31.723300, 27.587433, -56.927934, 29.118134
406, -31.751267, 27.890300, -57.104015, 28.950814
407, -31.648133, 28.242367, -56.914443, 29.125295
408, -31.374867, 28.306467, -56.596583, 29.088456
409, -31.143867, 28.453533, -55.418672, 28.838862
410, -30.956700, 28.597267, -51.120605, 21.892940
411, -30.854700, 28.716033, -49.931999, 20.571691
412, -30.781100, 28.883633, -49.955733, 20.956212
413, -30.754867, 29.041967, -49.937408, 21.329141
414, -30.675367, 29.193367, -49.708225, 21.972209
415, -30.519133, 29.307267, -48.888118, 22.481845
416, -30.246667, 29.411733, -48.089876, 22.902734
417, -29.728733, 29.509600, -42.512395, 25.788944
418, -28.963800, 29.783633, -35.780762, 28.154754
419, -27.998233, 30.183833, -34.454334, 28.511659
420, -26.931333, 30.677867, -33.205971, 30.243367
421, -25.944467, 31.005767, -31.852372, 30.618363
422, -25.009967, 31.300500, -30.898405, 31.178451
423, -24.015767, 31.606267, -29.712136, 31.704343
424, -23.148600, 31.871967, -28.636827, 34.422926
425, -22.136500, 32.291767, -27.503707, 39.525536
426, -21.075633, 32.656300, -26.606798, 40.329188
427, -20.136633, 32.964933, -25.809768, 41.522150
428, -19.048967, 33.363233, -24.786977, 41.829008
429, -18.066667, 33.648000, -23.668001, 42.295263
430, -17.078367, 33.915467, -23.372058, 43.082468
431, -15.992333, 34.213433, -15.920177, 40.372634
432, -14.958367, 34.447633, -14.809512, 40.143060
433, -13.747233, 34.765233, -14.157970, 41.206955
434, -12.457133, 35.069733, -12.924170, 41.571972
435, -11.267433, 35.184900, -11.695079, 40.953120
436, -9.984233, 35.308867, -11.183836, 40.027150
437, -8.606967, 35.531767, -11.058447, 40.469608
438, -7.420967, 35.832667, -11.405861, 41.376300
439, -6.608433, 36.122033, -11.240561, 42.371367
440, -5.902800, 36.296233, -8.789505, 41.371576
441, -5.166667, 36.410000, -7.817350, 41.339656
442, -4.385167, 36.591567, -6.706634, 41.282882
443, -3.372600, 36.794167, -5.633536, 41.396294
444, -2.297467, 37.075967, -4.540349, 41.670478
445, -1.152000, 37.260567, -3.540306, 41.848259
446, -0.114300, 37.472767, -2.553829, 42.064672
447, 0.811600, 37.696467, -1.902347, 42.324465
448, 1.630200, 37.852467, -1.275701, 41.550275
449, 2.446800, 38.006900, 0.713275, 40.981930
450, 3.399267, 38.165233, 9.807700, 40.927344
451, 4.501333, 38.295933, 21.222967, 39.370886
452, 5.699800, 38.346300, 23.336584, 39.128354
453, 6.993533, 38.318533, 22.540729, 39.200197
454, 8.396967, 38.275600, 21.839355, 38.808981
455, 9.911366, 38.307700, 21.397716, 39.211658
456, 11.536200, 38.431367, 21.546419, 39.024162
457, 12.969767, 38.531167, 21.050189, 38.824692
458, 14.331433, 38.626800, 21.311558, 39.540795
459, 15.665667, 38.738900, 21.468816, 39.680063
460, 16.858333, 38.896833, 20.473500, 40.470322
461, 18.018933, 39.120467, 20.280902, 40.268301
462, 18.982850, 39.337950, 18.615781, 41.175202
463, 20.184733, 39.659167, 18.424968, 42.211258
464, 21.191067, 39.918067, 23.671551, 43.067997
465, 22.158133, 40.164533, 34.484753, 41.735407
466, 23.011267, 40.356900, 37.725058, 40.536394
467, 23.928700, 40.516233, 37.842956, 42.059004
468, 24.852700, 40.666000, 37.920118, 41.613127
469, 25.752867, 40.823333, 36.767722, 41.875824
470, 26.724500, 40.983767, 35.966612, 41.426287
471, 27.705733, 41.130867, 35.809020, 41.990242
472, 28.700367, 41.242833, 36.445008, 42.133955
473, 29.796633, 41.376533, 41.471764, 46.108254
474, 30.906900, 41.585300, 45.487934, 47.913141
475, 31.979133, 41.817800, 47.110574, 47.594782
476, 33.045467, 42.020300, 47.820800, 48.837571
477, 34.141733, 42.222367, 47.406502, 48.005403
478, 35.006300, 42.408850, 46.385364, 47.821091
479, 36.177900, 42.702900, 46.699240, 48.177690
480, 37.166467, 42.962967, 46.305769, 49.524454
481, 38.003600, 43.208900, 47.405193, 48.941047
482, 38.748333, 43.456133, 48.079382, 48.485220
483, 39.689267, 43.709033, 53.051888, 45.655176
484, 40.586733, 43.959733, 56.645238, 45.236683
485, 41.502033, 44.147000, 55.856534, 45.864130
486, 42.504200, 44.248367, 56.630491, 45.729396
487, 43.582667, 44.326967, 56.703650, 45.756938
488, 44.689633, 44.396667, 55.911213, 45.198049
489, 45.828600, 44.469833, 56.311702, 45.541304
490, 46.990033, 44.538000, 55.993299, 46.139984
491, 48.109133, 44.611767, 57.968706, 45.496511
492, 49.314400, 44.672700, 66.675392, 40.712071
493, 50.544967, 44.717167, 73.486865, 34.581612
494, 51.783367, 44.720733, 75.609051, 32.346267
495, 53.041033, 44.740633, 78.364103, 33.220945
496, 54.234800, 44.773067, 75.271620, 33.144082
497, 55.377567, 44.768933, 74.607023, 32.360475
498, 56.547000, 44.718200, 75.039434, 33.115073
499, 57.672567, 44.636200, 75.293013, 33.650925
500, 58.747067, 44.492667, 75.148805, 33.228398
501, 59.842567, 44.327267, 79.551676, 29.776894
502, 60.924367, 44.157200, 82.612734, 27.680281
503, 61.960667, 43.987233, 82.485416, 28.083772
504, 62.969100, 43.829100, 81.830300, 28.266799
505, 64.026533, 43.669333, 81.502696, 28.238601
506, 65.100200, 43.483000, 81.753117, 27.803120
507, 66.321933, 43.278467, 81.541151, 27.967552
508, 67.614567, 43.075933, 81.855415, 27.592184
509, 68.885533, 42.847067, 82.646557, 27.388970
510, 70.184400, 42.552133, 82.695681, 20.766100
511, 71.441633, 42.225533, 84.316276, 18.248813
512, 72.735233, 41.904900, 86.071789, 21.253711
513, 74.057900, 41.590000, 88.002239, 24.209875
514, 75.357600, 41.296633, 91.140398, 26.027165
515, 76.701033, 40.993233, 93.634088, 29.005381
516, 77.908733, 40.613200, 94.102944, 29.090504
517, 79.261867, 40.259600, 94.522203, 28.821451
518, 80.796067, 40.000867, 94.953355, 29.644333
519, 82.387633, 39.695500, 95.379325, 29.722263
520, 84.145333, 39.344567, 99.559584, 29.525248
521, 86.063500, 38.902367, 114.131094, 25.501911
522, 87.797100, 38.520150, 120.142717, 23.879391
523, 90.174347, 38.039000, 124.923144, 21.851424
524, 92.190193, 37.663733, 124.035924, 22.528135
525, 94.161961, 37.320500, 123.881494, 22.672777
526, 95.991413, 36.997300, 124.162504, 22.764082
527, 97.733803, 36.622300, 123.790033, 23.127560
528, 99.448559, 36.252267, 123.716545, 23.320028
529, 101.219833, 35.774833, 122.634591, 23.418129
530, 103.127263, 35.264067, 121.678260, 24.233097
531, 105.184873, 34.573400, 120.879675, 23.733611
532, 107.412810, 34.160967, 120.860972, 24.685009
533, 109.459540, 33.811733, 124.691004, 25.348792
534, 111.493430, 33.441767, 134.942890, 26.763650
535, 113.473227, 33.099667, 140.803197, 26.946352
536, 115.338897, 32.776567, 141.436806, 27.633715
537, 117.043847, 32.354333, 141.241958, 28.063633
538, 118.599320, 31.932000, 141.393808, 28.411330
539, 119.953693, 31.607333, 141.152713, 28.920809
540, 121.085667, 31.335267, 141.321884, 29.858265
541, 122.224160, 31.031933, 139.539012, 30.004483
542, 123.320207, 30.756433, 141.548280, 30.464131
543, 124.358473, 30.541967, 144.897559, 30.557236
544, 125.477333, 30.467733, 145.740083, 30.393493
545, 126.575083, 30.367700, 145.748701, 30.730813
546, 127.659550, 30.158900, 145.238043, 30.558493
547, 128.678947, 29.919633, 145.128204, 31.459761
548, 129.795577, 29.630067, 146.021451, 31.579802
549, 131.104030, 29.167833, 146.426049, 31.473249
550, 132.687905, 28.653000, 150.607121, 28.798080
551, 135.636104, 27.834633, 155.898050, 22.326750
552, 138.382036, 27.310200, 168.261684, 18.408944
553, 141.126894, 26.802367, 169.081775, 16.431052
554, 143.672323, 26.242300, 171.103252, 16.602530
555, 145.928253, 25.584233, 169.361451, 16.977263
556, 147.930717, 24.922400, 169.412832, 16.164775
557, 149.891070, 24.200833, 168.989482, 15.472125
558, 151.686994, 23.324633, 173.465603, 15.292372
559, 153.186207, 22.400900, 177.700803, 14.336644
560, 154.342450, 21.563700, 177.530000, 14.232584
561, 155.246700, 20.875167, 177.319980, 14.747918
562, 155.926997, 20.305067, 177.190820, 15.258330
563, 156.388537, 19.782133, 177.456745, 14.934256
564, 156.724920, 19.306300, 177.639445, 14.820441
565, 156.872647, 18.909200, 177.592478, 15.025894
566, 156.948873, 18.554867, 178.069545, 14.573210
567, 156.900270, 18.237667, 178.555963, 14.368180
568, 156.860010, 17.904967, 178.616984, 14.190003
569, 156.816553, 17.584933, 178.500725, 14.161478
570, 156.687657, 17.355167, 178.320803, 14.068754
571, 156.600390, 17.104700, 178.106202, 14.198867
572, 156.432847, 16.839500, 177.926378, 14.281036
573, 156.226323, 16.565233, 177.694215, 14.473615
574, 156.064667, 16.265067, 177.261348, 14.699274
575, 155.842453, 15.981333, 176.788321, 14.942002
576, 155.666230, 15.724133, 176.342392, 14.943146
577, 155.512847, 15.449133, 176.510769, 14.618906
578, 155.332880, 15.156867, 174.713257, 13.960612
579, 155.177197, 14.926267, 164.888459, 10.040550
580, 154.995423, 14.732433, 158.994187, 8.533517
581, 154.837303, 14.562133, 158.775036, 8.259542
582, 154.657450, 14.365433, 158.675675, 7.994725
583, 154.439707, 14.162600, 158.615059, 7.796265
584, 154.196657, 14.007400, 158.561261, 7.662562
585, 153.854473, 13.876500, 158.433637, 7.629058
586, 153.497657, 13.767600, 158.243837, 7.631834
587, 153.139127, 13.693267, 158.145308, 7.676461
588, 152.749463, 13.612967, 158.223046, 7.652327
589, 152.395383, 13.501133, 158.412654, 7.613978
590, 151.997523, 13.335067, 157.939703, 7.449801
591, 151.559453, 13.134167, 153.366825, 4.458887
592, 151.101180, 12.938067, 149.609961, 1.955853
593, 150.585697, 12.732267, 149.260554, 1.276324
594, 150.074353, 12.465700, 149.106238, 0.495447
595, 149.526423, 12.175933, 148.609365, 0.418898
596, 148.947140, 11.902033, 148.771635, 0.234232
597, 148.271363, 11.605267, 148.398620, -0.032086
598, 147.494250, 11.355200, 145.482469, 1.265985
599, 146.658057, 11.297267, 136.025376, 5.761009
600, 146.014580, 11.314300, 129.929793, 8.458480
