1, -4.824700, 21.151600, -5.180345, 0.123760
2, -4.824700, 21.151600, -5.180345, 0.123760
3, -4.819100, 20.158900, -5.258944, -0.738338
4, -4.760967, 19.035167, -5.851996, -2.089613
5, -4.673667, 18.076367, -6.288844, -2.882365
6, -4.605533, 17.116033, -5.845426, -2.481089
7, -4.552400, 16.172333, -5.463037, -1.863688
8, -4.484000, 15.314633, -5.923523, -2.218565
9, -4.446233, 14.691200, -6.014598, -2.382238
10, -4.484800, 14.289867, -6.093397, -1.884090
11, -4.527000, 13.961567, -6.117169, -1.590119
12, -4.535333, 13.563467, -6.116641, -1.662400
13, -4.514600, 13.091600, -6.419074, -1.832265
14, -4.518433, 12.587833, -9.017336, -4.932847
15, -4.540600, 12.053800, -9.903379, -5.884563
16, -4.534300, 11.508400, -9.936271, -6.409730
17, -4.491567, 10.987433, -9.309228, -6.871775
18, -4.462167, 10.502833, -9.286765, -7.242893
19, -4.401767, 9.971833, -9.335316, -7.333852
20, -4.186667, 9.360933, -9.027014, -7.655092
21, -3.759200, 8.737667, -8.405929, -7.636548
22, -2.830200, 8.174300, -7.347990, -7.498415
23, -1.183401, 7.703633, -6.795641, -7.414550
24, 1.526962, 7.327333, -5.740394, -7.170193
25, 4.826067, 6.779367, 1.263323, -9.891878
26, 8.067500, 6.136267, 12.097020, -14.123588
27, 11.323934, 5.388933, 19.372240, -17.883294
28, 14.349534, 4.612200, 17.515966, 18.007298
29, 16.870301, 3.862800, 21.933161, -18.334250
30, 18.862000, 3.232000, 21.423029, -17.814447
31, 20.424933, 2.871867, 20.944150, -17.929270
32, 21.597233, 2.470033, 22.992586, -20.518191
33, 22.454933, 2.093467, 23.716018, -20.819840
34, 22.957500, 1.817433, 24.156165, -21.234228
35, 23.247667, 1.541733, 23.589240, -21.561408
36, 23.473400, 1.331667, 23.533061, -21.505967
37, 23.620433, 1.248467, 23.170782, -20.989003
38, 23.706533, 1.222667, 23.079001, -20.887998
39, 23.762133, 1.168700, 22.969729, -20.912345
40, 23.836133, 1.041933, 22.715017, -20.484254
41, 23.868267, 0.893000, 24.542150, -16.040333
42, 23.881267, 0.741433, 25.743933, -13.453106
43, 23.923967, 0.613600, 25.921458, -13.397693
44, 23.996800, 0.551600, 26.210694, -13.233858
45, 24.113333, 0.536500, 26.287734, -13.192152
46, 24.283267, 0.505567, 26.084082, -13.231650
47, 24.490833, 0.501667, 26.227505, -13.201277
48, 24.740667, 0.505767, 26.367273, -13.220884
49, 24.979667, 0.479067, 26.473310, -13.249088
50, 25.222333, 0.397067, 26.402463, -13.301227
51, 25.485733, 0.187700, 26.630259, -13.452928
52, 25.797800, -0.116486, 26.843781, -13.707158
53, 26.130500, -0.426724, 26.811688, -14.473784
54, 26.500700, -0.779814, 27.234605, -18.650293
55, 26.945067, -1.217987, 27.762580, -19.259944
56, 27.414633, -1.718607, 27.996638, -19.739829
57, 27.934467, -2.264584, 28.485376, -20.159442
58, 28.502667, -2.846256, 29.046818, -20.561681
59, 29.106267, -3.412570, 29.611969, -21.170554
60, 29.739633, -3.955474, 29.548833, -21.180157
61, 30.379333, -4.478048, 29.393152, -21.016017
62, 31.050267, -4.958675, 28.809233, -20.319230
63, 31.756400, -5.403571, 29.507026, -20.851443
64, 32.540833, -5.930601, 36.367951, -23.917532
65, 33.398267, -6.512861, 45.806983, -27.458794
66, 34.394033, -7.136526, 50.328080, -28.608111
67, 35.535567, -7.751806, 49.699368, -27.514387
68, 36.780367, -8.229343, 49.638386, -28.118120
69, 38.089500, -8.605969, 50.226596, -28.402508
70, 39.531833, -8.891432, 50.443667, -28.633473
71, 41.102267, -9.180193, 50.723612, -28.088750
72, 42.708100, -9.543151, 50.460283, -27.692597
73, 44.314000, -9.916139, 50.830271, -28.828689
74, 45.905933, -10.293263, 55.992795, -30.185881
75, 47.542833, -10.681133, 66.047465, -31.635193
76, 49.228567, -11.063053, 67.871850, -31.832180
77, 50.904367, -11.415450, 67.884853, -31.695522
78, 52.527000, -11.710733, 67.743393, -32.027883
79, 54.130633, -12.065953, 67.875004, -31.690661
80, 55.647767, -12.433717, 67.510090, -32.131795
81, 57.163967, -12.789763, 67.828761, -31.982652
82, 58.629300, -13.123400, 67.455969, -31.551941
83, 59.979633, -13.365897, 67.028562, -31.602531
84, 61.240700, -13.605067, 73.020193, -32.594167
85, 62.394733, -13.769983, 76.386644, -33.078349
86, 63.441833, -13.940880, 76.193021, -33.205867
87, 64.390933, -14.175793, 75.961440, -33.520324
88, 65.248567, -14.357140, 75.789561, -32.848104
89, 65.999667, -14.507287, 75.611877, -33.001265
90, 66.706467, -14.648753, 75.463883, -33.197416
91, 67.389267, -14.862507, 75.448867, -33.066993
92, 68.121867, -15.065400, 77.626980, -31.223265
93, 68.921167, -15.301060, 79.473931, -31.684922
94, 69.759633, -15.451907, 79.321778, -31.110307
95, 70.630367, -15.558630, 79.066938, -30.768452
96, 71.483833, -15.677473, 79.375936, -30.605880
97, 72.333333, -15.749143, 81.315395, -30.553414
98, 73.136867, -15.811763, 87.663076, -29.647195
99, 73.910367, -15.831953, 88.937028, -29.512083
100, 74.657233, -15.862237, 88.934030, -29.502577
101, 75.357600, -15.876580, 87.883723, -30.561364
102, 76.030533, -15.847173, 87.991312, -30.142476
103, 76.657533, -15.896220, 88.212687, -29.827604
104, 77.286933, -15.927800, 88.190631, -30.010163
105, 77.913533, -15.971150, 88.100953, -29.664596
106, 78.513933, -16.040810, 88.326011, -29.745236
107, 79.111633, -16.084150, 87.687459, -29.489599
108, 79.680233, -16.157787, 87.548579, -29.468219
109, 80.215333, -16.221517, 86.960660, -34.847869
110, 80.707167, -16.328773, 85.347271, -39.504084
111, 81.157867, -16.394867, 86.336956, -39.983710
112, 81.578700, -16.429677, 86.768635, -40.194088
113, 81.931733, -16.478407, 86.866666, -40.078625
114, 82.243800, -16.441070, 87.094146, -40.003802
115, 82.511500, -16.456837, 86.834454, -39.760779
116, 82.707033, -16.438810, 84.357738, -40.200892
117, 82.871300, -16.406040, 81.020135, -34.129653
118, 83.018733, -16.403047, 82.449172, -39.810695
119, 83.111300, -16.356033, 82.619930, -39.924475
120, 83.135233, -16.290700, 82.651508, -39.899640
121, 83.083167, -16.200897, 82.481116, -39.851928
122, 82.890700, -16.011807, 80.719412, -32.328449
123, 82.453167, -15.548170, 81.492582, -35.575816
124, 81.682533, -14.947000, 80.816211, -36.847789
125, 80.519033, -13.998143, 76.030936, -25.716492
126, 79.027033, -12.793327, 73.468346, -16.816632
127, 77.674650, -11.689230, 71.647346, -13.449452
128, 75.812967, -10.084775, 71.666543, -10.804604
129, 74.357200, -8.773762, 71.108694, -9.686424
130, 73.116700, -7.491367, 70.412230, -8.334296
131, 72.107433, -6.254014, 71.243646, -8.500087
132, 71.319767, -5.331483, 72.445145, -9.420188
133, 70.731600, -4.538165, 72.326933, -9.782930
134, 70.347333, -3.987229, 72.536355, -9.491423
135, 70.082967, -3.444031, 72.884073, -9.719917
136, 69.916500, -2.973877, 73.263627, -10.358749
137, 69.833667, -2.576406, 73.674811, -10.542574
138, 69.769467, -2.180041, 73.656807, -10.539399
139, 69.738633, -1.833923, 73.461968, -11.659595
140, 69.697000, -1.436071, 73.611570, -11.987158
141, 69.621033, -1.088571, 73.386701, -11.813037
142, 69.537067, -0.846573, 73.114134, -11.747553
143, 69.461533, -0.631016, 73.059845, -11.658264
144, 69.393000, -0.506184, 73.111837, -11.893630
145, 69.314200, -0.386882, 73.152288, -12.170911
146, 69.229567, -0.329776, 73.147178, -12.154904
147, 69.096633, -0.296652, 73.149864, -12.210744
148, 68.940067, -0.236611, 73.075619, -12.343728
149, 68.761600, -0.168914, 72.963015, -12.360663
150, 68.562133, -0.087961, 73.081037, -12.474436
151, 68.366167, -0.032151, 73.046277, -12.454368
152, 68.170800, 0.074300, 73.042556, -12.363427
153, 67.967767, 0.299100, 71.573526, -9.389384
154, 67.750933, 0.783767, 66.815016, -0.262385
155, 67.462433, 1.510100, 66.265396, 2.411578
156, 67.036767, 2.492733, 66.075094, 2.871904
157, 66.515267, 3.526366, 65.629981, 3.838565
158, 65.901400, 4.845300, 65.074778, 4.128102
159, 65.215500, 6.113067, 64.674833, 4.602786
160, 64.520500, 7.439833, 64.826988, 4.506574
161, 63.807600, 8.697767, 62.788487, 8.526739
162, 63.039833, 10.059500, 59.676816, 13.734978
163, 62.254333, 11.371867, 58.790934, 14.838387
164, 61.429533, 12.717067, 58.448457, 15.888634
165, 60.555467, 14.100533, 58.092394, 16.539882
166, 59.707767, 15.457733, 57.701635, 16.436925
167, 58.906300, 16.778367, 57.660736, 16.278717
168, 58.133233, 17.960933, 53.361577, 20.247253
169, 57.156333, 19.223967, 47.500751, 24.667624
170, 55.889867, 20.591900, 47.113034, 24.408590
171, 54.401567, 21.982800, 45.956261, 24.695228
172, 52.720800, 23.475400, 45.171865, 25.302584
173, 50.921234, 24.992000, 44.399650, 26.217693
174, 48.985367, 26.632933, 37.686078, 30.220448
175, 46.899867, 28.151733, 32.208988, 31.817312
176, 44.822500, 29.513633, 30.408923, 32.332983
177, 42.896300, 30.714233, 28.397827, 32.813901
178, 41.118933, 31.769267, 28.124616, 32.716016
179, 39.344100, 32.747967, 27.592761, 33.340065
180, 37.671000, 33.667433, 28.757434, 32.152051
181, 36.148633, 34.593900, 26.839047, 32.178585
182, 34.652833, 35.468700, 18.766732, 31.732838
183, 33.214900, 36.269367, 17.989167, 32.126389
184, 31.673367, 36.993800, 17.419877, 31.703764
185, 30.016033, 37.566167, 17.105623, 31.945200
186, 28.463400, 38.187800, 17.724039, 31.823978
187, 26.889667, 38.804567, 17.864290, 31.460057
188, 25.341766, 39.356733, 17.295111, 31.837506
189, 23.941900, 39.889433, 17.298935, 31.514443
190, 22.728033, 40.425467, 11.617798, 36.705531
191, 21.627667, 40.982900, 5.795405, 43.064759
192, 20.638467, 41.525167, 5.060040, 44.789167
193, 19.580200, 41.903933, 5.647842, 44.518058
194, 18.601067, 42.306267, 4.946237, 44.369088
195, 17.619900, 42.696900, 4.859676, 44.537909
196, 16.565900, 43.032133, 4.244272, 44.322053
197, 15.609033, 43.300967, 4.061085, 44.514928
198, 14.739900, 43.454433, 3.129630, 39.007130
199, 14.086633, 43.498500, 1.876094, 32.455956
200, 13.635967, 43.490067, 1.481799, 32.563366
201, 13.256333, 43.468433, 1.392462, 32.503358
202, 12.858633, 43.389233, 1.584194, 32.209675
203, 12.442633, 43.290933, 1.612926, 31.999704
204, 11.960633, 43.219200, 1.626860, 31.885717
205, 11.428333, 43.186067, 1.312769, 31.946255
206, 10.804833, 43.245667, 1.100801, 32.269169
207, 10.061900, 43.331567, 1.006962, 32.118974
208, 9.217467, 43.400833, 0.733703, 31.952236
209, 8.315333, 43.454233, 0.603853, 32.117479
210, 7.332500, 43.494600, 0.325620, 33.369496
211, 6.220333, 43.577000, -3.536004, 41.396493
212, 4.952900, 43.727800, -5.435967, 48.433133
213, 3.635300, 43.849500, -6.190057, 49.029912
214, 2.398633, 43.859133, -6.650501, 49.143227
215, 1.322700, 43.864633, -6.720822, 49.369348
216, 0.405567, 43.882733, -6.407298, 49.391300
217, -0.334433, 43.903233, -5.252225, 49.465030
218, -0.890800, 43.934500, -4.807460, 49.071676
219, -1.336200, 43.974467, -5.092063, 48.897567
220, -1.687067, 43.998100, -5.230960, 48.732009
221, -2.020733, 44.032533, -5.240790, 48.765195
222, -2.353667, 44.079700, -5.080259, 48.794246
223, -2.724067, 44.052567, -5.177280, 48.742444
224, -3.098800, 43.978667, -5.470279, 48.631090
225, -3.424133, 43.905667, -7.875719, 47.382018
226, -3.758767, 43.799167, -11.865891, 45.022433
227, -4.105300, 43.682967, -14.164235, 44.890626
228, -4.449600, 43.566467, -14.710934, 44.406528
229, -4.845800, 43.456167, -14.917800, 44.336379
230, -5.295433, 43.363733, -15.125137, 44.280860
231, -5.781300, 43.309000, -15.022521, 43.980765
232, -6.348967, 43.260300, -15.141687, 44.044522
233, -6.939300, 43.211600, -15.196211, 43.995913
234, -7.654600, 43.131900, -15.339343, 43.879270
235, -8.497800, 43.033567, -15.596943, 43.896218
236, -9.337667, 42.892933, -15.837968, 43.666222
237, -10.191300, 42.745567, -16.328422, 43.557770
238, -11.016000, 42.552167, -16.708805, 42.859180
239, -11.869933, 42.354700, -16.406380, 42.772814
240, -12.716733, 42.152567, -16.596054, 42.711240
241, -13.468133, 41.980800, -16.991575, 42.824824
242, -14.140167, 41.894067, -18.083338, 42.693239
243, -14.692967, 41.877100, -25.076872, 42.378770
244, -15.180733, 41.918367, -31.706619, 41.584942
245, -15.683533, 41.973767, -33.770841, 41.088616
246, -16.171800, 42.007333, -34.165122, 40.948030
247, -16.735767, 41.994833, -34.416615, 40.873011
248, -17.317633, 41.948733, -34.897050, 40.842306
249, -17.890133, 41.931367, -34.892452, 40.793919
250, -18.504400, 41.902433, -35.232321, 40.667189
251, -19.163367, 41.911100, -35.940726, 40.862587
252, -19.842200, 41.910567, -36.167798, 40.896084
253, -20.530267, 41.873667, -36.049669, 40.825541
254, -21.161700, 41.833233, -36.131820, 40.708199
255, -21.712300, 41.826900, -35.443121, 40.722666
256, -22.108967, 41.850000, -35.013822, 40.799743
257, -22.351800, 41.872433, -35.211602, 40.346516
258, -22.490667, 41.881867, -40.558116, 37.099046
259, -22.568533, 41.857300, -40.961826, 36.309960
260, -22.648100, 41.808000, -41.883640, 35.733427
261, -22.734967, 41.740767, -41.325870, 35.660606
262, -22.860900, 41.664333, -40.954385, 35.797853
263, -22.999100, 41.596767, -40.904355, 35.821402
264, -23.149867, 41.525700, -40.935480, 35.784793
265, -23.338867, 41.448967, -41.078322, 35.852338
266, -23.554233, 41.376633, -42.238035, 35.862270
267, -23.840100, 41.329900, -42.486115, 36.041734
268, -24.223533, 41.276033, -42.762573, 36.085746
269, -24.694333, 41.222067, -43.292514, 36.140353
270, -25.623400, 41.033767, -44.305456, 35.847763
271, -27.647330, 40.651933, -45.585190, 35.435847
272, -30.875968, 40.490167, -49.225209, 36.607023
273, -34.234101, 40.301900, -54.921985, 36.474732
274, -37.350967, 40.014367, -55.638954, 36.176991
275, -40.045968, 39.649900, -55.962757, 36.028163
276, -42.084067, 39.277400, -56.288959, 35.908169
277, -43.197700, 38.981700, -55.860514, 35.881337
278, -44.276800, 38.496867, -54.767101, 35.757357
279, -44.944467, 38.028733, -54.595915, 35.430508
280, -45.812733, 37.565000, -54.416152, 35.161919
281, -46.800167, 37.096833, -54.723026, 34.714593
282, -47.735033, 36.585100, -54.516061, 34.476943
283, -48.587033, 36.124333, -54.796211, 34.227306
284, -49.297467, 35.680800, -54.744573, 33.941670
285, -49.864567, 35.293367, -55.191677, 34.202130
286, -50.262167, 34.868233, -55.211897, 33.999772
287, -50.568567, 34.524267, -54.803255, 34.096738
288, -50.731800, 34.217367, -54.246519, 34.018478
289, -50.880333, 33.865600, -54.129968, 34.328968
290, -51.035567, 33.550867, -53.866212, 34.511280
291, -51.222700, 33.226133, -54.146058, 34.420910
292, -51.418300, 32.846667, -54.958165, 33.043639
293, -51.614333, 32.499467, -59.762840, 26.255836
294, -51.859400, 32.054233, -63.601110, 19.188543
295, -52.110267, 31.535333, -66.463541, 15.390452
296, -52.362600, 30.990300, -66.969405, 14.453373
297, -52.659500, 30.428133, -67.322270, 14.691867
298, -53.012000, 29.875200, -68.125598, 15.178636
299, -53.465367, 29.391767, -68.325794, 14.983874
300, -53.931900, 28.884267, -68.127707, 15.364611
301, -54.457533, 28.363967, -68.356735, 12.330129
302, -55.021667, 27.908533, -69.913140, 9.801153
303, -55.578233, 27.381767, -70.265744, 9.641897
304, -56.161333, 26.922033, -70.001457, 8.956832
305, -56.727367, 26.425700, -70.069360, 8.583510
306, -57.269100, 25.836200, -70.052786, 8.791932
307, -57.787300, 25.040033, -70.131172, 6.935242
308, -58.391800, 23.943733, -72.737621, -0.362968
309, -59.064433, 22.674667, -72.657312, -4.098358
310, -59.800400, 21.443933, -71.686152, -3.509182
311, -60.560633, 20.213900, -71.803617, -4.491703
312, -61.356867, 18.944900, -73.093382, -4.538858
313, -62.173267, 17.561133, -72.989855, -5.493972
314, -62.931700, 16.100400, -73.632300, -5.721531
315, -63.703867, 14.576700, -74.030685, -5.537030
316, -64.419433, 13.058467, -73.143104, -11.520724
317, -65.045533, 11.608733, -72.932378, -17.972248
318, -65.624467, 10.328767, -72.897608, -17.957579
319, -66.045867, 9.076967, -72.941570, -18.145498
320, -66.350800, 7.970833, -73.143202, -18.010605
321, -66.566733, 6.938700, -73.215378, -17.899220
322, -66.738533, 5.862367, -72.356597, -18.260845
323, -66.961067, 4.839067, -71.513452, -19.967321
324, -67.189333, 3.782267, -70.444225, -22.947551
325, -67.408633, 2.619133, -71.515609, -22.439409
326, -67.556533, 1.614067, -71.711716, -22.191412
327, -67.731567, 0.701600, -70.674664, -23.133997
328, -67.874667, -0.146670, -70.805079, -23.292198
329, -67.980300, -0.825769, -71.910191, -21.749708
330, -68.098200, -1.515830, -72.307688, -21.792142
331, -68.186733, -2.272776, -71.750389, -22.285623
332, -68.295867, -3.078256, -71.637977, -22.667789
333, -68.369467, -3.893603, -71.721163, -22.984720
334, -68.401000, -4.567063, -71.177701, -23.331896
335, -68.423900, -5.271930, -70.355741, -26.067269
336, -68.397100, -6.066781, -68.766115, -34.632999
337, -68.326250, -6.795848, -69.287220, -34.778159
338, -68.139233, -7.970539, -69.253101, -35.787090
339, -67.894500, -8.971645, -69.047571, -36.624523
340, -67.567533, -9.993494, -69.208723, -36.486827
341, -67.262267, -11.115050, -68.631020, -36.768987
342, -66.959133, -12.069287, -68.097617, -37.922854
343, -66.656533, -13.038497, -67.301858, -36.395588
344, -66.429400, -13.887583, -68.880360, -34.669561
345, -66.234700, -14.687887, -69.549174, -36.164449
346, -66.038100, -15.493673, -68.499514, -36.775273
347, -65.843067, -16.174223, -68.020718, -36.847885
348, -65.670167, -16.821683, -68.604050, -35.840638
349, -65.544733, -17.473363, -67.306936, -36.115035
350, -65.441200, -18.120837, -64.319775, -35.226696
351, -65.437067, -18.564263, -63.840568, -34.822108
352, -65.524067, -19.031017, -64.096622, -34.712751
353, -65.674833, -19.531650, -64.569994, -34.549509
354, -65.878533, -20.154587, -64.912714, -34.844952
355, -66.120567, -20.819240, -70.763284, -36.811613
356, -66.483800, -21.382913, -81.598445, -41.633082
357, -66.868000, -21.863430, -86.024798, -42.323772
358, -67.307833, -22.122220, -86.240060, -42.427444
359, -67.764900, -22.377467, -86.935703, -42.085395
360, -68.253300, -22.625183, -87.773758, -42.264502
361, -68.732800, -22.962430, -88.160033, -42.547530
362, -69.288433, -23.408190, -88.710021, -42.502273
363, -69.946867, -23.903583, -89.114930, -42.589837
364, -70.652633, -24.413293, -88.859128, -42.708004
365, -71.409967, -24.830873, -88.958984, -42.800771
366, -72.158333, -25.190873, -89.916599, -42.855474
367, -72.938667, -25.529063, -95.960014, -43.662231
368, -73.773933, -25.885513, -97.102519, -43.662925
369, -74.637267, -26.137727, -97.860942, -43.779690
370, -75.362933, -26.343510, -97.517505, -44.202414
371, -76.072700, -26.262007, -96.973045, -44.427754
372, -76.799800, -26.247147, -97.336491, -44.293742
373, -77.497300, -26.319683, -98.038812, -43.957923
374, -78.130533, -26.407957, -97.668321, -44.196159
375, -78.671933, -26.560457, -96.171892, -44.596091
376, -79.143400, -26.703257, -96.491485, -44.653633
377, -79.488633, -26.862463, -98.239186, -44.838432
378, -79.744600, -27.035713, -98.187822, -45.055963
379, -79.892533, -27.254750, -97.648815, -43.565951
380, -79.960667, -27.356567, -95.054698, -37.564527
381, -79.971467, -27.376417, -93.344494, -34.937272
382, -79.962267, -27.399510, -93.128995, -35.013110
383, -79.954467, -27.344710, -92.854551, -35.098391
384, -79.955867, -27.282503, -92.922610, -35.138252
385, -79.994467, -27.219770, -92.954768, -35.156192
386, -80.009367, -27.218093, -92.932595, -35.263305
387, -79.968200, -27.162503, -92.900534, -35.284103
388, -79.914300, -27.164060, -92.956792, -35.265720
389, -79.790833, -27.234960, -92.850649, -35.334394
390, -79.647133, -27.262847, -92.778522, -35.333116
391, -79.493167, -27.381940, -92.743657, -35.651065
392, -79.318500, -27.433770, -92.487990, -35.700066
393, -79.196133, -27.399533, -92.446976, -35.363924
394, -79.121633, -27.399707, -92.541624, -35.287728
395, -79.131800, -27.336030, -92.793258, -35.329950
396, -79.199000, -27.223450, -92.917274, -35.163550
397, -79.281000, -27.150770, -93.010806, -35.136420
398, -79.380367, -27.003770, -93.146916, -35.222995
399, -79.426833, -26.919573, -93.251376, -35.212822
400, -79.449100, -26.815417, -93.299140, -35.229926
401, -79.441200, -26.731930, -93.259224, -35.194917
402, -79.437433, -26.462547, -93.024530, -35.231769
403, -79.459667, -26.245527, -93.005191, -35.011296
404, -79.416533, -26.031360, -92.999747, -34.910513
405, -79.292333, -25.746767, -91.738528, -34.645045
406, -78.957633, -25.446450, -84.203792, -33.322262
407, -78.479667, -25.113937, -76.472003, -32.614801
408, -77.955567, -24.806170, -66.235663, -32.229136
409, -77.272400, -24.614710, -60.663608, -31.138297
410, -76.284733, -24.497323, -60.466847, -30.734219
411, -74.980400, -23.958983, -60.115308, -30.810992
412, -73.139734, -23.025533, -60.475086, -30.756930
413, -70.627667, -22.016143, -59.483524, -30.042085
414, -67.713200, -21.400003, -58.989210, -30.243668
415, -64.661800, -20.951733, -49.431428, -28.414168
416, -61.591767, -20.561120, -38.766364, -25.987975
417, -58.480366, -20.254980, -37.255653, -25.997573
418, -55.552466, -19.984720, -37.486837, -25.864763
419, -52.887133, -19.687037, -38.473341, -26.298482
420, -50.248667, -19.517200, -39.049506, -26.879686
421, -47.715266, -19.314800, -39.814862, -26.538098
422, -45.538867, -19.103190, -40.235137, -26.448645
423, -43.078025, -18.935628, -40.083902, -26.512161
424, -40.705866, -18.663640, -38.019746, -26.200240
425, -38.869333, -18.397293, -27.263442, -23.346821
426, -37.059333, -18.114207, -19.174099, -21.299785
427, -35.577000, -17.953615, -19.809439, -21.744041
428, -33.692167, -17.688687, -21.077177, -22.146223
429, -32.088933, -17.506197, -21.298611, -22.245562
430, -30.585967, -17.295220, -21.560058, -22.718388
431, -29.077467, -17.010553, -21.924666, -22.637510
432, -27.543500, -16.828090, -22.808567, -21.523154
433, -25.944933, -16.650887, -22.425958, -21.322270
434, -24.342567, -16.554633, -22.340170, -21.560706
435, -22.775200, -16.351963, -22.219231, -22.131975
436, -21.305233, -16.210753, -22.075985, -22.044297
437, -20.019300, -16.169830, -22.539626, -22.248978
438, -18.973167, -16.163730, -22.523322, -22.045982
439, -18.240633, -15.979390, -22.424132, -22.003161
440, -17.851367, -15.675203, -22.274086, -21.885060
441, -17.639767, -15.528853, -22.667667, -21.759211
442, -17.517200, -15.366647, -23.257496, -21.794826
443, -17.426233, -15.230233, -23.538025, -21.852787
444, -17.379067, -15.068170, -23.712192, -21.769479
445, -17.303000, -14.885217, -23.706774, -21.765045
446, -17.193867, -14.768560, -23.684917, -21.717705
447, -17.055300, -14.627237, -23.569215, -21.711121
448, -16.918000, -14.501103, -23.400164, -21.654403
449, -16.784000, -14.451887, -23.400005, -21.674086
450, -16.653233, -14.385670, -23.493484, -21.683664
451, -16.512233, -14.329100, -23.476925, -21.687747
452, -16.388167, -14.244633, -23.487276, -21.681465
453, -16.319400, -14.124053, -23.524464, -21.643102
454, -16.257000, -14.072543, -23.538941, -21.644449
455, -16.189100, -14.052937, -23.512703, -21.619848
456, -16.126933, -14.012223, -23.481959, -21.525239
457, -16.051833, -13.977160, -23.421685, -21.521845
458, -15.938667, -13.995023, -22.787193, -21.907954
459, -15.778267, -13.998463, -16.151679, -24.150826
460, -15.547667, -14.039573, -11.218325, -25.135508
461, -15.214600, -14.111067, -11.092635, -24.640820
462, -14.811300, -14.170200, -10.578304, -24.986138
463, -14.355800, -14.298793, -10.186621, -25.146657
464, -13.851033, -14.409500, -10.119421, -24.975137
465, -13.299500, -14.519577, -10.212731, -24.579307
466, -12.734500, -14.594860, -10.082187, -24.343117
467, -12.177833, -14.585163, -9.994321, -24.250756
468, -11.635533, -14.581500, -9.778709, -24.377087
469, -11.122200, -14.530533, -9.992736, -24.479427
470, -10.616733, -14.436110, -10.100152, -24.228904
471, -10.139600, -14.289180, -9.245177, -22.089326
472, -9.683700, -13.913400, -6.838310, -12.894148
473, -9.233967, -13.254320, -4.991010, -6.805040
474, -8.732133, -12.214653, -4.593200, -5.823479
475, -8.165900, -10.902224, -4.853083, -4.877216
476, -7.544000, -9.283494, -4.145853, -4.395928
477, -6.919167, -7.429152, -3.576889, -2.247632
478, -6.313733, -5.659920, -3.913735, 0.245921
479, -5.650600, -4.288322, -3.810507, 1.075114
480, -4.993100, -3.747739, -3.897408, 0.990207
481, -4.432700, -3.654765, -3.578175, 0.136199
482, -3.908933, -3.565953, -4.032015, -1.141079
483, -3.394667, -3.643763, -3.960229, -1.518532
484, -2.892933, -3.714233, -4.304653, -1.706037
485, -2.424500, -3.752440, -3.819930, -2.266554
486, -1.937133, -3.839163, -3.372185, -2.420562
487, -1.407733, -3.919438, -2.619999, -6.438492
488, -0.835767, -4.092220, -1.017960, -15.256193
489, -0.229800, -4.393147, 0.219465, -18.280323
490, 0.364733, -4.498049, 0.546013, -18.856126
491, 0.972467, -4.673861, 0.847930, -19.829755
492, 1.604867, -4.996242, 0.899910, -20.057071
493, 2.242833, -5.374476, 0.792969, -20.141369
494, 2.893533, -5.746433, 1.197409, -20.101564
495, 3.528300, -5.929977, 0.963649, -19.491599
496, 4.166667, -6.170514, 1.164766, -19.418289
497, 4.828400, -6.417443, 1.377808, -19.468249
498, 5.505700, -6.500969, 1.429599, -19.659723
499, 6.226867, -6.636914, 1.757082, -19.902921
500, 7.091800, -6.698468, 2.612023, -19.964519
501, 8.090267, -6.765922, 5.318925, -19.602144
502, 9.172833, -6.889306, 13.949130, -18.419872
503, 10.389433, -6.995548, 17.369405, -19.254451
504, 11.793733, -7.196786, 18.210687, -18.449486
505, 13.350400, -7.389361, 19.729523, -18.455246
506, 14.987300, -7.562071, 21.237609, -18.557432
507, 16.655033, -7.753496, 24.129898, -19.926225
508, 18.326867, -7.939514, 30.231176, -25.380053
509, 20.005200, -8.191595, 32.664728, -25.765307
510, 21.666900, -8.423332, 33.597455, -25.749577
511, 23.259367, -8.495291, 34.796097, -26.122947
512, 24.817267, -8.553462, 36.082970, -25.850737
513, 26.308067, -8.566914, 37.471842, -25.594054
514, 27.773333, -8.587916, 38.609504, -25.640657
515, 29.225733, -8.586171, 39.962855, -25.689316
516, 30.664833, -8.462049, 45.838544, -23.986071
517, 32.149100, -8.300910, 48.797451, -23.470259
518, 33.660467, -8.064584, 50.240877, -22.648777
519, 35.199767, -7.824813, 51.787164, -22.001129
520, 36.767000, -7.636431, 53.746821, -21.576854
521, 38.339767, -7.447986, 55.703350, -20.897752
522, 39.910367, -7.231205, 57.547621, -20.420047
523, 41.503000, -6.999497, 59.286009, -20.277479
524, 43.013367, -6.783056, 60.178969, -19.501914
525, 44.466067, -6.561519, 61.288096, -18.850968
526, 45.821533, -6.313589, 62.146135, -18.647337
527, 47.039367, -6.025377, 63.901913, -17.745114
528, 48.063433, -5.749275, 65.152423, -17.075767
529, 48.913267, -5.469947, 65.873923, -16.702745
530, 49.586067, -5.182481, 66.432145, -16.395272
531, 50.142367, -4.941039, 66.998451, -16.219300
532, 50.625767, -4.753091, 67.660243, -16.051656
533, 51.056300, -4.619208, 68.697837, -15.872906
534, 51.445133, -4.472776, 68.533459, -15.354007
535, 51.873500, -4.285090, 68.878168, -15.326748
536, 52.334067, -4.127228, 69.700030, -14.738573
537, 52.885067, -3.992899, 73.428688, -12.564064
538, 53.461267, -3.839322, 75.298151, -11.977795
539, 54.036800, -3.662407, 74.361553, -10.829479
540, 54.578767, -3.496850, 74.748919, -10.545983
541, 55.080000, -3.399564, 75.384811, -10.470735
542, 55.512333, -3.296405, 75.849834, -10.410372
543, 55.883100, -3.134059, 75.643276, -10.550350
544, 56.216467, -3.050590, 76.039967, -10.402448
545, 56.479933, -2.992049, 76.540168, -10.474733
546, 56.693633, -2.927254, 77.033798, -10.036935
547, 56.828400, -2.861496, 78.491188, -9.820094
548, 56.958467, -2.789957, 79.923584, -9.799824
549, 57.051900, -2.700623, 79.356896, -10.191886
550, 57.117667, -2.656844, 79.471308, -9.978442
551, 57.134633, -2.623917, 79.415412, -9.654537
552, 57.164167, -2.529827, 80.513851, -9.182802
553, 57.203967, -2.460847, 79.732075, -9.582530
554, 57.255433, -2.365072, 79.945430, -9.628519
555, 57.334900, -2.244793, 80.582531, -9.231365
556, 57.480333, -2.137648, 80.963127, -9.034518
557, 57.650933, -2.041814, 81.223832, -8.911692
558, 57.855000, -1.916697, 81.572961, -9.038914
559, 58.062067, -1.792552, 81.923192, -8.892779
560, 58.284000, -1.624754, 82.180856, -8.984746
561, 58.500967, -1.438220, 82.399898, -8.972030
562, 58.730633, -1.228100, 82.677722, -8.748061
563, 58.971700, -1.023519, 83.038529, -8.564498
564, 59.193500, -0.807354, 83.309430, -8.416686
565, 59.349800, -0.618974, 83.619600, -8.250829
566, 59.378033, -0.449924, 83.615211, -8.162890
567, 59.310267, -0.314808, 84.368363, -7.827638
568, 59.252400, -0.199492, 84.282420, -7.833278
569, 59.200900, -0.140170, 84.376163, -7.809763
570, 59.196133, -0.100498, 84.575562, -7.836553
571, 59.258367, -0.139393, 79.883627, -8.474804
572, 59.306733, -0.132751, 69.049092, -9.919659
573, 59.362967, -0.081321, 66.503697, -9.104477
574, 59.382567, -0.026158, 66.737147, -9.396866
575, 59.396500, 0.066500, 66.932984, -9.295645
576, 59.359600, 0.084733, 67.032105, -9.050089
577, 59.313667, 0.054100, 67.058994, -9.149859
578, 59.269267, 0.094300, 67.114739, -9.135527
579, 59.245233, 0.096600, 67.103330, -9.176907
580, 59.233833, 0.116700, 67.146045, -9.169373
581, 59.281200, 0.138267, 67.240684, -9.122292
582, 59.313233, 0.133833, 67.270648, -9.169616
583, 59.355833, 0.171000, 67.296906, -9.104251
584, 59.431467, 0.190400, 67.363070, -9.121678
585, 59.532800, 0.187033, 67.434389, -9.208326
586, 59.675200, 0.198300, 67.528959, -9.297105
587, 59.832267, 0.202233, 67.550953, -9.322443
588, 59.991367, 0.205367, 67.453923, -9.379997
589, 60.150733, 0.245667, 67.516625, -9.345610
590, 60.282867, 0.267367, 67.627697, -9.306426
591, 60.375900, 0.317267, 67.691485, -8.066357
592, 60.477667, 0.405267, 69.599579, -4.968513
593, 60.586467, 0.480867, 69.475245, -4.579286
594, 60.723533, 0.572400, 69.369361, -4.502610
595, 60.890733, 0.676400, 69.424298, -4.277823
596, 61.080000, 0.781933, 69.357173, -4.434996
597, 61.249100, 0.867367, 69.225604, -4.364404
598, 61.406733, 0.958733, 69.358030, -4.181295
599, 61.564500, 0.986933, 69.295296, -4.423819
600, 61.683800, 1.011700, 69.229448, -4.394301
