1, -12.994350, 22.502967, -16.736374, -0.613764
2, -7.286500, 17.693500, -12.592703, -6.850457
3, -6.664500, 16.889300, -12.022815, -7.587687
4, -5.984700, 16.032233, -11.857706, -7.635615
5, -5.291400, 15.202433, -11.341336, -7.311726
6, -4.545633, 14.361233, -11.713538, -7.392984
7, -3.824100, 13.740133, -11.928924, -7.930075
8, -3.334600, 13.450000, -11.264837, -7.034889
9, -3.334600, 13.450000, -11.264837, -7.034889
10, -1.518200, 12.266000, 5.074053, -18.680670
11, -1.096567, 11.977600, 4.388695, -2.239746
12, -0.543433, 11.572733, 4.602125, -2.244393
13, -0.079800, 11.168233, 4.529690, -2.226700
14, 0.326867, 10.798367, 4.199689, -1.729358
15, 0.615200, 10.585800, 3.229411, -1.298962
16, 0.831200, 10.366467, 3.298565, -1.544052
17, 1.000167, 10.052533, 3.392269, -1.736858
18, 1.117067, 9.614633, 3.657349, -2.228951
19, 1.135033, 9.005400, 3.557753, -2.972230
20, 1.151867, 8.306167, 3.247964, -3.115420
21, 1.152167, 7.599400, 3.154298, -3.325277
22, 1.094933, 6.984900, 3.199244, -3.175676
23, 0.989833, 6.582767, 3.254614, -3.029481
24, 0.742867, 6.269167, 0.271750, -1.578684
25, 0.385800, 5.890133, -6.258117, -1.000212
26, -0.196567, 5.446400, -7.325259, -1.104807
27, -1.028633, 4.820833, -7.569055, -1.732168
28, -2.018267, 4.077767, -8.529136, -1.987687
29, -3.170500, 3.254600, -9.358667, -2.478519
30, -4.437867, 2.264333, -9.624678, -2.817027
31, -5.824267, 1.124767, -14.748544, -7.414772
32, -7.283633, -0.116571, -21.526905, -13.548362
33, -8.759133, -1.371608, -23.970980, -14.513090
34, -10.263833, -2.612850, -24.277319, -14.814629
35, -11.806800, -3.690583, -24.550311, -14.386081
36, -13.314833, -4.612372, -24.758963, -14.256822
37, -14.744233, -5.136999, -24.637391, -14.342746
38, -16.197333, -5.295014, -24.844107, -13.831518
39, -17.667633, -5.504374, -26.995938, -14.331478
40, -19.143567, -5.712022, -35.403898, -17.877535
41, -20.642400, -5.960000, -41.179460, -18.992093
42, -22.239433, -6.195819, -42.622280, -18.675875
43, -23.968300, -6.383434, -42.864372, -17.928979
44, -25.773900, -6.620580, -42.903880, -17.872515
45, -27.671100, -6.761995, -43.628460, -18.068482
46, -29.647500, -6.853701, -43.722234, -17.636616
47, -31.751467, -6.921407, -44.616449, -17.869674
48, -33.939533, -6.919599, -45.182174, -18.300031
49, -36.180500, -6.780804, -45.704232, -18.283454
50, -38.414533, -6.573269, -46.217474, -18.037564
51, -40.648733, -6.356139, -46.356275, -17.718621
52, -42.918200, -5.999551, -47.332343, -17.314057
53, -45.191467, -5.617719, -55.173882, -16.125069
54, -47.407800, -5.124328, -64.820562, -13.562862
55, -49.548134, -4.687874, -72.677523, -12.093157
56, -51.615167, -4.236547, -73.872324, -12.143032
57, -53.616033, -3.862228, -73.998989, -11.824937
58, -55.576867, -3.562973, -73.996114, -11.311873
59, -57.506300, -3.348168, -74.722520, -11.655485
60, -59.384967, -3.229021, -74.161462, -11.797868
61, -61.181533, -3.088392, -75.216003, -11.872251
62, -62.928533, -2.909583, -75.376000, -12.079671
63, -64.591200, -2.768621, -75.356245, -12.051529
64, -66.183633, -2.527197, -75.842040, -11.657038
65, -67.803567, -2.289912, -80.753357, -11.241960
66, -69.483333, -2.127289, -89.016533, -10.376775
67, -71.234200, -2.061736, -90.430781, -10.105357
68, -72.950767, -2.061322, -90.877316, -10.021106
69, -74.675767, -2.120963, -92.661715, -10.193086
70, -76.378467, -2.297790, -92.805311, -10.469106
71, -78.012733, -2.491131, -92.764236, -10.691472
72, -79.683133, -2.828548, -93.465528, -10.427324
73, -81.466967, -3.504805, -94.341729, -11.532818
74, -83.141700, -4.241417, -98.823786, -17.587035
75, -84.642467, -4.937064, -99.194433, -20.303409
76, -85.970033, -5.417583, -101.673555, -19.995168
77, -87.163500, -5.827763, -101.888627, -19.351344
78, -88.304067, -6.209840, -101.818011, -18.844148
79, -89.395000, -6.525135, -102.096728, -19.581694
80, -90.434767, -6.791591, -102.986027, -19.613440
81, -91.456767, -6.993327, -103.019846, -19.106240
82, -92.426267, -7.244788, -103.399183, -19.038212
83, -93.347433, -7.574226, -104.925274, -22.070378
84, -94.210067, -7.996089, -107.455199, -32.279894
85, -95.028333, -8.602749, -107.056650, -35.612688
86, -95.733533, -9.475179, -107.428792, -35.229628
87, -96.337533, -10.511900, -105.986052, -35.339039
88, -96.870967, -11.679027, -107.972462, -36.280324
89, -97.412867, -12.809337, -108.345179, -36.005118
90, -97.942933, -13.871190, -108.274281, -36.729586
91, -98.406500, -14.993323, -108.394242, -36.753641
92, -98.833800, -16.005123, -108.589477, -36.141412
93, -99.220867, -17.091320, -109.715241, -39.162613
94, -99.621467, -17.894943, -113.247846, -43.799710
95, -99.979367, -18.583907, -114.766186, -46.616235
96, -100.255033, -18.983453, -114.881027, -44.915531
97, -100.518233, -19.575293, -115.439452, -45.542609
98, -100.759333, -20.403047, -115.981825, -45.762009
99, -100.937933, -21.173873, -115.139399, -44.746115
100, -101.173933, -21.998200, -115.694107, -46.713877
101, -101.414967, -22.921247, -117.105188, -47.513655
102, -101.706000, -23.666803, -117.122744, -46.797582
103, -102.021133, -24.341850, -116.504057, -45.479760
104, -102.339133, -24.737397, -116.672091, -45.415254
105, -102.494300, -25.111830, -117.663401, -47.259929
106, -102.368867, -25.539190, -116.994354, -46.299828
107, -101.953533, -26.038130, -116.741057, -46.387214
108, -101.472933, -26.571097, -116.536000, -46.529755
109, -100.896100, -27.131643, -116.338060, -46.230403
110, -100.253733, -27.617643, -115.813059, -46.171506
111, -99.602800, -28.120657, -110.596943, -48.268721
112, -98.892033, -28.617420, -105.479150, -49.200938
113, -98.219433, -29.049533, -106.076631, -48.833750
114, -97.668900, -29.314153, -105.851912, -48.959919
115, -97.230733, -29.588340, -106.048775, -49.008749
116, -96.894867, -29.651450, -106.788653, -48.626308
117, -96.668967, -29.568190, -107.789838, -48.042674
118, -96.272900, -29.520590, -106.985881, -49.175953
119, -95.546333, -29.834870, -102.027084, -52.957328
120, -94.439000, -30.415700, -95.405782, -56.487021
121, -93.074967, -30.999060, -93.644590, -57.967773
122, -91.522567, -31.704170, -96.022747, -57.194914
123, -89.792167, -32.463477, -97.083947, -58.632930
124, -87.814300, -33.259827, -95.485586, -58.477965
125, -85.704700, -33.931150, -94.912830, -57.960310
126, -83.521400, -34.506597, -93.177117, -58.257458
127, -81.214967, -34.801320, -81.399457, -58.222468
128, -78.828900, -35.114033, -68.331022, -57.905930
129, -76.233134, -35.325347, -57.005958, -56.259967
130, -73.394002, -35.463817, -47.976640, -55.589833
131, -70.031869, -35.318327, -46.942365, -53.977312
132, -66.163966, -35.120153, -46.281824, -54.838730
133, -62.175934, -34.896790, -47.109410, -55.198487
134, -58.140234, -34.668073, -47.338971, -54.934065
135, -54.032065, -34.482827, -46.968939, -54.321569
136, -49.918466, -34.169240, -38.182875, -52.870417
137, -45.830667, -33.664180, -25.163649, -50.182427
138, -41.731234, -33.116110, -13.821854, -47.537386
139, -37.606466, -32.581580, -7.685739, -45.509938
140, -33.691332, -32.108907, -6.496838, -44.892662
141, -29.998432, -31.686703, -9.366488, -45.039640
142, -26.646599, -31.338970, -9.443792, -45.572327
143, -23.660301, -30.996737, -9.641804, -46.513949
144, -20.988766, -30.750087, -10.407168, -46.017521
145, -18.701499, -30.545517, -10.566556, -45.930094
146, -16.615467, -30.318517, -11.150236, -45.269155
147, -14.503367, -29.995200, -3.958559, -44.166790
148, -12.343667, -29.630707, 8.653581, -42.273264
149, -10.118633, -29.340920, 15.802977, -38.940349
150, -7.821200, -29.184260, 17.160914, -38.908325
151, -5.353400, -29.205047, 17.515561, -39.505012
152, -2.631533, -29.184640, 18.975840, -40.397896
153, 0.275300, -29.206593, 19.283798, -40.696041
154, 3.213867, -29.154627, 17.442964, -39.271662
155, 6.029400, -28.855747, 17.879964, -39.379838
156, 8.784100, -28.435077, 19.043235, -38.949786
157, 11.407767, -28.074707, 29.312796, -39.783161
158, 13.890933, -27.715800, 38.892423, -38.429248
159, 16.180034, -27.384367, 47.611511, -36.631404
160, 18.181134, -26.709947, 46.727899, -34.176847
161, 19.933867, -25.832640, 46.126657, -34.357443
162, 21.600867, -25.214913, 45.479039, -36.012558
163, 23.320500, -24.676860, 46.014927, -35.777658
164, 25.058067, -24.165507, 45.790672, -35.932896
165, 26.784800, -23.657990, 46.334398, -35.020741
166, 28.634733, -23.119847, 46.069342, -34.822236
167, 30.536233, -22.705410, 45.994085, -35.475820
168, 32.447500, -22.265273, 46.214177, -35.903216
169, 34.356700, -21.860617, 45.183817, -35.273701
170, 36.281367, -21.418003, 44.927739, -34.493556
171, 38.301000, -20.771857, 45.293813, -34.492485
172, 40.370600, -19.991413, 45.320625, -34.765744
173, 42.454833, -19.204203, 45.371472, -34.279448
174, 44.551000, -18.488270, 45.844583, -33.978757
175, 46.634967, -17.786403, 47.972910, -33.140461
176, 48.748800, -17.080770, 56.650017, -29.066073
177, 50.775267, -16.127123, 63.542315, -22.623451
178, 52.660133, -14.981747, 67.853213, -16.714582
179, 54.603933, -13.793783, 70.238291, -14.217231
180, 56.584100, -12.511037, 69.283951, -14.281308
181, 58.452667, -11.210757, 69.341892, -14.192497
182, 60.274900, -9.938004, 70.055137, -13.825512
183, 62.032600, -8.685643, 70.727528, -13.665804
184, 63.754233, -7.416195, 71.047755, -13.194928
185, 65.409733, -6.081818, 71.603425, -12.712605
186, 67.062300, -4.663724, 72.003210, -12.061450
187, 68.662833, -3.196907, 72.587324, -11.654577
188, 70.398166, -1.773835, 79.698511, -9.467077
189, 72.542033, -0.259118, 90.068365, -7.611258
190, 75.284499, 1.365300, 97.219395, -6.908305
191, 78.460600, 2.789434, 96.968553, -6.915585
192, 81.433500, 3.866733, 96.475880, -7.312944
193, 84.207533, 4.636033, 95.524944, -6.547297
194, 86.704200, 4.993700, 94.991666, -6.878721
195, 88.968134, 5.229100, 94.403241, -7.153631
196, 91.076071, 5.370267, 94.267041, -7.561534
197, 93.072908, 5.534800, 94.049098, -7.504977
198, 94.919976, 5.705767, 93.715637, -7.581841
199, 96.779882, 5.820900, 93.809652, -7.334259
200, 98.490672, 5.780867, 93.452849, -7.486328
201, 99.979708, 5.811567, 96.730587, -9.944090
202, 101.248213, 5.796033, 97.258011, -11.370128
203, 102.103567, 5.648800, 96.307166, -11.319946
204, 102.560110, 5.700100, 95.793609, -10.970752
205, 102.589430, 5.856700, 94.608425, -11.129805
206, 102.255867, 5.814000, 93.805576, -11.266284
207, 101.639757, 5.626233, 92.113809, -11.323598
208, 100.633160, 5.561800, 85.122922, -7.072655
209, 99.323069, 5.511100, 81.505133, -6.186740
210, 97.963088, 5.328933, 77.653786, -6.655442
211, 96.738140, 5.135267, 75.540023, -7.247283
212, 95.331140, 4.923867, 74.309511, -6.959329
213, 93.585916, 4.492400, 76.108534, -6.542812
214, 91.278009, 4.303100, 74.382756, -6.822617
215, 88.470167, 4.268467, 70.198890, -7.247848
216, 85.485268, 3.911633, 58.151931, -8.566450
217, 82.021800, 3.328667, 55.299461, -9.355820
218, 78.077501, 3.055533, 50.212343, -10.414247
219, 73.871300, 2.921767, 52.583604, -9.771357
220, 69.623866, 2.637233, 53.711676, -8.693673
221, 65.578432, 2.532067, 51.694420, -8.832041
222, 61.814599, 2.496100, 39.767773, -10.420102
223, 58.227700, 2.506633, 40.499571, -9.839629
224, 54.958267, 2.561433, 38.846188, -9.700568
225, 51.838633, 2.553000, 38.664327, -9.521817
226, 48.800266, 2.629000, 37.258860, -9.431671
227, 45.925967, 2.750400, 34.399703, -9.664804
228, 43.197533, 2.815233, 27.425701, -11.573208
229, 40.609133, 2.767267, 25.976926, -11.418463
230, 38.100001, 2.580200, 23.923078, -11.507842
231, 35.437766, 2.567133, 22.011432, -11.715937
232, 32.858733, 2.647400, 19.751273, -11.692249
233, 30.346867, 2.629567, 19.160343, -10.802455
234, 27.814200, 2.653700, 18.057608, -10.647148
235, 25.426100, 2.610500, 16.975185, -10.760477
236, 23.371367, 2.642500, 16.790591, -10.724826
237, 21.727600, 2.735867, 16.560360, -10.938894
238, 20.477200, 2.803400, 16.439215, -10.873661
239, 19.492833, 2.865400, 16.432191, -10.870713
240, 18.737300, 2.876067, 16.310438, -11.126472
241, 18.241467, 2.822533, 16.197618, -11.266407
242, 17.936233, 2.789267, 16.896020, -11.365559
243, 17.755500, 2.703200, 17.376649, -11.331907
244, 17.613367, 2.631867, 17.382520, -10.694385
245, 17.426700, 2.616467, 17.441408, -10.339078
246, 17.318600, 2.594867, 17.324994, -10.357773
247, 17.301833, 2.567267, 17.989572, -10.291890
248, 17.205500, 2.561300, 18.147237, -9.916936
249, 17.039200, 2.546167, 18.447829, -9.574967
250, 16.976767, 2.543000, 18.562264, -9.163525
251, 16.962167, 2.506967, 18.693366, -9.198673
252, 16.926433, 2.382067, 18.711163, -9.118578
253, 17.036467, 2.337333, 19.057847, -9.126005
254, 17.240333, 2.368433, 19.410525, -8.987982
255, 17.512467, 2.385200, 19.654457, -9.262596
256, 18.014033, 2.407867, 20.642127, -9.153694
257, 18.585800, 2.453400, 26.267816, -8.430239
258, 19.199733, 2.491700, 32.527322, -8.663252
259, 19.963533, 2.543300, 31.919802, -8.129909
260, 20.771767, 2.603367, 32.071238, -7.305278
261, 21.609133, 2.619000, 31.988599, -7.794781
262, 22.501833, 2.650767, 31.476435, -7.558833
263, 23.469267, 2.648967, 31.622772, -7.748703
264, 24.682433, 2.494933, 31.936788, -7.674029
265, 26.419467, 2.237500, 36.503034, -8.363289
266, 28.193033, 2.101000, 41.534322, -8.699438
267, 30.122433, 2.184700, 41.687609, -7.917143
268, 32.247867, 2.393133, 41.484657, -7.459833
269, 34.198267, 2.500400, 41.324438, -7.817318
270, 35.954600, 2.573767, 41.481403, -7.805159
271, 37.537633, 2.624400, 41.691196, -8.245492
272, 38.873367, 2.684800, 41.165210, -7.856133
273, 40.040600, 2.827267, 40.964354, -7.508962
274, 41.126767, 2.894333, 40.974242, -7.857718
275, 42.182567, 2.963567, 41.569629, -7.732952
276, 43.213633, 3.136100, 45.933537, -8.186424
277, 44.209967, 3.409300, 48.587494, -8.936326
278, 45.079000, 3.708267, 48.570606, -9.128317
279, 45.752200, 3.922867, 48.372702, -8.843564
280, 46.199833, 3.973433, 48.382592, -9.050622
281, 46.353933, 4.083900, 48.064904, -9.169549
282, 46.763133, 4.094900, 47.520898, -9.813754
283, 47.270700, 3.981800, 47.647415, -10.639779
284, 47.507900, 4.053033, 47.470129, -10.689896
285, 47.582633, 4.302333, 47.324271, -10.463917
286, 47.656667, 4.481633, 47.063840, -9.460540
287, 47.778800, 4.653567, 47.177181, -9.146300
288, 48.125000, 4.831800, 47.462706, -8.370385
289, 48.601667, 4.957567, 47.721098, -8.156035
290, 49.137967, 4.944833, 48.218357, -8.219706
291, 49.776600, 4.942833, 48.358032, -8.287952
292, 50.450800, 4.984567, 48.525866, -8.229369
293, 51.178600, 5.050767, 48.492802, -8.090230
294, 51.967233, 5.112767, 48.704906, -8.176283
295, 52.877033, 5.179833, 48.996326, -7.897754
296, 53.903400, 5.304967, 48.900082, -7.536156
297, 55.018300, 5.390033, 49.294353, -7.572095
298, 56.271267, 5.511767, 49.721432, -7.662137
299, 57.722367, 5.720400, 55.941077, -5.391529
300, 59.285367, 5.949633, 64.985844, -1.037768
301, 60.987167, 6.187867, 71.111862, 1.108730
302, 62.850433, 6.435967, 79.048332, 4.816984
303, 64.884434, 6.778333, 85.667217, 6.167146
304, 67.002267, 7.238900, 85.761570, 5.020958
305, 69.162000, 7.770100, 90.406242, 8.578471
306, 71.299667, 8.372133, 88.432117, 8.894930
307, 73.350434, 9.057367, 88.746706, 8.785926
308, 75.256900, 9.693500, 87.798932, 8.193149
309, 77.026567, 10.333933, 86.703873, 7.727814
310, 78.623367, 10.994033, 86.974233, 8.265172
311, 80.087900, 11.604833, 96.860000, 5.283653
312, 81.455367, 12.104033, 102.736804, 2.468832
313, 82.691300, 12.466700, 100.737802, 2.141731
314, 83.756333, 12.641067, 100.214891, 2.359246
315, 84.714400, 12.695300, 99.217180, 1.995022
316, 85.585933, 12.659233, 99.542634, 2.496626
317, 86.396467, 12.614067, 99.196763, 2.267388
318, 87.216467, 12.666233, 99.111254, 2.085966
319, 88.051100, 12.775800, 99.110242, 2.157384
320, 88.922533, 12.874033, 99.400255, 2.062597
321, 89.883783, 12.890533, 99.725993, 2.198861
322, 90.907229, 12.884500, 107.016768, -2.608625
323, 92.062020, 12.843800, 109.987566, -4.695437
324, 93.289937, 12.759233, 109.760882, -4.293994
325, 94.525160, 12.668700, 110.329912, -4.476204
326, 95.753159, 12.553033, 110.208207, -4.187697
327, 96.965329, 12.457600, 109.912753, -3.631380
328, 98.179240, 12.397267, 109.703909, -3.147280
329, 99.366762, 12.243933, 113.992016, -2.682885
330, 100.431123, 11.964633, 115.393455, -2.284755
331, 101.410180, 11.808333, 114.756001, -1.958961
332, 102.433320, 11.835600, 115.249194, -1.924053
333, 103.451757, 11.937100, 115.127521, -1.989897
334, 104.409517, 12.117967, 115.071746, -1.174878
335, 105.326553, 12.312233, 116.699594, 7.027476
336, 106.224143, 12.603700, 117.446616, 14.528709
337, 107.096213, 12.989133, 118.386909, 14.991408
338, 107.959320, 13.569767, 118.092218, 15.069491
339, 108.635573, 14.649833, 117.894399, 15.068297
340, 108.736030, 16.694401, 116.898478, 15.796025
341, 108.321763, 18.255934, 115.498767, 15.756873
342, 108.017983, 18.994800, 115.392313, 15.668007
343, 107.802290, 19.327167, 115.104877, 14.704626
344, 107.668330, 19.737367, 115.249729, 14.907613
345, 107.656010, 20.144600, 113.949418, 15.362208
346, 107.777037, 20.501867, 112.247207, 16.377711
347, 107.924260, 20.888533, 112.572973, 16.558367
348, 108.001813, 21.298833, 112.584877, 16.840772
349, 108.048540, 21.627967, 112.677619, 17.020783
350, 108.002940, 21.885567, 112.563277, 17.127255
351, 107.994940, 22.118467, 112.613373, 17.093705
352, 107.984137, 22.324767, 112.554603, 17.213567
353, 107.966480, 22.553100, 112.438924, 17.353578
354, 107.953057, 22.789800, 112.412068, 17.467865
355, 107.904313, 23.011633, 112.279029, 17.514242
356, 107.887277, 23.203767, 112.351494, 17.517291
357, 107.988157, 23.375100, 112.503192, 17.441699
358, 108.062973, 23.566267, 112.519924, 17.382419
359, 107.886787, 23.596400, 112.350912, 17.331286
360, 107.634393, 23.608300, 112.394646, 17.233322
361, 107.303613, 23.614600, 112.149444, 17.152355
362, 106.928213, 23.604567, 111.861780, 17.314605
363, 106.650840, 23.611633, 111.980965, 17.442200
364, 106.368837, 23.589000, 111.712750, 17.438111
365, 106.067793, 23.543933, 111.624376, 17.498739
366, 105.825890, 23.513700, 111.651124, 17.327467
367, 105.606393, 23.503300, 109.199889, 17.107464
368, 105.325747, 23.519233, 109.002310, 17.456705
369, 105.023837, 23.589733, 108.950580, 17.452426
370, 104.691403, 23.671600, 108.603749, 17.400446
371, 104.263513, 23.744800, 108.412195, 17.454742
372, 103.757207, 23.827367, 108.269340, 17.525125
373, 103.191443, 23.915233, 107.981005, 17.741843
374, 102.610790, 23.995133, 107.383244, 17.765559
375, 102.039947, 24.075433, 107.508947, 17.930633
376, 101.438967, 24.128700, 108.549871, 18.612582
377, 100.846630, 24.146600, 108.456008, 17.908019
378, 100.291043, 24.117700, 108.478465, 18.092023
379, 99.874749, 24.082267, 109.469340, 17.825251
380, 99.617893, 24.121067, 110.208347, 17.122770
381, 99.379765, 24.244700, 109.836668, 18.787047
382, 99.037711, 24.329033, 110.577825, 18.441252
383, 98.572710, 24.336800, 110.338793, 18.546528
384, 98.061561, 24.313533, 109.960884, 18.886870
385, 97.459346, 24.326233, 109.586020, 19.582109
386, 96.747559, 24.350333, 108.953901, 19.187527
387, 95.978567, 24.360767, 109.511255, 19.429647
388, 95.056679, 24.401100, 101.607368, 19.624648
389, 94.046938, 24.432900, 91.890123, 19.207730
390, 93.007705, 24.445567, 84.637217, 18.273314
391, 91.905259, 24.503733, 81.599626, 18.433319
392, 90.814822, 24.615800, 81.802529, 18.225065
393, 89.707794, 24.742567, 81.612681, 18.498356
394, 88.562633, 24.874300, 81.490643, 18.689435
395, 87.461767, 24.959800, 80.879185, 18.932158
396, 86.396333, 25.133400, 80.288015, 18.958117
397, 85.253733, 25.306267, 79.562718, 19.126412
398, 84.097600, 25.448900, 80.095818, 19.156157
399, 82.870000, 25.521633, 80.564299, 19.012029
400, 81.598200, 25.563733, 80.538375, 19.039624
401, 80.318767, 25.619767, 80.204760, 19.022434
402, 79.028067, 25.665567, 80.724927, 18.784021
403, 77.746467, 25.723100, 80.785400, 18.899036
404, 76.474733, 25.791000, 80.731732, 19.142949
405, 75.156833, 25.878533, 79.820437, 19.403687
406, 73.828300, 25.938867, 78.876831, 19.621809
407, 72.493300, 25.996333, 71.468011, 21.268313
408, 71.079633, 26.047567, 63.545001, 22.135481
409, 69.643567, 26.105567, 55.376142, 22.243310
410, 68.198767, 26.165967, 53.953655, 22.289649
411, 66.703100, 26.254500, 53.978434, 22.018913
412, 65.253733, 26.386767, 54.280880, 21.922565
413, 63.812633, 26.506533, 54.031703, 22.138430
414, 62.389567, 26.637667, 53.797083, 22.297516
415, 61.018100, 26.774100, 53.071079, 22.459555
416, 59.655133, 26.913400, 52.550950, 22.497846
417, 58.256733, 27.070867, 52.412075, 22.362332
418, 56.899933, 27.184367, 52.204882, 22.188157
419, 55.554267, 27.300333, 51.987170, 21.967539
420, 54.194733, 27.428233, 52.051398, 21.748077
421, 52.868333, 27.566633, 51.626745, 22.399906
422, 51.534467, 27.699933, 51.438504, 22.079466
423, 50.210167, 27.798633, 48.600497, 21.810126
424, 48.868967, 27.877500, 38.394196, 23.165095
425, 47.458800, 27.936000, 30.993556, 24.794031
426, 45.987933, 27.882800, 29.995366, 25.005984
427, 44.402667, 27.620100, 29.660747, 24.995124
428, 42.543167, 27.364100, 28.766006, 24.389347
429, 40.413934, 27.041567, 28.777119, 24.035333
430, 38.181300, 26.590100, 28.603972, 24.014951
431, 35.986333, 26.356600, 28.450431, 23.447943
432, 33.788367, 26.381767, 27.270471, 23.800352
433, 31.537033, 26.418267, 18.687931, 24.667719
434, 29.244933, 26.451600, 10.882243, 24.260329
435, 26.894633, 26.464433, 4.072775, 23.854316
436, 24.503100, 26.398367, 1.083443, 24.053106
437, 22.260233, 26.299033, 0.095282, 25.495770
438, 20.078166, 26.257533, 0.068271, 24.871738
439, 17.949566, 26.146700, 0.454364, 25.064474
440, 16.028133, 26.054333, -0.253238, 24.762625
441, 14.106367, 25.898933, -0.687452, 24.914184
442, 12.218133, 25.718133, -1.293690, 25.167792
443, 10.424733, 25.717400, -3.449785, 25.166440
444, 8.610100, 25.792400, -2.549902, 24.962756
445, 6.885733, 25.862200, -3.678199, 24.739725
446, 5.269900, 25.971867, -10.461902, 20.624988
447, 3.605533, 26.101333, -16.591464, 16.879661
448, 1.795133, 26.092133, -24.089786, 15.388642
449, -0.134233, 25.951767, -26.910433, 14.718331
450, -2.084933, 25.802033, -26.926471, 15.042420
451, -4.101900, 25.660367, -26.868703, 15.321114
452, -6.118733, 25.455867, -26.854425, 14.706690
453, -8.015534, 25.190900, -26.527775, 14.407847
454, -9.793300, 25.049333, -26.346135, 14.535265
455, -11.516433, 24.945967, -27.215012, 14.284666
456, -13.181200, 24.946367, -28.103813, 14.632594
457, -14.804000, 24.979500, -28.305758, 14.511585
458, -16.361033, 25.005900, -28.249613, 14.567698
459, -17.870167, 25.058900, -34.578462, 17.823405
460, -19.430767, 25.081000, -40.532361, 19.998384
461, -20.953433, 24.996467, -39.664885, 20.683456
462, -22.528300, 24.834067, -40.478535, 20.673868
463, -24.123967, 24.595333, -42.208076, 19.855284
464, -25.569167, 24.318500, -41.550536, 20.424991
465, -26.959667, 24.070667, -42.618701, 20.345329
466, -28.405800, 23.902367, -42.599997, 20.235263
467, -29.885933, 23.760967, -42.033805, 19.975400
468, -31.280200, 23.614333, -42.012263, 19.893531
469, -32.579000, 23.454967, -41.593629, 19.712379
470, -33.930000, 23.365800, -42.053007, 19.632584
471, -35.322500, 23.376833, -41.072868, 18.707376
472, -36.664267, 23.431267, -42.652838, 19.510988
473, -38.019600, 23.532433, -44.732496, 18.284836
474, -39.420667, 23.610600, -53.503327, 13.939075
475, -40.873433, 23.615600, -59.346226, 11.019448
476, -42.409933, 23.547133, -62.641741, 9.667994
477, -44.018466, 23.400767, -62.242653, 9.485179
478, -45.728433, 23.280967, -62.428090, 9.313480
479, -47.495700, 23.162733, -62.851075, 9.299442
480, -49.172300, 23.162800, -63.792362, 9.297060
481, -50.581600, 23.266767, -63.593649, 9.244849
482, -51.937100, 23.141967, -63.983482, 9.040047
483, -53.169533, 22.980233, -64.207657, 9.307670
484, -54.336700, 22.767400, -64.125073, 8.952926
485, -55.572833, 22.576600, -64.474684, 9.234275
486, -56.812433, 22.387700, -64.560685, 8.802671
487, -57.993600, 22.222867, -64.992628, 8.569027
488, -59.166867, 22.190500, -67.986092, 11.687603
489, -60.371467, 22.294400, -76.063847, 16.496994
490, -61.652167, 22.517633, -79.198865, 18.097614
491, -63.053267, 22.734233, -80.232149, 17.995406
492, -64.592267, 22.932867, -79.224927, 18.132754
493, -66.100600, 23.200933, -79.238591, 17.866492
494, -67.502700, 23.522300, -79.210960, 17.765124
495, -68.780667, 23.882700, -79.184097, 17.821887
496, -69.737133, 24.190300, -77.518914, 17.354313
497, -70.374467, 24.440200, -68.050222, 13.870061
498, -70.607167, 24.666600, -61.261177, 12.254978
499, -70.574067, 24.761733, -59.785228, 12.152816
500, -70.507400, 24.827033, -59.427872, 11.970213
501, -70.349667, 24.899633, -59.207432, 12.215726
502, -70.355300, 24.964833, -59.138776, 12.301281
503, -70.509400, 25.054367, -62.336974, 14.283656
504, -70.763433, 25.262167, -71.734194, 20.180432
505, -71.001100, 25.522267, -74.626606, 22.014262
506, -71.048733, 25.523333, -74.573503, 21.976058
507, -70.665167, 25.366000, -73.827490, 21.762453
508, -69.464067, 25.162100, -62.356043, 19.113229
509, -67.379234, 24.819633, -48.271484, 16.891224
510, -64.700534, 24.370067, -35.820687, 15.305219
511, -61.560334, 23.987233, -26.089158, 12.472340
512, -58.099834, 23.695600, -21.684735, 12.386268
513, -54.446133, 23.425267, -30.424809, 12.265256
514, -50.882733, 23.104867, -24.402140, 11.777608
515, -47.466233, 22.916700, -20.578761, 11.836720
516, -44.250599, 23.000967, -19.362383, 12.098575
517, -41.318800, 22.885700, -19.608799, 10.998293
518, -38.607166, 22.570367, -20.545829, 11.277249
519, -36.280066, 22.187767, -20.550880, 11.016229
520, -34.231867, 21.932300, -20.310195, 11.926703
521, -32.359400, 21.827900, -20.486862, 12.023531
522, -30.619400, 21.812267, -20.348818, 12.320799
523, -29.042733, 21.827600, -19.726563, 12.064105
524, -27.628000, 21.925200, -20.496012, 11.629632
525, -26.359233, 22.066067, -20.285902, 11.803917
526, -25.094667, 22.131433, -19.546594, 11.459155
527, -23.828200, 22.159133, -18.824584, 11.384834
528, -22.667367, 22.164000, -18.452057, 11.573065
529, -21.511200, 22.133833, -18.541278, 11.674525
530, -20.365233, 22.138000, -17.420803, 10.826462
531, -19.271233, 22.203300, -16.884099, 10.914254
532, -18.264300, 22.399767, -15.735607, 14.002261
533, -17.276167, 22.643633, -14.625375, 15.522881
534, -16.192200, 22.842033, -13.427172, 15.184148
535, -14.946100, 22.982933, -12.151872, 15.279150
536, -13.665967, 23.051000, -11.398328, 15.590937
537, -12.443967, 23.088167, -10.824705, 15.495547
538, -11.272833, 23.050833, -10.179404, 15.284146
539, -10.153700, 22.945933, -9.774655, 14.865027
540, -9.044233, 22.809667, -9.228624, 14.393358
541, -7.876600, 22.675967, -8.682873, 14.463254
542, -6.697667, 22.610833, -7.682224, 14.332954
543, -5.492367, 22.570800, -6.866633, 14.257413
544, -4.275533, 22.510467, -2.317285, 16.043673
545, -3.064433, 22.462500, 2.490522, 18.952508
546, -1.884067, 22.435333, 3.852772, 19.715811
547, -0.742333, 22.399600, 4.966240, 18.976080
548, 0.414067, 22.365300, 4.818857, 18.973903
549, 1.584733, 22.301000, 4.787077, 18.962269
550, 2.692833, 22.246233, 5.491549, 18.719672
551, 3.769767, 22.155467, 6.531487, 18.918221
552, 4.879067, 22.028000, 6.908281, 18.465076
553, 6.031000, 21.914600, 7.457822, 18.201815
554, 7.187500, 21.780267, 8.107567, 18.199425
555, 8.365100, 21.651000, 8.328591, 18.314894
556, 9.479367, 21.490400, 8.194654, 18.242760
557, 10.571000, 21.340400, 4.364138, 13.852842
558, 11.618400, 21.211567, 2.816091, 10.756752
559, 12.515967, 21.125733, 2.891077, 10.344153
560, 13.257133, 21.043033, 2.820653, 9.918299
561, 13.876700, 20.961967, 2.673145, 9.457911
562, 14.414100, 20.904067, 2.873787, 9.609552
563, 14.902833, 20.872467, 2.906648, 10.058154
564, 15.420433, 20.834800, 3.276248, 10.064867
565, 15.870633, 20.697767, 3.853434, 9.842099
566, 16.215167, 20.419867, 3.911106, 9.659558
567, 16.536433, 20.012900, 4.190837, 9.417639
568, 16.742700, 19.513833, 4.563355, 7.310704
569, 16.863033, 18.846933, 5.396190, 3.073030
570, 16.917000, 18.023400, 4.757346, 2.263978
571, 16.837833, 17.101433, 4.323459, 1.045383
572, 16.669367, 16.034433, 4.103374, 1.041228
573, 16.499000, 14.892333, 4.258104, 1.709181
574, 16.336000, 13.662300, 3.790041, 1.767023
575, 16.178067, 12.339967, 3.835718, 0.763981
576, 16.043033, 10.880767, 4.702171, -3.060873
577, 15.911900, 9.389333, 4.539804, -10.378219
578, 15.645700, 8.007233, 5.109359, -15.204339
579, 15.198033, 6.795833, 5.400353, -15.872654
580, 14.738867, 5.733000, 5.099393, -15.893670
581, 14.267967, 4.736467, 5.670102, -16.927213
582, 13.810733, 3.768367, 4.998062, -16.381255
583, 13.398433, 2.800433, 4.903055, -15.577309
584, 12.955667, 1.814033, 4.569496, -15.677312
585, 12.592733, 0.748967, 4.770277, -16.663720
586, 12.285933, -0.417753, 5.047124, -17.435101
587, 11.969633, -1.589147, 4.639607, -16.964627
588, 11.668500, -2.749919, 4.203002, -16.986684
589, 11.384867, -3.881951, 6.801964, -20.298780
590, 11.150933, -4.979973, 10.464398, -26.738217
591, 10.988267, -6.027573, 9.984807, -25.919656
592, 10.909133, -6.968898, 9.315372, -25.421675
593, 10.900267, -7.786211, 9.624786, -26.037129
594, 10.956167, -8.503368, 10.519606, -26.463090
595, 11.061133, -9.135688, 11.030777, -26.389233
596, 11.185033, -9.692589, 10.811401, -25.803851
597, 11.392200, -10.186740, 10.980561, -25.736043
598, 11.660467, -10.673790, 11.339771, -25.334942
599, 11.926800, -11.144560, 10.483122, -24.622408
600, 12.123000, -11.453170, 10.733664, -24.700450
