1, -12.187600, 12.304200, -12.587667, -2.493587
2, -12.187600, 12.304200, -12.587667, -2.493587
3, -12.403200, 12.111900, -12.617780, -2.485623
4, -12.695767, 11.974933, -12.987464, -2.396890
5, -12.900100, 11.929633, -13.205261, -2.352957
6, -13.089267, 11.856733, -13.284229, -2.093675
7, -13.278300, 11.755000, -13.173747, -2.163013
8, -13.479967, 11.643500, -13.029756, -2.049809
9, -13.715433, 11.556933, -13.058594, -2.141895
10, -13.998200, 11.489800, -12.951177, -1.796111
11, -14.270933, 11.393133, -13.038843, -2.086301
12, -14.509467, 11.306500, -12.883466, -2.412288
13, -14.688200, 11.235533, -15.786515, -0.668547
14, -14.788200, 11.168433, -18.152181, 2.493609
15, -14.833267, 11.098433, -18.973223, 2.222061
16, -14.829700, 11.065967, -18.694713, 2.808640
17, -14.812933, 11.049067, -17.911938, 2.845269
18, -14.777800, 11.007833, -17.447906, 2.961250
19, -14.787900, 10.961267, -17.325841, 2.765638
20, -14.827933, 10.894200, -17.491817, 2.256696
21, -14.849367, 10.842267, -17.400291, 1.782257
22, -14.863400, 10.822867, -16.755167, 1.788689
23, -14.883900, 10.831133, -16.503132, 1.506280
24, -14.894850, 10.854950, -16.311522, 1.714678
25, -14.895000, 10.894133, -16.272506, 1.289450
26, -14.886167, 10.950833, -15.947656, 1.580553
27, -14.867933, 11.014967, -15.709812, 1.237124
28, -14.842667, 11.068400, -14.788866, 0.445028
29, -14.805000, 11.112767, -14.529465, 0.020226
30, -14.741033, 11.135100, -14.278348, -0.094195
31, -14.652000, 11.184033, -14.071499, 0.080101
32, -14.547233, 11.212300, -13.963023, -0.069443
33, -14.449800, 11.256100, -13.792123, 0.002177
34, -14.371233, 11.285767, -13.779435, 0.172023
35, -14.314100, 11.303800, -16.306454, 3.392481
36, -14.264733, 11.328700, -16.446869, 4.759693
37, -14.200033, 11.345800, -16.368975, 4.194964
38, -14.124300, 11.358367, -15.751811, 3.894871
39, -14.040767, 11.383267, -15.678503, 3.640655
40, -13.960200, 11.393600, -15.979910, 4.416725
41, -13.875767, 11.420600, -13.203982, 2.724423
42, -13.798200, 11.466333, -12.120862, -8.652673
43, -13.703333, 11.535367, -3.415608, 1.703519
44, -13.607733, 11.631833, -8.175829, 16.574469
45, -13.510867, 11.778700, -8.801579, 19.043396
46, -13.387967, 11.985167, -9.178343, 18.425333
47, -13.241533, 12.260800, -9.831483, 18.346513
48, -13.075467, 12.656367, -9.189974, 18.507292
49, -12.862300, 13.134467, -9.069860, 17.938993
50, -12.595033, 13.757233, -9.552853, 18.208837
51, -12.325000, 14.514567, -11.773368, 20.781203
52, -12.034500, 15.339000, -12.025726, 22.298527
53, -11.733567, 16.172833, -12.226687, 22.401701
54, -11.428300, 17.054200, -12.661438, 21.448256
55, -11.119233, 17.990300, -12.381840, 22.509522
56, -10.797733, 18.926833, -7.328411, 30.300434
57, -10.459467, 19.916967, -5.290950, 34.319747
58, -10.148400, 20.925933, -4.388133, 34.783873
59, -9.879100, 21.915300, -4.560760, 34.915068
60, -9.646667, 22.892733, -4.596614, 38.490592
61, -9.481533, 23.944400, -4.873935, 41.075274
62, -9.358633, 24.978867, -4.266656, 40.758508
63, -9.278100, 26.013867, -4.402496, 41.399672
64, -9.278400, 27.136700, -4.384529, 41.638021
65, -9.373900, 28.297333, -4.926562, 41.451475
66, -9.600267, 29.491700, -5.424479, 41.219733
67, -9.918267, 30.743900, -5.753441, 40.929201
68, -10.252700, 31.979667, -5.030966, 40.940369
69, -10.546367, 33.168633, -4.100649, 40.623100
70, -10.737167, 34.271933, -4.180851, 40.762738
71, -10.851633, 35.221000, -4.088100, 40.575041
72, -10.949000, 35.923367, -4.242186, 40.268386
73, -11.162533, 36.536833, -3.827094, 39.943289
74, -11.714767, 37.221300, -3.745930, 40.167286
75, -12.390533, 37.609467, -3.985729, 39.851724
76, -12.939267, 37.591467, -4.674952, 39.853970
77, -13.356800, 37.474133, -4.743763, 40.467775
78, -13.595500, 37.535933, -3.981646, 43.388566
79, -13.654033, 37.674933, -3.653560, 44.648942
80, -13.537400, 37.821033, -3.780699, 44.555399
81, -13.231333, 38.273300, -3.427185, 45.204442
82, -12.807867, 39.077200, -6.123732, 50.203205
83, -12.366433, 40.326200, -10.849895, 57.277156
84, -11.910667, 41.985133, -12.508857, 61.047661
85, -11.536133, 43.856200, -11.855241, 61.571607
86, -11.208767, 45.981633, -14.155504, 64.664627
87, -10.894667, 48.304767, -18.246372, 68.158726
88, -10.760533, 50.484300, -20.155154, 68.937371
89, -10.640000, 52.154300, -20.172158, 68.469756
90, -10.612500, 53.533267, -21.808198, 69.155880
91, -10.481900, 54.451600, -22.224397, 68.874027
92, -10.375400, 54.597567, -21.894747, 67.669266
93, -10.257200, 54.587667, -21.906829, 66.776112
94, -10.089267, 54.427100, -21.404650, 66.153453
95, -9.901867, 54.149867, -14.644731, 67.869475
96, -9.625133, 53.762800, 9.620329, 68.882320
97, -9.395133, 53.148233, 18.795895, 68.647247
98, -9.120100, 52.451467, 16.551683, 67.315945
99, -8.593600, 51.769833, 33.437910, 65.270789
100, -7.873533, 51.051800, 32.820614, 62.725545
101, -7.127967, 50.311667, 40.333871, 63.363909
102, -6.387800, 49.573233, 40.197029, 62.976440
103, -5.594400, 48.846700, 38.519376, 62.143708
104, -4.853067, 48.022733, 34.264240, 61.443379
105, -4.194667, 47.059300, 31.796659, 60.943447
106, -3.680433, 45.984433, 21.699360, 57.807396
107, -3.335900, 44.757933, 11.288127, 43.945385
108, -3.148433, 43.285400, -0.117962, 35.244309
109, -3.135733, 41.655767, -0.296299, 23.408934
110, -3.224967, 40.087567, -1.423724, 18.762686
111, -3.376000, 38.554033, -1.790341, 16.839760
112, -3.548800, 36.871133, -1.592617, 16.894785
113, -3.693900, 35.049800, -2.438350, 16.545488
114, -3.749133, 33.054867, -2.264043, 15.652159
115, -3.816900, 30.985300, -1.425159, 15.568433
116, -3.874067, 28.868233, -1.860346, 16.062611
117, -3.904467, 26.699967, -2.808500, 15.102986
118, -3.981933, 24.485133, -2.298660, 15.203999
119, -4.073967, 22.334333, -2.316817, 13.388746
120, -4.187067, 20.340633, 0.463505, 0.974331
121, -4.349533, 18.238733, -0.053717, -11.567153
122, -4.550533, 16.058500, 1.976400, -16.664200
123, -4.791867, 13.852000, 2.858951, -21.878087
124, -5.089767, 11.473700, 2.505067, -24.318544
125, -5.386200, 9.162033, 3.053346, -24.618316
126, -5.601933, 7.475533, 2.428681, -24.475908
127, -5.714133, 6.564600, 2.874542, -23.889050
128, -5.801367, 5.827533, 2.750414, -24.918196
129, -5.852433, 4.919500, 0.669122, -29.261792
130, -5.880800, 4.045000, 1.505624, -30.086283
131, -5.863500, 3.599767, 0.088868, -31.031667
132, -5.809467, 3.288833, -0.094777, -31.126309
133, -5.752667, 2.896467, 0.069887, -30.678953
134, -5.677500, 2.600900, 0.587708, -30.109996
135, -5.643067, 2.417200, 0.731280, -29.744157
136, -5.669600, 2.176067, 0.593784, -29.224574
137, -5.747567, 1.781467, 0.307615, -30.073215
138, -5.849033, 1.214700, 0.356008, -31.229517
139, -5.959967, 0.617500, 0.410655, -31.284490
140, -6.073900, 0.216700, 2.151602, -30.798163
141, -6.205967, -0.054929, 1.649340, -30.470154
142, -6.331267, -0.349269, 1.558907, -29.005433
143, -6.399700, -0.531782, 0.993828, -29.124287
144, -6.407333, -0.587368, 1.257150, -29.164878
145, -6.380533, -0.646165, 1.382932, -28.492446
146, -6.317033, -0.689895, 1.268372, -28.357152
147, -6.272333, -0.693908, 1.219481, -28.239284
148, -6.237533, -0.692279, 0.909201, -28.179099
149, -6.229933, -0.689005, 0.491306, -27.742181
150, -6.240867, -0.631032, 0.381558, -27.179731
151, -6.279433, -0.555896, 0.604038, -27.156192
152, -6.321567, -0.433248, 0.743974, -27.116995
153, -6.370800, -0.186024, 0.653236, -26.565227
154, -6.408567, 0.225167, -1.954896, -24.666673
155, -6.448800, 0.709400, -3.548927, -20.722255
156, -6.502833, 1.178333, -4.335189, -22.440421
157, -6.544967, 1.629300, -4.859593, -22.935068
158, -6.583267, 2.097500, -4.479011, -21.946502
159, -6.615367, 2.547333, -4.352126, -21.675891
160, -6.645167, 2.953533, -4.762900, -21.604796
161, -6.673133, 3.333867, -5.188961, -22.049704
162, -6.701600, 3.722967, -5.510184, -23.446846
163, -6.730533, 4.057333, -6.855220, -24.039055
164, -6.766467, 4.322700, -7.397634, -23.806719
165, -6.819933, 4.543200, -7.585397, -23.769953
166, -6.908433, 4.716700, -7.637700, -23.647328
167, -7.023733, 4.909567, -7.714969, -23.625357
168, -7.150367, 5.138833, -7.741900, -23.491284
169, -7.302433, 5.460133, -7.897677, -23.217270
170, -7.546433, 5.952533, -7.748579, -22.943455
171, -7.884567, 6.596867, -10.088171, -17.369445
172, -8.258300, 7.220100, -13.339294, -7.058968
173, -8.633200, 7.729400, -20.414762, -3.467923
174, -9.018433, 8.171900, -20.920978, -2.601068
175, -9.295567, 8.571500, -21.203940, -1.947494
176, -9.413533, 8.911700, -20.861748, -1.607376
177, -9.425200, 9.235167, -20.794373, -1.886824
178, -9.345100, 9.561667, -20.726188, -2.122468
179, -9.217833, 9.893733, -20.681706, -2.084505
180, -9.085733, 10.257967, -20.459868, -2.005339
181, -8.970133, 10.734267, -20.255017, -1.660802
182, -8.880733, 11.311800, -20.099711, -1.212945
183, -8.822233, 12.005700, -19.971117, -0.702758
184, -8.755467, 12.895033, -19.822441, -0.043603
185, -8.664267, 14.043633, -19.512770, -0.210911
186, -8.560867, 15.569600, -17.671870, 6.128858
187, -8.472167, 17.521933, -12.310369, 15.229366
188, -8.346167, 19.723099, -9.472944, 20.555923
189, -8.118700, 22.276934, -8.280623, 47.778346
190, -7.834133, 24.862334, -2.448988, 42.151611
191, -7.592067, 27.084534, -3.527549, 42.033598
192, -7.404133, 28.800967, -2.466131, 41.857111
193, -7.243533, 30.081500, -2.449745, 45.019367
194, -7.077600, 31.000200, -2.639492, 44.020035
195, -6.959800, 31.538400, -2.089594, 43.080895
196, -6.893533, 32.074600, -2.361612, 44.274681
197, -6.849667, 32.793433, -2.259686, 49.257691
198, -6.859333, 33.623667, -1.994303, 50.162435
199, -6.874000, 34.516100, -2.089436, 50.293353
200, -6.863733, 35.436633, -1.908887, 50.273653
201, -6.828567, 36.493267, -4.933530, 53.154204
202, -6.767800, 37.701833, -5.984518, 53.924907
203, -6.695633, 38.864467, -5.645566, 54.063216
204, -6.668700, 39.841200, -5.156914, 53.556111
205, -6.660567, 40.615633, -5.230275, 53.254319
206, -6.712033, 41.024233, -5.773075, 52.780808
207, -6.800233, 41.179167, -5.705634, 52.294586
208, -6.848967, 41.321733, -5.645556, 52.262084
209, -6.876000, 41.438267, -5.966635, 52.586164
210, -6.889933, 41.591867, -5.826737, 52.434454
211, -6.878000, 41.802267, -5.789058, 52.595660
212, -6.878100, 41.936667, 4.172793, 52.424351
213, -6.884733, 42.037000, 16.855375, 51.531164
214, -6.899167, 42.244267, 18.929937, 51.708825
215, -6.881733, 42.465933, 18.785198, 51.830822
216, -6.811833, 42.640600, 19.055917, 52.014222
217, -6.763500, 42.716000, 19.625309, 52.343000
218, -6.714933, 42.688133, 19.766502, 52.310043
219, -6.660467, 42.613333, 19.876386, 52.027286
220, -6.661833, 42.392067, 20.271102, 51.459445
221, -6.704567, 42.101500, 14.256906, 51.597916
222, -6.768500, 41.801833, 9.612727, 51.836978
223, -6.814867, 41.484133, 8.934453, 51.669692
224, -6.831300, 41.223333, 9.134662, 48.290889
225, -6.815825, 40.974250, 7.370673, 39.981588
226, -6.827867, 40.721867, 3.453326, 47.301970
227, -6.774767, 40.527667, 3.886853, 47.147090
228, -6.692733, 40.270833, 5.276420, 48.034216
229, -6.635967, 39.919200, 5.513927, 48.067002
230, -6.563100, 39.510000, 4.073042, 47.121391
231, -6.488200, 39.063400, 4.133227, 47.393056
232, -6.421067, 38.527133, 5.043833, 47.519087
233, -6.382850, 38.067200, 5.324175, 47.623488
234, -6.344033, 37.632833, 4.665767, 47.364432
235, -6.344875, 37.058400, 3.734039, 47.426570
236, -6.347333, 36.560033, 3.685009, 47.694145
237, -6.346267, 36.202333, 3.423503, 48.201303
238, -6.363367, 35.922400, 3.218838, 48.441845
239, -6.377233, 35.706900, 4.051681, 48.930952
240, -6.384033, 35.527733, 4.561892, 49.650427
241, -6.341567, 35.409000, 3.781160, 49.042015
242, -6.273467, 35.322867, 1.354995, 46.799324
243, -6.219833, 35.286967, -0.197611, 45.578714
244, -6.130200, 35.382367, -0.340965, 45.513998
245, -5.976500, 35.613533, -0.341239, 45.693210
246, -5.778467, 35.880900, -0.239409, 45.397892
247, -5.514200, 36.142933, -0.185075, 45.599006
248, -5.158733, 36.417933, 8.837171, 48.503985
249, -4.731767, 36.743833, 24.409567, 49.585920
250, -4.306167, 37.042733, 24.205246, 49.219979
251, -3.883300, 37.347767, 24.578628, 49.150676
252, -3.520500, 37.662867, 24.570301, 49.146329
253, -3.225700, 38.087467, 25.216861, 49.679461
254, -3.039167, 38.627733, 24.892359, 50.603378
255, -2.957633, 39.467466, 24.174348, 52.157754
256, -3.102300, 40.628867, 26.419889, 53.197268
257, -3.451867, 41.350767, 29.146549, 54.598415
258, -3.903067, 41.593300, 27.595843, 53.646023
259, -4.269433, 41.738833, 27.222832, 53.707574
260, -4.525133, 41.921500, 16.102439, 53.329148
261, -4.686333, 42.003100, 14.818661, 53.006630
262, -4.730200, 42.047867, 14.307607, 53.091462
263, -4.651233, 42.163233, 13.781994, 53.085170
264, -4.500767, 42.360933, 13.703584, 53.148298
265, -4.362733, 42.453100, 13.462364, 52.976744
266, -4.277167, 42.550467, 13.092511, 53.105084
267, -4.222267, 42.600933, 12.795028, 53.180748
268, -4.253033, 42.599000, 11.693183, 52.856543
269, -4.354800, 42.495767, 3.707463, 49.799776
270, -4.532967, 42.338400, 2.184029, 48.767908
271, -4.696633, 42.235300, 2.536695, 48.541167
272, -4.840367, 42.136633, 2.784910, 48.515689
273, -4.969067, 41.992167, 3.289522, 48.316464
274, -5.062000, 41.905433, 3.491285, 48.206171
275, -5.115533, 41.830300, 3.624031, 48.338005
276, -5.117067, 41.744700, 1.348022, 46.933516
277, -5.135033, 41.669033, -1.188771, 45.324804
278, -5.186433, 41.577033, -1.431222, 44.706393
279, -5.218800, 41.459333, -1.494424, 44.528587
280, -5.250967, 41.353667, -1.512625, 44.468049
281, -5.301467, 41.225800, -1.615822, 44.374431
282, -5.353467, 41.150500, -1.672494, 44.295317
283, -5.371967, 41.094100, -1.649310, 44.299547
284, -5.398433, 41.051567, 0.232672, 46.533564
285, -5.386267, 41.077300, 3.757161, 50.334840
286, -5.378167, 41.107767, 3.979414, 50.463822
287, -5.374233, 41.121933, 4.091783, 50.493225
288, -5.347767, 41.077367, 4.271965, 50.451500
289, -5.314933, 40.979333, 4.314107, 50.334702
290, -5.256600, 40.817300, 4.688467, 50.176951
291, -5.155633, 40.669467, 4.712487, 50.065661
292, -5.070800, 40.507433, 4.875757, 49.970543
293, -5.017200, 40.300267, 4.904812, 49.569120
294, -4.992667, 40.084433, 4.970697, 49.543196
295, -4.969067, 39.893033, 0.457437, 47.500944
296, -4.992600, 39.738667, -1.378422, 46.744776
297, -5.059300, 39.572567, -1.590859, 46.747017
298, -5.118400, 39.413667, -1.632184, 46.680814
299, -5.170567, 39.276367, -1.588594, 46.630528
300, -5.234267, 39.130700, -1.621937, 46.355361
301, -5.313367, 38.998067, -1.543678, 46.418685
302, -5.433967, 38.857033, -1.984165, 45.804366
303, -5.550100, 38.721867, -2.082749, 45.675900
304, -5.610400, 38.614233, -2.125402, 45.623770
305, -5.649000, 38.516133, -2.193824, 45.597810
306, -5.706167, 38.435100, -2.229309, 45.447165
307, -5.719333, 38.396733, -2.177680, 45.451920
308, -5.712833, 38.399500, -2.109350, 45.491406
309, -5.715400, 38.425200, -2.064215, 45.507097
310, -5.717967, 38.469533, -1.998100, 45.665511
311, -5.720967, 38.523433, -2.002930, 45.639936
312, -5.733467, 38.560900, -2.004737, 45.447431
313, -5.717733, 38.604667, -2.111361, 45.335251
314, -5.718867, 38.637067, -2.141461, 45.095493
315, -5.705433, 38.663733, -2.093115, 44.988661
316, -5.660200, 38.677100, -2.017396, 44.841042
317, -5.598433, 38.690933, -1.989843, 44.752568
318, -5.549867, 38.697967, -1.912062, 44.609501
319, -5.514400, 38.691100, -2.071703, 44.531324
320, -5.506800, 38.680933, -2.297454, 44.434977
321, -5.494533, 38.667933, -2.310018, 44.458149
322, -5.492267, 38.660867, -2.265742, 44.480563
323, -5.478967, 38.665200, -2.283379, 44.452606
324, -5.464967, 38.677600, -2.429225, 44.531055
325, -5.463233, 38.698367, -2.556706, 44.533933
326, -5.464000, 38.720700, -2.702322, 44.455691
327, -5.446300, 38.729067, -1.037368, 45.644664
328, -5.440133, 38.738600, 4.496232, 47.942720
329, -5.437700, 38.775967, 4.245675, 48.110294
330, -5.463367, 38.810567, 3.549009, 48.048182
331, -5.479833, 38.870033, 3.957241, 48.065372
332, -5.472767, 38.946600, 4.058379, 48.168389
333, -5.494533, 39.006733, 4.020359, 48.123989
334, -5.511867, 39.044800, 4.079447, 48.118273
335, -5.533067, 39.086033, 3.937440, 48.132042
336, -5.563233, 39.134233, 3.853299, 48.047602
337, -5.597167, 39.183400, 3.696319, 48.188939
338, -5.613133, 39.213300, 3.577311, 48.223424
339, -5.655500, 39.219733, 3.443484, 47.963102
340, -5.665067, 39.224367, 3.467720, 47.910433
341, -5.647733, 39.238167, 3.449255, 47.899350
342, -5.661333, 39.251267, 3.346118, 47.869401
343, -5.663033, 39.231533, 3.354497, 47.854795
344, -5.636833, 39.212867, 3.373767, 47.822382
345, -5.618900, 39.176400, 3.262741, 47.785702
346, -5.588000, 39.126467, 3.251551, 47.619005
347, -5.580933, 39.042433, 3.243465, 47.487348
348, -5.590933, 38.946467, 3.262195, 47.299300
349, -5.614767, 38.835033, 3.267375, 47.169466
350, -5.648367, 38.725667, 3.181025, 47.062417
351, -5.668500, 38.619600, 2.921904, 46.871073
352, -5.690900, 38.512700, 0.717922, 42.405567
353, -5.710667, 38.424200, -2.844148, 31.513800
354, -5.724800, 38.347700, -4.273470, 24.686407
355, -5.731733, 38.279000, -4.109286, 24.524548
356, -5.753867, 38.238133, -4.093652, 24.091801
357, -5.786800, 38.205767, -3.953773, 24.220989
358, -5.776267, 38.195600, -4.010866, 24.277552
359, -5.818533, 38.147233, -4.099339, 24.157323
360, -5.843433, 38.097700, -4.067705, 24.110772
361, -5.877600, 38.063133, -4.100126, 24.316111
362, -5.906133, 38.056700, -3.919375, 24.404080
363, -5.910967, 38.065167, -3.914395, 24.271976
364, -5.913367, 38.083000, -3.897392, 24.469792
365, -5.925733, 38.085367, -3.907347, 24.601186
366, -5.909333, 38.106600, -3.910437, 24.760332
367, -5.899700, 38.131667, -3.817176, 25.079317
368, -5.898867, 38.170967, -3.774811, 25.530417
369, -5.877333, 38.197333, -3.691233, 25.625122
370, -5.859900, 38.211867, -3.648997, 25.657281
371, -5.856133, 38.212367, -3.666326, 25.744464
372, -5.839600, 38.191667, -3.672408, 25.728977
373, -5.842267, 38.173600, -3.785993, 25.862437
374, -5.856800, 38.135000, -3.784185, 25.914326
375, -5.884033, 38.093633, -3.616740, 26.196655
376, -5.891767, 38.042067, -3.605534, 26.239696
377, -5.905000, 38.013300, -3.831765, 26.330273
378, -5.909200, 37.991467, -3.781485, 26.537999
379, -5.912833, 37.975900, -3.660064, 26.976683
380, -5.917733, 37.973367, -3.564091, 26.969479
381, -5.920200, 37.961333, -3.600374, 27.132408
382, -5.924600, 37.972600, -3.670292, 27.175784
383, -5.949333, 37.977967, -3.641390, 27.374305
384, -5.931467, 37.978300, -3.552825, 27.700419
385, -5.946233, 37.965900, -3.545180, 27.740069
386, -5.975333, 37.931667, -3.564405, 27.857996
387, -5.983967, 37.909233, -3.529516, 28.122710
388, -5.985067, 37.899733, -3.528857, 28.346811
389, -5.988933, 37.884767, -3.495585, 28.549795
390, -5.977167, 37.870667, -3.514807, 28.700664
391, -5.967167, 37.841633, -3.672554, 28.283445
392, -5.973033, 37.792233, -5.053714, 20.107786
393, -5.941367, 37.750367, -5.209024, 12.289442
394, -5.930200, 37.689833, -5.171348, 11.947245
395, -5.917900, 37.595567, -4.856318, 11.691453
396, -5.901767, 37.477967, -4.821171, 11.590472
397, -5.878200, 37.349767, -5.039768, 11.580309
398, -5.859700, 37.203733, -4.984902, 11.702248
399, -5.866533, 37.057500, -5.027765, 12.081303
400, -5.883300, 36.899900, -5.059074, 12.197866
401, -5.919933, 36.761300, -4.993295, 12.219867
402, -5.959033, 36.647967, -5.104163, 12.705116
403, -5.995233, 36.536033, -5.255587, 12.772748
404, -6.035367, 36.428667, -5.227656, 12.765760
405, -6.074567, 36.336133, -5.065582, 13.038242
406, -6.096633, 36.251233, -4.842995, 13.881049
407, -6.117133, 36.184100, -4.829492, 13.586065
408, -6.143167, 36.117967, -4.885342, 13.682176
409, -6.164467, 36.075567, -4.867022, 13.785096
410, -6.177633, 36.051767, -4.815725, 13.781140
411, -6.219900, 36.042233, -4.799025, 14.228153
412, -6.218900, 36.063133, -4.724207, 14.409650
413, -6.239433, 36.074000, -4.718798, 14.648684
414, -6.260767, 36.086900, -4.796599, 15.013596
415, -6.261700, 36.095433, -4.821029, 15.320821
416, -6.267967, 36.104600, -4.883561, 15.635127
417, -6.285100, 36.125033, -5.076287, 15.951320
418, -6.274100, 36.129267, -5.196000, 16.118846
419, -6.269400, 36.122000, -5.151595, 16.386202
420, -6.290067, 36.106833, -5.129131, 16.713282
421, -6.268400, 36.113333, -5.083418, 16.937260
422, -6.255733, 36.127267, -4.871695, 16.760373
423, -6.258867, 36.132367, -4.821277, 16.813340
424, -6.243167, 36.131500, -4.869143, 17.250194
425, -6.224200, 36.114267, -5.194733, 17.472854
426, -6.214767, 36.072000, -5.231521, 17.513911
427, -6.213500, 36.023900, -5.255236, 17.559647
428, -6.219267, 35.942667, -5.291836, 17.658260
429, -6.242733, 35.832867, -5.266046, 17.597036
430, -6.266300, 35.699967, -5.224282, 17.586275
431, -6.275267, 35.559200, -5.097270, 17.642980
432, -6.303767, 35.411033, -5.026289, 17.599440
433, -6.323500, 35.282100, -4.968039, 18.013145
434, -6.353967, 35.210067, -4.851435, 18.436566
435, -6.382533, 35.186967, -5.137040, 18.846285
436, -6.438667, 35.257100, -5.422874, 19.499341
437, -6.421467, 35.562300, -5.322150, 20.382343
438, -6.343333, 36.026800, -5.223146, 21.179582
439, -6.277133, 36.532033, -4.779887, 21.391964
440, -6.214300, 37.044333, -4.630576, 21.350941
441, -6.124500, 37.577633, -4.281711, 21.615849
442, -6.034000, 38.075533, -4.216956, 21.856957
443, -5.967933, 38.531200, -4.176717, 21.989027
444, -5.887633, 38.950267, -4.301431, 22.110365
445, -5.820600, 39.362167, -4.242283, 22.158900
446, -5.774200, 39.757933, -4.220196, 22.725359
447, -5.724533, 40.166733, -4.104036, 23.046929
448, -5.691633, 40.568500, -4.401424, 23.359901
449, -5.697733, 40.941700, -8.290167, 26.967443
450, -5.702567, 41.260133, -8.930331, 28.036830
451, -5.693467, 41.533067, -9.709673, 31.391044
452, -5.757833, 41.709767, -10.630117, 34.719223
453, -5.793500, 41.729233, -11.330602, 34.824497
454, -5.703400, 41.640233, -10.760599, 37.813448
455, -5.555133, 41.542333, -11.094048, 40.043292
456, -5.684067, 41.316300, -11.175737, 40.137447
457, -6.182567, 40.867000, -11.470510, 40.205670
458, -6.862100, 40.295067, -11.185320, 40.544481
459, -7.503733, 39.707067, -11.568740, 40.572084
460, -8.029033, 39.153900, -11.565610, 40.352314
461, -8.436233, 38.663067, -11.478874, 40.683792
462, -8.774067, 38.201567, -11.216555, 40.859768
463, -9.091200, 37.754833, -11.133272, 40.979669
464, -9.418300, 37.286833, -11.238895, 40.808962
465, -9.777267, 36.765167, -11.191018, 40.940426
466, -10.127867, 36.174233, -11.280851, 41.375594
467, -10.446533, 35.459233, -11.501684, 41.218687
468, -10.715600, 34.579600, -10.850492, 37.307392
469, -10.988233, 33.495133, -11.546775, 28.887180
470, -11.282300, 32.202400, -13.999189, 19.308267
471, -11.604967, 30.556967, -14.869953, 9.703594
472, -11.986867, 28.476534, -14.864863, 4.740830
473, -12.398833, 26.016567, -14.610006, 2.196837
474, -12.849400, 23.172168, -15.412231, 2.480380
475, -13.367467, 19.843402, -15.327650, 1.052494
476, -13.902533, 16.157698, -15.789171, 0.727258
477, -14.533333, 12.930099, -16.462825, 0.239161
478, -15.244800, 10.603066, -16.540493, 1.441368
479, -15.976033, 9.328767, -16.509629, 2.152474
480, -16.642200, 8.914467, -18.186953, -0.795935
481, -17.174100, 8.552667, -19.780183, -6.879433
482, -17.596000, 8.037267, -20.316473, -8.391826
483, -17.946533, 7.513100, -19.691742, -8.091265
484, -18.242133, 7.154233, -19.895759, -7.876508
485, -18.445633, 6.912133, -19.400891, -7.743070
486, -18.565333, 6.704767, -19.167842, -8.028433
487, -18.575733, 6.643667, -19.332569, -7.727842
488, -18.525100, 6.557667, -19.280552, -7.650135
489, -18.451500, 6.344867, -22.100606, -10.111967
490, -18.374367, 6.051700, -33.045526, -17.772750
491, -18.453900, 5.792467, -39.580665, -21.345473
492, -18.811167, 5.527767, -40.469935, -21.702613
493, -19.372100, 5.354400, -40.908415, -20.943404
494, -20.211767, 5.255300, -41.245941, -20.681635
495, -21.423400, 5.156500, -40.701911, -20.230441
496, -22.953200, 5.039500, -40.829906, -19.290532
497, -24.720667, 4.894433, -40.230571, -18.914707
498, -26.601433, 4.782567, -41.480666, -19.557212
499, -28.495133, 4.692500, -45.254451, -19.599663
500, -30.292433, 4.630767, -48.561225, -20.704960
501, -31.845500, 4.674533, -48.000538, -19.754635
502, -33.100367, 4.720600, -46.951100, -18.622149
503, -34.136700, 4.751733, -46.938366, -18.119671
504, -34.951200, 4.798700, -45.264038, -17.270991
505, -35.519533, 4.868000, -44.240435, -17.182140
506, -35.853767, 4.921967, -43.043370, -16.774803
507, -35.957800, 4.907433, -42.656586, -16.591855
508, -35.835700, 4.781733, -41.449026, -15.851458
509, -35.662567, 4.674433, -49.293037, -13.872184
510, -35.531833, 4.619367, -58.290755, -13.553502
511, -35.432100, 4.560967, -59.781564, -12.997494
512, -35.393400, 4.468600, -60.212874, -13.702029
513, -35.486267, 4.390333, -60.344565, -13.068831
514, -35.701933, 4.370833, -57.216645, -11.482436
515, -36.016400, 4.385933, -55.582504, -11.196723
516, -36.446033, 4.436700, -56.757981, -11.291344
517, -36.979533, 4.546033, -57.422528, -10.801701
518, -37.582767, 4.647500, -57.281612, -10.601043
519, -38.209533, 4.719567, -54.949843, -9.809959
520, -38.823400, 4.759900, -57.222921, -10.745189
521, -39.408033, 4.805100, -54.518607, -9.791467
522, -39.961500, 4.851833, -56.163391, -10.129813
523, -40.489900, 4.897000, -60.794773, -10.405345
524, -40.978633, 4.959233, -61.561266, -10.769072
525, -41.391733, 5.011867, -64.145320, -11.816168
526, -41.740200, 5.043700, -60.609153, -10.105719
527, -42.027833, 5.049833, -58.013843, -9.530761
528, -42.270400, 5.046067, -58.887160, -9.604496
529, -42.490567, 5.009333, -58.900969, -9.711137
530, -42.662467, 4.905867, -58.680883, -10.835736
531, -42.848467, 4.750733, -58.896461, -18.962485
532, -43.035367, 4.545867, -56.259977, -27.371564
533, -43.208267, 4.348967, -55.441607, -27.724223
534, -43.371300, 4.140500, -56.400906, -27.214245
535, -43.480467, 3.887033, -56.113367, -27.366825
536, -43.531300, 3.592400, -55.805982, -27.679111
537, -43.498633, 3.252333, -55.525787, -27.873917
538, -43.365600, 2.885200, -55.276943, -28.075542
539, -43.103967, 2.468733, -54.331516, -28.355343
540, -42.764500, 2.057367, -53.349947, -26.965977
541, -42.345400, 1.599467, -47.839173, -31.846509
542, -41.873033, 1.162967, -44.713748, -33.361946
543, -41.351767, 0.739167, -43.637750, -33.657155
544, -40.796300, 0.323267, -42.671442, -34.329218
545, -40.182600, -0.018112, -42.690105, -31.007137
546, -39.546067, -0.304272, -42.266319, -30.352466
547, -38.878867, -0.582805, -42.093530, -30.491025
548, -38.198200, -0.846114, -41.878584, -31.763439
549, -37.534500, -1.081825, -41.297832, -31.600320
550, -36.913167, -1.269044, -40.265320, -29.020979
551, -36.359433, -1.410953, -40.083766, -28.637182
552, -35.838167, -1.522051, -40.817464, -28.814306
553, -35.374467, -1.614690, -40.251600, -28.661062
554, -34.950933, -1.681744, -40.360090, -12.425673
555, -34.571600, -1.754352, -52.853246, -31.949875
556, -34.242267, -1.828510, -58.906979, -34.530435
557, -33.946067, -1.883345, -56.453077, -33.150967
558, -33.642500, -1.914629, -54.835936, -32.854763
559, -33.355633, -1.955952, -53.497100, -32.263775
560, -33.067333, -2.007386, -52.565904, -31.792186
561, -32.751067, -2.032574, -51.709040, -31.475905
562, -32.396200, -2.070092, -51.801965, -31.821203
563, -31.894000, -2.094094, -50.834982, -31.394600
564, -31.206367, -2.162017, -50.261886, -31.287713
565, -30.426200, -2.254629, -47.174623, -31.282606
566, -29.512267, -2.320259, -37.607230, -32.998237
567, -28.475500, -2.377837, -23.806551, -32.110449
568, -27.327500, -2.408058, -14.116771, -31.811649
569, -26.069133, -2.442523, -13.775821, -32.001662
570, -24.753233, -2.445271, -12.113618, -32.058935
571, -23.389467, -2.415027, -12.277691, -31.053435
572, -22.025100, -2.342996, -12.870316, -33.031800
573, -20.728633, -2.239541, -13.715710, -31.563634
574, -19.477900, -2.077317, -13.617452, -30.535410
575, -18.259700, -1.901312, -13.837201, -30.978204
576, -17.110567, -1.727456, -14.652167, -30.824348
577, -16.055667, -1.538914, -13.813154, -29.405749
578, -15.076433, -1.315110, -12.709165, -30.045844
579, -14.135333, -1.056829, -8.279449, -28.475442
580, -13.174767, -0.809743, 6.020184, -27.067711
581, -12.236633, -0.613005, 7.032641, -24.512431
582, -11.322267, -0.394573, 6.680529, -24.020039
583, -10.375400, -0.090300, 6.242244, -24.264864
584, -9.394300, 0.209400, 8.379300, -25.121709
585, -8.421867, 0.464500, 6.955445, -23.338815
586, -7.462100, 0.715467, 6.806373, -24.683385
587, -6.533400, 0.943433, 6.024164, -25.826903
588, -5.651200, 1.147700, 6.576026, -26.715846
589, -4.827567, 1.291867, 5.908379, -25.131503
590, -4.040833, 1.429633, 5.465934, -24.149988
591, -3.288333, 1.566133, 7.421483, -25.296225
592, -2.551067, 1.720833, 14.336332, -26.168507
593, -1.824100, 1.889333, 12.919354, -23.121442
594, -1.109767, 2.054633, 14.661590, -24.300667
595, -0.402967, 2.217500, 10.902564, -23.662608
596, 0.285567, 2.383167, 11.130947, -21.941610
597, 0.946600, 2.510733, 12.323175, -23.367667
598, 1.547367, 2.589000, 12.309107, -23.665055
599, 2.113633, 2.620900, 11.690455, -22.885168
600, 2.476200, 2.616300, 11.150140, -21.466885
