1, -49.786000, 2.274300, -50.714570, -7.498480
2, -49.786000, 2.274300, -50.714570, -7.498480
3, -49.786750, 2.257150, -50.710548, -7.538939
4, -49.809233, 2.274933, -50.727415, -7.821517
5, -49.807933, 2.299767, -50.704480, -7.922396
6, -49.803333, 2.323233, -50.622640, -7.845667
7, -49.792100, 2.370533, -50.582652, -7.759213
8, -49.765600, 2.407667, -50.582915, -7.601381
9, -49.736333, 2.403600, -50.606009, -7.628644
10, -49.719167, 2.380333, -50.605512, -7.664509
11, -49.705667, 2.356733, -50.611273, -7.816062
12, -49.681167, 2.300200, -50.566148, -8.008427
13, -49.675233, 2.218100, -50.519548, -8.243721
14, -49.713933, 2.074800, -50.549354, -8.564805
15, -49.865300, 1.965533, -50.752838, -8.892911
16, -50.116133, 1.895667, -51.547537, -8.731348
17, -50.486833, 1.837467, -57.630901, -6.261841
18, -50.971867, 1.755333, -59.075407, -4.546878
19, -51.570967, 1.727300, -58.440443, -4.516528
20, -52.143333, 1.781167, -58.115101, -4.088807
21, -52.625833, 1.886567, -57.852021, -3.847150
22, -53.073567, 2.037367, -57.888365, -4.311901
23, -53.689367, 2.301800, -59.440808, -3.979058
24, -54.425300, 2.680550, -69.959868, 0.389155
25, -55.518966, 3.153100, -71.622529, 2.598009
26, -57.416233, 3.620633, -71.306750, 1.762973
27, -59.625467, 3.887733, -71.842749, 1.638747
28, -61.804233, 4.161100, -72.504908, 0.834901
29, -64.386800, 4.476850, -72.392443, 0.373587
30, -67.049166, 4.738700, -72.048220, 0.018736
31, -69.577233, 4.948567, -72.411130, -0.711370
32, -72.088467, 5.003133, -73.184854, -0.901506
33, -74.457466, 5.069333, -77.461803, -2.436838
34, -76.835300, 5.179167, -91.712013, -5.791790
35, -79.106167, 5.198333, -101.324711, -8.953107
36, -81.290433, 5.229533, -99.864895, -9.101734
37, -83.200900, 5.258433, -99.583383, -9.355988
38, -84.642800, 5.137600, -99.340584, -9.219047
39, -85.594167, 4.934633, -98.862760, -8.978423
40, -86.186200, 4.766667, -98.407154, -8.649463
41, -86.507000, 4.668800, -97.726689, -8.616367
42, -86.711333, 4.655933, -97.479245, -8.616563
43, -86.842000, 4.682067, -97.398434, -8.779886
44, -86.894167, 4.696667, -97.291991, -8.857220
45, -86.875667, 4.717333, -97.156228, -8.719884
46, -86.813867, 4.779967, -96.794174, -8.529065
47, -86.681033, 4.928333, -96.247332, -8.412471
48, -86.502867, 5.104367, -95.664129, -8.326511
49, -86.311833, 5.241167, -95.238269, -8.289473
50, -86.153000, 5.386433, -95.004664, -8.169493
51, -86.052600, 5.604867, -94.695018, -7.996162
52, -85.969833, 5.840100, -94.506642, -7.673609
53, -85.913433, 6.080400, -94.427154, -7.463920
54, -85.820967, 6.299767, -94.381881, -7.117501
55, -85.663667, 6.473933, -94.143662, -7.001036
56, -85.542967, 6.600767, -93.980795, -6.840884
57, -85.560767, 6.735267, -93.955444, -6.684004
58, -85.560100, 6.928000, -95.202089, -9.913194
59, -85.550567, 7.111533, -96.108166, -15.653316
60, -85.589167, 7.231267, -96.487636, -16.367888
61, -85.647100, 7.352733, -96.483018, -16.626602
62, -85.813000, 7.575633, -96.692761, -16.624624
63, -86.060433, 7.830533, -96.751844, -16.430336
64, -86.401833, 8.172867, -97.206460, -15.973416
65, -86.835067, 8.677767, -101.752759, -6.068069
66, -87.243400, 9.541266, -106.436136, 10.999917
67, -87.562533, 11.169833, -107.617551, 21.168597
68, -87.583000, 13.384334, -107.092801, 22.323608
69, -87.477000, 15.273000, -106.649029, 21.975428
70, -87.479733, 16.848800, -106.111380, 21.970904
71, -87.514867, 18.441100, -105.570282, 21.011075
72, -87.483267, 20.172600, -104.952819, 20.763846
73, -87.405300, 22.028967, -104.761856, 20.165470
74, -87.301133, 23.818967, -104.428886, 20.488729
75, -87.125967, 25.534500, -104.027227, 20.185218
76, -86.824900, 27.234967, -103.017332, 20.807217
77, -86.366600, 28.785933, -95.346070, 27.054225
78, -85.590733, 30.270667, -79.542694, 32.800046
79, -84.266467, 31.717900, -66.780435, 37.236380
80, -82.288668, 33.103600, -66.012722, 36.597000
81, -79.603133, 34.583667, -65.839727, 36.464566
82, -76.268967, 36.067400, -65.084613, 36.088141
83, -72.721966, 37.521733, -64.122794, 35.634118
84, -69.234834, 38.983267, -64.090065, 34.832610
85, -65.879900, 40.405633, -64.235528, 34.271793
86, -62.790499, 41.679933, -63.301070, 34.185205
87, -60.143366, 42.804067, -60.479982, 36.791506
88, -57.899433, 43.852400, -59.543098, 37.917479
89, -55.979033, 44.894000, -59.479131, 38.691103
90, -54.399167, 45.909133, -60.035154, 38.949325
91, -53.263133, 46.843333, -61.594530, 41.241799
92, -52.482467, 47.659200, -62.115698, 42.047486
93, -51.751300, 48.290933, -62.654173, 41.682699
94, -51.034133, 48.920700, -62.392305, 41.451308
95, -50.296633, 49.481867, -62.596238, 40.549132
96, -49.556933, 49.936700, -62.262287, 40.315064
97, -49.073167, 50.377133, -62.422752, 40.796314
98, -48.671100, 50.780467, -61.765637, 40.817198
99, -47.827634, 51.107767, -48.242392, 43.663964
100, -46.136368, 51.331333, -23.440874, 43.868121
101, -43.725134, 51.495967, -11.405819, 41.039217
102, -40.860299, 51.654933, -12.183166, 41.261287
103, -37.746401, 51.801267, -13.685147, 41.288229
104, -34.513133, 51.908500, -13.029143, 41.275227
105, -31.308300, 51.931333, -9.197160, 40.877823
106, -28.174366, 51.895500, 0.576167, 39.274868
107, -25.171300, 51.756267, -0.755831, 39.150387
108, -22.468599, 51.511733, -2.158062, 39.594768
109, -20.085667, 51.215500, -1.972450, 39.250964
110, -17.350466, 50.973800, -3.162680, 39.040648
111, -14.571633, 50.870167, -3.015496, 39.286386
112, -12.056033, 50.888467, -3.357966, 38.930672
113, -9.894700, 50.898433, -3.554504, 38.921853
114, -8.023667, 50.933133, -4.222486, 38.801547
115, -6.300933, 51.000000, -1.138229, 40.606947
116, -5.037467, 51.138667, 8.751233, 42.949202
117, -4.293433, 51.309267, 8.897516, 42.740017
118, -3.764233, 51.406333, 6.912600, 43.351884
119, -2.973100, 51.443500, 6.741809, 43.382372
120, -1.949467, 51.506933, 6.705176, 43.087139
121, -0.899833, 51.579000, 6.795924, 43.160307
122, 0.188467, 51.602200, 6.854938, 43.197891
123, 1.191300, 51.629333, 6.140191, 43.061292
124, 2.156067, 51.697400, 6.195758, 42.866000
125, 3.054767, 51.720900, 5.932637, 42.727331
126, 3.866700, 51.775267, 6.304376, 42.444503
127, 4.620667, 51.833833, 6.312558, 42.029675
128, 5.294267, 51.901267, 6.302548, 42.248050
129, 5.906900, 52.002500, 6.482543, 42.417323
130, 6.478200, 52.072567, 6.522201, 42.529931
131, 7.026067, 52.096067, 8.120118, 42.364108
132, 7.616267, 52.073600, 12.606760, 42.214375
133, 8.322933, 51.968933, 12.590214, 41.851475
134, 9.191800, 51.776000, 12.293451, 41.828685
135, 10.060000, 51.531300, 12.017419, 41.442825
136, 10.796833, 51.365467, 11.981299, 41.022815
137, 11.408900, 51.252033, 11.927293, 41.199091
138, 11.833100, 51.109200, 11.477276, 40.861234
139, 12.115700, 51.105700, 11.281112, 41.024016
140, 12.340667, 51.190333, 11.044992, 41.227223
141, 12.531967, 51.287133, 11.109479, 41.260499
142, 12.803000, 51.395667, 11.311669, 41.898641
143, 13.138767, 51.467300, 11.370442, 41.581868
144, 13.552633, 51.547333, 11.691687, 41.598533
145, 13.935733, 51.665767, 11.955259, 41.693503
146, 14.222233, 51.743067, 12.141451, 41.693265
147, 14.416200, 51.820867, 12.161920, 41.479473
148, 14.573467, 51.943267, 11.757543, 41.168176
149, 14.727133, 52.093800, 5.704005, 44.133691
150, 14.849267, 52.208400, -2.288576, 45.653103
151, 15.002933, 52.297767, -1.591604, 45.896130
152, 15.279800, 52.345233, -1.322795, 45.580651
153, 15.627767, 52.412600, -0.648751, 45.492510
154, 15.929467, 52.520300, 0.082338, 45.903570
155, 16.141167, 52.661300, 0.306631, 46.023334
156, 16.238500, 52.797100, 0.273164, 46.013731
157, 16.284433, 52.917500, 0.267884, 45.774720
158, 16.445833, 52.998900, 0.188136, 45.413706
159, 16.703833, 53.040967, 0.501077, 45.404589
160, 16.944533, 53.065367, 0.758463, 45.354321
161, 17.241567, 53.041433, 1.001601, 45.329492
162, 17.593000, 52.965500, 1.260360, 45.374887
163, 17.919133, 52.888033, 1.427711, 45.404625
164, 18.203967, 52.825200, 1.511503, 45.420944
165, 18.318233, 52.741800, 1.754695, 45.308002
166, 18.039600, 52.727433, 3.090463, 45.910997
167, 17.655600, 52.885900, 11.798051, 49.430294
168, 17.536367, 52.976900, 14.087568, 50.162143
169, 17.625900, 53.025433, 14.354207, 49.535517
170, 17.818467, 53.035300, 14.544823, 49.633318
171, 18.136867, 52.967900, 15.024834, 49.903944
172, 18.452167, 52.931600, 15.159477, 49.453816
173, 18.696167, 52.887200, 15.410437, 49.936863
174, 18.841800, 52.811067, 15.572106, 50.008787
175, 18.841700, 52.739967, 15.434171, 49.812886
176, 18.736567, 52.665533, 15.120284, 49.605768
177, 18.645433, 52.576367, 15.080746, 49.503088
178, 18.515233, 52.497333, 14.870911, 49.333715
179, 18.429267, 52.395733, 14.884815, 49.107043
180, 18.441067, 52.271433, 15.026186, 48.996369
181, 18.513267, 52.168367, 15.290540, 48.473375
182, 18.524167, 52.144900, 15.353886, 48.396186
183, 18.488600, 52.158900, 14.295413, 48.655526
184, 18.368200, 52.210000, 4.269513, 47.974270
185, 18.048100, 52.265167, 1.465479, 47.157479
186, 17.703100, 52.334000, 2.812216, 47.881873
187, 17.313533, 52.416033, 3.096414, 47.877486
188, 16.796000, 52.499533, 4.013515, 48.250780
189, 16.261200, 52.541867, 3.998182, 48.279878
190, 15.815000, 52.507967, 3.332877, 47.361441
191, 15.469800, 52.407467, 3.369561, 46.703415
192, 15.382133, 52.281033, 3.599377, 46.817405
193, 15.349167, 52.221933, 4.270403, 46.690502
194, 15.115267, 52.213133, 4.367342, 46.597336
195, 14.750967, 52.229633, 3.505086, 46.290967
196, 14.320800, 52.235433, 3.321190, 46.258556
197, 13.868100, 52.278167, 3.483213, 46.110505
198, 13.448100, 52.308233, 3.044993, 45.828525
199, 13.047100, 52.366133, 2.707181, 45.864083
200, 12.639267, 52.474800, 2.881773, 45.813551
201, 12.264400, 52.517900, 3.090192, 45.901169
202, 11.928400, 52.480667, 2.763466, 45.856273
203, 11.688467, 52.427967, 3.026436, 45.563759
204, 11.513867, 52.362167, 3.684043, 45.325949
205, 11.392600, 52.296433, 3.963091, 45.499022
206, 11.309600, 52.143633, 4.226691, 45.214083
207, 11.316800, 52.018967, 4.474092, 45.101249
208, 11.322267, 51.918667, 4.486370, 45.150316
209, 11.239133, 51.813767, 4.680540, 45.611351
210, 11.082133, 51.733900, 4.857998, 46.129432
211, 10.978500, 51.664867, 4.939821, 46.413213
212, 10.840733, 51.649833, 5.003708, 46.513375
213, 10.614867, 51.651000, 5.091926, 46.407899
214, 10.428067, 51.611000, 5.266901, 46.724847
215, 10.259000, 51.568167, 5.547495, 46.707390
216, 10.108567, 51.601167, 4.839810, 47.319728
217, 10.023433, 51.677233, 2.959959, 49.831770
218, 9.958033, 51.721100, 5.149674, 50.320214
219, 9.878200, 51.785933, 2.834827, 51.120616
220, 9.827733, 51.830400, 2.996086, 51.056204
221, 9.760133, 51.893000, 2.817897, 51.106688
222, 9.687200, 51.940600, 2.945094, 50.536634
223, 9.591267, 51.968733, 3.263623, 50.211696
224, 9.553567, 51.940467, 3.789973, 49.807491
225, 9.586967, 51.871633, 3.937275, 49.773157
226, 9.701667, 51.806567, 4.172885, 49.615286
227, 9.828167, 51.752367, 4.325640, 49.469268
228, 9.894700, 51.716033, 4.379560, 49.369181
229, 9.871133, 51.755867, 4.462424, 49.395178
230, 9.798800, 51.824633, 4.420077, 49.306465
231, 9.702900, 51.881600, 4.265902, 49.224792
232, 9.613333, 51.963833, 5.487281, 49.824631
233, 9.535200, 52.055167, 7.015652, 50.800913
234, 9.466367, 52.100400, 6.980532, 50.812742
235, 9.449167, 52.129000, 7.396222, 50.792893
236, 9.501400, 52.142900, 7.441165, 50.733716
237, 9.588400, 52.125467, 7.538642, 50.595220
238, 9.608000, 52.084633, 7.516531, 50.401177
239, 9.628933, 52.054400, 7.617748, 50.432160
240, 9.676400, 52.051400, 7.705304, 50.412763
241, 9.715300, 52.060267, 7.594049, 50.446784
242, 9.798300, 52.092667, 7.494262, 50.493831
243, 9.919333, 52.146400, 7.573605, 50.477696
244, 10.020900, 52.200033, 7.577305, 50.367028
245, 10.072533, 52.258800, 7.711683, 50.550957
246, 10.108367, 52.310633, 7.773460, 49.931260
247, 10.080200, 52.349767, 7.763592, 49.503285
248, 10.069333, 52.345767, 7.401357, 48.254101
249, 10.098900, 52.338833, 6.058021, 46.503424
250, 10.146133, 52.308167, 3.315943, 42.515640
251, 10.197233, 52.264033, 2.763505, 41.246422
252, 10.247567, 52.227800, 3.050361, 42.068855
253, 10.232967, 52.183833, 2.884517, 41.733743
254, 10.180133, 52.161567, 2.945809, 41.662172
255, 10.134967, 52.147100, 3.014956, 41.670989
256, 10.114000, 52.142367, 2.884811, 41.487945
257, 10.134033, 52.129033, 2.731312, 41.278654
258, 10.134667, 52.108400, 2.734157, 41.268093
259, 10.112933, 52.080833, 2.925931, 41.028812
260, 10.097400, 52.046200, 3.002486, 40.941346
261, 10.090600, 52.023133, 5.087563, 43.033881
262, 10.097867, 52.004533, 8.735491, 47.083166
263, 10.089833, 51.977433, 8.934375, 47.637604
264, 10.100067, 51.944567, 8.797251, 47.700760
265, 10.225133, 51.936600, 9.117569, 47.645088
266, 10.435933, 51.905500, 9.394912, 47.660973
267, 10.623933, 51.851767, 9.333912, 47.562584
268, 10.776800, 51.787733, 9.423491, 47.387792
269, 10.867300, 51.761167, 9.494250, 47.384269
270, 10.887500, 51.729600, 9.112755, 47.306627
271, 10.797133, 51.725533, 9.043210, 47.117320
272, 10.712733, 51.718167, 7.612007, 47.119508
273, 10.677333, 51.696400, 4.509969, 46.992791
274, 10.679300, 51.685000, 4.711274, 46.999299
275, 10.708400, 51.687700, 5.154763, 47.020391
276, 10.681433, 51.689367, 5.775874, 47.143482
277, 10.610733, 51.684400, 6.444885, 47.398411
278, 10.519900, 51.704167, 6.384492, 47.311741
279, 10.390667, 51.710933, 6.499935, 47.322466
280, 10.236933, 51.706833, 6.524272, 47.159712
281, 10.156467, 51.658767, 5.686840, 46.593245
282, 10.166733, 51.573933, 5.953277, 46.420317
283, 10.164833, 51.517433, 5.780425, 46.502569
284, 10.189400, 51.473267, 5.720113, 46.331016
285, 10.245767, 51.431367, 6.019346, 46.299863
286, 10.263133, 51.414933, 10.304126, 45.789019
287, 10.287167, 51.393300, 14.219382, 46.136989
288, 10.336933, 51.356000, 13.762853, 45.988841
289, 10.386667, 51.307633, 12.978928, 46.425220
290, 10.442833, 51.286900, 12.575378, 46.639611
291, 10.494767, 51.276667, 12.455093, 46.651660
292, 10.533500, 51.268167, 12.704346, 46.483640
293, 10.528033, 51.236600, 12.886318, 46.380431
294, 10.579933, 51.220300, 13.093625, 46.292515
295, 10.685067, 51.237800, 14.637082, 46.266111
296, 10.764233, 51.230133, 15.634034, 46.108352
297, 10.828733, 51.205267, 15.900482, 45.948010
298, 10.909933, 51.236600, 14.270486, 45.631875
299, 10.989933, 51.264700, 14.534015, 45.567962
300, 11.023600, 51.288000, 14.783130, 45.509848
301, 11.053900, 51.292267, 14.239562, 44.812469
302, 11.036967, 51.285867, 10.002728, 40.825780
303, 10.979233, 51.277267, 8.653218, 38.843329
304, 10.968833, 51.248767, 8.755833, 38.802794
305, 10.927600, 51.207200, 8.545731, 38.883706
306, 10.867533, 51.164200, 8.642299, 39.028340
307, 10.830200, 51.122000, 8.676142, 38.680292
308, 10.823633, 51.076633, 8.664562, 38.553378
309, 10.828200, 51.052100, 8.701417, 38.452243
310, 10.823133, 51.023733, 8.865977, 38.347304
311, 10.787967, 50.972867, 8.850882, 38.313801
312, 10.728267, 50.927233, 8.843047, 38.200675
313, 10.655800, 50.867733, 8.402838, 37.644879
314, 10.550600, 50.788933, 4.829764, 34.154169
315, 10.335900, 50.687133, 2.976197, 28.743568
316, 10.078667, 50.576933, 2.578193, 29.389063
317, 9.921267, 50.437000, 3.013956, 28.842392
318, 9.879833, 50.266933, 3.056092, 29.140314
319, 9.885367, 50.127600, 3.100783, 29.718942
320, 9.914767, 50.009867, 3.141053, 29.595410
321, 9.918100, 49.909900, 3.364451, 30.248774
322, 9.912400, 49.864133, 2.850903, 30.776250
323, 9.938333, 49.883533, 3.242335, 30.426961
324, 9.969367, 49.935833, 3.240724, 30.913280
325, 9.966633, 49.961100, 3.195333, 31.252589
326, 9.935400, 49.961233, 3.088034, 31.441785
327, 9.892700, 49.984200, 2.923608, 31.628902
328, 9.843933, 49.995800, 2.878579, 32.012960
329, 9.789867, 50.012667, 2.850356, 32.106476
330, 9.775633, 50.013867, 2.687941, 32.568655
331, 9.797600, 49.984700, 2.606770, 32.758699
332, 9.820333, 49.979367, 2.609610, 32.962308
333, 9.873500, 49.996833, 2.653112, 33.080973
334, 9.892667, 50.029600, 2.788762, 33.349001
335, 9.890167, 50.064033, 3.323400, 33.566933
336, 9.893000, 50.093800, 3.340145, 33.646791
337, 9.893767, 50.107967, 3.189210, 33.888450
338, 9.849133, 50.092500, 3.108820, 34.514623
339, 9.754600, 50.036167, 2.872711, 34.593710
340, 9.625867, 49.904267, 2.882506, 34.538789
341, 9.521567, 49.718167, 2.609871, 34.578582
342, 9.411833, 49.464500, 3.241198, 34.399460
343, 9.327533, 49.158367, 4.620621, 24.733863
344, 9.255600, 48.841000, 5.748658, 18.534860
345, 9.194067, 48.510567, 6.285438, 18.499123
346, 9.136767, 48.191433, 6.485849, 19.001060
347, 9.087300, 47.884200, 5.645567, 18.566383
348, 9.068667, 47.572133, 5.940655, 18.720989
349, 9.037667, 47.110300, 5.821129, 19.205103
350, 8.831133, 46.349567, 5.597772, 19.123555
351, 8.446833, 45.200833, 5.653311, 19.268587
352, 8.149433, 43.774333, 5.788612, 18.139917
353, 7.954900, 42.150267, 5.919419, 15.533357
354, 7.754167, 40.162034, 5.816330, 8.989980
355, 7.436900, 37.643267, 5.840173, 4.429069
356, 7.055567, 34.732933, 5.614092, 3.081616
357, 6.798067, 31.743567, 5.343214, 1.644818
358, 6.643833, 28.590269, 6.152519, 2.898253
359, 6.271133, 24.943635, 5.880172, 3.309576
360, 5.739933, 21.030533, 5.758948, 2.276949
361, 5.344167, 17.140733, 7.161843, -3.832234
362, 5.182500, 13.516732, 8.119407, -12.191905
363, 5.153867, 10.250766, 7.736263, -15.397152
364, 5.202200, 7.080933, 8.264795, -14.581864
365, 5.456333, 4.308998, 8.179527, -13.129511
366, 5.862833, 2.500100, 7.636462, -12.540618
367, 6.172833, 1.334333, 8.413506, -10.801609
368, 6.312633, 0.429633, 8.391762, -9.365727
369, 6.313233, -0.630353, 8.022009, -9.129922
370, 6.227767, -1.673048, 7.775557, -8.835434
371, 6.108667, -2.493536, 6.433714, -8.278692
372, 6.009967, -2.935853, 7.488239, -8.041339
373, 5.939467, -3.201052, 7.830333, -6.459097
374, 5.857100, -3.418051, 7.942612, -6.228633
375, 5.775567, -3.496066, 7.844400, -5.789078
376, 5.723633, -3.531089, 7.910803, -5.189349
377, 5.705533, -3.464145, 8.086097, -4.762111
378, 5.752400, -3.207743, 8.216900, -3.820737
379, 5.852800, -2.905864, 8.238430, -3.431396
380, 5.977833, -2.542260, 8.274704, -2.943004
381, 6.124700, -2.104726, 8.364264, -2.500216
382, 6.301000, -1.691851, 8.427952, -2.197745
383, 6.453200, -1.314781, 8.586232, -2.137769
384, 6.557900, -0.859761, 8.441280, -1.849558
385, 6.637933, -0.430721, 8.317244, -1.711594
386, 6.673767, -0.011768, 8.332780, -1.352200
387, 6.662200, 0.417933, 8.324410, -1.165426
388, 6.613200, 0.772433, 8.313809, -1.661374
389, 6.543667, 1.176000, 8.394763, -1.634025
390, 6.496267, 1.610767, 8.177683, -1.081702
391, 6.464067, 1.886133, 8.253908, -0.938616
392, 6.403567, 2.148267, 8.208121, -1.269119
393, 6.292267, 2.312700, 7.362627, -2.174308
394, 6.168300, 2.424400, -3.229355, -9.348089
395, 5.995867, 2.542600, -9.848712, -12.417176
396, 5.749300, 2.635267, -10.114536, -12.339911
397, 5.468467, 2.754433, -9.044947, -11.658323
398, 5.169433, 2.786067, -9.344003, -12.251876
399, 4.872833, 2.758733, -8.875053, -12.397783
400, 4.640167, 2.718100, -8.707324, -12.271824
401, 4.467067, 2.606833, -7.982566, -11.946772
402, 4.329433, 2.511900, -7.393118, -11.349100
403, 4.217333, 2.408900, -7.329898, -11.404416
404, 4.136833, 2.312167, -7.780017, -11.581093
405, 4.062967, 2.311167, -7.733847, -11.478945
406, 3.952067, 2.333867, -12.499038, -10.291156
407, 3.793000, 2.364233, -18.214819, -8.393743
408, 3.583833, 2.409600, -18.137048, -7.729698
409, 3.321800, 2.469267, -18.290766, -7.419687
410, 3.013100, 2.514867, -18.501417, -7.627825
411, 2.685933, 2.615067, -19.358638, -7.477036
412, 2.344167, 2.679933, -18.905691, -7.521616
413, 1.962567, 2.675300, -18.474816, -7.784313
414, 1.611833, 2.662267, -18.582443, -7.592096
415, 1.308733, 2.594467, -18.522772, -7.551747
416, 1.017467, 2.455600, -19.558391, -7.135034
417, 0.746533, 2.379967, -19.101930, -7.635887
418, 0.520733, 2.392867, -19.515833, -7.099738
419, 0.364967, 2.433667, -10.385353, -9.252420
420, 0.296033, 2.448567, 1.074250, -15.261130
421, 0.259000, 2.445500, 2.617288, -16.710691
422, 0.292833, 2.423033, 2.211247, -16.136924
423, 0.379700, 2.431700, 2.050441, -16.446564
424, 0.503200, 2.388400, 2.305978, -16.483431
425, 0.653400, 2.248233, 2.554543, -16.523359
426, 0.791633, 2.108333, 2.760410, -17.082317
427, 0.945267, 1.948100, 2.806728, -16.927596
428, 1.150667, 1.716900, 3.081867, -17.409093
429, 1.351500, 1.395167, 3.286609, -17.871152
430, 1.553667, 1.006933, 1.982050, -22.341169
431, 1.794933, 0.574633, 0.653576, -30.160953
432, 2.066800, 0.113109, 0.938944, -30.113657
433, 2.348167, -0.302034, 0.804227, -30.193828
434, 2.619500, -0.680310, 0.645634, -30.226866
435, 2.836167, -1.081679, 0.527016, -29.982295
436, 3.023733, -1.564561, 0.472068, -29.806491
437, 3.196600, -2.123364, 0.693413, -30.689151
438, 3.345433, -2.818230, 0.422534, -30.699123
439, 3.529600, -3.696146, 0.711301, -31.668860
440, 3.777167, -4.734192, 0.643413, -30.874284
441, 4.048667, -5.885333, 0.787018, -31.213935
442, 4.356200, -7.171548, 1.118718, -31.784151
443, 4.702667, -8.601333, 0.221805, -32.742464
444, 5.090067, -10.154859, 0.824261, -32.241284
445, 5.507767, -11.914790, 1.459388, -33.994093
446, 5.944367, -13.886553, 5.190394, -41.282746
447, 6.392100, -15.974374, 8.605631, -46.542220
448, 6.923133, -17.782687, 7.240083, -46.643953
449, 7.533700, -19.140273, 7.784490, -46.025874
450, 7.979533, -20.248503, 7.800893, -44.615818
451, 8.235967, -21.330397, 8.423796, -44.661236
452, 8.416267, -22.601360, 8.152008, -44.686130
453, 8.559933, -23.614933, 8.371711, -44.926621
454, 8.590733, -23.949837, 7.417683, -44.160565
455, 8.628333, -23.969797, 7.705872, -42.994451
456, 8.642333, -23.937827, 7.893267, -42.890285
457, 8.533367, -23.818187, 7.838352, -42.540169
458, 8.326933, -23.899007, 7.426319, -42.947983
459, 8.110233, -24.134910, 7.013673, -42.597854
460, 7.949700, -24.331293, 7.015882, -43.091666
461, 7.824900, -24.342213, 7.130314, -43.132664
462, 7.830033, -24.276053, 7.550255, -43.271610
463, 7.882000, -24.112687, 8.018062, -42.612343
464, 7.976567, -23.849353, 8.409973, -42.061350
465, 8.059467, -23.620597, 8.656570, -41.892136
466, 8.101767, -23.414240, 8.863870, -41.728083
467, 8.114700, -23.190153, 8.854690, -41.556031
468, 8.093300, -23.019073, 8.454980, -41.575999
469, 8.063400, -22.876253, 8.073484, -41.465601
470, 8.096667, -22.715153, 8.483337, -41.433096
471, 8.163233, -22.592180, 8.473336, -41.512441
472, 8.191800, -22.503203, 8.402238, -41.483153
473, 8.180600, -22.362033, 8.462633, -41.526607
474, 8.172500, -22.199750, 8.699528, -41.256267
475, 8.133633, -22.131263, 8.527709, -41.343601
476, 8.046667, -22.093550, 8.329625, -41.612114
477, 7.947400, -22.016987, 8.282264, -41.744816
478, 7.834300, -21.941880, 8.202474, -41.889195
479, 7.718833, -21.890060, 4.683862, -39.896564
480, 7.638833, -21.793667, 2.056494, -37.441707
481, 7.584500, -21.724643, 2.474631, -37.808990
482, 7.569400, -21.702857, 2.300549, -37.286013
483, 7.573333, -21.633200, 2.428323, -37.294386
484, 7.554367, -21.478840, 2.477221, -37.231371
485, 7.510867, -21.336607, 2.534908, -37.239543
486, 7.448400, -21.251943, 2.579379, -37.481686
487, 7.329633, -21.179753, 2.364914, -37.464302
488, 7.154200, -21.106937, 2.114258, -37.275982
489, 6.906567, -21.051273, 1.968275, -37.239519
490, 6.583467, -20.996640, 1.786491, -37.155934
491, 6.183767, -20.952840, 1.645280, -37.168407
492, 5.697367, -20.917533, 1.483622, -37.214263
493, 5.195333, -20.910503, 1.888982, -36.930791
494, 4.775833, -20.966077, 1.782306, -36.992867
495, 4.474000, -21.058320, 1.710825, -37.397130
496, 4.259267, -21.086040, 1.940509, -36.668992
497, 4.153000, -21.044710, 1.962640, -36.651656
498, 4.157867, -21.061323, 2.124946, -37.146544
499, 4.218467, -21.123697, 2.413442, -37.205549
500, 4.279267, -21.122047, 2.503078, -37.278912
501, 4.323967, -21.099217, 2.624939, -36.563470
502, 4.340567, -21.050123, 2.638032, -36.777622
503, 4.357700, -20.977810, 2.712516, -36.556461
504, 4.360333, -20.932447, 2.587466, -36.504843
505, 4.354667, -20.891220, 2.506860, -36.499236
506, 4.428767, -20.818633, 2.559110, -36.435106
507, 4.539433, -20.752897, 2.423148, -36.264987
508, 4.634200, -20.692273, 2.394898, -36.050697
509, 4.699200, -20.576140, 2.495557, -35.871332
510, 4.751133, -20.447040, 2.578373, -35.723945
511, 4.745167, -20.338493, 2.627135, -35.865474
512, 4.601100, -20.228827, 2.873710, -35.740837
513, 4.269700, -20.112600, 2.836107, -36.356497
514, 3.754267, -19.994687, 1.945196, -35.198881
515, 2.830900, -19.803813, -6.481309, -33.000230
516, 1.436067, -19.613663, -21.413170, -28.890244
517, -0.396100, -19.421377, -26.389534, -26.628543
518, -2.549367, -19.206080, -25.397477, -26.222376
519, -4.889432, -18.950933, -24.547091, -25.921735
520, -7.609899, -18.571493, -23.898226, -24.921911
521, -10.636367, -18.128347, -27.400512, -23.509013
522, -13.870534, -17.549080, -36.752352, -19.950711
523, -17.094500, -16.782630, -36.322125, -18.630588
524, -20.242533, -15.905140, -33.472979, -18.510443
525, -23.152834, -14.918150, -33.727636, -18.929472
526, -25.550100, -13.963227, -32.780852, -18.934191
527, -27.527400, -13.134477, -31.745798, -19.210775
528, -29.271334, -12.275787, -35.071810, -17.213964
529, -30.920467, -11.300140, -48.883748, -15.350098
530, -32.622300, -10.323051, -58.815428, -16.747760
531, -34.236400, -9.156664, -57.589846, -16.645511
532, -36.091533, -7.509871, -54.860274, -16.683319
533, -38.288433, -6.145647, -56.607227, -15.665203
534, -40.554167, -5.458013, -56.230605, -16.023363
535, -42.737867, -4.883012, -56.182646, -16.195332
536, -44.659334, -4.369719, -55.920458, -15.975339
537, -46.275200, -3.984287, -55.414793, -15.236320
538, -47.649867, -3.672353, -54.953134, -15.834599
539, -48.832900, -3.519883, -57.391161, -15.397291
540, -49.919900, -3.473563, -64.343283, -16.876622
541, -51.076833, -3.457756, -64.464454, -16.965070
542, -52.302800, -3.473431, -64.306481, -16.467774
543, -53.578100, -3.609910, -64.298492, -16.245400
544, -54.931467, -3.742384, -64.350116, -16.586491
545, -56.312300, -3.829988, -64.465998, -16.364132
546, -57.751033, -3.966936, -64.196540, -15.361681
547, -59.211267, -4.099419, -65.118183, -15.341492
548, -60.621233, -4.195970, -75.696292, -18.014058
549, -62.017700, -4.278961, -79.675136, -19.616536
550, -63.320167, -4.355865, -78.778836, -19.750648
551, -64.558633, -4.364735, -77.712815, -19.781483
552, -65.803933, -4.371508, -77.345990, -19.285870
553, -67.001933, -4.461292, -75.601195, -18.127778
554, -68.197533, -4.474202, -81.643641, -19.051254
555, -69.439267, -4.403736, -87.088667, -18.722261
556, -70.668067, -4.380223, -86.287662, -18.566510
557, -71.969267, -4.284189, -85.818015, -18.613814
558, -73.356367, -4.110527, -86.783666, -18.449604
559, -74.729567, -3.958202, -90.255773, -19.670597
560, -76.093700, -3.797560, -95.306922, -21.526978
561, -77.395600, -3.647217, -94.841552, -21.502829
562, -78.555900, -3.540041, -94.623839, -21.063052
563, -79.663533, -3.435478, -95.112858, -21.825180
564, -80.793700, -3.356688, -95.245463, -20.828402
565, -82.078433, -3.221489, -95.701265, -21.142906
566, -83.721966, -2.953158, -95.552241, -21.200591
567, -85.547733, -2.803510, -95.891691, -22.092256
568, -87.288733, -2.835582, -95.954786, -22.011686
569, -88.961000, -2.810688, -97.008113, -21.716467
570, -90.598500, -2.860121, -97.717679, -21.832806
571, -92.282700, -2.955753, -105.781360, -22.648269
572, -94.000433, -3.098312, -107.086562, -22.409443
573, -95.591033, -3.302363, -107.021512, -21.842584
574, -97.068267, -3.439833, -106.063993, -22.394195
575, -98.538367, -3.524309, -106.543181, -21.838991
576, -99.987433, -3.665034, -106.554171, -21.663458
577, -101.506200, -3.745337, -107.205344, -21.184415
578, -103.026900, -3.760655, -107.124260, -21.936396
579, -104.468833, -3.798302, -107.507286, -21.205653
580, -105.936133, -3.881819, -107.791634, -22.134698
581, -107.364000, -3.957564, -107.977696, -22.225242
582, -108.661400, -4.010864, -108.113335, -22.288133
583, -109.840433, -4.024193, -108.385908, -22.087999
584, -110.914267, -4.045646, -108.057683, -22.032151
585, -111.891333, -4.130060, -108.017517, -21.699436
586, -112.742267, -4.216238, -108.223901, -22.272271
587, -113.559500, -4.258370, -107.979857, -22.102297
588, -114.422333, -4.365939, -108.592372, -22.117426
589, -115.270233, -4.616432, -108.558040, -22.329327
590, -116.080267, -5.154906, -108.792214, -22.433869
591, -117.074533, -6.223675, -113.981081, -24.273928
592, -118.351067, -8.053111, -121.806927, -31.129695
593, -119.982866, -10.312682, -125.517784, -37.774662
594, -122.219467, -12.516553, -137.575457, -37.980004
595, -124.864432, -14.695577, -148.004301, -40.485342
596, -127.981733, -16.809523, -157.772510, -44.361540
597, -131.368500, -18.786643, -156.274697, -42.080178
598, -134.681400, -20.736090, -155.870621, -41.519909
599, -137.784767, -22.568677, -155.621747, -40.497403
600, -139.609200, -23.707360, -155.157418, -40.274726
