1, -48.575200, -0.927001, -46.598280, -7.353683
2, -48.575200, -0.927001, -46.598280, -7.353683
3, -48.552000, -0.961621, -46.610786, -7.316881
4, -48.539133, -1.004492, -46.587337, -7.297957
5, -48.509000, -1.032066, -46.653942, -7.342598
6, -48.461333, -1.067271, -46.708123, -7.415835
7, -48.421700, -1.136335, -46.713287, -7.542989
8, -48.390500, -1.203308, -46.594693, -7.600753
9, -48.361267, -1.254298, -46.490596, -7.697841
10, -48.345867, -1.305595, -46.315524, -7.668756
11, -48.353067, -1.297840, -46.448991, -7.462599
12, -48.354967, -1.321198, -46.650526, -7.422750
13, -48.352767, -1.328817, -46.614825, -7.733670
14, -48.349567, -1.315058, -46.447627, -7.758264
15, -48.349133, -1.284457, -46.257095, -8.257748
16, -48.338267, -1.243318, -45.952531, -8.372171
17, -48.333933, -1.190526, -45.792943, -8.805754
18, -48.337467, -1.152069, -45.795982, -9.352133
19, -48.363333, -1.131680, -45.888707, -9.558193
20, -48.388300, -1.110592, -45.547187, -10.250244
21, -48.393567, -1.064617, -45.033952, -10.473969
22, -48.386300, -1.020118, -41.748122, -7.010362
23, -48.381600, -0.998830, -41.198265, -5.721168
24, -48.364300, -0.977341, -40.894626, -5.848247
25, -48.372133, -0.964644, -40.515545, -6.169205
26, -48.394000, -0.961256, -40.327056, -6.452366
27, -48.438200, -0.941679, -40.143719, -6.886269
28, -48.482400, -0.914371, -39.745265, -7.238108
29, -48.517600, -0.883839, -39.789848, -7.270097
30, -48.535733, -0.873826, -39.560711, -7.215689
31, -48.547667, -0.869285, -39.317162, -7.493615
32, -48.646267, -0.811397, -40.416696, -8.532435
33, -49.050300, -0.806324, -50.351595, -11.655689
34, -49.753433, -0.768621, -62.268496, -17.448286
35, -50.564867, -0.664291, -72.440675, -25.597539
36, -51.536133, -0.599126, -75.601829, -28.509752
37, -52.546300, -0.540458, -72.595167, -25.713076
38, -53.546867, -0.482259, -73.090472, -26.930109
39, -54.613633, -0.433326, -73.795188, -28.173696
40, -55.747967, -0.477911, -73.934328, -29.282602
41, -56.916200, -0.498124, -72.523997, -28.691389
42, -58.103933, -0.612437, -71.335764, -26.641991
43, -59.245300, -0.845736, -71.431442, -26.879270
44, -60.285100, -1.129928, -71.978199, -27.432797
45, -61.180467, -1.529239, -69.892677, -26.069120
46, -61.943667, -1.965699, -70.947488, -28.278034
47, -62.597233, -2.468398, -71.798080, -28.628407
48, -63.158400, -3.035095, -67.486562, -24.930719
49, -63.799575, -3.644636, -66.686305, -25.572065
50, -64.411833, -4.139720, -67.066752, -26.969917
51, -64.949333, -4.409455, -68.697948, -28.282249
52, -65.419933, -4.575162, -68.209962, -26.561165
53, -65.872500, -4.625300, -67.532326, -24.864759
54, -66.210933, -4.551913, -67.241459, -23.987705
55, -66.361467, -4.439049, -65.637486, -23.555734
56, -66.371833, -4.288574, -66.089874, -23.248161
57, -66.249867, -4.197414, -66.327297, -23.405881
58, -65.996900, -4.120574, -65.655024, -23.602347
59, -65.706033, -4.030751, -64.648408, -21.340966
60, -65.448400, -3.935283, -63.723374, -16.042804
61, -65.300100, -3.821852, -64.040171, -15.124433
62, -65.225100, -3.720247, -62.820024, -14.942715
63, -65.137067, -3.641068, -63.514626, -14.749429
64, -65.076767, -3.540274, -63.657825, -15.564629
65, -65.077767, -3.412023, -60.713328, -12.550029
66, -65.052600, -3.298332, -57.655655, -8.974049
67, -65.006033, -3.090988, -57.137204, -9.784505
68, -64.914400, -2.760148, -56.612833, -10.120398
69, -64.737033, -2.457660, -57.619279, -9.981761
70, -64.434300, -2.284248, -56.796620, -10.407585
71, -63.989533, -2.142000, -56.980602, -10.746024
72, -63.343133, -2.047398, -54.482526, -8.820687
73, -62.442733, -1.932869, -44.347357, -4.188522
74, -61.315467, -1.795179, -42.485552, -3.426615
75, -60.099600, -1.629110, -43.430436, -3.912174
76, -58.906700, -1.448995, -43.714360, -3.503965
77, -57.643733, -1.454497, -40.837837, -4.431612
78, -56.334433, -1.520743, -29.186405, -2.678850
79, -55.048700, -1.588304, -23.191836, 0.099496
80, -53.798767, -1.712387, -26.803144, -1.703810
81, -52.550967, -1.814722, -26.848470, -2.883907
82, -51.334933, -1.859640, -28.188789, -3.851052
83, -50.137967, -1.895572, -31.927625, -4.029844
84, -48.968767, -2.039893, -32.667822, -4.472012
85, -47.695467, -2.066798, -33.187682, -3.535446
86, -46.189533, -2.063253, -29.152393, -4.776647
87, -44.456233, -2.066042, -30.876975, -4.065282
88, -42.434800, -1.958028, -26.582128, -6.499817
89, -40.195700, -1.754996, -16.827528, -2.580642
90, -37.810567, -1.307744, -14.702435, -4.003222
91, -35.326333, -0.690292, -16.113966, -4.612461
92, -32.878966, -0.090235, -9.749831, -0.445697
93, -30.471000, 0.579100, -4.410361, 0.356189
94, -27.964233, 1.260533, -8.361275, -0.945060
95, -25.922200, 1.727150, -9.072706, -0.040630
96, -23.172101, 2.505033, -8.083009, 1.740505
97, -20.286069, 3.772967, -7.750288, 5.869735
98, -16.695500, 4.970800, -7.623687, 9.153177
99, -13.078231, 5.666867, -7.080165, 9.732425
100, -10.387832, 5.965200, -8.755248, 9.657818
101, -8.979033, 6.307900, -8.572246, 9.163842
102, -8.689933, 6.529733, -9.628960, 7.891739
103, -8.979833, 6.775900, -1.990783, 10.425348
104, -9.436367, 7.110067, 4.694022, 11.071536
105, -9.956767, 7.758433, 5.322718, 10.892123
106, -10.194433, 8.855533, 5.372646, 11.076491
107, -10.046633, 10.329533, 5.459443, 11.847991
108, -9.576133, 12.084633, 5.975486, 11.247118
109, -8.973800, 13.578833, 6.466910, 10.797415
110, -8.558567, 14.488400, 6.945106, 12.884893
111, -8.506867, 14.928367, 9.973298, 16.163104
112, -8.812633, 14.955600, 11.072347, 17.137574
113, -9.567567, 14.729100, 10.105661, 13.997914
114, -10.508200, 14.255200, 9.573486, 12.891953
115, -11.734967, 13.814600, 9.378844, 12.089608
116, -12.873900, 14.147533, 9.556459, 13.059759
117, -13.419700, 14.588333, 10.275064, 12.465467
118, -13.573267, 15.266033, 10.834640, 12.728813
119, -13.473067, 15.918267, 9.193426, 13.189137
120, -13.327200, 16.637400, 8.412803, 19.038783
121, -13.146467, 17.452067, 6.512358, 23.153022
122, -13.034767, 18.363233, 5.828795, 26.305005
123, -13.008333, 19.415333, 4.630401, 27.113452
124, -13.097300, 20.450133, 3.617718, 27.599253
125, -13.270267, 21.450500, 3.798161, 28.329688
126, -13.503067, 22.420133, 2.679978, 27.841334
127, -13.774767, 23.438133, 2.698341, 28.126830
128, -14.102700, 24.458433, 2.999575, 26.544485
129, -14.499533, 25.549367, 3.017151, 27.245103
130, -14.978633, 26.687467, 1.627042, 31.059439
131, -15.621500, 27.905500, 0.723644, 33.882565
132, -16.234050, 28.800600, 1.047619, 33.702938
133, -16.797800, 29.482233, 0.856099, 32.996408
134, -17.491733, 30.287933, -1.476789, 33.553551
135, -18.235150, 31.170225, 1.562297, 35.742489
136, -18.857333, 31.971967, 4.253797, 37.883797
137, -19.287167, 32.586800, 3.915545, 38.161297
138, -19.636067, 33.022367, 2.294134, 38.825157
139, -19.972867, 33.285533, 2.685896, 38.706832
140, -20.339933, 33.406500, 2.854955, 38.248733
141, -20.748633, 33.561700, 2.789857, 38.476133
142, -21.127667, 33.633767, 3.210586, 37.648609
143, -21.461833, 33.653433, 3.344125, 38.002090
144, -21.848033, 33.709300, 1.443274, 37.977384
145, -22.251333, 33.805500, -9.366868, 42.019025
146, -22.585700, 33.864967, -10.659516, 42.616772
147, -22.827300, 33.871567, -10.106492, 43.298997
148, -23.056000, 33.860167, -10.358573, 43.113725
149, -23.332400, 33.825700, -11.572981, 42.406947
150, -23.566367, 33.832100, -11.201427, 42.485539
151, -23.742367, 33.790133, -11.545150, 42.024636
152, -23.824667, 33.777767, -11.274628, 41.475603
153, -23.744833, 33.778633, -10.280946, 41.730819
154, -23.494500, 33.759600, -6.945556, 42.753371
155, -23.103133, 33.711933, -6.435456, 42.280998
156, -22.642000, 33.657900, -4.480583, 42.083815
157, -22.153633, 33.679700, -5.272488, 41.940210
158, -21.679900, 33.655400, -5.660949, 41.782206
159, -21.348967, 33.667000, -5.584906, 41.713971
160, -21.152333, 33.719300, -5.010575, 42.939569
161, -21.072033, 33.719800, -5.560548, 42.855772
162, -21.061433, 33.717233, -5.896197, 42.860932
163, -21.137433, 33.637467, -5.996104, 42.830678
164, -21.302033, 33.591133, -6.171222, 42.887586
165, -21.474633, 33.598333, -7.578294, 42.237552
166, -21.666133, 33.535833, -7.761659, 42.320850
167, -21.930633, 33.448367, -7.075005, 43.258028
168, -22.307167, 33.369333, -8.380575, 43.070753
169, -22.716300, 33.298333, -8.799189, 43.511779
170, -23.203733, 33.129900, -9.093456, 43.611482
171, -23.723533, 32.987400, -9.565925, 43.705080
172, -24.198100, 32.861533, -9.912792, 43.857908
173, -24.662433, 32.646100, -10.838600, 43.451850
174, -25.184967, 32.433233, -11.428860, 43.083010
175, -25.656933, 32.244567, -11.634563, 42.651907
176, -26.024500, 32.076567, -12.241950, 42.839053
177, -26.273200, 31.942733, -13.034955, 41.756925
178, -26.383400, 31.765867, -12.861890, 41.040437
179, -26.392100, 31.624100, -14.887511, 24.079543
180, -26.392100, 31.624100, -14.887511, 24.079543
181, -26.392100, 31.624100, -14.887511, 24.079543
182, -26.392100, 31.624100, -14.887511, 24.079543
183, -26.392100, 31.624100, -14.887511, 24.079543
184, -26.392100, 31.624100, -14.887511, 24.079543
185, -25.841300, 30.557600, -4.519716, 20.494097
186, -25.761433, 30.421333, -4.599401, 20.100951
187, -25.671067, 30.278967, -4.542489, 20.310298
188, -25.589567, 30.161500, -5.257998, 19.967180
189, -25.550933, 29.969233, -4.877650, 19.685803
190, -25.503433, 29.791467, -4.575804, 19.892088
191, -25.397233, 29.646733, -4.114218, 19.896557
192, -25.276167, 29.450667, -4.048924, 19.308062
193, -25.152500, 29.286400, -3.885695, 19.266070
194, -24.999000, 29.186933, -3.741372, 18.494486
195, -24.805600, 29.087600, -3.011302, 18.064598
196, -24.620567, 28.963800, -2.035298, 17.283701
197, -24.465500, 28.884133, -2.825319, 11.246992
198, -24.353650, 28.849250, 0.492791, -3.651307
199, -24.353650, 28.849250, 0.492791, -3.651307
200, -24.353650, 28.849250, 0.492791, -3.651307
201, -24.353650, 28.849250, 0.492791, -3.651307
202, -24.353650, 28.849250, 0.492791, -3.651307
203, -24.353650, 28.849250, 0.492791, -3.651307
204, -24.353650, 28.849250, 0.492791, -3.651307
205, -24.353650, 28.849250, 0.492791, -3.651307
206, -24.390000, 28.663400, -8.938867, -3.617354
207, -24.381400, 28.650167, -8.023625, -9.133175
208, -24.332467, 28.630700, -12.554390, -6.773735
209, -24.321467, 28.631233, -13.084398, -7.105524
210, -24.372900, 28.607867, -14.691421, -4.124213
211, -24.442133, 28.678567, -14.773560, -3.629137
212, -24.485433, 28.683900, -13.680305, -5.101948
213, -24.583367, 28.659367, -16.814259, -6.521298
214, -24.663067, 28.676900, -16.626465, -7.686643
215, -24.704933, 28.681367, -16.735047, -8.085034
216, -24.755633, 28.675633, -16.818263, -8.081052
217, -24.801367, 28.645767, -17.373755, -8.087988
218, -24.831767, 28.662733, -17.267661, -8.049982
219, -24.813167, 28.677333, -17.135933, -7.756749
220, -24.786500, 28.658467, -17.138373, -7.396192
221, -24.749567, 28.673033, -17.230273, -7.236559
222, -24.696167, 28.713433, -17.320039, -6.605457
223, -24.678500, 28.734767, -17.499234, -6.849352
224, -24.690233, 28.780600, -18.167025, -6.803351
225, -24.693833, 28.768133, -16.095327, -5.416456
226, -24.718200, 28.747767, -15.579567, -4.873726
227, -24.743233, 28.743933, -15.508238, -4.712346
228, -24.757700, 28.700333, -15.023985, -4.573559
229, -24.764200, 28.695433, -14.894628, -4.564605
230, -24.748733, 28.698633, -14.728970, -4.417401
231, -24.739133, 28.644200, -14.300037, -5.148869
232, -24.757033, 28.610967, -14.192492, -5.230340
233, -24.742067, 28.633967, -13.967595, -5.288572
234, -24.724033, 28.627333, -13.935797, -5.495753
235, -24.740833, 28.631167, -14.527699, -5.636030
236, -24.746967, 28.673067, -14.273896, -7.760802
237, -24.747667, 28.722133, -14.230055, -7.450546
238, -24.764933, 28.736600, -14.520521, -6.758575
239, -24.785833, 28.777800, -14.680575, -6.738068
240, -24.766733, 28.852267, -14.726037, -5.084348
241, -24.709900, 28.878600, -14.863932, -5.702885
242, -24.662667, 28.938800, -15.247453, -5.980944
243, -24.604667, 29.016600, -15.292807, -5.521822
244, -24.531700, 29.059367, -15.215311, -5.431690
245, -24.510300, 29.085833, -15.147093, -5.086009
246, -24.511467, 29.152533, -15.386734, -4.556509
247, -24.527333, 29.199067, -15.358333, -4.807123
248, -24.572100, 29.214067, -15.295528, -5.727301
249, -24.611667, 29.256833, -15.232700, -5.572569
250, -24.616433, 29.262200, -14.898117, -6.532779
251, -24.611767, 29.258867, -15.107546, -6.586600
252, -24.570633, 29.290267, -15.092347, -6.919779
253, -24.535067, 29.316667, -15.048184, -4.849927
254, -24.529167, 29.313133, -15.019712, -4.381088
255, -24.522600, 29.331567, -14.960292, -4.227821
256, -24.501967, 29.333733, -14.895983, -4.023332
257, -24.515900, 29.340533, -14.872071, -4.355580
258, -24.524167, 29.340600, -14.556197, -4.874198
259, -24.538400, 29.347433, -14.726009, -4.192068
260, -24.571433, 29.367867, -9.896334, -2.704613
261, -24.574650, 29.354700, -8.270925, -0.687791
262, -24.555467, 29.329433, -3.621199, 0.699424
263, -24.516567, 29.333700, -3.821170, 1.052313
264, -24.453133, 29.339367, -4.258794, 2.116182
265, -24.376800, 29.354100, -4.967058, 2.517453
266, -24.300633, 29.389933, -6.873334, 2.559002
267, -24.204300, 29.449800, -5.667582, 1.615742
268, -24.113500, 29.529467, -6.088219, 2.639817
269, -24.021267, 29.606667, -6.547053, 3.138743
270, -23.921933, 29.698767, -6.316483, 3.254055
271, -23.795667, 29.799800, -8.218888, 3.154335
272, -23.654167, 29.874267, -8.328947, 3.275159
273, -23.518600, 29.961633, -7.622904, 2.493764
274, -23.365633, 30.058933, -7.529345, 1.812929
275, -23.190367, 30.169033, -7.532762, 1.386425
276, -23.047133, 30.245567, -10.304559, 2.836876
277, -22.904167, 30.325467, -11.417619, 3.787134
278, -22.731600, 30.425167, -8.675678, 3.592696
279, -22.573367, 30.536400, -7.564882, 8.917097
280, -22.414100, 30.703800, -4.761115, 11.604474
281, -22.216533, 30.916067, -4.525311, 21.876140
282, -21.968467, 31.137233, -5.154404, 23.251427
283, -21.660100, 31.326100, -4.969704, 28.195469
284, -21.324100, 31.510667, -3.429311, 31.103328
285, -20.934900, 31.715200, -3.348670, 31.341167
286, -20.538833, 31.905100, -1.943705, 32.010344
287, -20.161467, 32.103000, -2.757913, 31.762772
288, -19.825667, 32.297567, -1.811185, 32.054419
289, -19.531367, 32.487167, -1.433211, 33.461995
290, -19.276933, 32.671667, 0.022070, 37.045730
291, -19.096467, 32.820833, 0.838916, 43.248855
292, -18.984467, 32.897733, -0.722068, 45.528639
293, -18.948933, 32.876567, -3.194264, 44.268358
294, -18.972133, 32.799133, -3.372427, 43.597553
295, -18.995533, 32.798367, -1.624985, 45.034674
296, -18.988567, 32.796000, -1.120386, 45.057975
297, -18.954300, 32.804100, -1.445067, 44.298323
298, -18.912533, 32.804000, -1.811735, 44.122340
299, -18.830667, 32.804167, -1.633526, 43.885899
300, -18.733533, 32.819033, -1.945304, 43.465601
301, -18.655700, 32.805467, -2.552724, 42.898567
302, -18.621133, 32.805233, -2.102546, 42.860510
303, -18.619500, 32.828633, -2.272561, 42.724558
304, -18.647500, 32.851600, -2.515854, 42.693750
305, -18.738467, 32.827800, -2.494134, 42.274116
306, -18.782033, 32.808067, 2.140578, 38.791244
307, -18.749367, 32.785400, 11.100159, 40.397925
308, -18.736500, 32.729167, 12.748553, 40.794467
309, -18.736133, 32.652367, 12.420347, 40.766856
310, -18.722033, 32.631900, 12.328299, 40.828469
311, -18.739167, 32.628967, 12.353269, 40.774818
312, -18.752700, 32.632200, 12.409059, 40.760690
313, -18.741767, 32.610600, 11.870523, 40.315068
314, -18.754533, 32.635600, 11.429880, 40.417492
315, -18.767067, 32.644767, 10.992760, 40.501298
316, -18.737600, 32.624667, 11.280826, 40.556645
317, -18.688367, 32.688767, 9.210827, 40.005815
318, -18.631433, 32.797667, 8.343345, 40.289359
319, -18.590933, 32.815100, 8.289164, 40.332505
320, -18.592667, 32.832167, 8.663800, 40.462781
321, -18.571767, 32.848067, 8.304895, 40.704393
322, -18.579833, 32.815933, 8.165554, 41.198388
323, -18.641567, 32.836333, 7.698944, 41.533397
324, -18.690533, 32.890700, 4.926411, 40.659072
325, -18.764533, 32.914933, -0.114113, 37.478020
326, -18.829667, 32.952633, -0.776320, 36.295644
327, -18.901133, 32.969067, -2.139853, 36.627533
328, -18.910433, 32.998167, -2.221119, 36.716083
329, -18.898467, 33.028833, -2.255653, 36.958438
330, -18.877133, 33.063300, -2.221608, 37.124054
331, -18.838133, 33.084067, -1.937703, 36.926503
332, -18.819133, 33.108967, -1.857824, 37.011979
333, -18.824733, 33.146667, -2.272132, 37.095291
334, -18.846400, 33.149333, -2.653241, 37.320270
335, -18.869167, 33.121667, -2.433033, 37.866036
336, -18.909567, 33.095333, -2.578393, 38.183791
337, -18.928533, 33.060400, -2.410476, 38.211829
338, -18.955867, 33.016700, -2.207802, 38.327092
339, -18.980000, 32.992200, -2.665626, 38.522317
340, -19.003200, 32.955167, -2.814354, 38.718050
341, -19.003633, 32.889567, -2.591662, 38.543249
342, -18.915333, 32.790567, -2.664079, 38.940205
343, -18.759033, 32.654067, -2.792170, 38.637569
344, -18.373333, 32.499900, -3.224268, 39.536696
345, -17.448833, 32.385733, -3.194160, 39.219785
346, -16.083100, 32.350900, -2.548893, 39.616317
347, -14.457867, 32.337967, 0.421457, 39.701686
348, -12.614467, 32.442900, 6.807904, 39.753171
349, -10.602200, 32.591433, 13.760977, 39.655301
350, -8.653800, 32.795267, 18.887571, 39.961827
351, -6.565933, 32.910533, 19.303830, 39.536458
352, -4.450300, 32.919967, 20.229633, 39.897711
353, -2.380200, 32.829167, 20.553004, 40.667186
354, -0.316000, 32.601767, 18.544215, 40.611014
355, 1.845533, 32.194233, 18.798176, 39.721686
356, 4.159333, 31.579100, 18.072079, 39.094056
357, 6.687366, 30.656200, 20.995596, 35.754786
358, 9.496933, 29.246533, 23.332599, 21.815040
359, 12.471734, 27.443667, 27.565301, 13.745896
360, 15.456800, 25.335500, 30.870571, 5.781089
361, 18.382033, 23.128100, 34.098190, -4.324305
362, 21.181567, 20.781500, 37.496777, -8.040011
363, 23.884533, 18.435167, 39.845868, -14.138207
364, 26.379300, 16.221400, 40.125928, -16.007445
365, 28.684200, 13.946200, 40.657745, -17.018212
366, 30.671033, 11.652166, 40.589169, -17.879969
367, 32.422967, 9.510800, 40.239459, -16.175819
368, 33.798067, 7.559567, 40.577648, -16.657998
369, 34.811833, 5.810267, 39.037286, -16.345559
370, 35.590367, 4.283733, 38.427706, -15.639612
371, 36.344900, 2.953067, 37.558690, -15.512140
372, 36.985833, 1.800433, 37.735897, -15.077190
373, 37.665500, 0.724500, 39.310368, -21.200996
374, 38.308700, -0.476668, 46.143994, -31.918173
375, 38.927767, -1.640881, 50.000671, -34.829113
376, 39.560300, -2.859030, 50.142399, -35.078468
377, 40.134667, -3.959671, 50.854109, -35.727139
378, 40.652400, -4.921266, 51.544655, -36.210763
379, 41.000100, -5.740266, 51.955749, -36.624106
380, 41.373200, -6.445842, 51.330889, -35.616306
381, 41.718333, -7.184682, 50.432543, -34.005564
382, 42.043067, -7.889787, 50.214677, -34.412934
383, 42.416000, -8.497657, 49.868745, -34.278845
384, 42.673567, -8.876780, 50.271487, -34.293710
385, 42.797467, -9.071018, 49.893525, -34.252600
386, 42.761100, -9.278767, 49.904346, -34.321725
387, 42.641633, -9.441821, 49.179518, -33.867116
388, 42.522167, -9.685233, 47.625184, -34.197952
389, 42.393567, -9.955415, 48.377079, -33.912464
390, 42.362367, -10.289253, 48.472699, -34.633242
391, 42.366833, -10.752133, 48.690369, -34.804846
392, 42.386133, -11.263800, 48.473321, -35.082505
393, 42.425967, -11.670440, 48.101385, -33.716517
394, 42.459067, -12.012117, 48.798320, -33.548580
395, 42.474833, -12.256750, 49.133059, -33.910741
396, 42.468367, -12.459073, 48.816329, -33.926393
397, 42.396367, -12.685393, 48.592624, -33.366578
398, 42.344267, -12.840277, 48.070807, -34.917438
399, 42.364933, -13.088127, 46.587993, -39.953668
400, 42.385367, -13.402293, 47.801166, -41.577412
401, 42.506033, -13.652900, 49.464522, -42.083327
402, 42.642533, -13.862990, 49.486159, -41.985678
403, 42.767800, -14.082417, 50.055165, -41.669522
404, 42.881933, -14.285917, 50.449091, -41.054525
405, 42.987267, -14.457940, 50.047601, -41.126850
406, 43.087700, -14.663753, 49.807827, -41.180440
407, 43.187533, -14.818897, 50.065273, -41.237808
408, 43.269333, -14.918640, 50.350931, -41.205487
409, 43.358967, -15.055347, 50.284590, -40.845591
410, 43.393233, -15.207720, 50.466114, -40.444833
411, 43.403733, -15.258383, 50.528848, -40.899044
412, 43.455533, -15.317253, 50.676344, -41.058746
413, 43.497533, -15.423267, 49.964005, -40.804834
414, 43.537367, -15.482027, 49.582855, -40.881914
415, 43.587600, -15.570017, 49.227612, -41.156821
416, 43.637867, -15.645887, 48.837388, -41.128678
417, 43.701833, -15.654003, 48.559076, -41.047472
418, 43.822033, -15.597270, 48.854573, -40.326347
419, 43.888300, -15.605063, 47.634847, -40.567283
420, 43.926333, -15.620703, 47.460705, -40.190868
421, 43.933400, -15.590803, 47.748455, -40.097825
422, 43.901800, -15.556357, 48.043529, -40.166976
423, 43.830933, -15.472450, 48.187857, -40.080400
424, 43.701633, -15.356897, 47.758148, -39.607932
425, 43.472467, -15.186690, 47.317171, -39.249611
426, 43.020567, -14.924773, 47.219485, -39.209264
427, 42.304733, -14.494280, 46.894126, -38.585591
428, 41.431633, -13.763183, 39.422109, -31.477601
429, 40.541400, -12.745790, 35.049053, -20.880946
430, 39.507733, -11.580877, 33.591498, -13.788907
431, 38.441200, -10.308018, 34.175381, -12.045463
432, 37.484467, -9.037605, 33.885662, -10.631137
433, 36.562200, -7.741185, 33.052809, -9.030186
434, 35.685300, -6.407549, 29.121662, -4.574429
435, 34.929567, -4.954470, 24.793004, 1.542412
436, 34.117133, -3.247292, 23.772898, 7.599940
437, 33.222267, -1.384899, 23.068064, 12.987478
438, 32.345300, 0.611550, 24.353464, 16.248730
439, 31.464933, 2.664067, 25.606817, 18.338827
440, 30.599600, 4.661200, 25.445664, 18.934351
441, 29.769533, 6.490334, 25.892598, 19.651350
442, 28.923233, 8.025233, 23.762928, 20.133852
443, 28.099267, 9.551167, 23.090968, 22.400397
444, 27.423333, 11.045100, 22.889188, 22.857803
445, 26.821967, 12.390633, 23.844596, 23.500516
446, 26.219667, 13.735567, 24.082994, 25.146035
447, 25.648267, 14.991333, 25.632663, 28.166928
448, 25.062933, 16.339600, 25.359402, 31.100865
449, 24.401467, 17.469033, 24.810541, 33.494432
450, 23.776200, 18.399867, 24.387867, 33.850316
451, 23.137767, 19.129367, 24.100706, 33.954701
452, 22.510767, 19.758333, 24.338509, 34.106834
453, 22.016300, 20.320500, 22.461037, 35.032192
454, 21.633400, 20.853800, 22.050624, 35.964014
455, 21.278433, 21.395067, 21.592344, 36.511832
456, 20.844500, 21.842000, 21.258042, 36.881699
457, 20.348433, 22.287667, 20.902303, 37.229968
458, 19.790567, 22.766067, 20.403579, 37.451714
459, 19.103767, 23.181933, 19.917288, 37.696182
460, 18.404067, 23.703967, 16.744237, 37.754134
461, 17.663433, 24.113200, 14.321370, 37.892525
462, 16.926567, 24.304767, 13.961925, 38.317617
463, 16.282267, 24.197067, 13.720272, 38.225557
464, 15.708500, 23.753500, 13.237101, 33.349430
465, 15.139867, 22.665200, 12.978845, 20.876715
466, 14.714600, 21.598133, 14.122840, 7.536241
467, 14.577800, 20.612134, 14.656990, -3.665676
468, 14.535167, 19.350466, 14.746446, -9.001737
469, 14.620433, 18.355433, 16.175383, -8.259715
470, 14.798667, 17.165367, 15.986051, -1.341093
471, 14.865800, 15.934600, 18.087558, -7.278209
472, 14.915433, 14.762500, 17.524136, -4.461636
473, 14.789333, 13.500833, 17.124585, -0.474080
474, 14.439100, 12.225867, 15.838183, -7.775963
475, 13.873033, 10.720967, 13.904851, -10.588981
476, 13.034500, 9.359667, -4.085398, -14.368710
477, 12.199150, 8.312750, -14.224347, -10.901909
478, 10.720700, 6.785200, -14.389957, -9.228859
479, 9.283234, 5.992133, -14.354479, -10.432181
480, 7.632634, 5.196600, -16.340249, -8.543311
481, 5.669166, 4.348100, -18.521354, -10.082082
482, 3.666533, 3.794500, -15.921309, -9.444338
483, 1.632767, 3.269067, -12.367357, -8.802006
484, -0.474966, 2.610567, -14.284590, -8.726822
485, -2.701000, 1.899733, -16.931227, -9.920018
486, -4.962233, 1.175700, -13.754833, -22.246557
487, -7.225500, 0.482600, -14.184416, -29.595374
488, -9.579967, -0.087480, -17.877433, -35.299620
489, -11.805300, -0.526340, -16.942390, -36.186604
490, -15.057465, -0.838040, -18.257206, -34.790417
491, -18.476033, -0.817562, -17.763689, -34.200666
492, -22.180433, -0.519279, -18.481319, -33.866026
493, -26.104267, 0.092599, -19.162392, -32.881447
494, -29.945467, 0.755367, -20.741903, -30.603229
495, -33.755300, 1.578000, -22.205263, -28.374311
496, -37.473467, 2.387500, -28.913999, -29.090878
497, -41.185763, 3.315500, -48.597056, -28.422758
498, -45.550600, 4.538900, -64.921358, -16.223604
499, -50.351734, 5.577267, -76.524619, -15.602286
500, -54.987901, 6.183833, -79.967912, -17.268180
501, -59.306103, 6.349667, -76.777945, -17.557351
502, -62.968169, 6.134333, -74.330020, -19.974291
503, -66.054067, 5.657600, -72.022024, -19.115290
504, -68.645867, 4.815167, -73.288303, -19.018367
505, -70.826600, 3.805500, -73.447995, -19.995598
506, -72.595934, 2.548300, -83.183705, -22.549429
507, -73.949233, 1.200033, -86.102493, -26.231393
508, -74.971200, -0.088923, -88.592113, -27.059535
509, -75.771233, -1.268215, -86.819949, -26.951754
510, -76.398167, -2.377314, -84.245714, -25.657463
511, -76.940300, -3.402256, -84.077751, -26.970906
512, -77.490533, -4.310200, -93.630891, -28.864355
513, -77.994900, -5.147901, -99.919780, -31.465057
514, -78.418367, -5.916189, -98.522017, -30.457707
515, -78.666633, -6.548766, -96.735346, -28.041728
516, -78.741067, -7.106760, -97.147839, -28.569915
517, -78.720600, -7.519219, -96.198881, -30.614795
518, -78.729467, -8.110557, -94.890340, -30.108054
519, -78.859233, -8.536348, -95.106226, -29.651894
520, -79.185400, -8.977110, -93.992859, -28.036366
521, -79.751233, -9.349026, -95.710792, -27.329457
522, -80.404333, -9.529368, -94.220357, -26.975601
523, -80.965033, -9.529525, -91.032730, -26.528977
524, -81.321833, -9.426160, -90.375721, -25.046081
525, -81.531200, -9.292080, -92.263323, -25.865047
526, -81.616733, -9.143344, -91.780420, -25.778461
527, -81.625733, -8.958902, -89.993159, -25.204427
528, -81.578433, -8.727492, -90.904366, -25.287298
529, -81.510133, -8.464291, -90.844766, -25.281636
530, -81.492800, -8.178192, -91.471208, -25.267635
531, -81.502000, -7.879612, -91.265624, -24.341177
532, -81.517900, -7.543001, -90.769584, -24.015445
533, -81.501933, -7.159370, -90.860025, -24.361317
534, -81.483867, -6.731202, -90.376968, -24.745467
535, -81.469633, -6.310454, -94.836699, -21.928129
536, -81.456333, -5.845360, -103.784959, -17.100633
537, -81.532933, -5.203144, -104.836023, -16.600734
538, -81.723433, -4.396240, -103.993784, -15.287588
539, -82.051233, -3.221484, -104.652000, -14.508998
540, -82.531367, -1.616207, -105.606319, -11.226786
541, -83.202033, 0.436660, -110.524958, -2.812846
542, -84.105800, 3.009000, -113.767719, 1.952725
543, -85.315467, 6.102864, -116.077930, 5.819687
544, -86.543733, 9.671768, -119.583338, 10.539719
545, -87.701267, 13.149600, -122.823970, 14.317145
546, -88.762867, 16.491400, -121.552713, 14.910454
547, -89.540833, 19.812034, -121.615288, 15.941039
548, -89.938300, 22.934667, -120.251440, 16.291962
549, -89.964500, 26.143366, -118.982307, 16.448122
550, -89.641500, 29.605234, -118.172649, 18.894522
551, -89.046067, 33.149433, -115.122290, 24.194610
552, -88.458567, 36.806466, -115.880357, 29.070775
553, -87.958500, 40.527300, -114.879218, 33.243211
554, -87.840267, 44.234834, -116.202646, 37.268510
555, -88.051767, 47.653134, -116.496405, 39.314142
556, -88.795200, 50.558934, -122.116152, 41.019701
557, -90.204700, 53.096634, -124.593800, 44.266281
558, -92.053099, 55.367866, -124.975022, 48.885081
559, -94.389899, 57.475434, -129.063134, 51.724483
560, -96.873333, 59.340167, -132.019907, 52.260362
561, -99.438633, 60.981533, -130.794735, 51.712863
562, -102.067534, 62.499334, -131.796800, 52.840574
563, -104.463732, 63.530300, -132.351570, 56.228236
564, -107.330500, 64.624667, -141.782235, 59.167144
565, -110.172667, 65.452833, -144.586206, 58.396152
566, -112.952198, 66.156900, -145.408813, 55.651439
567, -116.105102, 66.897267, -147.635125, 56.105830
568, -118.746734, 67.562833, -154.965263, 60.283887
569, -120.606201, 68.093700, -160.492929, 61.724189
570, -122.075100, 68.427600, -159.084030, 62.328730
571, -123.098867, 68.686233, -159.918531, 61.919623
572, -123.839867, 68.988733, -160.308677, 62.343410
573, -124.750600, 69.196950, -160.394646, 62.709804
574, -126.082333, 69.597767, -158.674374, 63.346260
575, -127.480067, 70.034533, -158.580359, 63.369175
576, -128.455000, 70.521600, -158.535129, 63.357631
577, -129.510133, 71.219633, -159.977519, 63.284154
578, -130.304167, 72.000300, -161.335052, 63.761232
579, -130.692467, 72.821533, -163.328930, 65.508085
580, -131.338567, 73.620233, -167.230455, 65.774875
581, -131.645433, 74.323700, -169.582654, 64.053501
582, -132.155667, 74.904133, -173.928786, 63.950227
583, -132.435733, 75.257033, -177.079588, 62.202603
584, -132.351733, 75.398633, -177.477810, 62.439126
585, -131.793067, 75.428233, -176.853893, 61.286562
586, -131.005000, 75.306800, -176.982190, 61.531119
587, -130.691067, 75.173433, -177.629411, 61.586211
588, -130.534700, 75.135567, -177.051785, 61.641234
589, -130.388100, 75.123833, -176.899783, 61.540439
590, -130.228100, 75.120633, -173.555616, 61.181124
591, -130.174533, 75.119700, -163.181707, 56.022093
592, -130.233300, 75.131500, -165.330727, 54.319253
593, -130.127933, 75.163467, -165.504309, 54.339848
594, -129.499800, 75.164033, -166.158040, 53.759911
595, -128.791500, 75.137900, -165.427690, 54.263677
596, -128.016900, 75.070267, -165.138220, 54.591192
597, -126.983867, 75.007300, -165.042991, 54.565853
598, -125.637767, 74.962867, -163.846878, 54.793728
599, -124.131867, 74.998467, -162.502765, 54.931501
600, -122.857700, 75.000500, -162.466803, 55.201160
