1, 42.194634, 7.692279, 42.692996, -4.195197
2, 41.849900, 6.577200, 42.170398, -5.346428
3, 41.861700, 6.579667, 42.065013, -5.372344
4, 41.842200, 6.591333, 41.999050, -5.435203
5, 41.821267, 6.564833, 41.989322, -5.515139
6, 41.812900, 6.486900, 41.973723, -5.841830
7, 41.804600, 6.423100, 41.756938, -5.754714
8, 41.806475, 6.380800, 40.693050, -5.667269
9, 41.844633, 6.279533, 41.765497, -5.941824
10, 41.873400, 6.165533, 41.295875, -5.458451
11, 41.895267, 6.043867, 41.691611, -5.752696
12, 41.914400, 5.807367, 41.513516, -6.090918
13, 41.938033, 5.444867, 41.680550, -5.700270
14, 42.160733, 4.868700, 42.086698, -4.755655
15, 42.851767, 4.107833, 42.931604, -4.982646
16, 43.753233, 3.331933, 52.263112, -5.707529
17, 44.687967, 2.730167, 64.675391, -8.299979
18, 45.620033, 2.257700, 74.287921, -6.857530
19, 46.422333, 1.906467, 73.274356, -8.373657
20, 47.067567, 1.649133, 73.265363, -8.800853
21, 47.554633, 1.347967, 73.360858, -9.213616
22, 47.912167, 0.983100, 70.757548, -9.803275
23, 48.119600, 0.510150, 69.157771, -10.753384
24, 48.284067, -0.203312, 69.357310, -9.916283
25, 48.412733, -1.243571, 71.376898, -9.882893
26, 48.539233, -2.433361, 69.469342, -10.101996
27, 48.682933, -3.725158, 68.095434, -11.961334
28, 48.830500, -5.154855, 65.414941, -19.563452
29, 48.895367, -6.846268, 62.291423, -26.982393
30, 48.809267, -8.783322, 61.383654, -28.338349
31, 48.586200, -10.665780, 61.867953, -28.053783
32, 48.268333, -12.418723, 61.425253, -28.042411
33, 47.809767, -14.147277, 61.380002, -28.790497
34, 47.241633, -15.665523, 61.014557, -29.065259
35, 46.621133, -16.893523, 60.371790, -28.485591
36, 45.907767, -18.193657, 55.905726, -32.000200
37, 45.097400, -19.557763, 40.709523, -36.226106
38, 44.137600, -20.938257, 28.862496, -38.263143
39, 43.086600, -22.190873, 28.083709, -37.595126
40, 41.987633, -23.303637, 27.911428, -37.963239
41, 40.917233, -24.306913, 28.375735, -37.719463
42, 39.874367, -25.112570, 28.379194, -37.342957
43, 38.964100, -25.584570, 28.940453, -37.315237
44, 38.215167, -25.681227, 28.627288, -37.690165
45, 37.562500, -25.455453, 29.563389, -36.986242
46, 36.914133, -25.061930, 28.496787, -34.487284
47, 36.060567, -24.477400, 19.518460, -26.302642
48, 35.022100, -23.879740, 14.850208, -21.093741
49, 33.784633, -23.331410, 13.242300, -19.947508
50, 32.389433, -22.948380, 13.286037, -20.781175
51, 30.821434, -22.772040, 13.451304, -21.592529
52, 28.903033, -22.668747, 12.148142, -20.873043
53, 27.039433, -22.588733, 11.703480, -20.964930
54, 25.267866, -22.164147, 13.763460, -21.190221
55, 23.638400, -21.234524, 12.828629, -20.385965
56, 22.128967, -19.156133, 12.818403, -14.079751
57, 20.642867, -16.944753, 12.237190, -3.443765
58, 19.285467, -15.165603, 11.960673, -2.012236
59, 18.105900, -13.741277, 12.284350, -2.159872
60, 17.143000, -12.842500, 12.224432, -2.348634
61, 16.415700, -12.267293, 12.806830, -3.173886
62, 15.889867, -11.837787, 13.806384, -3.847441
63, 15.521633, -11.260347, 13.823020, -4.067470
64, 15.240533, -10.292435, 14.950760, -4.449735
65, 15.018933, -9.250650, 15.224729, -4.559678
66, 14.897733, -7.569279, 15.657970, -4.715358
67, 14.805267, -5.585479, 15.996251, -4.353579
68, 14.710867, -4.098811, 15.251664, -1.948575
69, 14.629500, -2.356638, 11.236090, 8.321930
70, 14.566700, -0.529002, 11.217556, 9.390148
71, 14.521500, 0.900300, 11.913583, 9.546084
72, 14.515967, 2.163333, 13.086792, 9.007453
73, 14.566100, 3.453267, 12.992680, 8.456307
74, 14.653800, 4.653433, 12.864485, 7.732770
75, 14.783867, 6.136300, 13.303152, 8.372574
76, 14.847567, 7.638533, 13.433356, 8.637276
77, 14.902133, 8.904200, 13.654980, 8.440211
78, 14.979300, 10.483000, 15.085622, 17.112445
79, 15.063700, 12.129467, 15.318553, 26.213536
80, 15.193433, 13.663567, 15.012428, 25.730328
81, 15.389167, 15.065666, 15.756207, 25.791305
82, 15.643300, 16.463067, 16.362456, 26.381796
83, 15.926467, 17.561267, 15.350688, 24.906495
84, 16.291567, 18.753567, 16.561105, 25.276979
85, 16.682067, 19.860700, 16.232087, 23.920855
86, 17.085067, 20.732900, 16.366023, 23.480266
87, 17.512800, 21.604133, 17.041591, 25.200886
88, 17.918400, 22.711800, 21.439181, 30.859149
89, 18.196033, 23.805567, 22.111518, 32.927064
90, 18.391600, 24.641000, 20.378328, 32.325675
91, 18.510400, 25.725133, 20.727137, 32.115782
92, 18.527100, 26.686133, 21.238033, 32.922360
93, 18.519233, 27.571133, 20.782993, 32.325959
94, 18.500567, 28.815000, 20.409846, 32.693119
95, 18.415033, 29.912133, 20.857077, 32.436745
96, 18.367833, 30.787467, 21.499342, 34.239631
97, 18.377967, 31.774833, 18.099676, 42.054757
98, 18.381600, 32.533433, 16.702632, 44.009316
99, 18.445767, 33.017233, 17.230953, 43.599392
100, 18.546567, 33.592533, 17.187856, 43.857013
101, 18.610333, 34.078933, 18.467538, 43.671081
102, 18.596733, 34.483200, 18.964849, 43.354722
103, 18.413233, 34.965167, 18.706645, 43.267361
104, 18.144333, 35.429533, 18.157103, 43.420926
105, 17.854300, 35.961133, 17.962647, 43.580305
106, 17.590900, 36.520533, 18.117842, 43.419593
107, 17.400633, 37.079033, 18.898008, 43.080354
108, 17.205433, 37.695533, 19.230968, 43.378678
109, 17.025067, 38.155367, 18.902883, 42.577581
110, 16.842800, 38.539800, 18.911744, 42.542325
111, 16.605167, 38.852467, 15.985443, 43.812207
112, 16.306700, 39.072467, 4.823546, 44.981499
113, 15.974933, 39.311567, 0.868841, 45.094923
114, 15.555600, 39.481067, 0.035394, 45.365567
115, 15.055100, 39.636900, -0.052659, 45.427831
116, 14.486133, 39.839967, -0.367020, 45.446260
117, 13.868467, 40.061800, -0.896186, 45.384897
118, 13.196333, 40.351533, -1.276499, 45.475082
119, 12.617633, 40.747833, -0.924906, 45.985144
120, 12.173700, 41.198200, -1.153004, 45.968318
121, 11.841700, 41.717667, -1.059804, 46.245838
122, 11.581833, 42.272233, -0.867796, 46.396916
123, 11.407533, 42.902600, 0.503328, 47.558317
124, 11.271567, 43.532400, 6.156685, 50.476370
125, 11.143667, 44.088533, 6.897740, 50.766532
126, 11.007900, 44.631200, 6.349408, 51.081748
127, 10.802900, 45.155000, 6.242308, 51.221719
128, 10.541967, 45.577667, 6.207726, 51.368969
129, 10.310933, 45.988200, 6.034512, 51.545260
130, 10.173467, 46.301167, 5.984060, 50.793028
131, 10.119533, 46.603133, 6.692118, 50.274676
132, 10.131867, 46.866600, 7.294095, 49.601494
133, 10.193533, 47.148533, 7.546532, 49.579524
134, 10.234733, 47.417033, 7.802243, 49.665058
135, 10.291567, 47.668000, 7.859063, 50.062297
136, 10.327167, 47.914867, 7.655924, 50.325367
137, 10.317367, 48.130133, 6.279293, 50.585032
138, 10.316467, 48.423467, 8.976829, 53.681732
139, 10.351200, 48.666200, 12.488977, 57.544495
140, 10.476433, 48.837933, 11.215733, 58.540704
141, 10.654500, 48.963700, 11.879372, 58.142143
142, 10.902000, 49.018700, 12.044564, 58.196877
143, 11.238267, 49.042467, 11.871011, 58.214636
144, 11.638800, 49.003933, 11.822902, 58.158299
145, 12.111167, 48.989433, 11.948589, 58.177013
146, 12.599833, 48.922600, 11.995465, 58.118040
147, 13.099067, 48.852900, 12.086191, 57.978312
148, 13.505167, 48.827867, 11.930607, 58.085504
149, 13.855400, 48.745333, 11.570501, 58.035370
150, 14.082733, 48.801800, 11.672334, 58.137341
151, 14.143300, 48.814033, 11.398068, 58.132848
152, 14.135733, 48.819267, 11.439988, 58.072146
153, 14.061867, 48.779800, 18.118650, 51.303861
154, 13.999533, 48.681400, 21.421728, 41.876998
155, 13.971767, 48.578133, 21.001204, 40.079896
156, 13.881800, 48.437033, 20.832143, 39.380835
157, 13.805833, 48.232200, 21.255026, 38.895462
158, 13.704967, 48.058167, 21.732088, 38.584402
159, 13.601300, 47.854100, 21.865712, 38.421397
160, 13.499233, 47.655033, 22.438536, 38.393754
161, 13.278367, 47.507267, 22.676940, 38.411961
162, 13.018067, 47.368067, 19.407226, 39.838501
163, 12.680233, 47.259767, 1.943086, 46.061007
164, 12.351200, 47.127333, -5.755146, 47.205763
165, 12.104767, 47.009533, -6.354655, 47.606058
166, 11.914067, 46.877133, -3.780621, 47.019668
167, 11.875667, 46.746633, -3.920131, 47.069793
168, 11.900300, 46.626433, -4.000288, 47.330152
169, 12.043833, 46.473233, -4.295565, 47.699838
170, 12.324800, 46.344600, -1.726742, 47.900343
171, 12.648000, 46.223033, 12.267406, 48.363966
172, 13.063233, 46.133067, 16.035596, 47.910576
173, 13.434467, 46.067100, 15.703802, 47.894702
174, 13.776533, 45.984600, 16.006522, 47.741140
175, 14.114167, 45.935167, 15.554777, 47.670107
176, 14.450367, 45.903500, 15.119031, 47.796099
177, 14.732633, 45.867167, 15.079742, 47.940658
178, 14.986833, 45.857900, 15.044072, 48.018051
179, 15.144833, 45.838733, 15.002419, 48.078210
180, 15.276433, 45.847267, 14.906783, 48.116873
181, 15.346133, 45.886967, 14.848304, 48.311380
182, 15.405000, 45.886933, 14.804854, 48.547319
183, 15.567067, 45.893900, 14.818721, 48.742005
184, 15.896867, 45.952567, 14.992152, 48.634610
185, 16.442633, 45.950900, 21.048014, 49.746401
186, 17.299300, 45.933767, 31.106460, 48.620180
187, 18.580867, 45.881833, 36.646564, 47.104843
188, 20.415833, 45.732700, 39.204690, 46.348910
189, 22.835999, 45.532400, 39.743093, 46.428991
190, 26.119400, 45.052233, 40.415774, 46.212392
191, 29.900166, 44.251467, 41.557201, 45.257925
192, 33.753800, 43.322433, 42.976591, 43.737756
193, 37.277767, 42.206933, 52.529672, 38.438373
194, 40.602700, 41.208967, 58.136620, 34.179354
195, 43.316268, 40.250633, 58.667314, 33.551328
196, 45.544867, 39.294233, 59.018062, 33.213870
197, 47.447167, 38.351633, 58.784295, 33.051743
198, 49.119333, 37.605333, 59.077722, 32.778830
199, 50.358167, 36.989467, 58.895709, 32.923040
200, 51.164100, 36.348433, 58.713121, 32.355150
201, 51.600900, 35.913300, 58.435446, 32.497958
202, 51.607600, 35.582433, 58.202334, 32.775020
203, 51.461967, 35.333467, 57.681483, 32.357435
204, 51.221867, 35.365667, 57.663507, 32.745158
205, 50.907867, 35.443433, 57.423204, 32.574034
206, 50.570967, 35.466700, 57.503758, 32.416683
207, 50.091133, 35.558733, 57.657648, 32.783143
208, 49.570700, 35.695533, 57.561386, 32.549980
209, 49.112333, 35.852733, 57.178499, 32.153646
210, 48.676633, 36.058733, 57.270941, 32.378446
211, 48.325367, 36.268967, 57.241943, 32.179683
212, 48.035067, 36.481533, 57.369621, 32.003088
213, 47.712133, 36.683800, 57.187774, 32.337372
214, 47.192433, 36.907067, 56.268230, 33.168561
215, 46.075634, 37.230833, 42.900166, 40.596622
216, 44.137967, 37.695133, 30.131723, 45.908904
217, 41.690201, 38.189767, 26.061549, 45.705263
218, 39.112499, 38.727000, 26.950434, 45.559123
219, 36.850700, 39.178600, 27.533913, 45.326799
220, 34.855533, 39.489367, 26.777949, 45.437604
221, 33.082367, 39.691067, 26.128154, 45.484204
222, 31.416333, 39.871033, 25.352611, 45.329383
223, 29.788133, 40.112533, 25.208618, 45.185927
224, 28.156734, 40.429333, 26.650247, 45.146666
225, 26.355600, 40.853600, 26.944297, 45.346624
226, 24.478400, 41.385600, 26.142350, 45.111395
227, 22.453900, 42.030633, 15.612487, 43.932806
228, 20.408500, 42.367300, 12.795583, 42.938533
229, 18.650600, 42.405667, 13.852433, 42.159205
230, 17.169100, 42.406633, 13.939405, 41.439813
231, 15.946567, 42.359433, 14.388598, 40.796245
232, 14.894367, 42.276000, 14.231955, 40.287439
233, 13.987667, 42.110333, 14.317185, 40.178235
234, 13.154800, 41.949467, 14.609645, 41.127989
235, 12.357833, 41.750767, 14.231925, 41.225035
236, 11.583600, 41.579467, 14.533217, 40.841383
237, 10.788767, 41.399367, 14.690474, 41.045000
238, 9.889600, 41.205267, 14.640765, 41.764475
239, 8.578900, 41.071067, 12.767055, 41.695405
240, 6.856434, 40.935767, 0.295491, 42.111588
241, 4.477334, 40.801467, -9.908447, 42.620600
242, 1.778033, 40.645100, -9.347630, 41.555089
243, -0.818833, 40.429267, -10.523416, 41.289386
244, -3.253900, 40.222533, -10.625157, 42.039351
245, -5.379467, 39.974600, -11.192107, 41.749555
246, -7.247233, 39.704933, -11.091004, 40.860251
247, -8.867467, 39.455400, -10.626421, 40.669022
248, -10.375667, 39.208633, -10.300221, 40.536028
249, -11.721333, 38.984433, -10.210015, 40.996806
250, -12.919700, 38.806700, -10.007116, 41.454557
251, -14.060667, 38.711933, -9.636507, 41.360796
252, -15.219833, 38.652133, -24.733649, 39.746558
253, -16.386067, 38.506200, -34.849600, 36.545292
254, -17.649233, 38.285000, -36.176576, 36.216591
255, -18.874933, 38.094333, -34.904021, 35.938191
256, -20.000167, 37.954667, -33.629028, 35.605639
257, -20.989033, 37.808400, -33.900554, 35.269366
258, -21.725100, 37.728467, -34.959970, 35.725073
259, -22.282567, 37.686833, -36.213547, 36.533080
260, -22.646833, 37.651333, -35.299632, 36.108155
261, -22.937433, 37.627067, -35.618106, 36.234184
262, -23.228000, 37.582900, -35.981413, 36.309252
263, -23.540133, 37.513933, -36.277961, 36.332161
264, -23.906867, 37.477433, -36.253110, 36.084772
265, -24.322667, 37.457967, -36.238536, 35.783000
266, -24.680467, 37.508033, -36.034117, 35.574174
267, -24.877133, 37.677000, -36.415425, 35.430987
268, -24.834100, 37.911067, -36.202879, 35.429115
269, -24.464600, 38.113533, -34.040385, 36.570567
270, -23.628567, 38.365433, -20.106187, 41.110453
271, -22.309700, 38.695400, -13.050389, 42.568703
272, -20.703300, 39.126433, -9.022726, 43.862901
273, -18.920033, 39.612633, -7.386830, 44.440904
274, -17.028833, 40.096633, -7.340924, 44.385510
275, -15.173233, 40.614133, -6.634390, 44.877235
276, -13.376466, 41.104767, -5.764295, 45.397236
277, -11.715133, 41.476367, -5.196832, 45.610093
278, -10.243100, 41.676200, -4.681657, 45.480175
279, -8.813533, 41.856700, 0.602030, 47.632034
280, -7.255600, 42.061767, 10.935463, 49.988194
281, -5.524433, 42.273233, 14.801081, 50.433046
282, -3.726100, 42.622167, 14.486644, 49.921474
283, -2.044333, 42.864233, 14.656290, 50.400050
284, -0.486267, 43.080467, 15.260385, 50.749966
285, 0.934300, 43.326600, 14.877601, 50.242326
286, 2.256600, 43.504333, 15.052638, 49.785971
287, 3.554267, 43.748867, 15.434871, 49.202064
288, 4.838000, 43.953233, 16.903129, 50.383196
289, 6.233467, 44.218367, 22.715144, 54.344680
290, 7.800233, 44.487667, 26.995382, 54.929901
291, 9.762233, 44.547800, 27.648076, 54.878039
292, 12.096100, 44.639100, 26.910794, 54.333555
293, 14.914499, 44.662725, 28.853718, 54.906132
294, 17.736200, 44.570167, 29.137211, 54.710142
295, 19.949300, 44.547667, 29.365482, 54.580715
296, 22.132134, 44.565300, 38.927391, 54.097895
297, 24.031700, 44.732033, 41.935101, 54.370184
298, 25.477567, 44.909433, 41.982539, 54.452146
299, 26.669500, 45.079433, 43.872277, 55.625738
300, 27.685700, 45.315667, 44.606598, 56.130618
301, 28.524167, 45.535267, 49.367286, 59.547315
302, 29.238767, 45.707267, 51.454687, 60.630848
303, 29.855200, 45.763100, 51.911072, 60.929323
304, 30.467633, 45.776100, 51.515983, 60.422466
305, 31.150733, 45.813467, 52.155561, 60.305057
306, 31.919233, 45.856133, 52.988623, 60.209545
307, 32.820367, 45.857867, 53.879862, 60.151616
308, 33.778200, 45.831633, 54.110461, 60.050727
309, 34.828633, 45.719600, 54.284564, 59.857369
310, 35.823833, 45.609500, 53.509321, 59.195194
311, 36.666933, 45.521900, 54.049871, 59.113039
312, 37.131733, 45.372200, 53.853820, 59.139236
313, 37.457533, 45.198500, 53.382340, 59.698155
314, 37.837733, 45.065000, 47.496857, 56.998202
315, 38.318633, 44.994267, 43.042968, 54.890150
316, 38.848900, 44.935233, 43.126581, 55.136417
317, 39.373933, 44.909933, 42.832446, 54.747617
318, 39.805733, 44.876467, 42.035387, 54.957392
319, 39.972000, 44.802833, 41.106663, 54.477504
320, 39.824933, 44.765100, 40.385777, 54.141944
321, 39.555233, 44.761733, 39.980808, 54.078344
322, 39.461633, 44.764433, 38.687267, 54.451899
323, 39.725767, 44.699867, 37.951646, 54.821947
324, 40.375033, 44.502800, 47.067145, 50.023428
325, 41.302000, 44.214033, 60.977976, 41.782093
326, 42.373933, 43.800067, 66.883539, 36.116624
327, 43.467700, 43.227533, 67.995293, 34.259050
328, 44.408533, 42.406533, 64.909795, 34.201156
329, 45.202333, 41.399767, 64.234991, 33.103906
330, 45.934967, 40.402767, 65.340397, 32.860334
331, 46.725467, 39.279767, 68.407610, 31.567413
332, 47.608233, 37.931733, 68.966541, 28.247744
333, 48.594133, 36.527333, 74.570338, 23.262689
334, 49.646167, 35.334500, 78.467621, 20.109440
335, 50.653867, 34.286000, 78.962358, 19.141769
336, 51.591833, 33.244000, 77.904756, 20.473366
337, 52.455400, 32.148667, 78.327475, 19.542699
338, 53.332200, 31.006600, 77.436536, 18.946620
339, 54.309200, 29.758433, 76.567090, 17.633477
340, 55.294400, 28.466267, 77.231970, 17.001938
341, 56.358300, 27.139067, 78.701407, 17.940184
342, 57.501467, 25.825767, 79.161705, 18.533695
343, 58.669133, 24.561500, 78.642216, 16.870346
344, 59.950600, 23.324000, 79.528392, 12.325396
345, 61.298133, 22.171933, 79.631346, 8.431779
346, 62.586600, 21.057233, 80.233696, 9.762912
347, 63.785467, 19.962933, 79.791620, 8.875335
348, 64.888267, 18.992333, 79.397227, 7.701763
349, 65.885100, 18.099300, 80.193994, 8.203320
350, 66.818367, 17.199067, 80.300377, 8.091511
351, 67.750233, 16.332933, 79.376091, 7.942657
352, 68.781867, 15.522600, 81.060769, 6.507629
353, 69.788100, 14.881400, 85.981347, 2.423855
354, 70.848967, 14.402167, 89.997249, 0.094060
355, 71.989533, 13.897000, 91.861734, -0.309019
356, 73.025733, 13.340667, 89.619136, 0.125540
357, 73.933800, 12.720900, 88.112879, 0.505088
358, 74.716600, 12.061567, 88.205671, -0.556873
359, 75.322333, 11.421400, 88.389811, -1.047108
360, 75.720433, 10.833000, 88.851260, -0.924867
361, 75.916367, 10.280467, 87.164146, -1.208049
362, 75.887567, 9.762800, 78.517305, -6.862761
363, 75.660033, 9.215500, 73.168858, -10.670398
364, 75.289900, 8.651367, 72.790031, -11.454796
365, 74.845967, 8.094267, 72.346248, -10.727882
366, 74.374500, 7.632767, 72.238034, -10.095883
367, 73.921133, 7.253867, 71.987314, -10.918430
368, 73.474300, 6.908267, 72.013313, -10.162544
369, 72.990633, 6.607867, 71.388147, -8.431208
370, 72.454433, 6.337533, 71.677229, -7.653869
371, 71.891333, 6.110233, 71.983411, -8.501191
372, 71.270567, 5.877900, 71.764177, -8.820730
373, 70.591167, 5.681033, 71.186480, -8.632956
374, 69.867700, 5.558133, 71.109968, -8.286500
375, 69.097500, 5.492900, 70.405432, -8.098192
376, 68.295667, 5.484533, 70.388343, -7.891701
377, 67.497000, 5.582000, 70.863929, -7.244848
378, 66.661067, 5.778100, 70.899488, -7.005168
379, 65.778167, 6.040200, 70.844863, -6.743184
380, 64.799167, 6.341633, 70.250004, -6.693758
381, 63.719700, 6.624067, 69.811698, -6.774959
382, 62.548133, 6.899100, 69.637002, -7.146173
383, 61.316967, 7.208800, 68.962729, -6.729190
384, 60.001767, 7.629300, 68.462698, -6.598655
385, 58.537000, 8.239300, 67.901067, -5.855162
386, 56.814400, 9.138500, 63.902939, -3.407745
387, 54.779734, 10.344267, 51.281547, 7.800506
388, 52.387834, 11.678767, 39.284099, 16.443757
389, 49.903400, 12.877967, 33.370796, 19.750171
390, 47.416700, 14.054733, 31.830982, 20.048354
391, 44.904300, 15.197467, 33.836895, 18.027082
392, 42.433233, 16.266667, 32.913484, 18.684230
393, 39.937000, 17.243033, 32.559163, 19.339090
394, 37.465033, 18.051267, 31.771672, 20.044750
395, 34.976000, 18.789733, 31.547655, 19.888216
396, 32.356400, 19.429767, 31.103192, 19.752818
397, 29.681667, 19.821267, 31.093935, 19.894553
398, 27.092267, 20.037733, 31.526594, 21.000215
399, 24.598366, 20.326800, 30.827538, 20.704952
400, 22.269800, 20.779767, 30.306125, 20.206881
401, 20.121234, 21.231400, 28.532511, 21.083995
402, 18.048733, 21.813933, 17.716388, 25.640918
403, 15.995267, 22.498233, 2.622362, 27.657695
404, 14.037433, 23.106533, -4.501380, 27.611442
405, 12.195400, 23.698900, -6.007503, 27.844635
406, 10.538833, 24.289400, -2.979634, 26.642633
407, 9.013233, 24.869567, -3.360259, 26.332646
408, 7.555100, 25.394033, -3.836409, 26.855162
409, 6.189800, 25.817700, -4.256582, 26.908370
410, 4.888767, 26.159033, -4.504179, 26.818416
411, 3.582300, 26.420767, -4.681199, 26.905241
412, 2.235433, 26.589367, -4.707545, 26.864334
413, 0.800900, 26.701367, -4.778516, 27.654541
414, -0.649933, 26.820967, -4.960996, 27.800452
415, -2.174033, 26.949267, -5.162913, 27.600583
416, -3.726700, 27.079900, -5.345026, 27.374546
417, -5.245767, 27.211833, -5.338006, 27.404972
418, -6.793167, 27.404000, -5.158617, 27.367382
419, -8.331567, 27.543967, -5.713354, 27.131816
420, -9.851867, 27.618033, -5.366556, 28.039262
421, -11.413267, 27.595867, -13.234765, 23.740220
422, -12.882100, 27.414033, -23.740152, 15.875383
423, -14.213433, 27.044267, -27.655658, 11.408482
424, -15.387200, 26.545600, -27.703838, 10.803804
425, -16.498067, 26.029400, -27.914089, 9.845197
426, -17.518033, 25.537833, -28.039117, 9.660162
427, -18.410300, 25.053700, -27.815647, 10.322321
428, -19.211367, 24.397300, -27.672002, 9.999821
429, -19.855600, 23.493867, -27.212202, 7.865574
430, -20.314267, 22.178567, -25.988025, -0.791522
431, -20.587800, 20.688933, -25.516221, -3.684676
432, -20.780167, 19.422767, -25.722161, -3.304570
433, -20.874367, 18.259400, -25.630788, -4.171098
434, -20.860167, 17.256767, -25.217568, -3.348010
435, -20.913267, 16.413467, -25.553666, -3.009171
436, -21.083767, 15.647600, -25.636951, -3.323698
437, -21.364267, 14.933767, -25.703693, -3.226508
438, -21.785133, 14.359533, -25.961732, -2.356405
439, -22.366233, 13.875067, -25.963332, -2.199016
440, -23.092967, 13.342967, -26.173535, -2.202305
441, -23.878967, 12.577367, -26.460256, -1.660811
442, -24.683233, 11.701800, -25.806402, -1.446329
443, -25.455733, 10.645267, -23.384596, -1.038173
444, -26.146233, 9.525367, -23.314348, -0.859911
445, -26.727900, 8.499533, -22.751738, -1.271973
446, -27.187967, 7.580600, -22.117628, -1.919100
447, -27.606367, 6.773267, -21.703115, -2.084011
448, -27.958800, 6.089533, -21.400044, -1.503242
449, -28.303300, 5.625400, -21.518854, -1.613517
450, -28.687567, 5.520067, -21.512145, -1.195130
451, -29.016600, 5.662200, -21.031077, 0.078096
452, -29.346467, 5.944267, -20.898728, -0.015757
453, -29.724367, 6.312867, -20.706297, 0.205812
454, -30.169600, 6.712467, -20.825392, -0.190112
455, -30.763267, 7.291733, -20.962029, -0.197101
456, -31.586733, 7.985300, -23.231341, 0.736906
457, -32.564933, 8.795333, -35.030532, 4.516196
458, -33.536700, 9.558533, -42.292363, 8.471308
459, -34.335667, 10.202700, -42.275928, 8.829794
460, -34.938900, 10.895033, -41.062153, 8.708161
461, -35.359733, 11.766000, -40.417607, 8.884808
462, -35.666267, 12.829267, -43.808334, 13.309692
463, -35.954533, 14.087733, -47.206858, 19.449448
464, -36.241967, 15.328667, -48.401703, 21.390046
465, -36.532900, 16.573767, -49.912954, 22.669680
466, -36.762733, 17.752100, -48.870414, 21.919471
467, -36.823033, 18.827900, -46.497693, 20.786549
468, -36.693100, 19.811100, -46.481550, 21.156147
469, -36.237733, 20.661433, -47.506246, 22.832899
470, -35.503600, 21.330233, -46.994548, 22.948167
471, -34.698000, 21.957500, -45.782523, 22.120467
472, -33.936800, 22.577733, -45.024154, 21.940885
473, -33.175833, 23.237267, -44.391670, 22.015026
474, -32.486300, 23.978100, -44.293568, 22.255920
475, -31.871367, 24.737767, -43.858257, 22.680301
476, -31.297433, 25.660867, -43.330494, 23.163546
477, -30.747733, 26.568167, -43.152444, 23.742172
478, -30.212067, 27.420267, -41.698862, 28.540205
479, -29.620033, 28.382567, -38.409544, 35.567404
480, -28.889000, 29.367833, -36.757114, 36.933541
481, -28.020967, 30.233600, -35.962082, 36.180867
482, -27.107900, 30.988733, -34.916448, 36.512430
483, -26.261900, 31.668167, -34.529268, 36.609901
484, -25.508333, 32.205100, -34.098258, 37.167134
485, -24.834433, 32.605567, -33.790677, 37.124145
486, -24.288467, 32.959267, -33.516302, 37.414482
487, -23.908233, 33.278900, -33.186209, 37.158290
488, -23.597967, 33.658667, -32.740837, 37.787460
489, -23.329600, 34.093467, -23.742079, 43.085571
490, -23.019800, 34.522667, -14.929037, 45.237137
491, -22.718767, 34.875700, -13.629811, 45.490083
492, -22.389267, 35.138033, -12.950122, 45.908911
493, -22.059100, 35.273000, -13.054125, 46.026863
494, -21.881433, 35.461367, -12.736777, 46.116348
495, -21.710400, 35.734700, -12.387603, 46.222083
496, -21.446767, 36.057267, -12.104309, 45.531060
497, -21.125167, 36.366367, -11.908447, 45.237583
498, -20.773400, 36.728633, -9.512569, 45.293979
499, -20.439333, 37.093500, -5.016398, 44.512501
500, -20.090867, 37.410267, -4.044800, 44.608482
501, -19.773433, 37.717533, -3.609491, 44.603425
502, -19.540333, 37.993133, -3.541026, 44.766697
503, -19.370900, 38.169100, -3.024528, 44.600324
504, -19.253167, 38.242467, -2.762397, 44.483348
505, -19.180167, 38.295867, -2.744985, 44.656264
506, -19.138567, 38.275900, -2.771668, 44.723724
507, -19.063000, 38.188833, -4.704662, 48.210297
508, -18.927200, 38.090833, -6.002187, 55.659386
509, -18.715467, 37.941467, -7.486560, 56.560374
510, -18.468167, 37.846533, -7.502342, 55.559125
511, -18.204400, 37.866400, -7.070057, 55.717906
512, -17.937200, 37.985700, -6.786022, 55.647935
513, -17.604167, 38.230667, -6.528952, 56.120321
514, -17.109767, 38.630900, -6.392686, 56.418012
515, -16.404767, 39.030100, -6.542272, 57.357128
516, -15.323700, 39.349867, -5.697389, 57.732733
517, -13.810167, 39.731900, 1.803052, 56.972717
518, -12.083033, 40.095567, -0.144555, 47.555018
519, -10.247367, 40.377300, 1.245657, 43.623500
520, -8.424467, 40.535833, 2.439301, 41.260659
521, -6.638500, 40.620233, 2.986623, 42.708858
522, -4.925700, 40.682967, 3.145892, 42.830733
523, -3.269267, 40.645467, 3.427415, 42.156597
524, -1.656800, 40.742867, 3.567356, 41.617573
525, -0.253100, 40.835633, 3.483548, 41.947776
526, 1.021033, 40.886233, 3.502769, 41.784037
527, 2.114367, 41.074567, 3.571641, 41.593534
528, 2.885300, 41.280133, 3.152599, 41.379676
529, 3.321867, 41.358533, 2.570184, 41.665592
530, 3.559067, 41.274733, 2.204721, 41.596422
531, 3.782200, 41.083200, 2.093862, 41.172337
532, 4.017833, 40.766633, 5.855351, 38.728672
533, 4.315767, 40.274467, 14.149094, 32.113025
534, 4.626200, 39.673467, 16.373493, 27.426367
535, 4.933467, 39.102900, 16.099262, 26.599361
536, 5.143633, 38.516133, 16.409377, 28.542118
537, 5.175467, 37.900467, 16.556489, 28.798542
538, 4.912167, 37.241700, 15.962789, 28.775137
539, 4.384000, 36.345700, 10.928292, 23.732829
540, 3.637500, 35.066367, 2.165837, 16.510158
541, 2.631733, 33.464533, -2.287051, 12.362474
542, 1.427100, 31.801633, -3.284774, 12.803216
543, 0.085233, 30.231200, -3.568340, 12.445881
544, -1.348700, 28.848400, -3.919401, 12.711905
545, -2.772600, 27.547200, -4.082999, 12.018988
546, -4.104300, 26.254533, -4.067394, 14.065939
547, -5.309967, 24.853067, -3.741961, 10.356460
548, -6.384633, 23.279433, -3.424829, 3.957619
549, -7.309767, 21.694900, -3.377561, 3.187813
550, -8.070633, 20.151000, -3.082991, 3.016117
551, -8.694533, 18.685667, -3.642959, 3.653630
552, -9.215267, 17.353600, -3.449696, 4.398778
553, -9.645433, 16.191900, -3.646887, 4.076277
554, -9.990267, 15.223600, -3.746542, 4.616707
555, -10.236933, 14.397433, -3.733132, 5.285304
556, -10.370567, 13.571200, -3.931805, 5.546668
557, -10.410367, 12.768267, -3.182598, 0.683511
558, -10.364700, 11.920233, -3.879879, -7.416882
559, -10.231733, 11.070067, -5.329280, -9.210329
560, -10.056600, 10.259767, -4.950605, -8.390390
561, -9.888433, 9.423900, -5.164894, -8.764609
562, -9.740400, 8.644233, -5.102639, -8.627621
563, -9.623767, 7.846167, -5.144037, -9.649734
564, -9.527833, 7.057833, -5.717127, -7.934895
565, -9.436133, 6.282300, -5.848785, -7.507388
566, -9.350267, 5.482133, -5.925569, -8.729416
567, -9.256600, 4.660967, -6.681693, -7.021492
568, -9.160667, 3.884333, -6.676675, -6.856688
569, -9.041733, 3.101967, -6.768393, -7.014318
570, -8.919633, 2.311400, -6.712876, -6.438185
571, -8.781500, 1.547700, -1.812995, -8.911146
572, -8.651133, 0.815933, 1.296944, -11.637539
573, -8.515700, 0.154433, 1.495468, -12.045206
574, -8.394100, -0.426569, 0.769037, -12.403112
575, -8.290600, -0.932899, 0.380263, -12.712030
576, -8.181200, -1.395024, 0.202460, -12.853488
577, -8.082767, -1.835284, 0.047011, -11.491254
578, -7.976833, -2.318505, -0.339563, -11.222608
579, -7.851033, -2.888205, -0.670519, -11.868978
580, -7.718667, -3.501969, -1.048459, -12.042105
581, -7.582400, -4.122088, -1.198541, -11.615497
582, -7.437133, -4.702481, -1.751249, -11.071778
583, -7.279467, -5.335944, -2.085105, -11.005854
584, -7.096367, -5.978279, -2.365944, -11.646749
585, -6.885400, -6.567543, -1.125630, -12.562584
586, -6.624033, -7.174685, 5.216781, -13.267818
587, -6.305800, -7.888998, 14.571667, -14.997861
588, -5.868433, -8.726320, 19.028909, -15.102436
589, -5.334800, -9.504120, 21.153120, -16.442608
590, -4.713867, -10.321633, 19.336872, -16.869648
591, -4.005800, -11.242557, 17.882102, -17.347402
592, -3.255133, -12.194930, 20.063498, -16.944902
593, -2.456633, -13.164097, 18.447914, -16.747847
594, -1.653200, -14.004500, 18.927726, -17.407933
595, -0.857467, -14.776963, 19.754061, -16.565013
596, -0.046033, -15.591713, 16.391862, -18.447945
597, 0.763133, -16.440437, 17.944730, -17.700101
598, 1.578133, -17.361723, 18.790647, -18.422202
599, 2.411167, -18.239467, 20.829708, -23.747648
600, 2.952400, -18.724830, 20.720524, -25.017254
