1, -96.434300, 4.860100, -95.563543, -7.449130
2, -96.434300, 4.860100, -95.563543, -7.449130
3, -96.434300, 4.860100, -95.563543, -7.449130
4, -96.544500, 4.852150, -95.677257, -7.437047
5, -96.579967, 4.850467, -95.640199, -7.451819
6, -96.609000, 4.831400, -95.262768, -7.581482
7, -96.621067, 4.814700, -94.997195, -7.689130
8, -96.642967, 4.823900, -94.956985, -7.650390
9, -96.672300, 4.835100, -95.032008, -7.625633
10, -96.702267, 4.834633, -95.092198, -7.634109
11, -96.713300, 4.803700, -95.023485, -7.670325
12, -96.732267, 4.816567, -94.972232, -7.657529
13, -96.737367, 4.813100, -94.971326, -7.631480
14, -96.753433, 4.838967, -95.017214, -7.617261
15, -96.772733, 4.870233, -95.089724, -7.564083
16, -96.796167, 4.896167, -95.275182, -7.529677
17, -96.828533, 4.921333, -95.371987, -7.615079
18, -96.839500, 4.927200, -95.474392, -7.704154
19, -96.838233, 4.937433, -95.652459, -7.694763
20, -96.855167, 4.929967, -95.761535, -7.734874
21, -96.850300, 4.907767, -95.824166, -7.551448
22, -96.833733, 4.884700, -94.886867, -3.497395
23, -96.813300, 4.887000, -94.425777, -1.124484
24, -96.775667, 4.905633, -94.014802, -0.137397
25, -96.741067, 4.946033, -94.000520, -0.014840
26, -96.710367, 4.960767, -94.012929, -0.073798
27, -96.679267, 4.950167, -94.030332, -0.063656
28, -96.645900, 4.920733, -94.038859, -0.168795
29, -96.629433, 4.890233, -94.032895, -0.232280
30, -96.624533, 4.854100, -94.014169, -0.370653
31, -96.624033, 4.842800, -93.951805, -0.499115
32, -96.627433, 4.834233, -93.975981, -0.521058
33, -96.633900, 4.820300, -93.971197, -0.477570
34, -96.647900, 4.801267, -94.008453, -0.416950
35, -96.637533, 4.744433, -93.980117, -0.487598
36, -96.624000, 4.703967, -96.716666, -4.776014
37, -96.621933, 4.684333, -100.550599, -11.240624
38, -96.621500, 4.692400, -101.001806, -12.067181
39, -96.613833, 4.710933, -100.908763, -11.725937
40, -96.624333, 4.741500, -100.926111, -11.714282
41, -96.654500, 4.753233, -100.835321, -11.662373
42, -96.682300, 4.763233, -101.099629, -11.727152
43, -96.680833, 4.766033, -101.208961, -11.734973
44, -96.689100, 4.771733, -101.218365, -11.616162
45, -96.684100, 4.748300, -101.224174, -11.528782
46, -96.683367, 4.722733, -101.203950, -11.296867
47, -96.688567, 4.718067, -99.728382, -11.949302
48, -96.684300, 4.704833, -94.247367, -15.544804
49, -96.682267, 4.679567, -92.945594, -16.652364
50, -96.710200, 4.657167, -92.988059, -16.729620
51, -96.751467, 4.635567, -93.115482, -16.754834
52, -96.779550, 4.607550, -93.134471, -16.793837
53, -96.820800, 4.542733, -93.187207, -16.634880
54, -96.835033, 4.493567, -93.255090, -16.548387
55, -96.830600, 4.444233, -93.187524, -16.436424
56, -96.818633, 4.360833, -93.048474, -16.265079
57, -96.834833, 4.295667, -93.044982, -16.468935
58, -96.849100, 4.244700, -92.986140, -16.578875
59, -96.872967, 4.174467, -93.022779, -16.213797
60, -96.896000, 4.144533, -93.028904, -16.138518
61, -96.915933, 4.150900, -92.960259, -16.121015
62, -96.943733, 4.162600, -92.912553, -15.958658
63, -96.957500, 4.174200, -93.009239, -15.936449
64, -96.954167, 4.167333, -93.148932, -15.897385
65, -96.954267, 4.144767, -93.413249, -15.856589
66, -96.925933, 4.092000, -93.682239, -15.842130
67, -96.904667, 4.035067, -93.936401, -15.792680
68, -96.878900, 3.937133, -94.089109, -15.856671
69, -96.850567, 3.867667, -94.142489, -16.060475
70, -96.839233, 3.836533, -94.218754, -16.074372
71, -96.829933, 3.825333, -94.213780, -15.982030
72, -96.799700, 3.835633, -93.830863, -15.864374
73, -96.786533, 3.797500, -88.096905, -14.504329
74, -96.776967, 3.732067, -85.367051, -13.364450
75, -96.779633, 3.676433, -85.523003, -13.453919
76, -96.810400, 3.616800, -85.724387, -13.639128
77, -96.820233, 3.561633, -85.719336, -13.702781
78, -96.832900, 3.516700, -85.754425, -13.776350
79, -96.827033, 3.463467, -85.736404, -13.862207
80, -96.828567, 3.416500, -85.687166, -14.017228
81, -96.846267, 3.369433, -85.682378, -14.257536
82, -96.836333, 3.302567, -85.606920, -14.388648
83, -96.827033, 3.259100, -85.591728, -14.573195
84, -96.832233, 3.250000, -85.530437, -14.678762
85, -96.831300, 3.275067, -86.138294, -14.494278
86, -96.837167, 3.294933, -90.589609, -14.081027
87, -96.867267, 3.309600, -92.346279, -14.327844
88, -96.889900, 3.297400, -92.596232, -14.258272
89, -96.916067, 3.297800, -92.972657, -14.002536
90, -96.935650, 3.291350, -93.039182, -14.015891
91, -96.985900, 3.269033, -93.173733, -14.062803
92, -97.024800, 3.273333, -96.078597, -14.724128
93, -97.048633, 3.298233, -98.279358, -15.335664
94, -97.050200, 3.332767, -98.846278, -14.875471
95, -97.025600, 3.405100, -99.069526, -14.830801
96, -96.963600, 3.465967, -99.042337, -14.861046
97, -96.878233, 3.507300, -99.019835, -14.894502
98, -96.768733, 3.532367, -99.185387, -14.851457
99, -96.575367, 3.532867, -99.193110, -14.957873
100, -96.086500, 3.527567, -97.995615, -15.132817
101, -94.751302, 3.605200, -87.223683, -14.103999
102, -91.776973, 3.651133, -71.303655, -11.825895
103, -86.352298, 3.783033, -59.271173, -9.816204
104, -78.872141, 3.909767, -46.935240, -7.953333
105, -70.492451, 3.852000, -36.918176, -5.715515
106, -62.183958, 3.542467, -34.051924, -5.131564
107, -54.209451, 3.246333, -32.052018, -5.765041
108, -46.857050, 2.992333, -25.089046, -5.077702
109, -40.356623, 2.729433, -23.600958, -4.971452
110, -34.891524, 2.538133, -25.574319, -5.253760
111, -30.808630, 2.590333, -21.268345, -4.122857
112, -28.004999, 2.730667, -17.962125, -1.851263
113, -26.316333, 2.960367, -19.997967, -2.372653
114, -25.352433, 3.441800, -21.807916, -2.418700
115, -24.778367, 4.174600, -22.842612, -2.545841
116, -24.317233, 5.194600, -18.178478, 1.784456
117, -23.837000, 6.476200, -15.933847, 7.126360
118, -23.252333, 7.876767, -15.309087, 7.170374
119, -22.601067, 9.292167, -15.955774, 6.915132
120, -21.850433, 10.924533, -15.649920, 7.370069
121, -20.929167, 12.875666, -15.779457, 7.713678
122, -20.026033, 15.465697, -14.998894, 11.383667
123, -19.187367, 19.283327, -13.215620, 26.379491
124, -18.543000, 23.828936, -11.556134, 38.804420
125, -18.268200, 28.096235, -11.478836, 40.322128
126, -18.574733, 31.699901, -11.642644, 39.928021
127, -19.247567, 34.634168, -13.286864, 38.681009
128, -19.951367, 36.701767, -15.564012, 35.734689
129, -20.443633, 37.976633, -14.135899, 37.821751
130, -20.653233, 38.882667, -13.180835, 42.232166
131, -20.831967, 39.695967, -13.731865, 42.179878
132, -21.119300, 40.272600, -13.416557, 41.794932
133, -21.645700, 40.773867, -13.862754, 41.646840
134, -22.178900, 41.344667, -14.719239, 41.683395
135, -22.627300, 41.870267, -15.261210, 41.415744
136, -22.914500, 42.288400, -15.788971, 41.473072
137, -23.068900, 42.613733, -15.775667, 41.382867
138, -23.136900, 42.950333, -16.212454, 40.677541
139, -23.273500, 43.380833, -16.366962, 40.736358
140, -23.436933, 43.697167, -16.479585, 41.236707
141, -23.671200, 43.967733, -16.953237, 40.847024
142, -23.925633, 44.197233, -17.371521, 41.037203
143, -24.194133, 44.370133, -17.759552, 41.357318
144, -24.532533, 44.492233, -18.175094, 41.357314
145, -24.868233, 44.601000, -18.397512, 41.268120
146, -25.160933, 44.597667, -18.688145, 41.128153
147, -25.394567, 44.628400, -18.636920, 40.683296
148, -25.605567, 44.680200, -18.461606, 40.244167
149, -25.880400, 44.727600, -18.619471, 40.317856
150, -26.235300, 44.766367, -18.966244, 40.213255
151, -26.657733, 44.811700, -19.281304, 40.159825
152, -27.217333, 44.928067, -20.517945, 42.129155
153, -27.928667, 45.086900, -23.844238, 50.484002
154, -28.637133, 45.256333, -26.173924, 56.327122
155, -29.379933, 45.515067, -26.172522, 55.828973
156, -30.081133, 45.782033, -26.744990, 55.544413
157, -30.694667, 46.046000, -26.852621, 55.590576
158, -31.293000, 46.279100, -27.408401, 55.844360
159, -31.875833, 46.459367, -27.120006, 56.425397
160, -32.435867, 46.613067, -27.201337, 56.644689
161, -32.873133, 46.740467, -26.795970, 56.194287
162, -33.248633, 46.906500, -26.354394, 56.043867
163, -33.581867, 47.118933, -27.116227, 55.881093
164, -33.898533, 47.282900, -26.672378, 56.300235
165, -34.323400, 47.488433, -26.070241, 56.518122
166, -34.806100, 47.693233, -25.921094, 56.624717
167, -35.338267, 47.850067, -26.110252, 56.729344
168, -35.880633, 48.023633, -26.572123, 56.827621
169, -36.406800, 48.217733, -26.138572, 56.921367
170, -36.918700, 48.363300, -26.623240, 56.964044
171, -37.496667, 48.479000, -26.870692, 57.002514
172, -38.029333, 48.569433, -27.384771, 57.032544
173, -38.487733, 48.625100, -26.690702, 57.399492
174, -38.888800, 48.639167, -28.201917, 56.494060
175, -39.238867, 48.637167, -28.802659, 56.471789
176, -39.549133, 48.636000, -28.931865, 56.362724
177, -39.776433, 48.574800, -29.013401, 56.262561
178, -39.974800, 48.488567, -29.156998, 56.096457
179, -40.145133, 48.373067, -29.477695, 55.726423
180, -40.268200, 48.247533, -28.221330, 54.279102
181, -40.370733, 48.059900, -25.658557, 46.136383
182, -40.494233, 47.874300, -27.507693, 42.197071
183, -40.590233, 47.686533, -27.869009, 41.943618
184, -40.614400, 47.477933, -26.848108, 42.387339
185, -40.678033, 47.277267, -27.223354, 42.055629
186, -40.785567, 47.058900, -27.777892, 41.586153
187, -40.928800, 46.841600, -29.764331, 40.382569
188, -41.088933, 46.578333, -36.822325, 34.561295
189, -41.312500, 46.202567, -37.687983, 33.361695
190, -41.670800, 45.689033, -38.856540, 33.259821
191, -42.242333, 45.019433, -41.921080, 30.613308
192, -43.193633, 44.135733, -45.877947, 26.065470
193, -44.654966, 42.967567, -47.833125, 25.065927
194, -46.620199, 41.554900, -50.768791, 24.030490
195, -49.016133, 39.891700, -54.144317, 18.740749
196, -51.806866, 38.019534, -56.041285, 16.451058
197, -54.823033, 36.101100, -57.704358, 15.408762
198, -57.933933, 34.075167, -60.328286, 14.335738
199, -61.103767, 32.045200, -61.287273, 12.711730
200, -64.297733, 30.171900, -63.079684, 11.666764
201, -67.368333, 28.140433, -64.897230, 10.242790
202, -70.315867, 25.886400, -65.537552, 8.802319
203, -73.253633, 23.681433, -66.483576, 7.611639
204, -76.180867, 21.550866, -73.699919, 2.854997
205, -79.088234, 19.439500, -83.274602, -2.387798
206, -81.832334, 17.298033, -84.085487, -4.076675
207, -84.341500, 15.379600, -84.009853, -3.983615
208, -86.714233, 13.718200, -84.869777, -4.834243
209, -88.799733, 12.070300, -85.526372, -4.175293
210, -90.793400, 10.372533, -85.638902, -4.854156
211, -92.905833, 8.739867, -86.433927, -5.648013
212, -95.219433, 7.350867, -94.022643, -12.635201
213, -97.871867, 5.933000, -102.424670, -19.710662
214, -100.656267, 4.259133, -104.205597, -21.467960
215, -103.488434, 2.520134, -104.725884, -22.011092
216, -106.378400, 0.469649, -105.864917, -23.180751
217, -109.402433, -1.982057, -107.070765, -24.048274
218, -112.525634, -4.742159, -108.881031, -24.879146
219, -115.671000, -7.736171, -110.054232, -26.247081
220, -118.879367, -10.671821, -110.975752, -26.666786
221, -121.974900, -13.404877, -112.763025, -27.606624
222, -124.881867, -15.759543, -123.623277, -36.903120
223, -127.523633, -17.824843, -126.743760, -39.281864
224, -129.795500, -19.701427, -126.716729, -39.186646
225, -131.691200, -21.071477, -126.605841, -39.050034
226, -133.202200, -22.469647, -127.031184, -38.845130
227, -134.583267, -23.763607, -126.713387, -39.013766
228, -135.723367, -24.852577, -126.576952, -38.953020
229, -136.613667, -25.921677, -126.888261, -38.621005
230, -137.472233, -26.767123, -127.196441, -38.847351
231, -138.096100, -27.452527, -127.775882, -38.789054
232, -138.618400, -27.798553, -138.020863, -43.615999
233, -139.076967, -27.983570, -141.487535, -44.477391
234, -139.355367, -28.130123, -141.674063, -44.577192
235, -139.574067, -28.131180, -141.758665, -44.433235
236, -139.656100, -28.225450, -141.913114, -44.824790
237, -139.722867, -28.269167, -141.931200, -45.096663
238, -139.758167, -28.324407, -142.199334, -45.023682
239, -139.690167, -28.386743, -142.562636, -45.038754
240, -139.566833, -28.397417, -142.455130, -45.029987
241, -139.434967, -28.376490, -142.724492, -45.506847
242, -139.329367, -28.317463, -142.935740, -45.765555
243, -139.227300, -28.193473, -143.075944, -45.425039
244, -139.227033, -28.045407, -143.314812, -45.672787
245, -139.287267, -27.883463, -143.803448, -45.578255
246, -139.335233, -27.744627, -143.901055, -45.407900
247, -139.386133, -27.632530, -144.073295, -45.122273
248, -139.436700, -27.460427, -144.111195, -44.977607
249, -139.576933, -27.223167, -144.402095, -44.819312
250, -139.959633, -26.721513, -144.718223, -44.523300
251, -141.186565, -25.420265, -151.858485, -38.697318
252, -143.988764, -22.789215, -159.948722, -22.560265
253, -148.347767, -19.905966, -165.301598, -11.839739
254, -152.936270, -17.260460, -172.126696, -5.385514
255, -157.014803, -14.752019, -176.524171, -2.454638
256, -160.300965, -12.408447, -175.842790, -3.591221
257, -162.650568, -10.725546, -175.419463, -4.220811
258, -164.073367, -9.697410, -174.646733, -5.589516
259, -164.537167, -9.060257, -173.606410, -6.473684
260, -164.358067, -8.819669, -172.094147, -7.372548
261, -163.793333, -8.826492, -172.722136, -7.507814
262, -163.238500, -8.771658, -172.961835, -7.361073
263, -162.893967, -8.687071, -172.110918, -7.888405
264, -162.754433, -8.599874, -171.813079, -8.331103
265, -162.675600, -8.434612, -172.657792, -7.668222
266, -162.680400, -8.256930, -172.772956, -8.022870
267, -162.696967, -8.155262, -172.837600, -8.163534
268, -162.562967, -7.965254, -172.730227, -7.974236
269, -162.408533, -7.790377, -172.625262, -8.052586
270, -162.238100, -7.700580, -172.494003, -8.221911
271, -162.061000, -7.582771, -172.385110, -8.244561
272, -161.927533, -7.534934, -172.179777, -8.486567
273, -161.818333, -7.415945, -171.118407, -9.358805
274, -161.750900, -7.270937, -171.441098, -9.291632
275, -161.641800, -7.154499, -171.904282, -8.751758
276, -161.547133, -6.935794, -171.447653, -8.273507
277, -161.377833, -6.768514, -168.507238, -2.057199
278, -161.169200, -6.548948, -168.365643, 0.546526
279, -161.016900, -6.292497, -167.843267, -0.214291
280, -160.841867, -6.096578, -167.674411, -0.367675
281, -160.716733, -5.870576, -167.255493, -0.441931
282, -160.571733, -5.740041, -167.011534, -1.134717
283, -160.369033, -5.633632, -167.017548, -1.219710
284, -160.228867, -5.467629, -166.990530, -1.178097
285, -160.095767, -5.393246, -166.880480, -1.604156
286, -159.949833, -5.303423, -166.819039, -1.697932
287, -159.872367, -5.232080, -166.716928, -2.012320
288, -159.718633, -5.264826, -166.649784, -2.337481
289, -159.600000, -5.203084, -166.367555, -2.395468
290, -159.586167, -5.166441, -166.375756, -2.421108
291, -159.549633, -5.209437, -166.210849, -2.498117
292, -159.500467, -5.207992, -166.296696, -2.538661
293, -159.396100, -5.255137, -166.138340, -2.626232
294, -159.313100, -5.281179, -166.968635, -2.793503
295, -159.223167, -5.240550, -171.030872, -1.966992
296, -159.069367, -5.235845, -170.943896, -1.908100
297, -158.975833, -5.190710, -170.589068, -2.117409
298, -158.865900, -5.190388, -170.385057, -2.267299
299, -158.751433, -5.146703, -170.286760, -2.486363
300, -158.658200, -5.098698, -170.193629, -2.646954
301, -158.551633, -5.123931, -170.256715, -2.993384
302, -158.448633, -5.108791, -170.234809, -3.108201
303, -158.326333, -5.101915, -170.393558, -3.351695
304, -158.204400, -5.095280, -170.343837, -3.692619
305, -157.987567, -4.938759, -170.130398, -3.797103
306, -157.466700, -4.543966, -169.937569, -3.972573
307, -156.367900, -3.685879, -162.277645, -2.892628
308, -154.296136, -2.373263, -152.515932, 0.187090
309, -151.093603, -0.964826, -144.413840, 1.191247
310, -147.050672, 0.050490, -135.535970, 0.440385
311, -142.307770, 0.500867, -128.118634, -0.434082
312, -137.149167, 0.659067, -118.026462, 0.203190
313, -131.417034, 0.979633, -108.177831, 0.789557
314, -125.113372, 1.412467, -97.410143, 2.009037
315, -118.523836, 2.090467, -94.473697, 1.957477
316, -111.835901, 2.745700, -95.887320, 1.250779
317, -105.261296, 3.546533, -89.586546, 1.456902
318, -99.109864, 4.630267, -74.882579, 3.000853
319, -93.244395, 5.672367, -64.551112, 2.406991
320, -87.923566, 6.467200, -63.581267, 1.535616
321, -83.141966, 7.094633, -65.782930, 0.091563
322, -78.855630, 7.849633, -65.145566, 0.882509
323, -75.058399, 8.544700, -65.692654, 0.381831
324, -71.415666, 9.032467, -65.903191, 0.452320
325, -68.492832, 9.218233, -65.786264, 0.704080
326, -65.962333, 9.480000, -63.673581, 0.512477
327, -63.623400, 9.900967, -50.690373, -1.092758
328, -61.456567, 10.177900, -48.848691, -1.050055
329, -59.349733, 10.283733, -49.196397, -0.906817
330, -57.431101, 10.408233, -48.989503, -0.428410
331, -55.321666, 10.569233, -49.107522, -0.671369
332, -53.376600, 10.672967, -48.945154, -0.514128
333, -51.478767, 10.674333, -43.121659, -0.786303
334, -49.662933, 10.578500, -32.517933, -1.679707
335, -47.849200, 10.527733, -32.052572, -1.999891
336, -45.966267, 10.384100, -32.087827, -1.887304
337, -44.166433, 10.162633, -31.773623, -2.189016
338, -42.368900, 9.791267, -31.313433, -2.703744
339, -40.751733, 9.436300, -31.236446, -2.462071
340, -39.160833, 9.023600, -29.507234, -2.769032
341, -37.687833, 8.584467, -20.409429, -2.641131
342, -36.054500, 8.143800, -19.256618, -2.861437
343, -34.396300, 7.523800, -18.730180, -3.714195
344, -32.669200, 6.852300, -18.004688, -3.618122
345, -30.803433, 5.909733, -18.060834, -4.201254
346, -28.824967, 4.720867, -17.189425, -4.647052
347, -26.815233, 3.186700, -16.286967, -5.764744
348, -24.845800, 1.272500, -8.488946, -13.465556
349, -23.024866, -0.765345, -5.826092, -19.439544
350, -21.581700, -2.618459, -4.770192, -19.697642
351, -20.522200, -4.173663, -5.250399, -19.400235
352, -19.702367, -5.462180, -5.506027, -19.834956
353, -19.206633, -6.452152, -6.254086, -19.733726
354, -18.915700, -7.104341, -6.553979, -19.696100
355, -18.739800, -7.657769, -7.012532, -19.736154
356, -18.654967, -8.101806, -7.171899, -19.850188
357, -18.705067, -8.291138, -7.318316, -19.808606
358, -18.832167, -8.525796, -7.329533, -20.065343
359, -18.982067, -8.741141, -7.485525, -20.171020
360, -19.246367, -8.885837, -7.761045, -20.168876
361, -19.456567, -9.023058, -7.749462, -20.291411
362, -19.602833, -9.158297, -7.747966, -20.313048
363, -19.705433, -9.316359, -7.582468, -20.402529
364, -19.713533, -9.487090, -7.559380, -20.566058
365, -19.619567, -9.627376, -7.321914, -20.583501
366, -19.491533, -9.804548, -7.089826, -20.702392
367, -19.385133, -9.987403, -6.987496, -20.795559
368, -19.328733, -10.113497, -6.962522, -20.853322
369, -19.310767, -10.230400, -7.011977, -20.812902
370, -19.364533, -10.354853, -7.120462, -20.820595
371, -19.419300, -10.449143, -7.177176, -20.847745
372, -19.492267, -10.557547, -7.230310, -20.967996
373, -19.560867, -10.611087, -7.261225, -21.017417
374, -19.641600, -10.652013, -7.320753, -21.069647
375, -19.744767, -10.667090, -7.429419, -21.129550
376, -19.819433, -10.688653, -7.479061, -21.162746
377, -19.899533, -10.704263, -7.599211, -21.297491
378, -19.939933, -10.747317, -7.552061, -21.458462
379, -19.987067, -10.790590, -7.537213, -21.528293
380, -20.041733, -10.844993, -7.578410, -21.616581
381, -20.099133, -10.951127, -7.617559, -21.682755
382, -20.165367, -11.029550, -7.578154, -21.747096
383, -20.222300, -11.088350, -7.666028, -21.810865
384, -20.293500, -11.139620, -7.720911, -21.712760
385, -20.340800, -11.184287, -7.758448, -21.683252
386, -20.395533, -11.244717, -7.841527, -21.629093
387, -20.473967, -11.295410, -7.970122, -21.734204
388, -20.551867, -11.353193, -8.209733, -21.651212
389, -20.654200, -11.411363, -8.446679, -21.514293
390, -20.779833, -11.455463, -8.558177, -21.518307
391, -20.844567, -11.489440, -8.619264, -21.347870
392, -20.895767, -11.588820, -8.769335, -21.513268
393, -20.941167, -11.639323, -8.759517, -21.570415
394, -20.919067, -11.665563, -8.646232, -21.538376
395, -20.920233, -11.752960, -8.563917, -21.700964
396, -20.957733, -11.801010, -8.602972, -21.817831
397, -20.954833, -11.840480, -8.568168, -21.891403
398, -20.983533, -11.904700, -8.671943, -21.930313
399, -21.026167, -11.927230, -8.737517, -21.933932
400, -21.081267, -11.934240, -8.788152, -21.940435
401, -21.142900, -11.959273, -8.865391, -21.950095
402, -21.194833, -11.929610, -8.881831, -21.853730
403, -21.256200, -11.931807, -8.920668, -21.852039
404, -21.319300, -11.965107, -8.984309, -21.853713
405, -21.403500, -11.920617, -9.073510, -21.764009
406, -21.471333, -11.887263, -9.121681, -21.715057
407, -21.535233, -11.851400, -9.182179, -21.690478
408, -21.595267, -11.798097, -9.181993, -21.634414
409, -21.685533, -11.756123, -9.295343, -21.645931
410, -21.766567, -11.661790, -9.348820, -21.569015
411, -21.831933, -11.625480, -9.450156, -21.586494
412, -21.896633, -11.580947, -9.562037, -21.653569
413, -21.946167, -11.524027, -9.608091, -21.615365
414, -21.978267, -11.496987, -9.638567, -21.639677
415, -21.993167, -11.467493, -9.719059, -21.616074
416, -21.993733, -11.425193, -9.707108, -21.577455
417, -22.014633, -11.370230, -9.735704, -21.518867
418, -22.082367, -11.289197, -9.863627, -21.404514
419, -22.156300, -11.192010, -9.818629, -21.294331
420, -22.277800, -11.060383, -9.986643, -21.187885
421, -22.420967, -10.880820, -10.994097, -20.421006
422, -22.598600, -10.667940, -15.360097, -15.033758
423, -22.828100, -10.325343, -17.578956, -10.319096
424, -23.119900, -9.940588, -17.676698, -8.995962
425, -23.400600, -9.522570, -17.855160, -8.824830
426, -23.637900, -9.178085, -17.912728, -8.623023
427, -23.875267, -8.866954, -18.105503, -8.253397
428, -24.082233, -8.544809, -18.274179, -8.659072
429, -24.266433, -8.288377, -18.503510, -8.744942
430, -24.432267, -8.052875, -18.550593, -8.647363
431, -24.565267, -7.884662, -18.623716, -8.787482
432, -24.686100, -7.769943, -18.633502, -8.782786
433, -24.806400, -7.619082, -18.643623, -8.815641
434, -24.930700, -7.471535, -18.695140, -8.885731
435, -25.051767, -7.279677, -18.817925, -8.658779
436, -25.178867, -7.005234, -18.874893, -8.441977
437, -25.360633, -6.641318, -18.952515, -8.197046
438, -25.557333, -6.016909, -21.383064, -4.826071
439, -25.848133, -4.991717, -23.558073, -1.176172
440, -26.245867, -3.621718, -23.870927, 0.645433
441, -26.760100, -1.993048, -24.432871, 1.917459
442, -27.250200, -0.178555, -24.903211, 2.916748
443, -27.740533, 2.073567, -24.959691, 3.111608
444, -28.170250, 4.225700, -24.750752, 3.885018
445, -28.777667, 7.345233, -25.514946, 11.015054
446, -29.571733, 10.050868, -26.986165, 16.576529
447, -30.892367, 12.108400, -30.423010, 20.543264
448, -32.540000, 13.568066, -33.441238, 22.771177
449, -34.064867, 15.209067, -34.473634, 24.538546
450, -35.432333, 16.812467, -33.294508, 23.250829
451, -36.797233, 18.225833, -38.419534, 26.749903
452, -38.030767, 19.486267, -41.196912, 28.864287
453, -39.337267, 20.855433, -42.356022, 30.393120
454, -40.473300, 22.128700, -43.984393, 33.345031
455, -41.378733, 23.261633, -45.090056, 35.569527
456, -42.272533, 24.357200, -45.055336, 34.900959
457, -43.014133, 25.296933, -44.149097, 33.716152
458, -43.776033, 26.116733, -43.899964, 33.724223
459, -44.428500, 26.818100, -43.216478, 33.294212
460, -44.856800, 27.391167, -36.738743, 36.497837
461, -45.159067, 27.896000, -31.049568, 39.225493
462, -45.316700, 28.389167, -30.359641, 39.354387
463, -45.385500, 28.748700, -29.426164, 39.090400
464, -45.454800, 28.994267, -29.829193, 39.082442
465, -45.504067, 29.240933, -30.157492, 38.955836
466, -45.615067, 29.443800, -30.397864, 38.928846
467, -45.713033, 29.629200, -30.516516, 38.894154
468, -45.751300, 29.816800, -30.442519, 38.870057
469, -45.790167, 29.941467, -30.642161, 38.853068
470, -45.901100, 30.049900, -39.287823, 39.247230
471, -46.051167, 30.121667, -48.121691, 37.753462
472, -46.254933, 30.192400, -49.214438, 37.696653
473, -46.429300, 30.259133, -49.063799, 37.641377
474, -46.554267, 30.318100, -48.770179, 37.420022
475, -46.653733, 30.363667, -48.695717, 37.195145
476, -46.742800, 30.398267, -48.894886, 37.151447
477, -46.865833, 30.370800, -48.570552, 37.138664
478, -46.980167, 30.326967, -48.381594, 37.089246
479, -47.001400, 30.291533, -48.389232, 37.179171
480, -47.038900, 30.262867, -48.619777, 37.239993
481, -47.082733, 30.238600, -48.541888, 37.309734
482, -47.108667, 30.199833, -48.492633, 37.323037
483, -47.181900, 30.168833, -48.177296, 37.542414
484, -47.287133, 30.149900, -48.047351, 37.636227
485, -47.367700, 30.087967, -47.900932, 37.714342
486, -47.440467, 30.058400, -50.013380, 34.922944
487, -47.518733, 29.982767, -54.550950, 26.839025
488, -47.611000, 29.894833, -54.437067, 25.896108
489, -47.688467, 29.829567, -54.932459, 26.313509
490, -47.782167, 29.763300, -54.761293, 26.202556
491, -47.898467, 29.715467, -54.850880, 26.344443
492, -48.026200, 29.685933, -54.850985, 26.385278
493, -48.205900, 29.611200, -58.610509, 23.751616
494, -48.375567, 29.519300, -58.490814, 23.448363
495, -48.544800, 29.411300, -58.129680, 23.197516
496, -48.724900, 29.303150, -59.101821, 23.155215
497, -48.931033, 29.205033, -59.751381, 23.614278
498, -49.142167, 29.112900, -59.602376, 23.450521
499, -49.363667, 29.002533, -58.458059, 23.331375
500, -49.574867, 28.923367, -57.960506, 23.845754
501, -49.808967, 28.860667, -57.428471, 23.910530
502, -49.964233, 28.742933, -57.769835, 23.994069
503, -50.213133, 28.581667, -58.107112, 24.070559
504, -50.503067, 28.481000, -58.007078, 24.161270
505, -50.738267, 28.357300, -57.379684, 24.159001
506, -50.999500, 28.216067, -57.169902, 24.085327
507, -51.222667, 28.119300, -56.590390, 24.212224
508, -51.402100, 28.030033, -55.718027, 24.051458
509, -51.626400, 27.940133, -55.997342, 24.034882
510, -51.789200, 27.852967, -56.427384, 24.321649
511, -51.910900, 27.750100, -56.202394, 24.292489
512, -52.054933, 27.651233, -55.661267, 24.227612
513, -52.171333, 27.562400, -55.561784, 24.577479
514, -52.263267, 27.453767, -55.470101, 24.775094
515, -52.389233, 27.347633, -54.763520, 24.855107
516, -52.462767, 27.292833, -53.979666, 24.795263
517, -52.521067, 27.225033, -54.061182, 24.995570
518, -52.643467, 27.145433, -54.160080, 25.160530
519, -52.756833, 27.063600, -53.934863, 25.402303
520, -52.844200, 26.964800, -53.882623, 25.301083
521, -52.960733, 26.842600, -52.983436, 18.100249
522, -53.074967, 26.686867, -52.432552, 13.869490
523, -53.168300, 26.499433, -52.138739, 13.433004
524, -53.274033, 26.328167, -52.251449, 13.406364
525, -53.344400, 26.118567, -52.084943, 13.022852
526, -53.445333, 25.884133, -54.021141, 8.950149
527, -53.580633, 25.681733, -53.851050, 8.067111
528, -53.731733, 25.392300, -53.816186, 8.437966
529, -53.919133, 25.006800, -53.344251, 8.993117
530, -54.106467, 24.710267, -52.923481, 8.770440
531, -54.317133, 24.363367, -52.976542, 9.038759
532, -54.522567, 24.102367, -53.123562, 9.431669
533, -54.667233, 23.875600, -52.529725, 9.783966
534, -54.813767, 23.552233, -52.174194, 10.311664
535, -54.984267, 23.313467, -51.949409, 10.400152
536, -55.116333, 23.091767, -51.661748, 10.184966
537, -55.259967, 22.825167, -52.063370, 10.352533
538, -55.472433, 22.625667, -57.104624, 8.713925
539, -55.777000, 22.407400, -61.590720, 7.364160
540, -56.147400, 22.098233, -61.874151, 7.656180
541, -56.581933, 21.793467, -61.536866, 7.731284
542, -57.106367, 21.503000, -62.103045, 7.765301
543, -57.653767, 21.171100, -62.511951, 7.871996
544, -58.264667, 20.758700, -62.241489, 8.280709
545, -58.788867, 20.401933, -62.199728, 8.457016
546, -59.308933, 20.092500, -62.973979, 8.105936
547, -59.990600, 19.701833, -69.115633, 5.762891
548, -60.735133, 19.263867, -71.735761, 4.973860
549, -61.457000, 18.894200, -72.128389, 6.492566
550, -62.276300, 18.468300, -72.343051, 6.396669
551, -63.076433, 18.065467, -71.173864, 5.820068
552, -63.761400, 17.740767, -71.286877, 6.176747
553, -64.404533, 17.457200, -72.054769, 6.971857
554, -64.873167, 17.229833, -70.723873, 6.734498
555, -65.235533, 16.998267, -70.864869, 6.851188
556, -65.601500, 16.820400, -71.627007, 7.256397
557, -65.838867, 16.752200, -71.817517, 7.616593
558, -66.000900, 16.655633, -71.506127, 7.926376
559, -66.117700, 16.574300, -71.026670, 8.047774
560, -66.175733, 16.559333, -70.743718, 8.531885
561, -66.243400, 16.525000, -64.368599, 7.648003
562, -66.272167, 16.462933, -60.213240, 4.940577
563, -66.282800, 16.427833, -59.775884, 4.560197
564, -66.325433, 16.410067, -59.149916, 4.271707
565, -66.324867, 16.401800, -59.252768, 4.544689
566, -66.317933, 16.400567, -59.162342, 4.891345
567, -66.300233, 16.388500, -58.926187, 5.429198
568, -66.266800, 16.395733, -59.008699, 5.942083
569, -66.226100, 16.424933, -59.234281, 6.484429
570, -66.184767, 16.442833, -59.170498, 6.680600
571, -66.154133, 16.475967, -59.308383, 6.857298
572, -66.145433, 16.527400, -59.498130, 7.403450
573, -66.145767, 16.545100, -59.544618, 7.791726
574, -66.141167, 16.564033, -59.546019, 8.081105
575, -66.157100, 16.572800, -59.559889, 8.273862
576, -66.173300, 16.574333, -59.809775, 9.171046
577, -66.140767, 16.557167, -59.843894, 9.670158
578, -66.092533, 16.552600, -59.719551, 10.357035
579, -66.039667, 16.539533, -59.866167, 11.098276
580, -65.973033, 16.568133, -59.993717, 11.529511
581, -65.930467, 16.588333, -60.006420, 11.953137
582, -65.926100, 16.607767, -60.231833, 12.159213
583, -65.891333, 16.595133, -60.365956, 12.506011
584, -65.891533, 16.598167, -60.635614, 13.071726
585, -65.906767, 16.576133, -60.858957, 13.658983
586, -65.905867, 16.571100, -60.928683, 14.375680
587, -65.906167, 16.582500, -61.075642, 14.806052
588, -65.892800, 16.570967, -61.139092, 15.196425
589, -65.894067, 16.534333, -61.116655, 15.641676
590, -65.883667, 16.513500, -60.959418, 15.059942
591, -65.828500, 16.475800, -58.724343, 11.769884
592, -65.772333, 16.417067, -55.465283, 7.148462
593, -65.709500, 16.328567, -53.618058, 4.060758
594, -65.635333, 16.236867, -52.436857, 1.755022
595, -65.574000, 16.157600, -52.589707, 1.564348
596, -65.513467, 16.058433, -52.759182, 2.110554
597, -65.451233, 15.922300, -52.510226, 2.272923
598, -65.399367, 15.802567, -52.577231, 2.417189
599, -65.343667, 15.636567, -52.515588, 2.548116
600, -65.287500, 15.470500, -52.686964, 2.375624
