1, 124.441490, -2.584412, 122.236289, -7.343572
2, 124.441490, -2.584412, 122.236289, -7.343572
3, 124.441490, -2.584412, 122.236289, -7.343572
4, 123.660780, -2.749883, 121.070545, -7.076572
5, 122.546913, -2.894893, 119.919121, -7.199022
6, 121.865403, -2.960193, 120.452327, -7.542278
7, 121.085103, -3.040707, 121.000669, -7.763634
8, 120.170317, -3.069564, 121.284138, -8.236265
9, 120.170317, -3.069564, 121.284138, -8.236265
10, 118.518550, -3.032700, 120.652616, -7.853001
11, 116.634810, -3.008174, 120.198705, -8.194322
12, 115.171917, -2.966815, 119.438163, -8.325693
13, 113.590047, -2.962561, 117.862919, -8.316249
14, 111.868483, -2.971896, 115.052009, -10.243892
15, 110.150813, -3.001314, 103.266944, -19.224816
16, 108.143713, -3.014520, 101.669568, -20.391923
17, 105.993323, -3.080511, 100.343845, -20.429287
18, 104.329720, -3.096649, 100.544722, -20.300615
19, 102.633263, -3.137562, 101.256693, -19.901200
20, 100.164428, -3.151347, 101.224648, -19.143279
21, 97.818356, -3.162944, 101.453415, -18.934878
22, 96.247232, -3.159214, 100.757326, -19.433718
23, 94.763522, -3.170598, 100.835240, -19.406430
24, 92.745903, -3.215974, 100.799867, -19.436917
25, 90.809096, -3.286328, 100.336691, -19.743308
26, 89.449300, -3.291188, 94.271359, -18.902199
27, 88.122800, -3.308240, 85.351542, -17.547062
28, 86.292325, -3.343040, 82.761319, -17.313954
29, 84.472333, -3.362444, 82.718429, -17.267324
30, 83.156600, -3.440955, 82.327122, -17.050334
31, 81.909267, -3.578219, 82.242993, -16.658819
32, 80.520833, -3.735189, 82.348016, -16.559974
33, 79.267500, -3.925022, 82.877106, -16.720763
34, 78.194767, -4.211179, 83.153520, -16.940249
35, 77.391167, -4.595755, 83.338228, -17.414914
36, 76.762100, -4.979824, 83.586541, -17.492951
37, 76.282500, -5.385369, 83.930212, -17.323406
38, 75.986100, -5.755124, 83.990849, -17.593552
39, 75.820800, -6.347921, 84.097852, -18.028599
40, 75.883333, -7.280598, 84.066636, -18.788184
41, 76.409200, -8.407084, 84.629096, -19.764397
42, 77.574366, -9.942095, 85.776147, -20.706608
43, 79.132867, -11.760207, 86.447189, -20.257180
44, 80.663333, -13.322813, 90.166918, -26.032095
45, 82.352033, -14.617430, 96.868251, -31.519316
46, 84.383765, -16.033442, 101.420873, -33.159848
47, 86.615233, -17.174340, 102.583207, -33.238666
48, 89.063801, -18.152124, 102.784571, -33.402305
49, 91.491326, -18.723137, 102.821244, -32.994413
50, 93.751091, -19.155217, 102.871996, -32.797323
51, 95.762206, -19.526210, 102.333706, -32.207248
52, 97.430264, -19.841527, 102.713783, -32.283411
53, 98.874854, -20.125500, 105.174431, -32.466464
54, 100.174520, -20.342680, 119.900470, -32.636648
55, 101.441610, -20.483430, 122.130031, -32.784651
56, 102.704770, -20.563030, 122.980575, -32.798920
57, 103.995927, -20.466697, 123.997826, -32.732943
58, 105.289393, -20.250847, 123.918682, -32.491174
59, 106.547110, -20.010850, 122.657823, -32.326989
60, 107.870033, -19.787000, 122.796653, -32.336540
61, 109.273520, -19.581290, 122.656749, -32.479123
62, 110.795247, -19.442270, 122.846211, -32.396149
63, 112.353707, -19.393000, 123.108106, -32.488098
64, 113.962483, -19.399693, 123.633461, -32.387199
65, 115.614863, -19.423090, 125.003461, -32.399560
66, 117.252250, -19.519930, 126.554799, -32.525692
67, 118.947220, -19.520677, 141.184572, -29.769443
68, 120.734643, -19.537307, 144.341637, -28.865640
69, 122.419377, -19.565337, 144.629271, -29.197097
70, 124.072887, -19.597537, 146.238485, -29.241709
71, 125.720780, -19.621027, 144.474624, -29.341499
72, 127.385847, -19.597887, 144.129142, -29.168235
73, 128.934607, -19.593197, 144.013368, -29.289362
74, 130.356967, -19.591697, 143.462194, -29.241008
75, 131.757050, -19.611780, 151.551074, -27.214606
76, 133.208520, -19.629197, 156.702697, -25.656604
77, 134.730797, -19.629653, 156.529389, -25.481844
78, 136.309440, -19.545160, 156.306039, -25.536541
79, 137.922047, -19.416863, 156.233780, -25.502348
80, 139.570233, -19.258543, 161.720149, -23.867873
81, 141.304170, -19.075117, 164.531365, -23.130662
82, 143.032520, -18.947047, 164.276904, -23.164598
83, 144.815030, -18.670407, 163.889546, -23.076299
84, 146.710497, -18.354570, 164.656913, -22.521937
85, 148.619943, -18.006343, 164.860603, -22.421203
86, 150.535690, -17.648903, 170.874476, -21.279038
87, 152.468310, -17.236080, 173.588188, -20.590326
88, 154.380970, -16.778670, 173.211720, -20.683924
89, 156.246607, -16.431897, 173.055742, -20.401863
90, 157.990944, -16.050117, 173.557912, -20.318585
91, 159.637590, -15.892690, 173.157163, -20.388092
92, 161.325100, -15.663493, 173.578607, -20.546383
93, 163.085607, -15.304430, 175.079557, -20.204232
94, 164.789053, -15.010490, 177.355650, -19.570008
95, 166.263797, -14.776087, -174.712355, -17.674835
96, 168.054855, -14.443212, -175.032645, -17.486520
97, 169.595890, -14.207925, -173.815351, -17.176483
98, 170.631630, -13.998897, -173.102997, -13.964464
99, 171.588163, -13.775750, -170.916270, -3.975219
100, 172.582080, -13.417657, -172.133037, -0.015012
101, 173.844834, -12.975193, -172.088125, 0.847586
102, 174.949365, -12.550285, -170.956990, 1.235083
103, 176.506928, -11.727429, -173.643197, -5.029354
104, 177.916403, -11.054750, -174.210382, -13.693316
105, 178.901457, -10.624627, -172.831377, -10.779157
106, 179.756097, -10.261083, -176.062462, -8.490301
107, -179.636350, -9.663670, -178.589172, -1.124796
108, -179.445193, -8.876407, 178.325201, -1.618472
109, -179.429450, -8.274141, -177.741632, 0.044756
110, -179.519050, -7.917368, -175.259974, 3.445994
111, -179.991390, -7.741596, -176.025504, 3.530210
112, 179.276630, -7.464987, -176.623522, 3.758833
113, 178.249267, -7.416371, -177.952840, -15.067412
114, 177.700337, -7.479927, -177.683303, -17.769245
115, 177.355240, -7.448222, -177.127340, -17.289378
116, 176.941653, -7.335220, -177.456203, -17.245477
117, 176.692360, -7.343089, -176.772131, -17.563841
118, 176.659365, -7.425171, -176.268495, -17.757250
119, 176.546190, -7.496401, -175.208736, -21.790637
120, 176.639720, -7.561120, -173.335129, -29.955554
121, 176.896557, -7.534604, -171.457730, -31.931335
122, 177.030367, -7.655219, -172.741851, -31.267888
123, 177.167150, -7.759411, -172.166331, -31.955991
124, 177.074170, -7.662968, -173.327881, -31.291090
125, 176.945977, -7.554427, -173.089537, -31.762431
126, 176.868520, -7.548514, -171.763542, -32.076879
127, 176.829327, -7.485677, -171.304479, -32.044498
128, 176.875050, -7.468640, -171.551045, -31.625557
129, 176.975543, -7.384042, -172.075848, -31.456449
130, 177.053470, -7.345091, -172.446681, -31.580686
131, 177.248870, -7.365074, -172.123358, -31.297698
132, 177.398830, -7.422189, -172.460517, -31.809268
133, 177.476867, -7.477991, -172.588543, -32.084732
134, 177.466230, -7.701431, -175.923532, -33.536722
135, 177.379507, -7.914098, -176.673533, -33.114103
136, 177.177667, -8.025135, -176.790250, -32.633401
137, 176.988547, -8.069322, -176.999129, -32.317989
138, 176.869550, -8.029820, -177.197306, -32.282192
139, 176.828637, -8.073658, -176.480734, -33.008572
140, 176.803073, -8.123290, -177.496208, -32.977988
141, 176.745970, -8.128692, -176.449060, -32.792195
142, 176.676793, -8.188081, -177.996596, -33.022777
143, 176.589413, -8.238043, -178.717992, -32.942479
144, 176.547747, -8.298136, -177.845768, -32.659131
145, 176.529417, -8.363908, -178.625464, -32.561799
146, 176.484213, -8.404556, -178.506657, -32.529219
147, 176.434970, -8.417579, -178.419299, -32.599184
148, 176.405447, -8.495166, -178.438460, -32.549834
149, 176.375543, -8.602498, -178.535328, -32.609861
150, 176.375530, -8.787722, -178.656893, -32.565388
151, 176.280980, -8.973186, -178.563788, -32.548352
152, 176.090190, -9.026807, -178.568925, -32.733824
153, 175.855497, -9.061407, -178.532372, -32.934861
154, 175.736035, -9.037015, -178.682755, -32.753502
155, 175.758325, -8.987502, -178.573015, -32.831095
156, 175.826023, -9.018158, -178.440704, -32.857915
157, 175.875920, -9.090390, -178.346168, -33.397221
158, 175.894973, -9.156536, -178.500511, -33.192840
159, 175.883783, -9.196458, -178.456024, -33.363392
160, 175.888103, -9.254360, -178.545000, -33.075382
161, 175.868107, -9.363240, -178.511518, -33.290893
162, 175.766265, -9.432388, -178.588545, -33.255323
163, 175.553130, -9.515326, -178.635952, -33.251960
164, 175.154247, -9.587856, -178.945884, -33.345359
165, 174.703940, -9.531850, -179.409940, -33.283066
166, 174.259790, -9.449135, -178.264132, -32.707168
167, 173.776247, -9.321430, -177.367334, -32.943000
168, 173.292590, -9.226268, -177.511334, -33.257590
169, 172.543733, -9.208209, -176.613828, -32.299416
170, 171.815723, -9.243699, -176.061452, -32.059854
171, 170.999287, -9.290392, -176.090962, -31.987017
172, 170.089450, -9.321403, 178.845591, -32.133811
173, 169.068573, -9.327240, 166.854583, -32.223392
174, 167.948037, -9.305541, 162.330911, -29.408845
175, 166.730627, -9.291752, 161.467235, -31.170856
176, 165.420297, -9.279990, 160.975145, -32.794413
177, 164.072947, -9.242516, 162.061483, -32.430871
178, 162.613093, -9.166854, 164.949820, -32.195705
179, 161.071200, -9.093158, 166.484003, -31.637024
180, 159.505307, -9.037865, 165.598383, -32.681275
181, 157.963237, -8.960203, 164.788069, -33.153141
182, 156.678480, -8.898243, 165.299407, -32.613853
183, 155.165258, -8.822579, 164.710585, -32.370286
184, 153.402187, -8.787262, 163.390777, -31.970165
185, 151.976467, -8.819602, 162.305333, -32.104782
186, 150.784295, -8.834715, 165.690588, -31.559289
187, 149.554240, -8.804083, 162.755932, -33.325926
188, 147.986053, -8.727645, 147.529992, -33.482925
189, 146.249140, -8.588111, 134.610914, -32.199780
190, 144.389573, -8.421131, 137.865938, -31.232472
191, 142.363230, -8.303936, 134.294030, -31.449443
192, 140.051937, -7.939537, 130.326916, -29.790518
193, 137.386417, -7.522778, 131.383421, -31.068501
194, 134.431616, -7.230597, 131.860793, -31.051772
195, 131.355320, -6.805620, 131.891664, -30.162712
196, 128.208377, -6.387410, 128.543948, -29.778675
197, 124.954127, -5.919234, 125.064065, -29.373939
198, 121.583454, -5.517142, 117.249264, -29.586817
199, 118.155668, -5.181505, 119.429276, -29.793878
200, 114.795140, -4.751273, 118.722345, -30.250975
201, 111.532540, -4.407657, 115.716495, -30.149828
202, 108.643496, -4.190940, 114.881447, -30.082402
203, 106.301229, -4.047254, 115.574787, -30.321192
204, 104.484737, -3.889255, 117.592818, -30.782656
205, 103.226173, -3.756255, 101.138255, -30.034213
206, 102.402670, -3.692811, 89.885893, -30.096701
207, 101.147020, -3.696224, 91.459733, -30.636697
208, 99.710736, -3.828360, 90.869712, -30.427113
209, 98.061530, -4.061445, 88.230977, -30.709615
210, 96.041253, -4.128497, 83.569426, -23.033217
211, 93.856664, -4.107863, 82.251122, -28.175328
212, 91.663543, -4.077897, 84.729328, -20.174240
213, 89.537348, -4.046323, 85.246774, -21.254469
214, 87.537167, -4.098141, 77.901444, -17.118823
215, 85.656900, -4.022838, 70.211245, -15.827560
216, 83.812533, -3.862514, 69.871669, -16.676383
217, 81.973867, -3.768697, 69.075781, -13.615413
218, 80.238233, -3.643026, 68.556530, -11.866840
219, 78.462234, -3.435787, 68.903254, -11.643092
220, 76.458500, -3.190351, 68.541541, -11.441081
221, 74.166434, -2.878201, 68.416302, -11.335395
222, 71.642166, -2.526305, 68.080238, -11.502331
223, 69.150533, -2.190141, 66.795450, -11.097817
224, 67.174600, -2.013256, 56.959559, -10.742976
225, 65.375200, -1.852944, 51.240689, -9.701582
226, 63.489967, -1.646564, 51.132372, -9.205915
227, 61.824167, -1.704971, 51.199485, -10.185645
228, 60.478900, -1.717193, 51.049123, -10.910950
229, 59.398900, -1.752938, 51.885945, -11.034196
230, 58.393267, -1.800444, 51.605832, -11.168230
231, 57.429533, -1.854150, 50.818501, -11.365600
232, 56.396675, -1.842438, 52.502686, -10.036958
233, 55.254600, -1.844273, 48.589682, -11.287141
234, 54.079033, -1.925722, 40.954455, -13.399668
235, 53.043600, -2.009531, 40.440529, -13.797662
236, 51.856899, -2.430222, 40.517202, -13.501588
237, 50.857200, -2.274103, 40.732494, -12.940837
238, 50.064400, -2.052627, 40.894489, -13.017529
239, 49.111700, -2.222790, 41.114015, -13.067242
240, 48.367700, -2.010263, 41.285690, -12.955799
241, 47.572667, -1.658676, 40.235757, -13.262424
242, 46.636800, -1.358094, 38.266168, -14.295947
243, 45.559300, -1.207970, 38.184553, -14.770362
244, 44.543433, -0.858816, 37.663938, -14.861035
245, 43.689433, -0.282399, 37.758346, -14.536190
246, 42.752100, -0.277937, 37.467550, -14.808391
247, 41.813767, -0.221406, 37.551507, -14.812905
248, 40.998933, -0.023940, 36.936703, -14.302681
249, 40.212400, 0.189700, 35.227290, -11.385279
250, 39.690600, 0.475233, 34.506054, -9.534373
251, 39.368067, 0.674133, 34.948359, -9.312480
252, 38.881700, 0.891367, 34.668705, -9.753953
253, 38.419333, 0.927600, 35.034537, -9.522425
254, 38.050233, 0.745167, 35.026243, -9.827478
255, 37.798567, 0.489300, 34.912958, -10.341936
256, 37.451733, 0.156767, 34.607488, -10.315518
257, 37.097567, -0.148924, 34.745419, -10.058202
258, 36.841533, -0.364899, 34.446347, -10.308359
259, 36.688400, -0.493660, 34.537596, -10.534785
260, 36.623900, -0.667679, 33.328079, -9.881655
261, 36.499967, -0.938083, 27.523907, -9.513948
262, 36.334300, -1.084335, 28.086238, -9.332832
263, 36.082333, -1.202787, 27.595488, -9.789833
264, 35.754567, -1.278321, 27.678744, -9.730794
265, 35.377233, -1.345131, 27.176345, -9.466123
266, 34.883733, -1.431189, 27.351890, -9.445847
267, 34.398267, -1.431414, 27.262619, -9.569454
268, 33.926400, -1.462487, 27.639990, -9.711211
269, 33.429967, -1.572535, 27.332541, -9.655543
270, 32.886533, -1.651908, 27.552760, -10.081264
271, 32.323533, -1.706687, 28.958593, -10.044625
272, 31.720133, -1.852965, 29.822997, -9.932030
273, 31.139800, -2.015508, 30.515664, -9.679127
274, 30.703167, -2.154469, 30.105784, -10.135798
275, 30.403750, -2.272696, 30.040112, -9.832515
276, 29.993150, -2.480504, 30.852205, -9.938119
277, 29.582733, -2.539094, 30.676565, -10.155807
278, 29.098300, -2.625064, 30.267586, -10.126898
279, 28.404600, -2.621838, 30.602969, -10.006750
280, 27.542767, -2.535260, 29.090895, -10.197405
281, 26.742333, -2.565491, 28.492363, -10.445045
282, 25.969967, -2.570504, 28.979738, -10.390220
283, 25.148900, -2.562349, 22.233732, -10.786380
284, 24.280400, -2.537601, 18.372609, -11.544867
285, 23.276500, -2.409686, 15.797881, -10.974271
286, 22.199200, -2.338574, 15.863627, -11.415460
287, 21.173800, -2.129368, 15.474217, -11.016068
288, 20.096233, -1.910329, 15.294757, -10.841266
289, 18.967833, -1.784753, 14.867262, -11.001386
290, 17.819667, -1.561940, 15.114186, -11.016585
291, 16.700900, -1.446262, 14.552188, -11.142061
292, 15.603400, -1.463860, 15.825248, -10.620088
293, 14.688700, -1.506235, 16.329347, -10.482313
294, 13.791133, -1.637171, 16.195124, -11.040062
295, 12.621467, -1.791388, 11.602077, -11.584846
296, 11.187233, -1.948172, -1.189853, -13.434833
297, 9.463425, -2.172250, -2.311115, -13.392962
298, 7.561700, -2.522310, -2.852551, -13.199689
299, 6.251000, -2.677218, -2.462080, -13.174132
300, 4.856700, -2.762796, -2.557704, -13.402557
301, 3.581967, -2.823082, -2.976613, -13.729617
302, 2.762533, -2.905092, -2.690491, -13.293958
303, 1.951867, -3.034781, -2.900247, -13.464095
304, 1.225533, -3.231325, -3.414508, -13.563135
305, 0.544500, -3.525945, -8.122179, -14.642165
306, -0.189933, -3.733195, -18.457866, -15.468756
307, -1.006900, -3.958069, -17.667029, -15.323489
308, -1.971333, -4.179631, -18.119282, -16.105004
309, -3.062767, -4.350008, -19.045278, -16.271163
310, -4.251067, -4.467551, -17.115898, -14.823968
311, -5.502467, -4.513559, -17.912431, -14.924271
312, -6.737400, -4.476467, -17.713566, -14.918641
313, -7.699150, -4.313691, -17.709350, -14.546232
314, -8.815175, -4.293261, -18.096891, -14.543344
315, -10.252800, -4.233286, -18.434086, -14.911500
316, -11.324900, -4.156572, -19.467640, -14.862084
317, -12.476867, -4.036028, -18.647963, -14.954715
318, -14.179175, -3.702749, -19.038258, -14.826528
319, -15.906667, -3.386447, -20.521424, -14.459380
320, -17.324767, -3.212173, -22.127951, -13.423777
321, -18.658500, -3.054351, -28.646365, -10.760550
322, -19.862800, -2.981280, -31.241290, -9.946507
323, -21.005067, -2.962836, -31.023263, -9.713075
324, -22.132800, -3.007859, -31.855294, -10.235769
325, -23.305733, -3.121708, -32.956122, -10.294465
326, -24.533333, -3.183404, -32.144432, -10.224362
327, -25.803233, -3.203839, -32.232808, -10.377365
328, -27.102900, -3.121504, -31.998072, -9.884595
329, -28.288900, -3.074194, -31.992823, -9.932056
330, -29.324900, -3.054247, -31.951954, -9.675652
331, -30.171167, -3.010813, -31.669969, -9.481313
332, -30.956400, -3.029540, -31.982032, -9.713052
333, -31.755767, -3.064702, -38.842123, -8.074352
334, -32.453533, -3.044071, -42.583222, -7.749491
335, -33.113167, -2.969268, -41.685265, -7.772279
336, -33.728100, -2.926553, -41.859252, -7.384371
337, -34.246433, -2.893144, -41.896087, -8.031668
338, -34.693133, -2.817659, -42.241850, -8.228397
339, -35.046233, -2.746783, -42.382502, -8.198261
340, -35.371233, -2.697275, -42.614896, -8.151063
341, -35.624000, -2.684021, -42.171038, -7.737739
342, -36.006100, -2.663147, -42.369522, -7.125569
343, -36.209800, -2.616599, -42.578656, -7.070542
344, -36.410150, -2.532292, -42.531281, -7.006545
345, -36.618000, -2.429599, -42.474419, -6.899163
346, -36.755233, -2.335635, -42.388340, -7.025108
347, -36.845533, -2.241217, -42.042930, -7.294989
348, -36.895500, -2.127569, -37.908815, -7.405724
349, -36.942800, -2.069978, -35.881230, -7.536488
350, -37.033850, -1.967281, -35.891315, -7.293779
351, -37.159133, -1.885171, -36.050222, -6.872958
352, -37.361900, -1.847576, -36.179426, -7.040645
353, -37.672467, -1.813675, -35.973984, -6.925759
354, -38.007500, -1.817130, -36.188968, -6.832650
355, -38.311100, -1.854965, -36.435675, -7.218934
356, -38.648433, -1.818397, -42.798808, -7.370232
357, -38.942833, -1.793179, -51.105695, -7.305197
358, -39.077733, -1.767594, -51.626938, -7.205244
359, -39.141600, -1.735637, -50.952169, -7.713769
360, -39.140100, -1.682917, -50.094744, -8.003135
361, -39.189100, -1.570374, -50.371372, -7.613601
362, -39.343133, -1.535508, -50.115047, -7.788483
363, -39.511550, -1.544510, -50.141426, -7.806987
364, -39.858650, -1.424267, -50.562967, -7.562562
365, -40.436367, -1.286078, -51.117650, -7.268646
366, -41.099833, -1.143818, -53.324393, -7.129086
367, -41.994800, -0.932945, -60.257856, -7.089571
368, -43.504049, -0.657703, -63.484255, -6.946326
369, -45.589133, -0.417707, -63.769406, -6.519053
370, -47.486200, -0.218975, -63.937844, -6.362713
371, -48.665100, -0.004586, -64.166253, -6.094598
372, -50.499438, 0.323250, -63.837327, -6.315923
373, -52.686467, 0.453067, -64.834686, -6.283568
374, -54.405900, 0.591333, -64.099070, -6.556431
375, -56.121900, 0.848267, -64.842473, -6.234187
376, -58.096633, 0.975367, -65.309731, -6.890294
377, -60.356967, 0.783600, -66.637643, -7.228281
378, -62.431201, 0.711067, -66.023619, -7.390897
379, -63.952800, 0.654600, -65.615858, -6.945693
380, -64.972767, 0.616167, -69.093072, -8.164290
381, -65.552900, 0.661267, -77.234309, -9.412626
382, -65.599867, 0.618667, -77.202430, -9.704930
383, -65.457833, 0.562433, -77.206169, -10.357529
384, -65.309167, 0.505633, -76.881713, -10.526917
385, -65.194200, 0.542467, -76.615777, -10.530343
386, -65.002467, 0.532533, -76.586007, -10.458310
387, -64.758050, 0.491200, -76.476459, -10.374788
388, -64.445833, 0.521700, -72.277056, -8.300285
389, -64.201250, 0.585250, -66.270256, -4.823261
390, -63.682667, 0.605967, -65.453218, -4.143818
391, -63.080967, 0.624433, -65.840365, -3.973140
392, -62.417367, 0.730133, -63.608477, -4.252186
393, -61.641400, 0.827667, -55.901013, -3.038974
394, -60.716033, 0.815167, -53.606613, -3.146508
395, -59.729600, 0.828867, -53.847099, -3.241398
396, -58.692033, 0.798533, -53.725248, -3.340875
397, -57.592633, 0.777633, -53.297817, -2.962015
398, -56.569433, 0.812600, -53.480888, -3.186231
399, -55.760600, 0.785150, -53.382917, -2.887063
400, -54.567333, 0.736467, -52.944358, -2.981815
401, -53.533933, 0.683300, -52.993858, -2.914104
402, -52.429467, 0.666267, -52.078892, -2.654321
403, -51.195800, 0.608267, -47.287572, -0.591729
404, -49.693534, 0.473633, -46.603805, -0.057469
405, -47.900767, 0.205767, -46.359946, -0.030369
406, -45.872533, 0.190467, -45.728175, 0.304825
407, -43.929733, 0.205133, -40.547835, -0.317048
408, -42.066233, -0.008501, -29.953485, -1.201964
409, -40.252966, -0.178003, -27.167182, -0.981997
410, -38.751533, -0.303409, -27.400647, -1.079480
411, -37.703733, -0.555561, -27.742533, -1.308894
412, -36.934333, -0.778443, -27.659788, -1.513662
413, -36.435667, -0.931106, -27.205388, -1.741500
414, -36.091300, -1.096517, -28.385458, -1.438930
415, -35.654200, -1.318679, -28.231038, -1.563010
416, -34.924967, -1.467464, -27.855877, -1.326484
417, -33.655600, -1.679774, -27.433814, -1.301049
418, -31.924067, -1.931802, -26.995240, -1.315936
419, -29.801867, -2.255589, -25.814305, -1.820690
420, -27.366900, -2.583391, -24.099104, -1.803537
421, -25.367700, -2.771591, -18.684191, -5.228051
422, -23.389699, -3.024087, -10.913075, -11.160889
423, -21.712400, -3.182234, -8.777546, -14.553562
424, -20.956800, -3.054373, -10.330171, -17.645009
425, -20.592200, -3.005282, -11.004360, -17.821058
426, -20.296467, -2.885504, -10.900754, -17.679694
427, -19.832900, -2.716547, -10.751994, -17.642172
428, -18.966933, -2.664217, -10.924815, -18.136030
429, -17.774100, -2.664947, -12.596915, -18.422033
430, -15.136468, -2.767195, -18.321665, -19.739999
431, -12.182967, -2.851917, -16.824760, -19.075390
432, -9.272799, -2.952646, -15.127512, -18.184793
433, -6.823233, -3.150606, -15.056060, -18.699420
434, -4.728466, -3.224396, -15.234224, -18.760637
435, -2.789867, -3.285583, -8.122087, -17.647910
436, -1.084933, -3.430530, 5.626531, -16.455583
437, 0.594733, -3.496365, 17.716101, -16.124498
438, 2.445966, -3.467710, 24.102901, -17.027252
439, 4.493866, -3.492260, 28.510878, -16.426222
440, 6.801533, -3.693557, 30.948280, -16.510957
441, 9.275867, -4.006051, 31.026704, -17.502027
442, 11.850167, -4.319861, 31.122593, -17.373016
443, 14.378500, -4.471006, 31.557701, -17.410833
444, 16.795667, -4.537654, 31.390628, -16.822455
445, 19.051467, -4.562817, 31.138569, -17.173279
446, 21.134367, -4.641664, 35.430429, -13.221152
447, 23.098167, -4.760317, 37.444271, -9.681941
448, 24.924800, -4.827153, 36.778524, -9.424956
449, 26.692633, -4.773698, 36.807071, -9.520782
450, 28.378067, -4.708891, 36.583033, -9.794205
451, 29.854233, -4.611286, 37.107581, -9.033180
452, 31.158067, -4.427348, 36.323355, -8.976094
453, 32.261633, -4.210607, 36.746176, -9.318903
454, 33.289633, -3.901184, 37.777749, -9.166554
455, 34.501367, -3.557362, 38.386917, -8.803576
456, 35.852667, -3.290795, 39.475055, -8.315564
457, 37.237067, -3.109966, 44.952099, -8.370422
458, 38.670600, -2.940393, 50.941936, -7.235633
459, 40.070533, -2.777232, 50.714582, -7.504442
460, 41.422100, -2.677859, 50.897804, -7.527449
461, 42.685033, -2.628227, 50.665069, -7.569728
462, 43.912933, -2.480377, 50.395209, -7.430124
463, 45.059700, -2.404927, 50.281654, -7.313351
464, 46.084867, -2.419965, 49.716729, -6.909791
465, 46.911250, -2.364363, 49.597062, -7.065590
466, 48.080100, -2.238138, 50.750108, -7.172426
467, 49.613933, -2.110871, 51.278147, -7.263059
468, 51.027600, -2.089219, 52.512441, -7.277656
469, 52.612200, -2.092042, 70.491402, -7.515839
470, 54.183067, -2.162696, 69.794013, -8.095657
471, 55.537000, -2.329624, 69.460679, -8.267489
472, 56.639700, -2.435551, 69.271066, -8.143457
473, 57.637733, -2.503754, 69.038580, -8.456236
474, 58.600833, -2.629972, 69.262689, -8.486450
475, 59.577267, -2.859575, 70.201015, -8.596709
476, 60.534533, -3.063803, 69.031251, -8.358556
477, 61.262000, -3.192336, 68.815867, -8.392918
478, 61.970525, -3.365191, 69.536599, -8.728150
479, 62.414933, -3.539855, 69.578385, -8.697270
480, 62.435900, -3.625021, 68.621791, -7.265282
481, 62.076500, -3.730474, 67.652746, -7.589396
482, 61.463100, -3.879445, 67.372352, -7.421987
483, 60.694667, -4.016410, 65.607826, -8.632931
484, 59.817033, -4.094381, 64.711123, -8.767417
485, 58.886167, -4.148109, 64.806842, -8.363408
486, 57.911933, -4.135564, 56.779241, -10.311946
487, 56.820700, -4.096869, 51.641749, -12.139247
488, 55.569900, -4.029965, 51.233748, -12.236630
489, 54.121500, -3.920567, 49.860452, -12.087950
490, 52.482900, -3.812850, 50.382626, -12.011773
491, 50.602167, -3.783674, 50.356236, -10.160551
492, 48.683000, -3.824563, 50.014824, -11.040414
493, 46.607133, -3.908331, 49.262630, -11.461630
494, 44.377467, -3.862946, 47.561801, -11.479804
495, 41.998633, -3.755118, 42.033588, -11.673614
496, 39.537000, -3.616030, 32.715637, -12.267072
497, 37.138900, -3.504128, 29.082137, -12.240777
498, 34.810333, -3.444085, 25.447939, -12.539420
499, 32.572533, -3.380508, 26.117852, -12.338754
500, 30.382933, -3.312288, 25.443629, -12.405251
501, 28.224600, -3.227312, 16.374681, -12.822454
502, 26.018833, -3.186264, 3.578796, -12.657325
503, 23.793734, -3.170169, 2.373218, -11.641761
504, 21.567233, -3.122194, 2.331529, -12.113309
505, 19.313400, -3.124351, 2.983018, -12.117443
506, 17.108333, -3.175373, 1.520259, -11.948357
507, 14.986500, -3.197421, -0.621915, -11.935000
508, 12.977500, -3.176940, 1.826897, -12.017723
509, 11.069400, -3.177321, 3.316262, -11.657176
510, 9.318433, -3.145841, 3.839520, -11.639911
511, 7.707733, -3.102271, 3.800206, -11.799758
512, 6.139233, -3.066338, 3.339427, -11.941143
513, 4.580400, -3.011554, 3.163505, -11.964503
514, 2.997067, -2.956667, 3.273231, -12.282643
515, 1.356367, -2.938105, 2.904112, -11.932079
516, -0.272000, -2.982048, -0.189055, -13.623630
517, -1.828100, -3.045050, -9.210336, -20.461788
518, -3.289633, -3.117597, -9.662970, -20.234754
519, -4.626500, -3.238305, -9.112008, -20.587867
520, -5.796533, -3.395850, -9.536369, -20.730584
521, -6.841633, -3.523027, -9.469052, -20.988820
522, -7.793100, -3.621121, -9.338033, -20.956369
523, -8.697767, -3.730216, -9.267594, -20.819174
524, -9.484433, -3.768250, -9.198938, -20.461434
525, -10.088167, -3.755149, -8.924817, -20.171843
526, -10.522167, -3.753995, -9.003475, -20.205287
527, -10.685600, -3.657376, -10.308898, -18.625598
528, -10.525533, -3.535175, -12.414609, -12.182675
529, -10.063000, -3.479262, -11.699465, -9.590855
530, -9.238533, -3.466761, -9.983962, -8.760276
531, -8.113033, -3.466176, -5.923041, -6.819989
532, -6.802200, -3.448930, -5.333604, -6.490605
533, -5.371433, -3.420633, -5.406039, -6.940493
534, -3.857767, -3.412745, -4.773407, -6.771875
535, -2.257433, -3.426449, -4.827130, -6.694211
536, -0.616100, -3.419488, -4.772178, -6.586992
537, 1.094800, -3.429439, -3.940881, -6.070021
538, 2.893166, -3.468651, 2.149271, -6.300441
539, 4.797167, -3.512798, 13.672408, -7.540760
540, 6.740367, -3.498655, 14.406001, -6.963584
541, 8.662300, -3.493264, 14.531177, -6.963834
542, 10.682367, -3.567940, 14.963096, -6.786620
543, 12.755967, -3.642154, 15.444202, -6.622911
544, 14.770867, -3.711014, 15.751191, -7.141659
545, 16.786900, -3.781314, 16.539687, -7.584161
546, 18.819167, -3.867940, 28.118018, -7.571843
547, 20.878034, -3.940205, 34.109199, -8.645511
548, 22.950000, -3.989701, 34.479609, -7.997050
549, 24.995933, -3.982172, 35.089934, -8.056480
550, 27.046033, -3.900945, 34.981694, -7.903877
551, 29.110767, -3.897481, 36.312543, -8.547620
552, 31.140067, -3.921971, 38.241534, -8.432581
553, 33.116000, -3.952236, 40.001407, -8.175981
554, 35.111133, -4.008698, 50.481295, -7.305229
555, 37.119000, -4.065861, 50.128424, -7.593907
556, 39.129633, -4.132143, 50.275085, -7.823014
557, 41.100566, -4.238830, 50.628816, -7.460027
558, 43.087067, -4.343999, 51.326144, -7.289648
559, 45.089933, -4.446148, 61.225896, -8.357059
560, 47.034600, -4.569447, 65.909742, -8.496914
561, 48.859433, -4.702763, 66.025702, -7.822880
562, 50.631333, -4.817266, 66.204280, -8.183207
563, 52.390833, -4.893543, 65.678550, -7.983089
564, 54.108167, -5.002448, 67.085316, -8.354023
565, 55.809033, -5.138825, 68.689936, -8.399452
566, 57.489467, -5.272086, 70.176672, -8.339291
567, 58.857350, -5.348588, 71.457393, -8.402514
568, 60.814950, -5.481417, 78.659525, -9.129850
569, 61.846600, -5.584287, 82.034707, -9.627212
570, 62.925533, -5.503482, 80.910072, -9.639193
571, 63.866100, -5.517448, 81.525459, -9.339417
572, 64.890567, -5.993268, 83.716463, -10.801099
573, 65.932967, -6.384539, 83.661617, -10.638191
574, 66.773933, -6.585688, 84.547450, -10.561066
575, 67.539000, -6.528983, 85.280103, -10.240309
576, 68.090000, -6.446407, 83.299389, -9.810243
577, 68.549833, -6.353957, 82.745753, -9.739646
578, 69.167533, -6.104534, 82.680588, -9.657860
579, 69.978300, -5.922373, 82.911201, -9.086962
580, 70.819500, -5.736827, 83.638114, -9.458325
581, 71.568700, -5.488585, 83.791679, -9.359673
582, 72.190000, -5.189165, 83.677376, -9.164468
583, 72.661100, -4.983266, 84.097356, -9.352176
584, 73.105767, -4.932233, 83.877268, -9.496025
585, 73.476533, -4.934790, 83.314466, -9.629217
586, 73.838567, -5.175776, 82.966612, -9.195179
587, 73.838567, -5.175776, 82.966612, -9.195179
588, 73.838567, -5.175776, 82.966612, -9.195179
589, 74.427400, -5.359575, 70.911544, -14.229458
590, 74.256267, -5.160822, 70.672248, -14.070308
591, 73.906667, -5.032341, 71.163719, -13.675238
592, 73.466633, -4.956229, 70.348330, -13.691994
593, 72.921267, -4.925748, 70.216369, -13.888201
594, 72.442467, -4.921785, 70.402050, -13.673017
595, 71.987667, -4.880548, 70.275589, -13.501295
596, 71.512533, -4.840295, 68.366402, -13.041759
597, 71.048467, -4.842927, 62.405658, -11.131218
598, 70.609333, -4.817115, 60.946378, -9.759272
599, 70.259100, -4.790103, 60.282270, -9.134628
600, 69.930300, -4.919487, 60.323620, -9.770735
