1, 17.237000, -4.204379, 16.799377, -1.300113
2, 17.237000, -4.204379, 16.799377, -1.300113
3, 17.218850, -4.194562, 16.610648, -1.163509
4, 17.226050, -4.213772, 16.221263, -0.742519
5, 17.237500, -4.218257, 16.199293, -0.788483
6, 17.264800, -4.198352, 16.419775, -1.072605
7, 17.274900, -4.192798, 16.447960, -1.117238
8, 17.280400, -4.210053, 16.574499, -1.268244
9, 17.281900, -4.226538, 16.653730, -1.393305
10, 17.282800, -4.234810, 16.753832, -1.790629
11, 17.248100, -4.228510, 16.585277, -2.285136
12, 17.245300, -4.230962, 18.033903, -16.829982
13, 17.245300, -4.230962, 18.033903, -16.829982
14, 17.155500, -4.222096, 14.137435, -10.497322
15, 17.129300, -4.214825, 9.988066, -11.419660
16, 17.141700, -4.191833, 10.273301, -9.720668
17, 17.134300, -4.195489, 11.606936, -7.237543
18, 17.157100, -4.195763, 11.325638, -8.309153
19, 17.140500, -4.213846, 11.399757, -8.154522
20, 17.087050, -4.228661, 11.720783, -8.646671
21, 16.976933, -4.264676, 11.242508, -8.589355
22, 16.807800, -4.309025, 10.814503, -8.492735
23, 16.623133, -4.376628, 10.115046, -8.641072
24, 16.409400, -4.406130, 9.492053, -8.322557
25, 16.185033, -4.434170, 8.872451, -8.560967
26, 15.902933, -4.487384, 9.380169, -8.656505
27, 15.534133, -4.565705, 9.160096, -8.887463
28, 15.123800, -4.714786, 10.977513, -9.188190
29, 14.750733, -4.921205, 10.099003, -8.721786
30, 14.374100, -5.175257, 10.460551, -8.614574
31, 14.063800, -5.452708, 10.775558, -8.756794
32, 13.822000, -5.658171, 10.619730, -8.545929
33, 13.545533, -5.833219, 11.184883, -8.844429
34, 13.358567, -5.932879, 11.451395, -8.457550
35, 13.285900, -5.976035, 11.680222, -8.185441
36, 13.344733, -5.988343, 11.726782, -9.271284
37, 13.491200, -5.991883, 13.107885, -10.751676
38, 13.656167, -6.002857, 16.064270, -12.591052
39, 13.838933, -6.045326, 18.268064, -13.519999
40, 14.024600, -6.100094, 18.314029, -13.911311
41, 14.211667, -6.184935, 17.987100, -14.052076
42, 14.410467, -6.303070, 18.284363, -14.478977
43, 14.742300, -6.391045, 18.097532, -14.733569
44, 15.456767, -6.451227, 18.446365, -15.197509
45, 16.342900, -6.544431, 18.271104, -15.148474
46, 17.229000, -6.577042, 18.875428, -15.199848
47, 18.311333, -6.590389, 18.513147, -15.144051
48, 19.628000, -6.583313, 19.712228, -15.908894
49, 21.076567, -6.367753, 20.538167, -16.204395
50, 22.591933, -6.035414, 21.012499, -15.381714
51, 24.081533, -5.695131, 26.650828, -16.229412
52, 25.512033, -5.288842, 32.500787, -17.356954
53, 26.899733, -4.837651, 31.397682, -17.718579
54, 28.032700, -4.504252, 31.708043, -17.400449
55, 28.918867, -4.274101, 32.311508, -16.688106
56, 29.651967, -4.071628, 32.003421, -16.962499
57, 30.158700, -3.909207, 31.858341, -15.594427
58, 30.563333, -3.748922, 31.391702, -15.898383
59, 30.829800, -3.659290, 31.542541, -15.719980
60, 31.116033, -3.577162, 30.693080, -16.052735
61, 31.315900, -3.529777, 30.466435, -16.395597
62, 31.458733, -3.485819, 30.772776, -16.325884
63, 31.576400, -3.480410, 30.929830, -16.933681
64, 31.713000, -3.500490, 31.053098, -16.997644
65, 31.913700, -3.546633, 31.224438, -17.196521
66, 32.214833, -3.616692, 31.250984, -17.009427
67, 32.560500, -3.701585, 30.662688, -16.542925
68, 32.919900, -3.753156, 31.892182, -18.233688
69, 33.275733, -3.837175, 31.939643, -18.381888
70, 33.623833, -3.922992, 35.045832, -17.787226
71, 33.965967, -3.999856, 42.872402, -15.087056
72, 34.318633, -4.051361, 45.275099, -12.794281
73, 34.691733, -4.085976, 46.443632, -11.629716
74, 35.081467, -4.120395, 46.960546, -11.769949
75, 35.511867, -4.121381, 43.894553, -15.795392
76, 36.001567, -4.131552, 43.041232, -17.760382
77, 36.523700, -4.180685, 43.895881, -16.555109
78, 37.017867, -4.240604, 45.370809, -11.684076
79, 37.457933, -4.308950, 44.329369, -11.699234
80, 37.850933, -4.396854, 46.644321, -11.792299
81, 38.149600, -4.532754, 46.307321, -13.355976
82, 38.337833, -4.673766, 44.497060, -14.985609
83, 38.488567, -4.770584, 45.407906, -13.445199
84, 38.634700, -4.849494, 45.422481, -13.443000
85, 38.808533, -4.891465, 45.867085, -12.388522
86, 39.011000, -4.913478, 44.783425, -12.281518
87, 39.259333, -5.135721, 44.733556, -12.447461
88, 39.649700, -5.598919, 44.557585, -12.452707
89, 40.192533, -6.042991, 45.051332, -12.874335
90, 40.816000, -6.432532, 45.063890, -13.231557
91, 41.465633, -6.754405, 44.831248, -12.951963
92, 42.174500, -6.955914, 43.977596, -14.894748
93, 43.051900, -7.052908, 44.004165, -12.541326
94, 44.130067, -7.035065, 45.188976, -13.068406
95, 45.469200, -6.974386, 46.102369, -12.431417
96, 47.033933, -6.993972, 48.120345, -14.253976
97, 48.822467, -6.970178, 48.929399, -14.846902
98, 50.686033, -6.917089, 48.918641, -14.251565
99, 52.536800, -6.879226, 49.410891, -14.524331
100, 54.291067, -6.836865, 49.151977, -13.254409
101, 56.018767, -6.707600, 53.252939, -12.314172
102, 57.758200, -6.506233, 67.227890, -9.665597
103, 59.544900, -6.299606, 73.656113, -7.944068
104, 61.352233, -6.184528, 76.585203, -6.360602
105, 63.116933, -6.157051, 76.413359, -5.746589
106, 64.841300, -6.122578, 75.166027, -5.993389
107, 66.540100, -6.088356, 74.535572, -6.898492
108, 68.203367, -6.003059, 75.138743, -6.871277
109, 69.851700, -5.885867, 75.831639, -6.768936
110, 71.448567, -5.768119, 74.084168, -7.889783
111, 72.990667, -5.632622, 75.701291, -9.988809
112, 74.556667, -5.467240, 76.002700, -10.403173
113, 76.142300, -5.335950, 75.427820, -7.051769
114, 77.612100, -5.242455, 78.267377, -10.893214
115, 78.951733, -5.133650, 78.242261, -8.726335
116, 80.104700, -5.057117, 77.418910, -7.237585
117, 81.015200, -5.051125, 77.107915, -8.432475
118, 81.735667, -5.018694, 77.049218, -9.293148
119, 82.314233, -4.968713, 77.385962, -8.713668
120, 82.818600, -4.915617, 77.753419, -9.078052
121, 83.284367, -4.790950, 83.454619, -5.925797
122, 83.694333, -4.649181, 83.338918, -4.769569
123, 84.017667, -4.565602, 83.495726, -3.895765
124, 84.265667, -4.542959, 83.530976, -3.007454
125, 84.421650, -4.562509, 83.502628, -2.887808
126, 84.587100, -4.664148, 84.286824, -3.687202
127, 84.771967, -4.767310, 84.050889, -2.847939
128, 85.003900, -4.865702, 84.538692, -3.284887
129, 85.281467, -4.967774, 85.472256, -2.527056
130, 85.596500, -5.072195, 85.835216, -3.219870
131, 85.929467, -5.181045, 86.423884, -3.345681
132, 86.292400, -5.233971, 87.266544, -6.216206
133, 86.710333, -5.206563, 88.031929, -10.173624
134, 87.233600, -5.191624, 88.907314, -18.525623
135, 87.631100, -5.192195, 90.948252, -18.597224
136, 88.505667, -5.159597, 91.398143, -16.527737
137, 89.174733, -5.156661, 92.729421, -15.597131
138, 89.866459, -5.161729, 93.039999, -14.972672
139, 90.677725, -5.128919, 91.707377, -13.202094
140, 91.715910, -5.015318, 91.260831, -8.650784
141, 93.087980, -4.804925, 91.947845, -10.074336
142, 94.853456, -4.537992, 94.049248, -14.633721
143, 96.668304, -4.264149, 102.592619, -15.983962
144, 100.112153, -3.798080, 119.329553, -20.683956
145, 102.454947, -3.581655, 125.373834, -15.960134
146, 105.252477, -3.399690, 127.569146, -17.586711
147, 108.109610, -3.274853, 130.819437, -9.349171
148, 110.819584, -3.239052, 130.065497, -6.120964
149, 113.331627, -3.202151, 128.105470, -6.432893
150, 115.644900, -3.235687, 127.736380, -6.079717
151, 117.842220, -3.355084, 127.820076, -5.897892
152, 119.951253, -3.532147, 127.621357, -6.450494
153, 122.129470, -3.742497, 127.049593, -5.678869
154, 124.390590, -3.978049, 135.608751, -8.392078
155, 126.694867, -4.263337, 147.752997, -11.578803
156, 128.966800, -4.527597, 148.363290, -9.980763
157, 130.846837, -4.637471, 147.766776, -11.265628
158, 132.322124, -4.672798, 146.300257, -9.191002
159, 133.352075, -4.679374, 145.078596, -9.173994
160, 134.511540, -4.735610, 145.229212, -9.006346
161, 135.389813, -4.781524, 142.786627, -8.010833
162, 136.203480, -4.788453, 142.256417, -8.954150
163, 137.080743, -4.798878, 141.916683, -8.379485
164, 138.037103, -4.900810, 140.361755, -11.396462
165, 138.921857, -5.039003, 140.679347, -10.948000
166, 139.791753, -5.183109, 140.989667, -14.523668
167, 140.775380, -5.225040, 142.840271, -14.487441
168, 141.984370, -5.231657, 156.307202, -8.345352
169, 143.223730, -5.291302, 158.844017, -8.930253
170, 144.443573, -5.346523, 158.390171, -9.340057
171, 145.617700, -5.471781, 158.624576, -7.939000
172, 146.698203, -5.603944, 156.676528, -8.461817
173, 147.730247, -5.646859, 156.704763, -5.674240
174, 148.685540, -5.618369, 156.413585, -7.064671
175, 149.691127, -5.526021, 156.363785, -7.737496
176, 150.653043, -5.367329, 156.689434, -7.102938
177, 151.559980, -5.165424, 155.226805, -7.411955
178, 152.320800, -4.984926, 154.955512, -9.484139
179, 152.915610, -4.842339, 154.851192, -9.471902
180, 153.380043, -4.697132, 154.439808, -6.897611
181, 153.817227, -4.566573, 156.424721, -5.119096
182, 154.293417, -4.466095, 160.119225, -1.693145
183, 154.709337, -4.345047, 157.877791, -3.286073
184, 155.006100, -4.325288, 160.993259, 0.186694
185, 155.144343, -4.359225, 159.008981, -0.948008
186, 155.177910, -4.322934, 158.886692, -1.454906
187, 155.073983, -4.248251, 159.420740, -1.140577
188, 154.868823, -4.164607, 159.142275, -0.979483
189, 154.627640, -4.149448, 159.532869, -0.442289
190, 154.402613, -4.172507, 159.236118, -0.698521
191, 154.258333, -4.168105, 160.099396, -1.994048
192, 154.166467, -4.126005, 158.703286, -1.759606
193, 154.088203, -4.012602, 158.758717, -2.314728
194, 153.990233, -3.949304, 158.935319, -1.950301
195, 153.857950, -3.941538, 160.241266, -1.390315
196, 153.759673, -3.957636, 159.764052, -0.752250
197, 153.625497, -4.017530, 158.717296, 0.410762
198, 153.497877, -4.068032, 157.604195, -0.295938
199, 153.404897, -4.110321, 157.262010, -0.194122
200, 153.370520, -4.140448, 157.738223, -2.442193
201, 153.384453, -4.165977, 165.171342, 1.303092
202, 153.431603, -4.206730, 167.217756, 0.427494
203, 153.511130, -4.239341, 167.154609, 0.375695
204, 153.572260, -4.287331, 167.449123, 0.344069
205, 153.691040, -4.310418, 166.986431, -0.066178
206, 153.782377, -4.334591, 166.924757, 0.106973
207, 153.911887, -4.320521, 166.619478, 0.081763
208, 154.049817, -4.280050, 166.460852, 0.112014
209, 154.185870, -4.255035, 166.231987, 0.133902
210, 154.291317, -4.257476, 166.062757, 0.295768
211, 154.340483, -4.277476, 165.490257, 0.155388
212, 154.361817, -4.300162, 165.180067, -0.007735
213, 154.366657, -4.312846, 164.932518, 0.051166
214, 154.361267, -4.347190, 164.832910, -0.305851
215, 154.375670, -4.351357, 164.507838, -0.192345
216, 154.423403, -4.323896, 164.431092, 0.103765
217, 154.477610, -4.295586, 163.900703, 0.330837
218, 154.511583, -4.254354, 163.025439, 0.150119
219, 154.519555, -4.238712, 160.758999, -1.052773
220, 154.536290, -4.238277, 162.170936, -0.198137
221, 154.525867, -4.277771, 163.274100, 0.433224
222, 154.490900, -4.301959, 163.205021, 0.401593
223, 154.450260, -4.288028, 162.975474, 0.293762
224, 154.402793, -4.263167, 162.440002, 0.008079
225, 154.350720, -4.209646, 162.231942, -0.020684
226, 154.288853, -4.147780, 162.443418, 0.218358
227, 154.241360, -4.112319, 162.347826, 0.645522
228, 154.163447, -4.119023, 162.087037, 1.052307
229, 154.019637, -4.111361, 161.907234, 0.932082
230, 153.756610, -4.109095, 160.510322, -0.068199
231, 153.264330, -4.110841, 153.358024, 0.327084
232, 152.355337, -4.096567, 148.807656, 3.473710
233, 150.956693, -4.050535, 147.281687, 3.791320
234, 149.540607, -3.875395, 146.914667, 3.749350
235, 148.240347, -3.728037, 146.562179, 3.043305
236, 146.850533, -3.553482, 144.778272, 1.748060
237, 145.458753, -3.259813, 144.477983, 2.434453
238, 144.074807, -3.035790, 141.746432, 2.156366
239, 142.813963, -2.924123, 140.759353, -2.612939
240, 141.485980, -2.923385, 139.382128, -0.866091
241, 140.059710, -2.952422, 138.398224, -1.300230
242, 138.900755, -2.989024, 137.871098, -13.448037
243, 138.900755, -2.989024, 137.871098, -13.448037
244, 135.894770, -3.300194, 136.228913, -14.493107
245, 134.998893, -3.460259, 135.114811, -14.878733
246, 133.930570, -3.662954, 135.803857, -14.161351
247, 132.903533, -3.836841, 133.211838, -9.372252
248, 131.948623, -3.948436, 133.027660, -7.452479
249, 130.965747, -4.064453, 132.588344, -10.992482
250, 130.018077, -4.151348, 132.366132, -11.178235
251, 129.076227, -4.219101, 133.021454, -7.931079
252, 127.973073, -4.359737, 132.558557, -6.741618
253, 126.750097, -4.515694, 130.443005, -6.969335
254, 125.398803, -4.606016, 123.613979, -10.024009
255, 123.902970, -4.711040, 121.047053, -7.769407
256, 122.289703, -4.818842, 121.153255, -9.242575
257, 120.595293, -4.877108, 120.740653, -8.628389
258, 118.812823, -4.939760, 119.780416, -8.893774
259, 116.853570, -5.018498, 118.279480, -7.899847
260, 114.714584, -5.097750, 114.258011, -5.136190
261, 112.147205, -5.125723, 110.328534, -1.648292
262, 109.276586, -5.148203, 108.562601, 0.396101
263, 106.514246, -4.969307, 107.589113, -0.631230
264, 103.967897, -4.723277, 109.429698, -0.060395
265, 101.644156, -4.525567, 106.988338, -0.633570
266, 99.582091, -4.314074, 97.634774, 3.029724
267, 97.781858, -4.077563, 92.430571, 1.112243
268, 96.241071, -3.895982, 92.239146, 1.840779
269, 94.864292, -3.779239, 92.577622, 1.556972
270, 93.647609, -3.711964, 92.467320, -0.098630
271, 92.571700, -3.604870, 92.291989, -0.679640
272, 91.635681, -3.453613, 91.217334, -1.661198
273, 90.812995, -3.337665, 92.792991, -0.373209
274, 90.096144, -3.238851, 93.599428, 0.621241
275, 89.444367, -3.167237, 92.936049, 0.045041
276, 88.803300, -3.099484, 84.821856, -5.012356
277, 88.110967, -3.040738, 82.127214, -8.443731
278, 87.478167, -3.033790, 81.417268, -7.557827
279, 86.895767, -3.038380, 80.342922, -9.521456
280, 86.386767, -3.069962, 80.863949, -8.313993
281, 85.942000, -3.093749, 81.759061, -7.759171
282, 85.565900, -3.106652, 82.840819, -7.042021
283, 85.264633, -3.107571, 82.789461, -6.265263
284, 85.008400, -3.084650, 84.062630, -6.835167
285, 84.816267, -2.936307, 89.873272, -0.779711
286, 84.666767, -2.712524, 90.978447, 2.765706
287, 84.336567, -2.456659, 91.866986, 3.113896
288, 83.836800, -2.160262, 91.443150, 3.895351
289, 83.293233, -1.880924, 90.388059, 3.740010
290, 82.729400, -1.679295, 89.826101, 4.172207
291, 82.146267, -1.550036, 89.003083, 2.082778
292, 81.597867, -1.475595, 88.659943, 2.043015
293, 81.020567, -1.402538, 88.394461, 1.801074
294, 80.446867, -1.353314, 87.936123, 2.478035
295, 79.905500, -1.304883, 87.027199, 2.275601
296, 79.396800, -1.240482, 86.358998, 2.907094
297, 78.882400, -1.146504, 85.797213, 3.432924
298, 78.267633, -1.082361, 82.469641, 1.645113
299, 77.500167, -1.049481, 76.173055, -2.002313
300, 76.539033, -0.989494, 74.507856, -2.308592
301, 75.339534, -0.920956, 73.572453, -2.382546
302, 73.827267, -0.851957, 72.545918, -2.047019
303, 72.113334, -0.810312, 72.184816, -1.332677
304, 70.176234, -0.821686, 71.430716, -2.103240
305, 68.003167, -0.895351, 69.012205, -2.594820
306, 65.655467, -0.977976, 58.332823, -9.126902
307, 63.971400, -1.031030, 51.431621, -7.924744
308, 63.971400, -1.031030, 51.431621, -7.924744
309, 63.971400, -1.031030, 51.431621, -7.924744
310, 54.466100, -1.199989, 38.522706, -7.206679
311, 52.322667, -1.153860, 39.174493, -5.579055
312, 49.859933, -1.099781, 37.476784, -3.506092
313, 47.487000, -1.054802, 37.019421, -4.268982
314, 45.259067, -1.024711, 36.327751, -3.507144
315, 43.098500, -1.008794, 38.145881, -3.697585
316, 41.026833, -1.017850, 37.434380, -4.173603
317, 39.032433, -1.036596, 35.004924, -4.814002
318, 37.116700, -1.016900, 33.265271, -4.949144
319, 35.316267, -0.976510, 32.819239, -2.882476
320, 33.606567, -0.940075, 32.912503, -0.400742
321, 31.981967, -0.908158, 32.255532, -0.741129
322, 30.404367, -0.884947, 31.858130, -0.243238
323, 28.882800, -0.870700, 31.729445, -0.652372
324, 27.439233, -0.895318, 32.179697, -0.343329
325, 26.120167, -0.960665, 31.727434, -2.311183
326, 24.941933, -0.969446, 29.352938, -4.468390
327, 23.848633, -0.974995, 26.079706, -4.324722
328, 22.765600, -0.938221, 18.702221, -0.052512
329, 21.661900, -0.866415, 16.375001, 0.766053
330, 20.558967, -0.742370, 14.571415, 2.023298
331, 19.358367, -0.642200, 14.429031, 2.630578
332, 18.049267, -0.553849, 13.873874, 3.569355
333, 16.646300, -0.485039, 12.898826, 4.043282
334, 15.131233, -0.379458, 12.277116, 3.553395
335, 13.568833, -0.246213, 11.355839, 4.806636
336, 11.895533, -0.121570, 10.295439, 4.062552
337, 10.110900, 0.024683, 9.221182, 3.618537
338, 8.204733, 0.193733, 8.643693, 3.311652
339, 6.160434, 0.322867, 6.956408, 3.130181
340, 4.010534, 0.405067, -0.915012, 1.164304
341, 1.684633, 0.570300, -13.404731, 4.112729
342, -0.767567, 0.793467, -15.558778, 5.062573
343, -3.275733, 1.024000, -14.932374, 5.700473
344, -5.821600, 1.227500, -17.978063, 4.933931
345, -8.376033, 1.375067, -18.045097, 2.748780
346, -10.878367, 1.514700, -17.654477, 2.397352
347, -13.243733, 1.627867, -17.658703, 4.198411
348, -15.480233, 1.678733, -18.650894, 3.674322
349, -17.585567, 1.744367, -19.552323, 3.011518
350, -19.611800, 1.802667, -20.447255, 2.566518
351, -21.544033, 1.853300, -21.884916, 2.936343
352, -23.385533, 1.798200, -28.502519, 1.880965
353, -25.132233, 1.711800, -29.459111, 0.158418
354, -26.760333, 1.660367, -29.727279, 1.335969
355, -28.280467, 1.656667, -30.435162, 1.613198
356, -29.711300, 1.668000, -31.085730, 1.687251
357, -31.094533, 1.665133, -32.016024, 2.732422
358, -32.488967, 1.674167, -37.600515, -1.121402
359, -33.911200, 1.650533, -45.534250, -7.366708
360, -35.355700, 1.526167, -48.678306, -6.769051
361, -36.874733, 1.351633, -49.291829, -7.401438
362, -38.427133, 1.109400, -50.651650, -7.382947
363, -39.994000, 0.856800, -51.128514, -6.722878
364, -41.591133, 0.628567, -50.926111, -6.565355
365, -43.182200, 0.402533, -50.679398, -7.567304
366, -44.740467, 0.239733, -50.877114, -7.292564
367, -46.299867, 0.149200, -53.078939, -6.828085
368, -47.852733, 0.040228, -53.888087, -7.444759
369, -49.465967, -0.091182, -55.026934, -8.145060
370, -51.277200, -0.205553, -55.041155, -10.872647
371, -53.437133, -0.307480, -56.453778, -11.632718
372, -55.976000, -0.365755, -61.951847, -18.694695
373, -59.385200, -0.337202, -72.858650, -10.336010
374, -61.943099, -0.284016, -76.882732, -2.966626
375, -65.136400, -0.143642, -81.890453, 2.792391
376, -68.352700, 0.021922, -82.772932, 0.424763
377, -71.560300, 0.126067, -84.248911, 1.081314
378, -74.680167, 0.205767, -85.881042, -3.627473
379, -77.649967, 0.270933, -79.974787, 0.814995
380, -80.426400, 0.306867, -90.985699, -0.823387
381, -83.010567, 0.261033, -99.618970, -1.196120
382, -85.398934, 0.167800, -99.563698, -2.120762
383, -87.534800, -0.009348, -99.068536, -5.838507
384, -89.403133, -0.162633, -98.865974, -5.246642
385, -91.041834, -0.170584, -95.029822, -6.821044
386, -92.402067, -0.130382, -94.614237, -4.836274
387, -93.615200, -0.176387, -94.865771, -1.948779
388, -94.662867, -0.207299, -95.232316, -4.316836
389, -95.528800, -0.228938, -97.377881, -2.941874
390, -96.265567, -0.352715, -101.621549, -6.560911
391, -96.953233, -0.524050, -101.207103, -7.907501
392, -97.664600, -0.700518, -103.629954, -6.326362
393, -98.369533, -0.860967, -103.345911, -7.862828
394, -99.174233, -0.912517, -102.303518, -6.209644
395, -100.073667, -0.907708, -102.996691, -5.165885
396, -100.917400, -0.913194, -102.752466, -4.527162
397, -101.667300, -0.987511, -102.509056, -5.006792
398, -102.668300, -1.128450, -102.574933, -4.497763
399, -103.530100, -1.193123, -108.354518, -2.691412
400, -104.486267, -1.158840, -112.232240, 0.602645
401, -105.403700, -1.062754, -112.122852, 0.119279
402, -106.223733, -1.006295, -111.282523, 1.702163
403, -106.927167, -0.954512, -111.530200, 1.407547
404, -107.584467, -0.944331, -110.845847, 2.679143
405, -108.134867, -0.962226, -111.188040, 0.524472
406, -108.544433, -1.000088, -111.102666, 0.236317
407, -108.978133, -1.128309, -109.870065, 1.080515
408, -109.390733, -1.247963, -109.086738, 0.514242
409, -109.754400, -1.346902, -108.599002, 0.116029
410, -110.083867, -1.536444, -114.566827, -1.322308
411, -110.368467, -1.766199, -117.268797, -1.651235
412, -110.591200, -2.086069, -117.452842, -1.366497
413, -110.683467, -2.364683, -115.808101, -1.379138
414, -110.721100, -2.601936, -115.893686, -1.357014
415, -110.601433, -2.846120, -113.875099, -1.984331
416, -110.422900, -3.025210, -113.070441, -2.588924
417, -110.281133, -3.234444, -113.329291, -2.704502
418, -110.122500, -3.469952, -113.808847, -2.157907
419, -110.016767, -3.642354, -113.538006, -2.303193
420, -109.963233, -3.847331, -113.326779, -2.540198
421, -109.892933, -4.057041, -113.032989, -1.773992
422, -109.925800, -4.156980, -113.596876, -4.779256
423, -110.014733, -4.288472, -115.112114, -7.844037
424, -110.108900, -4.440815, -115.050271, -10.059800
425, -110.248200, -4.645387, -115.520235, -11.415240
426, -110.404733, -4.823079, -114.219712, -8.717511
427, -110.600200, -4.959736, -113.774874, -10.141047
428, -110.819667, -5.108663, -114.042666, -10.096158
429, -111.025300, -5.258164, -113.383801, -9.317118
430, -111.227300, -5.394596, -113.081177, -8.474089
431, -111.425833, -5.605770, -112.923133, -8.146364
432, -111.625300, -5.789588, -112.843735, -8.510000
433, -111.859133, -5.861141, -112.924272, -8.613920
434, -112.119833, -5.937010, -112.786617, -8.840235
435, -112.377267, -6.003384, -112.677865, -9.181921
436, -112.660767, -6.098556, -112.635729, -9.305027
437, -112.954467, -6.217841, -112.888737, -8.847517
438, -113.449133, -6.291037, -112.344707, -9.224651
439, -114.231200, -6.334451, -114.874811, -8.826656
440, -115.122333, -6.340884, -122.904535, -10.628681
441, -116.045533, -6.341571, -130.935256, -9.733671
442, -116.955167, -6.385623, -129.912475, -9.148239
443, -117.841600, -6.415233, -127.394421, -9.060356
444, -118.665667, -6.433764, -129.009084, -8.745422
445, -119.516267, -6.485000, -129.851040, -9.333699
446, -120.357533, -6.516940, -128.321837, -7.096229
447, -121.179133, -6.538784, -125.734220, -10.698996
448, -121.981800, -6.553350, -125.426473, -12.757435
449, -122.797433, -6.514128, -126.758859, -13.277605
450, -123.613533, -6.460848, -125.534005, -8.529608
451, -124.371633, -6.432625, -126.440933, -8.942401
452, -125.155233, -6.439715, -133.964769, -11.432419
453, -125.923267, -6.450943, -134.643004, -11.751595
454, -126.623033, -6.473463, -136.547764, -10.109872
455, -127.266833, -6.509966, -135.408557, -10.835534
456, -127.827700, -6.525189, -136.759193, -9.621629
457, -128.348100, -6.514602, -136.545229, -10.524472
458, -128.853567, -6.439715, -136.153162, -12.504939
459, -129.364567, -6.391112, -136.134589, -12.713029
460, -129.894867, -6.364199, -136.450686, -12.274605
461, -130.400633, -6.327589, -135.991247, -11.386126
462, -130.931600, -6.302335, -136.622791, -12.114569
463, -131.455733, -6.267671, -136.890134, -11.225248
464, -131.949967, -6.177804, -134.232259, -12.376815
465, -132.404767, -6.126293, -133.402687, -13.017167
466, -132.833233, -6.081138, -134.367450, -13.036273
467, -133.238167, -6.005949, -136.707359, -12.953231
468, -133.601433, -5.971838, -144.051952, -16.185496
469, -133.952133, -5.960020, -146.035843, -16.857464
470, -134.254400, -5.951956, -146.209533, -15.970785
471, -134.490533, -5.966022, -145.984488, -16.888449
472, -134.674800, -6.003965, -146.230004, -15.863290
473, -134.813867, -6.027271, -146.855428, -16.438398
474, -134.921000, -6.055222, -147.069812, -16.693118
475, -134.984767, -6.070136, -146.885905, -14.438365
476, -135.017067, -6.090683, -144.305621, -9.075434
477, -135.041800, -6.074426, -145.026344, -5.875809
478, -135.060667, -6.042464, -144.007724, -7.403671
479, -135.065167, -5.986427, -143.597128, -7.537786
480, -135.070467, -5.953873, -142.045549, -8.591645
481, -135.046667, -5.992528, -140.243451, -10.531694
482, -135.034900, -6.087528, -139.328766, -12.137732
483, -135.049067, -6.148921, -141.525265, -9.234487
484, -135.065033, -6.131354, -142.131754, -8.477805
485, -135.080667, -6.096589, -141.593345, -9.151860
486, -135.072200, -6.048125, -140.857634, -10.256543
487, -135.012067, -6.007848, -138.320576, -8.413280
488, -134.911800, -5.976298, -135.741470, -7.717990
489, -134.809000, -5.951588, -133.902344, -5.594505
490, -134.737067, -5.948281, -133.826238, -5.248315
491, -134.714367, -5.914663, -134.074535, -5.330392
492, -134.723467, -5.876466, -134.163370, -5.361874
493, -134.755167, -5.852076, -134.330233, -5.536385
494, -134.780300, -5.819001, -134.496847, -5.581867
495, -134.784900, -5.800095, -134.517621, -5.417173
496, -134.766700, -5.793716, -134.559920, -5.282932
497, -134.718800, -5.762032, -134.646067, -5.265159
498, -134.660667, -5.732940, -134.855704, -5.358823
499, -134.590767, -5.721238, -134.798729, -5.500050
500, -134.524800, -5.711002, -134.784100, -5.544398
501, -134.468067, -5.695477, -134.692367, -5.429515
502, -134.407867, -5.700104, -134.645152, -5.302021
503, -134.346833, -5.674840, -134.603250, -5.287201
504, -134.325800, -5.645696, -134.625390, -5.349648
505, -134.297667, -5.625163, -134.627785, -5.359141
506, -134.274133, -5.595377, -134.815278, -5.281792
507, -134.258567, -5.593613, -134.769748, -5.706808
508, -134.240200, -5.591381, -134.782128, -5.366045
509, -134.222667, -5.582574, -134.653046, -5.079555
510, -134.199600, -5.569361, -134.557863, -5.028841
511, -134.168267, -5.538967, -134.508530, -5.128039
512, -134.172533, -5.500754, -134.430937, -4.866645
513, -134.192767, -5.457625, -134.285785, -4.732788
514, -134.222533, -5.411565, -134.109544, -4.564876
515, -134.257900, -5.379690, -134.097642, -4.491662
516, -134.289300, -5.315948, -134.123399, -4.467236
517, -134.309567, -5.220558, -136.743941, 0.547597
518, -134.329333, -5.100965, -137.281077, 3.380733
519, -134.379300, -4.887792, -137.893000, 3.209848
520, -134.534500, -4.534417, -137.865810, 4.275294
521, -134.781567, -4.165104, -137.641703, 3.994227
522, -135.172167, -3.757129, -137.721958, 3.768465
523, -135.713133, -3.349218, -138.456395, 4.826744
524, -136.446667, -2.994011, -145.601131, 5.992444
525, -137.645533, -2.627939, -153.678936, 7.689541
526, -139.514532, -2.237719, -155.964524, 5.774849
527, -142.053600, -1.629355, -154.807165, 8.355941
528, -144.675100, -0.842778, -157.610100, 5.876328
529, -146.997767, 0.019905, -154.464187, 5.513572
530, -148.914334, 0.935667, -153.285513, 8.032321
531, -150.428000, 1.831867, -154.051982, 8.053006
532, -151.694900, 2.680767, -154.005605, 8.545208
533, -152.761833, 3.409533, -154.485339, 9.091358
534, -153.587700, 4.115533, -155.830918, 4.912894
535, -154.051700, 4.674650, -157.217875, -8.358454
536, -154.496300, 5.710200, -154.049357, -2.198429
537, -154.629200, 6.105067, -154.699615, -0.900902
538, -154.819667, 6.575300, -158.482742, 1.777944
539, -154.922900, 6.865300, -158.069130, 8.796946
540, -154.945667, 7.073167, -157.884924, 7.166785
541, -154.959933, 7.238733, -158.516932, 7.730982
542, -154.930700, 7.387067, -158.369242, 8.103376
543, -154.907067, 7.522167, -158.516391, 8.048016
544, -154.865900, 7.605600, -158.352684, 8.027023
545, -154.812733, 7.690167, -158.155286, 7.852564
546, -154.756700, 7.744467, -157.365306, 7.791759
547, -154.644833, 7.762700, -157.811176, 8.873335
548, -154.542667, 7.814033, -156.814847, 8.328965
549, -154.452733, 7.930700, -156.643095, 8.114720
550, -154.330633, 8.106900, -156.741458, 8.427835
551, -154.177867, 8.373167, -153.612996, 11.476853
552, -153.985600, 8.838267, -152.956465, 11.681800
553, -153.748700, 9.423233, -153.003787, 11.709708
554, -153.509367, 9.998567, -151.379037, 13.968122
555, -153.273233, 10.543167, -151.075270, 14.176165
556, -153.052267, 11.066000, -151.335288, 14.485060
557, -152.827267, 11.554233, -150.890414, 15.736658
558, -152.634200, 12.002033, -151.366559, 15.578825
559, -152.487100, 12.352167, -150.678322, 16.352872
560, -152.286567, 12.698733, -150.585722, 16.900780
561, -152.038900, 13.068533, -150.492821, 19.350312
562, -151.744100, 13.441800, -150.734276, 18.913440
563, -151.432567, 13.726333, -150.486444, 19.882972
564, -151.054067, 13.931233, -150.129309, 19.817836
565, -150.712133, 14.106833, -150.347645, 20.227852
566, -150.433500, 14.219867, -150.107184, 18.912052
567, -150.165767, 14.301600, -149.632023, 19.316805
568, -149.926133, 14.384433, -149.551488, 19.139531
569, -149.718233, 14.425533, -149.123168, 19.241928
570, -149.563667, 14.476667, -148.855439, 19.885146
571, -149.457067, 14.518800, -148.963805, 19.801758
572, -149.365333, 14.493600, -148.760229, 19.858956
573, -149.263867, 14.472900, -148.654652, 19.720924
574, -149.131467, 14.472367, -148.973193, 18.828296
575, -148.998300, 14.454467, -149.208981, 18.329450
576, -148.872433, 14.416033, -148.542245, 19.781673
577, -148.784100, 14.362167, -148.423989, 20.013638
578, -148.692825, 14.324225, -149.168528, 19.116969
579, -148.618100, 14.301967, -149.856660, 18.121369
580, -148.557567, 14.275400, -149.721177, 19.098681
581, -148.514433, 14.249500, -151.148715, 18.168121
582, -148.491067, 14.241800, -152.721479, 17.539231
583, -148.498833, 14.198933, -153.106209, 17.238398
584, -148.519467, 14.180100, -153.157628, 17.690982
585, -148.545533, 14.144767, -153.247425, 17.646972
586, -148.569100, 14.117700, -153.280889, 17.723638
587, -148.599667, 14.106767, -153.319406, 18.346016
588, -148.615967, 14.081067, -153.790913, 18.668362
589, -148.650733, 14.064800, -153.996454, 18.448564
590, -148.669967, 14.008233, -154.072820, 18.250440
591, -148.670733, 13.974633, -154.266049, 17.845193
592, -148.651267, 13.941567, -154.319041, 17.755561
593, -148.590067, 13.856067, -154.164214, 17.677678
594, -148.412367, 13.725667, -151.568267, 15.591223
595, -148.067250, 13.488300, -149.747711, 9.771924
596, -148.067250, 13.488300, -149.747711, 9.771924
597, -148.067250, 13.488300, -149.747711, 9.771924
598, -148.067250, 13.488300, -149.747711, 9.771924
599, -148.067250, 13.488300, -149.747711, 9.771924
600, -137.276500, 8.026000, -126.321081, -8.051971
