1, -38.659326, -3.180431, -38.871929, -4.520632
2, -37.381000, -3.037386, -37.922771, -4.880464
3, -37.371875, -3.039792, -37.822531, -4.954037
4, -37.357367, -3.033872, -36.548952, -5.925957
5, -37.340000, -3.028482, -36.576197, -6.091557
6, -37.319233, -3.036064, -37.012697, -6.224128
7, -37.303700, -3.034878, -37.020058, -6.289311
8, -37.292567, -3.040523, -37.064037, -6.371306
9, -37.281700, -3.052036, -36.980794, -6.460669
10, -37.287750, -3.058277, -37.036942, -6.518961
11, -37.297367, -3.058847, -37.690392, -7.353877
12, -37.296000, -3.060493, -36.824887, -17.010139
13, -37.296000, -3.060493, -36.824887, -17.010139
14, -37.301800, -3.029936, -36.049253, -9.616407
15, -37.292833, -3.032282, -36.297471, -10.662476
16, -37.276300, -3.019936, -35.762944, -6.996700
17, -37.258700, -3.023143, -35.763028, -4.155012
18, -37.233067, -3.032734, -35.568965, -2.377028
19, -37.102767, -3.030054, -35.475867, -3.191322
20, -36.796967, -3.070759, -34.779738, -2.993613
21, -36.392967, -3.125392, -35.478352, -4.279351
22, -35.947867, -3.158301, -35.015123, -4.284471
23, -35.536200, -3.130427, -30.926551, -2.774952
24, -35.032467, -3.039214, -29.253491, -4.835191
25, -34.144333, -2.913093, -29.957155, -7.232014
26, -32.678468, -2.935927, -24.140237, -4.662115
27, -30.148166, -3.301734, -20.040493, -2.760075
28, -27.569365, -3.625720, -22.532780, -5.607621
29, -26.268300, -3.428672, -21.819653, -3.651907
30, -25.778333, -3.086358, -21.761389, -2.904806
31, -25.505567, -2.865785, -21.396878, -4.066580
32, -25.497933, -2.794406, -21.304009, -2.807216
33, -25.543533, -2.757084, -21.782244, -2.826028
34, -25.682633, -2.716489, -22.174839, -3.384152
35, -25.889567, -2.764614, -22.240501, -3.005775
36, -26.051400, -2.893806, -22.267473, -2.761264
37, -26.186867, -2.999421, -22.327485, -3.108952
38, -26.265300, -2.943823, -22.419158, -3.084411
39, -26.227033, -2.819405, -22.285379, 1.857084
40, -26.068400, -2.381690, -23.817557, 6.883767
41, -25.647967, -1.466315, -25.287962, 6.822319
42, -24.772367, -0.050119, -23.972472, 6.751774
43, -23.198701, 2.287267, -21.797025, 8.047426
44, -20.859433, 4.492501, -21.369536, 9.927747
45, -18.252433, 5.695233, -20.029564, 11.217457
46, -15.851866, 6.465067, -19.054690, 12.151095
47, -13.673900, 6.990333, -17.053426, 11.977342
48, -11.726533, 7.102333, -10.396036, 10.285497
49, -10.078900, 6.872067, -4.140947, 9.605339
50, -8.659500, 6.625767, -3.775722, 7.027032
51, -7.644233, 6.658933, -3.799992, 7.716789
52, -7.016600, 6.942967, -3.055936, 8.574758
53, -6.641433, 7.242967, -3.310192, 9.163967
54, -6.567833, 7.344433, -3.546368, 9.802550
55, -6.685700, 7.300367, -3.822939, 9.619868
56, -6.908167, 7.185600, -4.288910, 9.601890
57, -7.179767, 7.115800, -4.438754, 6.677926
58, -7.391467, 6.961033, -5.613283, 4.695837
59, -7.600567, 6.737500, -4.956403, 4.456845
60, -7.827267, 6.340300, -5.062407, 4.048407
61, -8.311000, 5.513700, -4.955693, 3.223883
62, -9.358733, 3.890133, -6.487283, 2.421377
63, -11.047767, 1.641633, -8.277815, 1.776379
64, -13.033666, -0.558840, -8.827074, -3.971331
65, -15.083933, -2.680274, -9.761758, -15.684637
66, -17.037567, -4.296058, -13.362112, -23.826982
67, -18.767800, -5.091900, -15.821417, -23.815510
68, -20.209200, -5.713935, -17.113860, -24.097248
69, -21.222967, -6.251285, -17.044481, -24.658204
70, -21.954067, -6.923969, -15.579545, -24.120014
71, -22.513933, -7.667953, -10.341297, -22.418071
72, -22.856067, -8.296809, -10.507042, -22.428549
73, -23.031467, -8.785557, -11.607022, -23.639381
74, -23.024033, -9.197354, -22.339594, -29.533301
75, -22.829833, -9.466975, -22.250841, -28.445164
76, -22.461633, -9.687132, -21.504493, -28.508059
77, -21.952967, -10.029836, -21.232196, -29.557225
78, -21.446967, -10.447893, -20.673234, -30.713287
79, -21.070800, -10.884350, -20.947897, -32.266771
80, -20.715433, -11.366777, -22.032373, -32.892630
81, -20.066967, -12.056157, -21.883712, -32.630823
82, -19.164233, -13.052257, -21.352754, -31.798743
83, -18.205700, -14.072570, -20.956483, -31.688595
84, -17.297200, -15.211303, -21.971417, -30.830143
85, -16.343733, -16.654027, -21.622312, -32.925476
86, -15.001134, -18.239470, -20.458372, -32.080803
87, -12.871734, -19.818480, -8.750854, -29.602492
88, -9.682733, -21.360483, 4.677148, -31.698978
89, -6.084036, -22.874944, 9.717617, -31.400187
90, -2.023670, -24.001457, 11.163087, -27.864981
91, 2.609766, -24.523260, 10.634186, -28.348351
92, 7.510801, -24.543753, 9.696847, -27.119670
93, 12.278070, -24.345910, 11.582957, -29.597396
94, 16.463168, -23.910850, 12.781063, -26.570932
95, 20.018101, -23.518713, 24.228978, -26.786666
96, 23.050568, -23.259910, 36.926395, -30.155701
97, 25.497867, -23.076593, 39.666468, -29.628335
98, 27.261234, -23.044237, 38.932278, -28.104278
99, 28.481533, -23.209070, 38.063395, -27.752803
100, 29.246433, -23.460130, 36.831754, -27.519581
101, 29.680667, -23.632283, 35.998489, -28.530331
102, 29.912233, -23.782910, 35.756908, -28.605283
103, 29.995767, -23.880397, 35.128080, -28.381321
104, 30.058767, -24.018503, 34.822476, -28.622168
105, 30.133667, -24.123667, 33.671984, -27.749718
106, 30.199300, -24.077130, 33.713892, -27.976640
107, 30.263467, -23.987370, 33.045704, -28.289527
108, 30.398200, -23.743497, 32.666018, -27.658667
109, 30.715200, -23.369937, 34.907547, -27.163871
110, 31.425767, -22.816877, 39.828141, -27.583369
111, 32.573000, -22.097443, 39.284739, -24.762699
112, 34.067333, -21.369500, 43.447089, -20.324480
113, 35.775766, -20.786313, 43.536972, -20.150523
114, 37.654167, -20.160027, 44.110435, -20.556139
115, 39.601800, -19.597863, 41.872462, -21.654192
116, 41.666033, -18.877297, 43.101600, -20.490868
117, 43.639200, -17.951663, 42.321588, -18.959878
118, 45.439433, -16.933850, 40.826748, -18.283824
119, 47.036900, -16.044080, 44.906033, -9.842118
120, 48.446233, -15.333483, 44.396935, -11.728361
121, 49.647267, -14.805027, 44.774696, -12.574009
122, 50.667733, -14.338507, 44.674475, -12.149758
123, 51.513633, -13.832163, 47.805291, -9.040272
124, 52.087733, -13.416463, 45.924990, -10.236881
125, 52.420167, -13.043497, 50.408999, -6.764716
126, 52.492567, -12.620860, 50.828840, -3.188905
127, 52.267733, -12.225783, 50.303163, -2.796538
128, 51.854133, -11.845013, 50.316468, -1.826464
129, 51.337767, -11.253837, 49.481129, -1.684594
130, 50.814400, -10.598493, 49.374459, -3.013418
131, 50.371467, -9.945771, 48.357688, -4.060213
132, 50.030500, -9.271583, 49.292174, -0.857982
133, 49.818067, -8.679700, 49.241393, 0.614930
134, 49.771433, -8.222052, 49.321939, 1.443917
135, 49.775167, -7.804276, 49.207909, 2.167977
136, 49.824533, -7.362274, 49.327744, 2.319137
137, 49.968567, -6.911337, 49.396205, 2.234976
138, 50.111500, -6.493934, 49.637397, 2.460508
139, 50.266600, -6.131322, 49.603864, 2.031141
140, 50.411100, -5.678680, 49.086980, 0.517366
141, 50.567767, -5.219256, 49.284648, 0.188972
142, 50.752733, -4.857922, 49.101846, -0.734966
143, 50.912100, -4.574283, 49.039210, -0.847854
144, 51.031867, -4.301753, 49.004213, -0.505284
145, 51.129500, -4.089203, 49.341803, 0.723242
146, 51.262800, -3.958278, 49.215907, 0.926927
147, 51.508533, -3.797062, 49.658493, 0.580768
148, 51.855900, -3.686462, 50.099527, 0.656028
149, 52.188633, -3.513798, 49.989698, 0.023493
150, 52.549600, -3.098940, 50.464315, -1.225984
151, 53.064833, -2.726525, 52.289149, -1.582935
152, 53.817267, -2.506353, 53.147328, -0.896916
153, 54.889600, -2.332095, 52.777195, -1.117200
154, 56.113967, -2.140107, 52.587197, -0.970047
155, 57.470799, -1.981462, 52.842736, -2.003951
156, 59.360466, -1.766294, 53.274621, -2.376212
157, 61.803532, -1.412221, 58.506291, -2.388387
158, 64.952250, -0.963152, 66.346813, -10.200424
159, 64.952250, -0.963152, 66.346813, -10.200424
160, 72.283100, -0.246790, 77.383623, -8.135809
161, 74.836401, 0.036881, 89.282670, -10.365345
162, 77.604367, 0.164100, 89.223026, -3.548288
163, 80.145767, 0.031913, 91.468505, -0.288215
164, 82.428967, -0.120667, 90.723554, -2.883883
165, 84.558834, -0.140325, 86.349107, -4.693217
166, 86.542500, -0.007610, 90.435213, -1.572605
167, 88.416700, 0.123300, 91.007693, -0.718199
168, 90.243355, 0.249233, 91.759613, -2.736715
169, 91.968207, 0.345367, 99.876043, -1.246107
170, 93.672212, 0.453767, 106.427376, -4.658695
171, 95.254587, 0.581833, 108.623910, -1.813997
172, 96.733757, 0.678000, 108.540846, -1.404533
173, 98.212058, 0.538567, 107.844946, -1.542595
174, 99.613271, 0.301067, 107.076028, -2.844940
175, 101.022107, 0.143733, 107.749085, -3.089393
176, 102.358797, 0.203733, 106.899660, -3.108113
177, 103.654067, 0.488800, 106.354182, -3.686271
178, 104.818467, 0.653033, 106.839856, -2.604457
179, 105.872707, 0.852767, 107.416674, -3.042204
180, 106.885467, 1.001533, 107.426411, -3.723103
181, 107.851103, 1.070500, 107.209030, -4.441638
182, 108.750417, 1.073500, 107.439723, -4.668093
183, 109.532760, 1.004100, 117.195565, -3.111286
184, 110.258927, 0.936967, 122.154424, -6.854165
185, 110.943027, 0.964300, 123.680694, -5.004273
186, 111.564077, 0.993100, 124.466830, -3.702957
187, 112.074327, 0.965000, 124.158280, -3.147035
188, 112.494277, 0.965100, 123.728623, -2.403153
189, 112.739667, 1.017267, 124.060356, -1.849834
190, 112.914910, 1.089600, 123.335108, -2.263204
191, 112.993063, 1.159267, 123.048946, -2.721811
192, 113.019780, 1.255667, 122.577341, -2.528186
193, 112.999120, 1.370200, 122.190580, -3.006467
194, 112.930880, 1.612700, 120.984669, 0.367303
195, 112.845090, 2.089200, 117.398915, 1.774715
196, 112.731943, 3.021933, 116.600312, 9.215492
197, 112.607883, 4.808433, 115.717674, 12.269927
198, 112.379377, 6.675900, 115.676941, 14.768996
199, 112.183187, 8.180833, 115.157636, 16.129035
200, 111.935870, 9.630467, 115.989338, 18.129859
201, 111.672257, 10.940000, 115.002909, 20.617999
202, 111.415360, 12.174000, 111.756414, 20.596046
203, 110.943380, 13.354733, 110.525094, 20.857051
204, 110.102007, 14.423967, 110.236068, 23.555181
205, 108.814033, 15.554633, 109.347933, 23.326905
206, 107.250167, 16.552067, 107.727705, 21.298809
207, 105.531573, 17.294433, 108.385445, 21.669214
208, 103.837050, 17.917600, 107.269776, 22.569980
209, 102.284546, 18.341833, 105.533519, 20.865161
210, 100.954067, 18.609967, 103.771425, 20.260323
211, 99.709729, 18.775033, 95.163647, 19.424217
212, 98.481791, 18.866933, 84.021404, 15.661279
213, 97.190134, 18.895200, 78.413295, 15.244773
214, 95.705533, 18.966900, 79.236435, 15.681260
215, 93.998478, 18.965667, 77.369188, 16.300604
216, 92.066425, 18.774233, 77.753192, 15.855126
217, 90.106568, 18.609933, 78.631699, 14.358191
218, 87.941634, 18.359967, 79.040914, 14.767114
219, 85.449001, 17.858400, 78.372013, 14.153780
220, 82.425503, 17.221900, 76.880086, 11.021651
221, 78.467533, 16.530767, 72.113733, 7.743310
222, 73.980600, 15.669767, 69.380435, 7.861146
223, 69.368566, 14.725867, 65.906699, 8.325423
224, 64.991064, 13.646700, 64.384018, 7.873898
225, 60.958498, 12.490333, 64.482033, 8.948756
226, 57.834250, 11.495350, 61.551777, 3.354285
227, 57.834250, 11.495350, 61.551777, 3.354285
228, 57.834250, 11.495350, 61.551777, 3.354285
229, 48.299750, 6.296400, 49.113268, -14.269480
230, 46.307850, 5.292100, 42.693848, -5.952113
231, 44.180033, 3.987233, 37.382209, -9.616996
232, 42.323800, 2.610633, 27.690304, -11.502488
233, 40.727566, 1.095433, 32.383300, -7.341207
234, 39.405333, -0.477054, 35.237418, -6.685104
235, 38.139733, -1.847153, 33.169851, -7.257948
236, 36.974233, -2.911178, 30.680308, -9.166406
237, 35.963200, -3.695440, 28.920488, -12.682505
238, 35.037367, -4.587971, 29.527220, -14.557458
239, 34.094933, -5.582553, 24.610667, -13.457169
240, 33.041300, -6.590534, 21.153802, -17.562094
241, 31.738267, -7.788816, 22.892816, -19.133306
242, 29.919734, -9.208103, 27.158209, -18.722027
243, 27.715900, -10.614204, 25.136717, -16.924830
244, 25.337100, -11.640883, 22.988162, -17.093201
245, 23.014900, -12.359847, 22.237549, -15.895853
246, 20.843300, -13.054380, 20.805304, -16.125352
247, 18.881500, -13.569020, 17.711182, -19.163818
248, 17.054466, -13.915713, 9.343425, -25.310306
249, 15.354767, -14.164093, 7.792657, -26.841549
250, 13.792633, -14.373793, 8.162946, -25.878872
251, 12.326333, -14.578630, 9.046765, -25.045177
252, 10.840133, -14.742760, 8.867155, -25.437076
253, 9.256067, -14.789257, 8.211554, -26.228305
254, 7.591433, -14.819580, 9.418521, -25.546083
255, 5.905200, -14.867850, 3.855531, -25.006961
256, 4.135167, -14.862887, -2.455540, -25.795233
257, 2.332367, -14.866817, -4.976275, -24.794611
258, 0.519300, -14.876263, -12.169571, -21.020953
259, -1.324533, -14.847230, -9.535684, -21.757570
260, -3.184700, -14.778577, -8.596865, -24.638804
261, -5.101900, -14.625420, -10.956873, -19.871155
262, -7.149533, -14.419407, -12.689779, -19.009913
263, -9.225600, -14.256647, -14.254993, -18.699735
264, -11.350667, -14.066340, -20.497886, -16.275595
265, -13.484633, -13.863307, -27.327720, -8.871879
266, -15.605500, -13.790603, -28.300119, -11.087650
267, -17.714300, -13.817923, -25.871986, -13.511574
268, -19.838000, -13.856483, -27.033788, -12.000875
269, -21.986666, -13.861480, -26.048072, -11.139729
270, -24.155300, -13.881230, -27.079328, -10.846348
271, -26.317467, -13.931557, -26.770169, -11.332043
272, -28.475966, -13.880347, -28.661591, -11.243497
273, -30.681333, -13.779460, -29.209235, -9.588628
274, -32.888566, -13.681537, -35.797396, -14.629877
275, -35.132333, -13.634117, -42.463036, -16.910729
276, -37.366000, -13.599863, -45.075241, -16.538161
277, -39.577700, -13.467653, -46.041453, -14.798280
278, -41.724466, -13.293367, -47.559225, -13.119273
279, -43.776233, -13.191013, -47.596914, -12.831063
280, -45.707800, -13.106690, -48.359101, -12.933240
281, -47.552867, -13.055847, -52.030264, -13.126383
282, -49.317433, -13.028040, -61.830025, -15.576483
283, -51.076033, -12.970077, -58.475735, -14.015111
284, -52.834333, -12.852133, -60.085595, -13.786331
285, -54.608400, -12.687007, -60.664234, -13.504740
286, -56.407067, -12.476767, -60.789562, -12.994526
287, -58.222533, -12.316807, -61.650748, -13.109188
288, -59.992933, -12.282803, -72.050560, -16.804549
289, -61.753067, -12.276460, -77.820514, -21.510142
290, -63.488233, -12.246957, -76.984980, -19.817518
291, -65.221167, -12.233030, -78.980917, -19.195769
292, -66.968200, -12.228020, -81.398157, -18.763415
293, -68.702800, -12.233877, -82.305936, -16.411798
294, -70.451700, -12.257387, -79.248042, -18.967176
295, -72.185200, -12.335747, -77.506863, -20.251772
296, -73.907033, -12.387623, -85.900904, -20.480117
297, -75.629967, -12.364757, -90.663672, -21.508471
298, -77.344867, -12.374073, -90.442492, -24.527330
299, -79.079300, -12.382630, -92.231663, -20.582568
300, -80.830800, -12.359143, -94.927617, -18.500274
301, -82.651900, -12.309950, -96.296030, -17.142704
302, -84.541500, -12.207533, -98.222124, -20.416804
303, -86.552933, -12.042050, -93.863203, -20.093226
304, -88.670100, -11.917023, -94.326147, -19.651654
305, -90.907833, -11.651493, -97.532104, -17.485641
306, -93.296267, -11.325943, -98.415510, -17.911369
307, -95.679600, -11.162890, -102.988306, -15.735317
308, -98.016800, -11.146650, -105.137490, -12.907970
309, -100.262067, -11.210160, -105.326468, -12.056874
310, -102.372400, -11.207480, -105.544133, -11.000561
311, -104.350967, -11.125383, -105.576871, -10.920359
312, -106.502575, -11.030650, -105.321119, -12.359034
313, -108.608867, -10.990307, -112.513641, -15.539852
314, -110.440467, -11.018850, -125.529525, -25.756089
315, -112.312933, -11.088153, -129.312650, -19.156938
316, -114.153267, -11.162537, -130.864652, -18.565522
317, -115.987600, -11.131317, -135.018726, -19.502428
318, -117.783300, -11.086817, -134.039647, -24.377270
319, -119.569533, -11.059120, -132.800822, -18.286542
320, -121.367867, -11.044710, -135.988160, -15.592157
321, -123.152367, -11.049370, -129.213035, -17.522502
322, -124.963200, -11.034860, -139.047583, -20.576773
323, -126.766833, -10.999430, -137.948794, -20.302535
324, -128.523100, -10.931517, -141.216919, -19.655004
325, -130.261833, -10.849857, -145.698524, -19.874246
326, -132.006733, -10.805447, -143.388806, -17.065702
327, -133.828967, -10.768093, -143.154443, -18.609682
328, -135.742267, -10.685927, -149.942502, -17.211315
329, -137.670633, -10.531783, -160.788564, -10.532221
330, -139.608167, -10.323223, -157.291144, -11.132184
331, -141.564167, -10.159083, -155.924553, -12.189572
332, -143.475367, -10.011206, -155.487407, -8.291497
333, -145.404567, -9.808758, -152.942973, -10.754298
334, -147.319567, -9.639013, -154.846018, -11.351433
335, -149.198400, -9.438063, -155.217066, -10.043430
336, -151.056800, -9.224578, -155.612153, -7.802215
337, -152.856800, -9.058800, -157.895889, -8.562064
338, -154.610633, -8.962352, -155.328089, -7.438175
339, -156.311800, -8.903744, -161.007896, -8.287686
340, -158.055233, -8.802311, -173.830517, -10.140417
341, -159.784300, -8.627120, -179.075662, -6.099464
342, -161.555633, -8.395953, -174.673181, -10.746958
343, -163.346900, -8.184207, -178.823574, -5.058621
344, -165.164767, -8.031113, -176.025633, -5.900481
345, -167.063033, -7.870640, -177.782521, -5.786993
346, -169.094100, -7.744824, -176.218403, -7.264889
347, -171.192450, -7.723343, -177.285925, -7.287228
348, -173.324586, -7.767419, 171.416089, -6.616432
349, -175.376183, -7.770709, 167.072734, -8.729670
350, -177.293183, -7.752252, 168.324260, -8.300621
351, -179.080690, -7.603080, 168.551726, -8.276456
352, 179.200820, -7.331218, 169.070431, -6.940058
353, 177.555383, -7.170492, 169.150837, -8.463897
354, 175.989580, -7.151069, 168.697745, -9.912285
355, 174.532330, -7.201444, 168.940827, -8.023029
356, 173.251323, -7.288032, 168.717342, -8.414166
357, 172.221793, -7.384561, 169.448810, -6.419711
358, 171.389880, -7.407866, 170.100835, -7.398755
359, 170.736887, -7.363775, 170.492607, -7.386324
360, 170.259027, -7.281070, 170.171318, -7.198806
361, 170.028610, -7.180115, 167.050797, -7.420676
362, 169.907997, -7.009291, 158.215858, -10.684944
363, 169.885317, -6.897055, 156.138472, -8.347432
364, 169.905340, -6.815032, 154.784391, -10.011594
365, 170.016417, -6.814071, 153.361326, -11.749535
366, 170.168040, -6.836850, 153.338669, -11.189540
367, 170.386487, -6.887733, 153.456638, -10.598165
368, 170.559420, -6.910009, 159.197996, -8.227370
369, 170.705153, -6.899968, 169.488313, -3.479567
370, 170.806803, -6.745072, 173.866918, -0.873301
371, 171.004507, -6.341029, 174.590029, 1.455205
372, 171.438573, -5.477090, 175.364435, 0.944163
373, 172.163560, -3.955320, 174.527522, 0.619292
374, 173.376557, -1.875610, 174.901900, 1.240467
375, 174.658680, 0.297297, 176.368905, 4.435300
376, 175.893960, 2.401267, 177.209095, 10.296239
377, 176.876747, 4.110067, 176.286459, 9.395602
378, 177.784683, 5.615200, 176.635836, 10.123889
379, 178.577987, 7.005500, 177.963599, 11.825184
380, 179.975368, 8.514566, 178.388770, 11.477557
381, -177.322285, 10.502766, 178.707011, 12.199660
382, -174.244970, 12.733933, -177.018585, 14.288271
383, -171.185942, 14.822167, -176.166998, 14.488283
384, -168.597534, 16.567333, -173.668489, 14.611312
385, -165.917434, 18.264833, -171.161785, 16.070279
386, -163.045767, 19.857100, -162.147459, 21.224985
387, -160.270633, 21.436333, -157.250334, 24.539871
388, -157.710033, 22.772500, -156.051967, 26.171249
389, -155.645200, 23.989333, -155.714177, 26.483950
390, -153.645733, 25.152233, -155.874621, 25.172334
391, -152.013633, 25.999900, -150.833785, 26.870978
392, -150.712667, 26.858000, -140.664900, 30.472891
393, -149.543267, 27.704167, -139.713677, 30.306273
394, -148.777867, 28.367800, -137.097049, 30.112662
395, -148.298400, 29.016900, -137.908470, 29.846467
396, -147.901933, 29.723833, -138.358652, 30.564259
397, -147.491767, 30.399633, -136.446649, 33.072421
398, -147.059567, 31.208533, -137.779195, 40.361916
399, -146.679633, 32.150933, -136.325553, 47.098458
400, -146.368100, 33.065633, -136.377811, 49.168420
401, -145.977567, 33.964967, -137.105514, 49.213075
402, -145.458300, 34.888333, -137.550936, 50.171377
403, -144.844633, 35.930933, -134.119789, 51.856072
404, -144.015167, 37.146267, -133.107450, 51.775414
405, -143.026700, 38.299333, -134.269745, 50.828936
406, -141.873533, 39.305567, -135.355850, 49.876664
407, -140.591367, 40.351967, -132.569127, 50.846570
408, -139.239533, 41.310733, -131.211648, 51.184628
409, -137.894700, 42.134033, -133.903419, 49.191325
410, -136.324633, 42.962267, -126.301539, 50.468060
411, -134.810667, 43.516967, -119.569545, 52.385362
412, -133.515567, 43.823800, -121.902894, 52.672888
413, -132.245400, 44.107433, -124.145669, 51.280081
414, -131.079400, 44.419333, -123.416865, 50.935806
415, -130.145933, 44.680933, -123.680931, 50.461718
416, -129.445667, 45.010200, -124.241251, 50.535531
417, -128.828033, 45.348100, -124.375662, 51.197696
418, -128.316333, 45.599633, -123.563138, 51.867612
419, -127.863867, 45.789233, -122.844447, 51.971482
420, -127.204933, 46.093533, -123.697325, 51.546167
421, -126.213333, 46.413700, -118.887255, 52.662017
422, -124.887634, 46.649467, -115.780521, 52.897108
423, -122.701633, 46.770733, -115.187281, 52.947789
424, -119.907399, 46.815800, -113.900690, 52.582739
425, -117.049899, 46.885933, -114.414306, 52.295209
426, -114.444399, 47.071067, -112.814973, 53.138536
427, -112.610300, 47.403933, -113.136951, 52.101480
428, -111.321300, 47.658833, -113.928235, 51.054806
429, -110.248367, 47.751067, -112.187881, 52.069487
430, -108.817034, 47.669767, -107.981771, 53.825654
431, -106.713100, 47.427500, -105.498921, 54.381388
432, -104.175434, 47.268633, -106.529772, 54.246539
433, -101.412234, 46.942233, -105.416357, 51.182329
434, -98.437734, 46.476567, -104.347768, 53.685952
435, -95.381467, 46.144700, -101.487011, 54.357639
436, -92.304466, 45.876733, -102.662213, 55.213495
437, -89.403533, 45.542033, -103.468370, 54.913872
438, -86.587100, 45.135033, -93.064819, 54.153318
439, -83.891266, 44.717933, -74.406605, 51.953314
440, -81.331433, 44.372633, -59.681123, 47.885126
441, -78.783533, 43.988600, -43.679798, 46.471046
442, -76.245200, 43.645033, -37.425578, 47.670330
443, -73.835433, 43.301767, -37.106262, 46.951052
444, -71.813567, 42.901167, -40.792468, 46.527222
445, -69.565100, 42.453033, -39.523006, 46.315977
446, -67.234533, 42.059300, -39.125388, 47.238940
447, -64.839367, 41.757867, -41.026664, 46.646730
448, -62.603999, 41.422267, -36.184064, 45.054970
449, -60.773700, 41.108267, -26.155903, 42.347662
450, -59.075100, 40.861800, -25.496757, 42.119183
451, -57.351033, 40.574033, -27.680733, 40.788400
452, -55.630467, 40.272667, -27.809420, 41.883539
453, -53.893033, 39.953867, -29.015542, 41.902232
454, -52.153233, 39.667567, -29.895989, 41.367190
455, -50.537200, 39.469333, -31.494628, 41.110304
456, -49.031233, 39.327567, -31.696418, 41.118558
457, -47.442200, 39.190533, -31.248060, 40.938231
458, -45.867067, 38.963833, -32.247938, 40.261753
459, -44.354467, 38.674200, -30.268136, 39.674571
460, -42.766433, 38.377433, -25.160597, 37.308837
461, -41.121033, 38.111033, -24.556511, 36.842757
462, -39.465000, 37.905533, -25.061859, 37.340626
463, -37.707167, 37.707933, -25.031240, 37.730931
464, -35.923033, 37.496167, -25.393168, 38.279855
465, -34.241000, 37.264733, -28.723000, 35.807984
466, -32.684167, 37.040733, -29.672151, 34.437248
467, -31.255233, 36.799400, -27.553700, 35.833055
468, -29.932867, 36.571767, -24.724425, 35.678527
469, -28.741800, 36.393933, -21.601908, 35.526435
470, -27.666500, 36.229967, -21.156946, 35.562315
471, -26.675033, 36.033700, -21.653365, 34.855014
472, -25.802300, 35.847000, -21.716004, 34.388618
473, -24.990533, 35.680733, -20.556168, 34.771161
474, -24.209133, 35.515900, -21.154207, 34.754487
475, -23.497100, 35.353700, -20.686981, 34.660845
476, -22.883900, 35.215433, -21.032289, 34.441818
477, -22.370367, 35.229800, -21.604760, 34.895982
478, -21.918533, 35.285000, -20.747101, 34.762932
479, -21.531733, 35.301567, -20.257722, 34.890753
480, -21.220533, 35.343467, -20.297538, 34.457528
481, -20.930167, 35.373167, -20.643312, 34.386930
482, -20.685367, 35.378200, -20.005027, 33.964903
483, -20.522933, 35.357900, -20.251099, 33.796935
484, -20.417367, 35.278800, -20.670883, 33.438319
485, -20.396267, 35.188600, -21.153977, 33.238817
486, -20.478700, 35.105867, -21.632134, 33.132677
487, -20.682767, 35.001867, -21.878881, 33.154550
488, -20.979233, 34.869667, -21.871568, 33.589570
489, -21.312967, 34.739200, -22.049325, 32.895825
490, -21.623333, 34.597800, -22.290159, 28.508318
491, -21.897300, 34.392600, -23.155756, 28.669277
492, -22.143467, 34.081833, -22.670993, 28.277205
493, -22.329433, 33.641700, -23.155697, 28.171494
494, -22.428867, 32.972600, -22.701013, 27.843937
495, -22.524900, 31.895433, -22.699151, 27.254689
496, -22.713767, 30.441300, -23.157994, 25.526237
497, -22.947033, 28.613234, -23.680762, 22.105927
498, -23.315000, 25.568700, -24.718187, 5.528538
499, -23.315000, 25.568700, -24.718187, 5.528538
500, -23.642067, 21.200433, -24.006468, 2.932019
501, -23.693300, 19.013500, -26.399632, -2.423966
502, -23.739733, 16.011466, -24.121581, -3.541344
503, -23.771400, 13.676833, -22.894300, -2.398763
504, -23.803600, 11.491266, -23.795342, -1.148329
505, -23.872733, 9.489033, -22.723802, -0.395794
506, -23.896267, 7.691900, -22.949932, -0.387565
507, -23.975333, 5.967867, -22.612825, -1.380722
508, -24.108600, 4.373233, -21.192568, -9.290650
509, -24.242733, 2.922700, -22.786378, -9.092644
510, -24.410333, 1.516533, -22.999775, -9.866998
511, -24.587967, 0.254986, -22.702151, -9.788873
512, -24.754533, -0.880974, -22.750600, -8.779042
513, -24.840833, -1.690177, -23.928092, -7.398536
514, -24.770700, -1.922737, -23.191934, -6.525531
515, -24.631167, -1.705820, -23.050183, -7.038957
516, -24.464767, -1.536460, -23.012800, -5.758281
517, -24.322167, -1.563967, -22.851721, -5.285881
518, -24.256500, -1.709159, -22.666729, -5.554909
519, -24.218933, -1.927662, -22.696551, -5.934032
520, -24.189967, -2.160314, -22.649243, -6.088795
521, -24.181167, -2.344989, -22.735730, -5.950132
522, -24.187667, -2.472950, -22.858592, -6.150126
523, -24.192933, -2.530709, -22.737032, -6.389811
524, -24.175200, -2.522934, -22.589068, -6.177294
525, -24.126433, -2.513916, -22.442302, -5.842602
526, -24.066600, -2.534160, -22.374848, -5.711058
527, -24.002300, -2.580111, -22.628974, -5.864229
528, -23.923567, -2.604710, -17.553323, -7.601874
529, -23.837600, -2.607252, -16.102023, -8.632541
530, -23.727100, -2.619955, -16.467937, -9.449702
531, -23.575900, -2.629865, -14.216559, -8.592782
532, -23.382467, -2.623587, -14.061840, -8.650416
533, -23.180033, -2.596903, -14.052976, -8.774574
534, -22.985867, -2.587825, -13.920563, -8.639539
535, -22.800533, -2.582985, -13.823289, -8.627372
536, -22.584333, -2.568824, -13.733240, -8.775903
537, -22.319167, -2.567380, -13.606100, -8.833871
538, -21.986733, -2.648411, -13.361935, -9.246575
539, -21.436600, -2.773204, -12.924527, -9.580540
540, -20.559067, -2.863800, -12.371662, -10.271758
541, -19.398867, -2.909165, -11.606251, -10.327369
542, -18.013633, -2.916852, -13.801132, -10.263777
543, -16.465367, -2.903260, -14.843245, -9.552881
544, -14.849867, -2.838693, -10.271249, -9.237583
545, -13.206933, -2.774078, -0.082264, -8.578240
546, -11.602700, -2.768072, 2.897836, -7.704098
547, -10.050267, -2.857905, 3.483820, -7.038005
548, -8.516733, -3.035301, 2.838871, -8.251729
549, -6.945667, -3.286078, 2.453869, -6.414733
550, -5.300967, -3.555452, 0.466311, -7.572691
551, -3.580434, -3.790559, -0.666153, -8.139413
552, -1.755400, -3.904060, 0.643099, -6.191889
553, 0.126200, -3.954485, 1.277724, -6.046159
554, 2.030500, -3.945778, 2.171506, -7.508960
555, 3.911200, -3.913495, 3.569278, -7.339868
556, 5.775033, -3.897733, 12.847840, -6.083662
557, 7.636400, -3.854621, 28.359173, -5.510122
558, 9.497667, -3.818427, 31.995568, -6.538985
559, 11.339733, -3.867432, 33.126301, -7.693130
560, 13.194233, -3.982245, 34.475071, -5.266383
561, 15.031733, -4.066782, 30.649272, -8.021308
562, 16.910533, -4.088563, 31.643575, -7.358520
563, 18.774833, -4.075857, 32.568536, -5.662003
564, 20.639667, -4.047216, 32.115951, -4.233314
565, 22.467000, -4.010278, 31.581824, -4.292830
566, 24.252900, -3.910072, 38.715686, -4.294595
567, 25.995633, -3.816637, 42.590334, -4.472152
568, 27.645533, -3.710500, 42.093243, -3.147878
569, 29.242400, -3.613606, 41.329395, -2.283376
570, 30.770100, -3.561797, 41.340193, -2.617646
571, 32.208267, -3.486714, 41.316637, -2.734376
572, 33.540333, -3.371810, 40.594006, -3.196118
573, 34.756533, -3.260737, 39.024756, -3.842776
574, 35.900267, -3.158099, 37.399344, -5.313687
575, 36.999867, -3.018944, 38.255629, -4.558387
576, 38.086533, -2.904538, 39.163126, -4.043126
577, 39.113767, -2.821504, 39.339542, -3.903983
578, 40.042767, -2.766083, 41.017267, -3.367690
579, 40.838633, -2.763396, 49.315645, -4.681533
580, 41.506867, -2.756443, 52.338108, -6.686070
581, 42.074567, -2.792732, 56.361612, -1.469778
582, 42.547867, -2.825344, 56.495370, -1.345673
583, 42.947967, -2.819660, 56.777247, -1.229277
584, 43.306067, -2.786403, 56.501530, -1.188491
585, 43.638433, -2.745680, 56.178408, -1.100734
586, 43.941367, -2.702366, 56.265678, -1.390150
587, 44.210167, -2.647150, 56.209580, -1.442182
588, 44.427833, -2.626522, 55.293467, -1.540550
589, 44.604833, -2.612217, 55.325657, -1.386545
590, 44.742733, -2.643705, 55.460524, -1.629559
591, 44.854167, -2.676017, 55.306970, -1.203452
592, 44.958833, -2.733527, 53.176277, -3.132299
593, 44.958833, -2.733527, 53.176277, -3.132299
594, 45.029700, -2.990220, 46.652063, -23.338842
595, 45.029800, -3.171527, 46.881081, -21.382094
596, 45.033200, -3.208620, 40.188255, -14.745010
597, 45.059767, -3.259152, 43.649898, -14.248747
598, 45.115200, -3.297964, 43.315329, -14.989178
599, 45.199533, -3.339909, 42.898787, -13.246990
600, 45.272700, -3.358968, 43.464709, -13.161166
