1, 37.113752, 22.335353, 35.396095, 6.312876
2, 41.352400, 17.570800, 41.678170, 7.570656
3, 41.013200, 16.449750, 40.869953, 6.479993
4, 40.532667, 14.978833, 40.633796, 6.871717
5, 40.151633, 13.867333, 41.935609, 5.394351
6, 39.804900, 12.955367, 40.576041, 4.733627
7, 39.542800, 12.215300, 39.887283, 6.345961
8, 39.392300, 11.641767, 40.010431, 6.462248
9, 39.368367, 11.221400, 40.737789, 6.944224
10, 39.450167, 10.927300, 41.114345, 6.889827
11, 39.602033, 10.720933, 44.548972, 3.626470
12, 39.785833, 10.537500, 49.217595, -2.833525
13, 39.975967, 10.355133, 49.636445, -2.692332
14, 40.132300, 10.158733, 49.593896, -2.475852
15, 40.260800, 9.962000, 49.759004, -2.444281
16, 40.327600, 9.790167, 49.817187, -2.170498
17, 40.364933, 9.644967, 49.762534, -2.076694
18, 40.388367, 9.480100, 50.034432, -2.364443
19, 40.402800, 9.342567, 50.191793, -2.527194
20, 40.413500, 9.217533, 50.270883, -2.709649
21, 40.423433, 9.112900, 50.095744, -2.891535
22, 40.433433, 9.007700, 50.127502, -2.947997
23, 40.422300, 8.903333, 50.144457, -2.904972
24, 40.339300, 8.873250, 49.898607, -2.991159
25, 40.030567, 8.824800, 49.481928, -2.825245
26, 39.074767, 8.689867, 48.792422, -2.633582
27, 37.009836, 8.472200, 44.619013, -1.891545
28, 33.716803, 8.205333, 32.498324, -0.687283
29, 29.119373, 7.893333, 19.048312, 2.752639
30, 23.748099, 7.359600, 3.740655, 4.718162
31, 18.047699, 6.658467, -2.340064, 3.531763
32, 12.495963, 5.968567, -14.250339, 3.521613
33, 7.498828, 5.446767, -14.963889, 3.075089
34, 3.152198, 5.115233, -17.594661, 3.744135
35, -0.537035, 4.809433, -16.073627, 4.561411
36, -3.282700, 4.453000, -13.262731, 2.643496
37, -5.246334, 4.037133, -11.740304, 3.180658
38, -6.591100, 3.494567, -10.974046, 2.585595
39, -7.412100, 3.131400, -10.804281, 3.573109
40, -7.984633, 2.944167, -18.865062, 1.975752
41, -8.481033, 2.790167, -20.661786, 1.561763
42, -9.009733, 2.619967, -21.201848, 1.828631
43, -9.615567, 2.348667, -20.605805, 1.891443
44, -10.196333, 2.026100, -20.730139, 1.710219
45, -10.756900, 1.752600, -20.592160, 1.323378
46, -11.440833, 1.505967, -20.723518, 1.164868
47, -12.157900, 1.155367, -20.603941, 1.381615
48, -12.886400, 0.825200, -20.679787, 1.215009
49, -13.668833, 0.608800, -21.145285, 0.860802
50, -14.452767, 0.439400, -21.276299, 1.324184
51, -15.174967, 0.271067, -20.952810, 1.263785
52, -15.829933, 0.140733, -20.277029, -1.291116
53, -16.385267, 0.020210, -20.016860, -2.213074
54, -16.802633, -0.069048, -19.517212, -1.705358
55, -17.093667, -0.232447, -19.452703, -1.824340
56, -17.292900, -0.310350, -19.526296, -1.913594
57, -17.474267, -0.419786, -19.804989, -1.954599
58, -17.628833, -0.641246, -19.675707, -2.087673
59, -17.794333, -0.646065, -19.851091, -2.282609
60, -17.958933, -0.719914, -19.945061, -2.436618
61, -18.119100, -0.888623, -19.830984, -2.525694
62, -18.398733, -0.768662, -19.794819, -4.537082
63, -18.673500, -0.746033, -19.855237, -5.438605
64, -18.927967, -0.764527, -20.196570, -5.583833
65, -19.210500, -0.763887, -20.402735, -5.609559
66, -19.421067, -0.868224, -20.432799, -5.781981
67, -19.533900, -0.970012, -20.409349, -5.883889
68, -19.579833, -0.967102, -20.168512, -5.716300
69, -19.569333, -1.063394, -19.942114, -6.076317
70, -19.547933, -1.262656, -19.663121, -6.011375
71, -19.557567, -1.457190, -19.715486, -6.101729
72, -19.640500, -1.602931, -20.002446, -6.136833
73, -19.837233, -1.775328, -20.110807, -5.723683
74, -20.244275, -1.951188, -20.399318, -5.610892
75, -20.781733, -2.078518, -20.739907, -5.611384
76, -21.336500, -2.183022, -20.540815, -5.023109
77, -21.958333, -2.229347, -20.749106, -3.630576
78, -22.624467, -2.199144, -20.502619, -2.662561
79, -23.262933, -2.199356, -20.602515, -2.679814
80, -23.822233, -2.201056, -20.684925, -2.582758
81, -24.314133, -2.205315, -20.623092, -2.759079
82, -24.775833, -2.211784, -20.384559, -2.910571
83, -25.259800, -2.103798, -20.634432, -3.169889
84, -25.767200, -1.956621, -20.943348, -3.052188
85, -26.267100, -1.878679, -21.206734, -2.848013
86, -26.803400, -1.846108, -21.711677, -3.211438
87, -27.430667, -1.838506, -21.847844, -3.746003
88, -28.105600, -1.892606, -21.844835, -4.095343
89, -28.799900, -2.011882, -21.862277, -3.831863
90, -29.493100, -2.163367, -21.730500, -4.281299
91, -30.156267, -2.259513, -21.727775, -4.319800
92, -30.728767, -2.411323, -21.607135, -4.211719
93, -31.175300, -2.786725, -21.488412, -4.596458
94, -31.569167, -3.296334, -21.859802, -4.666855
95, -31.874800, -3.670876, -21.647467, -4.653339
96, -32.007333, -3.933493, -21.196789, -3.739121
97, -32.028267, -4.042289, -21.043638, -3.890269
98, -31.970950, -4.017245, -20.846080, -3.733997
99, -31.798467, -4.065329, -20.665139, -3.756413
100, -31.556333, -4.262054, -20.452998, -3.660180
101, -31.286533, -4.503818, -20.319182, -3.897976
102, -31.039733, -4.740652, -20.244338, -4.242542
103, -30.814200, -4.975859, -20.192993, -4.351288
104, -30.638367, -5.262833, -22.613127, -10.145702
105, -30.512900, -5.754820, -24.747639, -19.451360
106, -30.463533, -6.638191, -26.015929, -25.230156
107, -30.459933, -7.780327, -26.659398, -26.499431
108, -30.437767, -8.853360, -26.997254, -27.145576
109, -30.347200, -9.996984, -26.452811, -26.733253
110, -30.283400, -11.078970, -26.751513, -26.044025
111, -30.354833, -11.940570, -26.562009, -26.773986
112, -30.499067, -12.759137, -26.870722, -27.072274
113, -30.778967, -13.435480, -27.022459, -26.342477
114, -31.158700, -14.044967, -27.131416, -26.450612
115, -31.625867, -14.549347, -27.032222, -26.437520
116, -32.099700, -14.913587, -26.971886, -26.231226
117, -32.509267, -15.259533, -27.628511, -26.336242
118, -32.817733, -15.593303, -27.449685, -26.047205
119, -33.017633, -15.902897, -26.863506, -26.286817
120, -33.109400, -16.237923, -26.139782, -31.042137
121, -33.117567, -16.630477, -25.169941, -36.193288
122, -33.063733, -17.132650, -25.058378, -36.557640
123, -32.990300, -17.715710, -25.234787, -36.713633
124, -32.978267, -18.259110, -24.308654, -37.244470
125, -33.005433, -18.707023, -24.499174, -37.544623
126, -33.115800, -19.034390, -25.684223, -37.110946
127, -33.261233, -19.236187, -26.221797, -36.695900
128, -33.393933, -19.361440, -25.958156, -36.892441
129, -33.489067, -19.453527, -26.242220, -37.217548
130, -33.553067, -19.519377, -26.263574, -37.075354
131, -33.542733, -19.519887, -26.349094, -37.111769
132, -33.477633, -19.488963, -26.365007, -37.121289
133, -33.384600, -19.440240, -26.329129, -37.084290
134, -33.337900, -19.270493, -26.685189, -37.130570
135, -33.388167, -19.008253, -26.878064, -36.983581
136, -33.553800, -18.640650, -27.102713, -36.600746
137, -34.023700, -17.952833, -27.589947, -36.952744
138, -34.908400, -16.997733, -28.543058, -36.811347
139, -36.206700, -15.746910, -33.141280, -32.172051
140, -37.962800, -14.139990, -37.008204, -30.877355
141, -40.072566, -12.341480, -46.516861, -32.904663
142, -42.309433, -10.426320, -53.380184, -9.772380
143, -44.567900, -8.282831, -60.301505, -9.971667
144, -46.773400, -6.176944, -62.909842, 10.109218
145, -48.852733, -4.172318, -61.670515, 9.271318
146, -50.811134, -2.325247, -60.745685, 7.726882
147, -52.604967, -0.623909, -59.127943, 5.506395
148, -54.102300, 0.616300, -59.397356, 4.952488
149, -55.253900, 1.520333, -59.096514, 5.016994
150, -56.095400, 2.269267, -58.500246, 4.176413
151, -56.799000, 2.899433, -58.081171, 3.800555
152, -57.372400, 3.428100, -57.981141, 3.773748
153, -57.717500, 3.787733, -58.033976, 3.553796
154, -57.899267, 4.052133, -57.823803, 3.477921
155, -58.043233, 4.236733, -57.674156, 3.202294
156, -58.056400, 4.353033, -57.067965, 3.262888
157, -58.056900, 4.549167, -56.981804, 3.361776
158, -58.115350, 4.680750, -56.963582, 3.373590
159, -58.216200, 4.734800, -57.506155, 2.414378
160, -58.346333, 4.766067, -62.922448, -1.024927
161, -58.570700, 4.848467, -63.924773, -1.521459
162, -58.812933, 4.876467, -63.564908, -1.044628
163, -59.030067, 4.872067, -63.905881, -1.145711
164, -59.211033, 4.938533, -63.840103, -1.034483
165, -59.301467, 4.982367, -63.732827, -1.074256
166, -59.353233, 4.971933, -63.603366, -1.293005
167, -59.384233, 4.926900, -63.619463, -1.314721
168, -59.410833, 4.879633, -63.506766, -1.321317
169, -59.419700, 4.883233, -63.466372, -1.363155
170, -59.444033, 4.894733, -64.181398, -0.941744
171, -59.481467, 4.927967, -64.406715, 2.481380
172, -59.533800, 5.000100, -64.747116, 1.506550
173, -59.614200, 5.095867, -64.289359, 2.084457
174, -59.745033, 5.203033, -64.220248, 2.949583
175, -59.896067, 5.321167, -64.290908, 2.903632
176, -60.054733, 5.420800, -64.349826, 2.811386
177, -60.243433, 5.506867, -64.297676, 2.789139
178, -60.472767, 5.590200, -64.494060, 2.694452
179, -60.810500, 5.696433, -74.174398, 3.436640
180, -61.328167, 5.833800, -83.716439, 3.852027
181, -62.048800, 6.035167, -82.976807, 3.543807
182, -62.966367, 6.171367, -83.920132, 3.469826
183, -64.087433, 6.305633, -83.178165, 3.193965
184, -65.360500, 6.437333, -83.469685, 3.203905
185, -66.730867, 6.564867, -82.611794, 2.899333
186, -68.156900, 6.648767, -82.826905, 2.793413
187, -69.587067, 6.753867, -84.069335, 3.515918
188, -71.033433, 6.910567, -82.080244, 3.583418
189, -72.473000, 7.066800, -87.880235, 5.962295
190, -73.955700, 7.186533, -95.392537, 7.353194
191, -75.454100, 7.319300, -105.563153, 8.377803
192, -77.038633, 7.591700, -101.565983, 7.683870
193, -78.770800, 8.062933, -102.586033, 8.170683
194, -80.503900, 8.614333, -100.882305, 8.022519
195, -82.139733, 9.267600, -101.114438, 8.476125
196, -83.879166, 10.007300, -102.657793, 9.646806
197, -85.903233, 10.772667, -104.208361, 9.521067
198, -87.882767, 11.422800, -104.076469, 10.223085
199, -89.833033, 11.957833, -107.306159, 13.033108
200, -91.719633, 12.607433, -109.220619, 15.891625
201, -93.503433, 13.305867, -109.993266, 16.286592
202, -95.203367, 13.938467, -106.654710, 14.422971
203, -96.770900, 14.632833, -107.156696, 15.282052
204, -98.209400, 15.558233, -106.715474, 15.880150
205, -99.706933, 16.802333, -107.656307, 22.863608
206, -101.112233, 18.404366, -112.510840, 32.485790
207, -102.393267, 20.239033, -119.960311, 40.938693
208, -103.817300, 22.213866, -123.347437, 45.181783
209, -105.359167, 24.440066, -137.208069, 53.983852
210, -106.832900, 27.037900, -139.354272, 55.361914
211, -108.198234, 29.621567, -129.405059, 51.849533
212, -109.455100, 31.892367, -127.686981, 50.504819
213, -110.771767, 33.696033, -126.907106, 49.631932
214, -112.152467, 35.266400, -127.224988, 49.931137
215, -113.511400, 36.705533, -125.353054, 49.832817
216, -114.770467, 37.969767, -127.740438, 50.062684
217, -115.692567, 38.777200, -135.676900, 50.516873
218, -116.414567, 39.274433, -135.852161, 50.267069
219, -117.039100, 39.530167, -135.310737, 50.096785
220, -117.529133, 39.628200, -135.935828, 50.166935
221, -118.010233, 39.790867, -135.650605, 49.658458
222, -118.416733, 39.910067, -135.356776, 49.637454
223, -118.749033, 39.947867, -135.746611, 49.658573
224, -119.071767, 39.968900, -135.156872, 49.259116
225, -119.472367, 40.017400, -134.859083, 49.389029
226, -119.989500, 40.065667, -134.768344, 49.386931
227, -120.517567, 40.031500, -134.746715, 49.163331
228, -121.054167, 39.976300, -134.802533, 49.118522
229, -121.576700, 39.895567, -134.679019, 48.939088
230, -122.067167, 39.767900, -134.443149, 49.011155
231, -122.574200, 39.570667, -133.198833, 49.015244
232, -123.042733, 39.468233, -122.049438, 51.543605
233, -123.477000, 39.282300, -120.315116, 52.825608
234, -123.837567, 39.020333, -119.539153, 52.068818
235, -124.148233, 38.709367, -119.360329, 51.643811
236, -124.499867, 38.392000, -119.856872, 51.401146
237, -124.925967, 38.001467, -119.928646, 51.173108
238, -125.435367, 37.581333, -119.841742, 51.545682
239, -125.899833, 37.177933, -119.472540, 51.565772
240, -126.157200, 36.803200, -119.556653, 51.717324
241, -126.327067, 36.450000, -119.481482, 51.713643
242, -126.432167, 36.154000, -118.999277, 51.668479
243, -126.461500, 35.866533, -118.994737, 51.932238
244, -126.496433, 35.482300, -118.749332, 51.505911
245, -126.563100, 34.901500, -122.582279, 47.335042
246, -126.672967, 33.992933, -128.421696, 38.160354
247, -126.874867, 32.631334, -132.142969, 28.246030
248, -127.150433, 30.763767, -134.129751, 18.987425
249, -127.528367, 28.505067, -135.180216, 8.934277
250, -128.038033, 25.754834, -136.213860, 1.189430
251, -128.579767, 22.571400, -136.446214, -1.662370
252, -129.091500, 19.347433, -136.552299, -1.467034
253, -129.576433, 16.320733, -136.531044, -0.901178
254, -130.217267, 13.590733, -137.171591, -0.947187
255, -131.037700, 11.161766, -137.112072, -0.029794
256, -132.013467, 9.027600, -141.040383, -3.723581
257, -133.227900, 7.195133, -147.441176, -7.106323
258, -134.615233, 5.562733, -148.142549, -8.333895
259, -135.924900, 4.249067, -146.736529, -6.850590
260, -137.139367, 3.264433, -147.172787, -6.387464
261, -138.175667, 2.348533, -147.070664, -6.597653
262, -138.920300, 1.514733, -146.349734, -5.978677
263, -139.493300, 0.748467, -145.990359, -5.898077
264, -139.846133, 0.079606, -145.886946, -6.229565
265, -140.128433, -0.551514, -145.996999, -6.116116
266, -140.366233, -1.167023, -143.835042, -5.600335
267, -140.556500, -1.728497, -144.073369, -5.641249
268, -140.650933, -2.132224, -142.866653, -3.479599
269, -140.563367, -2.385819, -142.946630, -2.617991
270, -140.319633, -2.576030, -142.692470, -2.372241
271, -139.988100, -2.660745, -142.116834, -2.192434
272, -139.561933, -2.710469, -141.760520, -1.955952
273, -139.033367, -2.778325, -141.484419, -1.680869
274, -138.396867, -2.832415, -141.390810, -1.801695
275, -137.700500, -2.887588, -141.608279, -2.089314
276, -136.991233, -2.951578, -141.596999, -2.148604
277, -136.320633, -2.999989, -141.134074, -2.399965
278, -135.835550, -3.042456, -141.384969, -2.279166
279, -135.286500, -3.108238, -141.635719, -2.007909
280, -134.871267, -3.152111, -141.657390, -2.199349
281, -134.464500, -3.260421, -141.594076, -2.076819
282, -134.020233, -3.307319, -141.564726, -2.030659
283, -133.593233, -3.359148, -141.887558, -1.853193
284, -133.181033, -3.435436, -142.491229, -1.732506
285, -132.788167, -3.458341, -142.827690, -1.726663
286, -132.488967, -3.439233, -142.986830, -1.579974
287, -132.280300, -3.431040, -143.396700, -1.367515
288, -132.158933, -3.432675, -149.225452, -2.076861
289, -132.162300, -3.481668, -148.278289, -3.338608
290, -132.220400, -3.544809, -149.153707, -3.115019
291, -132.346433, -3.574683, -151.050188, -2.133698
292, -132.498100, -3.640752, -151.194730, -2.191842
293, -132.645400, -3.724014, -151.290781, -2.235980
294, -132.792067, -3.777224, -151.356904, -2.186951
295, -132.928600, -3.783941, -151.056397, -2.486931
296, -133.079800, -3.789991, -151.256156, -2.483257
297, -133.218333, -3.753067, -151.119578, -2.543817
298, -133.376700, -3.726024, -151.322111, -2.484352
299, -133.536767, -3.709001, -151.639550, -2.416563
300, -133.643600, -3.650828, -151.133245, -2.381157
301, -133.600933, -3.625399, -142.780398, -5.255471
302, -133.356600, -3.632788, -129.024323, -8.994059
303, -133.023967, -3.600340, -121.076193, -10.616225
304, -132.688367, -3.555103, -121.165086, -11.011250
305, -132.402567, -3.464009, -120.917588, -10.611097
306, -132.159300, -3.438925, -120.695036, -10.291755
307, -131.911933, -3.398122, -120.567330, -10.497416
308, -131.642567, -3.365456, -120.578638, -10.872387
309, -131.231500, -3.348169, -120.314688, -10.902748
310, -130.760933, -3.349723, -120.277016, -10.824505
311, -130.341867, -3.291197, -120.109527, -10.951172
312, -130.038367, -3.195750, -119.966490, -10.715840
313, -129.878100, -3.131206, -120.497406, -10.780834
314, -129.745567, -3.134500, -120.534452, -11.038323
315, -129.665933, -3.158231, -120.408345, -10.973935
316, -129.570333, -3.210946, -120.263895, -11.169473
317, -129.443667, -3.286766, -120.146048, -11.320449
318, -129.298933, -3.377242, -120.071416, -11.447146
319, -129.088533, -3.522948, -120.452759, -12.172635
320, -128.864200, -3.678894, -122.339445, -18.766071
321, -128.589033, -3.837151, -122.228819, -20.143003
322, -128.298100, -3.990158, -122.989439, -19.752821
323, -128.026033, -4.161222, -122.172253, -19.978192
324, -127.704433, -4.335646, -122.086451, -20.012278
325, -127.372733, -4.439297, -121.945793, -20.067546
326, -127.063700, -4.552165, -121.823351, -20.040686
327, -126.708233, -4.672001, -121.797286, -20.122547
328, -126.266933, -4.704815, -121.613448, -20.364018
329, -125.654300, -4.649995, -121.367486, -20.310490
330, -124.629300, -4.411507, -121.818080, -19.982362
331, -122.908967, -3.909929, -121.132233, -19.435249
332, -120.182468, -3.160229, -120.013738, -19.835939
333, -116.300737, -2.090942, -114.893792, -18.891702
334, -111.159837, -0.877722, -104.824746, -17.731936
335, -104.692911, 0.596600, -95.941121, -15.187211
336, -96.876937, 2.365200, -86.735720, -13.416305
337, -85.998900, 4.514300, -73.193378, -8.196057
338, -77.635082, 6.018500, -64.270079, -7.434598
339, -67.168290, 7.812400, -52.509039, -3.193380
340, -56.666397, 9.585800, -41.663758, -0.202800
341, -46.290194, 11.182767, -30.753128, 3.666074
342, -36.029556, 12.885933, -19.961701, 6.815615
343, -26.312568, 14.941134, -10.186355, 8.574420
344, -17.077480, 16.746067, -0.491572, 11.482197
345, -8.793349, 18.164134, 10.082674, 11.810672
346, -1.930127, 19.269333, 19.510964, 16.288004
347, 3.242774, 19.829100, 26.171935, 17.183894
348, 7.054767, 19.983467, 30.378883, 17.116790
349, 9.989401, 20.172633, 28.457648, 17.310326
350, 12.425300, 20.545733, 27.221385, 18.295767
351, 14.698234, 20.632367, 33.156305, 19.099095
352, 16.789899, 20.621167, 34.333936, 19.037325
353, 19.213933, 20.751600, 33.969716, 18.654071
354, 21.790833, 20.876600, 34.115740, 18.492846
355, 24.471967, 21.115233, 34.100202, 17.887714
356, 27.126600, 21.339667, 34.627057, 18.053560
357, 29.795500, 21.555333, 37.693605, 18.488610
358, 32.537867, 21.659933, 48.179261, 16.145750
359, 35.152533, 21.756433, 49.193243, 15.598919
360, 37.795601, 21.836333, 48.814058, 15.140648
361, 40.420033, 21.886667, 48.901611, 15.745615
362, 43.020367, 22.035233, 49.340169, 16.067846
363, 45.627667, 22.201367, 50.279488, 15.801567
364, 48.233800, 22.312833, 58.459526, 14.196234
365, 50.951200, 22.313433, 66.423005, 13.648884
366, 53.620267, 22.145300, 66.852500, 13.172805
367, 56.256233, 21.707100, 67.001179, 12.570016
368, 58.425650, 21.179800, 66.950526, 11.711264
369, 61.143867, 20.558233, 67.309494, 11.572509
370, 63.548567, 20.049467, 71.632543, 11.168998
371, 65.946200, 19.643967, 86.378948, 10.337703
372, 68.392833, 19.329733, 96.777812, 9.191225
373, 70.923167, 18.973000, 100.262503, 8.192648
374, 73.503233, 18.573100, 96.498285, 8.511132
375, 76.084500, 18.150333, 101.517914, 8.182368
376, 78.640567, 17.734067, 100.113161, 8.631549
377, 81.208067, 17.082800, 99.999436, 7.858701
378, 83.704400, 16.319000, 98.979676, 8.227495
379, 86.060400, 15.590067, 99.153395, 8.592986
380, 88.223267, 14.859267, 98.821090, 7.057273
381, 90.162951, 14.184967, 98.448797, 7.384741
382, 91.950118, 13.621133, 99.024949, 7.840436
383, 93.547450, 13.264567, 100.035042, 6.908025
384, 95.067860, 12.966800, 109.130842, 0.787471
385, 96.696902, 12.657733, 113.224589, -0.933628
386, 98.252119, 12.114200, 112.401443, -0.334561
387, 99.722678, 11.599800, 112.381164, 0.251935
388, 101.222540, 11.065133, 112.175938, -0.178826
389, 102.704247, 10.577067, 112.136349, -0.938927
390, 104.224403, 10.178600, 112.461375, -0.779206
391, 105.780787, 9.848167, 112.734382, -0.683276
392, 107.382350, 9.624967, 112.273360, -0.132469
393, 109.045237, 9.401900, 119.208571, 0.784269
394, 110.863150, 9.248267, 132.144993, 1.773875
395, 112.745833, 9.141300, 143.093862, 0.641653
396, 114.714637, 9.022900, 141.562427, 0.673046
397, 116.664720, 8.912533, 143.463144, 2.203158
398, 118.639846, 8.725700, 144.334212, 1.974840
399, 120.627140, 8.564567, 143.554683, 2.445872
400, 122.672140, 8.280967, 141.438479, 1.596599
401, 124.684633, 7.969867, 140.660553, 0.085261
402, 126.626350, 7.663100, 141.277524, -0.476891
403, 128.445706, 7.355367, 141.283690, 0.174761
404, 130.186373, 7.092600, 140.566901, -0.420488
405, 131.789807, 6.795700, 143.485653, -1.916504
406, 133.318470, 6.554633, 156.320464, -2.008688
407, 134.723783, 6.374833, 163.988875, -2.039601
408, 136.153397, 6.185133, 165.307437, -1.527239
409, 137.618460, 5.948667, 164.980577, -1.562442
410, 139.184297, 5.612800, 164.268876, -1.162646
411, 140.722023, 5.269867, 164.823849, -0.679361
412, 142.264217, 5.048367, 163.836308, -0.586581
413, 143.728407, 4.829967, 166.935445, -0.720644
414, 145.056363, 4.723800, 164.631574, -0.941667
415, 146.303417, 4.554700, 162.417721, -0.851095
416, 147.410093, 4.307433, 162.453848, -0.880343
417, 148.528877, 4.179767, 163.599295, -0.765076
418, 149.660287, 3.988933, 172.922832, -2.188880
419, 150.955923, 3.767567, -177.576796, -2.952848
420, 152.523900, 3.563600, -174.684389, -2.183435
421, 154.272257, 3.421833, -175.359499, -2.235269
422, 156.082534, 3.178600, -174.949552, -1.565227
423, 157.836427, 3.012167, -174.318797, -1.147064
424, 159.511120, 2.786833, -173.830575, -0.192413
425, 161.017333, 2.541100, -175.513078, -0.668358
426, 162.376703, 2.254033, -178.651329, -1.693845
427, 163.619103, 1.974900, -177.609296, -0.987196
428, 164.632093, 1.666933, -177.869013, -1.698419
429, 165.395430, 1.503333, -178.295944, -1.518315
430, 165.816130, 1.355700, -173.373742, 1.011276
431, 165.972100, 1.363133, -167.430972, 3.832525
432, 166.048117, 1.380500, -167.742858, 3.303128
433, 166.119300, 1.302167, -169.815311, 1.695384
434, 166.216700, 1.242100, -169.268408, 2.429835
435, 166.141347, 1.167733, -169.397376, 2.570151
436, 166.021067, 1.106233, -169.724546, 2.698225
437, 165.785677, 0.962333, -169.988268, 2.854071
438, 165.547250, 0.906300, -170.137944, 2.497956
439, 165.323480, 0.877900, -171.053717, 1.846802
440, 165.069907, 0.815433, -171.763484, 1.671816
441, 164.868277, 0.777300, -172.133458, 1.763000
442, 164.617617, 0.749033, -172.800377, 2.148859
443, 164.403177, 0.760433, 179.989568, 5.004927
444, 164.130440, 0.740967, 172.111293, 5.253570
445, 163.936653, 0.873833, 171.179296, 6.345488
446, 163.711977, 0.921900, 171.232924, 6.284926
447, 163.442307, 0.914900, 171.313444, 5.879539
448, 163.204497, 1.022500, 171.433781, 6.148807
449, 163.072163, 1.052000, 171.456571, 6.369704
450, 163.058107, 1.038200, 171.562069, 6.439890
451, 163.065883, 1.017967, 171.546160, 6.149108
452, 163.092010, 1.007467, 172.571971, 5.671132
453, 163.040520, 1.002067, 179.684015, 2.646737
454, 163.005753, 0.974833, -177.167912, 1.919039
455, 162.987443, 0.949533, -177.019201, 1.646818
456, 162.970483, 0.866467, -176.889496, 1.707749
457, 162.944697, 0.858433, -176.904536, 1.710212
458, 162.878375, 0.869600, -176.996718, 1.754805
459, 162.770837, 0.875833, -177.139799, 1.587018
460, 162.624397, 0.944600, 177.827975, -2.535753
461, 162.511187, 0.989133, 177.084013, -3.273008
462, 162.417360, 1.051833, 177.094129, -3.176869
463, 162.371833, 1.078433, 177.173643, -3.281201
464, 162.360407, 1.075633, 177.301235, -3.283170
465, 162.305007, 1.072967, 177.236815, -3.294396
466, 162.243453, 1.071067, 177.356575, -3.485563
467, 162.107000, 1.076367, 177.330045, -3.507404
468, 161.989950, 1.026233, 177.351411, -3.547202
469, 161.878790, 1.018633, 172.541447, -3.786942
470, 161.769440, 1.024933, 160.502868, -3.259580
471, 161.639080, 1.081900, 148.852930, -2.067509
472, 161.410153, 1.150133, 143.713359, -2.131579
473, 161.075343, 1.297300, 143.793337, -2.077055
474, 160.558307, 1.514600, 143.337923, -1.647848
475, 159.628980, 1.888167, 143.162017, -1.562166
476, 157.732576, 2.488533, 142.000216, -1.064990
477, 154.814414, 3.046067, 140.934451, -1.350583
478, 151.229743, 3.941200, 140.463440, -1.437090
479, 147.677455, 4.707700, 138.743967, 0.185108
480, 144.808867, 5.342267, 136.182074, 3.343562
481, 142.094924, 6.246100, 136.318630, 3.236867
482, 139.497183, 6.964933, 136.209118, 2.816057
483, 137.228176, 7.392133, 136.394653, 2.850217
484, 135.113697, 7.818067, 136.702500, 2.800818
485, 133.010800, 8.167733, 136.581998, 2.911637
486, 131.152376, 8.416467, 136.486062, 2.556450
487, 129.936543, 8.489600, 137.169539, 1.740391
488, 129.260550, 8.440400, 137.285206, 1.567920
489, 128.483670, 8.316700, 137.627220, 1.893934
490, 127.962137, 8.200000, 137.728995, 1.832716
491, 127.493860, 8.049500, 137.654942, 1.921626
492, 126.946650, 7.811400, 137.605185, 1.947134
493, 126.209670, 7.712100, 137.142993, 1.827860
494, 125.175517, 7.690800, 126.173085, 0.414938
495, 123.719097, 7.534533, 111.256981, -0.722410
496, 121.999324, 7.299200, 102.102387, -1.383646
497, 119.876950, 6.988567, 100.845097, -1.331885
498, 117.324580, 6.511967, 100.934535, -1.851640
499, 114.679387, 5.970733, 100.463955, -1.832204
500, 111.943896, 5.529633, 100.618856, -1.982527
501, 109.306613, 5.282200, 101.371650, -2.218866
502, 107.026986, 4.992967, 101.685640, -2.080453
503, 105.068563, 4.717433, 101.368362, -1.768802
504, 103.330420, 4.536433, 99.056533, -2.914026
505, 101.958816, 4.364800, 99.369488, -2.975729
506, 100.813107, 4.225367, 99.761961, -3.073885
507, 99.838445, 3.999200, 100.444967, -3.478902
508, 99.046619, 3.608233, 100.931100, -3.476688
509, 98.357522, 3.185333, 100.000325, -3.865311
510, 97.749397, 2.847267, 100.296052, -3.372483
511, 97.225135, 2.572033, 102.586720, -3.416945
512, 96.768299, 2.291100, 105.451153, -3.778710
513, 96.317926, 2.068300, 105.090408, -4.001028
514, 95.941356, 1.884333, 105.359543, -4.133215
515, 95.647772, 1.715667, 105.052651, -4.160515
516, 95.362524, 1.587767, 104.989264, -4.310017
517, 95.065618, 1.492167, 105.061881, -4.060827
518, 94.787934, 1.386750, 105.174929, -4.022623
519, 94.309139, 1.224600, 105.294852, -4.436997
520, 93.876853, 1.046600, 105.492497, -4.346409
521, 93.474409, 0.861767, 105.765932, -3.905283
522, 93.084669, 0.696533, 105.599696, -3.950463
523, 92.723980, 0.509633, 105.717446, -3.785370
524, 92.421873, 0.294567, 105.119131, -4.234294
525, 92.177123, 0.103633, 105.073895, -4.239793
526, 91.917269, -0.073385, 105.023596, -4.117196
527, 91.631931, -0.261027, 104.864376, -4.054469
528, 91.229116, -0.362026, 104.812906, -3.472001
529, 90.683531, -0.410030, 104.589904, -3.652461
530, 89.936239, -0.399835, 104.529938, -4.175964
531, 88.902967, -0.316635, 104.331779, -4.115953
532, 87.586000, -0.229554, 104.059618, -3.434389
533, 85.998500, -0.117317, 105.010968, -2.739719
534, 84.205800, -0.009237, 103.924780, -2.492403
535, 81.980367, -0.059119, 97.445542, -3.252778
536, 79.520433, -0.209975, 85.331664, -1.579617
537, 76.969467, -0.367705, 72.812513, -0.855858
538, 74.308100, -0.553531, 58.646637, -1.252557
539, 71.556133, -0.714383, 51.401975, -1.005790
540, 68.948066, -0.771653, 51.646506, -0.273034
541, 66.635100, -0.683467, 52.656410, -0.312082
542, 64.623500, -0.569086, 53.225224, -0.818150
543, 62.988700, -0.495965, 53.994623, -1.419469
544, 61.729800, -0.460348, 54.959660, -1.399961
545, 60.705267, -0.429532, 54.914376, -1.049056
546, 59.780533, -0.448942, 54.636189, -0.878242
547, 58.909367, -0.496843, 54.057918, -0.104624
548, 58.004400, -0.471852, 54.486162, -0.466415
549, 57.090467, -0.446993, 55.159338, -1.391875
550, 56.183200, -0.428389, 54.903201, -1.348660
551, 55.310067, -0.319394, 54.922987, -1.471370
552, 54.437867, -0.174812, 52.959820, -1.512742
553, 53.614200, -0.091262, 48.795149, -0.593053
554, 52.876233, -0.004520, 48.859553, -0.927886
555, 52.190433, 0.077500, 48.110601, -0.212000
556, 51.589033, 0.093867, 48.045896, -0.403082
557, 51.045333, 0.096033, 48.471595, -0.580598
558, 50.514467, 0.125733, 48.846337, -0.743954
559, 49.999900, 0.173800, 48.757330, -0.667635
560, 49.515667, 0.179900, 49.665135, -1.386204
561, 49.014200, 0.186233, 49.702356, -1.607542
562, 48.496533, 0.245867, 50.253481, -0.557802
563, 47.977433, 0.264933, 50.168113, -0.556412
564, 47.381133, 0.305867, 50.619818, -0.701742
565, 46.759400, 0.352633, 50.921637, -0.626952
566, 46.137600, 0.328533, 51.137094, -0.466690
567, 45.531833, 0.265900, 50.573206, -1.238193
568, 44.941733, 0.232067, 50.300235, -1.874101
569, 44.340267, 0.219433, 50.191185, -1.896852
570, 43.822900, 0.173000, 50.448952, -1.402313
571, 43.414033, 0.151367, 50.773536, -1.484315
572, 43.015333, 0.146700, 50.577657, -1.572983
573, 42.658400, 0.166600, 50.456084, -1.485744
574, 42.306167, 0.196067, 50.293791, -1.457944
575, 41.920867, 0.242267, 50.439980, -1.397190
576, 41.574467, 0.284767, 50.673622, -1.426891
577, 41.297533, 0.352733, 50.972239, -1.597519
578, 41.064300, 0.395100, 51.098219, -1.584737
579, 40.925200, 0.441933, 51.199782, -1.349061
580, 40.823933, 0.532667, 51.197269, -1.473940
581, 40.679133, 0.596800, 51.366752, -1.644919
582, 40.399967, 0.716667, 45.454919, -1.519680
583, 39.719567, 0.878800, 35.190676, -1.514791
584, 38.635734, 0.895900, 28.531117, -1.336429
585, 37.160767, 0.952333, 27.837558, -2.000718
586, 35.287400, 0.955633, 27.573342, -1.761167
587, 33.231233, 0.864200, 27.041142, -2.217234
588, 31.047367, 0.795400, 24.573114, -2.763812
589, 28.616067, 0.725933, 14.361489, -4.728272
590, 26.153234, 0.782033, 9.974411, -5.647230
591, 23.616833, 0.993200, 9.125217, -5.533602
592, 21.144167, 1.208000, 8.701680, -6.181625
593, 18.844766, 1.424400, 9.643953, -5.753732
594, 16.679033, 1.665033, 10.028269, -5.046091
595, 14.669367, 1.971300, 9.944184, -5.314194
596, 12.871733, 2.388367, 9.897931, -5.705037
597, 11.262800, 2.989767, 6.167215, -4.716111
598, 9.753867, 3.826733, -4.077792, 2.196924
599, 8.442133, 4.609967, -6.132862, 4.972273
600, 7.756200, 5.046900, -5.641815, 4.881119
