1, 1.202320, 17.305087, -0.250006, 7.849191
2, 4.715500, 9.515600, 3.305150, -0.321149
3, 4.713667, 9.557267, 3.199574, -0.381255
4, 4.742367, 9.553033, 3.508737, 0.886994
5, 4.765233, 9.551800, 3.229453, -0.854622
6, 4.731167, 9.587467, 2.310705, -3.196380
7, 4.655933, 9.658467, 2.557779, -2.762787
8, 4.554633, 9.730433, 2.033347, -3.698458
9, 4.427867, 9.804133, 2.315235, -3.046792
10, 4.320000, 9.838933, 2.646282, -2.128115
11, 4.279967, 9.820633, 2.915208, -2.091120
12, 4.296950, 9.780550, 3.202301, -1.436984
13, 4.385500, 9.735450, 3.417313, -1.481632
14, 4.544700, 9.616367, 3.380883, -2.297810
15, 4.689967, 9.444833, 3.406342, -2.893109
16, 4.810867, 9.192167, 3.574609, -3.302617
17, 4.904233, 8.985800, 3.362310, -2.962197
18, 5.000433, 8.874500, 3.855123, -3.987745
19, 5.120800, 8.710967, 3.652248, -3.823826
20, 5.503233, 8.534000, 3.684977, -4.009877
21, 6.733666, 8.104833, 5.058861, -4.134330
22, 9.723855, 7.175567, 15.121262, -5.618766
23, 13.857850, 6.232200, 25.380735, -7.595216
24, 18.626336, 5.536267, 30.405598, -6.401002
25, 23.943767, 4.857733, 33.771145, -9.338820
26, 28.878839, 4.191700, 34.695977, -2.961404
27, 32.761268, 3.451667, 35.103103, -3.184811
28, 35.532801, 2.617267, 36.436616, -5.976669
29, 37.377367, 1.849767, 44.042047, -9.867668
30, 38.449333, 1.354167, 44.055405, -9.740906
31, 38.852000, 1.080800, 42.737070, -10.616896
32, 38.851700, 1.001367, 42.262196, -9.040384
33, 38.807500, 0.993800, 41.566347, -9.191789
34, 38.835800, 0.833200, 41.999598, -8.655462
35, 39.174333, 0.713033, 41.634837, -9.531848
36, 39.719067, 0.503367, 42.246976, -9.489160
37, 40.317833, 0.229667, 42.684781, -9.171887
38, 40.943233, -0.029382, 47.957019, -8.649878
39, 41.551600, -0.154966, 50.269993, -7.152704
40, 42.279867, -0.143198, 50.369008, -5.944619
41, 43.082400, -0.240061, 50.691394, -5.565577
42, 43.939333, -0.476354, 51.697746, -5.988331
43, 44.869500, -0.715835, 51.630790, -4.736941
44, 45.848833, -0.944631, 52.209422, -2.839236
45, 46.904800, -1.292913, 52.839358, -4.679515
46, 48.029500, -1.763046, 55.010681, -2.161204
47, 49.117667, -2.204343, 56.250533, -1.158531
48, 50.184633, -2.555604, 56.366440, -1.102076
49, 51.215367, -2.774294, 57.495802, -1.469942
50, 52.228833, -2.933747, 57.213105, -0.871214
51, 53.309667, -2.975765, 57.559430, -2.795607
52, 54.540600, -2.801725, 57.718613, -1.825638
53, 55.915133, -2.546553, 57.837137, -0.236866
54, 57.230033, -2.457018, 62.444455, -3.386165
55, 58.417700, -2.500275, 68.868721, -4.149862
56, 59.428300, -2.558685, 68.902601, -0.691881
57, 60.434367, -2.494790, 69.021428, -2.213062
58, 61.485500, -2.472772, 69.250466, -2.328143
59, 62.538067, -2.521748, 69.448466, -2.696636
60, 63.609800, -2.601027, 70.396048, -2.171039
61, 64.691800, -2.726096, 71.870901, 0.371188
62, 65.811900, -2.811334, 74.904723, -1.625354
63, 66.969133, -2.936937, 79.056791, -1.676592
64, 68.195267, -3.069114, 79.216454, -2.761728
65, 69.453967, -3.122357, 79.443606, -4.005277
66, 70.723000, -3.197823, 80.823321, -5.497980
67, 72.078733, -3.234931, 81.291558, -4.597379
68, 73.611600, -3.232805, 87.024421, -5.095486
69, 75.549333, -3.271746, 93.472409, -8.588712
70, 77.668433, -3.390897, 96.192342, -7.411968
71, 80.016767, -3.451433, 99.380584, -7.750876
72, 82.245167, -3.486457, 99.942503, -5.688670
73, 84.119567, -3.527564, 96.564821, -5.164503
74, 85.694000, -3.536613, 97.914880, -6.678728
75, 86.943667, -3.492981, 98.888944, -4.067609
76, 87.976567, -3.423103, 99.777611, -1.898257
77, 88.880967, -3.329624, 100.268317, -3.004288
78, 89.726723, -3.244647, 100.509821, -2.874775
79, 90.458421, -3.214872, 100.413579, -4.452102
80, 91.107806, -3.251002, 100.630794, -3.641854
81, 91.716576, -3.285574, 101.277602, -2.696864
82, 92.315052, -3.366158, 101.433975, -3.178723
83, 92.966181, -3.485748, 100.890633, -4.539776
84, 93.645860, -3.567056, 101.367651, -5.352816
85, 94.365892, -3.643315, 102.026260, -3.517140
86, 95.056186, -3.670281, 102.970528, -2.442077
87, 95.642968, -3.700640, 103.154897, -2.096409
88, 96.165816, -3.757118, 102.438211, -4.155994
89, 96.576632, -3.839091, 102.099206, -5.342422
90, 96.937422, -3.911630, 102.077912, -4.024873
91, 97.266502, -4.023604, 102.163147, -3.269973
92, 97.633399, -4.073072, 103.181398, -4.493790
93, 98.115920, -4.103521, 104.917059, -6.404144
94, 98.601054, -4.143835, 105.842822, -4.203613
95, 99.102371, -4.163776, 106.229612, -3.394517
96, 99.566426, -4.169755, 106.921183, -2.801382
97, 100.008624, -4.150765, 106.841879, -3.344491
98, 100.433653, -4.139465, 106.084257, -5.769793
99, 100.818487, -4.143537, 105.650121, -5.744508
100, 101.166990, -4.101532, 106.032706, -4.047029
101, 101.485410, -4.090745, 106.384225, -2.769108
102, 101.766743, -4.076819, 106.545775, -2.282394
103, 102.008087, -4.015975, 106.488885, -2.991065
104, 102.281527, -3.935166, 106.454234, -3.166639
105, 102.554080, -3.844816, 106.118590, -2.798020
106, 102.827677, -3.753485, 106.232547, -2.834166
107, 103.080907, -3.664410, 115.424925, -6.260355
108, 103.268063, -3.595934, 123.322915, -4.789806
109, 103.391197, -3.517328, 118.908517, -9.811424
110, 103.473117, -3.424252, 113.762898, -12.690142
111, 103.544877, -3.330311, 122.376600, -8.125514
112, 103.528087, -3.271870, 123.633138, -7.227756
113, 103.352013, -3.247321, 123.739674, -6.752356
114, 102.838670, -3.151556, 123.501342, -6.843073
115, 101.212720, -2.927671, 120.626361, -6.109169
116, 97.858771, -2.763221, 107.078607, -5.500278
117, 92.927523, -2.491988, 92.181044, -4.169570
118, 87.647833, -2.031801, 87.344973, -1.949883
119, 82.650831, -1.540325, 86.083423, -4.504127
120, 77.837166, -1.105217, 84.484751, -4.455347
121, 72.806439, -0.630567, 80.362849, -5.478716
122, 66.578012, 0.436854, 64.007043, -1.727807
123, 59.603925, 1.625900, 50.442990, 2.410226
124, 53.324823, 2.233033, 46.038871, -1.023885
125, 48.286564, 2.394000, 43.956177, 2.340559
126, 44.502732, 2.460767, 44.136178, 2.471749
127, 42.086433, 2.527967, 45.128825, 1.617162
128, 40.848167, 2.279333, 45.417530, -2.563725
129, 40.373500, 1.808200, 46.691256, -0.890524
130, 40.449567, 1.303067, 47.215439, -2.169378
131, 40.823233, 0.844833, 47.962254, -3.581226
132, 41.240833, 0.556833, 49.008900, -0.609824
133, 41.544467, 0.388800, 48.705315, -1.445541
134, 41.762333, 0.220900, 48.735923, -3.713050
135, 41.902400, 0.075267, 48.571010, -2.270476
136, 41.887700, -0.068327, 48.070693, -1.280296
137, 41.838533, -0.189822, 47.868371, -1.226647
138, 41.773633, -0.223658, 47.663847, -1.390551
139, 41.705133, -0.211720, 47.755118, -1.665294
140, 41.773333, -0.246178, 48.137964, -2.131066
141, 41.869300, -0.342775, 48.438806, -2.390133
142, 42.122267, -0.397461, 48.217106, -2.755981
143, 42.987599, -0.421361, 48.663852, -3.572398
144, 45.244228, -0.459819, 50.575423, -1.531318
145, 50.686132, -0.459649, 53.922685, 0.626474
146, 60.311742, -0.121629, 61.891618, -1.313157
147, 71.922294, 0.450233, 79.158795, -3.266563
148, 82.477750, 0.864367, 95.829320, -2.181308
149, 90.793066, 1.084000, 106.128521, -7.136313
150, 96.120958, 0.776500, 107.460149, -5.560245
151, 98.567490, 0.212048, 103.464703, -6.878399
152, 98.663981, -0.361501, 98.523913, -8.114737
153, 97.499798, -1.046690, 101.050695, -4.375218
154, 96.330393, -1.579896, 100.436559, -4.056894
155, 95.958150, -2.011352, 100.736912, -6.027815
156, 96.226266, -2.246769, 101.229870, -2.478485
157, 96.537241, -2.112982, 101.698184, -2.567998
158, 96.555894, -1.921882, 101.464759, -3.025471
159, 96.425986, -1.776622, 101.262260, -2.652521
160, 96.236426, -1.744249, 101.384167, -2.514359
161, 96.268761, -1.661478, 101.378996, -3.272433
162, 96.438035, -1.636730, 101.547601, -2.497015
163, 96.695524, -1.600741, 101.716648, -0.816620
164, 96.885551, -1.623986, 101.927441, -1.794804
165, 96.861615, -1.662582, 101.855046, -2.028053
166, 96.802788, -1.657009, 101.670217, -2.460796
167, 96.777109, -1.679553, 101.617613, -2.047124
168, 96.852984, -1.705200, 102.568332, -1.630441
169, 97.155291, -1.644855, 104.971293, -2.876740
170, 97.521353, -1.576521, 104.952830, -3.307879
171, 97.840790, -1.534345, 104.891954, -3.066608
172, 98.046021, -1.505059, 105.033539, -3.389638
173, 98.191769, -1.524416, 105.129195, -2.754654
174, 98.330716, -1.562375, 105.247038, -2.012200
175, 98.473170, -1.624578, 105.226360, -2.336181
176, 98.595498, -1.695886, 104.841352, -2.566838
177, 98.682933, -1.697665, 104.782777, -2.659331
178, 98.753064, -1.707099, 104.797363, -2.731841
179, 98.849559, -1.718025, 104.913355, -2.567565
180, 98.992806, -1.740087, 105.099361, -2.483195
181, 99.124528, -1.746291, 104.974326, -2.897511
182, 99.239322, -1.712841, 104.762412, -2.560524
183, 99.308560, -1.653267, 104.769289, -2.525814
184, 99.334944, -1.589968, 104.823964, -2.220784
185, 99.332773, -1.516521, 104.840168, -2.265751
186, 99.284682, -1.470570, 104.768887, -2.433871
187, 99.227192, -1.470890, 104.835409, -2.415290
188, 99.167968, -1.508123, 104.863652, -2.131913
189, 99.140873, -1.551143, 104.815647, -1.971547
190, 99.133940, -1.635613, 104.852651, -2.029565
191, 99.093863, -1.711244, 104.777328, -2.008762
192, 99.047005, -1.750575, 104.819608, -2.236388
193, 99.003182, -1.798895, 104.717350, -2.606294
194, 98.924082, -1.818545, 104.647015, -2.645571
195, 98.869972, -1.821656, 104.605771, -2.974954
196, 98.823722, -1.826663, 104.597850, -3.178596
197, 98.802247, -1.807299, 104.427788, -2.792265
198, 98.790389, -1.800489, 104.423498, -2.661512
199, 98.745401, -1.799314, 104.372810, -2.682790
200, 98.700704, -1.765852, 104.416661, -2.684855
201, 98.658049, -1.728111, 104.376598, -2.741938
202, 98.606858, -1.709948, 104.320303, -3.066116
203, 98.570740, -1.689445, 104.146510, -3.386881
204, 98.541211, -1.650373, 104.052225, -3.425783
205, 98.529838, -1.591037, 103.998406, -3.412734
206, 98.530956, -1.539598, 103.992379, -3.399724
207, 98.524558, -1.492175, 104.003754, -3.346111
208, 98.495024, -1.454866, 104.004659, -3.351091
209, 98.470863, -1.454283, 104.090113, -3.572109
210, 98.404690, -1.498485, 104.056122, -3.359197
211, 98.293225, -1.554630, 103.968789, -3.305302
212, 98.195827, -1.590780, 103.968611, -3.460751
213, 98.056176, -1.658889, 103.899457, -3.398177
214, 97.837166, -1.643998, 101.968670, -2.928601
215, 97.495596, -1.559686, 100.257027, -2.161620
216, 96.932314, -1.428814, 98.233608, -4.008060
217, 96.245720, -1.301438, 97.351203, -3.741917
218, 95.314771, -1.193086, 96.779404, -5.422194
219, 93.848686, -1.127648, 95.439419, -6.324883
220, 91.433682, -1.123216, 94.090464, -7.201650
221, 87.658878, -1.092206, 92.300866, -6.615553
222, 81.916512, -0.877686, 84.901162, -10.216103
223, 74.126721, -0.404941, 73.391223, -17.888785
224, 65.274741, 0.222149, 62.915395, -19.842808
225, 56.423713, 1.058267, 53.991745, -19.193202
226, 48.435160, 1.683100, 52.101801, -15.126645
227, 41.315823, 2.027567, 45.297860, -15.947843
228, 34.866092, 2.267800, 31.965854, -15.211440
229, 29.177260, 2.442267, 22.014494, -10.140383
230, 24.109232, 2.756200, 17.238235, -5.976694
231, 19.552599, 3.076533, 13.816802, -4.235077
232, 15.639896, 3.134067, 12.161860, -1.549314
233, 12.458599, 2.982700, 11.928147, -6.906088
234, 9.897267, 2.756967, 10.810191, -9.331922
235, 7.989166, 2.427833, 11.832692, -6.810822
236, 6.635900, 2.105167, 12.713320, -7.035310
237, 5.928367, 1.814567, 12.417468, -7.702152
238, 5.691367, 1.630333, 12.459823, -10.327800
239, 5.250967, 1.622367, 10.405128, -6.171681
240, 4.452900, 1.671667, 1.023358, -3.236947
241, 3.388233, 1.678467, -0.317659, -2.490182
242, 2.164833, 1.605967, -0.778487, -2.407459
243, 0.948867, 1.581867, -1.722780, -2.674784
244, -0.320133, 1.696800, -3.026599, -3.355645
245, -1.757933, 1.952567, -3.269353, -1.464320
246, -3.351867, 2.258367, -3.467333, -3.104931
247, -5.049500, 2.542667, -4.525220, -4.780094
248, -6.811733, 2.891833, -4.295323, -0.001949
249, -8.659133, 3.369767, -10.904588, 4.228889
250, -10.592967, 3.944200, -13.032310, 5.957185
251, -12.486100, 4.523133, -14.748884, 6.400984
252, -14.121933, 4.984000, -14.737198, 5.994936
253, -15.425800, 5.274533, -16.283210, 1.711799
254, -16.607833, 5.592433, -16.579456, 1.311952
255, -17.837000, 6.034167, -16.863532, 3.447044
256, -19.179000, 6.523400, -16.952336, 6.293288
257, -20.494850, 6.953150, -17.400819, 5.385012
258, -20.494850, 6.953150, -17.400819, 5.385012
259, -20.494850, 6.953150, -17.400819, 5.385012
260, -27.017000, 8.155300, -27.137824, 1.304297
261, -28.238700, 8.298067, -31.008736, 3.399681
262, -29.985000, 8.464700, -30.106634, 5.809032
263, -31.612467, 8.552900, -30.059377, 2.512855
264, -33.092500, 8.554300, -31.630622, 3.044335
265, -34.544067, 8.541700, -30.882311, 5.788053
266, -35.994667, 8.555333, -31.420279, 3.711176
267, -37.468067, 8.749667, -31.888254, 3.477237
268, -38.993867, 9.002033, -32.487797, 3.832088
269, -40.510467, 9.195500, -34.664972, 1.603248
270, -42.054067, 9.364267, -40.319144, 5.425624
271, -43.602900, 9.488200, -40.996507, 8.197040
272, -44.883900, 9.529300, -43.136408, 5.321624
273, -44.883900, 9.529300, -43.136408, 5.321624
274, -44.883900, 9.529300, -43.136408, 5.321624
275, -44.883900, 9.529300, -43.136408, 5.321624
276, -44.883900, 9.529300, -43.136408, 5.321624
277, -44.883900, 9.529300, -43.136408, 5.321624
278, -52.747050, 7.889900, -57.220731, 4.369172
279, -53.767767, 7.589633, -56.309214, 5.890983
280, -55.029100, 6.887567, -56.733002, -0.980152
281, -56.177633, 5.885567, -57.591491, -2.335369
282, -57.257433, 4.971133, -56.833410, -1.650929
283, -58.268567, 4.401567, -56.870459, -1.115192
284, -59.240667, 4.075400, -57.321554, 2.086555
285, -60.358300, 3.765633, -57.211930, 1.972568
286, -61.649033, 3.546633, -60.290892, -2.142990
287, -63.073367, 3.299433, -66.930879, -5.541931
288, -64.632100, 3.073133, -68.117052, -8.992740
289, -66.377000, 2.899600, -68.589136, -8.459917
290, -68.205400, 2.785400, -68.802470, -6.714574
291, -70.255866, 2.824400, -69.278725, -7.565739
292, -72.468200, 2.873367, -70.587444, -8.690783
293, -74.747900, 2.891300, -70.984623, -5.896038
294, -77.084400, 2.890900, -78.967952, -7.029601
295, -79.491600, 2.900967, -85.913424, -5.245518
296, -82.070134, 2.872300, -89.105137, -6.190970
297, -84.615600, 2.716933, -92.311527, -4.033407
298, -86.930900, 2.564900, -93.517702, -8.375638
299, -88.863800, 2.438467, -91.292543, -14.295227
300, -90.497767, 2.121100, -91.652790, -15.141995
301, -91.807567, 1.494900, -91.708091, -14.713294
302, -92.853233, 0.608867, -90.495509, -11.867395
303, -93.740733, -0.421779, -90.896014, -10.300205
304, -94.587167, -1.495383, -91.942627, -11.493453
305, -95.625767, -2.576434, -99.136002, -11.017921
306, -97.024133, -3.744787, -101.513174, -11.700516
307, -98.773650, -5.196468, -102.280352, -14.921276
308, -100.570500, -6.566665, -103.251689, -17.318874
309, -102.100100, -7.318603, -103.339028, -16.664979
310, -103.519800, -7.478424, -103.046757, -15.972272
311, -104.676900, -7.561100, -102.589309, -9.863304
312, -105.698700, -7.440454, -103.524177, -10.026552
313, -106.647533, -7.376241, -105.899606, -12.522916
314, -107.666133, -7.258627, -114.129025, -13.399052
315, -108.708400, -7.030627, -114.709699, -12.825133
316, -109.908067, -6.681860, -115.546188, -11.822908
317, -111.236067, -6.332640, -118.016284, -9.544152
318, -112.576633, -6.005495, -120.113660, -7.232623
319, -113.995600, -5.779997, -120.640077, -10.116131
320, -115.495333, -5.605406, -121.066405, -17.397748
321, -117.039733, -5.334448, -122.363635, -14.485019
322, -118.694833, -5.015144, -124.611291, -9.289825
323, -120.490700, -4.409757, -125.562538, -9.642719
324, -121.991500, -3.748385, -126.275080, -10.353370
325, -123.743224, -2.811593, -132.508123, -10.521889
326, -126.094567, -1.809040, -130.389535, -8.661380
327, -128.100767, -1.446744, -134.338743, -7.971312
328, -129.939267, -1.123270, -133.755045, -6.276053
329, -131.565533, -0.831076, -134.660029, -10.778163
330, -133.016933, -0.496455, -136.353429, -3.229646
331, -134.320067, -0.062347, -137.793793, 0.334757
332, -135.508733, 0.373767, -138.413569, 0.196669
333, -136.632467, 0.586900, -140.180988, 0.365174
334, -137.786533, 0.795500, -139.915748, 1.002692
335, -138.892533, 1.008233, -142.326467, -2.294168
336, -139.749067, 1.207633, -141.833040, 0.638787
337, -140.432800, 1.515500, -141.732709, -1.303884
338, -140.926367, 1.717667, -141.970442, -3.282944
339, -141.243000, 1.845633, -141.383555, -2.595849
340, -141.510200, 1.954467, -141.442828, -2.388645
341, -141.832200, 1.966900, -140.973872, -1.925426
342, -142.162233, 1.945100, -141.258705, -1.805255
343, -142.337467, 1.796133, -141.406876, -2.145981
344, -141.831067, 1.353500, -140.520977, -0.102981
345, -139.869071, 0.683033, -139.187828, 2.189175
346, -136.166500, -0.248319, -136.965901, 0.929089
347, -131.116841, -1.330207, -127.246327, -1.716144
348, -124.381589, -2.342490, -117.816465, -6.810026
349, -117.243082, -2.907462, -108.618850, -7.569764
350, -111.777261, -3.312707, -105.070031, -3.302805
351, -108.395730, -3.045743, -106.139135, -2.501940
352, -107.036733, -2.527351, -106.299048, -1.510438
353, -106.462600, -2.297575, -105.831890, 0.296301
354, -107.376067, -1.910075, -109.778646, -1.637796
355, -109.194765, -1.215505, -113.611049, -2.421963
356, -111.612033, -0.555679, -115.103548, -2.679188
357, -114.461166, -0.076945, -115.434785, -2.572089
358, -117.523766, 0.433967, -115.988082, 0.434235
359, -120.729998, 0.788767, -121.221592, 1.628173
360, -124.420167, 1.027700, -125.237715, 4.663570
361, -128.346731, 1.243133, -127.673855, 4.352057
362, -132.693734, 1.474800, -129.825076, 5.920246
363, -137.051401, 1.565267, -133.392790, 5.502731
364, -141.099268, 1.849300, -146.126360, 0.621291
365, -144.299935, 2.113100, -147.873647, 1.850677
366, -146.539001, 2.253733, -146.334726, 2.713114
367, -148.189767, 2.112233, -146.301501, 2.592449
368, -149.499467, 1.678400, -146.453681, 1.306281
369, -150.439700, 1.032433, -146.627830, 0.888569
370, -151.113033, 0.584567, -150.814466, 0.180319
371, -151.867733, 0.279300, -152.119259, -2.477107
372, -152.719200, 0.050063, -156.597140, -2.995300
373, -153.632667, -0.112733, -159.099887, -3.455698
374, -154.541633, -0.270745, -159.035805, -3.563774
375, -155.447400, -0.449796, -159.286839, -3.739420
376, -156.182100, -0.671555, -159.205958, -3.344611
377, -156.725267, -0.751694, -158.633437, -3.060186
378, -157.203900, -0.651320, -157.979212, -1.118091
379, -157.619367, -0.519021, -158.198164, -3.250787
380, -158.016000, -0.344977, -158.572739, -3.211087
381, -158.429900, -0.162006, -158.663498, -2.968230
382, -158.825267, -0.005856, -158.553768, -2.222073
383, -159.237567, 0.074200, -158.411796, -2.173685
384, -159.525533, 0.102233, -158.086430, -1.640459
385, -159.697867, 0.156300, -157.880426, -1.691427
386, -159.798300, 0.194833, -157.362615, -1.345823
387, -159.804033, 0.221233, -156.997096, -0.776506
388, -159.663367, 0.231867, -153.879074, -2.238108
389, -159.268700, 0.294467, -152.019638, -3.731657
390, -158.274001, 0.513800, -151.192895, -3.125638
391, -156.277301, 1.097767, -149.500085, -2.461358
392, -153.280334, 1.949867, -147.708034, -3.821346
393, -149.999102, 2.994000, -146.787959, -3.280298
394, -146.297834, 4.302467, -144.075611, -2.892471
395, -142.266300, 5.700400, -133.063412, 0.304628
396, -138.341599, 7.227467, -123.253547, 7.759798
397, -134.728832, 8.601700, -121.614779, 5.416108
398, -131.688199, 9.438067, -121.614371, 5.668697
399, -129.437733, 9.908000, -121.550032, 9.332883
400, -127.606600, 10.245633, -121.493096, 7.661891
401, -125.958333, 10.409133, -121.915985, 7.372206
402, -124.625700, 10.523833, -120.543427, 10.926321
403, -123.417967, 10.719867, -119.652770, 11.415290
404, -122.246467, 10.801933, -122.465341, 6.121644
405, -121.080233, 10.734200, -119.638370, 6.080888
406, -119.567967, 10.689467, -110.686261, 7.090382
407, -117.485433, 10.631133, -107.886077, 8.037217
408, -115.395533, 10.527567, -105.584111, 9.159245
409, -113.483466, 10.401467, -105.184859, 8.944788
410, -111.868400, 10.274867, -105.408708, 7.054884
411, -110.568867, 10.087967, -105.445266, 8.358065
412, -109.518167, 9.940700, -101.224013, 5.468821
413, -108.706033, 9.741233, -98.946064, 4.662580
414, -108.050433, 9.480700, -99.290782, 5.661227
415, -107.491600, 9.265533, -99.326712, 4.848287
416, -106.952733, 9.118933, -99.180663, 6.149572
417, -106.374333, 8.990600, -98.847500, 7.325169
418, -105.743600, 8.822233, -98.695944, 7.548879
419, -105.055800, 8.740733, -98.225653, 8.039394
420, -104.359667, 8.725700, -98.598084, 6.873378
421, -103.661967, 8.677467, -98.558201, 5.617707
422, -102.988500, 8.671467, -98.567328, 5.717686
423, -102.254100, 8.644567, -98.108528, 5.992790
424, -101.250567, 8.579400, -97.559139, 7.163064
425, -99.725834, 8.477500, -96.848119, 7.126645
426, -97.019638, 8.331233, -95.712424, 6.602561
427, -93.012404, 8.108767, -93.111198, 6.418965
428, -88.649266, 7.960867, -88.530205, 8.743325
429, -84.112138, 7.881900, -78.404363, 5.846880
430, -79.208665, 7.666100, -68.725111, 2.648048
431, -74.607264, 7.404000, -63.986851, 5.026674
432, -70.586999, 7.411633, -61.781167, 4.956286
433, -67.263832, 7.391767, -60.837923, 4.828797
434, -64.546200, 7.170900, -61.080897, 2.392114
435, -62.302166, 6.948167, -59.394007, 6.297805
436, -60.287500, 6.787933, -58.830466, 5.783180
437, -58.432133, 6.661633, -53.466101, 4.758823
438, -56.528667, 6.674167, -45.593028, 3.853113
439, -54.628866, 6.612700, -43.931850, 4.762709
440, -52.955300, 6.441100, -42.455230, 2.240271
441, -51.412933, 6.167033, -41.903556, 2.526127
442, -49.904933, 5.856500, -40.964081, 3.729822
443, -48.445100, 5.630233, -40.458078, 1.703386
444, -47.010667, 5.510433, -40.684266, 1.130957
445, -45.538667, 5.502333, -40.267293, 1.813578
446, -44.035700, 5.580067, -38.671150, 1.644832
447, -42.502767, 5.777367, -31.155761, -0.959521
448, -40.817933, 6.065867, -30.895696, 1.556884
449, -39.143100, 6.352933, -29.458291, 0.799457
450, -37.540433, 6.639767, -28.347156, 2.769206
451, -35.931733, 6.845300, -27.789956, 2.461610
452, -34.372567, 6.965200, -27.428129, 2.327152
453, -32.795100, 7.008233, -22.830483, 0.941112
454, -31.144367, 6.956667, -20.231857, 2.137221
455, -29.431833, 6.889900, -19.384913, 0.504843
456, -27.615267, 6.878267, -18.587007, -0.649070
457, -25.792767, 6.923433, -17.574077, 1.121783
458, -24.031600, 7.014100, -16.809830, 3.632032
459, -22.299300, 7.092533, -16.767003, 1.000862
460, -20.586233, 7.119733, -17.207103, -1.825689
461, -18.965933, 7.118500, -15.577053, -0.020341
462, -17.522567, 7.012633, -15.608112, 2.510003
463, -16.305833, 6.946467, -13.768204, 1.096853
464, -16.305833, 6.946467, -13.768204, 1.096853
465, -16.305833, 6.946467, -13.768204, 1.096853
466, -13.138350, 6.709800, -8.318326, -0.658821
467, -11.972067, 6.527833, -5.483292, 2.051181
468, -10.403967, 6.296300, -4.508652, 0.314795
469, -8.789333, 6.192867, -4.147193, -1.361623
470, -7.218033, 6.105433, -4.995382, -3.673019
471, -5.733633, 5.674533, -3.712348, 1.157723
472, -4.360600, 5.050400, -1.137130, 3.565662
473, -2.996533, 4.853133, -0.723208, 2.993939
474, -1.476267, 4.864500, 4.987027, 1.313471
475, 0.177267, 4.611400, 7.597271, -0.658988
476, 1.760900, 4.221000, 8.285473, -4.533305
477, 3.335333, 3.991133, 8.076251, -4.644017
478, 4.982567, 3.932667, 8.301587, -4.723737
479, 6.681100, 3.999933, 8.897330, -4.293456
480, 8.502400, 4.119033, 10.382962, 0.112022
481, 10.673266, 4.195667, 14.305879, 1.010528
482, 13.270832, 4.231233, 24.575841, -2.689133
483, 16.221234, 4.220800, 28.654924, -2.152068
484, 19.096567, 4.120333, 30.579074, -2.809704
485, 21.654534, 4.029533, 31.537781, -2.164851
486, 23.707734, 4.028800, 33.008141, 0.570578
487, 25.243000, 4.233133, 33.074098, 0.820780
488, 26.384700, 4.371733, 31.936044, -3.107354
489, 27.408300, 4.310900, 37.418156, -2.310210
490, 28.646233, 4.270100, 43.487986, -2.349553
491, 30.097367, 4.092767, 45.585451, -1.263972
492, 31.590533, 3.865400, 44.457223, -2.070186
493, 33.153567, 3.627300, 45.232061, -0.658514
494, 34.616033, 3.342833, 45.952277, -0.732632
495, 35.871700, 3.080633, 46.347870, 1.527282
496, 36.845600, 2.773467, 46.758685, 0.916641
497, 37.568100, 2.594100, 46.978048, -0.187150
498, 38.149133, 2.628300, 47.287106, -0.023034
499, 38.640467, 2.629933, 46.441677, -1.603952
500, 39.069533, 2.598600, 46.332472, -1.832241
501, 39.492900, 2.556433, 46.231086, -1.443516
502, 39.914200, 2.657867, 45.866138, -0.891281
503, 40.346533, 2.901933, 46.103903, -0.864642
504, 40.726300, 3.154133, 45.971107, -0.552713
505, 41.020400, 3.318833, 46.167403, -0.397936
506, 41.159433, 3.446433, 46.237187, 0.101244
507, 41.164533, 3.611367, 46.295026, 0.554411
508, 41.156233, 3.708400, 48.249655, -1.281343
509, 41.145100, 3.692133, 50.155906, -2.753639
510, 41.151000, 3.565033, 50.126570, -1.762505
511, 41.228067, 3.453867, 50.663820, -0.349454
512, 41.337767, 3.404433, 50.543054, -0.905567
513, 41.408900, 3.421333, 50.532079, -1.293464
514, 41.456600, 3.543433, 50.473293, -1.838560
515, 41.437400, 3.674033, 50.782141, -0.925457
516, 41.342133, 3.720733, 50.762213, -0.598644
517, 41.229967, 3.685133, 50.674518, -0.616120
518, 41.079800, 3.582433, 50.065082, -1.124025
519, 40.898133, 3.336433, 43.494776, -4.090353
520, 40.618867, 2.864367, 38.226034, -9.557922
521, 40.205667, 2.157167, 38.024414, -10.744426
522, 39.706833, 1.175567, 38.847427, -8.766602
523, 38.964800, -0.263164, 38.451435, -8.806318
524, 37.767200, -2.204110, 37.549141, -10.415685
525, 36.027800, -4.697974, 36.658578, -11.302439
526, 33.739500, -7.435056, 32.559558, -15.402156
527, 31.458599, -9.602975, 29.320207, -22.676892
528, 29.862800, -10.977827, 29.274036, -25.773849
529, 28.691067, -12.193193, 29.805593, -21.363388
530, 27.684067, -13.373817, 30.181271, -22.805367
531, 27.012333, -14.281453, 29.991449, -25.244080
532, 26.622267, -14.910903, 29.707086, -25.604348
533, 26.595100, -15.153283, 28.884865, -26.653252
534, 26.783133, -15.075163, 28.612238, -27.478561
535, 26.977733, -15.057877, 28.861189, -27.696457
536, 27.024667, -15.118547, 30.179763, -23.293927
537, 26.926133, -15.127957, 28.964023, -25.405745
538, 26.807467, -15.088620, 28.738997, -25.907594
539, 26.686433, -15.044973, 30.400188, -23.806172
540, 26.521600, -15.028350, 30.334461, -23.573658
541, 26.381900, -14.990437, 30.118568, -25.228766
542, 26.285133, -14.940373, 30.045106, -25.444784
543, 26.234900, -14.864670, 30.045208, -26.000910
544, 26.228133, -14.698427, 30.244978, -26.200843
545, 26.293167, -14.424123, 30.194466, -25.991493
546, 26.441000, -13.835613, 31.368689, -18.127665
547, 26.700300, -12.389368, 32.239627, -12.635159
548, 27.040967, -9.799777, 32.509576, -11.271035
549, 27.335333, -7.482022, 32.227855, -11.972698
550, 27.505367, -5.961297, 32.745082, -4.691159
551, 27.537267, -4.942217, 32.379192, -8.275107
552, 27.481467, -4.176438, 31.880988, -13.128374
553, 27.363800, -3.555197, 32.102926, -12.629847
554, 27.201700, -3.050109, 31.818442, -11.906473
555, 27.002500, -2.691259, 32.050671, -12.235174
556, 26.773033, -2.464242, 31.757965, -12.718980
557, 26.479167, -2.290020, 31.981525, -11.600195
558, 26.136033, -2.149231, 31.544802, -11.540420
559, 25.666967, -2.009356, 30.828196, -11.300021
560, 24.903434, -1.815235, 22.105108, -6.534452
561, 23.477733, -1.463591, 18.966085, -3.621006
562, 21.555400, -0.981149, 18.221199, -0.252263
563, 19.624666, -0.414737, 16.436395, -4.547586
564, 18.159900, 0.031644, 15.510183, -6.000178
565, 17.029300, 0.465133, 16.275931, -5.186617
566, 15.905167, 0.852367, 18.594077, 0.374964
567, 14.690200, 1.206533, 17.488383, -0.029566
568, 13.357667, 1.513300, 16.028299, 0.847319
569, 11.876233, 1.894700, 15.294361, 1.205932
570, 10.187000, 2.459833, 11.993725, -0.237442
571, 8.322367, 3.208500, 5.304024, 2.960657
572, 6.115166, 4.227767, 3.284124, 3.514712
573, 4.038900, 5.174267, 1.684202, 1.710571
574, 2.250333, 6.124933, 1.543977, 4.333922
575, 0.524000, 7.001300, 0.548353, -0.064572
576, -1.175233, 8.070567, 0.036047, 0.269630
577, -2.966600, 9.230133, -1.688751, 2.465548
578, -4.897633, 10.504267, -8.858788, 9.285543
579, -6.872367, 11.812233, -10.815750, 11.530250
580, -8.756033, 12.993200, -11.967852, 13.315178
581, -10.468533, 13.944667, -11.568264, 12.756428
582, -11.885533, 14.778067, -13.391477, 9.460799
583, -13.004567, 15.589767, -13.780534, 8.157600
584, -13.784533, 16.453033, -12.280864, 11.983416
585, -14.199967, 17.524567, -11.998075, 13.001659
586, -14.458067, 18.824067, -12.067242, 13.656182
587, -14.693200, 20.273267, -11.988694, 14.275303
588, -14.914967, 21.738633, -13.342408, 10.688697
589, -15.171500, 23.350600, -13.755380, 10.257305
590, -15.530067, 25.069900, -14.109640, 10.238428
591, -16.103333, 26.999767, -15.957934, 23.004983
592, -16.748433, 29.155467, -18.636283, 29.538672
593, -17.479933, 31.242067, -19.435617, 28.149948
594, -18.297633, 32.967333, -19.233255, 25.742283
595, -19.096367, 34.576800, -18.146670, 29.525799
596, -19.897767, 35.884134, -18.264358, 30.205892
597, -20.588833, 36.833800, -17.283148, 30.640347
598, -21.168667, 37.555667, -17.766827, 32.879593
599, -21.721067, 38.038800, -21.850539, 36.980103
600, -22.021300, 38.240300, -23.595198, 37.988242
