1, -3.186500, 8.236500, -1.684040, -2.284165
2, -3.186500, 8.236500, -1.684040, -2.284165
3, -2.774550, 8.309550, -1.155735, -2.201917
4, -2.897933, 8.242400, -1.467390, -2.353949
5, -2.991800, 8.163800, -1.671773, -2.614837
6, -2.972900, 8.050800, -1.673920, -3.144339
7, -2.907200, 7.930967, -1.679857, -3.232302
8, -2.825600, 7.819500, -1.653748, -3.271682
9, -2.706567, 7.684567, -1.516386, -3.175951
10, -2.608167, 7.502233, -1.480684, -3.251832
11, -2.549200, 7.295533, -1.483066, -3.312828
12, -2.523667, 7.187967, -1.547806, -3.010642
13, -2.561833, 7.148500, -1.876948, -2.886967
14, -2.653800, 7.062200, -1.143153, -8.669415
15, -2.799733, 6.716267, -0.655906, -11.932156
16, -2.934933, 5.919867, -1.010738, -12.187457
17, -2.924833, 4.530034, -0.937012, -12.745491
18, -2.528333, 2.429901, -1.208803, -13.287250
19, -1.596833, -0.109155, -0.287461, -13.701217
20, 0.185599, -2.527745, 1.536640, -13.377800
21, 3.098334, -4.240631, 3.003670, -12.285587
22, 6.853863, -5.318409, 11.106801, -17.041219
23, 11.036267, -6.741260, 23.100590, -18.397775
24, 15.441336, -8.179588, 36.273575, -19.157734
25, 19.621535, -9.565760, 33.837137, -20.999322
26, 23.501602, -10.881083, 34.208516, -20.896731
27, 26.983701, -12.001457, 33.014441, -22.061423
28, 29.977268, -12.891880, 31.345037, -20.858322
29, 32.602668, -13.580777, 30.623681, -21.400539
30, 34.956901, -14.306413, 33.601228, -20.764484
31, 37.116734, -15.144033, 48.840860, -20.773492
32, 39.009367, -15.918407, 56.224965, -19.513418
33, 40.745634, -16.470517, 56.065555, -19.643809
34, 42.232233, -16.984093, 53.594498, -20.872083
35, 43.496000, -17.307313, 52.766824, -20.845316
36, 44.687400, -17.423950, 51.436218, -21.466348
37, 45.819433, -17.350147, 51.625208, -20.424515
38, 46.925867, -16.993363, 51.391158, -20.782304
39, 48.073000, -16.377773, 51.126634, -20.929890
40, 49.202867, -15.705137, 52.196067, -19.398269
41, 50.381167, -15.077827, 60.762723, -14.241551
42, 51.759733, -14.464750, 71.278931, -11.408685
43, 53.463000, -13.979870, 72.695505, -12.159381
44, 55.398100, -13.766173, 73.318876, -11.092043
45, 57.606966, -13.790503, 73.199091, -11.629741
46, 60.019134, -13.733243, 73.235386, -11.843562
47, 62.336501, -13.640503, 72.418053, -13.595542
48, 64.370434, -13.695600, 71.332980, -14.368411
49, 65.974967, -13.651243, 81.672896, -11.283565
50, 67.191333, -13.397920, 84.000614, -10.404954
51, 68.206533, -13.193277, 82.600173, -10.488956
52, 69.014800, -13.195980, 81.920962, -10.666567
53, 69.604433, -13.182030, 81.198432, -11.368564
54, 69.999833, -13.246503, 80.373489, -12.010907
55, 70.255033, -13.284247, 79.599528, -12.287180
56, 70.520967, -13.232163, 79.042279, -12.116181
57, 70.707133, -13.272140, 79.247467, -11.320495
58, 70.814833, -13.291107, 78.286537, -11.992801
59, 70.776267, -13.231647, 77.463142, -12.847650
60, 70.755500, -13.151670, 77.285611, -12.745740
61, 70.777167, -13.157237, 77.210390, -12.650072
62, 70.857767, -13.095417, 77.112185, -12.749200
63, 70.872800, -13.055253, 76.397105, -13.003746
64, 70.655167, -13.110917, 75.616934, -13.067327
65, 70.130300, -13.046163, 74.681734, -13.612560
66, 69.307533, -12.903280, 73.863687, -13.686001
67, 68.207067, -12.799580, 72.255236, -13.616909
68, 67.139867, -12.683217, 68.781223, -13.503467
69, 66.144467, -12.622750, 68.016369, -13.872354
70, 65.138167, -12.638727, 67.697339, -13.599703
71, 64.244067, -12.679960, 67.263249, -13.859119
72, 63.346900, -12.642477, 66.572810, -13.763542
73, 62.301833, -12.344410, 65.867329, -13.487174
74, 61.273500, -11.909743, 65.054477, -13.455670
75, 59.983600, -11.614570, 64.078365, -13.133865
76, 58.291567, -11.361927, 63.069915, -12.828613
77, 56.198834, -11.262253, 62.154657, -13.842577
78, 53.590334, -11.178643, 60.793245, -15.202339
79, 50.631601, -11.008340, 59.860359, -15.044105
80, 47.447233, -10.922470, 55.781662, -15.460598
81, 44.235633, -10.908097, 39.610737, -19.692592
82, 41.096566, -11.140863, 33.978756, -21.499684
83, 38.295499, -11.432917, 33.413534, -21.169371
84, 36.198833, -11.761863, 33.497794, -21.477790
85, 34.807866, -12.002937, 34.855998, -21.386071
86, 33.838567, -12.195690, 35.641003, -21.220406
87, 32.933600, -12.567620, 36.173942, -21.149315
88, 32.004600, -12.757840, 36.268749, -21.755386
89, 30.950267, -12.640057, 36.595599, -21.746733
90, 29.383867, -12.459333, 35.912938, -21.838374
91, 27.103402, -12.097520, 34.488883, -21.378882
92, 24.638800, -11.722950, 18.765778, -25.133857
93, 24.638800, -11.722950, 18.765778, -25.133857
94, 16.479732, -10.310107, -8.579166, -16.982732
95, 12.496401, -9.644564, -12.876924, -16.486179
96, 8.645933, -8.974388, -13.223887, -14.109256
97, 5.042699, -8.278994, -12.673411, -13.993710
98, 1.814233, -7.734272, -12.176531, -13.893628
99, -0.955467, -7.247911, -11.379461, -14.713126
100, -3.312434, -6.788626, -9.861562, -15.441848
101, -5.391933, -6.519587, -10.361441, -15.280603
102, -7.272167, -6.348997, -10.759151, -15.659771
103, -8.958400, -6.130200, -10.558367, -15.992732
104, -10.501600, -5.931887, -9.803065, -15.849371
105, -11.945266, -5.670927, -13.092503, -15.633635
106, -13.448600, -5.291566, -26.221065, -12.371486
107, -15.168567, -4.696922, -32.907275, -10.970110
108, -16.881033, -4.102267, -32.118961, -10.303039
109, -18.466100, -3.531273, -32.457022, -10.360743
110, -19.900633, -3.000935, -32.451710, -9.994904
111, -21.136433, -2.534280, -31.530731, -10.529878
112, -22.101633, -2.119659, -30.936748, -10.898103
113, -22.774400, -1.778705, -30.832967, -11.175382
114, -23.152433, -1.482759, -30.934670, -10.851857
115, -23.310767, -1.162060, -29.815521, -11.032239
116, -23.277600, -0.854157, -29.527685, -10.993559
117, -23.108767, -0.454299, -29.282876, -10.819538
118, -22.912267, 0.013963, -29.035583, -10.660752
119, -22.731867, 0.454167, -29.893823, -8.947928
120, -22.605233, 0.879867, -30.619053, -7.352317
121, -22.572267, 1.392967, -31.501579, -7.234920
122, -22.650867, 1.929300, -30.672125, -7.329673
123, -22.855333, 2.424167, -31.394066, -6.970797
124, -23.088300, 2.998400, -31.488711, -7.075300
125, -23.294700, 3.697367, -31.102056, -6.844987
126, -23.481433, 4.478733, -30.565432, -6.855455
127, -23.677567, 5.268800, -23.944951, -2.588495
128, -23.863833, 6.104100, -20.687816, -0.921367
129, -23.993867, 6.836167, -21.292773, -1.297809
130, -24.085967, 7.413367, -21.023344, -1.147799
131, -24.152400, 7.935067, -20.691385, -0.926873
132, -24.175700, 8.413400, -20.939181, -1.988645
133, -24.172633, 8.800033, -21.003777, -1.878799
134, -24.153167, 9.129833, -20.900390, -1.606230
135, -24.130800, 9.368967, -20.702423, -1.231891
136, -24.123867, 9.538967, -16.636558, 5.900907
137, -24.159667, 9.679000, -12.691362, 10.982529
138, -24.218500, 9.810500, -12.754471, 10.723726
139, -24.256467, 9.884800, -12.884751, 10.755920
140, -24.329467, 9.970033, -13.072989, 10.580396
141, -24.412767, 10.128000, -13.283685, 10.636774
142, -24.497633, 10.300233, -13.662767, 10.575611
143, -24.581333, 10.401567, -13.858488, 10.604042
144, -24.699467, 10.464433, -14.023333, 10.659442
145, -24.818433, 10.489900, -14.088926, 10.795382
146, -24.923967, 10.490033, -14.163650, 10.628922
147, -25.034833, 10.467267, -14.281864, 10.609864
148, -25.135767, 10.426800, -14.389592, 10.444442
149, -25.204067, 10.362767, -14.429962, 10.329677
150, -25.271200, 10.299967, -14.461546, 10.383300
151, -25.346800, 10.227333, -14.558364, 10.294451
152, -25.420000, 10.108900, -14.662495, 10.232387
153, -25.524933, 9.950933, -14.778233, 10.047958
154, -25.666767, 9.701033, -14.959157, 9.716336
155, -25.884200, 9.324300, -15.208120, 9.244417
156, -26.172033, 8.737533, -16.230342, 7.516459
157, -26.515367, 7.801200, -22.606205, -3.058900
158, -26.910300, 6.260467, -26.038156, -12.820350
159, -27.333667, 4.546866, -27.931253, -16.185044
160, -27.737300, 3.400800, -27.761445, -15.630826
161, -28.115600, 2.518133, -27.933956, -15.164913
162, -28.505333, 1.537767, -28.127485, -15.391510
163, -28.908067, 0.512367, -28.207930, -15.221928
164, -29.307400, -0.480621, -28.513057, -14.576133
165, -29.700633, -1.389060, -28.354904, -14.984371
166, -30.073900, -2.120391, -28.150042, -14.812529
167, -30.460500, -2.646082, -28.125343, -14.472394
168, -30.963767, -3.101650, -28.309345, -14.369746
169, -31.771767, -3.524850, -28.507856, -14.256707
170, -32.981333, -3.888458, -29.033296, -13.951060
171, -34.510700, -4.269466, -29.914591, -13.943036
172, -36.366566, -4.660025, -41.627436, -17.677993
173, -38.620866, -4.976459, -55.932565, -22.714686
174, -41.001167, -5.431351, -61.853737, -26.910133
175, -43.184667, -6.027581, -62.794381, -26.524846
176, -45.153900, -6.849800, -62.085972, -26.741691
177, -46.900700, -8.290501, -61.714646, -27.041430
178, -48.166567, -10.063818, -60.677535, -27.042181
179, -48.922933, -11.680033, -59.048228, -28.678356
180, -49.401000, -13.206797, -56.912783, -30.513605
181, -49.845167, -14.674870, -55.835935, -31.051743
182, -50.263767, -15.877110, -55.780444, -30.220937
183, -50.771333, -16.715163, -55.673817, -29.918693
184, -51.491233, -17.279753, -55.805071, -29.237227
185, -52.588133, -17.549687, -56.151484, -28.494263
186, -54.116400, -17.787233, -56.867914, -28.495984
187, -56.067000, -18.161547, -57.470211, -28.067562
188, -58.184267, -18.520410, -57.940013, -28.177542
189, -60.186367, -18.870070, -58.011292, -28.710575
190, -61.764734, -19.223067, -57.830276, -27.992787
191, -62.786267, -19.566960, -56.749249, -28.684697
192, -63.311633, -19.823293, -55.949777, -27.739286
193, -63.414700, -19.993060, -55.563452, -28.499859
194, -63.215200, -20.076783, -54.850786, -28.266650
195, -62.940000, -20.112630, -54.166917, -27.490718
196, -62.641600, -20.151860, -53.995787, -27.313525
197, -62.370233, -20.262530, -53.998614, -27.519536
198, -62.054867, -20.386020, -54.109892, -27.527314
199, -61.740200, -20.430613, -53.737991, -28.004987
200, -61.421133, -20.470513, -49.745723, -28.210406
201, -61.102733, -20.466337, -49.666162, -28.167815
202, -60.862100, -20.367067, -49.725559, -28.213831
203, -60.652400, -20.223433, -49.676066, -27.991721
204, -60.436200, -20.086627, -49.895163, -28.285027
205, -60.171667, -19.940793, -49.973218, -28.287043
206, -59.762267, -19.795447, -49.788148, -28.216348
207, -59.144767, -19.647307, -49.439558, -28.241419
208, -58.227133, -19.450020, -49.128397, -28.211185
209, -56.902267, -19.160387, -48.530373, -28.009599
210, -55.143034, -18.813220, -44.171239, -28.140340
211, -52.776101, -18.159583, -32.495517, -27.053917
212, -49.767733, -17.324940, -30.427994, -26.345468
213, -46.740066, -16.734153, -30.347778, -26.344097
214, -43.856333, -16.333230, -32.152652, -27.347738
215, -41.297666, -16.133487, -33.728905, -28.143339
216, -39.196266, -16.049303, -33.965089, -29.079460
217, -37.543533, -15.893300, -28.323324, -27.415034
218, -36.273400, -15.692033, -18.212410, -22.669443
219, -35.244100, -15.471123, -20.407861, -22.689244
220, -34.470633, -15.292450, -20.925126, -23.111119
221, -33.940333, -15.253720, -22.395135, -23.764302
222, -33.573900, -15.278343, -22.933750, -24.265818
223, -33.265367, -15.292807, -23.187331, -24.577394
224, -32.939933, -15.314987, -23.203843, -24.758904
225, -32.641700, -15.314857, -23.152836, -24.386246
226, -32.399067, -15.286127, -23.339015, -24.532669
227, -32.176367, -15.207587, -23.495803, -24.433053
228, -31.986033, -15.129073, -23.265909, -24.178437
229, -31.835733, -15.078257, -23.257659, -24.081534
230, -31.731700, -15.014560, -23.306277, -23.912317
231, -31.678167, -14.962213, -23.666030, -23.973415
232, -31.685433, -14.951417, -24.235958, -24.253583
233, -31.773800, -14.963267, -36.559936, -27.150463
234, -31.924567, -15.025000, -46.003054, -28.528272
235, -32.112567, -15.073713, -48.090482, -28.189457
236, -32.315167, -15.074677, -47.205304, -28.092394
237, -32.559367, -15.063917, -47.236407, -28.431057
238, -32.743500, -15.061383, -47.483336, -28.455111
239, -32.868533, -15.073370, -47.260097, -28.524735
240, -32.944533, -15.052760, -47.169292, -28.648332
241, -32.956567, -14.968603, -47.343623, -28.773105
242, -32.913267, -14.904483, -47.082330, -28.775895
243, -32.864800, -14.868200, -46.820555, -28.860388
244, -32.834767, -14.834213, -46.720283, -28.802917
245, -32.823533, -14.787590, -46.701907, -28.733940
246, -32.833067, -14.759120, -46.506699, -28.953436
247, -32.867900, -14.729710, -46.440654, -28.900451
248, -32.908800, -14.693470, -46.588109, -28.749928
249, -32.934600, -14.656347, -46.798158, -28.451185
250, -32.961067, -14.638733, -46.874555, -28.604375
251, -32.973900, -14.609720, -46.959728, -28.551725
252, -32.974900, -14.573870, -46.689585, -28.691454
253, -32.976033, -14.555420, -46.490081, -29.233156
254, -33.005267, -14.547980, -46.615050, -29.149786
255, -33.045367, -14.562430, -46.258409, -28.763254
256, -33.011300, -14.533757, -33.437818, -24.971638
257, -32.711400, -14.283617, -15.729254, -15.789313
258, -31.966833, -13.907220, -12.384013, -15.918440
259, -30.915800, -13.584860, -10.413560, -14.864332
260, -29.772067, -13.307140, -10.789765, -15.082374
261, -28.586033, -13.051803, -10.837538, -14.447470
262, -27.455333, -12.805537, -10.752154, -14.407928
263, -26.585533, -12.632860, -10.968422, -14.907771
264, -26.051000, -12.592787, -9.580912, -14.886692
265, -25.680867, -12.571257, -7.104130, -14.208407
266, -25.359900, -12.556817, -7.459626, -14.506289
267, -25.086933, -12.615190, -7.636542, -14.654128
268, -24.781800, -12.766330, -7.875008, -14.835413
269, -24.302000, -13.087700, -8.428185, -15.172589
270, -23.332967, -13.959560, -7.884153, -16.332037
271, -21.936500, -15.693900, -7.042176, -16.366455
272, -20.077367, -17.731907, -7.452607, -18.491347
273, -17.975466, -19.637414, -18.701703, -21.440079
274, -16.006033, -21.002414, -20.048698, -21.958891
275, -14.345133, -21.423240, -20.281178, -20.833286
276, -13.064800, -21.505730, -20.409309, -20.205727
277, -12.122267, -21.790547, -21.024185, -20.208669
278, -11.555833, -22.106983, -21.731683, -19.564525
279, -11.369700, -22.285607, -22.060477, -19.643014
280, -11.541767, -22.375173, -22.444218, -19.415179
281, -12.088133, -22.541767, -22.583221, -19.752788
282, -13.287033, -22.655653, -25.917920, -20.421146
283, -14.595600, -22.677820, -43.406714, -40.871033
284, -19.985000, -22.614150, -44.676050, -23.529936
285, -22.495367, -22.540723, -46.861256, -29.483771
286, -26.060635, -22.359433, -47.610650, -29.366008
287, -29.105168, -22.125707, -46.903468, -27.782988
288, -31.386634, -21.822050, -46.775569, -27.304109
289, -32.969533, -21.520143, -45.794395, -27.796663
290, -34.042367, -21.299603, -42.625082, -28.667606
291, -34.810267, -21.158800, -42.297019, -28.709164
292, -35.415100, -21.084073, -48.422136, -28.342231
293, -36.122867, -20.973433, -51.097154, -28.267799
294, -37.090933, -20.836980, -51.109457, -28.222310
295, -38.140367, -20.576987, -51.187075, -28.342335
296, -39.312300, -19.944657, -51.312366, -28.568880
297, -40.757267, -19.307193, -51.676847, -28.465386
298, -42.364200, -18.828410, -52.592254, -28.561278
299, -43.965900, -18.440720, -52.045609, -28.768678
300, -45.464667, -18.142763, -52.810668, -28.801969
301, -46.803400, -17.893170, -52.507421, -28.818444
302, -48.073833, -17.654693, -52.381395, -28.760934
303, -49.574066, -17.366630, -52.735334, -28.404524
304, -51.891996, -16.749710, -57.647085, -27.997500
305, -56.324145, -15.082394, -75.994154, -25.174944
306, -63.522321, -12.470969, -83.031999, -24.615343
307, -70.555643, -10.531719, -98.570382, -23.060623
308, -76.529845, -9.519835, -101.714506, -22.923711
309, -81.337432, -8.723632, -101.073765, -22.404181
310, -84.278133, -8.945224, -98.723432, -23.100426
311, -86.287934, -9.449478, -96.241168, -24.339509
312, -87.630600, -10.010471, -95.320325, -25.089017
313, -88.492133, -10.584520, -94.034355, -24.886383
314, -88.973200, -11.106660, -93.132546, -25.266953
315, -89.251500, -11.442367, -92.504797, -25.268838
316, -89.510133, -11.603993, -91.891590, -25.344562
317, -89.803500, -11.559170, -92.263277, -25.084995
318, -90.210367, -11.370893, -92.586414, -23.292361
319, -90.709200, -10.897903, -94.617960, -13.923739
320, -91.241200, -10.011270, -94.880728, -6.825301
321, -91.800267, -8.940224, -94.549128, -5.782088
322, -92.347033, -7.801436, -94.032821, -6.166357
323, -92.983000, -6.607934, -94.213986, -5.718821
324, -93.657700, -5.516420, -94.302164, -5.468029
325, -94.382133, -4.484055, -94.558717, -5.703131
326, -95.087233, -3.628822, -94.369798, -5.658930
327, -95.710033, -3.025193, -94.341036, -6.207897
328, -96.350167, -2.648338, -94.699468, -6.432239
329, -97.183067, -2.433201, -99.833405, -5.338846
330, -98.425766, -2.070377, -112.619692, -3.180445
331, -100.060133, -1.556682, -116.535325, -3.378208
332, -101.909034, -1.049249, -116.574959, -3.336939
333, -103.636767, -0.722841, -116.518465, -3.260116
334, -105.027733, -0.747207, -116.178100, -3.664901
335, -106.005133, -0.998973, -116.816201, -3.391610
336, -106.610800, -1.242350, -116.078415, -3.770359
337, -107.086167, -1.300238, -115.347209, -4.477540
338, -107.625667, -1.149642, -115.034681, -2.201441
339, -108.173700, -0.522825, -113.877391, 1.853865
340, -108.617133, 0.500567, -114.323973, 3.059672
341, -108.821033, 1.499233, -113.763471, 2.532147
342, -108.743100, 2.561900, -113.518762, 3.233582
343, -108.714167, 3.449067, -113.380597, 3.561994
344, -108.762833, 4.431067, -113.238735, 3.492317
345, -108.820633, 5.545367, -113.435255, 3.439499
346, -108.492200, 6.752800, -113.563025, 3.209548
347, -107.392967, 8.181167, -107.859363, -0.299526
348, -107.392967, 8.181167, -107.859363, -0.299526
349, -101.493075, 11.227000, -89.788349, 4.888138
350, -96.434206, 12.304233, -85.333562, 8.540774
351, -90.724898, 12.894367, -81.361274, 4.117495
352, -85.504829, 12.900333, -81.974137, 1.301364
353, -81.536830, 12.463933, -82.892640, 1.064696
354, -78.919499, 11.676167, -84.169576, 0.352205
355, -76.887966, 10.891133, -75.728950, -3.926753
356, -75.132200, 10.331533, -59.792011, -6.990123
357, -73.452400, 9.931033, -57.231802, -7.290010
358, -71.761800, 9.762100, -56.525108, -5.939247
359, -70.180033, 9.675333, -56.017943, -6.267509
360, -68.622167, 9.529900, -56.122870, -5.539558
361, -66.938534, 9.353167, -58.923804, -7.902604
362, -65.039967, 9.166833, -58.784533, -7.610457
363, -62.855834, 8.921200, -57.841644, -7.335258
364, -60.188001, 8.521967, -58.207195, -7.762960
365, -56.861404, 8.069300, -57.000346, -7.543201
366, -52.524405, 7.568167, -56.070415, -8.261512
367, -47.171968, 7.068200, -52.077442, -7.309189
368, -47.171968, 7.068200, -52.077442, -7.309189
369, -47.171968, 7.068200, -52.077442, -7.309189
370, -47.171968, 7.068200, -52.077442, -7.309189
371, -47.171968, 7.068200, -52.077442, -7.309189
372, -13.746824, 8.130767, 11.588434, -4.457327
373, -9.032566, 8.200100, 6.574289, -5.718742
374, -5.219797, 8.137267, 6.300077, -6.399988
375, -2.172231, 8.041300, 2.838884, -7.766289
376, 0.240967, 7.948233, 1.615340, -7.288713
377, 2.200233, 7.742267, 1.394587, -6.939386
378, 4.009933, 7.485533, 0.512955, -7.443157
379, 6.078199, 7.355800, 0.658005, -7.224430
380, 9.111328, 7.528633, 12.156329, -5.927004
381, 14.284038, 7.922900, 32.444372, -3.323883
382, 21.605907, 7.935133, 34.596458, -4.868612
383, 29.862555, 7.228133, 32.976545, -7.729216
384, 38.403998, 6.143400, 44.236374, -6.176124
385, 45.678950, 5.091450, 59.362778, -11.235138
386, 56.790200, 3.362100, 73.651910, -16.631595
387, 62.809218, 2.460633, 83.658580, -8.252914
388, 68.383440, 1.540967, 83.587323, -9.809402
389, 71.709435, 0.716667, 79.775386, -13.400306
390, 73.384967, -0.255543, 78.778990, -8.748917
391, 74.392767, -1.169402, 77.449971, -10.906026
392, 75.218600, -1.723714, 78.592521, -9.927782
393, 76.263533, -2.301716, 93.449102, -12.399208
394, 77.706767, -3.062098, 95.852684, -14.049535
395, 79.372100, -3.762834, 94.135607, -14.091709
396, 80.946467, -4.458319, 94.841196, -14.553685
397, 82.410433, -5.124232, 96.508456, -12.141041
398, 83.836567, -5.619318, 95.305588, -13.023632
399, 85.310533, -6.058098, 95.011701, -13.267409
400, 86.630667, -6.425437, 94.178516, -13.502462
401, 87.748700, -6.509371, 93.598253, -13.425391
402, 88.629533, -6.658004, 93.140989, -13.724359
403, 89.188100, -7.233083, 92.868618, -13.656926
404, 89.462100, -7.741047, 92.592707, -13.954067
405, 89.790933, -8.114941, 92.635787, -13.872500
406, 90.071586, -8.426954, 92.320449, -14.011889
407, 90.378871, -8.531353, 95.768897, -14.036470
408, 90.493191, -8.579027, 98.920349, -14.283447
409, 90.468294, -8.627006, 98.693225, -14.003495
410, 90.308576, -8.535403, 98.253023, -13.703195
411, 89.950671, -8.300570, 97.910551, -13.612795
412, 89.550533, -8.015449, 97.834793, -13.790476
413, 89.235100, -7.814101, 97.605475, -14.466416
414, 89.152233, -7.680204, 97.785265, -14.134228
415, 89.263367, -7.851063, 98.051364, -14.159250
416, 89.679833, -8.479949, 98.327035, -14.634918
417, 90.081117, -9.275381, 98.576375, -15.203607
418, 90.497772, -9.734652, 98.790983, -15.118923
419, 90.832497, -10.122407, 98.803718, -14.974473
420, 90.892565, -10.229347, 97.500992, -13.928220
421, 90.523941, -9.811246, 91.143378, -8.420536
422, 89.402934, -8.865838, 85.956682, -5.698708
423, 86.557910, -7.228597, 83.957288, -5.165651
424, 81.471656, -5.776386, 81.724908, -5.291879
425, 74.807594, -4.768439, 80.450467, -4.078233
426, 67.783235, -4.010635, 63.863283, -3.506726
427, 61.434726, -3.465344, 47.158888, -4.362870
428, 56.298461, -3.036374, 41.567377, -4.489040
429, 52.620932, -2.842549, 42.148785, -4.962983
430, 50.586033, -2.654741, 44.610146, -5.077513
431, 49.286267, -2.819189, 46.416115, -5.703834
432, 48.108700, -3.090486, 47.384100, -5.537304
433, 47.113400, -3.306193, 47.859879, -5.432444
434, 46.276300, -3.432958, 48.388315, -5.485701
435, 45.415767, -3.313368, 46.650036, -5.788225
436, 44.207533, -3.160464, 33.662487, -7.833406
437, 42.539367, -3.127701, 27.935752, -8.608593
438, 40.292735, -3.148592, 27.923112, -7.436191
439, 37.398268, -3.107900, 27.266803, -8.033740
440, 33.791867, -3.085207, 25.955144, -8.116812
441, 29.878732, -3.020183, 25.285318, -8.456645
442, 26.434499, -3.043328, 25.081444, -8.431317
443, 23.700999, -2.958176, 25.654045, -8.472553
444, 21.749400, -2.601560, 24.630317, -7.691525
445, 20.384767, -1.871440, 22.522627, 2.632348
446, 19.577933, -0.888296, 21.542428, 7.246807
447, 19.234567, -0.116653, 22.923043, 9.393534
448, 19.062300, 0.464000, 22.832483, 8.165000
449, 18.994267, 1.167900, 23.855520, 9.578500
450, 19.120733, 2.099067, 23.467045, 7.075618
451, 19.355067, 3.124400, 23.681759, 7.143298
452, 19.547967, 4.018033, 24.074704, 8.378170
453, 19.646233, 4.782533, 24.329307, 9.043677
454, 19.564700, 5.461200, 24.400284, 8.257875
455, 19.090467, 5.927400, 24.448621, 8.958126
456, 17.929800, 6.259800, 23.513814, 8.117411
457, 16.009600, 6.728667, 22.105111, 7.366103
458, 13.874600, 7.436867, 18.301074, 9.040679
459, 11.615600, 8.148967, 4.688312, 11.600752
460, 9.333667, 8.756267, -5.908279, 14.502942
461, 7.199066, 9.413567, -6.444234, 14.336017
462, 5.283700, 10.393300, -6.443738, 14.798950
463, 3.632300, 11.469267, -6.404614, 14.952753
464, 2.192867, 12.528733, -5.904208, 15.285649
465, 0.885567, 13.290333, -4.677599, 14.282778
466, -0.191933, 13.708567, -4.279468, 13.817575
467, -1.032600, 13.982567, -4.100753, 14.237000
468, -1.697400, 14.298533, -3.799363, 14.738188
469, -2.228667, 14.662900, -3.743031, 15.078202
470, -2.705333, 15.233467, -7.773301, 20.517752
471, -3.143167, 16.008433, -8.946841, 23.957268
472, -3.495933, 16.793433, -8.411537, 23.555280
473, -3.752867, 17.550733, -8.339605, 23.250572
474, -3.910100, 18.349967, -7.033933, 22.339545
475, -3.988400, 19.330667, -7.009303, 23.355968
476, -4.006267, 20.479867, -6.644673, 23.387669
477, -4.120167, 21.873133, -6.856329, 24.632137
478, -4.686400, 23.485700, -7.770305, 32.543026
479, -5.313700, 25.247167, -4.717089, 41.476006
480, -5.757967, 27.307833, -3.116320, 47.073217
481, -6.200133, 29.476900, -3.064018, 46.847972
482, -6.628433, 31.451034, -3.161955, 46.801344
483, -6.850233, 33.270833, -3.164487, 45.659779
484, -7.016300, 35.064133, -4.152077, 47.771635
485, -7.245200, 36.667067, -8.224256, 51.004277
486, -7.495233, 37.889833, -8.668660, 50.387883
487, -7.777900, 38.577967, -7.931101, 50.549164
488, -8.104567, 38.861533, -8.243459, 49.599121
489, -8.493733, 38.925800, -8.389402, 48.931462
490, -8.996433, 39.094267, -8.469428, 48.739407
491, -9.705167, 39.603200, -8.542560, 48.565269
492, -10.554733, 40.529200, -8.641062, 48.812319
493, -11.469467, 41.102900, -8.488562, 49.172277
494, -12.215533, 40.971067, -9.113366, 47.464157
495, -12.816933, 40.202100, -11.064524, 39.686863
496, -13.388200, 39.137267, -10.370312, 30.873070
497, -13.850800, 38.118767, -8.935030, 25.061455
498, -14.227267, 37.047233, -9.378386, 15.807559
499, -14.509000, 35.539367, -9.101100, 9.216563
500, -14.492267, 33.559167, -9.418269, 8.366727
501, -14.172233, 31.132601, -8.767545, 8.069920
502, -13.749967, 28.219635, -8.921835, 7.897596
503, -13.294933, 24.831632, -8.274761, 7.581749
504, -12.612433, 21.661799, -7.649583, 1.837784
505, -12.612433, 21.661799, -7.649583, 1.837784
506, -10.349833, 16.498767, -0.862867, -8.621987
507, -9.338700, 15.043600, 4.667543, -13.099016
508, -7.109934, 11.931034, 1.251252, -14.513303
509, -5.145967, 9.484767, 2.275313, -14.573507
510, -3.035500, 7.062867, 2.380466, -13.820115
511, -0.930800, 4.652433, 2.510631, -14.984260
512, 1.079000, 2.317533, 2.520144, -14.620896
513, 2.790434, 0.262736, 5.678877, -18.837266
514, 4.186800, -1.644213, 11.021926, -24.521939
515, 5.397367, -3.639763, 9.712083, -24.550756
516, 6.420933, -5.614149, 11.122756, -25.424037
517, 7.176733, -7.429329, 9.519997, -25.005340
518, 7.956333, -9.055116, 9.082631, -25.085927
519, 8.693700, -10.748727, 8.672776, -24.553460
520, 9.367333, -12.174303, 8.076207, -24.878001
521, 10.133333, -13.265373, 8.272611, -24.300463
522, 10.949367, -14.254383, 18.091450, -27.118562
523, 11.969733, -15.027713, 34.236379, -26.723479
524, 13.309666, -15.729257, 33.410939, -27.075406
525, 15.117566, -16.187737, 33.275854, -27.404862
526, 17.738030, -16.266483, 34.009972, -26.471707
527, 21.536896, -16.103393, 36.379127, -25.967291
528, 26.493062, -15.887363, 50.126102, -16.888651
529, 32.358295, -15.671753, 59.102563, -19.115313
530, 38.429302, -15.475163, 58.203317, -19.213443
531, 44.124005, -15.213103, 60.830804, -17.250774
532, 48.964073, -14.820987, 57.758300, -18.690346
533, 52.631535, -14.377200, 56.003897, -19.873414
534, 55.212600, -13.967390, 54.878810, -20.619855
535, 57.218133, -13.709490, 66.809203, -17.282451
536, 58.835567, -13.546127, 80.483769, -13.160307
537, 60.387234, -13.289810, 80.737234, -12.850484
538, 61.646933, -13.109677, 79.764758, -13.843499
539, 62.711200, -13.043733, 79.697535, -13.435074
540, 63.536267, -13.042130, 79.299776, -13.732817
541, 64.152233, -13.013990, 78.297294, -13.706456
542, 64.634400, -12.904053, 78.211227, -12.671648
543, 65.042667, -12.588417, 78.699473, -11.858100
544, 65.371033, -12.142520, 79.770383, -8.974280
545, 65.686000, -11.905297, 79.641613, -8.595047
546, 65.908933, -11.797637, 80.053159, -9.091761
547, 66.054467, -11.639123, 80.188614, -8.942199
548, 66.098167, -11.527917, 80.275208, -8.952351
549, 66.125167, -11.322923, 80.532093, -8.767989
550, 66.239667, -11.097200, 80.620983, -8.621934
551, 66.408900, -10.892823, 80.920278, -8.378634
552, 66.609033, -10.684010, 81.160218, -8.229269
553, 66.845233, -10.543943, 81.362926, -8.251492
554, 67.065133, -10.351290, 81.523128, -7.773790
555, 67.291833, -10.208953, 81.729107, -7.737551
556, 67.532700, -10.049976, 81.989254, -7.673272
557, 67.803433, -9.865412, 82.402046, -7.496060
558, 68.069400, -9.710722, 83.998842, -8.167522
559, 68.376733, -9.603827, 85.121882, -8.083712
560, 68.675200, -9.582841, 85.441779, -7.731146
561, 68.893600, -9.558265, 85.701198, -7.392253
562, 69.014967, -9.517176, 85.729267, -7.682169
563, 69.032033, -9.502015, 85.612826, -7.786885
564, 69.029133, -9.481534, 85.531969, -7.821988
565, 69.026067, -9.442585, 85.533909, -7.755861
566, 69.035067, -9.338790, 85.448322, -7.644124
567, 69.063000, -9.356904, 85.645019, -7.878538
568, 69.077500, -9.314423, 85.745340, -7.897412
569, 69.087100, -9.233827, 85.853716, -7.768457
570, 69.104333, -9.198534, 85.875639, -7.814154
571, 69.110867, -9.180931, 85.851778, -7.891844
572, 69.075633, -9.237314, 85.873246, -7.967253
573, 68.996533, -9.271087, 85.837311, -8.047428
574, 68.918633, -9.287560, 85.817450, -8.038393
575, 68.830933, -9.272881, 85.818360, -7.990236
576, 68.772467, -9.243568, 85.750442, -8.022169
577, 68.682067, -9.230829, 83.315236, -8.110862
578, 68.457500, -9.167307, 71.677073, -8.090938
579, 68.063067, -9.025726, 67.506913, -6.732787
580, 67.378300, -8.849050, 67.439040, -6.610122
581, 66.309167, -8.637097, 66.960582, -6.759166
582, 64.742534, -8.387126, 66.478215, -6.697353
583, 62.373468, -8.106557, 66.008330, -6.572675
584, 58.814043, -7.828388, 65.460152, -6.229773
585, 53.825582, -7.360603, 51.676968, -13.942859
586, 53.825582, -7.360603, 51.676968, -13.942859
587, 39.723150, -5.818046, 16.823521, -23.893333
588, 33.990798, -4.909404, 16.249200, -6.738601
589, 27.454626, -3.819289, 10.164691, -2.636151
590, 21.632495, -2.740018, 10.711715, -4.711702
591, 16.455396, -1.652631, 10.997495, -4.434038
592, 12.101233, -0.809531, 12.443818, -4.797168
593, 8.155132, -0.434532, 2.332494, -5.435609
594, 4.383398, -0.146611, -10.141502, -5.370652
595, 1.061533, 0.142967, -10.599600, -5.398463
596, -1.790768, 0.404133, -9.603541, -5.874399
597, -4.223600, 0.626133, -9.661684, -6.016128
598, -6.479800, 0.641567, -10.196575, -6.030824
599, -8.599267, 0.498767, -9.356505, -6.433610
600, -9.958500, 0.415800, -9.866143, -6.316684
