1, -97.348203, -20.992208, -94.637943, -8.746642
2, -108.284900, -3.515290, -108.771319, 2.642008
3, -107.327200, -2.819363, -107.815677, 3.337793
4, -103.108322, -0.453198, -99.971615, 9.028488
5, -99.498599, 1.383367, -92.535113, 12.222148
6, -96.491300, 2.642166, -86.135729, 16.535269
7, -93.426199, 3.971600, -78.734244, 20.487418
8, -90.298634, 5.125533, -74.055788, 23.413116
9, -87.007099, 6.367400, -74.045063, 23.584332
10, -83.731367, 7.739233, -74.283816, 23.126237
11, -80.585100, 9.148367, -76.169694, 21.054595
12, -77.654433, 10.448867, -76.321462, 21.084314
13, -74.927666, 11.568000, -75.444486, 23.207307
14, -72.595900, 12.485133, -64.835449, 23.681576
15, -70.567166, 13.053800, -62.606320, 21.063324
16, -68.951400, 13.458467, -63.458172, 20.839688
17, -67.853933, 13.739500, -65.068033, 21.320656
18, -67.105300, 13.842667, -65.154251, 21.175153
19, -66.694233, 13.801533, -65.386096, 21.165668
20, -66.544167, 13.699267, -65.652021, 21.642490
21, -66.554767, 13.560767, -66.412010, 21.052213
22, -66.715800, 13.281333, -67.156130, 20.537957
23, -66.911833, 12.985000, -67.465378, 20.321256
24, -67.023650, 12.849800, -67.823969, 20.266373
25, -67.150767, 12.794600, -67.995500, 21.109435
26, -67.263833, 12.798867, -67.119781, 22.314415
27, -67.298800, 12.905700, -66.531235, 24.392118
28, -67.258433, 13.103733, -66.268652, 25.074096
29, -67.222667, 13.341733, -65.948222, 27.076607
30, -67.250033, 13.578667, -65.928610, 27.301660
31, -67.311700, 13.781267, -66.023744, 27.501671
32, -67.485967, 13.935200, -66.395911, 27.552338
33, -67.722233, 14.062067, -66.572301, 28.181421
34, -67.978600, 14.099233, -66.952908, 28.352822
35, -68.281467, 14.039933, -67.415299, 28.757458
36, -68.631000, 13.967900, -67.718972, 29.181345
37, -69.025367, 13.912667, -68.119290, 28.403225
38, -69.412333, 13.891667, -68.039386, 29.213202
39, -69.789733, 13.836967, -68.054362, 29.109194
40, -70.102467, 13.697367, -67.945128, 28.682524
41, -70.329067, 13.435367, -67.316368, 29.097711
42, -70.521433, 13.099333, -66.594886, 31.830032
43, -70.771833, 12.714933, -65.144674, 32.707169
44, -71.111333, 12.423333, -65.879361, 30.824663
45, -71.592300, 12.265433, -65.505557, 31.199457
46, -72.215433, 12.209133, -66.158710, 31.672679
47, -72.938900, 12.213633, -68.096519, 29.360484
48, -73.762133, 12.272867, -70.281955, 30.500191
49, -74.685367, 12.293400, -77.212862, 25.166999
50, -75.707333, 12.244667, -80.316725, 23.691301
51, -76.636400, 12.258800, -80.377879, 22.843095
52, -77.430033, 12.310233, -80.308533, 23.134661
53, -78.118533, 12.304433, -80.091899, 22.376929
54, -78.718967, 12.294600, -80.180823, 22.308737
55, -79.338867, 12.269400, -79.951642, 22.738172
56, -79.967167, 12.251500, -79.977724, 23.466650
57, -80.642433, 12.236400, -80.458447, 22.446901
58, -81.303333, 12.235200, -83.274841, 22.471242
59, -81.968467, 12.238167, -87.163314, 22.136940
60, -82.610367, 12.258200, -87.887730, 22.366440
61, -83.306133, 12.244333, -88.436308, 21.607739
62, -84.038233, 12.220933, -88.903430, 21.765424
63, -84.857333, 12.168733, -89.428026, 21.747141
64, -85.716133, 12.099633, -89.784347, 21.988742
65, -86.601400, 11.989700, -89.495522, 22.092286
66, -87.529133, 11.819833, -89.645939, 22.209448
67, -88.507167, 11.627300, -90.135044, 20.474526
68, -89.477433, 11.461067, -90.202583, 20.671448
69, -90.439900, 11.349167, -92.624134, 20.452072
70, -91.400200, 11.274000, -99.010782, 13.505740
71, -92.392167, 11.195600, -105.812819, 7.513592
72, -93.418733, 11.153067, -111.076168, 5.339033
73, -94.500900, 11.108267, -111.842406, 5.557229
74, -95.663233, 11.079967, -111.214778, 5.062725
75, -96.830633, 11.085833, -111.000693, 4.944293
76, -98.056833, 11.087667, -111.169096, 5.381569
77, -99.297533, 11.115833, -111.290849, 5.580256
78, -100.625567, 11.094233, -111.332847, 5.501899
79, -102.010800, 11.015033, -114.361897, 7.838858
80, -103.454733, 10.873267, -118.647645, 11.690248
81, -104.888267, 10.680233, -120.281882, 12.890905
82, -106.291567, 10.428767, -119.893734, 12.746250
83, -107.655167, 10.189300, -120.268082, 12.066634
84, -108.953600, 10.057800, -120.367199, 14.015194
85, -110.250200, 10.076533, -120.746878, 19.263213
86, -111.492767, 10.158967, -121.585224, 22.251208
87, -112.586200, 10.228100, -121.535247, 24.291621
88, -113.483833, 10.227067, -121.975796, 24.754432
89, -114.243600, 10.170433, -122.401127, 24.049750
90, -114.896833, 10.072067, -122.222448, 23.778663
91, -115.531233, 9.984800, -122.532181, 23.002477
92, -116.178200, 9.937967, -122.262513, 23.025201
93, -116.852833, 9.974200, -122.737760, 23.311584
94, -117.504200, 10.030067, -121.801645, 22.465705
95, -118.156300, 10.064267, -122.058786, 22.287765
96, -118.805100, 10.100433, -122.652888, 22.573528
97, -119.320700, 10.136950, -122.975650, 23.162348
98, -119.821467, 10.229367, -123.033091, 23.473812
99, -120.014533, 10.435400, -125.027386, 26.735529
100, -120.013467, 10.734167, -127.711102, 28.823251
101, -119.835233, 10.912967, -128.758876, 29.639613
102, -119.574767, 10.978800, -127.886895, 27.578413
103, -119.344600, 11.018267, -127.439885, 26.655492
104, -119.183533, 11.027433, -127.575371, 27.066083
105, -119.061400, 10.970600, -127.925492, 28.268734
106, -118.937067, 10.935100, -128.011874, 28.594725
107, -118.836733, 10.987500, -128.355197, 29.211846
108, -118.759433, 11.101800, -128.268289, 29.077819
109, -118.668033, 11.222400, -128.336169, 29.195501
110, -118.548800, 11.368600, -128.446357, 29.054246
111, -118.425533, 11.549833, -128.354646, 28.539808
112, -118.285333, 11.731667, -128.242624, 28.303718
113, -118.159500, 11.872467, -128.324537, 28.334270
114, -118.041667, 11.962633, -128.413415, 27.747903
115, -117.916133, 12.015067, -128.305009, 27.724758
116, -117.832567, 12.011233, -128.151643, 27.435021
117, -117.786933, 11.950200, -127.984164, 27.020065
118, -117.726867, 11.858567, -128.215110, 28.111415
119, -117.657200, 11.783933, -128.383953, 28.359653
120, -117.590600, 11.702367, -128.449841, 28.306222
121, -117.513867, 11.599767, -128.400166, 27.859175
122, -117.446467, 11.548900, -128.543440, 28.116546
123, -117.376600, 11.520133, -128.643261, 28.182835
124, -117.311067, 11.511967, -128.565699, 27.426019
125, -117.282467, 11.511467, -128.719931, 27.587798
126, -117.244867, 11.488167, -128.660202, 27.499775
127, -117.189050, 11.503650, -128.502931, 27.219508
128, -117.142300, 11.512767, -128.401304, 26.649240
129, -117.119333, 11.543267, -128.621985, 26.766028
130, -117.135833, 11.584000, -128.913082, 27.166694
131, -117.182333, 11.662333, -128.994368, 27.216259
132, -117.268733, 11.783500, -129.015380, 27.303435
133, -117.489133, 12.008233, -129.633407, 27.962952
134, -118.084400, 12.042500, -129.930046, 26.746685
135, -118.620533, 12.209733, -129.510427, 26.213374
136, -119.162633, 12.345700, -129.244296, 25.579162
137, -119.563833, 12.514000, -132.221489, 19.181816
138, -119.831300, 12.513367, -130.917351, 7.199939
139, -119.870067, 12.482967, -129.579904, 0.904162
140, -119.728667, 12.353667, -129.271853, -2.510715
141, -119.494633, 12.021433, -129.059066, -6.654075
142, -119.354467, 11.406267, -128.800658, -6.506874
143, -119.373033, 10.607667, -129.669200, -6.317527
144, -119.588033, 9.608167, -129.609712, -5.725204
145, -119.982100, 8.443200, -128.830690, -6.288238
146, -120.391367, 7.231300, -129.974466, -7.306884
147, -120.660533, 6.093033, -130.140138, -7.670043
148, -120.778633, 4.908600, -130.138515, -6.643125
149, -120.865733, 3.637767, -130.199414, -7.109895
150, -120.870967, 2.353967, -129.764257, -6.878332
151, -120.811600, 1.191400, -130.086728, -6.868320
152, -120.703033, 0.057594, -129.349417, -7.395582
153, -120.622533, -1.173970, -129.518573, -7.658082
154, -120.508233, -2.409242, -129.500248, -7.826896
155, -120.419967, -3.547606, -129.917422, -7.844042
156, -120.317533, -4.908365, -129.733691, -7.737228
157, -120.316800, -6.024928, -129.440989, -7.779679
158, -120.195733, -7.585432, -127.920481, -14.727247
159, -120.244133, -9.277775, -126.413357, -24.418084
160, -120.325300, -11.109763, -125.966492, -29.099246
161, -120.442800, -13.238280, -126.608221, -30.201574
162, -120.577400, -15.525572, -126.083593, -29.552642
163, -120.680200, -18.057750, -126.088774, -29.201713
164, -120.752433, -20.605224, -125.891059, -29.155048
165, -120.803400, -23.002263, -125.955629, -29.287196
166, -120.922133, -25.219274, -125.725353, -29.979197
167, -121.039767, -27.032937, -125.538961, -28.711789
168, -121.149733, -28.699117, -125.793343, -30.028013
169, -121.211167, -30.040863, -125.548281, -28.187105
170, -121.142933, -31.308623, -124.686429, -34.578948
171, -120.834433, -32.248420, -122.264194, -44.080546
172, -120.294300, -32.961703, -121.551521, -48.941717
173, -119.700633, -33.638470, -122.314080, -48.939826
174, -119.174833, -34.264713, -121.667310, -48.302847
175, -118.752800, -34.904410, -121.747875, -48.037127
176, -118.398167, -35.361273, -121.883478, -48.823173
177, -118.081067, -35.744587, -121.931999, -48.906307
178, -117.798367, -36.124557, -122.301071, -48.222665
179, -117.454167, -36.473623, -121.914120, -48.188888
180, -117.265000, -36.665487, -121.908313, -47.367219
181, -117.298300, -36.679887, -122.459996, -47.631180
182, -117.497533, -36.618730, -122.946889, -47.495600
183, -117.939733, -36.465147, -123.543496, -47.138656
184, -118.463433, -36.161487, -123.819269, -47.468313
185, -118.878500, -35.861973, -123.708102, -46.859775
186, -119.144433, -35.588960, -122.972276, -46.200959
187, -119.269500, -35.371630, -123.123906, -46.141283
188, -119.278700, -35.074040, -124.236456, -46.464270
189, -119.069600, -34.918103, -122.537319, -46.553404
190, -118.821433, -34.823960, -122.751959, -46.623883
191, -118.627000, -34.780990, -122.394707, -46.846826
192, -118.551033, -34.759743, -122.577897, -46.844962
193, -118.645400, -34.811387, -122.916542, -46.514137
194, -118.832200, -34.851750, -123.064811, -47.120145
195, -118.949567, -34.897410, -123.235122, -47.481320
196, -119.010700, -34.888060, -123.391115, -47.575415
197, -118.937200, -34.836247, -121.117620, -43.060925
198, -119.004600, -35.001537, -120.376082, -41.232536
199, -119.117733, -35.039580, -120.488112, -42.895378
200, -119.156250, -35.004020, -120.530342, -42.226480
201, -119.062600, -34.878542, -120.600459, -41.402275
202, -118.950667, -34.823367, -120.403837, -41.573473
203, -118.719600, -34.733590, -120.131088, -41.650148
204, -118.348300, -34.430137, -120.380104, -40.850107
205, -117.950667, -34.113673, -119.901909, -40.690253
206, -118.017733, -34.018613, -119.670625, -41.531019
207, -118.258950, -34.106600, -120.315381, -40.318180
208, -118.641800, -34.275070, -120.564214, -41.596860
209, -119.308575, -34.313443, -120.238988, -40.981315
210, -119.953100, -34.133120, -121.196963, -41.272904
211, -120.434800, -33.924693, -121.049183, -41.550801
212, -121.056167, -33.802737, -120.806134, -41.692417
213, -121.748300, -33.802190, -121.294398, -42.139381
214, -122.860567, -33.856140, -120.658031, -46.058205
215, -123.931133, -33.840833, -121.215047, -43.269580
216, -124.619167, -33.747423, -116.320849, -43.885918
217, -125.038733, -33.636050, -115.976241, -43.321143
218, -125.129067, -33.424543, -117.797923, -46.551165
219, -125.096500, -33.292917, -119.674622, -45.250240
220, -124.801000, -33.203820, -116.515696, -41.843602
221, -124.244933, -33.088110, -115.838689, -38.363654
222, -123.953233, -33.045483, -117.049503, -42.042401
223, -123.716600, -33.033710, -116.545214, -38.718878
224, -123.532867, -32.916087, -117.736337, -39.239894
225, -123.768633, -33.003220, -118.434386, -38.965663
226, -124.162300, -33.182840, -118.625668, -39.858818
227, -124.557000, -33.267697, -119.130243, -37.988436
228, -124.224834, -33.650473, -118.159261, -38.905179
229, -124.000967, -33.627443, -118.081525, -39.935842
230, -123.680300, -33.912063, -117.931214, -39.548575
231, -123.169367, -34.298630, -118.924054, -31.345144
232, -123.227967, -34.325193, -121.134930, -20.390245
233, -123.313633, -34.344217, -117.149583, -35.229810
234, -123.597033, -34.303957, -120.082522, -19.644496
235, -123.730067, -34.376583, -118.609601, -34.930333
236, -123.812433, -34.400943, -118.660180, -35.744183
237, -123.667433, -34.410170, -119.513286, -34.296073
238, -123.359800, -34.375947, -120.026616, -30.885721
239, -122.961167, -34.358477, -119.809768, -26.067105
240, -122.405500, -34.340390, -118.715503, -29.409426
241, -121.918733, -34.342660, -119.127141, -24.933486
242, -121.356167, -34.451323, -119.445271, -25.479958
243, -120.634400, -34.652527, -118.832352, -32.159162
244, -119.814533, -34.987683, -117.221344, -35.335817
245, -118.899998, -35.235324, -118.414045, -28.444051
246, -117.899833, -35.475917, -118.927302, -23.846765
247, -116.891800, -35.459100, -117.762679, -36.790449
248, -115.438800, -35.229343, -117.209077, -36.942117
249, -114.163767, -35.014980, -111.261529, -34.925047
250, -112.638567, -34.694760, -97.248799, -33.031203
251, -110.862833, -34.397500, -87.703519, -30.977126
252, -108.982700, -34.017800, -82.942196, -29.328734
253, -106.915700, -33.592610, -81.784436, -28.244656
254, -104.736600, -33.208130, -82.084042, -28.909944
255, -102.597500, -32.902907, -82.270576, -28.819094
256, -100.431967, -32.565610, -81.253937, -28.147256
257, -98.279600, -32.108700, -80.976311, -27.133413
258, -96.261033, -31.524950, -81.345851, -27.832764
259, -94.179100, -30.960050, -79.137945, -27.426767
260, -92.021101, -30.518727, -70.560716, -25.373909
261, -89.869468, -30.155460, -70.175640, -22.817463
262, -87.293068, -29.680357, -69.283192, -23.022852
263, -84.553600, -29.255223, -67.956879, -21.952238
264, -81.622101, -28.887993, -67.338551, -22.065811
265, -78.724100, -28.448417, -67.726462, -21.736816
266, -76.174402, -27.888990, -67.518618, -21.692493
267, -73.745833, -27.271317, -67.471285, -22.021622
268, -71.466300, -26.597450, -67.943601, -22.155037
269, -69.309333, -25.954300, -66.822077, -21.320520
270, -67.311066, -25.346680, -67.604335, -21.806977
271, -65.556333, -24.782467, -54.928366, -23.873005
272, -63.972833, -24.222227, -42.715662, -27.016853
273, -62.516033, -23.641753, -41.555718, -28.683100
274, -61.112167, -23.043893, -42.066836, -29.693041
275, -59.495634, -22.238683, -43.819480, -31.019045
276, -57.591201, -21.211260, -43.466069, -30.915779
277, -55.394300, -20.105097, -41.798149, -30.032082
278, -53.186167, -19.033917, -41.331320, -29.888362
279, -51.128333, -17.987150, -42.134111, -29.808733
280, -49.131166, -16.928330, -41.961910, -29.162826
281, -47.147967, -15.829537, -41.360114, -28.749297
282, -45.157100, -14.752850, -41.190081, -28.752551
283, -43.044967, -13.705940, -38.605837, -27.911422
284, -40.612801, -12.548650, -24.503190, -21.613570
285, -37.715100, -11.135600, -13.964299, -17.855424
286, -34.429702, -9.538071, -16.913559, -19.557750
287, -30.922432, -7.925466, -15.291853, -17.690397
288, -27.664332, -6.547131, -15.520860, -18.529156
289, -25.198899, -5.444712, -15.678738, -17.888577
290, -23.783466, -4.571256, -16.424773, -18.104273
291, -23.383967, -3.971232, -17.262550, -18.973411
292, -23.674800, -3.631960, -18.790377, -19.022115
293, -24.403133, -3.465019, -20.023535, -19.478402
294, -25.231033, -3.505716, -20.435338, -19.839655
295, -25.903667, -3.717144, -21.183236, -20.848308
296, -26.578600, -4.052771, -23.434750, -21.147177
297, -27.245600, -4.489478, -35.682346, -26.111019
298, -27.897333, -4.937840, -44.236492, -28.436252
299, -28.668567, -5.436693, -44.988057, -29.307289
300, -29.103233, -5.997541, -44.251443, -29.830698
301, -29.475400, -6.500716, -44.406016, -29.209817
302, -29.835467, -6.872476, -44.365773, -28.450561
303, -30.045200, -7.085545, -44.733699, -28.922515
304, -30.314967, -7.306168, -44.594780, -28.877936
305, -30.658533, -7.474221, -44.382665, -29.089238
306, -30.979267, -7.577087, -44.279266, -28.844373
307, -31.270267, -7.689947, -44.272798, -28.975035
308, -31.522400, -7.796843, -44.354229, -29.091407
309, -31.795400, -7.913226, -44.827754, -29.149697
310, -32.009067, -8.043811, -44.689688, -29.197800
311, -32.162067, -8.238068, -44.741853, -29.180557
312, -32.317767, -8.466666, -44.630515, -29.568718
313, -32.422367, -8.652816, -44.627445, -29.477476
314, -32.513933, -8.787370, -45.009731, -28.537735
315, -32.592933, -8.876492, -44.937686, -28.395918
316, -32.668567, -8.906537, -44.435011, -27.954144
317, -32.788433, -8.913748, -44.506430, -27.872965
318, -32.930933, -8.840719, -44.607909, -27.909868
319, -33.134600, -8.701137, -44.892228, -27.802267
320, -33.374500, -8.535395, -45.312068, -27.935578
321, -33.569300, -8.363136, -45.368559, -27.649421
322, -33.749400, -8.180755, -45.513064, -27.437626
323, -33.891400, -8.015186, -45.612672, -27.214262
324, -33.967167, -7.873548, -45.488508, -27.096029
325, -33.990933, -7.734976, -45.368933, -27.105051
326, -33.962633, -7.659465, -45.070498, -27.317600
327, -33.930033, -7.619498, -45.056442, -27.652269
328, -33.912333, -7.588439, -44.963561, -27.881826
329, -33.915767, -7.636943, -44.806816, -27.874331
330, -33.974000, -7.664942, -44.765207, -28.102627
331, -34.063967, -7.657088, -45.019977, -28.334575
332, -34.155567, -7.656866, -45.191639, -28.445840
333, -34.256233, -7.623485, -44.845728, -28.479510
334, -34.370400, -7.437348, -44.668989, -28.159045
335, -34.430667, -7.057710, -44.546759, -27.499315
336, -34.457400, -6.621790, -44.580633, -27.215271
337, -34.552800, -6.203538, -44.451786, -26.964736
338, -34.711867, -5.854948, -44.612848, -27.368747
339, -34.959433, -5.567122, -44.461427, -27.696332
340, -35.256067, -5.347499, -44.402829, -27.817413
341, -35.530233, -5.171378, -44.425028, -27.691376
342, -35.856767, -5.078640, -44.497208, -27.656729
343, -36.141467, -4.999031, -44.595795, -27.961212
344, -36.382567, -4.938035, -44.539519, -28.290735
345, -36.565000, -4.840567, -44.787529, -28.448744
346, -36.670233, -4.727941, -44.839713, -28.372960
347, -36.736000, -4.594640, -44.595935, -28.314270
348, -36.605867, -4.476723, -43.998946, -28.078907
349, -36.332467, -4.393014, -43.418272, -27.892633
350, -36.046800, -4.355556, -43.174954, -27.703435
351, -35.794967, -4.402880, -43.019984, -27.787648
352, -35.636867, -4.431330, -43.423731, -27.969693
353, -35.591100, -4.591529, -43.043239, -27.926528
354, -35.680400, -4.768909, -43.481794, -28.381332
355, -35.852033, -4.953910, -44.148395, -28.456320
356, -36.039800, -5.047673, -44.380897, -28.389111
357, -36.136300, -5.067328, -44.372890, -28.604915
358, -36.117567, -5.063592, -44.448817, -28.541199
359, -36.068433, -5.039935, -44.449359, -28.455434
360, -36.025700, -4.967870, -44.257336, -28.236466
361, -36.028333, -4.869150, -44.210555, -28.099933
362, -36.055167, -4.796505, -44.262741, -27.945482
363, -36.067200, -4.747419, -44.267515, -27.998999
364, -36.062033, -4.728501, -44.194996, -28.074071
365, -36.068867, -4.713751, -44.214163, -28.197206
366, -36.081400, -4.684947, -44.161065, -28.348612
367, -36.078700, -4.620438, -44.240847, -28.343160
368, -36.037367, -4.571622, -44.262934, -28.291053
369, -35.988067, -4.554790, -44.179259, -28.293836
370, -35.956967, -4.564114, -44.026478, -28.248436
371, -35.975833, -4.593006, -44.147455, -28.494841
372, -36.047633, -4.585493, -44.393852, -28.241615
373, -36.095967, -4.566805, -44.463846, -28.104984
374, -36.093433, -4.554581, -44.454800, -28.275588
375, -36.051767, -4.557914, -44.321008, -28.527819
376, -36.010133, -4.566254, -44.308783, -28.661745
377, -35.969433, -4.574194, -44.389463, -28.484395
378, -35.950700, -4.593987, -44.184292, -28.542476
379, -35.929100, -4.625694, -44.024830, -28.368648
380, -35.959533, -4.655202, -44.032024, -28.311492
381, -36.029967, -4.675269, -44.288931, -28.435724
382, -36.101833, -4.678472, -44.267450, -28.236445
383, -36.161233, -4.667427, -44.186083, -28.310119
384, -36.237833, -4.657786, -44.183697, -28.315072
385, -36.316500, -4.632930, -44.065992, -28.037878
386, -36.384300, -4.599100, -44.083550, -28.105390
387, -36.340300, -4.579272, -44.043626, -28.412780
388, -36.210433, -4.657229, -44.138284, -28.645194
389, -36.196167, -4.550235, -43.777732, -28.561001
390, -36.334600, -4.644283, -44.210345, -28.814492
391, -36.583600, -4.625214, -44.382532, -29.686148
392, -36.720867, -4.625148, -44.696250, -29.051096
393, -36.735033, -4.575245, -44.901030, -28.974437
394, -36.600233, -4.556513, -44.383723, -28.958947
395, -36.444533, -4.590064, -44.194918, -28.901056
396, -36.402733, -4.604233, -44.188013, -28.798623
397, -36.411333, -4.609259, -44.062457, -29.332493
398, -36.425967, -4.631120, -43.849918, -29.186238
399, -36.481167, -4.793507, -43.716410, -29.291192
400, -36.494100, -4.874559, -43.854731, -29.234021
401, -36.560400, -4.950451, -43.617060, -29.263755
402, -36.661000, -5.020701, -43.676931, -29.543455
403, -36.713000, -5.043328, -43.879861, -30.223563
404, -36.735767, -5.082457, -43.747550, -30.083268
405, -36.797033, -5.161295, -43.669397, -29.782574
406, -36.875633, -5.219487, -43.728895, -29.574751
407, -36.931367, -5.289036, -43.836822, -28.985861
408, -36.971900, -5.451472, -43.929877, -29.067918
409, -37.030867, -5.629131, -43.972549, -28.972626
410, -37.060800, -5.743757, -43.969905, -29.028573
411, -37.024700, -5.832745, -44.010613, -29.171280
412, -36.957733, -5.955182, -43.856901, -28.996809
413, -36.911867, -6.067498, -43.808693, -28.962981
414, -36.900033, -6.144052, -43.835124, -28.968031
415, -36.923533, -6.197059, -43.796005, -28.786854
416, -36.974967, -6.239822, -43.903604, -28.227094
417, -37.033367, -6.270759, -43.961412, -28.185294
418, -37.083933, -6.308166, -43.929057, -28.179991
419, -37.116900, -6.378074, -44.138820, -28.035844
420, -37.159000, -6.441403, -44.210359, -27.951628
421, -37.207233, -6.504517, -44.238024, -27.899386
422, -37.259933, -6.524832, -44.430988, -28.003532
423, -37.320567, -6.569468, -44.238860, -27.731372
424, -37.390800, -6.586813, -44.144815, -27.413349
425, -37.450367, -6.574903, -43.990049, -27.506270
426, -37.518933, -6.537960, -44.158438, -27.500916
427, -37.650233, -6.555710, -44.341581, -27.452828
428, -37.898100, -6.567564, -44.441280, -27.064526
429, -38.224767, -6.543241, -44.741913, -27.170786
430, -38.547800, -6.520267, -44.895310, -26.473230
431, -38.794267, -6.495640, -44.627257, -27.030088
432, -38.839100, -6.395136, -44.675522, -27.011854
433, -38.644000, -6.265314, -44.663367, -27.215280
434, -38.333233, -6.118555, -44.132291, -27.128665
435, -37.955733, -6.060605, -43.705054, -27.052072
436, -37.471633, -5.874018, -43.736714, -27.245118
437, -36.863300, -5.604384, -43.397437, -27.067220
438, -36.274300, -5.398521, -42.780534, -26.320469
439, -35.803667, -5.226695, -42.434958, -26.362447
440, -35.546167, -5.168835, -43.220525, -26.393831
441, -35.501200, -5.227576, -43.518581, -26.218926
442, -35.666200, -5.457523, -43.489904, -26.738522
443, -35.950967, -5.700296, -44.211037, -26.794027
444, -36.240200, -5.918867, -44.348779, -27.097756
445, -36.397500, -6.095965, -44.036950, -27.214582
446, -36.319367, -6.192663, -43.950281, -27.364712
447, -36.118600, -6.284656, -43.469355, -27.199913
448, -35.928633, -6.371628, -43.089194, -27.141480
449, -35.832133, -6.540372, -43.077644, -27.716960
450, -36.020533, -6.974869, -43.543453, -27.836347
451, -36.657467, -7.835842, -44.321481, -28.357538
452, -37.955099, -9.314506, -53.845415, -32.385880
453, -39.933166, -11.449110, -55.634384, -33.476125
454, -42.154467, -13.741304, -56.674553, -33.216778
455, -44.082834, -15.660607, -57.581064, -32.474783
456, -45.610167, -17.211957, -57.968002, -32.563312
457, -46.665050, -18.233755, -57.586288, -32.078643
458, -47.721700, -19.334640, -57.200244, -32.363345
459, -48.405600, -20.131277, -56.854779, -30.870806
460, -48.934400, -20.817677, -56.229737, -31.300590
461, -49.346067, -21.324760, -56.474982, -31.411758
462, -49.719567, -21.757993, -56.393601, -31.043405
463, -50.105367, -22.174637, -56.592711, -30.986433
464, -50.468267, -22.517477, -57.023295, -31.334503
465, -50.809167, -22.819363, -56.571259, -31.482136
466, -51.111100, -23.024967, -56.809501, -31.254097
467, -51.333300, -23.148253, -56.559078, -31.252941
468, -51.479933, -23.221160, -55.879182, -30.546050
469, -51.533467, -23.200940, -55.720188, -30.052365
470, -51.542200, -23.116717, -55.766270, -29.699332
471, -51.534300, -22.914587, -55.475408, -29.253712
472, -51.423600, -22.667130, -55.280294, -28.996743
473, -51.263900, -22.479470, -55.096625, -28.882601
474, -51.134267, -22.334983, -55.115997, -29.316442
475, -51.074633, -22.218363, -55.243573, -29.504556
476, -51.106433, -22.171337, -55.329116, -29.693302
477, -51.220133, -22.187190, -55.447019, -30.041618
478, -51.375567, -22.226773, -55.594166, -29.959677
479, -51.530933, -22.330973, -55.595460, -30.250662
480, -51.669200, -22.489277, -55.599006, -30.373186
481, -51.793633, -22.669763, -55.692817, -30.437878
482, -51.905900, -22.809627, -55.728949, -30.266600
483, -51.949600, -22.882530, -55.556356, -30.085144
484, -51.969800, -22.969897, -55.461323, -29.861281
485, -52.033567, -23.024503, -55.392079, -29.802142
486, -52.104100, -23.041793, -55.433141, -29.663655
487, -52.260667, -23.041190, -55.691111, -29.628234
488, -52.484867, -23.004183, -55.681427, -29.406797
489, -52.746833, -22.957327, -55.996246, -29.643949
490, -52.980200, -22.973843, -56.089369, -29.601736
491, -53.130700, -22.938323, -55.780699, -29.287220
492, -53.188200, -22.905813, -55.626324, -29.726803
493, -53.119667, -22.785193, -55.326465, -29.954665
494, -53.132867, -23.030120, -55.663051, -30.262800
495, -52.867133, -22.681560, -55.396941, -29.862372
496, -52.912533, -23.010953, -55.504118, -30.151881
497, -52.652367, -22.888267, -55.218350, -30.108650
498, -52.305933, -23.029587, -54.674955, -30.042572
499, -51.998467, -23.215473, -54.296587, -31.200342
500, -51.675233, -23.273817, -53.009427, -37.457719
501, -51.426367, -23.472737, -52.272292, -39.070393
502, -51.240667, -23.578117, -52.949515, -37.925149
503, -51.145133, -23.742737, -52.798984, -38.494834
504, -51.184833, -23.871527, -53.556633, -38.966984
505, -51.299300, -24.020770, -53.835931, -38.772872
506, -51.390900, -24.154120, -53.902214, -38.929024
507, -51.435400, -24.225220, -53.944903, -38.716724
508, -51.425033, -24.284603, -53.988014, -38.490836
509, -51.397900, -24.288693, -54.028808, -38.247445
510, -51.432633, -24.304797, -54.126425, -38.117624
511, -51.574933, -24.260730, -54.073418, -38.141141
512, -51.712100, -24.255030, -54.027302, -38.256750
513, -51.698767, -24.252233, -53.544446, -37.971024
514, -51.674333, -24.132363, -53.126614, -37.659850
515, -51.652300, -24.134407, -53.306715, -37.787256
516, -51.657767, -24.133720, -53.501878, -37.903466
517, -51.672900, -24.179040, -53.473955, -37.972934
518, -51.708767, -24.221153, -53.483848, -38.019967
519, -51.747533, -24.256127, -53.438162, -38.134735
520, -51.743267, -24.336127, -53.336582, -38.035212
521, -51.759400, -24.394077, -53.395110, -37.937353
522, -51.756100, -24.480933, -53.496648, -37.742548
523, -51.786000, -24.601343, -53.550466, -37.747086
524, -51.771867, -24.602220, -53.450893, -37.483068
525, -51.777400, -24.681680, -53.259884, -37.450600
526, -51.723567, -24.605787, -53.490993, -37.632028
527, -51.695033, -24.528377, -53.619579, -38.113239
528, -51.745533, -24.492047, -53.715819, -37.928629
529, -51.874567, -24.458063, -53.896844, -37.912111
530, -51.917200, -24.392003, -54.548999, -37.940779
531, -51.864267, -24.349167, -54.312038, -37.971324
532, -51.716300, -24.336987, -54.211681, -38.005530
533, -51.559033, -24.401970, -54.090612, -38.099307
534, -51.533267, -24.518317, -54.183230, -38.127004
535, -51.577100, -24.603243, -54.454276, -38.229127
536, -51.610733, -24.682137, -54.384190, -37.926707
537, -51.641467, -24.788920, -54.694970, -37.795730
538, -51.647333, -24.854753, -54.615030, -37.775793
539, -51.644400, -24.888957, -54.584901, -37.869090
540, -51.635167, -24.935480, -54.541847, -37.934732
541, -51.660700, -24.955747, -54.597369, -37.799062
542, -51.725967, -24.963847, -54.767027, -37.739878
543, -51.731533, -25.054767, -54.859516, -37.728543
544, -51.620167, -25.105693, -54.415071, -37.489234
545, -51.326101, -25.372518, -54.556125, -37.587252
546, -51.735167, -25.150243, -54.972147, -37.356844
547, -51.968800, -25.188685, -55.823576, -36.965938
548, -52.300133, -25.192437, -55.719134, -37.539520
549, -52.351700, -25.101317, -55.174230, -37.645300
550, -52.212867, -24.983597, -54.715461, -37.561384
551, -52.066933, -24.899630, -54.639284, -37.433244
552, -52.007233, -24.890537, -54.748742, -37.350833
553, -52.127400, -24.968990, -54.931843, -37.421280
554, -52.311100, -25.102460, -55.128450, -37.612208
555, -52.516267, -25.303717, -55.263140, -37.792620
556, -52.673600, -25.546187, -55.204211, -38.074138
557, -52.784933, -25.794717, -55.298237, -38.117534
558, -52.899300, -26.128907, -54.977150, -38.134925
559, -53.073233, -26.675770, -54.605937, -38.318427
560, -53.383633, -27.471687, -54.652912, -38.647201
561, -53.974633, -28.631580, -55.630119, -40.287607
562, -55.016800, -30.318780, -62.046331, -51.027927
563, -56.103533, -32.421954, -68.014270, -59.542469
564, -56.358067, -34.585441, -68.656648, -62.819856
565, -56.415267, -36.248997, -68.597017, -62.307204
566, -56.531167, -37.312793, -67.362841, -60.721143
567, -56.866667, -38.218180, -66.996286, -60.872473
568, -57.636800, -38.814333, -68.644829, -60.950170
569, -58.566967, -39.302743, -68.251129, -61.396079
570, -59.409100, -39.584707, -68.190550, -60.597132
571, -59.997800, -39.810010, -68.658351, -60.746783
572, -60.231600, -40.062947, -68.587759, -60.606832
573, -60.322933, -40.259630, -68.086475, -60.443062
574, -60.333100, -40.362167, -67.143735, -60.201206
575, -60.456367, -40.464410, -66.342138, -60.153021
576, -60.734900, -40.582640, -66.604334, -60.308931
577, -61.206700, -40.660990, -67.082547, -60.607215
578, -61.843500, -40.701077, -67.554334, -60.934754
579, -62.521767, -40.743917, -67.895952, -60.605456
580, -63.216233, -40.718017, -68.772876, -59.491648
581, -63.971267, -40.513500, -68.792514, -59.241177
582, -64.769900, -40.237053, -68.722165, -59.271197
583, -65.518200, -40.015220, -69.296490, -58.980514
584, -66.185033, -39.816087, -68.848644, -58.759804
585, -66.816467, -39.643680, -68.087606, -58.365468
586, -67.492233, -39.600023, -66.935947, -58.415550
587, -68.217100, -39.657757, -67.355871, -59.161697
588, -68.948367, -39.746913, -67.220762, -59.889959
589, -69.821267, -39.932287, -68.407870, -60.160759
590, -70.747833, -40.120070, -68.589294, -59.543556
591, -71.695433, -40.202803, -67.602760, -58.618384
592, -72.783533, -40.279820, -68.187729, -59.117286
593, -73.896833, -40.232047, -71.309441, -58.071472
594, -75.008333, -40.118840, -84.319277, -52.033745
595, -76.153833, -40.014957, -92.928496, -48.404297
596, -77.339000, -39.940240, -101.323046, -46.105348
597, -78.578133, -39.899587, -101.075596, -45.466649
598, -79.863067, -39.861987, -101.048754, -45.396277
599, -81.151567, -39.882230, -101.085985, -45.301401
600, -81.998700, -39.926720, -101.150135, -45.440963
