1, -17.995207, 13.636413, -17.606664, 2.781536
2, -17.995207, 13.636413, -17.606664, 2.781536
3, -19.271550, 12.640550, -19.370588, 0.384827
4, -19.254650, 12.619750, -19.392685, -0.199637
5, -19.205867, 12.636967, -20.134286, -0.310949
6, -19.194767, 12.643500, -20.108712, -0.162550
7, -19.219367, 12.601767, -20.312729, -0.388933
8, -19.243167, 12.566600, -20.496981, -0.642708
9, -19.261533, 12.532633, -20.484921, -0.791799
10, -19.312350, 12.516250, -20.502607, -1.186407
11, -19.409400, 12.522000, -20.644720, -1.429802
12, -19.506900, 12.524533, -20.694324, -1.583537
13, -19.546767, 12.529167, -20.774326, -1.544957
14, -19.524733, 12.535333, -20.612227, -1.456811
15, -19.486433, 12.520467, -20.407928, -0.893476
16, -19.439900, 12.522567, -13.914327, 1.239453
17, -19.377900, 12.537000, -10.214586, 1.236537
18, -19.320733, 12.534600, -9.692171, 1.397891
19, -19.294200, 12.549667, -7.690997, 2.264009
20, -19.304967, 12.563733, -7.156520, 2.424866
21, -19.324150, 12.560900, -7.026893, 2.396946
22, -19.335925, 12.563600, -6.929194, 2.360935
23, -19.328933, 12.552800, -6.969672, 2.311847
24, -19.309900, 12.553100, -7.046012, 2.283687
25, -19.164467, 12.518567, -1.219192, 1.437190
26, -18.476734, 12.454200, 11.000532, -1.152654
27, -16.216903, 12.254700, 15.278168, -1.526157
28, -12.970202, 11.816400, 15.009376, -2.298762
29, -9.550199, 11.213100, 16.424268, -2.161542
30, -7.002368, 10.380067, 13.835970, -2.669976
31, -4.577232, 9.577400, 15.087258, -2.289161
32, -2.296933, 8.721100, 14.287527, -2.823183
33, -0.303300, 7.736100, 13.868727, -2.671952
34, 1.420133, 6.786900, 11.703220, -3.012356
35, 2.868700, 5.850933, 11.361526, -2.716666
36, 4.108533, 4.798233, 10.381886, -3.347016
37, 5.449267, 3.560833, 9.959437, -3.218792
38, 6.861700, 2.048200, 9.588510, -4.152279
39, 8.383733, 0.268786, 9.300287, -4.142860
40, 10.212933, -1.620100, 12.496456, -3.780258
41, 12.358533, -3.685383, 29.028480, -4.425298
42, 14.876732, -5.959447, 35.861117, -7.074014
43, 18.042497, -8.376255, 37.320482, -6.624376
44, 21.670500, -10.516411, 38.090720, -6.875413
45, 25.494230, -12.241094, 38.277366, -5.818379
46, 29.533100, -13.691374, 36.514534, -6.831841
47, 33.205268, -14.857987, 43.797545, -4.785205
48, 36.223134, -15.615707, 54.474155, -4.876219
49, 38.591534, -15.909717, 61.682624, -6.275864
50, 40.235634, -16.099420, 68.210160, -3.502241
51, 41.126400, -16.403427, 72.034592, -1.014468
52, 41.343800, -16.569440, 66.938360, -3.276707
53, 41.178000, -16.455127, 66.810579, -3.087794
54, 41.006833, -16.138043, 65.573288, -3.058701
55, 41.026100, -15.705297, 65.254275, -2.764365
56, 41.253567, -15.277830, 65.450853, -2.578765
57, 41.509933, -14.943767, 65.243231, -2.891702
58, 41.605433, -14.655740, 64.600061, -1.277973
59, 41.629500, -14.330890, 65.378662, 0.300007
60, 41.630967, -14.020080, 64.714395, 0.052313
61, 41.732800, -13.733410, 64.110438, -0.212456
62, 41.892267, -13.448317, 64.058189, -0.259325
63, 42.245967, -13.197020, 64.294432, -0.168739
64, 42.842400, -13.007780, 64.787888, -0.351518
65, 43.727700, -12.798333, 65.092330, -0.388943
66, 44.571400, -12.649960, 64.765700, -0.480405
67, 45.513933, -12.684877, 67.676475, -1.530677
68, 46.279600, -12.814080, 69.576528, -5.182343
69, 47.353267, -12.996990, 74.211356, -9.979346
70, 48.218833, -13.197743, 74.501623, -12.844404
71, 48.933200, -13.377040, 74.764420, -12.669577
72, 49.567567, -13.525293, 76.916493, -12.089594
73, 50.081833, -13.600780, 77.644313, -11.549525
74, 50.537367, -13.581530, 75.648786, -11.409968
75, 50.905367, -13.553303, 75.933162, -12.258118
76, 51.183033, -13.578097, 80.101530, -16.419226
77, 51.362267, -13.639873, 81.308971, -17.172291
78, 51.536267, -13.744093, 81.555101, -17.595442
79, 51.714900, -13.886843, 81.571706, -17.761840
80, 51.936567, -14.028790, 80.878958, -17.367429
81, 52.097267, -14.170690, 80.087284, -16.987196
82, 52.206567, -14.237863, 80.078001, -16.831967
83, 52.247533, -14.205990, 79.995986, -16.937988
84, 52.188700, -14.100287, 79.299673, -16.962066
85, 52.083000, -13.963627, 79.064653, -16.774146
86, 51.956767, -13.810297, 79.056587, -16.638982
87, 51.861533, -13.656057, 79.072399, -16.515942
88, 51.823300, -13.506070, 79.029938, -16.388798
89, 51.661033, -13.426240, 74.777053, -14.051540
90, 50.920634, -13.505237, 61.747781, -9.919971
91, 48.973135, -13.747327, 48.195588, -8.167710
92, 45.635199, -14.126607, 38.582429, -7.491127
93, 41.794599, -14.592333, 28.578300, -6.251581
94, 38.403832, -15.342046, 20.437051, -5.140058
95, 35.816099, -16.711947, 15.977893, -4.865065
96, 34.209933, -18.657410, 17.541021, -6.862560
97, 33.234067, -20.941960, 18.358161, -8.246431
98, 32.497700, -23.247237, 17.733568, -7.448889
99, 31.575667, -25.174934, 17.855634, -6.646707
100, 30.114367, -26.857921, 15.716540, -7.603519
101, 28.585000, -28.034427, 12.835121, -7.757454
102, 26.996400, -29.060040, 10.841009, -6.802515
103, 25.492233, -29.448253, 12.568623, -7.112772
104, 24.477433, -29.357783, 13.231515, -5.919470
105, 23.522733, -29.445987, 14.032688, -4.765158
106, 22.967400, -29.604593, 14.482238, -4.075185
107, 22.600233, -29.606340, 14.406912, -4.014671
108, 22.325600, -29.746883, 14.288599, -4.519869
109, 22.353233, -29.910477, 13.983426, -5.369335
110, 22.225067, -29.981017, 14.042939, -6.225604
111, 22.446067, -30.058370, 14.631802, -6.750582
112, 22.856733, -29.925130, 16.887972, -7.689591
113, 23.316767, -29.679337, 21.143055, -2.432018
114, 23.893767, -29.177157, 23.291927, -3.977055
115, 24.615400, -28.569397, 24.354197, 2.366797
116, 25.226900, -27.451524, 25.740501, -2.179901
117, 25.779933, -25.857790, 26.266983, 1.042643
118, 25.778200, -24.445433, 25.992208, 1.109985
119, 26.189867, -23.409047, 24.847800, -1.225084
120, 26.064667, -22.843113, 24.776329, 1.392293
121, 25.401300, -22.593293, 24.047921, -3.151614
122, 24.545334, -22.250673, 25.002395, 1.270599
123, 23.701800, -21.386470, 24.164799, 0.455154
124, 23.298300, -20.372441, 24.140730, 0.782128
125, 23.243500, -19.057470, 25.061396, -0.329416
126, 23.673733, -17.864100, 30.806274, -1.378630
127, 24.548867, -17.079647, 32.588828, -0.679444
128, 25.416033, -16.621427, 33.166413, -1.498212
129, 25.737667, -16.207877, 33.226329, 1.782366
130, 25.171800, -16.161970, 31.262799, -1.262290
131, 24.365533, -16.507917, 30.375447, -2.780504
132, 24.014633, -16.350043, 30.630013, -1.438314
133, 23.935467, -16.315633, 31.182771, -0.778339
134, 23.451400, -16.782453, 30.719025, -1.094380
135, 23.131167, -17.117680, 31.368449, -0.814660
136, 23.037567, -17.357693, 31.572572, -1.835005
137, 23.417133, -16.897070, 32.073105, -1.378329
138, 24.206367, -15.843247, 33.929966, 2.318493
139, 24.988300, -14.168880, 31.760269, -1.037055
140, 26.294499, -12.404640, 32.781541, -0.033061
141, 28.855330, -11.287717, 32.392193, -1.211819
142, 32.656163, -11.087353, 37.311317, -2.991198
143, 36.991104, -11.052093, 52.011636, -5.926780
144, 40.597200, -12.463216, 61.580973, -9.141161
145, 44.029034, -14.086224, 63.232182, -9.213241
146, 47.429628, -14.419403, 63.103651, -9.139905
147, 51.930295, -14.184667, 62.152456, -8.850787
148, 57.313168, -13.862953, 66.342737, -6.839825
149, 62.849337, -12.778850, 80.552400, -4.270910
150, 67.982240, -11.834017, 88.931388, -4.027772
151, 71.811935, -10.996773, 97.582685, -5.335347
152, 74.422268, -10.811793, 101.010637, -5.751588
153, 76.168300, -11.061587, 105.946472, -5.878165
154, 77.827633, -11.285003, 107.233937, -6.835948
155, 79.788265, -11.352953, 105.947719, -6.692071
156, 82.821700, -11.224727, 107.583465, -4.924268
157, 86.566664, -11.159493, 107.808802, -5.163339
158, 90.621759, -11.400087, 109.115428, -5.118961
159, 94.661219, -11.898360, 118.099271, -3.343534
160, 98.238261, -12.395983, 122.066717, -2.474936
161, 101.074834, -12.968037, 120.658956, -2.031721
162, 103.423037, -13.758107, 119.308657, -2.597152
163, 105.333437, -14.433597, 119.215124, -2.192966
164, 106.871017, -14.551547, 117.734927, -2.487080
165, 108.174403, -14.483163, 117.363630, -2.296350
166, 109.219933, -14.414723, 115.436579, -3.271035
167, 109.804270, -14.335777, 115.273944, -2.691641
168, 109.961020, -14.222817, 113.819784, -2.654644
169, 109.774380, -14.041907, 112.318666, -2.155161
170, 109.476600, -13.622467, 111.742900, -1.942452
171, 108.941373, -12.922603, 110.798732, -1.909120
172, 108.078200, -12.047757, 105.913618, -1.749024
173, 106.936967, -11.334230, 100.806573, -1.802988
174, 105.911547, -10.706903, 99.939030, -2.133368
175, 104.801917, -10.072498, 99.297162, -1.774118
176, 103.627100, -9.542040, 99.002276, -2.249668
177, 102.200977, -9.022873, 98.488891, -1.808479
178, 100.499172, -8.444777, 98.447838, -1.729714
179, 98.668377, -7.731210, 97.380878, -1.551732
180, 96.887484, -7.066973, 91.998019, -1.391270
181, 94.909821, -6.607034, 81.340435, -1.582257
182, 92.671787, -6.341467, 76.654894, -1.705232
183, 90.359684, -5.974755, 77.134492, -1.826589
184, 88.095800, -5.477898, 76.955350, -2.283033
185, 85.869533, -5.033259, 76.287952, -2.301687
186, 83.640300, -4.285169, 75.489512, -1.875384
187, 81.297467, -3.962599, 74.137613, -1.746600
188, 78.556168, -4.190441, 72.638003, -1.930397
189, 75.416668, -4.136791, 71.030919, -1.641941
190, 72.079566, -4.183280, 69.638623, -1.195007
191, 68.800433, -4.233746, 67.470798, -0.938822
192, 65.564766, -3.968203, 66.034072, -1.083611
193, 62.417634, -3.711899, 65.879418, -1.898803
194, 59.346866, -3.604452, 67.952054, -0.565470
195, 56.600767, -3.763960, 68.658040, -1.024546
196, 54.007366, -3.952799, 68.918045, -1.027816
197, 51.799500, -3.848273, 67.525450, -1.010174
198, 49.664534, -3.600980, 59.211706, -2.227699
199, 47.273234, -3.424979, 46.617188, -2.078813
200, 44.593100, -3.216060, 37.814855, -2.370090
201, 41.793466, -3.147945, 33.535741, -2.967806
202, 39.279067, -3.031548, 32.539182, -2.823285
203, 36.813999, -3.078405, 31.118013, -2.971566
204, 34.824967, -3.366667, 31.031959, -2.552306
205, 33.135233, -3.673342, 30.568318, -2.407572
206, 31.895667, -3.830639, 30.696637, -1.968144
207, 30.973333, -3.776990, 29.786855, -2.380821
208, 29.885067, -3.782002, 23.128482, -2.086438
209, 28.945667, -3.734831, 22.076330, -1.894158
210, 28.343633, -3.517828, 21.886615, -1.884300
211, 27.816267, -3.500717, 21.519616, -2.410365
212, 27.485067, -3.467061, 21.443444, -2.274224
213, 27.224667, -3.278349, 21.387759, -1.913715
214, 26.986033, -3.085860, 21.127470, -1.926035
215, 26.742167, -2.899263, 20.974822, -1.791137
216, 26.409933, -2.729601, 20.694899, -1.583463
217, 25.969500, -2.677640, 20.607435, -1.669686
218, 25.702900, -2.654315, 20.374714, -1.783112
219, 25.510433, -2.724652, 20.212652, -1.840216
220, 25.342400, -2.932889, 20.192025, -1.813161
221, 25.385767, -3.031677, 20.339004, -1.673589
222, 25.664800, -2.912848, 20.671995, -1.560946
223, 26.043767, -2.682174, 22.160839, -0.612918
224, 26.526500, -2.428174, 26.625585, 0.955785
225, 27.057233, -2.277076, 26.972567, 0.497972
226, 27.610967, -2.236987, 27.467952, 0.878396
227, 28.229833, -1.898404, 27.847339, 1.057700
228, 28.896100, -1.386597, 28.433641, 1.967322
229, 29.632433, -0.924826, 28.967105, 2.003217
230, 30.345100, -0.625098, 28.797332, 1.968557
231, 30.945567, -0.614488, 28.635507, 0.733758
232, 31.442233, -0.722006, 28.440813, 0.505362
233, 31.900100, -0.772475, 28.496464, 0.198877
234, 32.250733, -0.800944, 28.678356, 0.008079
235, 32.522333, -0.870445, 28.529769, -0.029909
236, 32.725500, -0.959239, 29.854271, -0.408347
237, 32.917467, -1.003199, 30.946093, -1.491541
238, 33.138667, -1.118304, 31.055141, -1.685785
239, 33.369567, -1.289638, 31.284042, -1.895357
240, 33.595133, -1.327672, 31.562820, -1.931079
241, 33.765433, -1.263058, 31.800876, -1.841884
242, 33.900600, -1.341305, 31.922150, -2.027557
243, 33.998133, -1.495565, 32.070867, -2.210466
244, 34.160833, -1.588447, 32.291609, -2.372810
245, 34.431600, -1.536300, 32.607371, -2.387194
246, 34.706700, -1.402979, 32.816854, -2.407158
247, 34.977233, -1.283392, 33.221580, -2.342073
248, 35.306167, -1.201234, 33.590335, -2.274987
249, 35.582000, -1.135077, 33.902839, -2.245959
250, 35.757167, -1.057758, 34.104979, -2.150434
251, 35.859867, -1.024502, 34.214035, -2.178245
252, 35.822367, -1.025710, 34.106937, -2.274624
253, 35.750800, -0.985686, 34.031382, -2.291429
254, 35.706067, -0.957213, 34.065766, -2.289535
255, 35.650600, -1.013761, 34.077776, -2.300488
256, 35.590733, -1.045546, 34.002715, -2.334426
257, 35.577733, -1.042301, 34.110148, -2.322163
258, 35.630233, -1.050845, 34.370075, -2.269646
259, 35.671667, -1.075093, 34.429027, -2.287362
260, 35.706100, -1.089948, 34.464841, -2.286147
261, 35.755167, -1.135406, 34.490977, -2.319179
262, 35.836933, -1.221087, 34.540197, -2.428719
263, 35.898867, -1.361122, 34.552330, -2.527119
264, 35.905367, -1.544337, 34.533476, -2.665002
265, 35.879833, -1.736973, 34.474400, -2.782821
266, 35.811100, -1.877204, 34.201692, -2.891784
267, 35.710233, -1.917735, 34.044537, -2.768196
268, 35.605067, -1.897047, 33.985406, -2.380083
269, 35.583767, -1.800574, 34.053240, -2.312652
270, 35.643867, -1.687832, 34.119450, -2.152262
271, 35.736333, -1.582654, 34.125590, -2.101062
272, 35.879533, -1.455531, 34.237411, -2.218778
273, 36.001567, -1.299145, 34.345368, -2.114250
274, 36.099367, -1.180876, 34.359509, -1.925919
275, 36.136033, -1.099577, 34.343478, -2.002395
276, 36.126600, -1.051578, 34.402092, -1.928378
277, 36.035233, -1.035730, 34.249295, -1.957741
278, 35.912300, -1.047780, 34.080419, -2.190110
279, 35.818033, -1.044207, 34.019021, -2.273887
280, 35.764133, -0.993670, 33.962550, -2.214074
281, 35.751600, -0.930607, 33.986802, -2.210523
282, 35.704133, -0.896668, 33.991310, -2.159444
283, 35.625600, -0.882864, 33.964353, -2.156169
284, 35.531333, -0.881066, 33.913646, -2.199685
285, 35.426400, -0.888929, 33.817481, -2.197847
286, 35.311033, -0.892220, 33.737475, -2.225774
287, 35.194633, -0.878874, 33.811623, -2.122165
288, 35.074967, -0.846834, 33.721999, -2.135352
289, 35.009233, -0.775610, 33.676202, -2.010476
290, 34.995467, -0.701045, 33.676109, -1.675581
291, 34.978333, -0.717213, 33.692261, -1.720519
292, 34.950733, -0.804077, 33.723741, -1.797275
293, 34.946733, -0.886397, 33.757624, -1.833337
294, 34.899567, -0.960560, 33.730055, -1.870594
295, 34.748433, -1.047790, 33.472889, -1.911363
296, 34.226400, -1.027665, 27.943845, -2.032893
297, 32.556367, -0.755640, 17.831086, -1.590114
298, 29.878934, -0.442667, 9.033867, -0.877278
299, 26.617201, -0.241899, 4.009369, -0.898365
300, 23.188433, -0.212680, 1.347179, -1.725346
301, 19.937999, -0.358217, 1.429797, -1.080906
302, 17.078699, -0.627203, 1.534710, -1.667403
303, 14.653199, -0.922439, 2.292712, -2.266947
304, 12.677633, -1.168584, 2.237136, -2.529198
305, 11.287833, -1.284097, 2.940983, -2.259706
306, 10.435133, -1.259330, 2.337876, -1.771560
307, 9.949500, -1.237967, 2.872244, -1.691718
308, 9.755500, -1.264731, 3.317437, -1.831984
309, 9.715633, -1.285163, 3.244856, -1.572818
310, 9.767833, -1.263662, 3.441114, -1.553380
311, 9.817167, -1.208041, 3.645632, -1.429862
312, 9.875433, -1.134670, 3.834067, -1.315923
313, 9.929200, -1.077273, 3.957684, -1.235920
314, 9.984000, -1.040641, 4.010234, -1.227266
315, 10.055200, -1.037449, 4.084278, -1.084689
316, 10.122600, -1.101991, 4.098822, -1.293346
317, 10.185833, -1.219506, 3.028617, -2.918071
318, 10.246467, -1.319352, 2.717292, -3.286577
319, 10.285600, -1.420935, 2.527405, -2.778526
320, 10.343300, -1.490373, 2.543350, -2.850574
321, 10.380833, -1.500145, 2.503976, -2.857977
322, 10.370767, -1.502060, 2.314432, -2.915050
323, 10.357767, -1.501439, 2.197970, -2.867905
324, 10.325350, -1.485227, 2.147599, -2.853740
325, 10.277433, -1.475204, 2.160578, -2.950397
326, 10.215600, -1.463883, 2.175917, -2.982818
327, 10.147600, -1.446881, 2.151849, -2.976794
328, 10.085933, -1.433475, 2.121434, -3.013458
329, 10.007267, -1.403473, 2.121220, -2.987650
330, 9.927400, -1.385756, 2.120292, -2.987580
331, 9.885433, -1.367637, 2.109107, -2.966458
332, 9.870900, -1.357246, 2.142584, -2.968811
333, 9.900100, -1.375029, 2.221685, -2.871230
334, 9.963467, -1.395842, 2.329969, -2.844437
335, 10.042133, -1.390078, 2.395485, -2.824403
336, 10.115933, -1.408385, 2.432305, -2.740671
337, 10.167900, -1.446866, 2.341210, -2.778360
338, 10.190567, -1.466141, 2.097778, -2.795511
339, 10.187633, -1.465026, 2.033661, -2.725708
340, 10.167833, -1.466529, 2.049100, -2.666091
341, 10.158700, -1.473229, 2.036358, -2.668666
342, 10.170533, -1.471340, 2.043718, -2.634726
343, 10.185067, -1.465820, 2.062574, -2.622100
344, 10.216167, -1.489730, 2.123629, -2.680894
345, 10.256867, -1.512184, 2.175103, -2.634103
346, 10.288900, -1.526099, 2.086345, -2.629611
347, 10.301233, -1.552768, 2.023452, -2.696396
348, 10.331800, -1.563360, 1.981022, -2.618898
349, 10.364467, -1.585422, 1.942193, -2.635529
350, 10.383200, -1.623547, 1.974697, -2.682280
351, 10.414933, -1.645767, 2.038881, -2.798885
352, 10.409500, -1.657744, 2.172786, -2.815933
353, 10.391525, -1.670554, 2.292806, -2.773487
354, 10.362833, -1.703065, 2.291195, -2.828504
355, 10.348133, -1.726684, 2.328183, -2.836704
356, 10.340733, -1.726935, 2.322783, -2.834812
357, 10.334967, -1.699341, 2.327791, -2.788050
358, 10.323067, -1.687914, 2.348222, -2.692264
359, 10.326667, -1.685882, 2.406920, -2.739861
360, 10.338233, -1.679337, 2.494357, -2.684158
361, 10.350533, -1.671872, 2.515464, -2.672804
362, 10.370300, -1.656186, 2.503485, -2.590281
363, 10.358167, -1.647062, 2.518918, -2.589012
364, 10.319967, -1.645004, 2.595342, -2.677567
365, 10.273100, -1.675344, 2.646979, -2.940810
366, 10.233067, -1.704767, 5.217213, -2.778304
367, 10.199300, -1.746678, 13.608289, -3.592925
368, 10.230667, -1.808709, 13.383457, -3.960696
369, 10.323067, -1.897953, 14.691385, -3.371576
370, 10.502933, -1.986314, 15.064251, -3.268819
371, 10.778333, -2.090784, 15.144555, -3.402011
372, 11.145767, -2.216411, 15.404142, -3.428879
373, 11.627033, -2.379495, 15.806174, -3.480084
374, 12.218333, -2.571945, 16.149756, -3.764271
375, 12.864433, -2.792652, 16.468846, -3.693122
376, 13.527033, -3.049185, 16.746871, -3.525718
377, 14.241433, -3.315725, 16.690557, -3.483073
378, 14.929567, -3.570045, 17.360972, -3.393132
379, 15.581167, -3.792116, 17.409713, -3.328954
380, 16.184100, -3.994179, 17.367995, -3.392169
381, 16.697500, -4.170570, 17.230401, -2.626669
382, 17.106067, -4.334189, 18.252651, -0.571986
383, 17.442700, -4.445055, 18.398127, -0.802893
384, 17.728367, -4.501781, 18.209999, -1.092424
385, 17.998200, -4.492585, 18.405594, -0.811570
386, 18.256967, -4.452844, 18.520768, -0.840167
387, 18.520667, -4.396780, 18.758615, -0.759656
388, 18.799433, -4.319893, 19.103299, -0.493329
389, 19.114633, -4.218882, 19.394643, -0.313010
390, 19.462600, -4.120321, 20.455734, -0.304190
391, 19.841700, -4.050986, 20.710923, -0.270268
392, 20.243067, -3.999759, 21.020036, -0.225404
393, 20.659300, -3.966983, 21.445902, -0.190912
394, 21.079833, -3.942909, 21.867164, -0.325044
395, 21.498733, -3.909608, 22.230855, -0.425833
396, 21.934067, -3.856985, 22.507248, -0.366586
397, 22.373433, -3.803560, 23.035035, -0.361315
398, 22.816000, -3.725514, 23.461167, -0.245000
399, 23.277633, -3.631167, 23.746803, -0.093794
400, 23.715300, -3.542808, 24.088690, 0.003953
401, 24.112500, -3.460543, 24.459333, -0.023549
402, 24.478367, -3.366069, 24.806435, 0.169426
403, 24.788600, -3.274863, 25.097556, 0.303786
404, 25.008767, -3.185376, 24.436253, 0.198049
405, 25.083133, -3.124213, 15.492600, -1.161405
406, 25.044567, -3.110506, 6.271901, -1.654003
407, 24.880167, -3.121062, 4.210265, -2.554152
408, 24.670267, -3.121808, 4.107797, -1.688433
409, 24.440667, -3.100948, 3.395690, -1.982261
410, 24.198267, -3.088851, 2.853176, -1.899145
411, 23.958500, -3.119617, 3.802652, -2.059239
412, 23.744500, -3.117555, 2.504604, -0.763331
413, 23.544833, -3.047581, 2.949535, -1.491948
414, 23.373433, -2.959971, 2.931336, -1.668246
415, 23.219000, -2.875485, 2.345930, -1.457036
416, 23.104900, -2.813184, 2.349326, -1.423156
417, 23.022533, -2.755002, 2.283607, -1.434050
418, 22.981667, -2.723377, 2.377764, -1.572003
419, 22.984867, -2.700680, 2.596344, -1.689116
420, 23.012033, -2.710337, 2.881969, -1.809493
421, 23.044967, -2.741257, 3.074700, -1.957626
422, 23.058467, -2.817283, 3.192936, -2.063048
423, 23.048267, -2.886470, 3.093886, -2.052053
424, 23.010567, -2.934641, 2.995879, -2.080779
425, 22.955100, -2.968301, 2.944284, -2.263175
426, 22.901333, -2.991991, 3.254091, -2.395681
427, 22.867833, -2.989919, 3.243639, -2.339668
428, 22.867700, -2.969242, 3.416493, -2.351585
429, 22.896867, -2.937105, 3.546912, -2.233181
430, 22.962000, -2.891457, 3.676469, -2.123996
431, 23.024233, -2.870811, 3.754444, -2.116786
432, 23.094567, -2.858982, 3.681435, -2.032954
433, 23.173733, -2.871257, 3.429379, -1.884481
434, 23.232633, -2.903813, 3.417199, -2.004576
435, 23.298167, -2.928434, 3.584915, -2.200950
436, 23.353300, -2.922874, 3.346727, -2.133699
437, 23.416600, -2.918180, 3.188327, -1.989730
438, 23.501433, -2.922603, 3.119621, -1.976366
439, 23.622967, -2.915878, 3.025629, -1.906083
440, 23.817267, -2.849271, 3.164449, -1.810232
441, 24.090967, -2.729232, 3.469630, -1.821881
442, 24.542333, -2.586216, 3.632108, -1.610873
443, 25.597766, -2.485256, 5.159126, -1.668205
444, 27.339100, -2.430427, 10.260231, -2.809279
445, 30.159998, -2.483382, 25.699134, -3.193539
446, 34.225262, -2.610505, 41.609606, -5.125613
447, 39.082534, -2.902034, 54.299112, -6.362908
448, 44.616861, -3.351926, 63.560100, -6.799785
449, 50.462436, -3.915155, 70.959555, -6.839609
450, 56.338579, -4.696878, 75.523892, -5.950211
451, 61.873903, -5.613648, 76.439542, -6.515798
452, 67.012069, -6.608868, 73.829151, -7.488957
453, 71.391737, -7.568113, 73.782955, -7.612088
454, 74.776402, -8.408830, 73.995410, -7.129793
455, 76.956468, -9.084681, 74.054953, -7.454433
456, 78.082167, -9.892712, 73.371986, -7.704481
457, 78.281933, -10.887310, 73.178938, -8.379396
458, 78.004533, -11.819653, 73.080646, -8.279977
459, 77.675400, -12.560573, 73.015345, -7.748480
460, 77.528233, -13.017643, 72.793965, -6.971986
461, 77.680267, -13.209260, 73.688669, -6.477730
462, 77.945800, -13.292877, 71.029230, -5.490222
463, 78.084367, -13.357520, 70.542130, -4.550676
464, 78.031533, -13.412950, 71.593678, -4.022411
465, 77.825800, -13.459377, 72.647778, -3.981685
466, 77.571133, -13.424190, 73.566964, -3.476413
467, 77.320800, -13.247477, 74.070329, -3.136849
468, 77.104367, -12.983383, 74.788809, -2.628155
469, 76.977833, -12.656173, 75.182171, -1.731138
470, 76.896367, -12.373513, 76.541819, -1.528062
471, 76.875333, -12.092110, 77.832728, -1.622100
472, 76.893200, -11.843977, 78.819674, -1.296231
473, 76.900900, -11.660260, 83.682562, -0.693327
474, 76.943800, -11.481493, 88.822135, -1.431335
475, 77.056900, -11.348837, 88.884569, -1.634135
476, 77.205167, -11.283097, 89.764020, -0.947386
477, 77.377967, -11.257060, 89.769519, -0.982912
478, 77.498000, -11.236193, 90.264621, -0.451071
479, 77.606333, -11.181820, 90.087098, -0.773982
480, 77.681667, -11.146560, 90.188120, -0.722470
481, 77.656067, -11.144270, 90.160439, -0.618240
482, 77.594167, -11.147490, 90.511417, -0.780248
483, 77.504633, -11.173553, 93.268118, -1.058385
484, 77.482067, -11.149897, 93.850713, -0.604921
485, 77.540767, -11.185777, 94.606456, -0.328139
486, 77.611400, -11.171460, 94.687070, -0.394607
487, 77.685933, -11.097877, 95.097952, -0.230793
488, 77.714867, -10.977320, 95.301965, 0.025268
489, 77.727867, -10.783663, 95.170048, 0.139688
490, 77.684033, -10.627240, 94.861984, 0.017590
491, 77.552233, -10.487657, 94.985629, -0.171948
492, 77.118600, -10.354003, 94.300383, -0.585720
493, 75.650004, -10.087976, 80.718592, -1.865328
494, 71.907686, -9.805371, 65.548936, -0.659621
495, 65.884373, -9.668005, 52.444249, -1.319928
496, 58.975129, -9.664236, 40.245070, -0.486017
497, 52.204953, -9.483601, 30.647690, 0.531516
498, 46.738528, -8.980338, 22.812135, 1.265030
499, 42.795897, -8.010637, 22.497728, 2.000998
500, 40.865200, -6.809554, 24.678379, 1.731577
501, 39.890800, -5.774209, 27.174165, 0.654780
502, 39.203433, -4.912038, 27.733097, 0.564610
503, 38.532567, -4.199244, 27.868854, 0.859831
504, 37.778933, -3.662075, 28.057909, 0.561116
505, 36.950100, -3.068864, 28.326683, 0.057011
506, 36.024300, -2.487981, 28.082827, 0.019252
507, 35.225067, -2.012139, 28.149344, -0.354158
508, 34.609333, -1.673185, 27.747863, -0.486451
509, 34.181767, -1.435425, 27.536894, -0.246033
510, 34.037933, -1.248702, 27.623604, -0.392542
511, 34.227233, -1.135316, 28.295664, -0.440042
512, 34.751233, -1.032638, 28.856147, -0.394375
513, 35.388233, -0.886817, 29.167516, -0.134934
514, 35.942200, -0.685269, 27.141182, -1.483775
515, 36.293300, -0.482619, 26.630892, -1.896817
516, 36.368267, -0.284521, 26.316504, -1.990988
517, 36.222567, -0.030468, 25.999018, -1.784966
518, 35.982067, 0.224633, 25.756901, -1.711584
519, 35.752367, 0.453000, 25.674786, -1.717018
520, 35.548233, 0.635700, 25.536011, -1.685621
521, 35.380733, 0.775500, 25.418947, -1.393816
522, 35.274100, 0.820633, 25.358019, -1.502495
523, 35.224133, 0.811900, 25.533223, -1.572358
524, 35.204133, 0.785033, 25.682711, -1.704184
525, 35.186900, 0.756067, 25.620395, -1.732045
526, 35.192933, 0.720900, 25.612886, -1.780535
527, 35.237867, 0.695733, 25.769538, -1.837696
528, 35.330133, 0.683667, 25.940824, -1.786960
529, 35.456200, 0.702600, 26.077820, -1.729577
530, 35.583167, 0.720267, 26.209256, -1.724195
531, 35.663533, 0.738500, 26.302084, -1.722355
532, 35.691967, 0.747400, 26.354762, -1.740017
533, 35.668733, 0.761300, 26.314176, -1.785060
534, 35.638300, 0.764500, 26.168067, -1.809259
535, 35.627400, 0.724667, 26.112824, -3.314882
536, 35.684767, 0.652900, 25.953284, -4.182111
537, 35.934533, 0.534533, 26.436038, -4.403347
538, 36.243667, 0.401667, 26.691763, -4.480388
539, 36.561133, 0.284200, 26.865849, -4.546895
540, 36.879433, 0.208833, 27.052441, -4.545558
541, 37.119333, 0.190033, 27.173498, -4.524531
542, 37.293933, 0.214033, 27.335804, -4.501987
543, 37.372400, 0.253100, 27.441320, -4.541178
544, 37.397367, 0.338600, 27.278717, -4.423162
545, 37.405500, 0.471933, 27.170078, -4.270069
546, 37.437467, 0.592200, 27.183190, -4.185249
547, 37.552267, 0.669133, 27.331091, -4.109319
548, 37.710933, 0.706933, 27.588305, -4.171075
549, 37.886600, 0.724367, 27.784831, -4.378782
550, 38.076567, 0.724867, 28.027019, -4.385565
551, 38.250033, 0.727867, 28.179339, -4.376180
552, 38.379933, 0.721800, 28.203499, -4.440959
553, 38.432633, 0.709600, 28.150648, -4.469179
554, 38.416367, 0.708000, 28.164619, -4.484985
555, 38.341967, 0.723833, 28.105457, -4.437340
556, 38.248000, 0.773333, 28.149562, -4.236275
557, 38.158900, 0.829600, 28.430838, -4.226002
558, 38.120333, 0.871567, 28.588990, -4.297957
559, 38.134800, 0.922000, 28.667804, -4.312817
560, 38.207167, 0.970000, 28.740725, -4.300758
561, 38.296333, 1.036033, 29.330997, -4.364927
562, 38.388233, 1.109033, 29.626778, -4.333834
563, 38.520333, 1.113367, 29.720036, -4.346329
564, 38.640300, 1.099967, 29.926714, -4.268041
565, 38.732000, 1.083300, 30.543492, -4.186311
566, 38.835167, 1.084500, 30.728896, -4.330232
567, 38.912333, 1.112533, 30.775147, -4.431310
568, 38.973733, 1.153067, 31.009968, -4.390253
569, 39.015267, 1.198900, 31.364729, -4.301836
570, 39.072100, 1.260367, 31.599042, -4.458543
571, 39.147633, 1.329833, 31.949129, -4.561830
572, 39.257733, 1.432933, 32.348444, -4.462636
573, 39.376433, 1.599800, 32.682570, -4.322549
574, 39.551533, 1.786633, 33.210259, -4.116872
575, 39.751433, 1.971533, 33.480444, -4.302817
576, 39.934833, 2.150200, 33.609026, -4.368194
577, 40.080667, 2.325133, 34.042616, -4.643617
578, 40.223267, 2.505167, 34.349495, -5.058106
579, 40.354200, 2.644233, 34.697194, -5.075288
580, 40.449867, 2.781167, 35.124557, -5.057745
581, 40.552267, 2.892333, 35.448809, -5.231373
582, 40.655200, 3.006833, 35.939923, -5.348815
583, 40.776667, 3.111933, 36.394636, -5.967085
584, 40.912267, 3.256400, 36.913181, -5.455834
585, 41.051767, 3.483100, 37.236719, -5.036654
586, 41.191067, 3.765467, 37.563636, -4.669154
587, 41.352433, 4.026800, 38.264716, -4.578619
588, 41.516633, 4.274267, 39.682750, -7.176914
589, 41.716233, 4.478367, 40.536477, -11.427104
590, 41.917800, 4.652000, 40.744397, -11.440154
591, 42.067467, 4.771833, 41.162527, -11.425782
592, 42.205700, 4.866500, 41.553429, -11.435256
593, 42.305267, 4.933400, 42.125523, -11.627313
594, 42.366667, 4.971567, 42.880537, -11.948910
595, 42.407500, 4.991533, 43.404027, -11.973968
596, 42.434133, 5.000067, 43.962343, -12.302916
597, 42.468867, 5.026100, 44.554500, -12.648610
598, 42.536233, 5.070067, 45.054741, -13.281678
599, 42.610633, 5.126900, 45.929863, -13.219629
600, 42.685100, 5.162000, 46.114683, -13.021155
