1, 29.235900, -2.868668, 28.392974, -4.738205
2, 29.235900, -2.868668, 28.392974, -4.738205
3, 29.239000, -2.854530, 29.116245, -3.006513
4, 29.259200, -2.836189, 30.535458, -7.576482
5, 29.277950, -2.842664, 29.502323, -8.045313
6, 29.299500, -2.853524, 28.725385, -7.919607
7, 29.330600, -2.869293, 29.152692, -8.296003
8, 29.349500, -2.880383, 28.791191, -8.176578
9, 29.323350, -2.898098, 28.464140, -7.883633
10, 29.310800, -2.894666, 28.167642, -7.763546
11, 29.313650, -2.902509, 29.299551, -8.139288
12, 29.314500, -2.879468, 28.588874, -8.143789
13, 29.298050, -2.852253, 28.401615, -8.071673
14, 29.286300, -2.867481, 29.581406, -6.092250
15, 29.275950, -2.866281, 36.841060, -12.021553
16, 29.282900, -2.866887, 30.587178, -17.598965
17, 29.299250, -2.880349, 34.463084, -12.405938
18, 29.321500, -2.886947, 32.323072, -9.090960
19, 29.338700, -2.912305, 31.362128, -5.510449
20, 29.393350, -2.945759, 34.714121, -4.719363
21, 29.484867, -2.952593, 35.055248, -6.270818
22, 29.769700, -2.941310, 36.375033, -3.999868
23, 30.196700, -2.977912, 34.530349, -3.014620
24, 30.827200, -2.986027, 35.519656, -3.403026
25, 31.695400, -3.036295, 35.585096, -3.867446
26, 32.729233, -3.147179, 34.246410, -4.683386
27, 33.695633, -3.301303, 34.565491, -5.436432
28, 34.552567, -3.433278, 35.099033, -5.620046
29, 35.253333, -3.606862, 35.909828, -5.534205
30, 35.797200, -3.853214, 34.765520, -6.114125
31, 36.071967, -4.163061, 34.993878, -5.359511
32, 36.302200, -4.611640, 34.576496, -5.687052
33, 36.548133, -5.206620, 34.319456, -5.467706
34, 36.710933, -5.809571, 34.498805, -5.298693
35, 36.718733, -6.340146, 34.860831, -4.975590
36, 36.648367, -6.952462, 33.647798, -6.070229
37, 36.485600, -7.527988, 32.181037, -5.281734
38, 36.218300, -7.998237, 31.554871, -5.904798
39, 35.889133, -8.429395, 31.549191, -5.850131
40, 35.447200, -8.766953, 31.467471, -6.160562
41, 34.860400, -8.989038, 31.507878, -6.996934
42, 34.282600, -9.199105, 28.483689, -12.881099
43, 33.698000, -9.461973, 28.203342, -13.823663
44, 33.152700, -9.766953, 27.609946, -14.575536
45, 32.629600, -10.165567, 27.584039, -14.682005
46, 32.171500, -10.639023, 27.946568, -14.747470
47, 31.761133, -11.095910, 27.665460, -15.370165
48, 31.412933, -11.352780, 30.548006, -20.407144
49, 31.135333, -11.519467, 31.579334, -29.726645
50, 30.922133, -11.815113, 33.681039, -34.880261
51, 30.770267, -12.104840, 33.921425, -34.537888
52, 30.668467, -12.292393, 33.357802, -35.526549
53, 30.602800, -12.421490, 33.232982, -35.662769
54, 30.587900, -12.528930, 33.305307, -35.676499
55, 30.598333, -12.588857, 33.548406, -35.648355
56, 30.618333, -12.623210, 33.776622, -35.649105
57, 30.637200, -12.675357, 33.766082, -35.690864
58, 30.651700, -12.736870, 34.393439, -34.669649
59, 30.655000, -12.790190, 34.423227, -34.762595
60, 30.635767, -12.837973, 33.495008, -35.213347
61, 30.614900, -12.859153, 33.260538, -35.797701
62, 30.604767, -12.856870, 33.770665, -36.232756
63, 30.611867, -12.830637, 33.832973, -36.230087
64, 30.682833, -12.815477, 33.874525, -36.223607
65, 30.813367, -12.741393, 33.938754, -35.959677
66, 31.125267, -12.617363, 34.823516, -35.523351
67, 31.700267, -12.501470, 34.522091, -34.567225
68, 32.468733, -12.419640, 33.607114, -34.369137
69, 33.447033, -12.283813, 37.552704, -32.948999
70, 34.689800, -12.115207, 42.742211, -25.599704
71, 36.109733, -11.973937, 49.865118, -16.203097
72, 37.697600, -11.815753, 55.078553, -11.020144
73, 39.415366, -11.712770, 66.176012, -6.639235
74, 41.206500, -11.719633, 59.633809, -8.863754
75, 43.045933, -11.686063, 62.255227, -10.806944
76, 44.928833, -11.663173, 62.742779, -9.224379
77, 46.854633, -11.657537, 63.119556, -8.896746
78, 48.773100, -11.614920, 63.162850, -8.013803
79, 50.687800, -11.614860, 62.881601, -7.198566
80, 52.572900, -11.626117, 62.948864, -6.948567
81, 54.400100, -11.533120, 60.803812, -10.606251
82, 56.214800, -11.383777, 59.923080, -12.010263
83, 58.051700, -11.257387, 60.288015, -11.409350
84, 59.886700, -11.141487, 64.614218, -13.725933
85, 61.771733, -11.036520, 83.970761, -10.053647
86, 63.707500, -10.918807, 87.286561, -11.162998
87, 65.700467, -10.779013, 86.870396, -11.398316
88, 67.724867, -10.624147, 87.378340, -11.606619
89, 69.758167, -10.461490, 87.756882, -11.979248
90, 71.763833, -10.278847, 87.207802, -11.561662
91, 73.736467, -9.997270, 87.210146, -10.878822
92, 75.678233, -9.615196, 85.957238, -9.884588
93, 77.507833, -9.253592, 84.714163, -10.570179
94, 79.189167, -8.901193, 87.272809, -13.252438
95, 80.713500, -8.588640, 86.899111, -14.416710
96, 82.123867, -8.307409, 88.097624, -14.299010
97, 83.463733, -8.087808, 88.515266, -14.296116
98, 84.794833, -7.922703, 87.532644, -14.899460
99, 86.150133, -7.790871, 88.461140, -14.034564
100, 87.502567, -7.660810, 89.069256, -14.386195
101, 88.857267, -7.484062, 90.180004, -14.237976
102, 90.245938, -7.298324, 90.814776, -14.134591
103, 91.700899, -7.006787, 98.442724, -13.485465
104, 93.319766, -6.624582, 110.362727, -9.593908
105, 95.220676, -6.291104, 113.732351, -7.201152
106, 97.358865, -5.999143, 114.015374, -7.079889
107, 99.670067, -5.831455, 115.166606, -7.964388
108, 102.182623, -5.778200, 115.351484, -6.708179
109, 104.926920, -5.669836, 115.008464, -4.684733
110, 106.865800, -5.545277, 111.662700, -9.664934
111, 111.344695, -5.122955, 116.820123, -16.752004
112, 113.707340, -4.821721, 122.876901, -11.339861
113, 116.313087, -4.607797, 122.415858, -5.144934
114, 118.677193, -4.431008, 126.797351, -3.309620
115, 120.704970, -4.090621, 125.428991, -5.132691
116, 122.561737, -3.718141, 126.657695, -3.335729
117, 124.252940, -3.482713, 127.199504, -1.790183
118, 125.768280, -3.379217, 127.069854, -1.968913
119, 127.213243, -3.373040, 126.801746, -3.008186
120, 128.626697, -3.486963, 128.023961, -4.334746
121, 130.098453, -3.630102, 128.751645, -4.931094
122, 131.635793, -3.688635, 137.078072, -1.569571
123, 133.269490, -3.702711, 151.745686, -0.764491
124, 135.070437, -3.635219, 153.547060, 0.020456
125, 136.945463, -3.585793, 152.434298, -1.064872
126, 138.718210, -3.472812, 154.418900, -0.737653
127, 140.345224, -3.356372, 153.700492, 0.723878
128, 141.829337, -3.202435, 152.357387, -0.017823
129, 143.195737, -3.011066, 149.558329, -2.905866
130, 144.355190, -2.845139, 151.329650, -1.937060
131, 145.336210, -2.642072, 151.006498, -0.288921
132, 146.133283, -2.352811, 150.410930, 0.372846
133, 146.843857, -2.044807, 149.403090, 0.480790
134, 147.479910, -1.761489, 152.969541, 0.760447
135, 148.119740, -1.595789, 161.756069, -1.024584
136, 148.699253, -1.520440, 166.919197, 1.707166
137, 149.264753, -1.438073, 168.195724, 1.922679
138, 149.806817, -1.266426, 167.318780, 2.212363
139, 150.459413, -1.143909, 166.471923, 1.806764
140, 151.261493, -1.215425, 166.258522, 0.594384
141, 152.144493, -1.293107, 166.853666, 0.798291
142, 153.154307, -1.260342, 166.473101, 0.861032
143, 154.212180, -1.191478, 163.715185, 0.351405
144, 155.431510, -1.068842, 165.557266, 0.847446
145, 156.762720, -0.902305, 164.782053, 0.366100
146, 158.221773, -0.696646, 163.380365, -1.474361
147, 159.834786, -0.414738, 165.115880, -1.472934
148, 161.609610, -0.161227, 175.417267, -1.336232
149, 163.526380, 0.096092, -176.653383, -3.477894
150, 165.427657, 0.344533, -175.696059, -1.465783
151, 167.360423, 0.602500, -175.434405, -0.812604
152, 169.486714, 1.015900, -176.786044, -0.756560
153, 171.520254, 1.505633, -178.868652, -3.852674
154, 173.330000, 1.917367, -175.286066, -2.507384
155, 175.105433, 2.311200, -171.799110, -3.416497
156, 176.874370, 2.665267, -170.072526, -3.059466
157, 178.499933, 2.828333, -169.863522, -2.268363
158, -179.920143, 2.909633, -170.159425, -2.303293
159, -178.542156, 2.858400, -169.787349, -2.784953
160, -177.576740, 2.720867, -170.957469, -4.450498
161, -176.832217, 2.536833, -170.660700, -4.911684
162, -176.271317, 2.316233, -170.432482, -4.626701
163, -175.873247, 2.199667, -172.221491, -4.889810
164, -175.543730, 2.097733, -173.051782, -5.145774
165, -175.201187, 1.984533, -172.737685, -5.217582
166, -174.873450, 1.815800, -173.127855, -5.631590
167, -174.466233, 1.588867, -169.774602, -7.209745
168, -174.008140, 1.306300, -167.910885, -10.940532
169, -173.698293, 1.069433, -167.614440, -11.528377
170, -173.402113, 0.823567, -166.077979, -12.111538
171, -173.235720, 0.448300, -168.050478, -11.558810
172, -173.102390, 0.089663, -168.767277, -11.502848
173, -173.017920, -0.257110, -169.486843, -12.805250
174, -172.976933, -0.651148, -168.985559, -11.936899
175, -172.879730, -1.020108, -168.780190, -11.985217
176, -172.778863, -1.432776, -168.738212, -10.556532
177, -172.685637, -1.936195, -168.542161, -10.758050
178, -172.655847, -2.635911, -169.014895, -11.156252
179, -172.617333, -3.561927, -169.253793, -12.592063
180, -172.650640, -4.673401, -166.342508, -17.752237
181, -172.833433, -5.673634, -163.440511, -25.981696
182, -173.190403, -6.346619, -164.878384, -26.763241
183, -173.671710, -6.742750, -162.770684, -26.583659
184, -174.258817, -7.238507, -163.729782, -26.496193
185, -174.848790, -8.070592, -163.257156, -27.165365
186, -175.525420, -9.117081, -165.657589, -27.841932
187, -176.137627, -9.922895, -167.587681, -27.536729
188, -176.662777, -10.652087, -162.281471, -25.172241
189, -177.188063, -11.551900, -162.064274, -26.390935
190, -177.612643, -12.572590, -162.492787, -27.345060
191, -178.103687, -13.598900, -162.047380, -26.384464
192, -178.406983, -14.119903, -162.498207, -25.680043
193, -178.654157, -14.435240, -164.294801, -25.584982
194, -178.980353, -14.740433, -173.958887, -23.238777
195, -179.408330, -14.991443, -175.987577, -23.621099
196, -179.797923, -15.187770, -175.625353, -23.169886
197, 179.928507, -15.347117, -174.938669, -21.802477
198, 179.609857, -15.553297, -176.317763, -21.277412
199, 179.394237, -15.726943, -175.859470, -21.676763
200, 179.254970, -15.852373, -175.295489, -19.420918
201, 179.138167, -15.912917, -179.527641, -18.274050
202, 179.120157, -15.936960, -176.651978, -14.221798
203, 179.070293, -15.941647, -174.209024, -9.679559
204, 179.009697, -15.930107, -173.818088, -9.094544
205, 178.906287, -15.955030, -174.160375, -11.702118
206, 178.753563, -15.971647, -174.706450, -11.775880
207, 178.510770, -15.970380, -174.548163, -9.713885
208, 178.180330, -15.926180, -173.692480, -12.083766
209, 177.711797, -15.795693, -174.166926, -12.231617
210, 177.110050, -15.633977, -175.447335, -10.145011
211, 176.281613, -15.378667, -175.902443, -9.926057
212, 175.095150, -14.982940, 177.728586, -8.938958
213, 173.505404, -14.592827, 171.168675, -3.316061
214, 171.389997, -14.194487, 169.595309, -1.918492
215, 168.828460, -13.861713, 167.951243, -1.767602
216, 165.994201, -13.488557, 166.289730, -1.080222
217, 163.015316, -13.065673, 164.902558, -2.454676
218, 159.914129, -12.716560, 161.361005, -13.194820
219, 156.937002, -12.235463, 155.221081, -8.683173
220, 154.063529, -11.765890, 145.633640, -2.855070
221, 151.250813, -11.567843, 146.203206, -0.598852
222, 148.589963, -11.109160, 145.384846, -1.070723
223, 146.167403, -10.168028, 145.758615, -2.211735
224, 143.775223, -9.421413, 143.835805, -1.777170
225, 141.216344, -9.018089, 141.485596, -4.252673
226, 138.597270, -8.669313, 138.034206, -7.349326
227, 136.471165, -8.334293, 135.814912, -7.192023
228, 133.273515, -7.907611, 124.364549, -19.093158
229, 129.272960, -7.470883, 109.116757, -17.727877
230, 127.269577, -7.317669, 109.109368, -15.071975
231, 124.230377, -7.137899, 106.456750, -9.447066
232, 121.180880, -6.924500, 103.669270, -8.166155
233, 118.239590, -6.715558, 105.929844, -7.010354
234, 115.288223, -6.553055, 108.511496, -6.273716
235, 112.359160, -6.439614, 107.872400, -7.725412
236, 109.452054, -6.300806, 106.240960, -12.080563
237, 106.530370, -6.164303, 106.798649, -5.795319
238, 103.650937, -6.019572, 105.227001, -5.653876
239, 100.760296, -5.851599, 104.522454, -4.815550
240, 97.915618, -5.659823, 92.965671, -8.716208
241, 95.028685, -5.443316, 86.932165, -6.399777
242, 92.221180, -5.243053, 85.420720, -5.399458
243, 89.513112, -5.066041, 85.053394, -6.481439
244, 86.839533, -4.895638, 83.403007, -8.158068
245, 84.229400, -4.704475, 82.879071, -6.660877
246, 81.621467, -4.525986, 83.151991, -4.786192
247, 79.070533, -4.457946, 81.781806, -4.606798
248, 76.482467, -4.409587, 73.833288, -4.429436
249, 73.808100, -4.363486, 61.085675, -6.455250
250, 71.081334, -4.337594, 55.154911, -7.896402
251, 68.268567, -4.256466, 56.988552, -7.868127
252, 65.365433, -4.115755, 57.476345, -4.676919
253, 62.423267, -3.907529, 55.637422, -4.786224
254, 59.436533, -3.750085, 54.918014, -4.882859
255, 56.536333, -3.646165, 54.578504, -3.117163
256, 53.775933, -3.582892, 53.294991, -4.196966
257, 51.186333, -3.467381, 44.394305, -4.972431
258, 48.758799, -3.227531, 41.054748, -6.127055
259, 46.531667, -2.943940, 36.999664, -4.612141
260, 44.444833, -2.725553, 39.928733, -6.184334
261, 42.464700, -2.518055, 38.724311, -8.097316
262, 40.548133, -2.393373, 37.985972, -6.245863
263, 38.683400, -2.383060, 37.753646, -3.916435
264, 36.832933, -2.401056, 37.156441, -4.133276
265, 35.018567, -2.388755, 31.818786, -5.359829
266, 33.207733, -2.366217, 19.090909, -4.858328
267, 31.423966, -2.335052, 16.163533, -5.072542
268, 29.738967, -2.295403, 16.990803, -5.400983
269, 28.138667, -2.253627, 18.353004, -0.991936
270, 26.598500, -2.266141, 14.576626, -0.392921
271, 25.125867, -2.351887, 15.614610, -2.799211
272, 23.720767, -2.449732, 18.453341, -4.105022
273, 22.369700, -2.472283, 18.992901, -1.680429
274, 21.068900, -2.443218, 17.949537, -2.990344
275, 19.818633, -2.405688, 17.763014, -2.366160
276, 18.617200, -2.357805, 17.578755, -0.335115
277, 17.450567, -2.337028, 17.836364, -0.074030
278, 16.304567, -2.361442, 15.286987, -2.571577
279, 15.115500, -2.398488, 11.182726, -6.477083
280, 13.886233, -2.435838, 9.978300, -5.825047
281, 12.636267, -2.510664, 8.796523, -4.465723
282, 11.343133, -2.635201, 8.777869, -3.310878
283, 10.012600, -2.757784, 8.132041, -2.359477
284, 8.684500, -2.843112, 5.983339, -5.947152
285, 7.255267, -2.929408, -9.752420, -3.463489
286, 5.752800, -3.022931, -18.412094, -9.529268
287, 4.228100, -3.127091, -18.482612, -9.670570
288, 2.707433, -3.286111, -18.244795, -6.738733
289, 1.230833, -3.480087, -17.594571, -6.512344
290, -0.251567, -3.639198, -14.888121, -6.521164
291, -1.684233, -3.803200, -16.944625, -9.527444
292, -3.109833, -3.932275, -19.007892, -9.510624
293, -4.541200, -4.102997, -18.543901, -6.048282
294, -5.962267, -4.291896, -13.621565, -9.754497
295, -7.424900, -4.479998, -23.229744, -11.545642
296, -8.937367, -4.662985, -23.706647, -14.995311
297, -10.522000, -4.868798, -26.609664, -10.291678
298, -12.175133, -5.129044, -24.188188, -14.636264
299, -13.888300, -5.364779, -23.614888, -19.786918
300, -15.609667, -5.579055, -24.481201, -15.156152
301, -17.280800, -5.777570, -26.123578, -12.541961
302, -18.867767, -5.953859, -29.722003, -11.354963
303, -20.289100, -6.091510, -25.210045, -15.274993
304, -21.518400, -6.129000, -26.710934, -16.522044
305, -22.586533, -6.156464, -27.103926, -14.261625
306, -23.504900, -6.265419, -26.015750, -13.506119
307, -24.369700, -6.421763, -28.844405, -14.491609
308, -25.244867, -6.614176, -34.652161, -22.469273
309, -26.223767, -6.868069, -42.364133, -22.442335
310, -27.225067, -7.169966, -42.849967, -20.253464
311, -28.213100, -7.438949, -42.536641, -21.057014
312, -29.190300, -7.661055, -43.212727, -20.527478
313, -30.169833, -7.808171, -40.984299, -20.687560
314, -31.141533, -7.910789, -37.997498, -25.079326
315, -32.016067, -8.034133, -39.041482, -23.829687
316, -32.797700, -8.161610, -40.664042, -24.455466
317, -33.467067, -8.270695, -42.403376, -23.226231
318, -34.017000, -8.401065, -41.785117, -23.776562
319, -34.447400, -8.510404, -44.131584, -21.026028
320, -34.817200, -8.594491, -42.897286, -22.072925
321, -35.118567, -8.684596, -42.754801, -22.778909
322, -35.383267, -8.736818, -42.968900, -23.707297
323, -35.626567, -8.712256, -43.435305, -24.018486
324, -35.838900, -8.665748, -43.460221, -24.305248
325, -36.031867, -8.634595, -42.941347, -24.147572
326, -36.201633, -8.634323, -42.729277, -24.039782
327, -36.396100, -8.666459, -42.665131, -24.098336
328, -36.602333, -8.680045, -42.788532, -23.974069
329, -36.797333, -8.686303, -42.778921, -24.021811
330, -36.991967, -8.659497, -43.227318, -23.603374
331, -37.171067, -8.633416, -43.999996, -23.181851
332, -37.322433, -8.622658, -43.354414, -23.566199
333, -37.456833, -8.614130, -42.047123, -24.359738
334, -37.581600, -8.560559, -41.819068, -24.487567
335, -37.691200, -8.513487, -41.496341, -24.503614
336, -37.792000, -8.451257, -41.619892, -24.441224
337, -37.880867, -8.378096, -41.825647, -24.147226
338, -37.971933, -8.305234, -41.630417, -24.304625
339, -38.062200, -8.244389, -41.616398, -23.330958
340, -38.192033, -8.162238, -43.880702, -19.678686
341, -38.413300, -8.001365, -40.239868, -11.584779
342, -38.630600, -7.873222, -51.578622, -19.110711
343, -38.788567, -7.809016, -41.030420, -13.347376
344, -39.050067, -7.759914, -43.378598, -4.344624
345, -39.332200, -7.748888, -45.690238, -0.244673
346, -39.581433, -7.742295, -45.475163, -0.324380
347, -39.810967, -7.743454, -45.075658, -0.905867
348, -39.999833, -7.689792, -44.322562, -1.825478
349, -40.198500, -7.632896, -44.455453, -1.649557
350, -40.401767, -7.575745, -44.089154, -2.083248
351, -40.583700, -7.504559, -43.832248, -3.809967
352, -40.752733, -7.414953, -43.708000, -4.219640
353, -40.951733, -7.311322, -44.009577, -3.768687
354, -41.141200, -7.163961, -44.293753, -3.157196
355, -41.330567, -6.994188, -44.500768, -2.736722
356, -41.494633, -6.823550, -44.731258, -2.263795
357, -41.668433, -6.668484, -44.771612, -2.196828
358, -41.906300, -6.562389, -44.870743, -3.295134
359, -42.233667, -6.472956, -44.763803, -3.667557
360, -42.650300, -6.354649, -44.735086, -3.573423
361, -43.214300, -6.227316, -48.475511, 0.775958
362, -43.974567, -6.099675, -50.287280, 0.005337
363, -44.912433, -5.912874, -51.410404, 2.495729
364, -46.039600, -5.677282, -51.952015, 2.320757
365, -47.294200, -5.354623, -52.009206, 2.168044
366, -48.654133, -4.949791, -50.879726, 1.514996
367, -50.131367, -4.580783, -52.819910, 2.297532
368, -51.631267, -4.247371, -54.020017, 1.463668
369, -53.064033, -3.878469, -54.501802, 1.101297
370, -54.367967, -3.458752, -62.364480, -4.271014
371, -55.568167, -3.029409, -74.308854, -9.006372
372, -56.732933, -2.621252, -74.845748, -8.130623
373, -57.845933, -2.276937, -72.959743, -4.935141
374, -58.991367, -2.052785, -73.178396, -4.802562
375, -60.155033, -1.867642, -73.258881, -3.468635
376, -61.283000, -1.713261, -72.348820, -10.621754
377, -62.288733, -1.543528, -78.724633, -8.864318
378, -63.234767, -1.421496, -77.798027, -3.403231
379, -64.062333, -1.353192, -72.231403, -9.775827
380, -64.738333, -1.335805, -70.463863, -12.468082
381, -65.253900, -1.310920, -74.623500, -11.879037
382, -65.737633, -1.293316, -76.246977, -14.817032
383, -66.191300, -1.273487, -74.432053, -14.328455
384, -66.701800, -1.207742, -75.342892, -15.882694
385, -67.283100, -1.188078, -75.912656, -15.922885
386, -67.887033, -1.180967, -76.720686, -14.385466
387, -68.528267, -1.083695, -78.196260, -14.404297
388, -69.095500, -1.022588, -79.408276, -12.586025
389, -69.570767, -0.963275, -79.557441, -13.630487
390, -69.927300, -0.963916, -79.601897, -12.837596
391, -70.189267, -0.966873, -78.762967, -12.809416
392, -70.407467, -0.948888, -79.398154, -12.173380
393, -70.562233, -1.013962, -80.200273, -11.972067
394, -70.641833, -1.135068, -80.529200, -11.787462
395, -70.631267, -1.142836, -81.199666, -15.479246
396, -70.638033, -1.170961, -80.223657, -21.138710
397, -70.767967, -1.359106, -78.919012, -21.748689
398, -71.057833, -1.683569, -78.585175, -22.000069
399, -71.379033, -2.014778, -78.918107, -21.729328
400, -71.705600, -2.178173, -79.133504, -21.638986
401, -72.101833, -2.218803, -80.103669, -21.941666
402, -72.506333, -2.076514, -80.293443, -20.717193
403, -72.890733, -1.777200, -80.458732, -20.178637
404, -73.219400, -1.582021, -80.820517, -20.888761
405, -73.519867, -1.379013, -87.018256, -8.460152
406, -73.853700, -1.036735, -86.507058, 4.499854
407, -74.158800, -0.516415, -84.596833, 8.276153
408, -74.568933, 0.203208, -89.223489, 10.502575
409, -75.280633, 1.103533, -87.634509, 9.998052
410, -76.454033, 2.289500, -84.034924, 10.259771
411, -77.776900, 3.638067, -87.375405, 10.841310
412, -79.089333, 4.916667, -84.702005, 11.914640
413, -80.289267, 5.946967, -86.840429, 8.970219
414, -81.477767, 6.781867, -88.600703, 9.020783
415, -82.599033, 7.463000, -88.492367, 9.824681
416, -83.667900, 7.961967, -86.899243, 7.642360
417, -84.616267, 8.417100, -86.778109, 7.441001
418, -85.429667, 8.886167, -88.005955, 8.648602
419, -86.131533, 9.289067, -88.034559, 8.389910
420, -86.666667, 9.641600, -88.210127, 8.375646
421, -86.887233, 9.859333, -88.735450, 8.476780
422, -86.667567, 9.946500, -88.443063, 8.688284
423, -86.047867, 9.920767, -91.169659, 2.769475
424, -85.298367, 9.968233, -94.660111, 0.667987
425, -84.507200, 9.944167, -94.240544, -0.800449
426, -83.786700, 9.874800, -94.839789, -0.720237
427, -83.041467, 9.755467, -94.290149, -0.889109
428, -82.048667, 9.697633, -94.087589, -0.737922
429, -80.480334, 9.623100, -94.327686, -0.543061
430, -78.150534, 9.386800, -90.376176, -4.745953
431, -75.397200, 9.151650, -80.486189, -1.123868
432, -71.202950, 8.958650, -71.535124, -5.150798
433, -64.871300, 8.945000, -62.051409, 6.539669
434, -60.646468, 8.769167, -57.371735, 5.786117
435, -55.458901, 8.731500, -52.978837, 7.227414
436, -50.143136, 8.682133, -49.320157, 9.908965
437, -44.713732, 8.555467, -47.750982, 8.217562
438, -39.433233, 8.580867, -43.111377, 6.657584
439, -34.436132, 8.723133, -31.311848, 9.184346
440, -29.637933, 8.772967, -17.875086, 9.235291
441, -25.171432, 8.835567, -14.768439, 8.652432
442, -21.068833, 8.861433, -13.760347, 9.831021
443, -17.225767, 8.936600, -14.908708, 11.029613
444, -13.360831, 8.877100, -14.291184, 8.711396
445, -9.959366, 8.753433, -1.461572, 8.015438
446, -7.239900, 8.755600, -0.457389, 9.317938
447, -4.992033, 8.634167, -1.619751, 8.316836
448, -3.146333, 8.417467, -2.025120, 9.298769
449, -1.706933, 8.264067, -2.412758, 6.040967
450, -0.530267, 8.216800, -1.337564, 4.024140
451, 0.525400, 8.123567, -1.497564, 7.138320
452, 1.403433, 7.887533, 7.342411, 1.936433
453, 2.163533, 7.646333, 9.211143, -3.174485
454, 2.984100, 7.356867, 8.849708, -0.128245
455, 3.953733, 7.009233, 9.067313, -1.580877
456, 5.024833, 6.717433, 8.708378, -2.398088
457, 6.101433, 6.462033, 9.595927, -1.346963
458, 7.130800, 6.272567, 6.438383, -0.600276
459, 8.074533, 6.148733, 6.128058, -0.613551
460, 8.954967, 6.084467, 6.326188, -0.734219
461, 9.864967, 6.001533, 5.970108, -0.887648
462, 10.994133, 5.839100, 6.425287, -1.325629
463, 12.332900, 5.788533, 6.292528, -0.831766
464, 13.791167, 5.879400, 7.712194, -2.206353
465, 15.298900, 5.988367, 7.415670, -1.485994
466, 16.775333, 6.130600, 17.154433, 1.422164
467, 18.172000, 6.246933, 25.948459, -0.461223
468, 19.475067, 6.282167, 26.396467, 1.874003
469, 20.689800, 6.167667, 26.973388, 2.068036
470, 21.873200, 5.956733, 26.327800, 1.877318
471, 23.016200, 5.708233, 26.618996, 2.561435
472, 24.184467, 5.474200, 27.356513, 2.898574
473, 25.360667, 5.265567, 27.243958, 1.822519
474, 26.520100, 5.113567, 27.154652, 1.381373
475, 27.598733, 4.992467, 26.845081, 1.185792
476, 28.614700, 4.933233, 27.479236, 1.220310
477, 29.560333, 4.924567, 28.103137, 0.603251
478, 30.462067, 4.890233, 28.333035, 0.702052
479, 31.430633, 4.824400, 28.452003, -0.124553
480, 32.319050, 4.794400, 30.885080, -4.495488
481, 34.249600, 4.837200, 43.397896, -11.716336
482, 35.449350, 4.918250, 49.510958, -5.701114
483, 36.589433, 5.059100, 43.157699, -3.849701
484, 37.881467, 5.236267, 43.205760, -1.045161
485, 39.177600, 5.443067, 42.303286, -3.048023
486, 40.477700, 5.637600, 47.017692, 1.898037
487, 41.780033, 5.719367, 45.549830, -0.303619
488, 43.194933, 5.742700, 46.569550, 1.340257
489, 44.709500, 5.809733, 47.864026, 0.621237
490, 46.369033, 5.894667, 47.825349, 0.513123
491, 48.152300, 5.940533, 48.331029, -0.142962
492, 50.110633, 5.909867, 49.612519, -1.292535
493, 52.211733, 5.794500, 49.964636, -3.826536
494, 54.444499, 5.732467, 50.041338, 0.044983
495, 56.806500, 5.832067, 61.340313, 0.670263
496, 59.350267, 6.011067, 69.547464, 0.134741
497, 61.804967, 6.047533, 70.489132, 1.218765
498, 64.082267, 5.782900, 70.101475, 1.429114
499, 66.066734, 5.440867, 70.370369, 0.135394
500, 67.701467, 5.074367, 69.861186, 0.336283
501, 69.209900, 4.781133, 70.134717, -0.222234
502, 70.666267, 4.649500, 69.561280, -0.050883
503, 72.075133, 4.546933, 70.304942, -1.539614
504, 73.508333, 4.509400, 75.447616, -1.596000
505, 75.067200, 4.544400, 89.956588, -3.954810
506, 76.743900, 4.490333, 94.336245, -5.973817
507, 78.480000, 4.305100, 94.928616, -4.624081
508, 80.189167, 4.037167, 95.757306, -2.885282
509, 81.829200, 3.712500, 94.267277, -5.371745
510, 83.381167, 3.418400, 95.423641, -5.059056
511, 84.805833, 3.183100, 95.199452, -3.958250
512, 86.081767, 3.075833, 93.536285, -4.430067
513, 87.137400, 3.026333, 92.814088, -3.827520
514, 88.006200, 2.919933, 92.743299, -5.096208
515, 88.908067, 2.748067, 93.132268, -5.220366
516, 89.754550, 2.601000, 103.398999, -0.153061
517, 90.670177, 2.568233, 103.795240, -0.839909
518, 91.624607, 2.568133, 104.702629, -0.627075
519, 92.572263, 2.612633, 103.986325, -0.992602
520, 93.541757, 2.754200, 104.295175, -1.135876
521, 94.514659, 2.949600, 104.691543, -0.086749
522, 95.536877, 3.160633, 102.482644, -0.501129
523, 96.544549, 3.348667, 102.244964, -0.558414
524, 97.553712, 3.529233, 101.097417, -1.390837
525, 98.648118, 3.631400, 110.914950, -0.437181
526, 99.801031, 3.719933, 112.816760, -0.335780
527, 101.161953, 3.853333, 113.017667, -0.526950
528, 102.712140, 3.990267, 114.168715, 0.056266
529, 104.461280, 4.142267, 113.920904, -0.167528
530, 106.125720, 4.389867, 114.411955, 0.353697
531, 107.692740, 4.695867, 115.439077, 0.140958
532, 109.038550, 4.967900, 115.379161, -1.734593
533, 110.077780, 5.132167, 115.470679, -1.419555
534, 110.963447, 5.241000, 120.178920, -0.231569
535, 111.946790, 5.448867, 124.034726, -0.152153
536, 112.938557, 5.620500, 124.462686, 0.013351
537, 113.910890, 5.729800, 124.381261, 1.295595
538, 114.743110, 5.841367, 123.621960, 0.545500
539, 115.482097, 6.022867, 123.852736, -0.137627
540, 116.075543, 6.275367, 121.979296, -0.335837
541, 116.650827, 6.523733, 121.278084, -0.546379
542, 117.215150, 6.694333, 121.372645, -0.069159
543, 117.637237, 6.787967, 121.613260, 0.037415
544, 117.949420, 6.860100, 121.581818, -0.464477
545, 118.087833, 6.939567, 121.903162, -0.574352
546, 118.132937, 6.960467, 121.793267, -0.278805
547, 118.170630, 6.901800, 121.675946, -0.158081
548, 118.192700, 6.833367, 121.645565, -0.440726
549, 118.215750, 6.796200, 121.446653, -0.507882
550, 118.152027, 6.757533, 121.297236, -0.657722
551, 117.998707, 6.673833, 120.508308, -7.906424
552, 117.727970, 6.435025, 120.186223, -15.177215
553, 117.406985, 6.085950, 120.670068, -16.080459
554, 116.990333, 5.718925, 121.227804, -16.004451
555, 116.503807, 5.355300, 120.554983, -17.177079
556, 116.146510, 5.037933, 120.727899, -17.106311
557, 115.973840, 4.833500, 119.092488, -15.837143
558, 115.973840, 4.833500, 119.092488, -15.837143
559, 115.624980, 4.469500, 117.428456, -15.396653
560, 115.401937, 4.430333, 116.778394, -4.152881
561, 115.149327, 4.331900, 115.395905, 1.230223
562, 115.003850, 4.289367, 116.417093, 2.127694
563, 114.889290, 4.282167, 115.713141, 1.838873
564, 114.866033, 4.291300, 115.373473, 2.409411
565, 114.885130, 4.263833, 115.719190, 1.573394
566, 114.944810, 4.242100, 116.765498, 1.890304
567, 115.028493, 4.230333, 120.314069, 1.391006
568, 115.097447, 4.191167, 120.074665, 1.065316
569, 115.202127, 4.137100, 120.167117, 0.817816
570, 115.275370, 4.091733, 120.293259, 0.914490
571, 115.330047, 4.056867, 120.337319, 0.852087
572, 115.375800, 4.039933, 120.466324, 0.841138
573, 115.374207, 4.041433, 120.564499, 0.755014
574, 115.367433, 4.112133, 120.800681, 0.821953
575, 115.329227, 4.164100, 121.055043, 0.888414
576, 115.270130, 4.197033, 120.998035, 0.935173
577, 115.277343, 4.236600, 121.024884, 0.926864
578, 115.293223, 4.250667, 121.048330, 0.828015
579, 115.332987, 4.274500, 121.101285, 0.985257
580, 115.362120, 4.320133, 121.223125, 0.801023
581, 115.367947, 4.354133, 121.143801, 1.001703
582, 115.366770, 4.381067, 121.112741, 0.904285
583, 115.312857, 4.370567, 121.021786, 0.786935
584, 115.274713, 4.338400, 121.006012, 0.692727
585, 115.245043, 4.305167, 121.002336, 0.506794
586, 115.179613, 4.294100, 121.016387, 0.434826
587, 115.087047, 4.319733, 121.195852, 0.455742
588, 115.004737, 4.350267, 121.324181, 0.692785
589, 114.874543, 4.346300, 121.191243, 0.695484
590, 114.693720, 4.338433, 121.100463, 0.802292
591, 114.540557, 4.334867, 117.777717, -1.227134
592, 114.441340, 4.321800, 112.418666, -5.480070
593, 114.392977, 4.273333, 109.281593, -6.553238
594, 114.370153, 4.267967, 109.481180, -7.964040
595, 114.374707, 4.296633, 109.505410, -7.703402
596, 114.342230, 4.360100, 109.535386, -7.768272
597, 114.254797, 4.434500, 109.586486, -7.743369
598, 114.164857, 4.494367, 109.802737, -7.201501
599, 114.031690, 4.502733, 109.532404, -6.263779
600, 113.956230, 4.521500, 107.788775, -3.265171
