1, 42.054400, -4.839180, 41.487609, -1.335692
2, 42.054400, -4.839180, 41.487609, -1.335692
3, 42.054400, -4.839180, 41.487609, -1.335692
4, 42.045250, -4.881975, 41.472697, -1.333061
5, 42.046967, -4.854926, 41.316992, -1.003712
6, 42.061433, -4.863260, 41.249571, -0.831456
7, 42.088900, -4.854782, 41.486535, -1.134002
8, 42.095067, -4.850799, 41.872607, -1.660222
9, 42.103000, -4.847028, 41.254084, -1.013555
10, 42.116367, -4.869590, 40.904254, -0.628037
11, 42.125333, -4.904072, 40.947082, -0.782866
12, 42.149833, -4.933879, 41.707184, -1.472642
13, 42.179700, -4.953122, 39.172141, -6.820074
14, 42.193400, -4.983003, 37.649347, -10.046592
15, 42.175367, -5.034111, 37.361744, -11.352569
16, 42.123533, -5.108246, 36.555839, -11.020578
17, 42.040867, -5.202671, 33.791196, -9.177088
18, 41.922733, -5.319017, 32.806751, -8.672837
19, 41.731900, -5.453461, 32.809328, -8.688665
20, 41.420333, -5.595172, 33.428925, -8.811668
21, 40.866633, -5.742450, 33.442012, -9.022727
22, 40.149700, -5.908396, 32.477024, -7.670827
23, 39.222067, -6.077865, 32.586017, -7.462700
24, 37.975367, -6.285000, 34.927107, -12.576944
25, 37.054000, -6.448447, 40.920599, -19.339943
26, 35.188162, -6.745119, 37.647151, -19.545092
27, 33.449033, -7.019540, 30.067093, -18.051000
28, 31.857567, -7.299029, 31.065396, -16.686788
29, 30.298400, -7.586471, 28.916206, -15.834598
30, 28.826433, -7.842959, 27.796866, -14.058727
31, 27.484533, -8.097666, 27.530329, -13.335024
32, 26.275500, -8.327907, 26.778779, -13.141797
33, 25.239400, -8.560547, 26.165822, -12.227516
34, 24.386933, -8.759180, 23.881892, -12.495097
35, 23.608900, -8.906733, 17.838210, -16.991886
36, 22.897867, -9.054163, 14.504531, -16.344490
37, 22.240800, -9.240818, 13.819041, -17.498744
38, 21.690500, -9.423864, 14.452786, -16.293663
39, 21.161000, -9.612177, 16.049204, -16.348909
40, 20.554867, -9.825405, 14.463782, -13.267306
41, 20.011100, -9.999768, 15.323028, -14.895169
42, 19.596100, -10.148953, 14.888915, -13.925489
43, 19.333333, -10.338507, 15.017073, -14.230301
44, 19.219833, -10.556653, 16.176687, -15.177230
45, 19.238267, -10.788233, 16.326549, -15.709444
46, 19.350367, -10.948453, 16.271467, -15.122065
47, 19.572700, -11.020207, 16.670989, -15.430405
48, 19.846933, -10.994297, 17.176420, -15.731908
49, 20.156833, -10.932647, 16.728173, -14.853603
50, 20.519000, -10.843803, 15.850297, -13.967696
51, 20.941900, -10.798707, 15.811215, -13.585699
52, 21.409400, -10.805530, 16.066120, -14.054777
53, 21.863500, -10.802003, 16.827877, -14.680372
54, 22.323000, -10.827153, 18.010849, -16.199704
55, 22.750633, -10.877280, 22.765838, -18.949557
56, 23.097567, -10.946167, 22.832365, -18.474518
57, 23.413233, -11.091250, 22.950493, -19.070729
58, 23.709833, -11.264857, 23.484189, -19.634409
59, 23.984367, -11.498157, 23.369613, -19.795511
60, 24.281200, -11.762223, 23.592149, -19.987517
61, 24.657700, -11.993537, 24.280464, -20.085070
62, 25.120100, -12.000923, 24.333207, -19.945268
63, 25.603833, -11.712913, 24.697525, -19.979409
64, 26.227767, -11.400087, 24.787495, -18.819819
65, 27.229833, -11.066397, 24.584784, -18.877599
66, 28.891732, -10.722177, 28.250070, -20.620184
67, 28.891732, -10.722177, 28.250070, -20.620184
68, 28.891732, -10.722177, 28.250070, -20.620184
69, 28.891732, -10.722177, 28.250070, -20.620184
70, 39.633334, -9.352897, 54.452179, -22.448378
71, 42.235467, -9.023509, 51.287955, -21.012230
72, 44.442200, -8.824944, 56.088376, -16.224368
73, 46.427833, -8.690426, 55.005419, -12.352050
74, 48.249767, -8.581591, 55.712179, -8.318437
75, 49.881133, -8.471952, 54.234426, -11.575893
76, 51.481967, -8.375455, 54.250082, -11.566557
77, 53.076767, -8.304627, 54.406760, -12.457176
78, 54.653533, -8.178704, 55.939734, -11.969020
79, 56.302533, -7.999706, 57.592437, -12.372814
80, 58.112500, -7.830915, 55.892402, -11.477905
81, 59.960833, -7.696520, 59.616207, -10.123369
82, 61.924866, -7.521071, 71.712626, -10.699154
83, 64.057400, -7.337897, 77.175601, -11.311129
84, 66.274467, -7.147563, 78.603882, -10.586921
85, 68.616800, -6.932004, 80.230398, -8.854177
86, 71.023333, -6.735811, 80.244329, -7.282451
87, 73.415900, -6.536861, 80.191237, -9.020603
88, 75.698967, -6.378711, 80.524968, -9.620749
89, 77.840533, -6.230265, 81.072258, -9.971764
90, 80.235125, -6.103694, 82.274595, -9.798699
91, 82.524667, -5.969282, 81.663195, -7.845447
92, 84.442767, -5.837134, 82.392491, -7.352968
93, 86.297067, -5.765469, 83.077113, -7.510618
94, 88.023967, -5.708689, 87.580493, -8.682990
95, 89.684255, -5.598582, 100.356677, -10.510345
96, 91.274607, -5.520794, 102.438856, -10.877809
97, 92.796136, -5.467413, 104.279866, -8.430291
98, 94.215029, -5.483734, 105.810492, -8.791488
99, 95.515351, -5.451223, 105.598945, -9.896148
100, 96.697989, -5.401021, 104.965681, -8.678912
101, 97.740744, -5.390855, 104.708775, -8.652938
102, 98.656419, -5.407456, 105.738892, -8.193734
103, 99.588367, -5.397535, 106.209224, -7.857449
104, 100.554870, -5.397406, 106.883558, -8.235876
105, 101.600047, -5.401360, 107.781617, -7.666211
106, 102.689493, -5.389147, 107.462904, -7.967484
107, 103.786390, -5.368647, 107.552794, -9.008224
108, 104.907157, -5.331703, 108.406240, -7.736604
109, 106.001960, -5.291619, 108.752415, -8.186449
110, 107.097020, -5.236234, 108.583985, -6.994816
111, 108.166063, -5.190184, 108.292893, -7.390853
112, 109.292850, -5.121620, 109.334683, -6.792541
113, 110.496663, -5.047751, 109.075365, -7.448373
114, 111.767960, -4.966437, 110.066299, -7.329221
115, 113.166287, -4.893141, 112.109134, -7.839490
116, 114.729300, -4.837746, 113.846815, -7.969020
117, 116.400113, -4.783839, 123.247403, -16.967821
118, 118.233115, -4.759497, 123.792922, -16.676889
119, 120.196700, -4.625676, 138.932716, -9.115211
120, 122.314630, -4.426440, 148.979253, -0.767154
121, 124.493690, -4.272728, 142.355547, -3.341005
122, 126.665037, -4.131742, 143.952262, -3.033298
123, 128.736333, -3.977870, 144.740643, -0.799026
124, 130.792450, -3.824253, 143.206367, -3.965989
125, 132.722293, -3.808316, 142.585175, -5.423376
126, 134.582497, -3.865720, 150.415459, -7.281044
127, 136.425147, -3.952583, 149.821476, -8.579905
128, 138.263330, -4.079853, 150.675001, -6.797024
129, 140.071400, -4.238326, 150.319245, -7.149312
130, 141.802974, -4.399905, 151.222324, -6.109256
131, 143.442593, -4.582953, 149.303009, -7.662687
132, 145.061840, -4.700349, 149.880689, -7.704885
133, 146.862523, -4.787657, 150.152724, -8.677582
134, 148.906137, -4.881385, 153.394951, -9.437894
135, 151.007853, -4.960676, 154.103429, -11.413086
136, 153.032400, -5.082060, 153.737277, -11.310493
137, 154.819140, -5.171911, 154.065021, -11.165015
138, 156.353990, -5.234502, 153.085575, -13.007087
139, 157.566013, -5.328447, 153.263698, -12.434790
140, 158.588137, -5.437435, 161.227011, -11.212497
141, 159.530710, -5.636363, 169.521784, -10.283583
142, 160.315743, -5.930426, 167.915618, -10.456939
143, 160.917700, -6.225195, 169.448597, -8.849360
144, 161.339970, -6.389433, 167.237898, -10.413033
145, 161.694587, -6.400909, 166.707547, -9.974184
146, 161.966333, -6.402258, 166.246586, -11.289840
147, 162.285103, -6.441445, 165.853884, -12.667750
148, 162.602933, -6.511791, 165.802197, -12.416696
149, 162.887420, -6.565966, 165.265772, -13.065135
150, 163.173663, -6.666936, 164.696658, -11.984560
151, 163.421217, -6.816430, 164.860801, -12.078119
152, 163.669037, -6.939195, 164.972243, -12.111302
153, 163.969640, -7.061546, 165.163427, -12.213867
154, 164.336213, -7.210597, 165.170968, -12.250397
155, 164.837110, -7.357326, 165.444461, -12.232709
156, 165.444947, -7.494886, 165.544735, -12.208248
157, 166.226537, -7.549795, 165.451240, -11.293976
158, 167.191927, -7.514812, 166.384317, -10.378282
159, 168.438467, -7.329851, 167.297992, -10.592934
160, 169.846683, -7.100693, 167.079470, -11.602428
161, 171.367143, -6.798540, 169.353923, -10.454507
162, 173.029314, -6.264729, 178.683198, -6.108650
163, 174.606737, -5.514223, -172.936534, 3.929700
164, 175.915244, -4.742297, -170.750680, 5.724189
165, 176.803520, -4.126198, -171.618435, 6.460496
166, 177.202417, -3.661421, -174.137247, 4.476786
167, 177.233397, -3.216347, -175.049150, 4.323553
168, 176.921643, -2.946620, -174.896772, 5.738757
169, 176.533627, -2.739752, -176.136804, 5.297928
170, 176.313897, -2.526219, -177.752660, 4.922818
171, 176.311773, -2.339109, -178.380946, 4.864117
172, 176.276170, -2.224245, -179.099974, 4.315993
173, 176.192757, -2.036418, -179.651610, 3.620982
174, 176.081507, -1.879409, 179.816382, 4.209987
175, 175.987657, -1.773122, 179.301844, 4.383342
176, 175.980497, -1.592092, 176.837399, 3.553374
177, 175.927830, -1.502882, 169.658306, 2.193374
178, 175.744523, -1.449259, 168.637803, 5.334490
179, 175.504330, -1.323282, 168.931520, 5.061939
180, 175.268797, -1.242829, 168.709244, 5.744092
181, 175.033690, -1.182170, 168.400873, 5.879417
182, 174.870673, -1.094314, 168.086532, 6.025403
183, 174.730733, -1.016968, 167.601769, 5.974849
184, 174.621027, -0.966512, 168.661317, 5.193414
185, 174.540113, -0.915402, 172.996251, 6.873001
186, 174.507433, -0.807858, 173.377292, 7.331110
187, 174.489437, -0.760410, 173.599927, 6.972612
188, 174.432733, -0.773465, 173.312382, 6.744793
189, 174.434110, -0.841357, 173.220825, 6.264253
190, 174.435747, -0.932164, 173.143852, 6.095138
191, 174.520230, -0.939196, 173.020689, 5.490159
192, 174.643157, -0.914882, 173.490688, 4.782770
193, 174.706983, -0.905111, 173.472570, 4.776637
194, 174.704613, -0.881367, 173.030723, 5.685701
195, 174.600223, -0.892862, 172.932787, 5.431218
196, 174.516590, -0.860358, 173.032245, 5.456478
197, 174.452327, -0.785441, 173.680965, 4.145529
198, 174.401233, -0.700890, 172.994456, 5.191493
199, 174.358030, -0.633069, 171.485236, 7.481409
200, 174.318500, -0.613831, 172.598921, 8.029850
201, 174.233287, -0.567786, 175.978405, 8.368413
202, 174.146983, -0.502180, 175.707123, 8.196987
203, 174.053257, -0.467742, 175.282135, 7.748212
204, 173.979697, -0.436524, 174.851861, 8.777844
205, 173.939257, -0.333716, 173.580506, 8.815293
206, 173.861833, -0.289393, 174.130085, 6.987087
207, 173.724173, -0.294325, 172.700868, 7.209577
208, 173.604190, -0.312052, 172.119286, 8.010599
209, 173.499843, -0.331787, 172.650251, 6.000467
210, 173.449043, -0.315213, 174.998716, 5.383611
211, 173.400600, -0.329534, -176.873992, 2.057272
212, 173.355833, -0.380589, -175.618679, 1.825949
213, 173.284807, -0.473638, -175.803957, 2.287564
214, 173.168757, -0.525247, -177.122148, 2.434002
215, 173.045050, -0.560103, -178.341618, 2.265099
216, 172.896633, -0.600894, -179.528315, 1.400485
217, 172.775000, -0.606992, 179.309974, 0.200092
218, 172.618533, -0.625337, 179.099306, 1.330743
219, 172.484070, -0.606713, 178.435892, 1.890342
220, 172.366913, -0.596009, 177.844592, 2.063532
221, 172.261153, -0.656428, 177.232793, 2.349653
222, 172.176387, -0.729499, 176.151407, 1.346876
223, 172.080547, -0.814687, 176.027381, 1.498134
224, 172.005307, -0.863803, 175.734634, 1.232515
225, 171.934653, -0.927807, 177.534640, -0.072137
226, 171.872823, -1.015397, -171.884073, -7.956834
227, 171.849820, -1.078341, -170.052406, -10.385444
228, 171.821857, -1.111906, -172.439476, -11.039538
229, 171.845747, -1.142564, -170.604372, -9.840973
230, 171.893267, -1.168230, -170.628274, -9.248135
231, 171.962603, -1.221708, -171.452689, -8.323572
232, 172.001127, -1.296237, -172.552089, -8.752127
233, 172.039790, -1.363582, -173.188987, -9.434011
234, 172.068693, -1.455881, -174.636693, -9.761181
235, 172.027613, -1.552203, -175.046109, -9.652601
236, 172.001610, -1.632098, -175.063957, -10.026487
237, 171.970177, -1.684490, -177.670669, -10.052446
238, 171.927323, -1.635042, -177.221373, -10.245738
239, 171.854163, -1.597082, -175.955365, -8.906557
240, 171.755673, -1.578757, -176.366758, -9.103303
241, 171.620663, -1.574770, -176.079733, -9.057785
242, 171.466223, -1.593988, -176.755754, -9.162220
243, 171.228673, -1.640156, -178.102134, -8.659652
244, 170.716373, -1.796035, -179.796397, -8.533517
245, 169.571944, -2.217728, 174.555203, -12.428064
246, 169.571944, -2.217728, 174.555203, -12.428064
247, 169.571944, -2.217728, 174.555203, -12.428064
248, 160.535600, -4.649257, 144.044617, -13.744171
249, 156.299276, -5.221648, 142.397744, -2.202593
250, 151.696086, -5.564777, 135.409998, -2.224663
251, 147.012314, -5.821923, 134.608265, -2.411642
252, 142.296772, -5.822891, 133.179282, -9.701279
253, 137.820928, -5.621251, 134.911232, -1.194897
254, 133.760005, -5.222859, 134.255099, -1.322859
255, 130.152173, -4.773067, 134.509056, -2.994714
256, 126.938306, -4.378351, 133.358515, -3.324101
257, 124.115763, -4.085341, 123.542403, -3.039213
258, 121.476173, -3.699788, 116.851099, -2.581571
259, 119.181700, -3.440252, 116.395000, -0.218224
260, 117.063807, -3.312463, 116.306022, 1.130009
261, 115.007760, -3.160699, 115.942988, -0.577947
262, 113.184287, -3.013077, 115.665061, -1.570720
263, 111.557717, -2.987040, 115.417850, -1.748211
264, 110.177793, -3.005790, 114.280495, -1.599940
265, 109.210270, -2.968161, 116.841652, -0.896870
266, 108.509267, -3.000163, 117.897009, -0.742373
267, 108.001703, -3.137681, 109.893157, -3.117893
268, 107.632357, -3.261943, 107.356633, -5.140715
269, 107.356420, -3.328708, 107.600743, -5.255656
270, 107.127445, -3.377140, 107.767680, -5.323153
271, 106.827213, -3.423333, 107.507282, -5.292701
272, 106.605937, -3.330731, 107.362993, -4.961404
273, 106.390253, -3.257102, 107.473054, -4.936807
274, 106.171530, -3.274508, 105.945451, -2.925224
275, 105.905373, -3.277017, 104.046886, -2.260941
276, 105.626327, -3.268042, 104.244490, 1.954083
277, 105.320140, -3.320953, 103.111737, 1.583785
278, 104.931540, -3.312589, 103.346472, 1.406867
279, 104.383640, -3.294029, 102.678514, 1.912223
280, 103.632233, -3.328127, 102.137732, 2.826692
281, 102.716587, -3.319311, 101.947594, 3.430842
282, 101.719730, -3.280342, 100.999500, 2.485715
283, 100.746820, -3.166977, 100.823014, 1.890365
284, 99.750317, -3.012481, 100.604934, 0.909002
285, 98.696039, -2.788181, 99.544320, 1.778134
286, 97.531385, -2.539925, 98.596967, 1.720045
287, 96.161999, -2.294345, 93.203394, 0.423071
288, 94.559167, -2.086161, 84.829250, 3.606164
289, 92.768480, -1.965283, 85.979638, 4.168386
290, 90.853727, -1.923240, 85.575608, 4.679840
291, 88.804567, -1.921192, 84.767594, 6.176755
292, 86.646867, -1.952910, 82.486536, 6.708666
293, 84.417900, -1.949714, 81.157716, 6.556252
294, 82.196166, -1.878202, 80.779501, 6.243483
295, 79.970600, -1.745439, 80.006217, 5.013200
296, 77.736366, -1.499194, 79.935498, 5.668465
297, 75.498600, -1.256599, 74.747940, 4.264999
298, 73.077067, -0.978041, 63.648886, 0.551496
299, 70.387800, -0.732885, 59.488421, 2.180723
300, 67.718300, -0.526288, 59.826187, -2.230368
301, 65.012266, -0.331999, 58.392073, -0.635614
302, 62.356600, -0.156660, 60.766091, -3.682145
303, 59.785100, 0.031082, 59.556530, 2.524461
304, 57.292800, 0.153567, 58.104779, 1.694526
305, 54.941133, 0.168300, 57.248456, 0.172496
306, 52.610700, 0.172367, 47.561076, -3.333648
307, 50.336467, 0.165067, 39.545846, -5.176670
308, 48.163167, 0.143300, 37.183882, -2.649002
309, 46.092700, 0.116633, 35.077689, -4.224927
310, 44.136100, 0.097267, 38.089134, -5.008927
311, 42.299400, 0.096100, 39.706765, -6.077827
312, 40.568700, 0.119933, 38.634287, -7.097749
313, 38.915233, 0.187900, 37.588956, -6.268878
314, 37.340033, 0.254333, 35.781070, -7.344271
315, 35.795400, 0.298767, 33.797730, -7.072881
316, 34.259733, 0.291900, 31.139065, -4.669430
317, 32.804333, 0.211300, 30.192809, -5.599806
318, 31.424300, 0.136367, 31.226406, -5.312394
319, 30.096700, 0.085233, 29.839555, -3.978192
320, 28.846633, 0.050467, 29.799559, -1.731004
321, 27.671300, 0.036067, 29.504443, -1.032682
322, 26.591300, 0.009741, 29.535104, -1.144538
323, 25.533167, -0.008642, 29.079344, -0.801386
324, 24.457200, -0.033775, 29.097654, -1.500094
325, 23.477167, -0.074560, 28.147257, -2.466045
326, 22.578000, -0.060143, 29.157536, -2.396968
327, 21.708067, 0.021008, 24.287445, 0.007569
328, 20.843267, 0.105333, 17.444391, 1.685569
329, 19.977500, 0.153567, 13.133730, 2.052029
330, 19.103933, 0.172133, 12.148740, 3.674694
331, 18.253567, 0.159900, 12.907704, 3.407463
332, 17.460600, 0.119467, 11.843088, 4.798299
333, 16.684333, 0.082733, 10.887645, 6.250033
334, 15.889633, 0.038433, 10.079342, 5.882508
335, 15.116600, -0.039812, 9.869028, 6.089194
336, 14.317667, -0.114286, 9.383606, 5.469665
337, 13.485467, -0.201963, 8.227248, 4.616919
338, 12.674767, -0.266476, 7.742869, 5.814508
339, 11.901733, -0.293549, 6.654380, 6.198605
340, 11.151867, -0.312136, 5.462827, 6.309635
341, 10.393300, -0.312879, 5.507445, 5.971766
342, 9.638400, -0.324752, 5.641908, 5.838049
343, 8.833567, -0.348492, 5.094523, 5.670462
344, 7.934800, -0.350671, 4.333125, 4.062196
345, 6.971800, -0.392013, 4.331715, 2.417089
346, 5.938200, -0.437306, 3.698106, -2.510901
347, 4.869533, -0.487786, 3.431989, -4.494074
348, 3.812633, -0.522663, 2.668699, -3.583194
349, 2.725200, -0.548372, 2.261109, -4.171718
350, 1.635567, -0.584053, 0.991343, -3.527072
351, 0.552933, -0.644963, 0.192811, -4.179359
352, -0.557933, -0.707229, -0.463400, -5.612170
353, -1.736500, -0.780457, -0.515837, -8.648239
354, -2.984467, -0.858219, -1.428993, -8.347975
355, -4.339033, -0.919147, -2.315105, -13.062798
356, -5.296700, -0.951098, 1.546726, -18.694134
357, -7.975600, -0.950062, -8.014056, -9.574641
358, -9.475950, -0.905526, -11.068608, -9.903122
359, -11.087667, -0.839870, -11.115654, -11.189516
360, -13.198133, -0.785079, -14.284776, -12.354075
361, -15.436366, -0.748096, -15.541652, -9.656192
362, -17.827567, -0.650748, -19.590319, -5.778600
363, -20.370300, -0.507393, -20.891154, -2.156944
364, -23.077566, -0.315553, -21.672290, -0.648591
365, -25.870300, -0.089781, -23.217928, -7.135648
366, -28.696400, 0.124133, -25.971676, -4.634568
367, -31.481400, 0.376267, -28.620496, -2.623461
368, -34.210667, 0.640400, -36.529619, 3.424219
369, -36.822867, 0.877400, -43.322489, 1.110341
370, -39.237567, 1.020267, -43.569995, 3.865356
371, -41.489634, 1.087800, -46.924814, 6.027315
372, -43.624834, 1.096733, -47.976222, 6.918632
373, -45.572900, 1.025900, -48.914664, 6.732054
374, -47.433433, 0.874767, -49.893068, 6.097787
375, -49.228200, 0.629900, -50.006910, 3.387373
376, -51.002933, 0.321400, -53.101214, 2.915299
377, -52.916433, -0.041409, -62.700336, -2.656503
378, -54.931733, -0.426940, -65.304910, -3.339682
379, -57.020400, -0.716382, -73.521551, -4.491088
380, -59.087067, -0.936390, -70.434853, -2.729363
381, -61.040867, -1.156968, -66.284607, -5.809113
382, -62.844867, -1.396589, -66.431985, -8.421627
383, -64.511967, -1.634567, -66.382593, -7.840365
384, -66.116833, -1.867996, -70.021860, -9.106378
385, -67.627967, -2.094998, -80.030864, -8.153408
386, -69.047633, -2.261529, -81.958334, -6.658722
387, -70.233133, -2.270691, -84.406896, -8.369057
388, -71.258200, -2.260277, -86.611661, -7.812258
389, -72.239167, -2.243769, -87.290637, -4.958632
390, -73.144800, -2.179149, -84.134860, -3.654888
391, -74.054133, -2.212511, -77.799012, -8.403030
392, -74.942133, -2.393551, -74.353046, -13.229752
393, -75.761967, -2.641299, -74.354638, -11.335903
394, -76.549533, -2.944116, -75.734951, -12.236462
395, -77.356100, -3.211862, -76.454397, -11.605173
396, -78.136567, -3.357919, -77.033112, -10.716126
397, -78.866500, -3.399344, -77.680942, -7.613695
398, -79.490767, -3.424981, -78.323030, -4.159164
399, -80.179767, -3.435517, -83.285899, -11.241150
400, -80.908467, -3.412647, -86.684516, -11.144942
401, -81.510367, -3.355047, -87.452662, -9.706375
402, -81.991133, -3.225189, -87.383322, -10.512565
403, -82.414033, -3.139322, -87.030762, -9.835493
404, -82.767200, -3.137675, -87.749009, -9.678142
405, -83.109967, -3.252640, -89.036592, -4.110050
406, -83.484800, -3.451222, -86.610979, -3.116407
407, -83.910133, -3.686626, -85.788384, -3.998720
408, -84.331300, -3.894551, -83.379829, -6.541738
409, -84.625600, -3.981645, -83.653096, -20.449589
410, -85.463300, -4.082983, -78.601517, -20.736681
411, -85.750267, -4.113092, -95.125976, -15.589689
412, -86.171033, -4.118752, -94.467843, -2.127023
413, -86.548633, -4.019933, -93.052661, -2.273828
414, -86.892300, -3.913878, -93.898368, -2.727078
415, -87.304067, -3.826153, -93.853933, -2.740526
416, -87.780800, -3.772753, -93.954451, -1.770372
417, -88.309533, -3.754769, -94.171580, -0.935713
418, -88.902967, -3.835351, -94.145296, 0.226858
419, -89.524533, -3.957031, -93.817940, 0.138204
420, -90.132867, -4.078125, -94.152775, 0.704009
421, -90.709733, -4.302594, -93.336649, 0.994507
422, -91.254633, -4.615786, -92.888824, 0.302022
423, -91.829600, -4.902852, -93.022337, 0.494261
424, -92.427667, -5.111748, -96.531117, -0.743129
425, -93.069200, -5.254273, -101.924265, -1.466983
426, -93.716500, -5.351473, -100.367257, -2.067749
427, -94.258000, -5.432950, -100.938906, -2.986122
428, -94.719867, -5.512287, -100.068768, -3.383563
429, -95.137200, -5.563251, -100.534973, -3.856818
430, -95.493600, -5.600926, -99.981026, -1.692283
431, -95.801600, -5.637382, -99.760121, -2.352945
432, -96.065900, -5.692900, -99.698567, -4.367170
433, -96.311100, -5.738401, -100.380398, -3.182333
434, -96.566300, -5.786510, -100.602016, -2.971513
435, -96.845200, -5.840264, -100.718898, -3.112771
436, -97.083700, -5.902622, -100.303349, -5.034062
437, -97.279200, -5.982676, -100.887146, -3.024891
438, -97.440267, -6.073327, -100.861597, -2.735704
439, -97.603633, -6.146628, -101.863047, -8.546712
440, -97.792967, -6.234726, -102.196050, -15.239664
441, -97.993567, -6.313971, -101.775480, -17.084548
442, -98.224300, -6.366912, -107.537991, -13.814076
443, -98.422200, -6.391845, -105.793049, -14.833825
444, -98.586133, -6.397471, -104.870736, -15.380535
445, -98.687333, -6.397915, -102.968481, -16.322319
446, -98.725600, -6.404098, -102.946440, -16.320102
447, -98.723567, -6.411153, -105.266319, -13.835529
448, -98.692833, -6.425667, -104.741360, -14.298334
449, -98.651867, -6.440836, -103.936911, -14.801721
450, -98.611767, -6.441150, -102.064322, -16.921752
451, -98.576100, -6.443511, -101.791138, -17.120222
452, -98.583867, -6.439650, -102.281437, -15.535340
453, -98.610000, -6.443543, -102.134484, -15.200829
454, -98.644833, -6.434222, -101.510155, -15.844516
455, -98.676833, -6.434257, -100.691835, -15.820876
456, -98.729633, -6.444245, -104.274001, -16.578888
457, -98.788833, -6.460133, -104.594802, -19.136051
458, -98.848067, -6.452180, -106.005164, -18.891269
459, -98.884900, -6.435148, -107.953180, -18.494812
460, -98.891333, -6.438547, -110.899730, -17.532172
461, -98.874767, -6.441155, -109.943847, -17.704671
462, -98.857833, -6.462420, -110.536192, -17.596711
463, -98.834467, -6.482566, -109.953704, -16.750902
464, -98.837367, -6.496749, -102.927726, -13.734424
465, -98.839600, -6.505816, -96.486471, -16.313788
466, -98.840333, -6.526044, -96.294455, -15.482305
467, -98.809867, -6.525473, -95.506754, -15.490959
468, -98.780100, -6.507733, -94.925615, -15.442314
469, -98.765700, -6.476382, -95.085425, -15.541311
470, -98.744433, -6.468670, -95.526829, -15.906104
471, -98.752700, -6.471268, -94.995986, -15.545355
472, -98.782500, -6.479728, -94.159370, -14.964687
473, -98.810600, -6.495837, -93.942849, -14.469594
474, -98.831600, -6.515851, -93.993671, -14.432229
475, -98.851100, -6.542995, -93.931347, -14.482429
476, -98.828167, -6.567271, -94.645470, -14.977809
477, -98.810667, -6.584707, -94.887539, -14.800977
478, -98.802300, -6.577561, -93.745302, -14.822449
479, -98.815100, -6.540121, -93.739669, -14.876153
480, -98.835567, -6.532540, -93.916523, -14.869971
481, -98.840733, -6.540636, -94.267892, -14.641116
482, -98.841833, -6.556796, -94.475602, -14.291942
483, -98.824333, -6.561936, -94.063874, -14.734799
484, -98.810500, -6.556496, -93.759319, -14.849879
485, -98.793800, -6.581641, -93.728089, -14.921917
486, -98.773267, -6.607138, -93.809505, -15.046746
487, -98.768767, -6.619807, -93.872783, -14.955457
488, -98.762267, -6.631342, -94.061821, -14.944681
489, -98.748800, -6.649429, -94.124759, -15.316484
490, -98.779133, -6.634667, -94.831554, -15.328576
491, -98.808733, -6.628662, -104.211382, -17.744583
492, -98.855333, -6.638811, -114.239800, -15.893418
493, -98.904500, -6.643833, -115.062250, -20.377859
494, -98.949700, -6.661467, -114.523398, -15.862907
495, -99.003867, -6.675868, -114.587007, -18.524464
496, -99.040500, -6.694000, -115.546969, -21.512078
497, -99.090833, -6.711364, -115.505558, -21.127366
498, -99.133967, -6.693123, -115.588900, -19.321207
499, -99.150533, -6.663371, -115.891053, -20.186004
500, -99.159633, -6.661656, -114.247313, -16.539696
501, -99.156300, -6.662718, -117.076505, -21.288610
502, -99.155333, -6.638927, -114.057813, -12.076183
503, -99.196933, -6.603425, -107.841869, -2.945380
504, -99.264400, -6.538146, -107.148514, -1.979070
505, -99.399300, -6.488478, -108.201092, -2.228270
506, -99.666933, -6.441265, -106.100325, -2.456027
507, -100.153933, -6.357996, -106.869531, -1.963860
508, -100.810667, -6.252395, -108.300517, -0.435933
509, -101.505100, -6.110274, -107.928842, -0.533690
510, -102.277933, -5.885573, -108.905147, -1.378849
511, -103.119300, -5.640674, -108.905710, -1.005386
512, -104.076400, -5.406162, -109.875509, -0.728155
513, -105.125633, -5.176103, -111.124448, 1.635214
514, -106.240367, -4.988036, -110.434964, 0.301984
515, -107.289200, -4.846875, -110.876075, 0.560599
516, -108.248333, -4.741835, -111.086736, 0.477495
517, -109.192300, -4.575942, -111.862052, 1.376295
518, -110.325933, -4.349480, -114.790215, -3.702740
519, -111.679500, -4.111135, -111.025248, -16.065205
520, -111.679500, -4.111135, -111.025248, -16.065205
521, -114.862300, -3.523252, -113.790340, -17.160543
522, -115.615500, -3.293367, -125.505768, -14.862647
523, -116.500800, -2.972014, -125.475021, -5.602784
524, -117.179400, -2.729344, -124.263115, -4.526508
525, -117.678700, -2.593331, -123.036114, -3.178573
526, -118.009633, -2.484810, -126.442650, -3.369431
527, -118.205100, -2.400247, -124.594747, -3.274133
528, -118.278900, -2.352057, -124.507478, -3.392086
529, -118.292433, -2.341027, -122.482601, -3.936357
530, -118.320633, -2.346215, -122.555076, -3.785420
531, -118.458733, -2.390726, -123.596676, -3.209058
532, -118.833100, -2.431593, -124.923267, -6.657544
533, -119.358467, -2.424348, -121.455976, -10.630897
534, -119.867400, -2.418979, -124.403474, -9.571542
535, -120.238433, -2.428353, -127.188427, -5.464234
536, -120.418333, -2.405996, -123.642413, -4.277481
537, -120.372600, -2.383146, -123.871706, -4.606345
538, -120.198400, -2.378968, -124.027784, -3.827840
539, -119.887767, -2.410529, -124.069267, -4.031446
540, -119.630233, -2.450988, -124.638539, -2.605139
541, -119.401467, -2.502556, -122.512392, -2.703336
542, -119.244733, -2.535477, -122.468608, -3.287669
543, -119.149900, -2.553328, -122.367226, -3.813767
544, -119.030867, -2.568721, -122.216846, -4.336965
545, -118.969600, -2.596896, -122.242707, -4.524989
546, -118.960867, -2.630908, -122.537433, -4.791196
547, -118.994467, -2.607959, -125.785690, -7.166286
548, -119.028967, -2.621329, -125.240834, -9.167898
549, -119.013300, -2.693987, -126.958121, -7.997179
550, -118.966233, -2.790313, -128.212703, -6.971723
551, -118.914567, -2.864686, -130.907072, -4.745222
552, -118.904800, -2.920398, -131.140371, -4.640403
553, -118.883733, -2.948138, -129.919450, -5.206028
554, -118.894100, -2.979746, -118.199564, -8.960392
555, -118.878600, -3.046438, -109.598214, -12.076603
556, -118.789533, -3.118346, -108.376628, -12.095021
557, -118.662067, -3.185803, -107.983328, -11.394614
558, -118.485033, -3.263104, -107.896139, -11.521519
559, -118.322100, -3.350492, -107.875459, -11.600665
560, -118.141767, -3.438890, -107.757216, -11.729597
561, -117.980733, -3.511455, -107.858085, -11.699418
562, -117.821700, -3.593953, -107.883944, -11.731344
563, -117.658100, -3.698086, -107.740724, -11.841526
564, -117.538167, -3.799780, -107.521454, -11.935979
565, -117.456767, -3.884877, -107.254316, -11.894959
566, -117.409433, -3.928778, -107.041900, -11.877749
567, -117.376333, -3.957226, -107.219325, -11.835021
568, -117.327533, -3.994455, -107.394045, -11.970832
569, -117.282800, -4.039720, -107.316723, -12.113687
570, -117.226833, -4.094172, -106.872454, -12.083460
571, -117.150867, -4.130366, -106.499250, -11.922290
572, -117.058933, -4.166927, -106.302257, -11.871096
573, -116.970667, -4.209094, -106.151780, -11.767863
574, -116.888367, -4.263687, -106.046982, -11.686609
575, -116.827200, -4.312255, -106.275521, -11.351323
576, -116.799833, -4.370977, -108.224688, -11.494374
577, -116.760667, -4.428996, -115.242753, -18.333095
578, -116.722700, -4.507830, -119.783739, -27.992040
579, -116.691567, -4.566759, -120.024494, -26.479456
580, -116.639467, -4.625315, -121.253784, -28.855742
581, -116.564967, -4.682231, -119.489767, -23.942547
582, -116.480367, -4.734021, -119.094518, -23.485826
583, -116.384467, -4.781181, -119.926289, -25.157070
584, -116.300733, -4.848755, -121.289784, -28.420917
585, -116.225500, -4.912182, -121.371897, -28.675807
586, -116.154367, -4.984940, -121.463157, -28.341879
587, -116.103067, -5.068435, -121.178960, -27.201172
588, -116.052633, -5.125590, -120.151773, -26.071165
589, -116.011033, -5.168554, -111.876216, -22.946534
590, -115.985100, -5.231768, -111.313854, -24.231906
591, -115.938567, -5.292997, -110.765183, -22.832404
592, -115.858900, -5.371308, -110.708839, -23.069594
593, -115.784900, -5.467615, -110.747896, -23.534090
594, -115.686300, -5.532204, -110.950228, -23.601441
595, -115.636133, -5.569160, -110.922814, -23.564691
596, -115.564533, -5.613473, -110.341888, -23.759802
597, -115.495500, -5.636095, -110.293632, -23.368261
598, -115.424667, -5.634976, -109.804540, -23.197311
599, -115.348233, -5.624105, -110.027234, -23.889856
600, -115.322500, -5.596315, -110.052353, -23.949359
