1, -29.988600, -1.183876, -31.998861, -9.251047
2, -29.988600, -1.183876, -31.998861, -9.251047
3, -29.987700, -1.197157, -31.958916, -9.220580
4, -29.981000, -1.195079, -31.853274, -9.070612
5, -30.028400, -1.187426, -30.429497, -8.008734
6, -30.140967, -1.187448, -30.028647, -7.404643
7, -30.277967, -1.190627, -30.207221, -7.361628
8, -30.416900, -1.177540, -30.350438, -7.346974
9, -30.547133, -1.177733, -30.427742, -7.353515
10, -30.660300, -1.164447, -30.466090, -7.402346
11, -30.736167, -1.157815, -30.452505, -7.426452
12, -30.777100, -1.147551, -30.357539, -7.425721
13, -30.775900, -1.142268, -30.239275, -7.463051
14, -30.740500, -1.144816, -30.015285, -7.468460
15, -30.694633, -1.150683, -29.947141, -7.433800
16, -30.654667, -1.164206, -29.921834, -7.415469
17, -30.607867, -1.222366, -29.257931, -8.205428
18, -30.570467, -1.318034, -25.826701, -11.656053
19, -30.534833, -1.402409, -24.682839, -13.750595
20, -30.501733, -1.478678, -24.730362, -13.858096
21, -30.453800, -1.540180, -24.785565, -13.870057
22, -30.429367, -1.625805, -24.782795, -13.882950
23, -30.407000, -1.690801, -24.714564, -13.856791
24, -30.380200, -1.727359, -24.640854, -13.786700
25, -30.367967, -1.782868, -24.565956, -13.694828
26, -30.343300, -1.844735, -24.595148, -13.481285
27, -30.320567, -1.915951, -24.529232, -13.417587
28, -30.302267, -2.006114, -24.403363, -13.404071
29, -30.267767, -2.146670, -24.341479, -13.508496
30, -30.250433, -2.397018, -24.255953, -13.723931
31, -30.376900, -2.855712, -24.322324, -13.920148
32, -30.814000, -3.793479, -24.293492, -14.361225
33, -31.583767, -5.365338, -24.917562, -15.581061
34, -32.759567, -7.671443, -27.128656, -27.910617
35, -34.133567, -10.869869, -31.885114, -38.571955
36, -35.596367, -14.391394, -37.963861, -44.365153
37, -37.094633, -17.654282, -43.096303, -51.033102
38, -38.536767, -20.076233, -44.653078, -52.342363
39, -39.766367, -22.720216, -44.966869, -52.920172
40, -40.782500, -25.561044, -43.503460, -52.866311
41, -41.503733, -28.057447, -43.920300, -52.368427
42, -41.903233, -30.521200, -44.977197, -60.107548
43, -42.159367, -32.603547, -43.357853, -64.524824
44, -42.216533, -34.436590, -42.825898, -67.379616
45, -42.089800, -35.918417, -42.878119, -67.276013
46, -41.827033, -36.934493, -44.127283, -67.211100
47, -41.381900, -37.957037, -42.223640, -66.763257
48, -40.831433, -38.578200, -41.152694, -66.208308
49, -40.291600, -39.135063, -40.011926, -66.306639
50, -39.747300, -39.668157, -40.336338, -66.384458
51, -39.248600, -39.920253, -39.821196, -67.006202
52, -38.785600, -40.201993, -39.259374, -67.065705
53, -38.344900, -40.411503, -39.459119, -66.276278
54, -37.895000, -40.491763, -33.149578, -66.861380
55, -37.395933, -40.465547, -16.800979, -70.564801
56, -36.803233, -40.254277, -14.395695, -70.356491
57, -35.717134, -39.771383, -16.156708, -70.981419
58, -33.421304, -39.086397, -17.087263, -70.712063
59, -29.638202, -38.280723, -24.753275, -69.015263
60, -25.456600, -37.465765, 0.302107, -73.586840
61, -25.456600, -37.465765, 0.302107, -73.586840
62, -12.005495, -34.751587, 22.677813, -56.214200
63, -5.766632, -33.586033, 38.663262, -50.623277
64, 0.065950, -32.467780, 46.139723, -41.978357
65, 5.301839, -31.570037, 48.385071, -42.072766
66, 9.782901, -31.107907, 45.186031, -42.522693
67, 13.733369, -30.745670, 43.233438, -43.148353
68, 17.106068, -30.653760, 43.373956, -43.930197
69, 19.966133, -30.639693, 41.942154, -42.860763
70, 22.247900, -30.629373, 41.799013, -43.530551
71, 24.046667, -30.649840, 41.409440, -43.749032
72, 25.434100, -30.601293, 41.172162, -43.736188
73, 26.512200, -30.552177, 40.617951, -43.534798
74, 27.414500, -30.419307, 40.077169, -43.475135
75, 28.181533, -30.252033, 40.735241, -43.213931
76, 28.853767, -30.070943, 40.845952, -42.765869
77, 29.476267, -29.811357, 40.762562, -42.587880
78, 29.995000, -29.560407, 40.547022, -42.350444
79, 30.386967, -29.093343, 40.495227, -42.031749
80, 30.693800, -28.490063, 40.274216, -41.639561
81, 30.712900, -27.303490, 39.231654, -41.372679
82, 30.467100, -25.318864, 38.428846, -36.792272
83, 30.114867, -22.723603, 37.328177, -21.619786
84, 29.572333, -19.327573, 36.334483, -14.726812
85, 29.201600, -15.901405, 35.596426, -9.221817
86, 28.853933, -12.254217, 35.261302, -2.552335
87, 28.592567, -9.045626, 34.675947, -4.298371
88, 28.281900, -5.665189, 33.780931, -3.793159
89, 27.967433, -2.616288, 33.427371, -4.743749
90, 27.671233, 0.366650, 33.442855, -4.286221
91, 27.317867, 3.146167, 32.561874, -1.104178
92, 27.001467, 5.771034, 29.245947, 6.485890
93, 26.579100, 8.254833, 27.497429, 9.815261
94, 26.145833, 10.688934, 27.055903, 9.395210
95, 25.400867, 12.937200, 26.780413, 9.798563
96, 24.592000, 15.065867, 26.529260, 9.899624
97, 23.933100, 17.021534, 26.658501, 10.666002
98, 23.436967, 18.473167, 26.733864, 9.899740
99, 23.091933, 20.002734, 26.853994, 10.921749
100, 22.896633, 21.205933, 26.760883, 11.355012
101, 22.862800, 21.965700, 26.731826, 10.953919
102, 22.781067, 22.452267, 26.777460, 10.747481
103, 22.592133, 22.756033, 26.731810, 10.596207
104, 22.482200, 22.990933, 26.701994, 10.840567
105, 22.348600, 23.067167, 26.547600, 10.800655
106, 22.180133, 23.115900, 26.387581, 10.725368
107, 21.960000, 23.013933, 26.338538, 10.498208
108, 21.625367, 22.805467, 26.159234, 10.140537
109, 21.141733, 22.572100, 25.798403, 9.945232
110, 20.289033, 22.291100, 20.569699, 11.796281
111, 19.012334, 21.919433, 9.686264, 11.699105
112, 17.160000, 21.409400, 2.443523, 11.273312
113, 14.698134, 20.856567, 1.112656, 11.465263
114, 11.588135, 20.261900, 1.333650, 11.497819
115, 7.634672, 19.656733, -0.217032, 11.629382
116, 2.823737, 19.074400, -2.258081, 11.607583
117, -0.799600, 18.655200, -0.778018, 6.242817
118, -0.799600, 18.655200, -0.778018, 6.242817
119, -0.799600, 18.655200, -0.778018, 6.242817
120, -0.799600, 18.655200, -0.778018, 6.242817
121, -0.799600, 18.655200, -0.778018, 6.242817
122, -0.799600, 18.655200, -0.778018, 6.242817
123, -0.799600, 18.655200, -0.778018, 6.242817
124, -0.799600, 18.655200, -0.778018, 6.242817
125, -0.799600, 18.655200, -0.778018, 6.242817
126, -71.942700, 16.103100, -99.560225, 4.399644
127, -80.239500, 17.610700, -114.747947, 21.141238
128, -85.674967, 18.534633, -116.295075, 22.667410
129, -91.823740, 19.590300, -119.940554, 23.761013
130, -97.290107, 20.402267, -121.475328, 23.217405
131, -102.066769, 21.318967, -121.711364, 20.461180
132, -106.329335, 22.060567, -120.823417, 21.262742
133, -109.921067, 22.635100, -123.274978, 21.386422
134, -113.069767, 23.433867, -121.197845, 21.741754
135, -115.799067, 23.913933, -120.452266, 22.004200
136, -118.250767, 24.424367, -119.703778, 21.958257
137, -120.536167, 25.002700, -119.978872, 22.438895
138, -122.792033, 25.290633, -121.045969, 22.560863
139, -125.337600, 25.524500, -131.834747, 22.180113
140, -128.116033, 25.652433, -145.010370, 20.760916
141, -131.028066, 25.613900, -146.546532, 20.649179
142, -133.994734, 25.614700, -148.577145, 20.333068
143, -136.738200, 25.502467, -149.941872, 20.914520
144, -139.319100, 25.446367, -150.016197, 19.994568
145, -141.670467, 25.322967, -150.297380, 20.084113
146, -143.780600, 25.192867, -150.015825, 20.129910
147, -145.715434, 25.006233, -150.392874, 19.768335
148, -147.389833, 24.765433, -150.217314, 19.380778
149, -148.899533, 24.593633, -150.198207, 19.472171
150, -150.140600, 24.428267, -150.312922, 19.433675
151, -151.189033, 24.284000, -150.576465, 19.030018
152, -152.112967, 24.379667, -150.440187, 19.894716
153, -152.862933, 24.507633, -150.237153, 19.967361
154, -153.453867, 24.707367, -150.217740, 20.137504
155, -153.863467, 25.065300, -150.474606, 20.422930
156, -154.062667, 25.561600, -149.981161, 20.773710
157, -154.163733, 26.093233, -149.436601, 21.046929
158, -154.082600, 26.713300, -149.144224, 21.519250
159, -153.932267, 27.301867, -148.912449, 21.865771
160, -153.661200, 27.960400, -148.464592, 22.276313
161, -153.215167, 28.682000, -148.277442, 22.312275
162, -152.574933, 29.436167, -148.233051, 22.466172
163, -151.880900, 30.347633, -150.678904, 27.822731
164, -151.115200, 31.148867, -150.854156, 31.819893
165, -150.262267, 32.068600, -150.493539, 31.820542
166, -149.435967, 32.994100, -150.164361, 31.488466
167, -148.678567, 33.884167, -149.961345, 31.886769
168, -148.173567, 34.735767, -151.056792, 32.477137
169, -147.887067, 35.363467, -151.830263, 32.684210
170, -147.757900, 35.806667, -152.514800, 32.713067
171, -147.636800, 36.137167, -152.748275, 32.452260
172, -147.509367, 36.354767, -156.977832, 38.422117
173, -147.440500, 36.462300, -163.862075, 44.803327
174, -147.576367, 36.365567, -167.151781, 44.716950
175, -148.147933, 35.781800, -170.104733, 43.813939
176, -149.204900, 34.297968, -166.599895, 43.005906
177, -150.344200, 32.289750, -147.480677, 31.957530
178, -150.344200, 32.289750, -147.480677, 31.957530
179, -150.344200, 32.289750, -147.480677, 31.957530
180, -150.344200, 32.289750, -147.480677, 31.957530
181, -150.344200, 32.289750, -147.480677, 31.957530
182, -160.462800, 10.531400, -168.734638, -10.583701
183, -161.367000, 9.421100, -179.813692, -13.562343
184, -166.302600, 5.156900, 170.488646, -21.202397
185, -168.261967, 3.826300, 170.526416, -20.289562
186, -171.031954, 2.092933, 169.859111, -19.059316
187, -173.402683, 0.597834, 170.363278, -19.092638
188, -175.262387, -0.990795, 170.179833, -17.995679
189, -176.769100, -2.432150, 170.856127, -17.495320
190, -177.833130, -3.998082, 170.180977, -17.693470
191, -178.604150, -5.318157, 170.824845, -18.197039
192, -179.006433, -6.153150, 171.634133, -17.269403
193, -179.151987, -6.950376, 171.868828, -17.338821
194, -179.190223, -7.375452, 172.904729, -16.314227
195, -179.111003, -7.577419, 173.374614, -16.124721
196, -179.071583, -7.661683, 173.520474, -15.827688
197, -179.070627, -7.520160, 173.947517, -15.012282
198, -179.030053, -7.405906, 174.198536, -14.700968
199, -178.895603, -7.307210, 174.663523, -14.468373
200, -178.607267, -7.076993, 175.150168, -14.272279
201, -178.258447, -6.909188, 175.570643, -13.859929
202, -177.979777, -6.768684, 175.846723, -13.494464
203, -177.761083, -6.487260, 176.045597, -13.070239
204, -177.584213, -6.189229, 176.018049, -12.743468
205, -177.420160, -5.852557, 176.177616, -12.555024
206, -177.230907, -5.469001, 176.390182, -12.230820
207, -176.991707, -5.205143, 176.672662, -12.209284
208, -176.696960, -4.949740, 176.902977, -12.459817
209, -176.305903, -4.666757, 177.397086, -12.382095
210, -175.832793, -4.444978, 177.948608, -12.543461
211, -175.327427, -4.161491, 178.431351, -12.466059
212, -174.757650, -3.834669, 178.876213, -12.300965
213, -174.123023, -3.515108, 179.042966, -12.072871
214, -173.448277, -3.125437, 179.413272, -11.763022
215, -172.723007, -2.804061, 179.919049, -11.392344
216, -171.973733, -2.479016, -179.690813, -11.058931
217, -171.224380, -2.173867, -179.923716, -10.982673
218, -170.317250, -1.868181, -179.927726, -11.054792
219, -169.144300, -1.354584, -179.259012, -10.870104
220, -167.608034, -0.936726, -178.311851, -10.693759
221, -165.431701, -0.390431, -175.428110, -10.612466
222, -162.619302, 0.171300, -161.059753, -7.404150
223, -159.233433, 0.675133, -145.427104, -5.625811
224, -155.525634, 1.279333, -138.979272, -4.778579
225, -151.740699, 1.780200, -139.251990, -4.807283
226, -148.167666, 2.387667, -140.019958, -4.986441
227, -144.936533, 2.993733, -140.394484, -4.996580
228, -141.792833, 3.494400, -140.510156, -4.629486
229, -138.659833, 3.943400, -140.772666, -4.526144
230, -135.608033, 4.344900, -141.335597, -4.409681
231, -132.707666, 4.738033, -141.048703, -4.589101
232, -130.007167, 5.067567, -141.404055, -4.791053
233, -127.105401, 5.353233, -132.811902, -3.419333
234, -123.859467, 5.745300, -117.110792, -1.321714
235, -120.279368, 6.286267, -101.091230, 1.368749
236, -116.236834, 6.870600, -91.778900, 2.022649
237, -111.880769, 7.831833, -85.999876, 3.521535
238, -107.416400, 9.458833, -87.908832, 3.169605
239, -103.128132, 11.371934, -86.739969, 4.056740
240, -99.181699, 13.116134, -84.013038, 5.126368
241, -95.555666, 14.287033, -85.513030, 4.919528
242, -92.282633, 15.229400, -84.779889, 4.593491
243, -89.443867, 16.019133, -84.838652, 4.201242
244, -86.792766, 16.696967, -85.194346, 3.970818
245, -84.447900, 17.352767, -85.303538, 4.179256
246, -82.371200, 17.891467, -85.005379, 4.511388
247, -80.550800, 18.275867, -84.955207, 4.472327
248, -79.023533, 18.621267, -84.566757, 4.169185
249, -77.712300, 18.917300, -84.828413, 3.921464
250, -76.513867, 19.172767, -84.379300, 4.522012
251, -75.322000, 19.511700, -83.251577, 5.290800
252, -73.880667, 19.974633, -74.336787, 14.848663
253, -72.040201, 20.632433, -64.673679, 24.525395
254, -69.635001, 21.785266, -57.642476, 29.078385
255, -66.754233, 23.213733, -52.320114, 31.747053
256, -63.574267, 24.698067, -46.659010, 33.885134
257, -60.190200, 26.219100, -42.904473, 35.252524
258, -56.725366, 27.695067, -43.801560, 35.253334
259, -53.271900, 29.013267, -43.653854, 36.141305
260, -49.852667, 30.285867, -43.387204, 36.617734
261, -46.514333, 31.574100, -43.517676, 36.110822
262, -43.300600, 32.740200, -42.572897, 36.897353
263, -40.257234, 33.781100, -41.039048, 37.521135
264, -37.358567, 34.777767, -29.744281, 43.744805
265, -34.616467, 35.588433, -19.955933, 46.210132
266, -31.967033, 36.399300, -19.014220, 47.521363
267, -29.480533, 37.002100, -20.227653, 46.229055
268, -27.093067, 37.523167, -18.991449, 46.638148
269, -24.894467, 37.958067, -18.260240, 46.650089
270, -22.975400, 38.246800, -16.699082, 47.473905
271, -21.136133, 38.581133, -15.884873, 47.624081
272, -19.369067, 38.841467, -15.646712, 48.186286
273, -17.657233, 39.043733, -15.737357, 48.042303
274, -15.861200, 39.379367, -15.804029, 48.201055
275, -13.839934, 39.629200, -14.804929, 48.201278
276, -11.118737, 39.841733, -8.453374, 48.418002
277, -7.400034, 39.976233, 12.555254, 44.097467
278, -3.039733, 39.687367, 28.134568, 37.854471
279, 1.711933, 39.287533, 36.304153, 34.695468
280, 6.584366, 38.712167, 37.486490, 34.536588
281, 11.608400, 37.889900, 37.092618, 34.165593
282, 16.771437, 36.896033, 39.248055, 34.275974
283, 21.892267, 35.748733, 41.232330, 33.441243
284, 27.052701, 34.510367, 43.134298, 33.511968
285, 32.076267, 32.947833, 45.141840, 33.419242
286, 36.924401, 31.215433, 45.649944, 33.454206
287, 41.569869, 29.220500, 49.981883, 30.748423
288, 45.842068, 27.009134, 59.938394, 19.006848
289, 49.554168, 24.723767, 69.933757, 9.435466
290, 52.775567, 22.525200, 76.070672, 5.535660
291, 55.525367, 20.604367, 70.713173, 6.330094
292, 57.904267, 18.850000, 73.962066, 5.726325
293, 60.138133, 17.225933, 73.625241, 6.722481
294, 62.216733, 15.822967, 73.815463, 6.276273
295, 64.152600, 14.426567, 73.277682, 5.914586
296, 65.911967, 13.196267, 77.583229, 4.658515
297, 67.582433, 12.234067, 86.696486, -1.474383
298, 69.056100, 11.244367, 90.621092, -1.958767
299, 70.260133, 10.471767, 89.643865, -2.611400
300, 71.211033, 9.891767, 87.232142, -1.922570
301, 71.798467, 9.294933, 88.970400, -1.394654
302, 72.049500, 8.894700, 89.016513, -2.370964
303, 72.122000, 8.549833, 88.985947, -2.542449
304, 72.122167, 8.266267, 89.425527, -2.308758
305, 72.105467, 8.205733, 89.708935, -1.954537
306, 72.010167, 8.195667, 89.642441, -1.591744
307, 71.755167, 8.213000, 89.541054, -1.263143
308, 71.310233, 8.219500, 89.274784, -1.229046
309, 70.571067, 8.031167, 88.651649, -1.353248
310, 69.437000, 7.600833, 87.624657, -1.866084
311, 67.813967, 7.036633, 86.712138, -2.365779
312, 65.648968, 6.364233, 84.868392, -2.606692
313, 62.959735, 5.894400, 79.110965, -2.241889
314, 59.629833, 5.696400, 61.676029, -0.883879
315, 55.989899, 5.958600, 44.154665, -0.259130
316, 52.628734, 6.277233, 34.348253, -0.471761
317, 49.409566, 6.499600, 32.170852, 0.196109
318, 46.778100, 6.906633, 33.909881, -1.487659
319, 44.475933, 7.390033, 34.720515, -1.130622
320, 42.427199, 7.799000, 35.026474, -0.124964
321, 40.960200, 8.247567, 35.550586, 0.357933
322, 39.710533, 8.664233, 35.986350, 0.454891
323, 38.529633, 9.005467, 35.923155, 0.063943
324, 37.426767, 9.267933, 35.912168, 0.069960
325, 36.405567, 9.448567, 35.878337, -0.143356
326, 35.463167, 9.559233, 35.739028, -0.489145
327, 34.603233, 9.639667, 35.947893, -0.428870
328, 33.832500, 9.637800, 36.193025, -0.469781
329, 33.120467, 9.613667, 35.713508, -3.169064
330, 32.461133, 9.614633, 35.744899, -3.448994
331, 31.865500, 9.630400, 35.814348, -3.715191
332, 31.301267, 9.643300, 35.631590, -3.459489
333, 30.761533, 9.703267, 35.659225, -3.383083
334, 30.199233, 9.764867, 35.686936, -2.925619
335, 29.562067, 9.792833, 35.347583, -2.846339
336, 28.920433, 9.827533, 35.723882, -2.901264
337, 28.237467, 9.791800, 36.741836, -3.666802
338, 27.476267, 9.744100, 38.475096, -4.559871
339, 26.657633, 9.706300, 38.365641, -4.105478
340, 25.776933, 9.661333, 38.122578, -4.273866
341, 24.838100, 9.647033, 38.636799, -4.039334
342, 23.865167, 9.701500, 38.146103, -4.022860
343, 22.887700, 9.786200, 37.688673, -4.289627
344, 21.902000, 9.846933, 37.424988, -4.168179
345, 20.898733, 9.893533, 37.330213, -3.834188
346, 19.876033, 9.872633, 37.198315, -4.338144
347, 18.817900, 9.793900, 37.815678, -4.623034
348, 17.755467, 9.673667, 36.631321, -4.284197
349, 16.694600, 9.516433, 37.535708, -4.347182
350, 15.642967, 9.352400, 38.086298, -3.967787
351, 14.637733, 9.206933, 36.677322, -4.207981
352, 13.683567, 9.036267, 34.718881, -4.545086
353, 12.789367, 8.829833, 29.162522, -2.713264
354, 11.918667, 8.680667, 27.219377, -2.342245
355, 11.053000, 8.576900, 27.247737, -2.170846
356, 10.208500, 8.470700, 26.727304, -2.286996
357, 9.339833, 8.388767, 26.779858, -2.515379
358, 8.444500, 8.344167, 26.427059, -2.288065
359, 7.525667, 8.290867, 25.537813, -1.612317
360, 6.581833, 8.294133, 24.339208, -1.755247
361, 5.620100, 8.352133, 23.875276, -1.770535
362, 4.563467, 8.382200, 24.368433, -1.600181
363, 3.378233, 8.420367, 22.764518, -1.568576
364, 2.069733, 8.464800, 21.009980, -1.695654
365, 0.623833, 8.491567, 20.216973, -1.685678
366, -0.945233, 8.501533, 22.073407, -1.411497
367, -2.537033, 8.512500, 23.447981, -0.881494
368, -4.140433, 8.537867, 20.578043, -1.561990
369, -5.745733, 8.563433, 12.647314, -1.424935
370, -7.397833, 8.594967, 1.599889, -2.493840
371, -9.151633, 8.625300, -2.896854, -2.365364
372, -11.060933, 8.670967, -3.571283, -2.597359
373, -13.045533, 8.716233, -4.422062, -2.462069
374, -14.999766, 8.776200, -5.436863, -2.341914
375, -16.962567, 8.820467, -6.104426, -1.988119
376, -18.890433, 8.782500, -6.500600, -2.104435
377, -20.859900, 8.647900, -6.882798, -2.130038
378, -23.075099, 8.428033, -8.015465, -2.972249
379, -25.859665, 8.105667, -9.103418, -2.828259
380, -29.587597, 7.730000, -11.559185, -3.573314
381, -33.496400, 7.511650, -23.315585, -4.470599
382, -33.496400, 7.511650, -23.315585, -4.470599
383, -48.228600, 7.010700, -62.099775, -14.721162
384, -52.328300, 6.927600, -43.040062, -6.640170
385, -57.247650, 6.831200, -87.515947, -5.684277
386, -63.432670, 6.701433, -87.085571, -1.798922
387, -68.283467, 6.621900, -87.587015, -3.815308
388, -72.744136, 6.454400, -87.537775, -3.384343
389, -76.892699, 6.226867, -87.616084, -4.060382
390, -81.014436, 6.077367, -86.238402, -3.993594
391, -84.856233, 5.778600, -86.227924, -4.131094
392, -89.166926, 5.443175, -85.880717, -4.099592
393, -92.763350, 5.217150, -86.119262, -3.898392
394, -96.200794, 4.939200, -89.736626, -4.384168
395, -100.521735, 5.058533, -107.901600, -4.120825
396, -103.971267, 5.070133, -114.835619, -3.604887
397, -107.170800, 5.079767, -114.143406, -3.692718
398, -110.452733, 5.066267, -113.728271, -3.776192
399, -113.888865, 5.046867, -114.017243, -4.139246
400, -117.640800, 4.977167, -114.274202, -4.634101
401, -121.255635, 4.734467, -120.395583, -5.084553
402, -124.453201, 4.435167, -133.618791, -6.623616
403, -126.899834, 4.172100, -137.924762, -6.479651
404, -128.528234, 3.948067, -136.411678, -6.568549
405, -129.432100, 3.873300, -134.990864, -6.571017
406, -129.741600, 3.818433, -133.480384, -6.703103
407, -129.744850, 3.697000, -132.604326, -6.632782
408, -129.664075, 3.586400, -132.139344, -7.049861
409, -129.591133, 3.352067, -131.482825, -7.081635
410, -129.496567, 3.049833, -131.033685, -7.266574
411, -129.258133, 2.919300, -130.183975, -7.262482
412, -128.844433, 2.905667, -129.550764, -7.245644
413, -128.230567, 2.947100, -128.719392, -7.072106
414, -127.477700, 3.107433, -127.900107, -6.817293
415, -126.667133, 3.257567, -127.096094, -6.629344
416, -125.824667, 3.440567, -126.243156, -6.403147
417, -124.950633, 3.660833, -125.525058, -6.089072
418, -124.086200, 3.843600, -125.235524, -5.946609
419, -123.147600, 4.074233, -124.634133, -5.652124
420, -122.032967, 4.342300, -122.397877, -3.758287
421, -120.840667, 4.606033, -116.878466, 2.389802
422, -119.604133, 4.903233, -115.586870, 3.439468
423, -118.428533, 5.251933, -115.050976, 3.768310
424, -117.335300, 5.556367, -114.743642, 4.304401
425, -116.246933, 5.858167, -114.044038, 4.630182
426, -115.179733, 6.208833, -113.197888, 4.909680
427, -114.172467, 6.558333, -112.911450, 5.147433
428, -113.117133, 6.899233, -112.183168, 5.100833
429, -111.988767, 7.283400, -111.724536, 4.968232
430, -110.855733, 7.629133, -111.846130, 5.331820
431, -109.632700, 7.871500, -111.053560, 5.425182
432, -108.239633, 8.075467, -110.547618, 5.459097
433, -106.610367, 8.216100, -109.958052, 5.325796
434, -104.530001, 8.259833, -107.995676, 1.706599
435, -102.795300, 8.255900, -93.906454, -5.002899
436, -102.795300, 8.255900, -93.906454, -5.002899
437, -102.795300, 8.255900, -93.906454, -5.002899
438, -102.795300, 8.255900, -93.906454, -5.002899
439, -102.795300, 8.255900, -93.906454, -5.002899
440, -75.680500, 7.751700, -75.086448, -6.736973
441, -69.710200, 7.892000, -38.998277, 8.915263
442, -65.744930, 8.027767, -32.742285, 7.251947
443, -59.929098, 8.359000, -32.705195, 3.640340
444, -54.335029, 8.771500, -33.384293, 4.270764
445, -49.063131, 9.172667, -31.804023, 4.567554
446, -44.140430, 9.519267, -31.335721, 4.502262
447, -39.549300, 9.755067, -29.914101, 4.602349
448, -35.277564, 9.854400, -30.287050, 4.669096
449, -31.352000, 9.838933, -29.829157, 5.273746
450, -27.886133, 9.851800, -29.802622, 5.514759
451, -24.965965, 10.012033, -20.709797, 3.395830
452, -22.531733, 10.215333, -9.169633, 0.412813
453, -20.495400, 10.274567, -8.948771, 0.551907
454, -18.842167, 10.545400, -9.287190, 0.197219
455, -17.407733, 11.057200, -9.217736, 0.818172
456, -16.083967, 11.473000, -8.920010, 0.900402
457, -14.862500, 11.897300, -8.921479, 1.108125
458, -13.714200, 12.321100, -8.598090, 1.391939
459, -12.579167, 12.701467, -8.336462, 1.538307
460, -11.523100, 13.161500, -7.623917, 1.941997
461, -10.572767, 13.694867, -7.242071, 2.511880
462, -9.709433, 14.378500, -7.145320, 2.991098
463, -8.891233, 15.310867, -4.371525, 6.827097
464, -8.084833, 16.320033, 2.582910, 13.863908
465, -7.320400, 17.414000, 2.780977, 14.815127
466, -6.608633, 18.431167, 1.828227, 14.458137
467, -5.929033, 19.526267, 1.924889, 15.183560
468, -5.260300, 20.660167, 1.995679, 15.721292
469, -4.627967, 21.725533, 2.330690, 15.867028
470, -4.048900, 22.961200, 2.552739, 16.495690
471, -3.540400, 24.022967, 3.009020, 16.273332
472, -3.111233, 25.081433, 3.112668, 17.050983
473, -2.717767, 26.121433, 5.307975, 24.246413
474, -2.402300, 27.099267, 6.570988, 31.304095
475, -2.167933, 28.071867, 5.769816, 32.220410
476, -1.870833, 28.822533, 5.734948, 32.244220
477, -1.494900, 29.549833, 6.107958, 32.429950
478, -1.107900, 30.139700, 6.638064, 32.280392
479, -0.691600, 30.551000, 7.025214, 32.056668
480, -0.192267, 30.951867, 7.158824, 31.915942
481, 0.353700, 31.233167, 7.173091, 32.026438
482, 0.919767, 31.474067, 7.284877, 32.126013
483, 1.545600, 31.754233, 7.361801, 31.678677
484, 2.226133, 31.946500, 7.466240, 31.801914
485, 2.986967, 32.073767, 8.218685, 31.537183
486, 3.911367, 32.240100, 19.603609, 30.396914
487, 4.992367, 32.305367, 27.237424, 29.819947
488, 6.212567, 32.314433, 27.478538, 29.526217
489, 7.546500, 32.387900, 26.951191, 29.557965
490, 9.012533, 32.379400, 27.151432, 29.502455
491, 10.718500, 32.425567, 29.026313, 29.896796
492, 12.682366, 32.479000, 30.282079, 29.506264
493, 14.823933, 32.471600, 31.471930, 29.394700
494, 17.027333, 32.507333, 32.707389, 29.279154
495, 19.205834, 32.493267, 32.886630, 29.904006
496, 21.189667, 32.488067, 31.542709, 29.568320
497, 22.997967, 32.566833, 30.674959, 29.357110
498, 24.612067, 32.534467, 31.266682, 29.006803
499, 25.930534, 32.548233, 30.796185, 29.048483
500, 26.958300, 32.770233, 30.828624, 29.221380
501, 27.636567, 33.020833, 30.952274, 29.508131
502, 27.914733, 33.435333, 30.603240, 29.826149
503, 27.870767, 34.001767, 30.235646, 30.466959
504, 27.508433, 34.516733, 29.779156, 30.907264
505, 26.925433, 35.075400, 29.206810, 31.554332
506, 26.260733, 35.512267, 28.593662, 31.384493
507, 25.524033, 35.726400, 28.354752, 31.286598
508, 24.819533, 35.894233, 28.354667, 31.447550
509, 24.181167, 35.968267, 28.229818, 31.381672
510, 23.536900, 35.981133, 28.098164, 31.310491
511, 22.864433, 36.029533, 28.028654, 31.254363
512, 22.035767, 36.120600, 25.513721, 35.654724
513, 20.949767, 36.355767, 13.796656, 43.917168
514, 19.734900, 36.554633, 0.817439, 44.632826
515, 18.578100, 36.749300, -0.541525, 44.395856
516, 17.580800, 37.019867, 1.094345, 43.795598
517, 16.814300, 37.213833, 3.400906, 43.066279
518, 16.118700, 37.339867, 3.580519, 43.728602
519, 15.448933, 37.477267, 3.351762, 43.801261
520, 14.768700, 37.506233, 2.756558, 44.108648
521, 14.057433, 37.556667, 3.050613, 44.186227
522, 13.350033, 37.612800, 3.665273, 43.964900
523, 12.693733, 37.565533, 4.546906, 43.382844
524, 12.059900, 37.525000, 5.502677, 42.971335
525, 11.502167, 37.457033, 5.024120, 42.452986
526, 10.960500, 37.360133, 4.725286, 42.129229
527, 10.485333, 37.239633, -0.364463, 39.402689
528, 10.048767, 37.111500, -0.238247, 39.294232
529, 9.599333, 36.959767, -0.302844, 38.872915
530, 9.144733, 36.796233, -0.399801, 38.734669
531, 8.645933, 36.628833, -0.549827, 38.566935
532, 8.092867, 36.430500, -1.322676, 38.034333
533, 7.526733, 36.197167, -1.263329, 37.892091
534, 6.935800, 35.902367, -0.951056, 37.725919
535, 6.351267, 35.548767, -0.187270, 37.211767
536, 5.781500, 35.094100, -0.066014, 36.763789
537, 5.248700, 34.456567, -0.048823, 36.271197
538, 4.667300, 33.659233, 0.172025, 35.769887
539, 3.997700, 32.686900, 0.014532, 33.253864
540, 3.320167, 31.470333, -2.874728, 18.478162
541, 2.634933, 30.046300, -1.789448, 7.653424
542, 1.944667, 28.518667, 0.159007, 1.582444
543, 1.319667, 26.885100, 0.458518, 0.547426
544, 0.755333, 25.207633, 0.391689, 0.289408
545, 0.286567, 23.492467, 0.324818, -1.025572
546, -0.085500, 21.705133, 0.584953, -0.070539
547, -0.445600, 19.841633, 1.467508, 0.006188
548, -0.751033, 17.934867, 1.419941, -0.515062
549, -1.007233, 15.896367, 2.592525, -1.639734
550, -1.267200, 13.672700, 7.539720, -8.291847
551, -1.440333, 11.297034, 11.260233, -16.571981
552, -1.570033, 8.788133, 11.851074, -16.992914
553, -1.677433, 6.257033, 11.772897, -17.512809
554, -1.800800, 3.893333, 11.966313, -17.060350
555, -1.991267, 1.780033, 12.169834, -17.165327
556, -2.274467, -0.015941, 12.299813, -16.630590
557, -2.626167, -1.532975, 11.687953, -16.381016
558, -3.019200, -2.922814, 11.848509, -16.232095
559, -3.507967, -4.004015, 11.520340, -16.216802
560, -4.050600, -4.819591, 11.927626, -16.708794
561, -4.619667, -5.473920, 11.773341, -15.898916
562, -5.184967, -5.894008, 11.420842, -15.242853
563, -5.722967, -6.157830, 11.486085, -15.297641
564, -6.186733, -6.346309, 8.440983, -18.001455
565, -6.589967, -6.464211, 7.246867, -21.110814
566, -6.973600, -6.574796, 7.368373, -20.913209
567, -7.353900, -6.670333, 7.125412, -20.881833
568, -7.732067, -6.743174, 7.108859, -20.822288
569, -8.141400, -6.818213, 7.071585, -20.785621
570, -8.559200, -6.880539, 7.305230, -20.572091
571, -8.999300, -6.965532, 7.345428, -20.539054
572, -9.448367, -7.054986, 7.539296, -20.456958
573, -9.914967, -7.132847, 7.702740, -20.198151
574, -10.385700, -7.185048, 7.072257, -20.202704
575, -10.892000, -7.197262, 6.734114, -20.280481
576, -11.456333, -7.180893, 6.980195, -20.083319
577, -12.068767, -7.170352, 6.343312, -20.127530
578, -12.733267, -7.161851, 5.666869, -20.318979
579, -13.514200, -7.215595, 5.587705, -20.458507
580, -14.419367, -7.334152, 5.469424, -20.605319
581, -15.472600, -7.483678, -3.279627, -27.160262
582, -16.673433, -7.808449, -12.473275, -34.335513
583, -18.026800, -8.271223, -14.327969, -35.198484
584, -19.559500, -8.794485, -14.933658, -36.038785
585, -21.292933, -9.420198, -14.946355, -36.080760
586, -23.167567, -10.211204, -15.983542, -36.364114
587, -25.166500, -11.216630, -17.048794, -37.207523
588, -27.266133, -12.399220, -16.394070, -35.749980
589, -29.394700, -13.725510, -17.110526, -36.599288
590, -31.547267, -15.084603, -18.872169, -37.832846
591, -33.675067, -16.425427, -17.263404, -36.197935
592, -35.875133, -17.731463, -17.641438, -37.569628
593, -38.148667, -18.896070, -19.040900, -38.420195
594, -40.484166, -20.033813, -28.929768, -41.600433
595, -42.981067, -21.069437, -40.853954, -47.815572
596, -45.458233, -21.948353, -47.052275, -49.721912
597, -47.905300, -22.791880, -49.096801, -49.654295
598, -50.239834, -23.382283, -46.705553, -49.668261
599, -52.484833, -23.725003, -47.023378, -48.864978
600, -53.954200, -23.947500, -47.811369, -48.483900
