1, -27.046567, 2.069400, -27.922950, -3.004281
2, -26.830200, 2.098300, -27.743034, -2.975430
3, -26.864400, 2.095367, -27.724194, -3.027680
4, -26.897300, 2.044700, -27.738042, -3.154954
5, -26.905167, 2.007000, -27.766869, -3.204408
6, -26.895533, 1.991500, -27.812003, -3.211349
7, -26.889767, 2.005800, -27.815517, -3.182614
8, -26.870900, 2.001500, -27.811204, -3.244593
9, -26.846467, 1.977567, -27.771843, -3.239941
10, -26.828900, 1.962533, -27.674016, -3.360733
11, -26.828367, 1.976467, -27.664792, -3.346809
12, -26.831433, 1.979300, -27.651679, -3.333079
13, -26.846133, 1.953400, -27.717759, -3.351916
14, -26.833433, 1.895567, -27.695357, -3.488477
15, -26.808167, 1.829367, -27.541967, -2.983548
16, -26.777933, 1.774300, -22.969273, -15.967901
17, -26.745567, 1.743233, -28.345799, -15.778640
18, -26.681067, 1.741767, -23.162707, -7.624327
19, -26.583067, 1.769167, -23.380922, -3.551253
20, -26.452433, 1.801033, -24.043079, -3.952836
21, -26.316567, 1.835033, -24.383087, -3.847608
22, -26.164033, 1.901233, -23.887360, -3.501742
23, -25.970800, 1.973050, -23.547464, -3.755778
24, -25.605300, 2.067867, -23.362257, -3.613353
25, -24.932267, 2.190933, -22.951323, -4.760033
26, -23.894600, 2.314650, -11.639503, -13.161316
27, -22.083150, 2.478950, -21.893846, 3.172648
28, -20.419267, 2.552300, -4.222561, -15.795271
29, -18.224167, 2.616667, 19.209351, 4.553385
30, -15.895833, 2.672400, 11.762901, 0.482905
31, -13.635200, 2.692933, 14.402376, 0.862018
32, -11.591533, 2.608600, 10.975175, 0.994288
33, -9.774866, 2.463700, 13.043866, 0.630875
34, -8.211333, 2.286767, 11.855955, 0.187023
35, -6.893400, 2.112300, 12.950697, 0.619693
36, -5.785400, 1.959700, 13.319978, -0.266863
37, -4.843500, 1.871167, 11.445605, -0.963224
38, -3.959433, 1.910800, 10.603717, -0.517063
39, -3.088433, 1.983400, 9.155057, -0.230345
40, -2.266667, 2.048100, 8.724081, -0.886873
41, -1.427633, 2.162233, 8.101873, -1.820536
42, -0.567067, 2.296800, 7.750621, -2.304243
43, 0.311600, 2.451167, 7.682845, -2.609729
44, 1.306967, 2.654267, 8.481548, -2.364210
45, 2.447333, 2.905967, 18.666263, 1.867449
46, 3.310800, 3.100800, 28.980462, -8.246914
47, 3.310800, 3.100800, 28.980462, -8.246914
48, 3.310800, 3.100800, 28.980462, -8.246914
49, 8.442167, 3.758633, 12.028918, -3.486076
50, 9.900500, 3.829633, 24.634974, -8.358313
51, 11.188833, 3.844100, 30.312613, 4.814598
52, 12.226167, 3.800000, 28.896331, 2.710403
53, 13.021900, 3.687600, 27.659105, 2.344665
54, 13.595800, 3.548967, 26.941897, 1.867335
55, 14.012100, 3.457333, 26.600502, 1.502996
56, 14.316800, 3.390833, 26.145572, 1.197010
57, 14.566000, 3.330000, 25.952536, 1.021647
58, 14.805600, 3.289700, 25.856805, 0.938494
59, 15.130033, 3.321833, 25.895081, 0.855924
60, 15.696467, 3.439633, 26.072053, 0.961306
61, 16.446267, 3.525967, 26.428914, 1.062911
62, 17.211933, 3.554867, 26.146935, 0.393138
63, 17.888533, 3.536500, 26.238359, -0.390886
64, 18.476100, 3.495833, 26.348391, -0.569307
65, 18.971167, 3.474900, 26.463182, -0.961078
66, 19.393167, 3.451867, 26.117804, -1.093170
67, 19.763900, 3.396433, 25.910455, -1.129899
68, 20.095467, 3.336767, 25.822185, -1.118096
69, 20.428633, 3.293067, 26.073154, -1.261428
70, 20.764200, 3.251700, 25.295006, -2.107806
71, 21.103867, 3.180400, 25.092976, -2.048119
72, 21.471200, 3.145267, 25.263288, -2.021379
73, 21.858000, 3.197133, 25.630588, -2.323953
74, 22.263967, 3.251133, 25.641589, -2.294353
75, 22.680667, 3.269267, 25.572585, -2.231515
76, 23.095133, 3.261767, 25.708560, -2.752823
77, 23.504300, 3.248533, 25.706075, -2.820106
78, 23.904367, 3.219600, 25.812407, -2.719906
79, 24.262733, 3.220333, 25.779090, -2.585404
80, 24.562467, 3.265600, 25.534206, -2.487159
81, 24.780167, 3.382867, 25.340039, -2.371609
82, 24.905367, 3.546967, 25.162012, -2.195956
83, 25.060067, 3.688733, 25.539489, -1.848840
84, 25.228367, 3.740700, 28.059030, 0.834533
85, 25.449900, 3.693100, 28.500520, 0.282243
86, 25.715900, 3.674300, 28.701021, 0.451845
87, 26.028100, 3.664600, 28.867093, 0.620130
88, 26.357100, 3.644300, 29.006775, 0.551602
89, 26.698533, 3.607333, 29.004145, 0.282071
90, 27.072367, 3.565300, 29.189823, 0.410474
91, 27.425233, 3.529433, 29.115060, 0.414314
92, 27.746800, 3.495167, 29.077660, 0.190167
93, 28.061600, 3.464367, 29.200918, 0.241161
94, 28.379033, 3.471367, 29.373806, 0.236806
95, 28.706700, 3.504067, 29.498576, 0.132984
96, 29.068767, 3.516800, 29.683870, -0.013522
97, 29.462633, 3.532467, 29.649516, -0.086117
98, 29.877500, 3.574033, 29.757211, 0.008423
99, 30.311100, 3.624167, 29.901061, 0.190340
100, 30.751833, 3.682400, 29.946416, 0.141752
101, 31.199800, 3.704567, 30.183907, 0.202830
102, 31.642733, 3.682900, 30.230846, -0.024809
103, 32.077333, 3.668067, 30.384006, -0.186213
104, 32.487867, 3.692500, 30.086862, -0.208616
105, 32.874767, 3.682300, 30.190729, -0.175384
106, 33.239000, 3.614567, 30.347832, -0.201741
107, 33.582267, 3.568433, 30.562435, -0.275195
108, 33.941867, 3.528633, 30.524324, -0.356558
109, 34.340333, 3.508700, 31.074832, 0.125593
110, 34.776067, 3.484667, 31.163554, 0.106743
111, 35.243700, 3.453700, 31.340705, 0.140032
112, 35.714967, 3.422967, 31.635576, 0.120609
113, 36.160500, 3.373000, 31.580266, 0.106456
114, 36.578467, 3.306833, 31.676531, -0.092362
115, 36.947300, 3.256267, 31.740587, -0.097519
116, 37.258833, 3.226467, 31.434267, -0.137799
117, 37.479767, 3.254800, 27.557629, -0.642127
118, 37.625867, 3.324267, 24.071059, -0.188873
119, 37.719933, 3.369300, 25.036353, -0.959849
120, 37.738333, 3.376133, 25.199977, -1.261308
121, 37.707167, 3.397833, 25.457205, -1.150750
122, 37.619233, 3.421900, 26.022799, -0.917416
123, 37.507933, 3.410833, 25.910585, -0.993800
124, 37.367067, 3.388700, 25.803280, -1.081819
125, 37.200600, 3.350967, 25.664971, -1.104108
126, 37.007567, 3.324967, 25.530309, -1.203029
127, 36.799000, 3.317467, 25.188282, -1.238937
128, 36.581633, 3.288800, 24.508578, -1.227382
129, 36.348733, 3.232433, 24.450685, -1.176834
130, 36.110200, 3.198200, 24.397724, -0.999412
131, 35.885800, 3.206267, 24.392467, -0.810315
132, 35.696200, 3.272133, 25.155720, -0.892643
133, 35.599400, 3.351333, 33.356901, -2.269622
134, 35.571367, 3.415567, 37.610913, -2.706092
135, 35.618500, 3.479233, 37.823430, -2.226746
136, 35.720267, 3.576333, 38.384884, -2.799546
137, 35.915500, 3.734433, 39.479882, -2.202245
138, 36.260167, 3.934833, 44.313984, -6.788236
139, 36.825900, 4.138600, 39.194438, -6.433484
140, 37.481100, 4.228233, 58.994257, 1.034874
141, 38.043900, 4.169800, 65.473318, 3.824180
142, 38.413700, 3.994600, 66.240582, 2.301577
143, 38.637333, 3.839633, 63.717623, 2.444981
144, 38.796933, 3.714867, 62.017293, 1.373700
145, 38.935400, 3.597600, 61.215962, 1.097591
146, 39.092333, 3.522800, 60.218038, 0.883218
147, 39.300767, 3.448767, 57.951649, 0.941359
148, 39.538067, 3.397267, 56.563317, 0.621622
149, 39.778167, 3.313600, 55.320324, 0.115800
150, 39.992033, 3.225967, 53.315003, -0.945278
151, 40.140933, 3.167833, 51.703871, -1.033559
152, 40.254167, 3.073567, 49.935897, -1.264406
153, 40.294700, 2.947033, 48.721370, -1.776201
154, 40.259367, 2.818900, 47.620212, -2.276239
155, 40.188467, 2.712900, 46.695375, -2.800684
156, 40.102033, 2.640267, 45.812713, -3.318813
157, 40.013600, 2.572567, 45.044386, -3.044553
158, 39.942133, 2.545733, 44.395257, -2.585813
159, 39.903367, 2.586667, 43.850746, -2.885400
160, 39.909767, 2.693767, 43.223006, -2.795987
161, 39.964300, 2.842600, 42.030196, -2.520488
162, 40.070100, 3.021367, 41.081872, -2.253585
163, 40.200700, 3.165867, 40.672063, -2.282892
164, 40.333567, 3.271333, 39.962235, -2.288433
165, 40.468500, 3.351067, 39.534837, -2.436751
166, 40.606533, 3.418933, 39.221664, -2.583281
167, 40.753800, 3.481967, 39.016871, -2.698386
168, 40.922167, 3.505767, 38.865739, -2.472503
169, 41.142667, 3.464833, 38.617909, -2.505218
170, 41.381667, 3.434700, 38.184020, -2.485086
171, 41.657333, 3.416767, 37.970656, -2.058250
172, 41.940067, 3.406367, 37.810766, -2.161223
173, 42.231433, 3.424400, 37.715116, -2.084442
174, 42.544400, 3.472167, 37.363359, -2.101447
175, 42.917133, 3.578700, 41.802305, 1.510101
176, 43.328100, 3.751100, 47.010529, 5.407465
177, 43.804833, 3.893433, 48.664077, 7.285738
178, 44.307900, 3.986333, 48.533322, 7.046273
179, 44.906925, 4.038650, 48.774775, 7.058295
180, 45.423600, 4.072650, 49.012470, 6.917697
181, 45.946600, 4.086600, 48.924744, 6.820873
182, 46.564467, 4.093567, 48.956715, 6.589054
183, 47.097633, 4.077500, 48.747409, 6.499888
184, 47.619100, 4.049967, 48.700363, 6.553122
185, 48.159733, 4.054800, 48.833317, 6.637629
186, 48.697433, 4.087000, 48.758825, 6.674019
187, 49.210733, 4.170967, 48.924260, 6.453196
188, 49.717933, 4.283333, 52.933862, 5.389798
189, 50.232367, 4.388600, 62.450742, 3.757398
190, 50.753600, 4.469100, 66.665926, 0.996354
191, 51.276000, 4.468300, 65.112850, 0.568250
192, 51.811400, 4.408500, 65.296065, 0.075519
193, 52.393400, 4.278700, 64.853358, -0.187074
194, 53.007167, 4.100067, 64.122144, -0.026644
195, 53.643300, 3.972133, 64.224304, 0.308144
196, 54.330667, 3.886033, 64.386128, 0.476311
197, 55.063967, 3.819667, 63.848290, 0.089784
198, 55.825500, 3.771233, 63.634079, -0.422168
199, 56.612200, 3.760333, 63.779892, -1.157757
200, 57.389900, 3.799633, 63.769678, -1.235761
201, 58.111333, 3.913200, 58.759678, 1.409161
202, 58.760933, 4.021900, 52.950040, 4.687848
203, 59.310667, 4.112033, 51.512525, 5.345986
204, 59.733267, 4.189833, 51.492253, 5.148180
205, 60.047267, 4.243267, 51.236096, 5.161201
206, 60.255767, 4.253367, 51.291506, 5.140776
207, 60.352567, 4.149300, 51.152544, 4.797815
208, 60.339133, 3.902133, 50.850241, 4.470380
209, 60.253367, 3.704367, 50.806707, 4.464677
210, 60.141467, 3.631667, 50.678400, 4.850473
211, 59.953400, 3.594900, 50.463707, 5.285338
212, 59.667367, 3.582500, 50.166528, 5.292589
213, 59.222267, 3.597267, 49.769751, 6.759214
214, 58.475700, 3.613567, 49.082467, 7.456719
215, 57.427800, 3.511667, 46.519120, 8.042987
216, 56.207933, 3.410067, 46.584551, 7.570204
217, 54.894600, 3.428000, 43.639642, 8.461079
218, 53.463700, 3.512300, 42.562616, 8.311362
219, 51.972333, 3.634033, 43.225126, 7.847245
220, 50.444300, 3.777300, 43.182044, 7.762106
221, 48.933633, 3.899967, 42.820238, 7.879404
222, 47.505067, 4.048033, 42.726900, 7.999061
223, 46.183133, 4.139767, 42.510216, 7.820771
224, 44.967000, 4.169267, 43.053259, 7.527980
225, 43.862100, 4.181800, 42.633736, 7.197973
226, 42.873600, 4.116700, 42.163740, 7.156352
227, 42.018033, 3.980100, 42.021153, 6.879473
228, 41.214533, 3.856733, 41.851109, 6.772386
229, 40.432967, 3.770367, 41.807595, 6.716473
230, 39.643833, 3.733800, 41.548619, 6.453613
231, 38.793533, 3.709167, 41.611370, 6.832804
232, 37.881333, 3.641700, 42.361039, 6.931484
233, 36.936667, 3.573800, 42.521227, 7.150839
234, 35.924100, 3.515700, 42.428196, 7.234297
235, 34.907500, 3.472667, 43.159853, 8.084678
236, 33.903367, 3.448600, 42.777055, 8.242143
237, 32.864767, 3.482900, 42.327753, 7.746499
238, 31.924633, 3.691033, 37.992612, 5.156280
239, 30.922800, 4.130067, 30.617895, -9.415454
240, 29.414300, 4.469567, 19.625534, -11.519937
241, 27.652933, 4.484667, 6.876249, 5.397021
242, 25.707333, 4.347633, 3.579056, 4.351274
243, 23.649233, 4.236767, 1.115248, 2.658317
244, 21.712467, 4.234900, 2.340717, 2.530413
245, 19.916800, 4.354967, 1.632788, 3.017868
246, 18.230500, 4.434167, 0.464557, 3.214687
247, 16.756100, 4.452633, 0.259043, 2.018239
248, 15.502233, 4.449367, 1.517074, 1.876016
249, 14.445300, 4.396800, 1.950150, 1.727583
250, 13.571633, 4.323900, 2.607390, 1.212310
251, 12.875467, 4.237233, 3.349226, 1.257837
252, 12.351133, 4.158833, 3.562311, 1.647917
253, 11.974833, 4.060867, 3.702119, 1.612189
254, 11.771900, 3.932367, 4.012358, 1.588631
255, 11.715600, 3.780233, 4.396028, 1.430156
256, 11.806600, 3.686667, 2.751818, 0.005904
257, 11.989800, 3.658200, 2.072169, -0.738741
258, 12.195033, 3.613700, 2.877660, -0.853239
259, 12.385033, 3.537900, 3.058462, -0.938560
260, 12.592100, 3.481267, 3.168663, -0.956209
261, 12.811467, 3.474533, 3.214884, -0.863717
262, 13.015167, 3.469800, 3.091809, -1.075516
263, 13.170633, 3.445033, 2.949951, -0.944060
264, 13.282867, 3.393667, 2.894198, -0.905492
265, 13.373267, 3.346433, 1.838235, -1.147794
266, 13.452300, 3.273067, 1.509191, -1.402820
267, 13.526400, 3.206167, 1.835398, -1.900086
268, 13.555033, 3.163867, 1.918199, -2.093670
269, 13.566233, 3.126700, 1.700247, -2.213860
270, 13.584100, 3.104300, 0.440321, -2.047921
271, 13.597500, 3.091600, 0.462287, -2.069420
272, 13.632400, 3.109333, 1.328615, -2.212295
273, 13.680267, 3.131100, 1.822676, -2.270793
274, 13.743900, 3.145133, 1.806953, -2.174920
275, 13.825800, 3.127767, 1.884215, -2.171929
276, 13.924767, 3.085333, 1.646167, -2.167483
277, 14.028200, 3.035700, 1.530483, -2.244245
278, 14.144600, 2.981567, 1.587951, -2.238394
279, 14.268200, 2.930167, 1.758540, -2.229215
280, 14.395333, 2.895200, 2.232604, -2.314844
281, 14.522000, 2.863933, 2.418544, -2.078579
282, 14.651600, 2.835633, 1.436151, -0.721515
283, 14.770233, 2.823067, 1.761646, -0.507197
284, 14.881000, 2.827833, 1.912063, -0.480953
285, 14.968100, 2.824967, 1.959875, -0.501292
286, 15.029933, 2.813867, 1.925493, -0.525818
287, 15.070367, 2.805100, 1.814949, -0.520428
288, 15.086833, 2.791133, 1.748518, -0.527880
289, 15.115233, 2.758367, 1.749599, -0.518710
290, 15.170233, 2.704500, 1.733497, -0.555839
291, 15.256933, 2.628167, 1.803983, -0.619789
292, 15.387933, 2.575267, 1.954091, -0.669925
293, 15.578767, 2.540967, 2.124188, -0.622652
294, 15.820667, 2.526467, 2.224708, -0.490462
295, 16.142333, 2.518800, 2.247261, -0.331347
296, 16.580067, 2.543600, 3.547902, -0.484219
297, 17.189333, 2.580767, 9.736418, -0.831642
298, 18.036300, 2.597267, 17.906656, -1.904329
299, 19.087767, 2.542633, 20.093023, -1.609796
300, 20.246000, 2.408267, 20.687206, -1.930327
301, 21.436467, 2.306033, 21.660964, -1.756745
302, 22.650500, 2.257833, 21.248197, -1.207116
303, 23.911133, 2.224200, 21.757046, -1.019586
304, 25.272833, 2.215333, 22.262724, -0.987898
305, 26.811166, 2.245033, 23.886687, -1.010846
306, 28.678766, 2.345133, 33.419188, -0.065666
307, 30.915466, 2.450633, 50.039054, -4.672055
308, 33.416533, 2.522800, 53.896882, -17.287891
309, 36.113933, 2.574333, 61.969796, -4.110822
310, 38.903233, 2.570767, 66.542111, 3.033174
311, 41.758333, 2.613400, 69.729766, 2.235759
312, 44.660067, 2.694233, 68.272812, 1.889323
313, 47.601367, 2.772067, 68.171321, 1.483935
314, 50.518434, 2.815033, 69.626873, 0.981315
315, 53.302734, 2.862867, 67.964665, 1.650463
316, 55.923733, 2.995267, 65.492759, 0.043664
317, 58.333700, 3.204233, 65.064797, -1.126271
318, 60.447267, 3.481700, 64.366428, -1.251543
319, 62.296800, 3.871000, 64.389568, -1.385358
320, 63.916500, 4.240733, 65.403422, -1.389292
321, 65.301233, 4.601767, 79.899961, -0.848279
322, 66.627033, 4.985700, 93.129189, -1.370547
323, 68.035100, 5.317767, 99.437600, -1.125185
324, 69.540533, 5.601667, 98.745613, -1.697290
325, 71.065567, 5.998667, 99.014168, -1.191523
326, 72.508000, 6.573300, 99.184117, -1.412432
327, 73.830267, 7.069800, 99.590021, -1.770217
328, 74.998233, 7.448400, 99.382838, -2.150814
329, 75.942533, 7.745767, 98.596614, -2.109522
330, 76.728467, 7.962333, 96.772140, -2.172259
331, 77.252200, 8.118567, 95.736681, -2.285487
332, 77.531000, 8.280967, 94.646556, -2.252453
333, 77.643967, 8.390233, 94.254969, -2.519462
334, 77.569200, 8.451533, 94.132582, -2.607780
335, 77.395533, 8.502967, 93.740975, -2.596025
336, 77.229333, 8.427067, 93.288120, -2.813480
337, 77.230200, 8.394133, 93.989273, -2.783259
338, 77.387433, 8.384267, 101.597131, 1.762274
339, 77.672533, 8.345000, 103.539191, 3.600117
340, 78.006233, 8.253300, 104.343361, 3.283346
341, 78.341233, 8.174200, 104.129938, 3.601273
342, 78.672233, 8.087600, 103.871553, 3.774445
343, 78.996467, 8.045667, 102.872250, 4.026411
344, 79.339700, 7.988833, 102.713360, 3.885315
345, 79.777067, 7.857700, 103.197773, 3.711019
346, 80.383400, 7.706033, 103.172387, 3.353413
347, 81.206367, 7.509000, 102.701387, 3.996475
348, 82.229467, 7.289067, 88.104027, -5.629351
349, 83.477867, 7.059667, 98.663218, 7.248018
350, 84.868800, 6.769133, 100.083955, 8.714069
351, 86.525400, 6.303500, 101.688344, 10.413157
352, 88.309700, 5.359967, 104.316658, 10.723601
353, 90.057927, 4.109700, 103.506711, 9.666120
354, 91.968461, 2.927833, 107.536516, 11.008741
355, 93.824932, 1.760000, 107.433542, 10.836329
356, 95.526580, 0.564467, 107.865943, 10.327654
357, 96.910372, -0.661511, 107.506855, 9.462741
358, 97.976285, -1.900605, 107.535317, 10.161748
359, 98.731355, -3.008564, 110.638370, 5.106044
360, 99.296802, -3.869007, 112.004405, -1.740599
361, 99.706238, -4.655259, 110.530339, -4.770212
362, 99.893773, -5.336641, 109.706596, -5.044859
363, 99.999706, -5.869729, 109.376808, -5.639872
364, 100.007118, -6.276642, 109.145524, -5.471879
365, 99.960174, -6.628731, 108.978400, -5.665749
366, 99.880624, -6.930730, 108.875033, -5.595047
367, 99.741990, -7.139662, 108.431654, -5.509785
368, 99.661669, -7.230497, 108.150698, -5.686203
369, 99.588679, -7.186543, 107.920631, -5.348595
370, 99.496119, -7.054128, 107.908417, -4.748140
371, 99.415976, -6.910219, 107.880034, -4.494119
372, 99.327199, -6.820451, 107.799461, -4.431712
373, 99.229188, -6.749944, 107.745990, -4.452407
374, 99.191634, -6.724799, 108.061881, -4.447929
375, 99.169260, -6.775069, 108.012403, -4.493735
376, 99.165665, -6.845826, 107.957278, -4.604372
377, 99.184947, -6.972655, 108.072431, -4.781008
378, 99.189372, -7.099522, 111.505056, -5.327228
379, 99.210565, -7.169464, 111.660010, -5.570052
380, 99.210104, -7.209279, 110.999765, -6.099649
381, 99.135827, -7.288615, 110.939314, -6.165963
382, 98.975375, -7.277511, 110.739669, -6.114486
383, 98.807922, -7.164770, 110.709001, -5.844294
384, 98.698882, -7.097507, 110.713221, -5.548040
385, 98.675837, -7.071721, 110.896935, -5.577253
386, 98.707585, -7.060367, 112.038036, -4.110243
387, 98.736626, -7.006271, 112.382371, -3.503814
388, 98.757833, -6.922779, 112.570863, -3.437383
389, 98.717692, -6.907249, 112.439867, -3.533587
390, 98.638523, -6.931718, 112.353195, -3.634398
391, 98.533709, -6.952403, 111.964285, -4.100330
392, 98.425534, -6.977467, 111.743612, -4.295926
393, 98.357955, -7.037315, 111.746284, -4.374416
394, 98.337231, -7.085973, 111.737099, -4.346778
395, 98.343974, -7.143031, 111.767672, -4.306370
396, 98.336756, -7.201540, 111.739672, -4.198015
397, 98.306873, -7.250035, 111.775774, -4.195760
398, 98.257330, -7.269960, 112.128162, -4.083269
399, 98.201468, -7.285351, 112.453038, -3.869944
400, 98.175165, -7.304750, 112.239674, -4.085986
401, 98.131944, -7.311672, 109.414646, -6.635049
402, 98.088915, -7.297253, 105.533695, -9.917994
403, 98.030117, -7.339067, 105.034974, -10.516380
404, 97.955755, -7.347444, 105.138781, -10.596350
405, 97.907814, -7.296573, 105.171118, -10.403470
406, 97.835019, -7.301808, 105.139048, -10.389100
407, 97.763520, -7.323288, 105.112402, -10.349767
408, 97.708905, -7.338147, 105.381434, -9.887225
409, 97.692735, -7.363941, 105.511919, -9.991766
410, 97.684345, -7.359496, 104.495323, -10.173870
411, 97.690794, -7.354433, 96.713844, -11.074378
412, 97.653196, -7.410049, 93.436224, -10.977734
413, 97.614731, -7.415312, 92.864932, -11.004736
414, 97.548810, -7.410867, 92.700973, -11.139898
415, 97.444962, -7.392587, 92.666359, -11.191980
416, 97.330895, -7.378914, 92.554040, -11.203819
417, 97.168930, -7.406811, 91.861829, -11.025386
418, 97.059007, -7.417955, 90.388772, -10.568007
419, 97.020127, -7.494727, 90.001515, -10.410585
420, 96.907157, -7.540730, 89.847845, -10.513004
421, 96.716801, -7.474678, 89.773528, -10.456486
422, 96.414218, -7.374205, 89.591378, -10.333166
423, 95.934141, -7.116471, 89.007150, -10.613680
424, 95.468383, -6.618772, 88.523953, -10.710801
425, 95.167002, -6.209917, 87.927550, -10.734257
426, 95.046303, -5.981470, 88.414498, -10.824632
427, 95.018149, -5.951657, 88.635426, -11.064797
428, 95.012859, -5.954093, 89.148744, -11.651552
429, 95.012525, -5.953147, 90.057977, -15.830321
430, 94.998683, -5.986971, 90.149328, -17.617581
431, 94.928245, -6.050738, 90.180722, -17.808138
432, 94.825108, -6.144176, 89.926333, -17.824595
433, 94.706371, -6.272394, 89.985185, -17.934902
434, 94.605236, -6.353118, 90.095228, -17.851583
435, 94.497292, -6.439127, 90.271179, -17.931121
436, 94.303273, -6.512444, 90.102038, -17.654034
437, 93.954436, -6.489098, 89.884704, -17.510375
438, 93.281065, -6.445585, 89.241800, -17.077050
439, 92.034798, -6.186285, 87.409034, -17.227199
440, 89.618691, -5.148170, 74.764967, -10.736548
441, 87.171400, -4.135662, 67.098383, -13.026991
442, 80.593866, -2.159240, 48.515852, -6.435040
443, 75.320967, -0.748538, 39.897502, -1.783821
444, 70.107266, 0.640867, 30.439188, -1.923925
445, 65.004198, 1.862100, 25.498526, -3.078276
446, 60.039265, 3.012400, 24.750256, -1.328016
447, 55.284033, 3.985900, 25.466859, -2.000013
448, 50.622965, 4.715433, 26.649063, -1.759577
449, 46.120032, 5.371533, 26.146502, -1.551157
450, 41.954766, 5.898367, 28.832961, -2.814180
451, 38.121131, 6.400767, 26.916155, -2.640476
452, 34.915031, 6.742567, 18.369063, 0.206972
453, 32.212600, 6.820567, 16.693145, -1.226002
454, 29.755133, 6.733800, 17.968512, -2.394614
455, 27.683266, 6.557333, 19.366037, -1.503725
456, 25.979933, 6.206100, 19.348703, -2.088781
457, 24.463533, 5.710033, 19.456487, -2.645351
458, 23.223133, 5.201867, 19.965788, -1.878304
459, 22.221200, 4.839467, 19.738020, -2.653781
460, 21.269833, 4.657533, 19.731748, -2.336360
461, 20.322300, 4.506267, 19.398614, -2.208814
462, 19.394200, 4.290267, 19.306171, -2.435249
463, 18.537200, 4.069833, 16.234386, -2.078494
464, 17.784200, 3.934100, 6.094611, -2.870823
465, 17.156067, 3.946133, 4.474365, -2.598718
466, 16.645433, 4.023933, 4.344995, -2.625844
467, 16.157433, 4.175200, 3.810206, -2.698292
468, 15.682233, 4.334233, 4.043013, -2.578699
469, 15.273567, 4.452233, 3.890553, -2.570769
470, 14.919900, 4.513233, 4.206388, -2.771850
471, 14.642267, 4.491367, 4.759458, -2.997407
472, 14.409467, 4.398567, 5.154770, -3.095923
473, 14.140267, 4.324100, 5.233324, -3.241034
474, 13.768867, 4.366333, 5.066235, -3.155549
475, 13.296700, 4.411533, 4.736069, -2.965798
476, 12.808600, 4.419200, 5.390086, -3.318911
477, 12.350167, 4.394567, 5.446307, -3.294903
478, 11.957100, 4.308467, 10.608091, -3.123885
479, 11.645700, 4.209600, 19.673103, -2.691824
480, 11.406500, 4.122400, 24.899350, -2.227715
481, 11.222500, 4.050433, 24.553902, -2.454916
482, 11.033700, 3.967800, 24.255961, -2.736319
483, 10.807333, 3.862867, 24.404602, -2.791509
484, 10.540267, 3.733000, 23.827863, -2.973896
485, 10.195867, 3.620600, 22.999416, -3.148530
486, 9.798267, 3.540200, 22.766522, -2.977260
487, 9.338800, 3.462200, 22.872682, -2.785926
488, 8.856433, 3.381667, 24.309097, -2.331885
489, 8.374000, 3.300267, 25.879744, -2.117822
490, 7.910767, 3.243833, 23.303887, -2.533351
491, 7.423967, 3.254467, 22.463754, -2.755186
492, 6.828333, 3.353400, 22.777665, -2.613516
493, 6.000967, 3.530767, 18.625720, -2.830267
494, 4.861700, 3.760733, 3.583164, -2.191719
495, 3.509533, 4.014833, -8.503804, 1.307735
496, 1.954833, 4.344433, -17.606285, 0.669587
497, 0.181233, 4.698933, -22.491005, -2.356880
498, -1.689533, 4.988967, -23.295036, -1.524306
499, -3.580100, 5.241900, -23.251832, -0.763969
500, -5.504600, 5.456633, -24.511465, -1.312002
501, -7.452300, 5.632100, -25.700773, -0.744140
502, -9.380233, 5.743233, -24.325336, -1.398897
503, -11.248200, 5.799800, -22.945652, -2.316864
504, -13.023200, 5.828100, -22.961847, -3.630778
505, -14.758567, 5.848533, -22.559351, -3.593815
506, -16.437100, 5.841100, -22.692365, -2.380070
507, -18.033600, 5.784867, -22.408574, -2.550724
508, -19.604400, 5.681567, -22.572507, -2.492148
509, -21.164900, 5.573800, -22.856998, -2.679251
510, -22.708567, 5.448000, -23.615109, -3.047564
511, -24.201600, 5.316400, -24.213741, -3.030900
512, -25.658000, 5.202133, -24.794862, -3.075566
513, -27.109100, 5.118433, -26.434359, -2.947939
514, -28.596967, 5.113867, -35.363156, -2.215211
515, -30.201900, 5.205133, -48.005866, 0.981177
516, -31.863533, 5.404467, -55.086447, 3.132471
517, -33.553933, 5.698867, -55.718880, 3.100234
518, -35.296133, 5.991033, -56.930028, 3.267568
519, -37.084633, 6.196200, -56.757058, 3.242460
520, -38.873933, 6.366367, -58.091514, 2.601892
521, -40.595267, 6.547333, -59.145540, 3.194681
522, -42.270867, 6.712467, -57.583536, 2.277888
523, -43.870600, 6.790167, -56.708342, 2.481752
524, -45.403967, 6.769167, -56.379834, 2.263386
525, -46.845833, 6.733967, -55.499724, 1.170201
526, -48.159200, 6.724900, -55.040889, 0.988871
527, -49.332533, 6.767567, -54.920342, 1.487602
528, -50.377167, 6.865167, -58.526262, 4.167502
529, -51.356500, 6.979100, -63.942939, 8.268668
530, -52.298100, 7.053500, -66.419748, 8.703285
531, -53.219767, 7.082133, -64.376259, 8.501482
532, -54.123633, 7.084133, -63.852708, 8.141476
533, -54.998133, 7.053233, -63.895738, 8.652153
534, -55.879633, 7.024500, -63.798855, 9.194127
535, -56.747367, 7.025700, -63.177653, 9.258642
536, -57.590433, 7.018100, -62.576087, 7.393184
537, -58.437467, 6.953400, -62.857648, 7.030807
538, -59.293233, 6.879300, -62.828424, 6.151712
539, -60.206267, 6.840767, -65.647933, 6.140257
540, -61.201233, 6.848100, -67.958081, -9.355036
541, -62.358967, 6.979700, -77.865390, -3.334180
542, -63.732300, 7.144467, -87.469773, 10.043924
543, -65.276300, 7.227600, -91.454624, 10.108588
544, -66.906833, 7.278467, -90.825074, 9.081396
545, -68.609167, 7.333400, -89.049877, 8.667488
546, -70.310100, 7.441000, -89.406556, 8.969364
547, -71.990867, 7.566000, -91.069550, 9.648407
548, -73.607967, 7.681933, -91.231157, 9.706367
549, -75.092000, 7.959400, -90.599421, 8.712266
550, -76.467700, 8.332367, -91.050471, 9.147096
551, -77.788367, 8.639167, -92.406429, 10.226712
552, -79.036333, 8.932533, -93.107739, 10.229324
553, -80.209133, 9.122833, -92.588575, 9.444749
554, -81.313133, 9.199467, -92.231683, 8.897437
555, -82.329200, 9.252467, -92.218725, 8.213249
556, -83.264100, 9.269433, -91.567889, 12.330462
557, -84.113567, 9.258067, -90.281006, 14.660376
558, -84.909100, 9.219700, -90.265838, 14.640275
559, -85.689933, 9.195833, -90.562132, 14.527832
560, -86.467800, 9.171200, -90.665602, 14.047605
561, -87.283033, 9.089267, -90.662255, 13.769030
562, -88.176367, 8.994433, -92.458893, 13.751637
563, -89.149700, 8.891600, -99.465521, 14.222485
564, -90.209100, 8.805400, -111.225726, 8.009749
565, -91.364833, 8.688933, -115.222756, 4.524228
566, -92.609900, 8.516200, -115.470012, 3.472084
567, -93.895933, 8.290100, -115.580607, 3.831492
568, -95.140133, 8.132033, -115.854886, 3.845464
569, -96.362800, 8.001167, -117.116259, 4.150622
570, -97.571267, 7.850733, -117.287399, 4.417045
571, -98.720833, 7.672167, -116.417880, 3.631417
572, -99.797800, 7.460000, -116.250123, 2.936835
573, -100.798167, 7.223300, -115.664873, 2.666632
574, -101.767767, 6.965100, -115.994654, 3.083188
575, -102.676500, 6.707133, -118.777760, 0.027969
576, -103.541233, 6.442667, -125.984387, -7.321926
577, -104.472400, 6.191467, -125.330606, -12.723443
578, -105.463100, 5.916900, -126.088539, -13.145466
579, -106.442433, 5.575067, -127.091333, -13.013199
580, -107.385467, 5.142600, -126.232099, -12.721707
581, -108.307500, 4.713500, -125.059503, -14.114748
582, -109.215067, 4.356767, -125.386359, -13.857877
583, -110.102033, 4.065333, -125.063511, -14.428022
584, -110.986367, 3.813300, -124.922149, -15.284710
585, -111.893267, 3.635767, -124.411230, -15.236670
586, -112.854300, 3.467800, -128.307868, -11.634509
587, -113.894233, 3.279367, -137.515764, -2.720512
588, -115.017567, 3.094167, -143.078786, 0.068430
589, -116.246400, 2.904733, -143.440612, 0.138150
590, -117.513367, 2.752833, -143.373912, 0.767343
591, -118.784200, 2.648433, -143.852859, 1.179867
592, -120.095367, 2.513933, -142.884049, 0.161754
593, -121.401633, 2.303800, -142.860022, -0.258756
594, -122.647867, 2.075900, -143.485178, 0.386599
595, -123.835567, 1.761633, -144.465327, 0.592710
596, -124.974333, 1.438567, -143.586111, -0.476093
597, -126.150200, 1.105667, -143.541256, -0.617647
598, -127.368733, 0.773467, -143.216181, -1.407882
599, -128.626167, 0.489433, -144.977945, -0.850637
600, -129.481400, 0.355700, -151.755424, -2.689397
