1, -42.814157, -1.482842, -46.638599, 5.422651
2, -86.319600, -7.480676, -85.972047, -1.763463
3, -87.165701, -7.614053, -86.528807, -1.999426
4, -88.146733, -7.795389, -86.295843, -2.386969
5, -89.060075, -8.037763, -92.902030, -7.262753
6, -89.657900, -8.252345, -101.331253, -11.210787
7, -90.044067, -8.378744, -102.871625, -11.410605
8, -90.383200, -8.547012, -102.581169, -11.097829
9, -90.623900, -8.731298, -101.353198, -12.904504
10, -90.799567, -8.852600, -102.179603, -12.059026
11, -90.878300, -8.919338, -102.324269, -12.435291
12, -90.905433, -8.980414, -101.791833, -11.681830
13, -90.875433, -9.078364, -101.780126, -11.722705
14, -90.739833, -9.166887, -101.734434, -11.727340
15, -90.459133, -9.223875, -101.543725, -11.682787
16, -90.096100, -9.236011, -100.443587, -11.701866
17, -89.618933, -9.214047, -101.006121, -11.947134
18, -88.982867, -9.153533, -101.615037, -11.079807
19, -88.255000, -9.027193, -101.296508, -10.107774
20, -87.438100, -8.907560, -101.014126, -10.392398
21, -86.577433, -8.788896, -101.143187, -11.329931
22, -85.709900, -8.782344, -92.004929, -15.202741
23, -84.843250, -8.960290, -80.819776, -20.902640
24, -83.794900, -9.385545, -70.713131, -27.252634
25, -82.276667, -10.222261, -61.913417, -33.314248
26, -80.413667, -11.481856, -60.455375, -35.117755
27, -78.364700, -13.286549, -60.704344, -35.916348
28, -76.302033, -15.692123, -59.828415, -36.725354
29, -74.143533, -18.348571, -60.225675, -38.367895
30, -72.104733, -20.848327, -60.855433, -46.783630
31, -70.159833, -23.351383, -64.540819, -57.111215
32, -68.405933, -25.861417, -66.650594, -62.686432
33, -66.869433, -28.153970, -69.890075, -61.961534
34, -65.674267, -30.447281, -67.304988, -61.094365
35, -64.562867, -32.306947, -65.986854, -60.021003
36, -63.738033, -33.955884, -69.571190, -59.638612
37, -63.220233, -35.150737, -70.432730, -61.431975
38, -62.825933, -36.147487, -70.753211, -60.513991
39, -62.566167, -36.988647, -70.672320, -59.827566
40, -62.461500, -37.528777, -69.987865, -59.597760
41, -62.420500, -37.994130, -69.934036, -59.482137
42, -62.156767, -38.228790, -70.402273, -59.083602
43, -61.887600, -38.387880, -57.849324, -61.946469
44, -61.500300, -38.579287, -41.371479, -64.389387
45, -61.095267, -38.687733, -39.451113, -64.502344
46, -60.710367, -38.815503, -39.221348, -64.530069
47, -60.397567, -38.968767, -39.368193, -64.576562
48, -60.181733, -39.125690, -39.124605, -64.875527
49, -59.992167, -39.246560, -39.203947, -64.928100
50, -59.852600, -39.414220, -38.951205, -64.728645
51, -59.782833, -39.633400, -38.989505, -64.698203
52, -59.691433, -39.826730, -38.561745, -64.644498
53, -59.666700, -39.899567, -39.166762, -64.661066
54, -59.693567, -40.210113, -39.588263, -64.971473
55, -59.683467, -41.078900, -39.498444, -65.844143
56, -59.698800, -42.155553, -47.314373, -69.490861
57, -59.713267, -43.044917, -58.688135, -73.014184
58, -59.682833, -43.828510, -60.820219, -71.857943
59, -59.657000, -44.405753, -61.221693, -71.001955
60, -59.657167, -45.031743, -60.929250, -71.387270
61, -59.714867, -45.657460, -60.155157, -71.963631
62, -59.840200, -46.323893, -60.044832, -72.841847
63, -59.936500, -47.357087, -60.300236, -73.255890
64, -60.088500, -48.432560, -56.553540, -73.616973
65, -60.256633, -49.254110, -77.750921, -78.909802
66, -60.326200, -49.842083, -75.318252, -76.469652
67, -60.392833, -50.187820, -71.405468, -73.756240
68, -60.438133, -50.486443, -70.414304, -72.956228
69, -60.403567, -50.594923, -71.797687, -74.856864
70, -60.380433, -50.578507, -73.953361, -75.525245
71, -60.252867, -50.522113, -72.599227, -74.734809
72, -60.075633, -50.432343, -72.341263, -74.576612
73, -59.841867, -50.312327, -72.184391, -74.638473
74, -59.480767, -50.134143, -65.893572, -74.323175
75, -58.941567, -49.912653, -44.148937, -67.053496
76, -58.286067, -49.797290, -39.862515, -62.825122
77, -57.797200, -49.795890, -40.103389, -63.019337
78, -57.433467, -49.638457, -40.424852, -62.207018
79, -57.072733, -49.395470, -40.349075, -61.857964
80, -56.634233, -49.114727, -40.606472, -61.699431
81, -56.070800, -48.626053, -40.308624, -61.213009
82, -55.448400, -48.059050, -39.893703, -61.033984
83, -54.710667, -47.372323, -39.740989, -60.589541
84, -53.917867, -46.537710, -39.869716, -60.233033
85, -53.073633, -45.624687, -39.633334, -60.084410
86, -52.187567, -44.604853, -39.438118, -59.561780
87, -51.319367, -43.422460, -39.780505, -59.230828
88, -50.513233, -42.309453, -40.207533, -59.074472
89, -49.845367, -41.208083, -40.559741, -59.056679
90, -49.294600, -40.052723, -40.524097, -59.294010
91, -48.857867, -38.964940, -40.852331, -59.924429
92, -48.537167, -37.779207, -41.303472, -59.598783
93, -48.288600, -36.620777, -41.208419, -58.958104
94, -48.043967, -35.718160, -40.972819, -58.855768
95, -47.820667, -34.811647, -41.119727, -58.800986
96, -47.626433, -34.112640, -42.122929, -58.808355
97, -47.443567, -33.529297, -42.311255, -58.745345
98, -47.256533, -32.830917, -42.099263, -59.849350
99, -47.079200, -32.179370, -42.475294, -59.520625
100, -46.942067, -31.436343, -42.553153, -58.956345
101, -46.812133, -30.609587, -42.246311, -58.609048
102, -46.714000, -29.746243, -41.944778, -59.059017
103, -46.616550, -28.809085, -42.579144, -58.684424
104, -46.498200, -27.776400, -38.707118, -57.919687
105, -46.498200, -27.776400, -38.707118, -57.919687
106, -46.498200, -27.776400, -38.707118, -57.919687
107, -44.959300, -21.509655, -26.003298, -25.768744
108, -44.299133, -19.859267, -27.609212, -15.287812
109, -43.320967, -17.658260, -28.114555, -10.358777
110, -42.001634, -15.341440, -25.502120, -8.720411
111, -40.316600, -13.154454, -26.939945, -10.418248
112, -38.328733, -11.017810, -27.163740, -10.212863
113, -36.204433, -9.067508, -27.902652, -11.524134
114, -34.353700, -6.913009, -27.325293, -10.753972
115, -32.704300, -5.038159, -20.424250, -4.865008
116, -31.212433, -3.236882, -11.369006, 0.450956
117, -29.987767, -1.698626, -10.761568, 1.190992
118, -29.026833, -0.483353, -12.123277, 0.105897
119, -28.347433, 0.717700, -12.480414, 0.430113
120, -27.784200, 1.526233, -10.488140, 0.820882
121, -27.301433, 2.258100, -9.095532, 1.607818
122, -26.932900, 3.030433, -9.731906, 0.786936
123, -26.590200, 3.591867, -9.803170, 0.844187
124, -26.326600, 4.347633, -9.279352, 0.955233
125, -26.048400, 5.050967, -9.472874, 1.018560
126, -25.699467, 5.684500, -9.295273, 1.264072
127, -25.238900, 6.423933, -8.776201, 2.092828
128, -24.577300, 7.116667, -8.438453, 2.074070
129, -23.673467, 7.671700, -7.763266, 1.953747
130, -22.641367, 8.058133, -8.998731, 0.792262
131, -21.606500, 8.399900, -9.470894, 0.398218
132, -20.670267, 8.666233, -9.030486, 0.234803
133, -19.766200, 8.814700, -9.375676, 0.364540
134, -18.923833, 8.941800, -3.602523, 0.675939
135, -18.108433, 9.146733, -0.590032, 0.871211
136, -17.325600, 9.314400, -1.087889, 1.404490
137, -16.607800, 9.474800, -0.756403, 1.250312
138, -15.950500, 9.714333, -0.467011, 1.465866
139, -15.296867, 9.874867, 0.033477, 1.761797
140, -14.634000, 10.023700, -0.661163, 1.590785
141, -13.980133, 10.223700, -1.023329, 1.521228
142, -13.331967, 10.411767, -1.012042, 1.532178
143, -12.667800, 10.578867, -0.726751, 1.714684
144, -12.028200, 10.783800, -0.830752, 1.865500
145, -11.356533, 10.967633, -0.542823, 2.001317
146, -10.694300, 11.114100, -0.717873, 2.021262
147, -9.990633, 11.292500, -0.732390, 2.038413
148, -9.207433, 11.448933, -0.564360, 1.935222
149, -8.405967, 11.623367, -0.176577, 1.971090
150, -7.537867, 11.895100, 2.676161, 3.611000
151, -6.652333, 12.147967, 10.121572, 6.978023
152, -5.806733, 12.379900, 11.410619, 7.429046
153, -4.970967, 12.617900, 12.661328, 7.808758
154, -4.170833, 12.823567, 12.731651, 7.828285
155, -3.396400, 12.986033, 13.127091, 8.259572
156, -2.596333, 13.181367, 13.558829, 8.433809
157, -1.764167, 13.329233, 13.378408, 8.212483
158, -0.846533, 13.442300, 12.703827, 7.942308
159, 0.222800, 13.525733, 12.547907, 7.776476
160, 1.392000, 13.618167, 12.515689, 8.069495
161, 2.652233, 13.810100, 16.965074, 10.191102
162, 4.018867, 14.043800, 24.103013, 12.765888
163, 5.346600, 14.217700, 25.381530, 12.959899
164, 6.611100, 14.459900, 25.415317, 12.670041
165, 7.776233, 14.718300, 25.970342, 12.864817
166, 8.915133, 15.042433, 26.873208, 12.780713
167, 10.220467, 15.645033, 29.804892, 14.033083
168, 11.658800, 16.352667, 29.485655, 14.468476
169, 13.314900, 17.127167, 29.047344, 14.813666
170, 15.193833, 17.884133, 31.699258, 15.974648
171, 17.148333, 18.523967, 32.030257, 16.195821
172, 19.224867, 19.157167, 31.809107, 15.553972
173, 21.372133, 19.730400, 31.847328, 15.310957
174, 23.547667, 20.434533, 31.722530, 15.757024
175, 25.746600, 21.346467, 35.339927, 18.757442
176, 27.830934, 22.516166, 43.636149, 26.859743
177, 29.826367, 24.243100, 48.982173, 31.652228
178, 31.819467, 25.964033, 51.662075, 33.312207
179, 33.793500, 27.665200, 51.248155, 33.181088
180, 35.637633, 29.069467, 51.273767, 34.299232
181, 37.207200, 30.147667, 52.050626, 34.573242
182, 38.579433, 31.186900, 52.145156, 35.023797
183, 39.765600, 31.959533, 51.400516, 34.722641
184, 40.766767, 32.845933, 51.583043, 35.016176
185, 41.646933, 33.544700, 51.642727, 34.897202
186, 42.380567, 34.294967, 51.910887, 35.094923
187, 42.972567, 34.868900, 52.130986, 35.256568
188, 43.416133, 35.258367, 49.595190, 36.123975
189, 43.757933, 35.614967, 44.039697, 38.128102
190, 44.098600, 35.772367, 44.377525, 38.381690
191, 44.403400, 36.008733, 45.329556, 39.105923
192, 44.681267, 36.214900, 45.526468, 39.164064
193, 44.919167, 36.376600, 45.923868, 39.281281
194, 45.041033, 36.585400, 46.110165, 39.455125
195, 45.060600, 36.670700, 46.056279, 39.466588
196, 45.012500, 36.773467, 46.338668, 39.503655
197, 44.983433, 36.902867, 46.676578, 39.482288
198, 45.013200, 36.938367, 47.215226, 39.341306
199, 45.083333, 36.971033, 47.349438, 39.283353
200, 45.168400, 36.960500, 47.872097, 39.354145
201, 45.216433, 36.963867, 48.402629, 39.550093
202, 45.267933, 37.026500, 48.794762, 39.896128
203, 45.350433, 37.074300, 49.361315, 40.071560
204, 45.314933, 37.169733, 49.534525, 40.287346
205, 45.200133, 37.262333, 45.888612, 38.138910
206, 45.011233, 37.296300, 43.037433, 35.148897
207, 44.640567, 37.323267, 43.254774, 34.891080
208, 44.147667, 37.452667, 43.222750, 35.195481
209, 43.667833, 37.566200, 42.937068, 35.261737
210, 43.087667, 37.618300, 42.910446, 35.249772
211, 42.421933, 37.734533, 43.062342, 35.437161
212, 41.803533, 37.761800, 43.179030, 35.370577
213, 41.165367, 37.738767, 43.563400, 35.433833
214, 40.488200, 37.752967, 43.785056, 35.396873
215, 39.802800, 37.708467, 44.075869, 35.646315
216, 39.027367, 37.708500, 44.691518, 35.659944
217, 38.248133, 37.712933, 45.989660, 23.289951
218, 38.248133, 37.712933, 45.989660, 23.289951
219, 38.248133, 37.712933, 45.989660, 23.289951
220, 38.248133, 37.712933, 45.989660, 23.289951
221, 35.038500, 37.397400, 24.986023, 27.583116
222, 34.139100, 37.341633, 24.727317, 29.444036
223, 33.249767, 37.202233, 23.871741, 28.581150
224, 32.282367, 37.063067, 23.898250, 28.368190
225, 31.211133, 36.935233, 23.391869, 28.991506
226, 30.092500, 36.681400, 22.650431, 28.854837
227, 28.900400, 36.377233, 23.289501, 29.064384
228, 27.699467, 35.971867, 23.217859, 28.769350
229, 26.485833, 35.446333, 22.646625, 26.981724
230, 25.178133, 34.893833, 19.379933, 18.882565
231, 23.670533, 34.388433, 17.076854, 12.947765
232, 21.718633, 33.756233, 16.490247, 12.092189
233, 19.439067, 32.904433, 15.422375, 11.269737
234, 17.157966, 31.914967, 15.747406, 11.580763
235, 14.967366, 30.727300, 15.950913, 11.439152
236, 12.890333, 29.392500, 15.292138, 11.213715
237, 10.942733, 27.947600, 15.346476, 11.569773
238, 9.078433, 26.290900, 10.083631, 7.329078
239, 7.276600, 24.490934, -1.919901, 0.395751
240, 5.532567, 22.588633, -6.704219, -0.503121
241, 3.779133, 20.806600, -6.832731, -0.492082
242, 1.948533, 19.149900, -6.591408, -0.635359
243, 0.141466, 17.656300, -6.818587, -0.621412
244, -1.593633, 16.348400, -6.639998, 0.175328
245, -3.269067, 15.170433, -6.519925, -0.384064
246, -4.836200, 14.160767, -6.380829, 0.172474
247, -6.353600, 13.261333, -6.279243, 0.546626
248, -7.976500, 12.441800, -7.269210, 0.275946
249, -9.922866, 11.729100, -7.777458, 0.426128
250, -12.169933, 11.209400, -10.141655, 0.093766
251, -14.597067, 10.881633, -23.551327, -1.436353
252, -17.100500, 10.651733, -30.260628, 0.194412
253, -19.615233, 10.475833, -30.938890, -0.746882
254, -22.047934, 10.282433, -30.746471, -0.716712
255, -24.361167, 10.157767, -31.163863, 0.297602
256, -26.650467, 10.111300, -31.074960, 0.604447
257, -28.835567, 10.093100, -31.381337, 0.057011
258, -30.907867, 10.080567, -31.622836, 0.423603
259, -32.867800, 10.052933, -31.917045, 0.245344
260, -34.742200, 10.063533, -32.364723, -0.071850
261, -36.528733, 10.096867, -35.108313, 0.244028
262, -38.248833, 10.186433, -47.353972, 0.428510
263, -39.928633, 10.310967, -57.807769, 2.084350
264, -41.503900, 10.435200, -59.763389, 2.690287
265, -43.015100, 10.611133, -60.180191, 2.612133
266, -44.506033, 10.797833, -61.147682, 2.467721
267, -45.987100, 10.997467, -59.555600, 2.230260
268, -47.559300, 11.202667, -60.627501, 2.052035
269, -49.149067, 11.335833, -61.345918, 1.523085
270, -50.739467, 11.464133, -61.432004, 1.206944
271, -52.326033, 11.576300, -61.559875, 1.506780
272, -53.865267, 11.632333, -61.832428, 1.977866
273, -55.375067, 11.657867, -62.252917, 1.978977
274, -56.852700, 11.676400, -63.156909, 1.873932
275, -58.276100, 11.683800, -63.750303, 1.785597
276, -59.642800, 11.656833, -64.476605, 1.635700
277, -61.025467, 11.652867, -65.146886, 1.619813
278, -62.388800, 11.689767, -67.437738, 2.754465
279, -63.808400, 11.784233, -76.496787, 6.484677
280, -65.180433, 11.882633, -82.676687, 9.719511
281, -66.523600, 12.036733, -82.529385, 9.950652
282, -67.806033, 12.212000, -83.662076, 9.956822
283, -68.979967, 12.526700, -84.460065, 9.936241
284, -70.102800, 12.970167, -86.462307, 10.456291
285, -71.144167, 13.383733, -87.193650, 10.630870
286, -72.049933, 13.805667, -87.777487, 11.010837
287, -72.835467, 14.202167, -88.362458, 11.075400
288, -73.481200, 14.628033, -88.770265, 11.567631
289, -73.999933, 15.097200, -88.952902, 12.023769
290, -74.394800, 15.529467, -88.449548, 12.850521
291, -74.691467, 15.904200, -88.488397, 13.154221
292, -74.874233, 16.265233, -88.886689, 13.047641
293, -74.948633, 16.606400, -88.956858, 17.310077
294, -74.932200, 16.906033, -87.944566, 21.352829
295, -74.876767, 17.161033, -87.665124, 21.651269
296, -74.748267, 17.337767, -87.798185, 21.535741
297, -74.536633, 17.511733, -87.658115, 21.635891
298, -74.255867, 17.737233, -87.913512, 21.871381
299, -73.904667, 17.932100, -88.483812, 21.801791
300, -73.462533, 18.114667, -89.156094, 21.726820
301, -72.963733, 18.306100, -88.746942, 21.630114
302, -72.365267, 18.458200, -87.879816, 21.637933
303, -71.716433, 18.571167, -87.140608, 21.327494
304, -71.060333, 18.628233, -86.426485, 20.835953
305, -70.318933, 18.620300, -81.019019, 16.740182
306, -69.499367, 18.515100, -72.309824, 11.575952
307, -68.633033, 18.404400, -71.751553, 11.572062
308, -67.746933, 18.298467, -71.747954, 11.528875
309, -66.824500, 18.144900, -71.265096, 11.527432
310, -65.870700, 17.973333, -70.859481, 11.425044
311, -64.813133, 17.779800, -70.491147, 11.437578
312, -63.650667, 17.553000, -69.973473, 11.404073
313, -62.396300, 17.276433, -70.407061, 11.353529
314, -61.055267, 16.997900, -63.887976, 8.882959
315, -59.621833, 16.630800, -51.866983, 3.247027
316, -58.145100, 16.229133, -46.864224, 1.508632
317, -56.699433, 15.892500, -46.521138, 1.817511
318, -55.248333, 15.516733, -45.279952, 1.316166
319, -53.537800, 14.999650, -44.952343, 1.289167
320, -51.766533, 14.428533, -45.000081, 1.051773
321, -50.103200, 13.869167, -44.485180, 0.602375
322, -48.354467, 13.245533, -43.883092, 0.709408
323, -46.487767, 12.565800, -43.319624, 0.290725
324, -44.422767, 11.832333, -42.546200, 0.369480
325, -43.017700, 11.344200, -40.657384, 1.325486
326, -43.017700, 11.344200, -40.657384, 1.325486
327, -36.591900, 9.461400, -17.873714, -1.372326
328, -34.219300, 8.629600, -1.435430, 1.548390
329, -32.710166, 7.999033, -2.150175, -0.787796
330, -30.702300, 6.960300, -2.226176, -0.099935
331, -29.017100, 5.842733, -5.146181, -1.549747
332, -27.502900, 4.875633, -7.547392, -2.657697
333, -26.172633, 4.204900, -5.703481, -2.465940
334, -24.893133, 3.601833, -5.789957, -1.607094
335, -23.642167, 3.086633, -7.093560, -1.742487
336, -22.441267, 2.768867, -3.416981, -1.419112
337, -21.240067, 2.557233, -3.257977, -1.362582
338, -20.062200, 2.349033, -3.081445, -1.505244
339, -18.914833, 2.168900, -3.870958, -1.292214
340, -17.812167, 2.033967, -2.848514, -1.468344
341, -16.776933, 1.884633, -5.338646, -5.082098
342, -15.799200, 1.740900, -6.709958, -7.194019
343, -14.881867, 1.641433, -6.144434, -7.189699
344, -13.986200, 1.607700, -5.857715, -7.270395
345, -13.092633, 1.594233, -5.505567, -7.378324
346, -12.205200, 1.564733, -5.512242, -7.416382
347, -11.292833, 1.548533, -5.570298, -7.273575
348, -10.323267, 1.562133, -5.591832, -7.295736
349, -9.324467, 1.578567, -5.273606, -7.048911
350, -8.250533, 1.618767, -4.947982, -6.896074
351, -7.067500, 1.677167, -4.590112, -6.734689
352, -5.780633, 1.737700, -4.563623, -6.678480
353, -4.337900, 1.795300, -4.043025, -6.522190
354, -2.769100, 1.884400, -4.234499, -6.537237
355, -1.033000, 2.000833, -3.863643, -6.381220
356, 0.923200, 2.179967, 2.993420, -6.773179
357, 3.059467, 2.397833, 18.193649, -6.626835
358, 5.355133, 2.715567, 26.285535, -4.974982
359, 7.721267, 3.084567, 28.045164, -5.501636
360, 10.100533, 3.443167, 27.521839, -5.564215
361, 12.461533, 3.830033, 28.023093, -5.359290
362, 14.764767, 4.240133, 27.916332, -5.208108
363, 17.058767, 4.731467, 27.249919, -5.429116
364, 19.237767, 5.189767, 27.367039, -5.251500
365, 21.304734, 5.634800, 27.570871, -5.366658
366, 23.310767, 6.122867, 27.537272, -5.546122
367, 25.234467, 6.512733, 27.613375, -5.090335
368, 27.157167, 6.876233, 29.566992, -5.047364
369, 29.178133, 7.259800, 41.405782, -4.855356
370, 31.217133, 7.610967, 54.178385, -3.700404
371, 33.256233, 7.993667, 59.160821, -3.533901
372, 35.146333, 8.336700, 57.281827, -3.517477
373, 36.883633, 8.738733, 56.168984, -3.162118
374, 38.539167, 9.125167, 57.160509, -2.520362
375, 40.027833, 9.445467, 59.055001, -3.083825
376, 41.407300, 9.771767, 58.369730, -2.422053
377, 42.587067, 9.969667, 58.128848, -2.577965
378, 43.622400, 10.162200, 57.790796, -2.799909
379, 44.551267, 10.398000, 57.241921, -3.145389
380, 45.305633, 10.587133, 56.352592, -2.900742
381, 45.929633, 10.823833, 55.912333, -2.789807
382, 46.468633, 11.030000, 55.594260, -2.992655
383, 46.885600, 11.164433, 55.659862, -3.244500
384, 47.220100, 11.279333, 55.538991, -3.078151
385, 47.479700, 11.364000, 55.242363, -3.017824
386, 47.636500, 11.459300, 55.131555, -3.105206
387, 47.743533, 11.595400, 55.123277, -3.062746
388, 47.806100, 11.762667, 54.987224, -2.940442
389, 47.804467, 11.933600, 54.840003, -2.879894
390, 47.772233, 12.129000, 56.208744, 0.243130
391, 47.711300, 12.345167, 60.715786, 7.295191
392, 47.587233, 12.569700, 60.781402, 8.891730
393, 47.357700, 12.850767, 60.716181, 9.401534
394, 47.000767, 13.157933, 60.551665, 9.851084
395, 46.512767, 13.476767, 60.254830, 9.806883
396, 45.859200, 13.825800, 59.781442, 10.102537
397, 45.086933, 14.169000, 59.277695, 10.141023
398, 44.255300, 14.553400, 58.807096, 10.020276
399, 43.364267, 14.918667, 59.586531, 10.139413
400, 42.434533, 15.309600, 58.145844, 10.423632
401, 41.477133, 15.748533, 56.763558, 10.901284
402, 40.466400, 16.213067, 56.176576, 11.023844
403, 39.395267, 16.722767, 52.984006, 12.318341
404, 38.182700, 17.238733, 40.763018, 15.758520
405, 36.736933, 17.790267, 28.429325, 17.862059
406, 35.144933, 18.376567, 21.674827, 18.728568
407, 33.453367, 18.915567, 23.120663, 18.157535
408, 31.735367, 19.430800, 23.897871, 17.191952
409, 30.168533, 19.937833, 23.464743, 17.272763
410, 28.729233, 20.439133, 23.453354, 17.240556
411, 27.406167, 20.972933, 23.823181, 17.046255
412, 26.215033, 21.526433, 23.726297, 17.247374
413, 25.057700, 22.003433, 23.285373, 17.185124
414, 23.947800, 22.408333, 23.355037, 17.223352
415, 22.866733, 22.731567, 22.947565, 17.577720
416, 21.751933, 22.969133, 23.402260, 19.154040
417, 20.662200, 23.141633, 23.734691, 21.163674
418, 19.648933, 23.172000, 23.780279, 21.560274
419, 18.697433, 23.114667, 23.400759, 21.658443
420, 17.829700, 23.065100, 23.064505, 21.553558
421, 17.026733, 23.021300, 22.702824, 21.648121
422, 16.229700, 22.971833, 22.478305, 21.677681
423, 15.450600, 22.892400, 22.249252, 21.664575
424, 14.642600, 22.827267, 22.020255, 21.730440
425, 13.779267, 22.766367, 21.532052, 21.790864
426, 12.831900, 22.691900, 21.627795, 21.861688
427, 11.826500, 22.649933, 22.392508, 21.768940
428, 10.776267, 22.647733, 22.548522, 21.994745
429, 9.817333, 22.690233, 22.316818, 22.075872
430, 8.948200, 22.710133, 22.067538, 22.257922
431, 8.120600, 22.690667, 22.342110, 22.234032
432, 7.429667, 22.629467, 23.060411, 22.421245
433, 6.810267, 22.473800, 23.023039, 22.025473
434, 6.138000, 22.210033, 21.094237, 21.256623
435, 5.390367, 21.820667, 8.801975, 14.762439
436, 4.549167, 21.318333, -2.780863, 7.082654
437, 3.661333, 20.722533, -7.644222, 3.187992
438, 2.758300, 20.061333, -7.290727, 3.716497
439, 1.779067, 19.342900, -9.657037, 1.813033
440, 0.774533, 18.643933, -9.687712, 1.512326
441, -0.112733, 18.026833, -9.092297, 2.185249
442, -0.911667, 17.478100, -8.835893, 1.982066
443, -1.596567, 17.006200, -9.108690, 1.873772
444, -2.128433, 16.637633, -8.803494, 1.938266
445, -2.552000, 16.361000, -8.462709, 2.307217
446, -2.836500, 16.190867, -8.369857, 2.770555
447, -3.026800, 16.088933, -7.995322, 3.109683
448, -3.191467, 16.031533, -7.907562, 3.020682
449, -3.272433, 15.992833, -3.427454, 1.422660
450, -3.280233, 15.956800, -1.532713, 0.247351
451, -3.266833, 15.906100, -1.535130, -0.238185
452, -3.202900, 15.839533, -1.453268, -0.307683
453, -3.097100, 15.751200, -1.244524, -0.134761
454, -2.961400, 15.642967, -1.045608, -0.103707
455, -2.827767, 15.520133, -0.981706, -0.088981
456, -2.727233, 15.390467, -1.065777, 0.131553
457, -2.663867, 15.246767, -1.107853, 0.275769
458, -2.646900, 15.109000, -1.067331, 0.315531
459, -2.669433, 14.969067, -1.084170, 0.211824
460, -2.698033, 14.824100, -1.125901, 0.273820
461, -2.716367, 14.683267, -1.135350, 0.129949
462, -2.734933, 14.569167, -2.902952, 0.217732
463, -2.701967, 14.487100, -4.128782, 0.134590
464, -2.640367, 14.425567, -4.128267, 0.016616
465, -2.567000, 14.387167, -3.968327, 0.069730
466, -2.481633, 14.373100, -3.841974, 0.108004
467, -2.403900, 14.378333, -3.843460, 0.113218
468, -2.385133, 14.384833, -3.896940, 0.131438
469, -2.401767, 14.382633, -4.000380, 0.128058
470, -2.439533, 14.371567, -4.061111, 0.065833
471, -2.510733, 14.333500, -4.155696, -0.010485
472, -2.596800, 14.278333, -4.222954, -0.120322
473, -2.672767, 14.206833, -4.058298, -0.197445
474, -2.740367, 14.106700, -4.093973, -0.278347
475, -2.834367, 13.990633, -4.210905, -0.523583
476, -2.928400, 13.891700, -4.240524, -0.721666
477, -3.022067, 13.794333, -4.119004, -0.838847
478, -3.158333, 13.721967, -4.062196, -0.654167
479, -3.331933, 13.711900, -4.040674, -0.530113
480, -3.514667, 13.724033, -4.213018, -0.094138
481, -3.762600, 13.735467, -4.466771, -0.012204
482, -4.034367, 13.777300, -4.676290, 0.021142
483, -4.302700, 13.819733, -4.686678, -0.000115
484, -4.596833, 13.816300, -4.711354, -0.104795
485, -4.918767, 13.817200, -5.029205, -0.215263
486, -5.256233, 13.814867, -4.945156, -0.272045
487, -5.621333, 13.808867, -4.816796, -0.011116
488, -6.004800, 13.826233, -4.784154, 0.003724
489, -6.421633, 13.837133, -4.756010, -0.014954
490, -6.895833, 13.863100, -4.876421, 0.002406
491, -7.391900, 13.882200, -4.966222, 0.018277
492, -7.910767, 13.912267, -5.015942, 0.040337
493, -8.475367, 13.932900, -5.003741, 0.054030
494, -9.093800, 13.958000, -5.405846, 0.016559
495, -9.756600, 13.974733, -4.938436, 0.010715
496, -10.454900, 14.012667, -3.034155, -0.300595
497, -11.210900, 14.067167, -3.308906, -0.154873
498, -12.003833, 14.147900, -3.648781, 0.135048
499, -12.850667, 14.224567, -3.616586, 0.447374
500, -13.745033, 14.321667, -3.654809, 0.463937
501, -14.682567, 14.440267, -3.882922, 0.814901
502, -15.610633, 14.545633, -3.860561, 0.673651
503, -16.568200, 14.618267, -4.407556, 0.613888
504, -17.543067, 14.703400, -4.798551, 0.718402
505, -18.524333, 14.800533, -4.186125, 0.347569
506, -19.529000, 14.893533, -4.047254, 0.457868
507, -20.567900, 14.994467, -4.117561, 0.369053
508, -21.637700, 15.111000, -4.715649, 0.377873
509, -22.757067, 15.209567, -8.587131, 1.098526
510, -23.908100, 15.296367, -20.738355, 1.950253
511, -25.114300, 15.357667, -35.109681, 3.778609
512, -26.352733, 15.381133, -40.844008, 4.131525
513, -27.619200, 15.366500, -40.478419, 3.695616
514, -28.909833, 15.333733, -39.725180, 3.791177
515, -30.230600, 15.269567, -39.320753, 3.946808
516, -31.561067, 15.182500, -38.596850, 3.809837
517, -32.856367, 15.111833, -38.647369, 3.199859
518, -34.136733, 15.031900, -38.535238, 3.009692
519, -35.385467, 14.934933, -38.201820, 2.857924
520, -36.610500, 14.814567, -37.331815, 3.051856
521, -37.463700, 14.731400, -37.682549, 2.507923
522, -37.463700, 14.731400, -37.682549, 2.507923
523, -37.463700, 14.731400, -37.682549, 2.507923
524, -42.841750, 14.262650, -42.252121, -10.496661
525, -44.990300, 14.171350, -56.893298, -9.331552
526, -47.026000, 14.080167, -67.903220, 5.501465
527, -49.652766, 14.083867, -74.846431, 11.196348
528, -52.552465, 14.210033, -75.446172, 11.049107
529, -55.967800, 14.463067, -75.783255, 10.605632
530, -59.616499, 14.832300, -76.389411, 10.411775
531, -63.448966, 15.128133, -69.656497, 1.025113
532, -63.448966, 15.128133, -69.656497, 1.025113
533, -63.448966, 15.128133, -69.656497, 1.025113
534, -63.448966, 15.128133, -69.656497, 1.025113
535, -63.448966, 15.128133, -69.656497, 1.025113
536, -63.448966, 15.128133, -69.656497, 1.025113
537, -63.448966, 15.128133, -69.656497, 1.025113
538, -97.217250, 14.592200, -99.080360, -5.022311
539, -101.716800, 14.352750, -122.318701, 2.796644
540, -107.048337, 13.911533, -141.485559, -5.648402
541, -113.608800, 12.806500, -146.599653, -0.712157
542, -116.628735, 12.252567, -147.271348, -1.933616
543, -120.803568, 11.287033, -146.751289, -0.177443
544, -124.506635, 10.206967, -144.774350, -0.168468
545, -127.686834, 9.172600, -145.009938, -0.685843
546, -130.458201, 8.146067, -146.025913, -1.562422
547, -132.821067, 7.270533, -144.795218, -1.469911
548, -134.803967, 6.356500, -144.398982, -1.336747
549, -136.545834, 5.476233, -149.761540, -0.631118
550, -138.064067, 4.671400, -156.763231, 0.336783
551, -139.364367, 4.107967, -157.329657, 0.263206
552, -140.266067, 3.989433, -156.395233, 1.114732
553, -140.849700, 4.253733, -156.999358, 0.971744
554, -141.281533, 4.728400, -156.851211, 1.515673
555, -141.661833, 5.247667, -156.342093, 2.110752
556, -142.047900, 5.720833, -156.660755, 2.504801
557, -142.410633, 6.163900, -157.567531, 2.884057
558, -142.749767, 6.408367, -157.408505, 2.846526
559, -143.183933, 6.145567, -157.330534, 1.995721
560, -143.719033, 4.930934, -158.256543, -2.751582
561, -144.277033, 2.722767, -159.958138, -19.571327
562, -144.774433, -0.027897, -161.976131, -32.809106
563, -145.360533, -2.818208, -162.873566, -34.714631
564, -145.914067, -5.225853, -161.739686, -34.231355
565, -146.465733, -7.032608, -161.313119, -34.684490
566, -146.873833, -8.734183, -161.491186, -34.192269
567, -147.250100, -10.334853, -159.760483, -35.739416
568, -147.569867, -11.847030, -161.467001, -34.212554
569, -147.887800, -13.375507, -161.203955, -33.526745
570, -148.247533, -14.732867, -160.356373, -34.808508
571, -148.526367, -15.916413, -160.831827, -32.734847
572, -148.705567, -16.927057, -160.938652, -33.078306
573, -148.851967, -17.620517, -160.379607, -33.805877
574, -148.972533, -18.153187, -159.311244, -33.827169
575, -149.082300, -18.529337, -157.223103, -40.635010
576, -149.184967, -18.734970, -157.160457, -41.376384
577, -149.290500, -18.790293, -157.211848, -41.350428
578, -149.427100, -18.685367, -157.153983, -41.117870
579, -149.584767, -18.482357, -157.172713, -40.847367
580, -149.774067, -18.310253, -157.131093, -40.416486
581, -150.003033, -18.146697, -156.729032, -40.124902
582, -150.221033, -17.891210, -162.791926, -33.992246
583, -150.456700, -17.598077, -171.264936, -25.687715
584, -150.702133, -17.250800, -172.044100, -24.108936
585, -150.856167, -16.904303, -171.940858, -23.857677
586, -150.980700, -16.601233, -171.490801, -23.876011
587, -151.100633, -16.304973, -171.433129, -23.681448
588, -151.176500, -15.969093, -171.550445, -23.445546
589, -151.254100, -15.644640, -171.586462, -23.356283
590, -151.354967, -15.208690, -171.760851, -22.953369
591, -151.400600, -14.534240, -170.605763, -21.231465
592, -151.531600, -13.333080, -167.091322, -11.031943
593, -151.661267, -11.683433, -162.972502, -3.383776
594, -151.575867, -9.977140, -163.304382, 1.697134
595, -151.311233, -8.068003, -166.271790, 3.369746
596, -150.869400, -6.435148, -165.901433, 3.334399
597, -150.349267, -4.900905, -163.950611, 3.546220
598, -149.715733, -3.577162, -163.095517, 3.412363
599, -148.990867, -2.454711, -162.793254, 2.879238
600, -148.476400, -1.814263, -162.360983, 2.843370
