1, 94.401745, 24.457200, 94.266422, 14.350589
2, 93.587926, 24.232033, 94.073308, 14.361145
3, 92.832210, 24.025300, 93.873884, 14.361377
4, 92.175665, 23.837733, 93.645498, 14.989019
5, 91.619787, 23.716000, 94.330335, 15.113839
6, 90.982890, 23.574725, 93.628017, 14.272983
7, 90.340719, 23.437200, 93.399347, 13.653560
8, 89.695597, 23.325075, 93.239688, 14.165473
9, 88.934000, 23.230400, 93.445812, 14.320854
10, 88.275400, 23.155367, 93.559039, 14.679536
11, 87.606133, 23.086033, 94.004299, 14.933341
12, 86.926433, 23.001000, 92.861650, 14.981142
13, 86.243767, 22.892100, 93.164318, 14.737400
14, 85.559967, 22.741900, 93.243166, 14.697988
15, 84.871367, 22.553800, 92.658868, 14.475829
16, 84.182467, 22.293433, 93.031775, 14.643205
17, 83.474667, 21.969833, 93.178034, 14.960703
18, 82.779733, 21.617067, 93.146153, 14.594804
19, 82.128533, 21.297167, 93.153701, 14.282872
20, 81.595867, 21.122200, 93.047565, 14.406656
21, 81.375850, 21.115350, 91.938011, 13.866886
22, 81.468900, 21.104400, 93.224149, 14.966568
23, 81.818867, 21.040700, 93.950179, 14.923497
24, 82.392567, 20.952033, 98.819092, 10.227524
25, 83.186200, 20.872533, 99.739028, 9.518992
26, 84.107233, 20.755567, 101.091744, 9.703716
27, 85.083867, 20.617333, 101.457637, 8.928364
28, 86.123933, 20.424400, 102.095958, 9.433495
29, 87.222767, 20.186400, 101.818876, 8.228661
30, 88.366467, 19.902800, 102.023824, 8.589484
31, 89.543333, 19.593733, 102.345976, 8.389016
32, 90.730458, 19.223633, 102.008020, 8.698948
33, 91.945879, 18.778433, 104.040345, 7.805074
34, 93.256201, 18.317767, 116.931876, 0.334436
35, 94.701602, 17.748367, 118.478965, -0.813151
36, 96.185992, 17.084200, 122.986464, -2.003885
37, 97.661471, 16.595333, 122.220527, -1.421293
38, 99.086246, 16.323133, 121.518745, -0.481928
39, 100.371987, 16.107733, 122.948462, -0.509949
40, 101.491790, 15.942633, 125.162615, -0.175560
41, 102.457233, 15.804033, 124.302238, 0.046587
42, 103.266897, 15.696667, 123.668503, -0.091618
43, 103.988277, 15.600067, 123.609372, -0.057640
44, 104.647017, 15.464800, 122.877280, -0.210393
45, 105.275947, 15.316400, 122.985632, 0.302813
46, 105.894440, 15.198967, 122.219077, 0.352389
47, 106.549940, 15.091167, 121.544253, 0.322696
48, 107.204013, 14.967300, 121.746496, -0.091617
49, 107.879800, 14.882700, 121.804095, -0.468580
50, 108.590887, 14.843767, 122.157630, -0.625868
51, 109.336390, 14.848667, 122.850737, -0.904232
52, 110.090220, 14.855800, 123.006976, -0.492595
53, 110.830300, 14.868567, 122.829252, -0.176245
54, 111.573043, 14.906867, 130.894366, 1.064389
55, 112.391127, 14.930533, 139.621817, 0.944486
56, 113.263003, 14.848367, 142.270141, 1.627981
57, 114.178133, 14.704500, 144.681220, 0.803845
58, 115.139603, 14.602033, 144.712209, 1.719313
59, 116.121743, 14.488500, 144.953906, 1.416333
60, 117.117803, 14.370167, 145.064886, 1.527710
61, 118.116137, 14.308600, 145.471182, 1.840993
62, 119.125267, 14.264233, 143.690599, 1.063336
63, 120.126793, 14.181033, 144.995719, 0.545647
64, 121.127127, 14.077500, 144.321053, 0.894884
65, 122.150113, 13.952600, 144.208415, 0.100682
66, 123.172660, 13.792333, 151.600857, 0.954980
67, 124.179780, 13.613667, 151.656714, 1.478083
68, 125.158190, 13.457000, 151.641530, 0.675324
69, 126.127410, 13.273133, 150.820738, 0.523135
70, 127.029743, 13.123467, 149.740246, 0.207041
71, 127.885880, 13.007567, 149.563948, -0.241922
72, 128.688867, 12.909267, 153.360752, -0.597115
73, 129.467580, 12.796167, 152.078509, 0.852504
74, 130.199023, 12.699233, 152.925625, 0.435003
75, 130.879567, 12.617233, 156.889954, 0.952697
76, 131.536747, 12.534633, 155.889503, 0.509771
77, 132.165857, 12.438467, 157.175326, -0.634400
78, 132.778350, 12.300300, 161.971833, -1.255083
79, 133.378727, 12.162067, 160.116085, -1.011462
80, 133.967213, 12.064200, 159.079386, -0.194069
81, 134.513373, 12.002967, 157.894888, -0.477517
82, 135.049843, 11.948400, 157.970886, -0.280526
83, 135.612103, 11.848733, 158.371698, 0.567537
84, 136.218260, 11.693733, 157.634226, 0.317027
85, 136.840977, 11.524367, 157.151677, 0.104281
86, 137.487253, 11.368267, 156.789266, -0.360919
87, 138.130540, 11.210900, 156.852676, -0.515105
88, 138.772740, 11.046167, 156.673605, -0.388821
89, 139.367657, 10.880967, 156.169405, -0.038504
90, 139.899320, 10.744967, 155.731760, -0.565719
91, 140.283050, 10.582500, 148.974677, 0.617667
92, 140.516353, 10.415767, 148.282401, 0.984251
93, 140.636597, 10.217633, 147.242930, 0.132033
94, 140.667247, 9.922033, 147.110643, -0.251360
95, 140.656030, 9.576533, 146.834334, -0.583810
96, 140.665723, 9.205300, 146.044981, -0.827278
97, 140.662443, 8.963567, 145.054503, -0.280071
98, 140.581713, 8.815433, 145.582408, -0.050994
99, 140.279977, 8.559367, 144.965001, -0.186160
100, 139.563753, 8.257300, 144.636453, -0.021830
101, 138.572160, 8.194100, 143.703800, 0.046126
102, 137.564143, 8.289633, 142.716388, 0.275836
103, 136.585357, 8.389833, 140.786378, 0.447268
104, 135.626557, 8.409833, 129.422556, 2.185574
105, 134.668527, 8.403967, 128.214923, 1.995732
106, 133.737860, 8.318233, 127.567872, 2.385703
107, 132.741177, 8.095700, 126.640137, 2.064844
108, 131.568753, 7.876333, 125.834666, 1.976897
109, 130.272367, 7.712167, 124.616716, 2.202788
110, 128.833013, 7.433133, 123.432047, 1.855140
111, 127.241753, 7.019633, 122.387166, 2.039023
112, 125.503504, 6.536733, 120.890468, 1.696308
113, 123.648544, 6.055200, 119.557626, 2.032542
114, 121.706580, 5.590833, 117.621107, 2.672753
115, 119.701370, 5.183333, 115.798181, 2.375277
116, 117.702407, 4.774667, 114.303836, 2.564978
117, 115.730723, 4.354567, 111.831307, 2.486949
118, 113.809707, 3.907267, 109.130760, 2.715620
119, 112.007910, 3.433433, 107.324819, 2.540053
120, 110.314123, 3.041033, 105.361120, 2.996222
121, 108.736880, 2.739700, 103.768746, 2.724577
122, 107.272850, 2.383600, 102.309889, 2.427553
123, 105.865277, 1.987933, 101.192180, 2.386549
124, 104.463730, 1.558300, 100.035704, 2.299154
125, 103.060310, 1.141133, 98.234772, 2.630327
126, 101.566153, 0.778933, 96.231669, 2.654579
127, 99.977007, 0.465633, 95.259490, 2.389225
128, 98.407993, 0.249000, 93.576349, 2.878438
129, 96.826201, 0.090333, 92.081934, 2.787174
130, 95.208197, 0.002800, 90.134664, 2.995568
131, 93.610627, -0.037323, 88.457657, 3.326681
132, 92.025793, -0.032766, 87.092136, 3.375080
133, 90.508939, 0.004990, 85.965113, 3.322514
134, 88.929900, 0.072633, 83.439153, 2.349378
135, 87.394700, 0.146833, 78.043914, -0.075128
136, 85.979167, 0.326767, 76.698578, -0.363837
137, 84.510833, 0.860767, 74.708818, -0.164796
138, 82.958800, 2.041067, 75.160186, 0.185544
139, 81.432167, 3.257900, 75.869332, 0.669507
140, 79.878000, 4.194333, 74.295497, 0.023721
141, 78.278100, 4.974533, 73.840300, -0.008652
142, 76.679000, 5.722633, 73.138532, -0.421431
143, 74.921633, 6.597200, 67.883916, 0.025767
144, 73.118367, 7.344700, 56.034060, 1.376335
145, 71.251933, 7.957767, 54.671910, 1.502503
146, 69.392766, 8.304400, 54.098263, 1.074716
147, 67.579600, 8.382167, 53.969787, 1.366649
148, 65.825200, 8.202467, 52.624344, 0.568435
149, 64.203433, 7.854333, 51.425747, 0.154989
150, 62.657467, 7.575833, 51.094107, 0.131046
151, 61.194100, 7.336300, 50.264618, -0.200093
152, 59.775200, 7.064333, 47.047898, -2.213940
153, 58.316600, 6.830333, 45.487611, -3.543034
154, 56.866633, 6.605967, 44.649899, -3.279651
155, 55.419700, 6.401900, 43.207783, -3.553989
156, 53.976467, 6.202667, 42.368894, -3.810711
157, 52.603467, 6.004600, 41.781603, -4.208518
158, 51.292633, 5.816167, 40.556996, -4.785359
159, 50.010300, 5.621900, 39.296948, -5.188343
160, 48.758833, 5.413467, 39.869478, -3.903049
161, 47.555600, 5.192667, 39.561651, -3.200915
162, 46.413600, 4.959733, 38.600425, -2.457525
163, 45.312200, 4.721067, 37.984690, -2.974014
164, 44.280067, 4.509500, 38.294394, -2.873046
165, 43.339667, 4.314367, 37.751383, -3.245535
166, 42.461933, 4.180800, 36.640980, -3.300969
167, 41.635200, 4.063867, 36.294000, -3.121028
168, 40.829767, 3.973867, 36.643545, -2.983045
169, 40.034767, 3.890500, 35.775304, -2.997795
170, 39.209967, 3.813167, 35.346536, -2.337300
171, 38.360767, 3.738733, 35.192565, -2.165045
172, 37.510733, 3.669300, 34.334158, -1.951321
173, 36.637667, 3.617867, 33.452467, -2.021945
174, 35.728300, 3.547367, 32.990558, -2.312124
175, 34.774200, 3.470200, 33.051156, -2.234839
176, 33.816133, 3.417400, 33.009933, -2.302204
177, 32.834267, 3.386200, 33.245240, -0.989582
178, 31.843233, 3.352167, 32.380340, -1.139716
179, 30.852833, 3.313267, 31.924066, -0.889652
180, 29.865667, 3.320367, 26.092515, 1.680118
181, 28.891833, 3.383367, 24.821867, 1.523115
182, 27.940100, 3.427100, 25.055103, 0.935308
183, 27.013067, 3.457400, 24.903270, 1.817985
184, 26.107167, 3.510067, 24.831941, 2.263123
185, 25.230900, 3.561633, 24.209187, 1.899270
186, 24.366233, 3.579133, 24.439639, 3.914026
187, 23.519500, 3.565800, 25.738646, 1.929679
188, 22.711767, 3.521200, 27.049969, 1.499514
189, 21.915900, 3.494733, 26.538601, 0.925754
190, 21.137467, 3.444333, 25.405650, 2.142058
191, 20.397900, 3.395967, 26.348542, 1.621394
192, 19.722100, 3.371900, 26.798503, 0.705571
193, 19.131433, 3.379933, 26.989392, 1.448380
194, 18.619367, 3.430667, 26.760958, 1.113522
195, 18.168233, 3.489233, 26.462484, 1.709931
196, 17.748333, 3.544233, 26.327282, 1.741094
197, 17.360333, 3.614667, 26.306059, 1.482952
198, 17.000267, 3.662767, 25.893248, 1.445287
199, 16.676133, 3.671633, 25.817547, 1.607836
200, 16.367767, 3.619700, 25.639445, 1.505921
201, 16.094533, 3.545000, 25.657313, 1.509185
202, 15.832900, 3.400667, 25.825964, 1.171106
203, 15.581600, 3.197867, 25.897509, 1.009274
204, 15.311633, 3.047567, 24.620072, 1.310663
205, 14.966900, 2.974367, 12.125777, 1.307596
206, 14.538600, 2.927367, -0.244615, 0.907811
207, 14.110933, 2.897367, 0.774429, 0.562832
208, 13.740400, 2.845333, 0.858847, 0.189434
209, 13.411000, 2.772867, 1.036899, 0.413240
210, 13.154933, 2.688700, 1.302179, 0.419709
211, 12.924633, 2.640600, 0.800684, 0.880471
212, 12.625133, 2.653800, 0.193462, 0.990245
213, 12.289533, 2.661067, 0.050596, 0.686199
214, 11.949400, 2.691533, 0.278824, 1.316742
215, 11.621500, 2.754767, 1.081888, 1.029107
216, 11.346667, 2.863433, 1.359369, 1.034433
217, 11.135600, 2.962467, 0.972200, 0.907668
218, 10.992567, 3.031333, 0.942545, 1.195635
219, 10.857867, 3.109200, 1.321717, 1.043778
220, 10.750667, 3.213000, 1.017045, 0.986350
221, 10.663467, 3.310567, 1.408603, 1.126303
222, 10.559300, 3.394933, 1.758786, 1.344354
223, 10.385800, 3.490000, 1.634709, 1.426772
224, 10.073500, 3.702467, 1.630748, 1.343664
225, 9.590667, 3.948300, 1.950216, 2.301209
226, 8.952133, 4.192700, 4.253398, 7.755502
227, 8.137933, 4.480667, 4.055636, 9.469759
228, 7.231600, 4.842267, 4.673352, 10.485562
229, 6.215267, 5.310133, 3.857978, 10.885366
230, 5.158367, 5.808600, 4.342239, 10.992443
231, 4.128300, 6.319400, 5.249229, 12.001862
232, 3.144533, 6.850233, 4.088575, 10.593065
233, 2.264267, 7.312300, 3.394069, 9.893005
234, 1.544533, 7.667733, 4.592590, 10.489409
235, 0.990867, 7.905700, 5.263015, 10.540594
236, 0.606433, 7.971200, 4.702296, 9.542905
237, 0.393367, 7.992533, 4.987859, 10.110325
238, 0.234800, 8.009500, 4.712042, 10.020799
239, 0.099833, 8.003267, 4.716724, 9.320993
240, 0.045900, 7.966467, 5.322234, 9.148203
241, 0.086500, 7.846467, 5.274751, 8.866956
242, 0.270800, 7.740367, 4.906038, 8.272815
243, 0.588033, 7.758433, 6.861325, 8.435764
244, 1.126333, 7.794467, 16.074533, 7.493147
245, 1.964700, 7.779933, 18.129056, 7.313954
246, 2.878767, 7.892233, 18.936142, 7.304297
247, 3.899367, 7.986233, 20.194852, 7.529197
248, 5.073767, 8.041967, 20.587807, 7.189081
249, 6.283667, 8.073867, 19.741617, 7.436590
250, 7.674967, 8.004600, 20.048042, 7.233050
251, 9.266400, 7.911700, 20.466482, 6.858807
252, 10.922800, 7.885867, 21.811011, 7.811536
253, 12.727533, 7.735200, 21.789544, 8.120079
254, 14.558100, 7.650900, 21.710528, 7.474276
255, 16.432500, 7.547033, 21.898417, 7.832646
256, 18.498033, 7.370467, 22.800245, 7.251042
257, 20.696833, 7.231400, 25.681610, 7.168036
258, 23.010866, 7.118433, 40.205534, -0.098193
259, 25.473233, 6.971233, 48.071300, -2.990026
260, 27.919667, 6.934800, 46.426296, -3.796791
261, 30.292200, 6.900600, 47.873760, -4.817682
262, 32.685500, 6.726333, 46.966922, -3.097013
263, 35.057300, 6.446133, 48.184600, -3.723683
264, 37.341867, 6.070533, 47.916606, -2.949966
265, 39.603600, 5.640367, 48.824909, -2.578100
266, 41.824733, 5.240200, 49.631051, -2.712331
267, 43.979467, 4.898867, 48.279656, -2.790214
268, 46.068367, 4.615633, 50.483245, -2.726836
269, 48.067200, 4.426900, 50.207380, -2.892948
270, 50.012933, 4.236467, 50.629368, -1.883083
271, 51.931833, 4.108733, 50.937308, -2.302330
272, 53.737367, 4.039500, 50.715777, -2.174485
273, 55.450667, 3.995967, 51.439754, -2.426362
274, 57.093567, 3.911767, 52.497254, -1.510055
275, 58.162400, 3.864500, 56.591710, -7.930621
276, 60.908400, 3.858600, 67.402213, -11.067713
277, 62.109833, 3.934200, 76.362375, -13.446872
278, 64.026533, 4.043733, 91.073475, 2.377473
279, 66.061933, 4.173733, 93.556563, 0.361048
280, 68.230800, 4.460733, 94.426846, -0.317040
281, 70.429667, 4.719300, 96.788443, 1.330828
282, 72.594667, 4.852167, 99.341967, 2.381390
283, 74.686933, 4.874000, 97.402856, 1.483954
284, 76.650467, 4.843333, 96.092949, 0.495885
285, 78.510400, 4.784467, 96.337705, 0.523680
286, 80.270267, 4.703333, 96.098123, 0.859301
287, 81.960733, 4.671167, 95.880957, 1.387807
288, 83.577400, 4.694267, 96.200841, 1.332878
289, 85.123767, 4.730867, 96.278715, 1.183261
290, 86.609400, 4.791867, 97.116747, 1.749522
291, 88.085967, 4.883300, 97.248337, 2.157760
292, 89.594361, 4.977333, 97.119549, 1.700119
293, 91.161756, 5.086133, 97.595617, 1.656820
294, 92.835208, 5.228500, 97.775768, 1.974164
295, 94.632657, 5.340967, 98.207447, 1.661061
296, 96.596737, 5.527000, 107.648470, 0.943086
297, 98.899625, 5.709367, 121.494417, -0.244398
298, 101.412373, 5.742667, 124.738910, -1.761176
299, 104.128790, 5.758700, 124.522625, -1.808242
300, 106.924707, 5.750767, 128.613691, -1.010086
301, 109.547117, 5.749033, 134.255481, -0.708056
302, 111.975340, 5.762667, 135.349976, -0.857152
303, 114.324450, 5.812000, 133.805268, 0.178334
304, 116.686467, 5.908167, 133.923323, -1.277912
305, 119.038583, 5.955300, 134.500500, -0.933022
306, 121.312173, 5.963733, 133.290883, -0.767854
307, 123.476223, 5.954133, 134.109550, -0.610686
308, 125.515743, 5.963133, 134.651849, -0.095056
309, 127.398103, 5.979500, 134.122337, -0.407046
310, 129.151247, 5.983267, 134.198758, 0.307579
311, 130.830430, 5.971333, 137.233927, 0.259661
312, 132.931150, 6.057025, 153.959773, 0.675063
313, 134.870600, 6.064000, 158.704659, -0.229638
314, 136.404227, 6.012267, 162.066596, 2.026823
315, 138.098384, 5.897033, 161.887813, 1.540474
316, 139.882763, 5.740475, 159.396513, 0.256305
317, 141.409973, 5.642600, 159.154128, -0.581156
318, 142.354375, 5.588200, 159.649606, -0.227542
319, 143.159023, 5.513500, 159.047323, 0.423083
320, 144.111315, 5.410275, 158.966595, 0.265467
321, 144.901590, 5.284867, 158.815616, 0.484510
322, 145.452543, 5.123967, 158.975036, 0.095456
323, 145.990990, 4.978433, 158.958227, 0.690441
324, 146.560927, 4.793967, 159.134099, 0.120896
325, 147.272467, 4.537033, 159.634094, -0.077179
326, 148.148530, 4.255133, 160.003994, -0.363212
327, 149.071677, 3.962900, 159.866083, -0.439469
328, 149.961267, 3.621500, 159.914749, -0.315765
329, 150.799250, 3.268667, 159.822991, -0.287976
330, 151.562953, 2.930933, 159.700517, -0.395295
331, 152.247377, 2.570867, 159.836637, -0.472300
332, 152.879853, 2.122300, 160.059090, -0.091560
333, 153.535267, 1.590467, 166.667162, -1.180607
334, 154.297337, 1.035467, 177.505644, -3.857073
335, 155.153733, 0.536767, 174.761372, -6.160820
336, 156.025753, 0.047719, 174.987468, -6.725831
337, 156.878610, -0.429903, 176.080109, -6.942141
338, 157.669520, -0.842146, 177.990466, -6.078793
339, 158.370063, -1.134804, -179.378898, -4.190374
340, 159.013817, -1.403710, -177.842791, -3.883362
341, 159.462300, -1.609568, -176.108652, -3.501093
342, 159.890660, -1.840082, -177.267371, -3.794680
343, 160.284357, -2.124377, -177.108466, -4.292106
344, 160.548133, -2.354373, -177.208354, -4.193275
345, 160.700740, -2.577423, -177.601761, -4.471094
346, 160.787570, -2.790335, -177.447251, -4.105910
347, 160.842933, -2.954666, -177.618200, -4.507718
348, 160.863370, -3.135043, -178.002198, -4.611427
349, 160.837537, -3.308607, -178.191195, -4.151173
350, 160.793543, -3.447611, -177.890676, -4.220388
351, 160.699597, -3.590834, -177.752046, -4.782256
352, 160.551993, -3.782685, -177.486951, -4.296521
353, 160.370477, -4.013652, -177.593981, -4.171077
354, 160.177740, -4.196098, -177.859453, -4.223196
355, 160.015983, -4.310468, -178.381272, -4.603818
356, 159.890573, -4.318501, -179.272992, -5.042271
357, 159.767703, -4.300227, -177.446820, -3.538453
358, 159.651057, -4.235269, -177.907676, -3.603478
359, 159.544880, -4.180869, -177.916610, -3.882414
360, 159.411777, -4.119031, -178.163603, -3.900613
361, 159.227143, -4.056989, -178.093963, -3.632879
362, 158.960740, -3.932269, 174.584316, -4.400314
363, 158.609583, -3.766251, 164.212522, -0.982396
364, 158.202060, -3.543014, 161.010810, 1.200000
365, 157.816010, -3.290234, 161.097102, 0.573345
366, 157.438597, -3.067283, 160.659969, 0.922518
367, 157.080240, -2.853786, 161.264025, 0.597503
368, 156.761677, -2.620259, 161.225206, 0.289122
369, 156.442173, -2.370000, 161.208440, 0.501923
370, 156.067910, -2.097727, 160.892530, 0.562600
371, 155.625613, -1.820897, 160.879922, 0.529997
372, 155.131283, -1.481733, 161.303536, 0.774732
373, 154.602460, -1.073525, 160.895963, 0.870936
374, 154.085480, -0.643562, 160.617924, 0.598875
375, 153.584023, -0.205384, 160.526182, 0.936683
376, 153.053830, 0.246733, 159.914151, 0.676349
377, 152.517760, 0.702600, 160.530807, 0.847863
378, 151.986187, 1.160167, 160.739633, 0.732052
379, 151.466850, 1.605767, 160.777526, 0.326997
380, 150.971897, 2.025133, 160.605646, 0.324355
381, 150.511563, 2.397833, 160.689400, 0.411920
382, 150.133980, 2.686367, 160.823399, 0.199285
383, 149.864517, 2.921433, 167.363500, -0.885521
384, 149.710047, 3.102033, 171.058226, -1.155694
385, 149.622597, 3.198100, 170.276167, -0.632280
386, 149.609753, 3.197367, 170.969405, -0.345394
387, 149.660123, 3.116967, 171.202966, -0.710676
388, 149.711773, 3.040733, 170.464187, -1.556439
389, 149.776310, 2.964000, 170.525962, -2.039204
390, 149.863053, 2.952067, 170.441120, -1.895349
391, 149.959757, 2.975800, 170.910737, -1.677530
392, 150.067233, 3.029933, 171.298103, -1.485606
393, 150.139070, 3.177700, 172.213220, -0.814679
394, 150.241440, 3.352267, 172.468144, -0.649065
395, 150.346200, 3.485667, 172.307843, -0.761098
396, 150.411690, 3.622967, 171.988842, -0.702700
397, 150.437600, 3.760900, 171.910748, -0.732953
398, 150.396413, 3.881300, 171.935259, -0.626659
399, 150.323893, 4.004967, 172.041686, -0.462790
400, 150.262230, 4.202667, 172.035477, -0.334730
401, 150.215173, 4.398867, 172.263261, -0.234400
402, 150.178777, 4.645767, 172.241608, -0.163868
403, 150.123327, 4.936933, 172.112850, -0.238124
404, 150.073563, 5.237367, 172.146542, -0.012032
405, 150.002203, 5.545267, 171.890188, 0.305678
406, 149.896137, 5.913900, 171.923079, 0.531317
407, 149.772490, 6.353433, 172.011817, 0.740867
408, 149.640980, 6.786133, 174.212182, 0.453733
409, 149.494410, 7.223433, 172.320591, 0.120068
410, 149.312743, 7.698933, 161.756902, 2.580907
411, 149.067580, 8.286967, 152.742606, 6.606418
412, 148.781370, 8.933967, 151.365510, 7.487155
413, 148.483993, 9.677500, 151.348624, 6.678328
414, 148.172510, 10.342700, 151.323542, 7.036881
415, 147.822397, 10.917667, 151.822514, 7.446219
416, 147.449737, 11.413367, 151.761630, 7.920170
417, 146.991530, 11.870667, 151.921503, 7.979050
418, 146.412590, 12.279533, 151.693853, 7.923883
419, 145.687547, 12.686900, 150.880434, 7.763319
420, 144.899600, 13.138567, 150.282239, 7.883137
421, 144.082350, 13.569900, 149.785016, 7.449026
422, 143.294507, 13.937533, 150.185600, 7.380183
423, 142.621427, 14.372333, 150.973108, 7.217805
424, 142.084803, 14.859933, 152.597515, 9.530717
425, 141.661477, 15.421400, 153.171261, 11.043175
426, 141.275810, 15.919733, 153.661120, 11.115069
427, 140.829617, 16.290033, 153.757449, 11.158358
428, 140.318750, 16.546067, 153.451958, 11.270322
429, 139.721263, 16.821000, 152.898243, 10.786370
430, 139.076617, 17.046133, 152.282184, 10.354680
431, 138.367323, 17.247067, 151.652630, 10.361499
432, 137.647847, 17.351167, 151.127329, 7.421162
433, 136.939097, 17.430400, 150.635800, 7.406478
434, 136.250430, 17.554700, 150.977592, 7.318014
435, 135.622403, 17.607333, 150.629485, 6.548286
436, 135.032630, 17.698533, 150.806039, 6.597510
437, 134.400900, 17.742233, 150.883463, 6.598618
438, 133.678090, 17.687333, 150.366855, 6.445487
439, 132.860680, 17.606233, 150.199519, 5.965473
440, 131.944113, 17.437067, 150.110945, 6.221939
441, 130.905563, 17.117000, 150.122753, 5.793950
442, 129.674377, 16.685867, 149.528449, 4.769514
443, 128.260093, 16.173133, 137.458160, 4.518656
444, 126.627733, 15.645400, 124.888323, 1.979508
445, 124.772280, 14.977433, 113.266674, 0.027544
446, 122.806420, 14.480100, 107.795757, -2.153471
447, 120.828980, 14.064333, 105.814323, -1.415507
448, 118.781673, 13.503767, 106.841664, -2.254789
449, 116.788567, 12.975433, 107.421222, -2.195239
450, 114.903260, 12.448400, 107.028014, -3.003879
451, 113.061340, 11.893100, 107.969562, -2.429597
452, 111.352403, 11.393367, 108.430887, -2.415046
453, 109.762200, 11.079800, 107.220769, -2.752189
454, 108.223667, 10.854967, 96.799006, -2.340820
455, 106.776230, 10.533500, 94.474819, -2.969658
456, 105.464757, 10.166200, 94.125439, -1.764118
457, 104.213813, 9.792167, 95.081499, -2.857945
458, 102.955693, 9.442367, 96.615512, -2.064851
459, 101.745357, 9.146267, 96.797321, -2.367747
460, 100.553240, 8.843167, 96.519300, -2.516306
461, 99.344790, 8.548600, 96.446236, -2.809715
462, 98.136744, 8.241533, 96.671275, -1.172220
463, 96.911042, 7.923000, 97.087450, -1.889889
464, 95.677971, 7.602133, 96.473899, -3.338206
465, 94.426677, 7.308367, 96.711926, -3.321809
466, 93.184460, 7.040300, 97.822189, -2.027924
467, 91.928968, 6.870933, 97.733773, -1.647116
468, 90.718567, 6.740433, 97.021710, -2.250394
469, 89.582433, 6.625000, 94.011073, -2.174730
470, 88.490133, 6.552433, 80.876868, 1.509574
471, 87.475667, 6.467033, 80.448020, 3.055612
472, 86.636067, 6.539000, 82.031718, 3.501379
473, 85.942633, 6.537767, 84.919232, 3.201668
474, 85.308600, 6.422033, 86.956393, 3.152389
475, 84.757600, 6.273567, 88.406094, 3.599214
476, 84.254233, 6.066600, 89.559674, 2.166287
477, 83.728900, 5.815067, 91.299051, 2.913088
478, 83.229767, 5.580200, 92.746338, 2.467196
479, 82.811100, 5.367900, 93.809520, 2.242830
480, 82.491067, 5.171567, 96.040549, 2.422025
481, 82.601633, 5.117367, 97.748622, 2.220046
482, 83.389333, 5.093933, 99.973059, 2.896261
483, 84.711066, 5.022267, 102.143274, 3.184212
484, 86.403233, 4.963733, 104.990529, 3.163407
485, 88.252933, 4.935600, 107.302351, 3.467591
486, 90.118444, 4.972767, 109.314856, 3.933044
487, 92.089894, 5.065000, 110.982250, 3.428314
488, 94.143356, 5.053233, 113.458858, 3.594669
489, 96.212474, 4.975067, 115.335532, 3.287625
490, 98.336331, 4.844867, 122.521901, -3.021306
491, 100.506420, 4.552733, 125.494020, -6.112838
492, 102.685653, 4.110267, 127.358535, -6.245585
493, 104.870580, 3.610900, 128.541574, -6.572021
494, 107.038900, 3.056400, 129.476388, -6.488206
495, 109.128900, 2.421600, 132.632046, -5.342696
496, 111.031517, 1.771567, 133.143558, -5.284000
497, 112.779670, 1.139967, 132.040636, -5.792009
498, 114.395020, 0.574800, 132.795877, -5.754943
499, 115.935523, 0.048048, 133.739218, -6.278320
500, 117.379350, -0.417877, 133.901914, -5.400419
501, 118.745593, -0.821243, 135.409003, -5.648932
502, 120.048443, -1.116739, 136.105212, -5.713818
503, 121.302070, -1.324308, 136.543992, -4.776438
504, 122.484400, -1.460365, 137.413870, -4.866083
505, 123.585067, -1.484297, 138.462812, -4.697124
506, 124.659770, -1.479544, 139.789048, -4.574897
507, 125.648693, -1.380421, 140.783715, -4.168403
508, 126.639483, -1.034186, 141.208358, -3.767425
509, 127.619450, 0.053510, 140.935472, -4.099949
510, 128.602113, 1.861233, 141.795994, -2.999212
511, 129.655453, 3.728766, 142.672498, -1.547809
512, 130.825587, 5.699534, 149.099083, 1.438932
513, 132.053727, 7.264767, 149.467635, 1.458815
514, 133.369403, 8.330300, 150.373040, -0.287984
515, 134.704230, 8.872967, 149.847640, 0.473891
516, 135.889513, 9.115833, 150.251025, 0.477482
517, 136.876250, 9.370500, 150.964162, -0.330030
518, 137.811033, 9.816033, 151.574086, -0.528794
519, 138.837457, 10.203433, 152.082110, -0.139976
520, 139.942967, 10.442367, 153.075875, 0.187591
521, 141.119370, 10.554867, 154.131434, -0.261791
522, 142.357423, 10.640067, 156.121973, -2.183191
523, 143.605787, 10.719367, 156.623299, -3.532815
524, 144.813723, 10.860133, 157.825630, -3.096687
525, 145.897107, 10.968600, 158.406577, -3.250571
526, 146.857673, 11.079633, 158.514669, -2.351676
527, 147.720967, 11.132467, 159.078397, -2.530123
528, 148.498933, 11.135733, 159.009715, -2.437333
529, 149.200683, 11.069100, 159.537608, -2.516819
530, 149.854953, 10.927367, 159.941558, -2.225678
531, 150.505603, 10.776433, 160.314127, -2.263858
532, 151.106863, 10.626433, 160.585330, -1.954540
533, 151.658893, 10.522500, 160.925537, -2.150623
534, 152.144643, 10.441000, 161.064213, -2.405236
535, 152.546317, 10.349467, 161.188842, -1.799875
536, 152.845867, 10.200933, 161.113360, -1.789608
537, 153.045980, 10.030967, 161.380071, -1.856034
538, 153.223680, 9.834467, 161.566320, -1.999826
539, 153.352800, 9.548267, 161.475422, -2.239136
540, 153.433930, 9.207867, 161.367729, -2.385836
541, 153.491997, 8.809067, 161.359992, -2.467546
542, 153.548747, 8.374967, 161.390033, -3.028665
543, 153.651383, 7.991933, 161.419480, -2.435729
544, 153.803217, 7.621467, 161.676479, -2.266913
545, 153.959337, 7.286600, 161.990419, -2.006593
546, 154.100860, 6.934800, 162.368163, -1.966931
547, 154.208967, 6.609567, 162.583630, -2.345334
548, 154.274787, 6.354967, 162.719212, -2.249138
549, 154.289213, 6.125267, 162.620038, -1.992363
550, 154.172620, 5.842033, 162.461798, -2.207723
551, 153.929387, 5.527233, 162.340544, -2.319320
552, 153.600650, 5.077900, 162.088349, -2.489849
553, 153.143973, 4.314233, 161.808990, -2.816463
554, 152.600017, 3.266733, 161.472056, -3.303438
555, 151.977993, 2.036733, 161.345588, -3.701865
556, 151.278357, 0.707833, 160.943288, -3.983081
557, 150.512230, -0.874746, 161.026370, -4.553309
558, 149.771953, -2.481798, 160.677281, -3.499141
559, 149.088033, -4.152553, 160.580789, -3.734767
560, 148.422453, -5.791724, 160.870308, -3.189264
561, 147.943433, -7.014543, 160.595887, -3.679061
562, 147.584693, -7.902700, 161.397562, -4.361918
563, 147.359350, -8.295815, 162.134629, -3.368901
564, 147.237143, -8.567704, 161.867209, -2.911445
565, 147.104973, -8.711111, 161.833934, -3.045196
566, 147.001437, -8.777062, 161.701774, -3.081012
567, 146.904433, -8.772529, 161.643267, -2.983112
568, 146.766057, -8.713987, 161.702609, -2.790183
569, 146.569853, -8.667999, 161.702704, -2.987170
570, 146.309110, -8.616164, 161.620582, -2.874220
571, 145.996000, -8.578732, 161.669880, -3.133154
572, 145.642870, -8.515416, 161.673084, -2.868368
573, 145.258393, -8.431901, 161.217622, -3.088772
574, 144.854033, -8.274626, 161.477036, -2.771319
575, 144.410647, -8.070940, 161.483131, -2.499270
576, 143.896683, -7.779280, 161.260780, -2.419562
577, 143.348163, -7.388823, 161.369249, -1.993013
578, 142.758717, -6.835749, 161.571921, -1.520330
579, 142.201250, -6.119697, 161.601382, -0.708086
580, 141.661100, -5.275081, 161.408165, 0.328047
581, 141.149647, -4.278607, 161.567987, 0.350309
582, 140.621320, -2.991161, 160.575599, -0.358682
583, 139.989373, -1.496756, 162.208950, 0.438060
584, 139.278667, 0.364866, 159.288828, 0.487282
585, 138.357757, 2.782034, 153.688818, 3.659187
586, 137.410857, 4.910067, 151.073984, 4.018799
587, 136.571943, 6.730667, 150.798599, 4.271678
588, 135.783317, 8.232900, 150.411137, 4.415692
589, 135.178470, 9.237333, 151.607735, 2.745055
590, 134.604750, 9.734700, 151.128995, 1.012026
591, 133.877403, 10.007667, 150.816626, 1.800404
592, 133.084307, 10.174267, 150.579015, 1.444268
593, 132.274943, 10.154833, 150.214922, 1.530019
594, 131.437973, 10.174333, 150.701672, 1.810845
595, 130.554270, 10.168467, 151.020312, 0.781513
596, 129.534703, 10.163867, 151.057299, 1.267849
597, 128.322997, 10.097233, 141.416718, 2.272143
598, 126.802040, 9.912600, 126.292474, 0.028480
599, 124.848677, 9.603400, 114.278734, -2.264982
600, 123.318340, 9.504300, 111.800525, -2.964393
