1, 53.242088, 5.982565, 63.094211, -2.945200
2, 88.846200, 6.390700, 99.715166, -0.781436
3, 88.360300, 6.444867, 99.337359, -1.536607
4, 87.970467, 6.476200, 99.179875, -2.291767
5, 87.700833, 6.458400, 99.484948, -2.374416
6, 87.405233, 6.436367, 99.537767, -2.085847
7, 87.058100, 6.432267, 99.693224, -2.077454
8, 86.592667, 6.441733, 99.347422, -2.221247
9, 86.021100, 6.449433, 98.923405, -2.145056
10, 85.330533, 6.480067, 98.239820, -1.579388
11, 84.585233, 6.465233, 97.614287, -1.230425
12, 83.821567, 6.418633, 97.349932, -2.006464
13, 83.090200, 6.334300, 97.776612, -3.620004
14, 82.421100, 6.194333, 91.970742, -7.040838
15, 81.767167, 5.957867, 84.890262, -12.650312
16, 81.087533, 5.655800, 82.936509, -13.552734
17, 80.395600, 5.293200, 83.055726, -13.753088
18, 79.674033, 4.849433, 81.234984, -13.564037
19, 78.982367, 4.396033, 82.369047, -13.637313
20, 78.390800, 3.957200, 83.721556, -12.403597
21, 77.870167, 3.443633, 86.116601, -8.799901
22, 77.413900, 2.872733, 87.634842, -8.447838
23, 77.013200, 2.307100, 87.074769, -8.391370
24, 76.655200, 1.721767, 87.128533, -8.424899
25, 76.351167, 1.096067, 87.144186, -8.705928
26, 76.090100, 0.475533, 87.280982, -9.149433
27, 75.840767, -0.192248, 87.089828, -9.378248
28, 75.583367, -0.873315, 86.680022, -8.314555
29, 75.335200, -1.552003, 86.565344, -8.979047
30, 75.085400, -2.234029, 86.318281, -9.647155
31, 74.847200, -2.914157, 86.043966, -9.935045
32, 74.658767, -3.503493, 86.273818, -10.193328
33, 74.535133, -3.983452, 86.091085, -10.959635
34, 74.455333, -4.441325, 85.708113, -10.811355
35, 74.403933, -4.833046, 85.817962, -10.437685
36, 74.380933, -5.089155, 85.680285, -10.146407
37, 74.341833, -5.333143, 85.696012, -10.517169
38, 74.242400, -5.639243, 85.693068, -9.273923
39, 74.119167, -5.965415, 85.285552, -9.664285
40, 73.975533, -6.241070, 84.944954, -10.003619
41, 73.784567, -6.480735, 84.554490, -10.420649
42, 73.587333, -6.761507, 84.333010, -10.458019
43, 73.426933, -7.059563, 84.216662, -10.300666
44, 73.297567, -7.426707, 83.940741, -10.593376
45, 73.172433, -7.832427, 83.835156, -10.541100
46, 73.059333, -8.306794, 83.008653, -16.633887
47, 72.925033, -8.813263, 81.931818, -19.077013
48, 72.718700, -9.232567, 81.802037, -19.771906
49, 72.412000, -9.548213, 81.670667, -20.031142
50, 71.936367, -9.770455, 81.310353, -20.182370
51, 71.311133, -9.934628, 80.966342, -20.085452
52, 70.631167, -10.055070, 80.501171, -20.213375
53, 69.973400, -10.131857, 80.195577, -19.826490
54, 69.354833, -10.216503, 80.135974, -19.742747
55, 68.719600, -10.310320, 79.604276, -19.672536
56, 68.071067, -10.407617, 79.500157, -19.735281
57, 67.409400, -10.458497, 79.147015, -19.761549
58, 66.750600, -10.524870, 79.001247, -19.539112
59, 66.057567, -10.607920, 79.724316, -19.739318
60, 65.342833, -10.674300, 79.292249, -19.837831
61, 64.622033, -10.700097, 78.931758, -19.563434
62, 63.874633, -10.691833, 73.970944, -20.379906
63, 63.020033, -10.675380, 59.775290, -24.336780
64, 62.024600, -10.637240, 57.561509, -24.654916
65, 60.964633, -10.576040, 57.288329, -23.786437
66, 59.744633, -10.485927, 56.951440, -23.644043
67, 58.426900, -10.400800, 57.725892, -24.097779
68, 56.978700, -10.355853, 57.518430, -24.426820
69, 55.428000, -10.230910, 57.686646, -23.787013
70, 53.961067, -10.040927, 56.546365, -23.993389
71, 52.516100, -9.896320, 57.219901, -23.681911
72, 51.091500, -9.783599, 57.501333, -24.152629
73, 49.712767, -9.733810, 57.065815, -24.278763
74, 48.362733, -9.688156, 56.452485, -24.346507
75, 47.038500, -9.637097, 56.233460, -24.292280
76, 45.726267, -9.586456, 56.361170, -23.533519
77, 44.416800, -9.482268, 56.182885, -23.429077
78, 43.065667, -9.389362, 55.937473, -23.737119
79, 41.691100, -9.285073, 54.540535, -23.416872
80, 40.247367, -9.167884, 54.188578, -24.704887
81, 38.749433, -9.033758, 55.444342, -24.351083
82, 37.194567, -8.886504, 55.803202, -23.123024
83, 35.572800, -8.703294, 51.644323, -22.031712
84, 33.750134, -8.438853, 33.022133, -20.638309
85, 31.703967, -8.172022, 17.845926, -18.384848
86, 29.657633, -7.854593, 6.778113, -21.998543
87, 27.676533, -7.528253, 7.155659, -21.438269
88, 25.873433, -7.266841, 7.385010, -20.763217
89, 24.180500, -6.965353, 7.343226, -19.245815
90, 22.561300, -6.681601, 6.570391, -19.124344
91, 20.999867, -6.408114, 6.370606, -19.159591
92, 19.388333, -6.168004, 6.001743, -17.764987
93, 17.766000, -5.965416, 6.180892, -17.361990
94, 16.069167, -5.695598, 6.381744, -18.381692
95, 14.368000, -5.418104, 6.570126, -18.283986
96, 12.712167, -5.048690, 4.977482, -18.728281
97, 11.049867, -4.534325, 5.543801, -18.640697
98, 9.389100, -3.958305, 6.753151, -17.733740
99, 7.802500, -3.333141, 6.080745, -17.564133
100, 6.263800, -2.609373, 6.365580, -17.342738
101, 4.806200, -1.842515, 6.466102, -17.479088
102, 3.441400, -1.120265, 6.313088, -16.816775
103, 2.165600, -0.476019, 5.790752, -17.005347
104, 0.924667, 0.180115, 5.045745, -16.735763
105, -0.247433, 0.829733, 4.668722, -16.003522
106, -1.375467, 1.498000, 3.762757, -15.353021
107, -2.565733, 2.190767, 2.869845, -14.540744
108, -3.773500, 2.917867, 2.196002, -13.971491
109, -5.004067, 3.615400, 1.613858, -13.409442
110, -6.317100, 4.359333, -6.520948, -6.891325
111, -7.724833, 5.234300, -17.959967, 6.378947
112, -9.117133, 6.170833, -18.623431, 5.094847
113, -10.439267, 7.082833, -17.350534, 4.490004
114, -11.678533, 7.936067, -17.455135, 4.832494
115, -12.798333, 8.753800, -17.419997, 4.529706
116, -13.825633, 9.518267, -16.815783, 4.314321
117, -14.805167, 10.243300, -17.746247, 3.891500
118, -15.805233, 10.961767, -17.746360, 3.676004
119, -16.794933, 11.613500, -17.817544, 3.894251
120, -17.773900, 12.252100, -17.546462, 3.660289
121, -18.727667, 12.774267, -17.020825, 3.718134
122, -19.615333, 13.157667, -16.691307, 3.817101
123, -20.455767, 13.401700, -16.272270, 3.629946
124, -21.256633, 13.539400, -16.571489, 3.291048
125, -22.014300, 13.598233, -16.627217, 3.599472
126, -22.707300, 13.490267, -16.398242, 2.808943
127, -23.306767, 13.292033, -16.357481, 2.788067
128, -23.889833, 13.194333, -16.488306, 2.512699
129, -24.482867, 13.121267, -16.339743, 2.408263
130, -25.012833, 12.992033, -16.591471, 2.584668
131, -25.530467, 12.903567, -16.709678, 2.739617
132, -26.087167, 12.844333, -17.255030, 2.834704
133, -26.673100, 12.753767, -18.149261, 2.697019
134, -27.461333, 12.669567, -34.398681, -2.949525
135, -28.476200, 12.454433, -40.704849, -4.736004
136, -29.412233, 12.113967, -40.666074, -5.270521
137, -30.229933, 11.789867, -41.161111, -5.009866
138, -30.842100, 11.493300, -41.136223, -5.106966
139, -31.268800, 11.202900, -41.703350, -5.578676
140, -31.629233, 10.891100, -41.503557, -5.425428
141, -31.975133, 10.711467, -40.723684, -5.403107
142, -32.376267, 10.639400, -41.139474, -5.312854
143, -32.778333, 10.505633, -41.438881, -4.940089
144, -33.171000, 10.330033, -41.727192, -4.980060
145, -33.564133, 10.157533, -41.814642, -5.319215
146, -33.939333, 10.014500, -42.329866, -5.231214
147, -34.285367, 9.911667, -41.456774, -5.226620
148, -34.607033, 9.830767, -41.040122, -5.112180
149, -34.900767, 9.770933, -40.853675, -5.071485
150, -35.145600, 9.750667, -36.275508, 0.610707
151, -35.324400, 9.742067, -29.147333, 7.388846
152, -35.386267, 9.756300, -29.312703, 8.312493
153, -35.374533, 9.751433, -29.053132, 8.049134
154, -35.311600, 9.757767, -29.167293, 8.438773
155, -35.185467, 9.777933, -28.851240, 8.078691
156, -35.019600, 9.775533, -28.742803, 7.958352
157, -34.873767, 9.759400, -28.794537, 8.145688
158, -34.770333, 9.768767, -29.106288, 7.990256
159, -34.703433, 9.781000, -29.432835, 8.063692
160, -34.657200, 9.735967, -29.257005, 8.017661
161, -34.633667, 9.650000, -29.307915, 8.246039
162, -34.608200, 9.465367, -29.270945, 8.241914
163, -34.564500, 9.064200, -29.179338, 7.632605
164, -34.508800, 8.484667, -29.104654, 7.523985
165, -34.558933, 8.062067, -29.345059, 7.623224
166, -34.829133, 7.677233, -28.641871, 7.332564
167, -35.247900, 7.215600, -29.143239, 6.780471
168, -35.789800, 6.700167, -29.790952, 6.488310
169, -36.431633, 6.008067, -38.703602, 0.452972
170, -37.152767, 5.210733, -52.245212, -7.964721
171, -37.928867, 4.489300, -56.068855, -8.143838
172, -38.665967, 3.855033, -55.349768, -8.560067
173, -39.363233, 3.232600, -55.868170, -8.117852
174, -39.960533, 2.700833, -55.646426, -9.171785
175, -40.491033, 2.277700, -55.027672, -8.232386
176, -40.957733, 1.775500, -54.586941, -8.691433
177, -41.399100, 1.243133, -54.080750, -8.279523
178, -41.836867, 0.751167, -53.950685, -7.504205
179, -42.271967, 0.293467, -54.041712, -7.621489
180, -42.683633, -0.131946, -54.010763, -7.567368
181, -43.057467, -0.538668, -54.538458, -6.766407
182, -43.379967, -0.894862, -54.540591, -6.729489
183, -43.641767, -1.226676, -54.484578, -6.929730
184, -43.812633, -1.560586, -54.128435, -6.235905
185, -43.894267, -1.932861, -53.854909, -6.461502
186, -43.944500, -2.327759, -53.482049, -7.055422
187, -43.976133, -2.734410, -53.453319, -7.451733
188, -43.952267, -3.187193, -53.661768, -7.530166
189, -43.895300, -3.636613, -52.426647, -18.715749
190, -43.811433, -4.012174, -51.256115, -26.644445
191, -43.716000, -4.256482, -50.309320, -26.839399
192, -43.630333, -4.418863, -49.688458, -27.359652
193, -43.573133, -4.556951, -50.243764, -26.430992
194, -43.556300, -4.663942, -50.478648, -26.557985
195, -43.561300, -4.743028, -50.486632, -26.577113
196, -43.595167, -4.782717, -50.809023, -26.676871
197, -43.600200, -4.746911, -50.949138, -26.591219
198, -43.560267, -4.616733, -51.060115, -26.451733
199, -43.480067, -4.421383, -51.049290, -26.189248
200, -43.404433, -4.061047, -51.268550, -25.899043
201, -43.354167, -3.553171, -50.932089, -25.523760
202, -43.338833, -2.889662, -50.832173, -25.128746
203, -43.329367, -2.103586, -54.715600, -9.207380
204, -43.293933, -0.961296, -56.437422, 5.876347
205, -43.203367, 0.164407, -56.203411, 7.208642
206, -43.017133, 1.088667, -54.772821, 8.983753
207, -42.784033, 1.959033, -53.391270, 7.413088
208, -42.511100, 2.672067, -54.147728, 6.454502
209, -42.264967, 3.226500, -55.649856, 7.827223
210, -42.036267, 3.701767, -54.862446, 7.221847
211, -41.818967, 4.214533, -54.547230, 7.316106
212, -41.608867, 4.666467, -54.118204, 7.668968
213, -41.382500, 5.049867, -52.783413, 7.108326
214, -41.091567, 5.391167, -53.064482, 6.639679
215, -40.689600, 5.675633, -53.733883, 6.192427
216, -40.185400, 5.960667, -54.301499, 6.138120
217, -39.590100, 6.178833, -54.362454, 6.101293
218, -38.934000, 6.327867, -53.696130, 5.985389
219, -38.278567, 6.421800, -54.014644, 6.076073
220, -37.682600, 6.513800, -55.174380, 5.965961
221, -37.118900, 6.498933, -55.886744, 5.815445
222, -36.493700, 6.202667, -46.239470, 3.746272
223, -35.599100, 5.703633, -29.814918, -4.733844
224, -34.566033, 5.211333, -19.608335, -13.165492
225, -33.471833, 4.570200, -19.579736, -14.215404
226, -32.486000, 4.068700, -19.594307, -14.482598
227, -31.597133, 3.527267, -19.193468, -14.962893
228, -30.754367, 2.922733, -19.805749, -14.508902
229, -29.973733, 2.309033, -20.566861, -13.980532
230, -29.209467, 1.749233, -20.444563, -13.509036
231, -28.371300, 1.272200, -19.762765, -14.019739
232, -27.567067, 1.008100, -21.200222, -17.979332
233, -26.733333, 0.795133, -23.599867, -19.092443
234, -25.898100, 0.715900, -23.333550, -18.364302
235, -25.042433, 0.640167, -22.482311, -18.271187
236, -24.162733, 0.597267, -22.999634, -19.069991
237, -23.290767, 0.585400, -22.919149, -18.728265
238, -22.430967, 0.535167, -23.067540, -18.377824
239, -21.564133, 0.457467, -22.970406, -18.948812
240, -20.667967, 0.369767, -23.068076, -18.563038
241, -19.744633, 0.290933, -23.303345, -17.869182
242, -18.787767, 0.293000, -22.800321, -17.643698
243, -17.815500, 0.279667, -22.194451, -18.452115
244, -16.823700, 0.234667, -22.638002, -18.121149
245, -15.777067, 0.177033, -21.874096, -18.738814
246, -14.627967, 0.091100, -21.883013, -18.873461
247, -13.362567, 0.003945, -19.962025, -18.411291
248, -12.006500, 0.016557, -4.200500, -11.507627
249, -10.538767, 0.115333, 10.042793, -10.098617
250, -9.033767, 0.259667, 19.205353, -9.771220
251, -7.477900, 0.325300, 17.013028, -10.337234
252, -5.919067, 0.361367, 17.906222, -9.376194
253, -4.277600, 0.298100, 18.557123, -8.761620
254, -2.444233, 0.197933, 19.538647, -8.794052
255, -0.516833, 0.144200, 19.564061, -9.816142
256, 1.503467, 0.055067, 19.280089, -9.547301
257, 3.592233, -0.018213, 20.694222, -8.788577
258, 5.659933, -0.016020, 19.877621, -9.637456
259, 7.692033, -0.039837, 20.199700, -9.724696
260, 9.664500, -0.057942, 20.807889, -9.568371
261, 11.573067, -0.089086, 21.109392, -9.238763
262, 13.495067, -0.212633, 21.774561, -8.753067
263, 15.441133, -0.295911, 22.630743, -8.970458
264, 17.436933, -0.335371, 22.263934, -8.662813
265, 19.553133, -0.397297, 22.475348, -9.082183
266, 21.769333, -0.480621, 31.958259, -8.813092
267, 24.238699, -0.623832, 46.997338, -10.024022
268, 26.909900, -0.775725, 51.577624, -10.713558
269, 29.516800, -0.911461, 52.134123, -11.448531
270, 32.004433, -1.051802, 54.692576, -10.263202
271, 34.464767, -1.222226, 54.823254, -10.428654
272, 36.841233, -1.355663, 55.753243, -10.450610
273, 39.138233, -1.493592, 55.476066, -10.762865
274, 41.378567, -1.538341, 54.258337, -9.885946
275, 43.527333, -1.507183, 53.568832, -8.627513
276, 45.552833, -1.462966, 54.246987, -8.202436
277, 47.524167, -1.423921, 55.627538, -8.657973
278, 49.419567, -1.392606, 56.125128, -8.998853
279, 51.312233, -1.330839, 56.436492, -8.989194
280, 53.272833, -1.281276, 55.553462, -9.074989
281, 55.335500, -1.245506, 57.256938, -8.571128
282, 57.586233, -1.250647, 71.257116, -7.528150
283, 60.143299, -1.271236, 86.067974, -7.489909
284, 62.918167, -1.317258, 89.498958, -8.548534
285, 65.748533, -1.337878, 93.382652, -8.577416
286, 68.591900, -1.345185, 93.619006, -8.336239
287, 71.387767, -1.314308, 98.499734, -6.341443
288, 74.075567, -1.243634, 102.413552, -6.395556
289, 76.579600, -1.130620, 99.064480, -7.531272
290, 78.962700, -0.997647, 98.443990, -8.007939
291, 81.311167, -0.917292, 98.409407, -7.806231
292, 83.661200, -0.892199, 97.009441, -7.022465
293, 85.967767, -0.945695, 99.229479, -7.474142
294, 88.300967, -1.000926, 99.178758, -6.617213
295, 90.667701, -1.145997, 99.508898, -6.382872
296, 92.934381, -1.294641, 99.801267, -6.021813
297, 95.122969, -1.345652, 100.585352, -6.504219
298, 97.238456, -1.306698, 101.563994, -6.189733
299, 99.378967, -1.222220, 116.212470, -5.850857
300, 101.567267, -1.147314, 126.097133, -4.836220
301, 103.715664, -1.089166, 125.653870, -4.735926
302, 105.777947, -1.032728, 124.158929, -5.759154
303, 107.759653, -0.966076, 125.371307, -5.773165
304, 109.623700, -0.870550, 124.810680, -5.496308
305, 111.357757, -0.803029, 125.462290, -5.887243
306, 112.981783, -0.738536, 125.000473, -5.945282
307, 114.455050, -0.723423, 125.127329, -5.352295
308, 115.770943, -0.709674, 125.262810, -4.797098
309, 116.999973, -0.707795, 125.580831, -4.484670
310, 118.142417, -0.729267, 125.663996, -4.442486
311, 119.254970, -0.827760, 130.882217, -9.862164
312, 120.330993, -1.017887, 131.846354, -11.525675
313, 121.363803, -1.225442, 133.512114, -12.223008
314, 122.333700, -1.439215, 133.784321, -12.719791
315, 123.241677, -1.624670, 133.072318, -11.496531
316, 124.094693, -1.750783, 132.917329, -11.790178
317, 124.909050, -1.905499, 132.623936, -12.542017
318, 125.679707, -2.108716, 132.910487, -12.309642
319, 126.476197, -2.396662, 132.734985, -12.287701
320, 127.260883, -2.818288, 132.917394, -12.836542
321, 128.048503, -3.409553, 133.139157, -12.664246
322, 128.843080, -4.097090, 133.335987, -12.862433
323, 129.599613, -4.731059, 133.105496, -12.652081
324, 130.281360, -5.280780, 134.769509, -13.222744
325, 130.968920, -5.877370, 144.791539, -23.042653
326, 131.680733, -6.614480, 146.133366, -25.068371
327, 132.375807, -7.343073, 146.506454, -24.985573
328, 133.037763, -8.063692, 147.011275, -25.237659
329, 133.652103, -8.699610, 147.003866, -24.729879
330, 134.171927, -9.167898, 147.039346, -24.422629
331, 134.549643, -9.502411, 148.372756, -24.278836
332, 134.818327, -9.837083, 149.016948, -24.976386
333, 134.954937, -10.178847, 148.315692, -25.149286
334, 135.019540, -10.387167, 148.424948, -25.018409
335, 135.017430, -10.436860, 151.341838, -27.095931
336, 134.986333, -10.481480, 150.912603, -27.493275
337, 134.924577, -10.587357, 150.738427, -27.342820
338, 134.858840, -10.666197, 150.372539, -27.118115
339, 134.793550, -10.732327, 149.982724, -26.745913
340, 134.729973, -10.775400, 149.146655, -25.532356
341, 134.660277, -10.760327, 148.867771, -25.499774
342, 134.578960, -10.712760, 148.719049, -25.452385
343, 134.508757, -10.669700, 149.311487, -25.946979
344, 134.432340, -10.645427, 149.658762, -26.147375
345, 134.347530, -10.619177, 149.529191, -26.180531
346, 134.291053, -10.629210, 149.654025, -26.504605
347, 134.325580, -10.594653, 149.085085, -26.404054
348, 134.489853, -10.469353, 150.001460, -27.051628
349, 134.736313, -10.151813, 142.355553, -13.640818
350, 135.015103, -9.496167, 139.748268, -5.903870
351, 135.335863, -8.762409, 141.235237, -4.962189
352, 135.710943, -8.102933, 141.447404, -4.743348
353, 136.090667, -7.548057, 141.517124, -4.516259
354, 136.495610, -7.064457, 140.828118, -5.256244
355, 136.888593, -6.600693, 140.660654, -5.033639
356, 137.265677, -6.188075, 140.684489, -4.843668
357, 137.578390, -5.806028, 140.684742, -5.305164
358, 137.817120, -5.451230, 140.585224, -5.186506
359, 138.008877, -5.154192, 140.698853, -5.048493
360, 138.159200, -4.865405, 140.767240, -4.870467
361, 138.323400, -4.578281, 140.704940, -4.924243
362, 138.533437, -4.268577, 140.747597, -4.703922
363, 138.792857, -3.938339, 140.736777, -4.407657
364, 139.159870, -3.633600, 140.921945, -4.487587
365, 139.609307, -3.330128, 141.015772, -4.443910
366, 140.118470, -3.051493, 141.031921, -4.463542
367, 140.669250, -2.810143, 141.323560, -4.472392
368, 141.292310, -2.624543, 142.025006, -4.989047
369, 142.012680, -2.498477, 142.181784, -5.415893
370, 142.840080, -2.494187, 141.712035, -4.939294
371, 143.836377, -2.482786, 151.743517, -6.351038
372, 145.242563, -2.439835, 168.569033, -7.431082
373, 147.003683, -2.370380, 170.859477, -9.599583
374, 148.772687, -2.288523, 174.615914, -9.911628
375, 150.519603, -2.230818, 174.782469, -8.866519
376, 152.090307, -2.213471, 174.874711, -8.343216
377, 153.439527, -2.222072, 179.949446, -7.153939
378, 154.616790, -2.326731, -172.220543, -5.695268
379, 155.688480, -2.498082, -176.493603, -7.197488
380, 156.783580, -2.669333, -178.111366, -7.978989
381, 157.997173, -2.827201, 178.966915, -8.684398
382, 159.284693, -2.924896, 177.854571, -9.005198
383, 160.549083, -2.908976, 179.035018, -8.814575
384, 161.762843, -2.745386, -179.784071, -8.724224
385, 162.878490, -2.567036, 179.495433, -7.916856
386, 163.872450, -2.425287, -178.871021, -8.144447
387, 164.813703, -2.302723, -172.006244, -12.662224
388, 165.749130, -2.244425, -169.891564, -13.736026
389, 166.644250, -2.240520, -168.332684, -13.522222
390, 167.492200, -2.308938, -170.801767, -14.172148
391, 168.293810, -2.436555, -170.509525, -13.599442
392, 169.075917, -2.579550, -169.839612, -13.616550
393, 169.865177, -2.783091, -170.344429, -13.957065
394, 170.698157, -2.933323, -169.980258, -13.828618
395, 171.540220, -3.026864, -170.336942, -13.735394
396, 172.386607, -3.073499, -170.966311, -13.864090
397, 173.203080, -3.130382, -170.484502, -14.107633
398, 173.934047, -3.242521, -170.946937, -14.173999
399, 174.602120, -3.358792, -171.066341, -14.041407
400, 175.263307, -3.526199, -168.776478, -14.181462
401, 175.961460, -3.711285, -157.897416, -17.232003
402, 176.742747, -3.929527, -155.722604, -17.171017
403, 177.500090, -4.160915, -155.562625, -17.676114
404, 178.195687, -4.349691, -154.434842, -17.883370
405, 178.821433, -4.506317, -152.931925, -18.028365
406, 179.356410, -4.589831, -152.282560, -18.117866
407, 179.808640, -4.593642, -150.502927, -17.506117
408, -179.746720, -4.574363, -154.086032, -17.975795
409, -179.280710, -4.517321, -155.522237, -17.527309
410, -178.801357, -4.443526, -156.660077, -17.501078
411, -178.381993, -4.364491, -156.495157, -17.612713
412, -178.100953, -4.307925, -157.929612, -17.590288
413, -177.927613, -4.350620, -158.648257, -17.481568
414, -177.785660, -4.414463, -159.065861, -17.560170
415, -177.677800, -4.422871, -159.100438, -17.688298
416, -177.541147, -4.291259, -159.096553, -17.226142
417, -177.315150, -4.019934, -158.825992, -16.920648
418, -177.064530, -3.634312, -158.404150, -16.144675
419, -176.862630, -3.339187, -158.130210, -16.377861
420, -176.781403, -3.080375, -158.266923, -16.809606
421, -176.874137, -2.866767, -158.321925, -16.937145
422, -177.140493, -2.683529, -158.428360, -16.842628
423, -177.588283, -2.457136, -158.824136, -16.431870
424, -178.156580, -2.139392, -159.285524, -16.295163
425, -178.781187, -1.671721, -159.848453, -16.093617
426, -179.439557, -1.034416, -160.696746, -15.717129
427, 179.882083, -0.227482, -160.774408, -15.417025
428, 179.196527, 0.592267, -159.427009, -15.941560
429, 178.488137, 1.521133, -170.746932, -5.963870
430, 177.701113, 2.561900, -179.068673, 4.261794
431, 176.880857, 3.552167, 172.638156, 7.940241
432, 176.045580, 4.473933, 171.542828, 8.077864
433, 175.195330, 5.258200, 171.768058, 8.028367
434, 174.235167, 5.975100, 171.210048, 8.598637
435, 173.216277, 6.527500, 171.206332, 8.829974
436, 172.165953, 6.896567, 171.198409, 8.012514
437, 171.094743, 7.345067, 171.383069, 8.888141
438, 170.096323, 7.761500, 170.905009, 9.091184
439, 169.126463, 8.153233, 169.914069, 8.898919
440, 168.186553, 8.622767, 170.399138, 8.071968
441, 167.296273, 9.298633, 171.070162, 8.188699
442, 166.386257, 9.869333, 171.565102, 8.129017
443, 165.305223, 10.218267, 172.035402, 8.264063
444, 164.145947, 10.577033, 171.152858, 7.516996
445, 162.935190, 10.928633, 170.420888, 7.729630
446, 161.694130, 11.086333, 170.148310, 7.533211
447, 160.386243, 11.076200, 169.826918, 7.594036
448, 159.069463, 11.029100, 164.502870, 2.051074
449, 157.775257, 10.859800, 159.134430, -4.915217
450, 156.463430, 10.705633, 159.156860, -5.397416
451, 155.244523, 10.641533, 159.270755, -4.309555
452, 154.052240, 10.679233, 159.218641, -4.694117
453, 152.898947, 10.795500, 158.950860, -5.015815
454, 151.684653, 10.957500, 159.132600, -4.704952
455, 150.329083, 11.119000, 158.404915, -4.027186
456, 148.833267, 11.204233, 158.584153, -3.437681
457, 147.234003, 11.181867, 158.319472, -4.036624
458, 145.660503, 11.166033, 158.228748, -5.756982
459, 144.223093, 11.146600, 152.069394, -3.603811
460, 142.875210, 10.961167, 145.261285, -1.227124
461, 141.509110, 10.624567, 145.282493, -1.619824
462, 140.158147, 10.224767, 145.140994, -1.313359
463, 138.906707, 9.888333, 144.898889, -1.468074
464, 137.829117, 9.577800, 145.100575, -1.318135
465, 136.757523, 9.246500, 144.843399, -1.582427
466, 135.635667, 8.943167, 144.796117, -1.733018
467, 134.491883, 8.821900, 145.496233, -1.525689
468, 133.319650, 8.698867, 145.142614, -0.986661
469, 132.056203, 8.514400, 144.157660, -0.934505
470, 130.619247, 8.245233, 143.192333, -0.621876
471, 128.927653, 7.922667, 143.201833, -0.658373
472, 127.008434, 7.657700, 142.946938, -0.483140
473, 124.784920, 7.257867, 130.516609, -1.062950
474, 122.125520, 6.825600, 114.091665, -0.938565
475, 119.177350, 6.408400, 100.217336, -2.942554
476, 116.190020, 6.038967, 92.391039, -2.055556
477, 113.351179, 5.839900, 85.297056, -3.085866
478, 111.026420, 5.717233, 87.609897, -6.724003
479, 108.962303, 5.488667, 89.676059, -8.411310
480, 106.797213, 5.200200, 88.139565, -3.393768
481, 104.583513, 4.994267, 88.484814, -3.839172
482, 102.401177, 4.886533, 88.889584, -2.554776
483, 100.202820, 4.607267, 88.754784, -2.397359
484, 97.997745, 4.273033, 88.373519, -2.572255
485, 96.066378, 4.152833, 90.074129, -1.850123
486, 94.358559, 4.106667, 88.746177, -2.596463
487, 92.727957, 3.985000, 89.842333, -2.842947
488, 91.178835, 3.822000, 90.341915, -2.722869
489, 89.638475, 3.667100, 90.898034, -2.456887
490, 88.094033, 3.586133, 90.669170, -2.645541
491, 86.550700, 3.555167, 90.535855, -3.256167
492, 84.961633, 3.504033, 90.525032, -3.134166
493, 83.369867, 3.325967, 86.570495, -4.198551
494, 81.639967, 2.942200, 72.574538, -9.052319
495, 79.738400, 2.369067, 67.716600, -12.255929
496, 77.871600, 1.840067, 66.066218, -10.341047
497, 75.997300, 1.377700, 66.877305, -10.345710
498, 74.090367, 0.750300, 66.326148, -12.810197
499, 72.172367, -0.054746, 66.270046, -11.825101
500, 70.236567, -0.722395, 65.859708, -11.010061
501, 68.247700, -1.062560, 66.298102, -11.776619
502, 66.281500, -1.322823, 66.005066, -11.169753
503, 64.319633, -1.656999, 66.700805, -11.197447
504, 62.360833, -2.081532, 65.768510, -10.089859
505, 60.585033, -2.537065, 66.327770, -10.668933
506, 58.933867, -2.856556, 66.592594, -11.158943
507, 57.383433, -2.908354, 65.041781, -10.287385
508, 55.861700, -2.800508, 50.404243, -11.770639
509, 54.245333, -2.810678, 35.175224, -13.030051
510, 52.474200, -2.975684, 31.896285, -16.568003
511, 50.636100, -3.194485, 29.660499, -15.545597
512, 48.930500, -3.295637, 32.204047, -14.185955
513, 47.198833, -3.317951, 32.311069, -12.972211
514, 45.498400, -3.471945, 31.781769, -12.010855
515, 43.847733, -3.723492, 32.267796, -12.121386
516, 42.318400, -4.036608, 33.343053, -11.147440
517, 40.882367, -4.439100, 32.904864, -12.121891
518, 39.563033, -4.717453, 32.144758, -12.543492
519, 38.463000, -4.927561, 33.478568, -13.465381
520, 37.576100, -5.081700, 33.544778, -10.983138
521, 36.806233, -4.998955, 34.740932, -11.432910
522, 36.086933, -4.979443, 35.586764, -12.025501
523, 35.374900, -5.059087, 34.894062, -12.822704
524, 34.625167, -5.060005, 35.205704, -12.682266
525, 33.890900, -4.945706, 32.544556, -10.864006
526, 33.136167, -4.757781, 23.775083, -4.621600
527, 32.283533, -4.492104, 23.541307, -1.979729
528, 31.416033, -4.130553, 23.664122, -1.763059
529, 30.512867, -3.882557, 23.024478, -1.846075
530, 29.610033, -3.677639, 23.918177, -2.388219
531, 28.740600, -3.516352, 24.921512, -2.015531
532, 27.940800, -3.281888, 24.607405, -2.028941
533, 27.210067, -2.808178, 24.971074, -1.500142
534, 26.537000, -2.421859, 24.653080, -1.135944
535, 25.867700, -2.277260, 24.781231, -1.991241
536, 25.251333, -2.156394, 24.493823, -2.576230
537, 24.724867, -1.928425, 24.648418, -2.577541
538, 24.207033, -1.629478, 24.536978, -2.026372
539, 23.619400, -1.429794, 24.228854, -1.984885
540, 22.992533, -1.149944, 24.465722, -2.180266
541, 22.405400, -0.921317, 24.528551, -2.975432
542, 21.855033, -0.809847, 24.969919, -2.822715
543, 21.508133, -0.498583, 32.527048, 0.371482
544, 21.575067, -0.175587, 38.370699, 1.259628
545, 21.858433, 0.037631, 38.188227, 1.756769
546, 22.176733, 0.163400, 38.678114, 1.489763
547, 22.500467, 0.238333, 38.803239, 2.019661
548, 22.686667, 0.361333, 38.924476, 1.278960
549, 22.700500, 0.528000, 38.816493, 1.271047
550, 22.654800, 0.761167, 38.473250, 1.213913
551, 22.555000, 0.995767, 38.417422, 1.255070
552, 22.418667, 1.285100, 38.202008, 1.261432
553, 22.308533, 1.687467, 38.095065, 1.239070
554, 22.256500, 1.996733, 38.252483, 1.167737
555, 22.264000, 2.154400, 35.975248, -0.033117
556, 22.315533, 2.128900, 36.249106, -0.460209
557, 22.370133, 1.976400, 36.326059, -0.599848
558, 22.404500, 1.780700, 36.221997, -0.814389
559, 22.384300, 1.581267, 35.850912, -0.814529
560, 22.215133, 1.369100, 23.003024, -5.735716
561, 21.615700, 1.132967, 14.315126, -9.529069
562, 20.762067, 0.904233, 13.300819, -9.296853
563, 19.828167, 0.705567, 13.317025, -9.390892
564, 18.755333, 0.528500, 13.189529, -8.900727
565, 17.659567, 0.258200, 12.637601, -8.738615
566, 16.613100, -0.098643, 12.206744, -8.934585
567, 15.664400, -0.484082, 11.814369, -8.895071
568, 14.875800, -0.795499, 12.420045, -8.467374
569, 14.231333, -0.916866, 12.769082, -9.460432
570, 13.659400, -0.813931, 13.183896, -8.948650
571, 13.059300, -0.606250, 12.750031, -8.334579
572, 12.427600, -0.347038, 12.912137, -8.013981
573, 11.803667, -0.111641, 12.828352, -8.204612
574, 11.150967, 0.126500, 12.900935, -8.560433
575, 10.460233, 0.327500, 12.765047, -9.025148
576, 9.726767, 0.481000, 26.197800, -17.346331
577, 8.819567, 0.596733, 2.372812, -9.542267
578, 7.895967, 0.686400, -7.443348, -14.666290
579, 6.937633, 0.845300, -11.220703, 2.261972
580, 5.931867, 1.020233, -10.346958, 3.209386
581, 4.926533, 1.136267, -10.260572, 1.702236
582, 3.877233, 1.190300, -10.992676, 4.083204
583, 2.774567, 1.249167, -10.068541, 1.308465
584, 1.608233, 1.327767, -9.417337, 1.021252
585, 0.371000, 1.343467, -9.138769, 1.800675
586, -0.966167, 1.183000, -13.784713, -3.883791
587, -2.376200, 0.908667, -15.743202, -9.131804
588, -3.802433, 0.603433, -16.020674, -9.145906
589, -5.215900, 0.278967, -16.243649, -8.418883
590, -6.574467, 0.106667, -15.589160, -8.483761
591, -7.840733, 0.136700, -15.811019, -9.013170
592, -9.015533, 0.346833, -16.183835, -9.213530
593, -10.079700, 0.626367, -16.466903, -8.165584
594, -11.033133, 0.967333, -12.657164, -4.338746
595, -11.894567, 1.322900, -6.227790, 3.383373
596, -12.634333, 1.620167, -6.355849, 3.028900
597, -13.305233, 1.789300, -5.776691, 3.229669
598, -13.935333, 1.873500, -6.306153, 3.042723
599, -14.577667, 1.924567, -6.682007, 3.105171
600, -15.010200, 1.889800, -7.321518, 3.044155
