1, -25.638900, 40.505900, -33.784001, 22.170798
2, -25.638900, 40.505900, -33.784001, 22.170798
3, -25.638900, 40.505900, -33.784001, 22.170798
4, -25.638900, 40.505900, -33.784001, 22.170798
5, -25.638900, 40.505900, -33.784001, 22.170798
6, -25.638900, 40.505900, -33.784001, 22.170798
7, -38.123175, 21.676525, -35.997176, 6.092927
8, -39.115533, 19.935233, -42.122031, 11.849613
9, -39.853133, 18.636933, -41.762955, 12.772433
10, -40.462000, 17.424333, -38.991216, 5.202588
11, -41.003400, 16.457900, -39.194415, 6.827636
12, -41.429967, 15.444000, -40.933809, 2.205937
13, -41.783600, 14.520033, -42.156690, 0.347251
14, -42.090667, 13.555167, -45.544760, -6.163553
15, -42.432500, 12.352533, -47.768954, -7.532869
16, -42.850567, 11.050367, -47.462139, -6.060191
17, -43.263867, 9.651067, -47.865879, -6.360166
18, -43.685133, 8.175333, -48.943340, -5.821589
19, -44.097233, 6.694367, -48.442811, -5.541257
20, -44.471067, 5.214667, -48.982708, -5.324929
21, -44.792900, 3.934033, -49.317882, -3.480712
22, -45.056150, 3.087550, -48.794663, -2.507383
23, -45.344100, 2.393700, -48.782359, -3.629441
24, -45.726267, 1.829500, -48.731565, -2.994445
25, -46.241600, 1.416733, -48.597012, -3.473578
26, -46.921667, 1.141533, -48.674388, -2.041387
27, -47.744167, 1.007900, -49.671765, -1.620122
28, -48.673767, 0.815267, -49.311155, -1.631052
29, -49.570333, 0.601167, -49.988908, -2.561905
30, -50.339100, 0.402100, -56.620884, -10.010398
31, -50.976800, 0.141200, -60.010337, -13.845700
32, -51.376733, -0.117559, -58.841166, -13.672533
33, -51.574800, -0.334040, -58.764271, -13.292931
34, -51.600333, -0.590530, -59.106460, -13.475709
35, -51.501300, -1.008831, -59.037449, -14.163158
36, -51.254700, -1.646301, -58.743337, -14.397767
37, -50.754733, -2.482462, -58.356461, -14.445382
38, -50.015767, -3.370328, -57.410608, -13.271576
39, -48.929700, -4.376375, -57.249005, -13.788208
40, -47.457600, -5.326136, -56.953856, -14.487146
41, -45.449800, -6.157671, -56.689289, -13.894513
42, -43.003501, -6.861469, -56.211740, -14.818281
43, -40.252534, -7.413484, -50.696368, -14.528720
44, -37.241067, -7.676331, -34.468448, -14.939610
45, -34.059933, -7.724167, -21.543006, -14.781741
46, -30.770066, -7.557960, -7.834832, -11.759505
47, -27.466900, -7.304214, 4.164893, -10.684185
48, -24.219433, -7.019778, 7.554055, -10.687760
49, -21.213933, -6.727728, 7.217066, -8.329298
50, -18.573333, -6.578872, 8.909576, -6.389378
51, -16.262400, -6.518565, 7.390971, -7.295340
52, -14.210433, -6.434529, 4.642480, -7.475898
53, -12.366700, -6.411869, 4.899287, -9.116822
54, -10.659600, -6.510169, 2.416349, -9.236561
55, -9.078633, -6.622642, 2.221667, -8.920755
56, -7.547467, -6.581679, 4.580145, -9.103783
57, -6.052400, -6.440043, 4.539915, -9.276558
58, -4.446600, -6.194951, 8.363339, -7.267024
59, -2.689200, -6.072891, 23.144864, -3.547387
60, -0.949467, -5.977235, 17.963131, -5.311589
61, 0.760867, -5.795681, 23.151299, -3.011754
62, 2.337400, -5.693482, 24.625102, -2.091500
63, 3.768300, -5.456875, 23.884543, -1.611116
64, 5.054100, -5.120251, 22.468121, -3.120893
65, 6.267633, -5.004562, 21.347529, -3.664188
66, 7.467533, -4.998920, 20.976665, -4.164219
67, 8.579600, -5.028208, 20.104007, -4.910339
68, 9.650067, -4.941951, 19.706834, -4.872803
69, 10.735100, -4.780574, 20.583989, -4.345254
70, 11.791967, -4.725254, 20.636751, -4.416318
71, 12.866733, -4.676380, 20.737671, -4.693147
72, 13.924100, -4.595086, 21.597144, -4.771863
73, 15.107567, -4.463793, 31.973000, -2.910600
74, 16.324600, -4.274871, 34.372967, -2.426248
75, 17.435333, -4.054563, 32.931647, -3.392545
76, 18.489500, -3.785761, 32.174121, -3.505975
77, 19.368667, -3.478789, 32.029698, -3.252086
78, 19.998533, -3.228243, 31.618291, -3.149268
79, 20.480700, -3.090810, 31.882401, -3.121999
80, 20.809600, -2.991101, 31.895062, -3.218244
81, 21.070600, -2.932434, 31.779350, -3.382797
82, 21.335433, -2.959616, 31.410362, -3.602062
83, 21.506533, -3.025493, 25.907732, -2.552470
84, 21.643233, -3.004831, 25.511223, -2.249864
85, 21.752300, -2.929968, 25.353054, -2.235941
86, 21.835533, -2.914255, 25.191610, -2.353425
87, 21.948300, -2.882679, 25.243998, -2.376818
88, 22.057867, -2.783412, 25.027549, -2.269180
89, 22.124533, -2.722230, 24.781741, -2.297657
90, 22.184800, -2.659858, 24.284369, -1.837303
91, 22.209067, -2.626712, 24.160251, -1.765799
92, 22.163533, -2.587419, 23.944073, -1.765523
93, 22.061567, -2.548106, 23.845004, -1.877130
94, 21.897000, -2.460212, 23.691932, -1.761100
95, 21.725467, -2.409579, 23.514803, -1.789424
96, 21.501233, -2.381410, 23.424329, -1.799060
97, 21.281100, -2.324198, 22.981075, -2.286887
98, 21.028533, -2.253058, 22.904058, -2.313219
99, 20.728067, -2.051651, 22.864933, -2.208929
100, 20.441233, -2.049765, 22.900827, -2.455779
101, 20.225500, -1.966297, 23.063967, -2.565455
102, 19.986167, -1.870432, 22.941039, -2.498500
103, 19.658333, -1.744821, 22.608524, -2.378772
104, 19.196067, -1.489473, 22.844392, -2.026807
105, 18.559767, -1.184365, 22.577610, -2.194552
106, 17.992800, -0.994736, 22.250491, -2.598559
107, 17.459667, -0.953057, 22.595213, -2.725417
108, 17.076400, -1.062815, 23.258323, -2.864338
109, 16.774267, -1.168807, 23.312801, -3.242496
110, 16.497233, -1.356332, 22.835189, -4.011921
111, 16.343967, -1.392611, 22.803299, -4.706754
112, 16.021833, -1.397652, 22.994828, -4.279476
113, 15.590433, -1.510143, 23.002669, -3.671227
114, 14.697933, -1.601919, 22.564694, -4.367874
115, 13.485567, -1.549444, 21.778906, -3.950997
116, 12.183767, -1.446366, 21.788261, -4.502450
117, 10.543467, -1.320020, 21.512008, -4.377645
118, 8.612934, -1.022764, 17.385501, -4.402890
119, 6.287100, -0.742262, 5.291645, -4.841030
120, 3.816400, -0.562054, -2.964416, -4.219184
121, 1.279700, -0.202505, -2.428041, -4.281400
122, -1.291934, 0.319333, -3.720329, -5.085658
123, -3.568400, 0.586767, -3.378150, -4.276242
124, -5.622534, 0.644667, -4.689276, -4.793254
125, -7.542334, 0.579367, -16.693589, -5.717233
126, -9.284467, 0.501733, -32.001387, -5.622643
127, -10.908467, 0.295033, -32.579917, -6.189132
128, -12.650567, -0.703251, -30.212365, -6.648350
129, -14.736599, -2.132995, -29.665031, -7.423920
130, -17.170833, -2.742911, -31.304011, -7.602479
131, -19.840267, -3.004962, -29.827821, -5.002359
132, -22.550000, -3.707797, -30.443002, -6.341718
133, -25.233201, -4.066292, -30.441719, -6.395980
134, -27.901100, -4.313290, -30.947260, -7.559673
135, -30.745833, -4.772444, -35.360362, -7.563455
136, -33.880700, -4.849936, -50.706687, -12.232732
137, -37.103366, -4.621408, -63.333174, -14.157695
138, -40.409033, -4.638250, -70.217879, -15.193017
139, -43.670367, -5.003986, -67.573474, -15.604387
140, -46.915967, -5.413938, -69.510014, -16.173636
141, -50.147234, -6.150035, -70.270750, -15.054124
142, -53.280633, -7.045194, -69.643930, -15.476795
143, -56.355767, -7.301245, -68.353891, -15.468501
144, -59.229234, -7.545992, -68.408265, -15.388428
145, -62.011800, -7.722108, -68.245036, -14.926568
146, -64.768534, -7.692606, -67.054049, -15.294766
147, -67.380500, -7.870038, -67.846977, -15.414483
148, -69.867867, -7.778897, -78.509673, -15.672011
149, -72.290900, -7.816877, -95.368837, -16.362295
150, -74.733900, -7.874997, -100.628175, -17.214993
151, -77.113000, -8.059441, -100.683996, -17.081529
152, -79.447533, -8.486611, -100.920282, -17.035577
153, -81.871534, -8.914521, -101.173664, -16.320215
154, -84.270633, -9.441317, -100.623075, -16.625037
155, -86.813067, -10.133115, -100.468342, -17.137789
156, -89.296234, -10.844127, -99.621423, -16.989075
157, -91.735100, -11.319667, -98.234402, -17.154469
158, -94.303634, -11.695393, -98.313184, -17.678101
159, -96.813367, -12.021087, -104.589609, -16.438780
160, -99.386800, -12.211223, -120.488485, -16.858287
161, -101.862667, -12.315590, -125.593119, -16.849871
162, -104.215367, -12.416887, -125.011177, -14.895646
163, -106.407200, -12.266023, -124.355050, -15.621763
164, -108.422300, -12.041887, -122.840745, -15.841740
165, -110.512967, -11.908820, -122.078482, -16.104833
166, -112.516900, -11.501953, -121.862577, -16.112284
167, -114.617966, -10.494630, -122.553238, -15.727833
168, -116.964499, -8.807377, -122.073976, -15.350489
169, -120.072198, -6.422748, -123.376086, -13.255495
170, -124.357198, -3.986156, -134.905997, -10.138086
171, -129.430760, -1.648917, -150.224822, -2.687897
172, -134.959099, 0.697294, -160.938702, -1.852024
173, -140.687637, 2.599101, -172.176833, 1.473195
174, -145.962570, 3.832933, -170.330176, 0.726984
175, -150.695869, 4.889467, -172.295155, 2.119536
176, -154.655970, 5.408933, -171.015556, 0.456519
177, -157.838834, 5.466267, -169.437721, -0.678196
178, -160.228068, 5.208400, -167.283522, -0.829529
179, -162.026900, 4.783667, -166.226882, -0.896388
180, -163.593667, 4.389033, -166.199874, -2.564091
181, -165.031400, 3.988767, -167.316176, -2.009996
182, -166.530667, 3.763767, -176.932590, 0.549848
183, -167.966300, 3.684700, -177.298455, 0.535211
184, -169.475733, 3.542667, -176.405705, 0.824342
185, -170.863930, 3.322467, -175.654034, 1.875000
186, -172.176130, 3.268533, -176.324984, -0.006704
187, -173.469577, 3.271567, -176.323136, 0.484973
188, -174.787457, 3.237733, -176.636238, 0.542555
189, -176.063160, 3.212667, 179.835412, 0.375047
190, -177.382487, 3.312533, 171.340636, -0.420347
191, -178.646507, 3.368033, 171.296159, 0.208046
192, -179.785207, 3.534067, 172.364055, -0.218532
193, 179.194150, 3.772933, 173.174062, 0.392269
194, 178.306980, 4.034500, 173.544652, 0.768493
195, 177.455383, 4.495900, 173.258009, 0.196986
196, 176.673473, 5.072067, 172.666449, 0.430534
197, 175.873857, 5.902000, 172.188301, 1.262962
198, 175.165727, 6.702933, 170.923651, 4.022646
199, 174.610797, 7.596800, 171.492349, 5.573695
200, 174.188410, 8.319600, 171.783031, 5.207390
201, 173.873033, 8.921500, 171.654808, 5.188267
202, 173.398300, 9.196933, 171.261217, 5.185346
203, 172.710843, 9.018467, 163.429788, 4.054455
204, 171.574157, 8.433900, 152.261770, 0.530540
205, 169.848035, 7.096134, 143.621646, -2.433454
206, 167.370052, 4.997867, 142.907330, -3.544236
207, 164.206141, 2.962966, 140.948651, -3.163543
208, 161.228229, 1.306567, 139.378476, -2.407254
209, 158.860316, -0.244008, 140.043840, -2.135577
210, 157.109513, -1.690877, 142.009828, -2.695434
211, 155.879613, -2.907185, 138.679054, -5.369120
212, 155.193933, -3.608658, 139.698325, -6.246263
213, 154.699757, -4.249987, 140.724086, -5.949968
214, 154.348687, -4.699498, 141.111680, -6.046951
215, 154.140230, -5.066240, 140.543188, -5.853521
216, 154.076870, -5.464281, 140.696134, -5.515982
217, 154.025820, -5.763999, 141.312113, -4.774471
218, 153.959637, -5.979937, 141.002853, -4.643369
219, 153.963530, -6.187888, 140.759686, -3.833140
220, 153.957860, -6.245701, 142.348768, -1.647562
221, 154.102120, -6.349253, 141.685827, -1.060510
222, 154.299540, -6.502803, 140.435943, -0.477404
223, 154.572730, -6.647753, 141.081327, -0.578717
224, 154.947410, -6.806933, 141.405062, -0.722010
225, 155.372043, -6.887728, 141.896520, -0.741378
226, 155.842007, -6.893125, 141.821983, -0.554258
227, 156.372740, -6.861202, 141.861678, -0.564500
228, 157.018143, -6.786433, 141.795005, -0.486175
229, 157.692937, -6.685896, 141.842947, -0.398214
230, 158.500047, -6.609959, 142.786924, -0.516843
231, 159.327667, -6.421066, 144.512721, -1.529082
232, 160.460100, -6.111936, 152.777551, -3.014446
233, 162.095660, -5.678224, 167.492722, -4.217235
234, 163.976113, -5.303817, -175.016405, -4.094785
235, 165.975687, -5.050969, -166.831300, -4.890736
236, 168.008033, -4.727515, -168.451545, -4.239271
237, 169.906094, -4.423380, -167.359492, -3.530280
238, 171.380183, -4.216352, -166.860677, -3.623386
239, 172.575487, -4.107099, -171.526591, -5.682288
240, 173.508483, -4.117490, -172.578604, -5.813576
241, 174.495037, -4.116805, -172.700543, -6.415250
242, 175.710613, -4.148549, -172.234172, -6.616114
243, 177.372106, -4.206660, -171.656535, -7.049984
244, 179.688055, -4.197202, -172.775495, -8.475070
245, -177.277759, -4.297765, -170.576169, -6.862261
246, -173.502336, -4.527328, -169.195613, -6.900622
247, -169.223317, -4.763304, -167.197783, -7.417399
248, -164.090542, -5.251949, -154.650447, -9.671844
249, -158.190101, -6.118275, -133.225096, -10.819460
250, -151.817902, -7.381073, -120.848553, -15.199163
251, -145.162900, -8.711005, -113.186740, -14.624368
252, -138.751060, -9.623659, -113.912571, -14.638000
253, -132.581369, -10.372930, -115.451877, -14.946243
254, -126.111732, -11.174190, -116.444452, -15.543202
255, -119.482334, -11.785993, -115.441856, -15.908272
256, -112.562945, -12.426993, -113.933357, -15.445407
257, -104.695114, -13.155330, -114.126531, -16.541331
258, -95.557277, -13.626250, -112.018044, -16.166165
259, -85.276185, -13.639553, -89.768213, -16.857992
260, -75.178558, -13.188387, -70.728035, -16.242129
261, -65.536767, -12.342163, -54.080718, -14.897171
262, -56.274743, -11.601487, -38.235709, -14.337798
263, -47.960070, -10.913017, -23.104250, -10.615442
264, -40.567767, -10.238977, -12.132673, -9.007169
265, -34.073223, -9.665668, -14.774895, -11.125975
266, -28.699531, -9.018277, -16.835786, -10.449466
267, -24.175833, -8.497247, -17.248627, -10.875504
268, -20.127398, -8.087353, -18.249429, -11.698740
269, -16.365001, -7.841303, -18.398314, -13.008453
270, -12.668101, -7.628724, -14.802623, -11.661945
271, -8.789534, -7.353545, -0.222674, -9.783592
272, -4.921467, -7.064896, 12.472142, -6.562545
273, -0.965834, -6.783256, 12.984257, -5.765480
274, 3.072767, -6.673108, 13.524835, -6.539888
275, 7.135500, -6.729761, 13.765090, -7.798697
276, 11.183766, -6.920483, 14.049872, -7.647333
277, 15.413400, -7.257302, 14.784124, -9.044762
278, 19.867334, -7.559674, 15.044982, -8.362728
279, 24.365932, -7.641425, 23.865836, -7.908428
280, 28.854402, -7.679393, 40.316451, -8.094091
281, 33.058134, -7.720299, 54.143626, -6.884981
282, 36.781002, -7.548005, 64.370783, -5.846605
283, 39.970568, -7.393763, 67.716384, -4.781212
284, 42.778800, -7.209691, 69.562761, -3.726133
285, 45.212400, -6.989428, 65.691944, -5.554996
286, 47.432334, -6.781117, 64.495118, -6.795737
287, 49.360000, -6.712941, 63.311552, -7.625797
288, 50.942667, -6.690177, 62.911654, -8.408220
289, 52.261967, -6.657969, 64.370217, -7.597129
290, 53.398567, -6.626022, 64.282008, -8.031424
291, 54.574200, -6.463685, 64.334234, -8.013375
292, 55.678967, -6.323009, 60.823220, -5.822408
293, 56.772867, -6.073733, 59.130295, -4.848028
294, 57.932633, -5.748117, 60.107933, -3.380788
295, 59.052033, -5.419733, 59.312235, -3.508724
296, 60.249067, -5.142138, 59.962949, -2.657175
297, 61.522133, -4.918864, 60.847477, -2.883008
298, 62.808133, -4.726225, 61.245401, -3.941190
299, 64.176900, -4.423831, 61.642851, -3.556941
300, 65.544533, -4.161873, 62.660362, -3.955606
301, 66.846833, -3.990684, 63.589933, -3.812889
302, 68.107867, -3.802504, 63.971320, -4.380999
303, 69.227200, -3.616060, 64.502600, -4.547682
304, 70.236333, -3.371965, 64.867248, -4.124018
305, 71.138300, -3.017343, 65.094852, -4.164919
306, 71.950533, -2.756548, 65.537290, -4.116594
307, 72.717400, -2.514855, 65.864777, -4.217378
308, 73.306633, -2.284455, 66.128233, -4.127411
309, 73.774533, -2.021627, 65.775242, -3.793011
310, 74.165367, -1.903207, 65.313791, -3.833526
311, 74.211967, -1.797731, 64.777170, -3.574538
312, 74.147333, -1.571324, 64.698604, -3.476993
313, 73.941367, -1.296037, 64.505736, -3.424764
314, 73.777900, -1.082323, 65.235718, -3.915573
315, 74.031767, -0.779436, 64.332760, -3.988011
316, 75.004300, -0.654399, 65.547623, -3.716449
317, 77.087547, -0.588092, 78.689399, -3.548862
318, 79.461850, -0.557319, 93.407103, -2.187873
319, 81.672566, -0.424796, 102.557561, -2.331710
320, 84.393267, -0.189851, 111.275948, -2.409987
321, 87.114701, 0.000103, 114.822304, -2.000547
322, 89.744157, 0.124933, 114.908795, -1.888669
323, 92.516853, 0.347375, 117.741538, -0.317896
324, 94.653508, 0.484450, 115.213936, -1.724057
325, 96.658174, 0.596450, 114.997532, -1.310044
326, 98.906877, 0.848400, 113.098069, -2.200604
327, 100.732533, 1.036733, 112.830506, -3.221527
328, 102.646940, 1.252300, 114.211227, -4.159571
329, 104.391477, 1.696867, 113.660121, -3.323525
330, 106.121260, 2.069633, 113.682988, -3.308374
331, 107.719233, 2.227567, 113.297073, -2.554632
332, 109.221893, 2.329300, 113.259506, -3.225383
333, 110.841360, 2.373000, 113.361407, -3.216571
334, 112.475280, 2.343033, 113.817646, -4.343834
335, 114.341693, 2.327533, 119.547920, -4.213884
336, 116.383443, 2.195600, 135.009827, -1.374357
337, 118.468800, 1.938233, 143.509042, -1.982323
338, 120.409777, 1.693133, 148.130192, 0.571640
339, 122.050937, 1.346133, 149.475973, -0.558882
340, 123.272723, 0.995533, 147.956473, 0.696782
341, 124.074617, 0.582767, 146.939341, -0.175444
342, 124.687620, 0.032213, 145.920748, -0.456286
343, 125.131743, -0.415608, 146.086135, -0.853329
344, 125.511710, -0.759340, 145.243329, -0.568844
345, 125.770597, -1.082843, 143.191965, -1.718075
346, 125.953523, -1.230777, 145.711041, -1.152846
347, 126.242343, -1.304544, 153.682370, -1.057676
348, 126.569783, -1.311723, 158.781119, -1.819283
349, 127.004160, -1.388340, 157.303857, -1.367855
350, 127.461623, -1.573362, 159.381353, -2.211592
351, 127.900263, -1.783433, 158.923556, -1.630846
352, 128.226057, -2.008163, 158.688572, -1.615187
353, 128.414560, -2.206816, 158.676353, -1.034933
354, 128.323810, -2.301604, 158.979400, -1.173110
355, 128.097677, -2.295805, 158.310337, -0.706538
356, 127.915197, -2.269741, 157.774133, -1.191907
357, 127.801870, -2.361096, 157.093604, -1.474119
358, 127.807897, -2.396703, 157.621489, -1.562220
359, 127.835740, -2.325635, 158.305382, -1.630029
360, 127.854107, -2.188369, 152.157063, -1.499349
361, 127.732177, -2.057418, 135.635863, -5.959397
362, 127.516580, -1.881283, 124.717937, -6.893679
363, 127.284637, -1.768779, 124.257543, -7.647391
364, 126.986090, -1.643087, 123.859030, -7.312464
365, 126.723043, -1.489113, 123.925319, -7.266774
366, 126.444540, -1.409637, 123.758796, -7.183505
367, 126.240217, -1.311898, 123.806689, -7.130814
368, 126.022343, -1.238340, 123.640363, -7.362590
369, 125.855463, -1.174348, 123.522209, -7.442964
370, 125.688833, -1.128512, 123.489713, -7.601437
371, 125.497047, -1.062399, 123.186819, -7.747363
372, 125.263050, -0.938542, 123.171387, -7.723615
373, 124.888917, -0.838155, 122.829274, -7.625899
374, 124.419093, -0.726349, 122.516944, -7.716529
375, 123.747020, -0.495562, 122.115144, -7.589108
376, 122.916200, -0.310602, 121.933930, -7.835606
377, 122.037063, -0.107051, 121.941363, -7.238740
378, 121.035190, 0.182733, 121.731166, -7.232196
379, 119.922083, 0.427000, 118.398458, -6.320195
380, 118.670023, 0.829800, 104.660329, -4.014982
381, 116.998590, 1.226167, 94.632017, -2.655007
382, 115.122323, 1.425767, 97.871435, -3.449464
383, 113.274190, 1.465633, 94.690139, -2.693185
384, 111.402983, 1.498600, 89.419064, -2.510895
385, 109.692993, 1.472567, 91.131588, -2.572658
386, 108.089093, 1.461467, 91.495466, -2.804721
387, 106.602913, 1.661500, 91.206591, -3.248782
388, 105.420057, 2.004900, 90.190049, -2.749664
389, 104.200540, 2.335433, 90.163982, -2.503556
390, 103.091653, 2.604600, 91.128601, -2.257320
391, 102.042510, 2.901167, 91.181165, -2.114768
392, 101.009597, 3.085467, 91.219410, -2.769601
393, 99.942212, 3.401333, 91.175988, -2.973552
394, 99.025268, 3.540367, 91.873280, -3.110427
395, 98.227683, 3.490033, 91.697295, -3.513222
396, 97.433448, 3.390767, 91.132512, -3.837420
397, 96.850243, 3.368667, 91.612994, -3.086638
398, 96.291515, 3.519300, 91.347410, -2.902577
399, 95.898693, 3.569333, 92.567907, -2.646154
400, 95.633823, 3.629500, 91.775942, -2.753576
401, 95.387441, 3.776067, 91.969562, -2.443913
402, 95.320367, 4.009267, 93.333514, -1.029365
403, 95.383515, 4.258733, 99.520787, 6.241138
404, 95.663717, 4.666400, 101.817312, 7.771754
405, 96.102219, 5.342800, 102.252502, 7.828197
406, 96.594188, 6.375600, 102.249260, 8.623140
407, 97.396534, 7.867866, 102.457637, 8.999440
408, 98.351084, 9.979565, 102.569448, 11.046545
409, 99.688193, 12.434767, 103.152818, 10.966878
410, 101.247090, 14.938734, 106.907662, 16.760063
411, 103.021404, 17.246134, 110.133941, 23.484226
412, 104.541104, 18.826867, 110.635208, 26.966941
413, 105.491953, 19.878433, 109.588382, 27.153730
414, 105.892027, 20.344967, 109.611471, 26.654452
415, 105.956253, 20.617467, 108.839576, 26.038576
416, 105.770113, 21.011267, 107.977853, 25.772795
417, 105.453963, 21.573733, 107.460420, 25.654706
418, 105.211537, 22.106733, 107.310182, 25.544265
419, 104.890177, 22.510167, 105.796055, 24.914966
420, 104.574290, 22.833900, 99.669116, 21.080112
421, 104.314050, 23.138733, 98.557493, 19.908623
422, 104.130603, 23.230100, 98.383300, 19.440880
423, 104.141150, 23.163233, 98.654398, 19.370198
424, 104.141917, 23.150533, 98.642922, 19.394661
425, 103.964973, 23.148000, 97.946179, 18.678285
426, 103.582103, 23.058233, 97.560994, 18.723355
427, 103.038017, 22.974467, 97.169329, 18.647123
428, 102.284927, 22.951633, 97.096076, 18.969950
429, 101.633407, 22.938533, 97.416966, 18.693208
430, 101.168833, 22.991133, 97.176655, 18.493097
431, 100.945847, 23.075300, 97.566148, 18.783730
432, 100.957130, 23.093033, 97.824438, 19.265365
433, 101.023233, 23.053700, 98.004529, 18.919440
434, 101.063580, 22.977433, 98.045104, 18.820001
435, 101.040447, 22.822633, 97.967951, 18.664252
436, 100.841193, 22.679000, 97.809085, 18.490395
437, 100.382923, 22.535900, 97.290219, 18.473157
438, 99.750749, 22.335233, 96.857275, 18.597206
439, 98.812124, 22.128300, 96.346585, 18.345786
440, 97.414324, 21.902533, 95.623065, 18.605606
441, 95.288234, 21.515467, 91.805902, 15.420584
442, 92.507882, 20.862767, 88.727975, 14.506210
443, 89.038424, 19.835867, 87.725134, 14.155663
444, 84.750272, 18.561233, 86.458579, 12.507178
445, 79.744170, 17.543500, 75.317028, 9.672327
446, 74.516267, 16.678400, 63.214264, 6.829535
447, 69.227862, 16.250133, 52.099129, 5.043023
448, 64.386063, 15.997000, 43.468852, 3.186885
449, 60.096496, 15.718000, 37.984005, 2.861026
450, 56.365133, 15.462467, 37.409222, 4.056607
451, 53.216131, 15.277033, 36.649281, 3.460550
452, 50.664533, 14.787200, 38.364478, 2.599047
453, 48.841766, 14.233933, 39.837489, 3.120241
454, 47.940067, 13.978400, 40.862938, 3.219089
455, 47.681000, 13.568600, 41.848145, 2.525261
456, 47.753000, 12.991967, 42.377847, 1.947367
457, 47.859533, 12.390833, 43.148292, 3.311769
458, 48.047500, 11.729167, 43.318283, 3.263465
459, 48.355900, 11.119767, 43.314005, 2.377485
460, 49.287867, 10.093034, 44.335820, 1.673944
461, 51.150396, 8.313069, 54.074243, -1.403234
462, 54.621362, 5.705332, 69.631387, -5.933379
463, 59.144366, 3.317200, 72.679841, -5.744904
464, 64.217093, 1.371467, 74.107907, -5.304405
465, 69.745966, -0.657767, 77.025530, -5.885632
466, 75.284867, -2.693500, 79.174055, -5.577469
467, 80.724936, -4.550416, 86.585691, -8.559666
468, 85.638139, -6.385198, 96.091248, -12.849574
469, 89.607302, -7.448479, 99.827916, -13.673528
470, 92.466826, -7.564327, 99.144272, -12.649101
471, 94.716361, -8.078287, 98.916882, -12.281754
472, 96.384683, -8.586204, 98.991485, -12.461742
473, 97.779814, -9.131755, 98.912981, -11.837879
474, 99.199443, -9.725762, 98.710087, -12.593540
475, 100.951833, -10.546737, 99.992212, -13.197848
476, 103.160163, -11.451483, 100.239465, -14.180701
477, 105.649287, -12.188187, 109.839565, -15.474121
478, 108.386707, -12.718933, 120.847178, -17.177784
479, 111.207950, -13.146517, 126.815904, -16.991266
480, 114.116540, -13.457790, 127.465189, -17.379632
481, 116.920647, -13.496193, 127.137137, -16.927318
482, 119.514534, -13.255833, 127.865102, -16.435246
483, 121.835827, -12.770827, 128.990793, -16.747744
484, 123.762834, -12.181387, 127.883370, -16.022669
485, 125.608287, -11.791433, 127.703327, -15.787013
486, 127.275097, -11.474420, 127.610448, -15.811629
487, 128.712183, -11.078913, 127.824253, -16.060923
488, 129.995097, -10.751590, 127.646571, -16.376578
489, 131.047170, -10.380777, 127.753989, -15.728858
490, 132.014503, -9.971596, 128.013235, -14.338536
491, 132.911603, -9.361131, 127.881839, -7.092831
492, 133.689703, -8.603732, 128.342332, -5.018178
493, 134.586260, -7.989417, 129.147354, -5.401384
494, 135.509463, -7.348226, 130.207007, -5.089190
495, 136.601713, -6.809387, 129.586230, -3.820966
496, 137.861560, -6.290310, 130.160633, -3.287702
497, 139.324653, -5.889496, 132.347318, -3.750957
498, 140.805550, -5.389457, 135.316050, -0.723742
499, 142.252083, -4.797593, 136.193538, 1.935413
500, 143.583867, -4.289418, 136.819128, 2.196813
501, 144.721957, -3.829643, 137.316704, 2.728133
502, 145.743377, -3.447534, 139.459454, 1.585007
503, 146.624470, -3.214846, 140.960708, 1.300018
504, 147.390130, -3.008104, 141.419518, 1.490795
505, 148.068973, -2.806749, 141.601925, 1.382983
506, 148.720423, -2.583448, 142.487857, 1.007095
507, 149.409857, -2.369333, 143.411583, 1.299600
508, 150.084093, -2.116295, 144.406933, 1.259134
509, 150.755257, -1.827207, 145.392187, 1.372917
510, 151.469137, -1.585677, 146.237815, 1.311921
511, 152.153373, -1.304261, 147.161795, 1.041996
512, 152.757987, -1.068384, 147.580547, 0.675886
513, 153.292797, -0.861116, 147.972922, 0.568389
514, 153.693677, -0.610651, 148.433555, 0.240817
515, 153.993993, -0.384177, 148.862061, 0.274280
516, 154.182483, -0.234554, 150.018973, 0.273263
517, 154.250690, -0.065981, 150.707173, -1.126007
518, 154.160530, 0.113867, 151.332308, -0.768249
519, 153.903710, 0.196767, 152.929979, -0.485900
520, 153.584213, 0.311800, 159.917812, -0.593658
521, 153.143733, 0.396567, 161.683894, 0.309174
522, 152.660373, 0.475967, 160.936783, -0.215792
523, 152.171593, 0.504567, 161.076878, -0.421648
524, 151.715757, 0.478700, 161.033294, -0.503469
525, 151.343053, 0.473767, 161.510421, -0.475223
526, 151.007600, 0.448633, 161.765814, -0.439698
527, 150.760037, 0.412600, 161.891765, -0.522149
528, 150.561070, 0.405300, 162.176026, -0.614861
529, 150.387533, 0.392633, 162.386936, -0.627234
530, 150.259610, 0.366367, 162.542709, -0.835871
531, 150.148100, 0.304533, 162.763778, -1.057187
532, 150.149600, 0.208167, 163.148998, -0.662014
533, 150.173793, 0.074867, 163.245730, -0.612623
534, 150.271690, -0.053395, 163.486207, -0.658349
535, 150.388260, -0.179126, 163.727082, -0.541116
536, 150.541457, -0.261028, 163.898867, -0.582255
537, 150.622047, -0.296646, 163.898235, -0.662647
538, 150.635913, -0.295365, 163.984222, -0.734733
539, 150.615900, -0.282436, 164.082860, -0.584547
540, 150.522547, -0.270597, 163.989940, -0.471096
541, 150.418007, -0.195122, 163.883445, -0.340975
542, 150.290127, -0.066344, 163.775553, -0.242307
543, 150.114077, 0.082200, 163.673279, -0.111728
544, 149.933187, 0.278867, 163.766897, 0.169655
545, 149.681757, 0.463433, 163.739387, 0.285910
546, 149.389257, 0.654900, 163.693052, 0.316793
547, 149.003783, 0.817567, 163.616176, 0.191485
548, 148.542787, 0.958533, 163.572425, 0.109952
549, 148.070447, 1.221500, 163.832486, 0.327163
550, 147.624543, 1.433700, 158.217808, 0.059390
551, 147.241083, 1.494667, 145.351716, -1.324771
552, 146.956353, 1.595067, 130.818743, -3.256999
553, 146.668950, 1.650967, 128.240057, -2.793441
554, 146.267900, 1.571033, 126.754903, -2.674910
555, 145.794697, 1.671000, 129.031913, -2.812443
556, 145.225637, 1.798367, 126.666021, -2.176150
557, 144.585347, 2.013833, 127.143291, -2.492511
558, 143.809660, 2.332967, 125.126254, -2.457523
559, 143.144140, 2.606700, 126.450907, -2.825733
560, 142.502763, 2.801000, 126.825698, -2.594577
561, 141.908943, 2.931167, 126.644439, -2.559265
562, 141.353367, 3.012433, 126.620212, -2.882923
563, 140.749067, 3.062567, 125.744406, -2.717264
564, 140.169260, 3.155500, 125.300148, -2.023709
565, 139.493880, 3.227400, 123.932437, -1.542864
566, 138.858073, 3.339967, 121.815113, -1.728204
567, 138.190003, 3.482667, 120.317983, -1.700314
568, 137.578417, 3.508933, 119.824690, -1.690742
569, 136.905317, 3.553300, 118.034784, -1.571841
570, 136.158783, 3.507533, 119.328031, -1.629967
571, 135.151340, 3.439133, 119.382778, -1.949209
572, 134.015643, 3.480300, 119.024923, -2.549477
573, 132.832957, 3.750000, 119.906354, -1.584358
574, 131.533317, 4.001833, 120.046731, -1.566871
575, 130.041213, 4.238900, 119.918885, -1.150661
576, 128.325900, 4.449467, 119.864337, -1.599601
577, 126.132536, 4.697367, 119.582323, -1.373765
578, 122.903348, 4.954067, 118.319443, -1.425923
579, 119.053574, 5.231467, 117.198678, -0.985872
580, 114.642766, 5.368567, 115.399329, -1.203613
581, 109.417487, 5.330567, 114.269817, -1.560627
582, 103.686639, 5.053567, 108.079974, -2.193359
583, 97.443961, 4.494567, 91.606183, -4.353529
584, 91.084615, 3.950033, 73.645826, -4.249880
585, 84.630766, 3.400233, 59.810612, -4.163403
586, 78.274898, 2.872400, 50.116792, -6.540298
587, 72.230762, 2.370067, 48.663866, -4.843167
588, 66.627900, 1.722333, 48.421017, -6.053130
589, 61.430663, 1.097567, 46.975305, -6.000699
590, 56.768764, 0.789500, 49.213717, -6.006129
591, 52.511099, 0.392533, 49.308161, -5.840958
592, 48.623231, -0.278480, 35.267437, -6.462580
593, 45.206666, -0.991535, 29.423580, -6.686745
594, 42.391033, -1.619280, 31.251121, -7.829083
595, 40.293133, -1.974521, 33.207462, -7.403126
596, 38.842500, -2.236246, 34.687557, -7.738510
597, 37.926300, -2.695997, 36.219734, -7.148275
598, 37.596300, -3.075804, 37.306855, -7.155210
599, 37.476467, -3.250684, 37.773271, -7.673782
600, 37.484100, -3.450168, 38.155941, -7.621764
