1, -42.852550, 8.923800, -46.318500, -18.844719
2, -43.978100, 8.975300, -41.913756, -0.043259
3, -43.943200, 8.969150, -41.597992, -0.882853
4, -43.895150, 8.985750, -41.657009, -0.482983
5, -43.847500, 9.009100, -41.647394, 2.287737
6, -43.787250, 8.945900, -42.072716, -1.957845
7, -43.790200, 8.905200, -41.892830, -0.721780
8, -43.839800, 8.919050, -42.253602, -0.934614
9, -43.890600, 8.931900, -42.436682, -0.978377
10, -43.984950, 8.929700, -42.570662, -0.770451
11, -44.081400, 8.938300, -42.705597, -0.613599
12, -44.175100, 8.933750, -42.887482, -0.953800
13, -44.255900, 8.962700, -43.065507, -1.393522
14, -44.315650, 8.981800, -43.021678, -1.109784
15, -44.360500, 8.986700, -41.715229, -1.248823
16, -44.378100, 8.935550, -37.184654, -2.302455
17, -44.365300, 8.913800, -35.851561, -4.235335
18, -44.362050, 8.878600, -33.621835, -10.200143
19, -44.319800, 8.882900, -33.603412, -10.193746
20, -44.282750, 8.887050, -34.298600, -8.215893
21, -44.241500, 8.885133, -34.650286, -7.474593
22, -44.216467, 8.862267, -35.084512, -6.882754
23, -44.219433, 8.821967, -35.391060, -8.985671
24, -44.229800, 8.755433, -41.259069, -12.775500
25, -44.247233, 8.709800, -48.036713, -14.312814
26, -44.267733, 8.677433, -48.104452, -12.076156
27, -44.270833, 8.655100, -46.713673, -8.197807
28, -44.276067, 8.605733, -47.310970, -9.903102
29, -44.327200, 8.550967, -47.480014, -10.005555
30, -44.433567, 8.523900, -47.711113, -10.197703
31, -44.655167, 8.519600, -47.880385, -10.175524
32, -44.952567, 8.516433, -52.384863, -13.063363
33, -45.327300, 8.498933, -60.376053, -15.644937
34, -45.773233, 8.517267, -61.438431, -14.907784
35, -46.279667, 8.581833, -59.006360, -11.311690
36, -46.824367, 8.663600, -59.058262, -11.464757
37, -47.407233, 8.721167, -60.106528, -12.870929
38, -48.056433, 8.743333, -60.036548, -12.518103
39, -48.726067, 8.708333, -58.941470, -9.870279
40, -49.422967, 8.654000, -59.189587, -9.793797
41, -50.148567, 8.589000, -59.612180, -10.744501
42, -50.863300, 8.526100, -60.086215, -10.974582
43, -51.561133, 8.483867, -61.054226, -12.964762
44, -52.225767, 8.432567, -61.135178, -12.656328
45, -52.840267, 8.386200, -59.748101, -9.815827
46, -53.416133, 8.360933, -59.706091, -9.220599
47, -53.974667, 8.362067, -59.982274, -8.922715
48, -54.553000, 8.407733, -60.742062, -9.708305
49, -55.186100, 8.451033, -61.428861, -10.240573
50, -55.870067, 8.450900, -61.958791, -10.250479
51, -56.629733, 8.444700, -62.421029, -11.172929
52, -57.428833, 8.438900, -67.333352, -11.464904
53, -58.244800, 8.452300, -66.383547, -8.478403
54, -59.084500, 8.458967, -67.582944, -10.148332
55, -59.929567, 8.468367, -66.843147, -8.568998
56, -60.800800, 8.475267, -66.006158, -5.984685
57, -61.705167, 8.485500, -69.345833, -7.875701
58, -62.635233, 8.508833, -74.692621, -9.771909
59, -63.552167, 8.528667, -73.925627, -7.825261
60, -64.429733, 8.542067, -74.200715, -7.448595
61, -65.241100, 8.563867, -74.016014, -6.476197
62, -66.012167, 8.598433, -74.959337, -7.622162
63, -66.751400, 8.619600, -75.962716, -8.764984
64, -67.473100, 8.596267, -77.957342, -8.726150
65, -68.204700, 8.570433, -82.379541, -10.623687
66, -68.945933, 8.543933, -82.002397, -8.952983
67, -69.718067, 8.509700, -82.460661, -8.969424
68, -70.517433, 8.487100, -83.086678, -9.345312
69, -71.346467, 8.462767, -85.748225, -10.237034
70, -72.190967, 8.452767, -88.335476, -10.000689
71, -73.023633, 8.426300, -88.432207, -9.990082
72, -73.840633, 8.375033, -89.319190, -10.524629
73, -74.639100, 8.295933, -89.435087, -8.254027
74, -75.452067, 8.224900, -96.780423, -11.545421
75, -76.274167, 8.152200, -98.898817, -10.599905
76, -77.130100, 8.080033, -96.792471, -8.293012
77, -78.046800, 8.002300, -97.891731, -9.642407
78, -79.009267, 7.911333, -97.395368, -7.946730
79, -80.005600, 7.841600, -97.595502, -4.724272
80, -81.015800, 7.836300, -103.358857, -7.844720
81, -82.034233, 7.875333, -107.767450, -10.955446
82, -83.086067, 7.918900, -105.545246, -8.453426
83, -84.168400, 7.968133, -107.007576, -9.124560
84, -85.289733, 8.034733, -105.328835, -6.925448
85, -86.427667, 8.093267, -102.154383, -3.236843
86, -87.553567, 8.125900, -103.747809, -5.059848
87, -88.641967, 8.131033, -106.959796, -8.650368
88, -89.710067, 8.104433, -106.733905, -7.981886
89, -90.802933, 8.075733, -106.351630, -7.129440
90, -91.890767, 8.043167, -113.269651, -9.857701
91, -92.953100, 7.995333, -116.065400, -9.048742
92, -94.010533, 7.958100, -112.575303, -5.060776
93, -95.023167, 7.950133, -113.286737, -5.652578
94, -96.017567, 7.957867, -113.042279, -4.689989
95, -96.967433, 7.964500, -114.867966, -4.403902
96, -97.901567, 7.954267, -121.837523, -8.048344
97, -98.808333, 7.982000, -125.102502, -10.734787
98, -99.708333, 8.015700, -123.704341, -7.569304
99, -100.584700, 8.032167, -124.002697, -8.406284
100, -101.469700, 8.030500, -124.457524, -8.754991
101, -102.393033, 8.036433, -120.430183, -4.477161
102, -103.354600, 8.067333, -120.623157, -4.072956
103, -104.337833, 8.117033, -119.926146, -2.735824
104, -105.328100, 8.163033, -124.031799, -6.482996
105, -106.337867, 8.195400, -125.028876, -7.237814
106, -107.367033, 8.235100, -120.947944, -2.695262
107, -108.398167, 8.295700, -119.685689, -1.252091
108, -109.433333, 8.350533, -120.922435, -2.079950
109, -110.474200, 8.414100, -122.787895, -3.509837
110, -111.577967, 8.482667, -122.904637, -2.850809
111, -112.725667, 8.534733, -122.676993, -2.273498
112, -113.898133, 8.576900, -123.194647, -2.603437
113, -115.109367, 8.598900, -125.170880, -2.935094
114, -116.342500, 8.604633, -134.182757, -4.192621
115, -117.628033, 8.600633, -138.175322, -2.981271
116, -118.975233, 8.593067, -135.828033, -1.125209
117, -120.363433, 8.589333, -136.645102, -1.420391
118, -121.794333, 8.582200, -138.383037, -3.270618
119, -123.253800, 8.599333, -136.862669, -0.978892
120, -124.742700, 8.633767, -148.080043, -2.408995
121, -126.261967, 8.675467, -156.787263, -3.379189
122, -127.763267, 8.690267, -156.072369, -2.017846
123, -129.228900, 8.698100, -153.867851, -0.933181
124, -130.660367, 8.715000, -154.299456, -0.806095
125, -132.043267, 8.748100, -154.494685, -0.710970
126, -133.415667, 8.795767, -153.915108, -0.957869
127, -134.774867, 8.770833, -153.456038, -0.334046
128, -136.091800, 8.741667, -154.337273, 0.105319
129, -137.392833, 8.732733, -165.540760, -0.654253
130, -138.659000, 8.689967, -166.928075, -0.622039
131, -139.912667, 8.674733, -164.350422, 0.450588
132, -141.162667, 8.699467, -164.544351, 0.414149
133, -142.389400, 8.725500, -163.569593, 1.211304
134, -143.582367, 8.795467, -162.980496, 2.041436
135, -144.767300, 8.927567, -163.618025, 1.405837
136, -145.951833, 9.068633, -162.287048, 2.750360
137, -147.134133, 9.205367, -160.969929, 3.897815
138, -148.309267, 9.333700, -163.204263, 2.473079
139, -149.470600, 9.442200, -162.241047, 3.331841
140, -150.615100, 9.554967, -162.503165, 2.804668
141, -151.723767, 9.598267, -163.657065, 1.938184
142, -152.773400, 9.607367, -163.254272, 2.378883
143, -153.759900, 9.616533, -161.202377, 3.770263
144, -154.698767, 9.629333, -162.076709, 3.062230
145, -155.620033, 9.675700, -162.117364, 2.624741
146, -156.533233, 9.704567, -161.588950, 3.171171
147, -157.459500, 9.742267, -167.391863, 1.239047
148, -158.435567, 9.793933, -178.400116, -3.255700
149, -159.471633, 9.804733, 177.272150, -5.231076
150, -160.545267, 9.785433, 166.679037, -12.773611
151, -161.704667, 9.769500, 172.624961, -8.218136
152, -162.906200, 9.781233, 169.843533, -9.608899
153, -164.136467, 9.809900, 167.188476, -11.406970
154, -165.409467, 9.827733, 166.870697, -11.231684
155, -166.683367, 9.847833, 171.107933, -8.729050
156, -167.914400, 9.895600, 165.657707, -13.108804
157, -169.048800, 9.952400, 165.687034, -13.896709
158, -170.083057, 10.015800, 166.192043, -13.589877
159, -171.032007, 10.100267, 167.619056, -13.561065
160, -171.911643, 10.179133, 169.047131, -12.892671
161, -172.719983, 10.240067, 171.681770, -9.599757
162, -173.482693, 10.333933, 171.920745, -9.390311
163, -174.211483, 10.448133, 170.012460, -12.470008
164, -174.837503, 10.563200, 172.302111, -9.529226
165, -175.381847, 10.696600, 175.266468, -4.426749
166, -175.891960, 10.862300, 174.794121, -5.185892
167, -176.346013, 11.032400, 173.911110, -6.747618
168, -176.720530, 11.170900, 172.647008, -9.142001
169, -177.029607, 11.238067, 173.113354, -8.029128
170, -177.247747, 11.249367, 178.235421, -2.016128
171, -177.403797, 11.289133, -177.991800, 3.120031
172, -177.526907, 11.393833, -179.293089, 0.585360
173, -177.651847, 11.518600, -179.600408, 0.163181
174, -177.785343, 11.606567, -179.656555, 0.370540
175, -177.887503, 11.754700, 179.885521, 0.135449
176, -177.976953, 11.940500, 179.607630, 0.149716
177, -178.024617, 12.156667, 179.648113, 0.716110
178, -178.014607, 12.395633, 179.653256, 0.885265
179, -177.958510, 12.638333, 179.742792, 1.230368
180, -177.830933, 12.898267, 179.630126, 1.185037
181, -177.639530, 13.163400, 179.801798, 1.537272
182, -177.391010, 13.442833, 179.840047, 1.236449
183, -177.080753, 13.701367, 179.621010, 1.198797
184, -176.695987, 13.952633, 179.928284, 1.872838
185, -176.236500, 14.226300, 178.281628, 2.967385
186, -175.690627, 14.487533, 177.202518, 4.184257
187, -175.014823, 14.762900, 178.918337, 6.615410
188, -174.201280, 15.027933, 179.163778, 6.814778
189, -173.318927, 15.253033, 179.191685, 6.688100
190, -172.358007, 15.454833, 179.411605, 6.731475
191, -171.327787, 15.628600, 177.300384, 4.089405
192, -170.405285, 15.751900, 179.284206, -14.091620
193, -170.405285, 15.751900, 179.284206, -14.091620
194, -170.405285, 15.751900, 179.284206, -14.091620
195, -166.502550, 16.122550, -155.434669, -9.468337
196, -165.516567, 16.192933, -146.847675, -10.323178
197, -164.375067, 16.261833, -138.355766, -5.760087
198, -163.259000, 16.314567, -136.878669, -1.585441
199, -162.176200, 16.353833, -138.212164, -2.656782
200, -161.134133, 16.402100, -144.366952, 3.267226
201, -160.092367, 16.454167, -144.124988, 3.970127
202, -159.077900, 16.493133, -140.160793, 0.003961
203, -158.084500, 16.506267, -139.175320, -1.403194
204, -157.101200, 16.505567, -144.610651, 3.811653
205, -156.101800, 16.497000, -143.878497, 2.528323
206, -155.084033, 16.484133, -142.374218, -0.278348
207, -154.057200, 16.453933, -144.301780, 2.664175
208, -153.039000, 16.419233, -143.809992, 0.148319
209, -152.034333, 16.372233, -144.615905, 1.178998
210, -151.019833, 16.310033, -145.359642, 3.643899
211, -150.026100, 16.212000, -145.923753, 0.872255
212, -149.047500, 16.107467, -146.204868, 1.792196
213, -148.091133, 16.030033, -145.790657, 3.556273
214, -147.161467, 15.959700, -146.849700, 0.987755
215, -146.248533, 15.893000, -146.837751, 2.116436
216, -145.339433, 15.832133, -146.646027, 2.618072
217, -144.473900, 15.798500, -147.476836, 0.876811
218, -143.628767, 15.781167, -147.115570, 1.438078
219, -142.778500, 15.770233, -141.815610, 2.478480
220, -141.896567, 15.753367, -130.332068, 1.782095
221, -140.979467, 15.729067, -130.184237, 3.238916
222, -140.053733, 15.683133, -130.617456, 4.263963
223, -139.153267, 15.581533, -130.764277, 3.918543
224, -138.247567, 15.497767, -130.590298, 0.965101
225, -137.340900, 15.435600, -131.002551, 3.315253
226, -136.473500, 15.372567, -131.118032, 1.407895
227, -135.648467, 15.318400, -130.520903, 1.348750
228, -134.810233, 15.308733, -123.102223, 3.754828
229, -133.947233, 15.309600, -112.372839, -0.732142
230, -133.046333, 15.288200, -113.437847, 1.532772
231, -132.126667, 15.246433, -115.095572, 2.073009
232, -131.199700, 15.188033, -116.252056, 3.138264
233, -130.281833, 15.119633, -110.269365, -2.738099
234, -129.369433, 15.067333, -108.816886, 0.466894
235, -128.456367, 14.991633, -105.134967, 2.581254
236, -127.558367, 14.849800, -105.122576, 3.281355
237, -126.672100, 14.669433, -105.491694, 3.541111
238, -125.789300, 14.521233, -106.082378, 3.914695
239, -124.896967, 14.405100, -103.127662, 2.611729
240, -123.964267, 14.340200, -100.606685, 2.896322
241, -122.961667, 14.328267, -100.372888, 3.645263
242, -121.896333, 14.368000, -100.780431, 4.059070
243, -120.782133, 14.449700, -101.014695, 4.223089
244, -119.615433, 14.501233, -95.267253, 0.323248
245, -118.384800, 14.543067, -97.551834, 2.525557
246, -117.099667, 14.576567, -95.951677, 2.877278
247, -115.751000, 14.609800, -95.479232, 2.757147
248, -114.383600, 14.622267, -94.760550, 2.886331
249, -113.032833, 14.599167, -95.143745, 2.475485
250, -111.677667, 14.522967, -90.631079, -0.669990
251, -110.293800, 14.389800, -92.436487, 1.026828
252, -108.912833, 14.221400, -94.127106, 2.555133
253, -107.488700, 14.007867, -88.938187, -2.363093
254, -106.050033, 13.745400, -91.977002, 0.304696
255, -104.585767, 13.457633, -92.028768, 0.419195
256, -103.103867, 13.150267, -90.156679, -2.190317
257, -101.629300, 12.823433, -92.116286, 1.918660
258, -100.169733, 12.510167, -87.674131, 0.576630
259, -98.728033, 12.249100, -85.446304, -0.877656
260, -97.315033, 12.019633, -84.215784, -3.080192
261, -95.974733, 11.791333, -83.248218, -5.032211
262, -94.719433, 11.598800, -85.269849, -1.147903
263, -93.541967, 11.445300, -82.910950, -5.271792
264, -92.450733, 11.338000, -84.198599, -4.603050
265, -91.445167, 11.250933, -84.953627, -1.311286
266, -90.512933, 11.158867, -84.316903, -4.369266
267, -89.658600, 11.096367, -84.412136, -4.526694
268, -88.887000, 11.060733, -81.300808, -2.974485
269, -88.179933, 10.981033, -78.960496, -1.501746
270, -87.533400, 10.849233, -77.463885, -4.311593
271, -86.899800, 10.724167, -76.946541, -5.471806
272, -86.294067, 10.630933, -78.451628, -2.939842
273, -85.714067, 10.530967, -78.443200, -2.521780
274, -85.155733, 10.435333, -77.835627, -3.461593
275, -84.642167, 10.353167, -77.520060, -5.008351
276, -84.156667, 10.278167, -77.458816, -4.614327
277, -83.699567, 10.197433, -77.284771, -4.471050
278, -83.268033, 10.107800, -77.064149, -5.123980
279, -82.877600, 10.011433, -77.379367, -4.626139
280, -82.512967, 9.906233, -77.355385, -3.470954
281, -82.168767, 9.836567, -77.687830, -3.902517
282, -81.841767, 9.783700, -77.758099, -3.252556
283, -81.528667, 9.730400, -77.837106, -3.260857
284, -81.234333, 9.648433, -77.653843, -3.136608
285, -80.950433, 9.598200, -77.840251, -3.301873
286, -80.641733, 9.584500, -77.967689, -3.976280
287, -80.318000, 9.582400, -78.167026, -4.292326
288, -79.979767, 9.591200, -78.162762, -4.643355
289, -79.629400, 9.607367, -78.144150, -4.908888
290, -79.277033, 9.631267, -80.016904, -4.959628
291, -78.923033, 9.672300, -79.523603, -3.601921
292, -78.562933, 9.710533, -78.869767, -1.666105
293, -78.210467, 9.737000, -78.839236, -1.991857
294, -77.833233, 9.769100, -79.345730, -3.192827
295, -77.451300, 9.807767, -79.884232, -3.870339
296, -77.068967, 9.838667, -79.279707, -2.745263
297, -76.677533, 9.875500, -79.422444, -3.380192
298, -76.285733, 9.918067, -79.289465, -3.198144
299, -75.885633, 9.973333, -79.021735, -3.174229
300, -75.466000, 10.012033, -79.206629, -3.751173
301, -75.012867, 10.045600, -79.136750, -3.902184
302, -74.533133, 10.086733, -78.774618, -3.421439
303, -74.026300, 10.124600, -78.427534, -3.026045
304, -73.521533, 10.171833, -78.315235, -2.820986
305, -73.015267, 10.228667, -78.621372, -3.342955
306, -72.500833, 10.268867, -78.622782, -3.594671
307, -71.989300, 10.287533, -79.077470, -4.842044
308, -71.485267, 10.328333, -78.407079, -3.547568
309, -71.010067, 10.395133, -78.509150, -4.070085
310, -70.551600, 10.417300, -78.273945, -3.816844
311, -70.128700, 10.393533, -78.055159, -3.587725
312, -69.711367, 10.346700, -78.453830, -4.452080
313, -69.306033, 10.295767, -78.403396, -4.410958
314, -68.899000, 10.272767, -78.334099, -4.292002
315, -68.463333, 10.261000, -77.718657, -3.298736
316, -67.996033, 10.228767, -74.666985, -4.318467
317, -67.462100, 10.200067, -67.664162, -2.068104
318, -66.870900, 10.190667, -66.809468, -3.249007
319, -66.262933, 10.180633, -66.642033, -4.405054
320, -65.674333, 10.162767, -66.183448, -4.287659
321, -65.112400, 10.134767, -63.473610, -3.595641
322, -64.566467, 10.128733, -57.820484, -0.170093
323, -64.036700, 10.111100, -55.715281, -2.824510
324, -63.540933, 10.051067, -54.991379, -5.263190
325, -63.056600, 9.964833, -54.680927, -4.683128
326, -62.605000, 9.890133, -54.785327, -3.975586
327, -62.174667, 9.800333, -54.622613, -4.219575
328, -61.762100, 9.724367, -54.259875, -4.824751
329, -61.349833, 9.672533, -54.160616, -4.322446
330, -60.897167, 9.640367, -54.105469, -3.590738
331, -60.441900, 9.630567, -53.878360, -3.070623
332, -59.939867, 9.649400, -50.297681, -1.164104
333, -59.395200, 9.687167, -46.691239, -0.048533
334, -58.805833, 9.706267, -43.755342, -2.504397
335, -58.169233, 9.721033, -41.650837, -4.490364
336, -57.479367, 9.760067, -41.569166, -4.203060
337, -56.742733, 9.841800, -42.492522, -3.154207
338, -55.957467, 9.965800, -44.078619, -1.249120
339, -55.113100, 10.104267, -42.923225, -3.666361
340, -54.181067, 10.241700, -37.477239, -18.550916
341, -54.181067, 10.241700, -37.477239, -18.550916
342, -54.181067, 10.241700, -37.477239, -18.550916
343, -50.530050, 10.775500, -37.270398, -21.510607
344, -49.453800, 10.872900, -40.560329, -12.589344
345, -48.128733, 10.953467, -40.916173, -12.598816
346, -46.780533, 11.011933, -35.333682, -2.774178
347, -45.424834, 10.995267, -32.568281, 2.679548
348, -44.002633, 10.888267, -29.052340, 1.679362
349, -42.525900, 10.762000, -30.378794, 4.200253
350, -41.039667, 10.608733, -29.618858, 3.787703
351, -39.522067, 10.515433, -28.789867, 5.146427
352, -37.931033, 10.570567, -23.852023, 5.382785
353, -36.206700, 10.760567, -18.513820, 3.196049
354, -34.343633, 10.959267, -15.289590, 1.515396
355, -32.436400, 11.137267, -16.860716, 2.404480
356, -30.520133, 11.271167, -16.313222, 4.887531
357, -28.648333, 11.332733, -11.486797, 5.442122
358, -26.860400, 11.351433, -7.579546, 6.050560
359, -25.186333, 11.371800, -4.947709, 4.802774
360, -23.599367, 11.337333, -5.142690, 4.326117
361, -22.107967, 11.284800, -5.902322, 5.573556
362, -20.729467, 11.227500, -6.226251, 5.233051
363, -19.429133, 11.110200, -5.332834, 4.658996
364, -18.222633, 11.020067, -1.598460, 5.376561
365, -17.069800, 10.946733, 0.115239, 5.179525
366, -15.978900, 10.925400, 2.039562, 4.741200
367, -14.938100, 10.930933, 1.358953, 5.417546
368, -13.941300, 10.986167, 2.537520, 4.009253
369, -12.973900, 11.060100, 3.195414, 2.940656
370, -12.021567, 11.118233, 0.013829, 6.029969
371, -11.082667, 11.108567, 6.642502, 4.645715
372, -10.134033, 11.039800, 17.678343, 0.890022
373, -9.183167, 10.947767, 17.239853, 1.411570
374, -8.244700, 10.887867, 23.317680, -2.762458
375, -7.305967, 10.821567, 19.202460, 0.158805
376, -6.356633, 10.708367, 13.814829, 2.649601
377, -5.407033, 10.568733, 13.758380, 2.434253
378, -4.445433, 10.438767, 14.957200, 1.388932
379, -3.450800, 10.336467, 17.203968, -0.896737
380, -2.473033, 10.232200, 17.889453, -1.388967
381, -1.495800, 10.141667, 16.087567, -0.059475
382, -0.529300, 10.099767, 16.599138, -0.271539
383, 0.417800, 10.068833, 20.141310, -2.329173
384, 1.316167, 10.073200, 22.068907, -3.964714
385, 2.153200, 10.040867, 22.088138, -3.748942
386, 2.924000, 10.021067, 21.203590, -2.140998
387, 3.712100, 9.995100, 23.770572, -3.814025
388, 4.515367, 9.942533, 28.951814, -5.269912
389, 5.296933, 9.930567, 36.512668, -8.839823
390, 6.078333, 9.950867, 38.941580, -9.887700
391, 6.851767, 10.010867, 38.617974, -8.979979
392, 7.624733, 10.066900, 36.447336, -6.726757
393, 8.382867, 10.103133, 37.793875, -7.281774
394, 9.163433, 10.131900, 39.907186, -8.362392
395, 9.991167, 10.158300, 41.107180, -8.440186
396, 10.875300, 10.228200, 41.862531, -8.271063
397, 11.823767, 10.223767, 42.839932, -8.094105
398, 12.802100, 10.161000, 41.441242, -7.377495
399, 13.830500, 10.069333, 37.252768, -4.633439
400, 14.939467, 9.955600, 38.474168, -4.616090
401, 16.108033, 9.784400, 40.858486, -5.209476
402, 17.329500, 9.591500, 39.480128, -4.497297
403, 18.612500, 9.398167, 40.543553, -5.888222
404, 19.925733, 9.195167, 47.395847, -11.177114
405, 21.255766, 8.977567, 39.974910, -5.878468
406, 22.508900, 8.793800, 40.329024, -6.738301
407, 23.740367, 8.630867, 44.947450, -10.790703
408, 24.921767, 8.479200, 39.567037, -5.668106
409, 26.037867, 8.363667, 39.756206, -5.522963
410, 27.065800, 8.267867, 42.741751, -9.107165
411, 28.050267, 8.207933, 38.746396, -6.188150
412, 28.959867, 8.175767, 38.554162, -4.463514
413, 29.795300, 8.187833, 41.365874, -8.923528
414, 30.570733, 8.217333, 42.099076, -9.719234
415, 31.286500, 8.232367, 41.678131, -8.138331
416, 31.950067, 8.304200, 41.171890, -6.837724
417, 32.512467, 8.387467, 40.734318, -6.451813
418, 32.941800, 8.490767, 41.241373, -8.291742
419, 33.221000, 8.572033, 41.416749, -8.761054
420, 33.326333, 8.677733, 41.338963, -7.821794
421, 33.334033, 8.788200, 40.814691, -6.536838
422, 33.305233, 8.907000, 40.659738, -6.255009
423, 33.258000, 9.032500, 40.376840, -5.782706
424, 33.154333, 9.147767, 40.410037, -5.774360
425, 32.813967, 9.236200, 34.812761, -6.665727
426, 32.131933, 9.263233, 25.550666, -6.706082
427, 31.223633, 9.243233, 17.925161, -5.731356
428, 30.171000, 9.232867, 17.146355, -5.458376
429, 29.119600, 9.241100, 18.320370, -5.540857
430, 28.184767, 9.290133, 17.910103, -7.283980
431, 27.361200, 9.380133, 15.960312, -7.210609
432, 26.636300, 9.459533, 2.322857, -12.334664
433, 25.976100, 9.531233, -1.544444, -12.310600
434, 25.369100, 9.609067, 4.853351, -6.798815
435, 24.734700, 9.667533, 3.335877, -8.907369
436, 23.962400, 9.681600, 1.344359, -11.261165
437, 23.152267, 9.685233, 0.517443, -11.109229
438, 22.336800, 9.696567, 3.471597, -9.591090
439, 21.529600, 9.739233, 4.636423, -10.089897
440, 20.771833, 9.787133, 6.840748, -7.447798
441, 20.038667, 9.851833, -4.091280, -9.167246
442, 19.275233, 9.925400, -9.413233, -10.547660
443, 18.508967, 9.985733, -6.768928, -9.755966
444, 17.766300, 10.047300, -3.980239, -9.149885
445, 17.074167, 10.078000, -3.188294, -10.077868
446, 16.442733, 10.125367, -2.439249, -9.910639
447, 15.852267, 10.175233, -1.783315, -10.125719
448, 15.278033, 10.205167, 2.280230, -6.768665
449, 14.749633, 10.221900, 1.742469, -9.430235
450, 14.225833, 10.238100, 4.501678, -5.772896
451, 13.693567, 10.233767, 4.499079, -7.564659
452, 13.128500, 10.218800, 5.426750, -5.828946
453, 12.517733, 10.197900, 5.373679, -7.114533
454, 11.868800, 10.177067, 4.568058, -8.572781
455, 11.180967, 10.154433, 6.566865, -5.484222
456, 10.446033, 10.125133, 6.314815, -7.333418
457, 9.679633, 10.083033, 7.049746, -5.750774
458, 8.892400, 10.041267, 8.055313, -3.004880
459, 8.102400, 10.026767, 7.408702, -5.748387
460, 7.301767, 10.045833, 7.637375, -5.715254
461, 6.496900, 10.093933, 8.581033, -1.581626
462, 5.687133, 10.126200, 8.281268, -4.386677
463, 4.860567, 10.135600, 7.831266, -7.385666
464, 4.054733, 10.148267, 8.485356, -3.168240
465, 3.262667, 10.155000, 8.397751, -1.621797
466, 2.511200, 10.169633, 6.658787, -2.821798
467, 1.772200, 10.155800, -2.600507, -3.250621
468, 1.059067, 10.112833, -7.407916, -3.528902
469, 0.363800, 10.075000, -8.252135, -4.790964
470, -0.298333, 10.041933, -7.737820, -5.208992
471, -0.936067, 10.004833, -7.223036, -4.208514
472, -1.573700, 9.967800, -6.405730, -2.149991
473, -2.205233, 9.916200, -12.853621, -4.724482
474, -2.872900, 9.866000, -22.266451, -6.958251
475, -3.566300, 9.822233, -20.843106, -5.337119
476, -4.290033, 9.795733, -19.738132, -5.341944
477, -5.037433, 9.803800, -19.743051, -5.443359
478, -5.791500, 9.821500, -16.953052, -2.772379
479, -6.547200, 9.840900, -17.729816, -4.108553
480, -7.311567, 9.844567, -17.359796, -4.544348
481, -8.080400, 9.855933, -15.680029, -1.850666
482, -8.869133, 9.877200, -15.122561, -0.745793
483, -9.674733, 9.904467, -15.401889, -1.821432
484, -10.523167, 9.881467, -16.710342, -3.639391
485, -11.423100, 9.881467, -16.530683, -2.467628
486, -12.352667, 9.910733, -15.970719, -0.916086
487, -13.305967, 9.961400, -16.678733, -2.410585
488, -14.290667, 10.020333, -17.060661, -2.934377
489, -15.310133, 10.085567, -17.455871, -3.080886
490, -16.373767, 10.144367, -16.471757, -0.328512
491, -17.457500, 10.211833, -16.312772, 0.002980
492, -18.556000, 10.264533, -22.888214, -2.794947
493, -19.671800, 10.316633, -30.080849, -4.400238
494, -20.783533, 10.352400, -28.717392, -2.427487
495, -21.870067, 10.400567, -28.860098, -3.394224
496, -22.915633, 10.444200, -29.541457, -3.927531
497, -23.935600, 10.498600, -27.891608, -1.355104
498, -24.905700, 10.565233, -28.003305, -1.491342
499, -25.849700, 10.652033, -28.798303, -3.437014
500, -26.775267, 10.739833, -30.756003, -1.850730
501, -27.684167, 10.798767, -39.051528, -6.572324
502, -28.572733, 10.862133, -37.340466, -3.126553
503, -29.437300, 10.921567, -35.862231, -1.501711
504, -30.288600, 10.973200, -36.943859, -3.748013
505, -31.128400, 10.973567, -38.127961, -4.865994
506, -31.969467, 10.974967, -44.823085, -6.050900
507, -32.787967, 10.954367, -51.935039, -7.608542
508, -33.587967, 10.974167, -47.930546, -4.222728
509, -34.372700, 10.986133, -48.468036, -5.293645
510, -35.143033, 10.996300, -46.416261, -3.219589
511, -35.903133, 10.986500, -48.216452, -6.560586
512, -36.650900, 10.994600, -50.670485, -6.102731
513, -37.368200, 10.998833, -52.454847, -6.980956
514, -38.082033, 10.995667, -51.153962, -4.632318
515, -38.799600, 10.973600, -49.834329, -3.769164
516, -39.525167, 10.961400, -51.067065, -6.274395
517, -40.294233, 10.962033, -50.854802, -6.820516
518, -41.092700, 10.962000, -48.866245, -3.473611
519, -41.905067, 10.971367, -48.822311, -2.173947
520, -42.742067, 10.994500, -49.900597, -4.331447
521, -43.584333, 10.997867, -50.949395, -6.969832
522, -44.453967, 10.971300, -49.488651, -3.597516
523, -45.319267, 10.942900, -48.674695, -1.495382
524, -46.179300, 10.916967, -49.163900, -2.323813
525, -47.034267, 10.896867, -50.007475, -4.557001
526, -47.896133, 10.882933, -50.079038, -4.440501
527, -48.751300, 10.839967, -49.743921, -3.224295
528, -49.602267, 10.793067, -49.907357, -3.280152
529, -50.458667, 10.762100, -50.105165, -3.343017
530, -51.298600, 10.746033, -50.078870, -3.086832
531, -52.133633, 10.737267, -52.919725, -9.556760
532, -52.133633, 10.737267, -52.919725, -9.556760
533, -52.133633, 10.737267, -52.919725, -9.556760
534, -52.133633, 10.737267, -52.919725, -9.556760
535, -52.133633, 10.737267, -52.919725, -9.556760
536, -56.442400, 10.628550, -80.529735, -24.989705
537, -57.168700, 10.636400, -78.724335, -25.824191
538, -58.042267, 10.678733, -76.299801, -10.253087
539, -58.881700, 10.769267, -75.671727, -5.545575
540, -59.648900, 10.852400, -80.964253, -11.016131
541, -60.388333, 10.918433, -80.997906, -10.988551
542, -61.129433, 10.986400, -80.582319, -10.167872
543, -61.862567, 11.033800, -77.464339, -6.773112
544, -62.601467, 11.061767, -77.167431, -7.351594
545, -63.330733, 11.043100, -76.877544, -8.115074
546, -64.056567, 10.991133, -77.904093, -9.932900
547, -64.757600, 10.916633, -76.078367, -6.929806
548, -65.436433, 10.866133, -75.355395, -5.928223
549, -66.100467, 10.841267, -78.627039, -10.113808
550, -66.705133, 10.813367, -88.949341, -13.339707
551, -67.324267, 10.788367, -92.196278, -13.605178
552, -67.952267, 10.799800, -88.893583, -10.762879
553, -68.550567, 10.854933, -89.247174, -11.167005
554, -69.140567, 10.933667, -90.411099, -12.489865
555, -69.764067, 10.990900, -89.532591, -11.624705
556, -70.397267, 11.040200, -88.185402, -10.322398
557, -71.054167, 11.080233, -89.248887, -11.691328
558, -71.732500, 11.124367, -87.554110, -9.305114
559, -72.425100, 11.177467, -86.603012, -8.124768
560, -73.148000, 11.206800, -86.468402, -8.195100
561, -73.886533, 11.201633, -87.789346, -10.675009
562, -74.631967, 11.200167, -89.065222, -11.879755
563, -75.394567, 11.186167, -96.547297, -13.183700
564, -76.191833, 11.139800, -102.624347, -14.280442
565, -77.036900, 11.112767, -101.559771, -12.934756
566, -77.902033, 11.158933, -100.498663, -13.173970
567, -78.796367, 11.219100, -99.798445, -11.993307
568, -79.740467, 11.238700, -97.681762, -8.799678
569, -80.769033, 11.186933, -100.577411, -12.323307
570, -81.866367, 11.114400, -100.240947, -12.311336
571, -83.048100, 11.077167, -95.997695, -6.660964
572, -84.290800, 11.064400, -95.613702, -6.128067
573, -85.576100, 11.061267, -97.990816, -9.560072
574, -86.862900, 11.074033, -96.469653, -6.929302
575, -88.137600, 11.110400, -96.659712, -7.986654
576, -89.363900, 11.140500, -97.904895, -9.854125
577, -90.529900, 11.168633, -96.385695, -6.103160
578, -91.667700, 11.275600, -97.316044, -8.159075
579, -92.800600, 11.510433, -96.524726, -5.384276
580, -93.864567, 11.732667, -96.679893, -5.495718
581, -94.878233, 11.925267, -97.943055, -8.776661
582, -95.920867, 12.044067, -98.425761, -8.597080
583, -96.995200, 12.008233, -97.613916, -5.248446
584, -98.011967, 11.775100, -97.882224, -5.451806
585, -98.919733, 11.471200, -98.948122, -9.405774
586, -99.785933, 11.152500, -99.266508, -9.775131
587, -100.591800, 10.937700, -98.306265, -4.121051
588, -101.336233, 10.876900, -98.650461, -4.876228
589, -102.133233, 10.935033, -99.363401, -7.368280
590, -103.016433, 11.038067, -99.979373, -8.641806
591, -103.919533, 11.064433, -100.502600, -9.914745
592, -104.901600, 11.037000, -100.697728, -8.306950
593, -105.972267, 11.090900, -100.597850, -3.935591
594, -107.059600, 11.136333, -100.829804, -6.395921
595, -108.199033, 11.137500, -103.120965, -7.846696
596, -109.395100, 11.147700, -112.441152, -7.652715
597, -110.568533, 11.126533, -117.682828, -7.444915
598, -111.716200, 10.995500, -118.010442, -7.891305
599, -112.895233, 10.725133, -119.201506, -10.519552
600, -113.701900, 10.500600, -119.666351, -10.414183
