1, 14.448100, 9.506000, 14.830719, -2.434619
2, 14.448100, 9.506000, 14.830719, -2.434619
3, 14.419500, 9.501500, 14.784299, -2.318912
4, 14.422875, 9.506500, 14.682427, -2.343909
5, 14.446433, 9.503567, 14.591624, -2.258010
6, 14.465100, 9.505400, 14.348930, -2.428196
7, 14.487033, 9.501600, 14.337563, -1.909592
8, 14.494367, 9.494567, 14.345293, -2.061396
9, 14.501767, 9.483033, 14.263430, -2.248421
10, 14.506033, 9.455867, 14.254866, -2.257611
11, 14.524833, 9.425233, 14.302394, -2.053666
12, 14.565133, 9.404700, 14.112766, -2.079292
13, 14.612700, 9.400867, 13.882731, -2.539877
14, 14.658267, 9.386400, 13.845190, -2.621712
15, 14.707433, 9.345533, 14.035687, -2.451826
16, 14.744333, 9.298233, 14.205578, -2.263793
17, 14.782033, 9.266433, 14.270281, -2.124630
18, 14.825933, 9.240400, 16.671950, -1.482733
19, 14.852500, 9.207967, 24.572534, -5.347301
20, 14.867467, 9.192167, 28.558662, -9.674433
21, 14.855100, 9.188933, 29.650851, -13.030684
22, 14.827200, 9.207600, 27.583543, -8.338004
23, 14.800567, 9.225200, 28.359555, -10.193184
24, 14.771050, 9.228300, 28.452132, -10.329471
25, 14.746100, 9.215267, 28.548367, -10.577889
26, 14.724067, 9.215300, 28.526032, -10.464413
27, 14.722067, 9.221233, 28.374952, -10.126081
28, 14.725567, 9.220600, 28.363938, -10.022871
29, 14.729200, 9.227400, 28.392194, -9.981882
30, 14.712033, 9.240633, 28.394636, -9.870852
31, 14.684667, 9.256167, 27.913248, -9.877789
32, 14.655400, 9.266433, 17.824224, -8.499424
33, 14.631033, 9.269733, 7.299309, -1.972397
34, 14.622100, 9.295400, 0.382935, -0.275035
35, 14.621033, 9.323500, -0.807243, -1.402143
36, 14.632267, 9.365133, 0.915261, -0.078371
37, 14.658100, 9.371700, 0.409538, -0.737661
38, 14.692700, 9.350433, 0.803132, -0.558134
39, 14.752200, 9.346333, 2.581541, 0.608609
40, 14.831567, 9.352667, 9.840943, 7.827159
41, 14.906433, 9.354233, 11.057631, 8.935563
42, 14.973800, 9.348933, 10.341241, 8.457105
43, 15.019033, 9.356900, 10.424443, 8.360349
44, 15.047867, 9.386833, 9.809880, 7.858718
45, 15.081800, 9.421300, 13.999371, 11.153855
46, 15.121300, 9.429600, 14.905489, 11.745406
47, 15.160600, 9.432400, 14.301537, 11.519826
48, 15.213333, 9.430033, 14.324546, 11.471261
49, 15.261967, 9.437500, 14.286950, 11.481723
50, 15.313767, 9.414500, 14.525415, 11.403925
51, 15.369800, 9.388267, 15.432643, 11.139657
52, 15.403633, 9.388700, 23.044392, 9.668330
53, 15.442733, 9.374567, 34.241110, 4.963226
54, 15.473367, 9.350533, 42.348814, 1.616815
55, 15.508300, 9.321900, 44.411202, 0.201746
56, 15.547300, 9.296867, 48.990634, -2.141060
57, 15.582767, 9.292533, 51.369136, -3.113133
58, 15.624467, 9.316200, 51.030380, -2.928696
59, 15.674200, 9.343600, 48.922179, -1.894267
60, 15.721700, 9.339467, 47.203747, -1.116664
61, 15.768200, 9.321333, 44.479037, 0.204153
62, 15.805033, 9.304367, 45.159920, -0.299730
63, 15.860833, 9.294033, 47.918641, -1.638853
64, 15.907733, 9.284300, 49.441875, -2.200607
65, 15.933367, 9.262667, 49.929940, -2.558173
66, 15.953600, 9.237100, 51.165178, -3.439456
67, 15.938733, 9.243433, 48.764327, -14.743554
68, 15.938733, 9.243433, 48.764327, -14.743554
69, 15.938733, 9.243433, 48.764327, -14.743554
70, 15.938733, 9.243433, 48.764327, -14.743554
71, 15.625500, 9.227350, 4.770848, -19.113035
72, 15.428467, 9.278067, 8.577297, -9.085191
73, 15.146633, 9.300767, 3.543812, -8.229545
74, 14.768633, 9.294767, 2.648194, -8.623172
75, 14.312900, 9.130333, 2.751387, -8.369287
76, 13.775100, 8.878800, 2.059173, -9.236437
77, 13.200233, 8.584500, 2.218426, -8.722544
78, 12.617800, 8.363200, 3.670540, -6.468740
79, 12.013833, 8.176233, 2.898108, -7.409906
80, 11.399000, 8.018267, 2.301828, -8.146603
81, 10.727067, 7.929433, 4.278812, -4.984930
82, 10.035700, 7.855633, 3.806225, -5.264281
83, 9.318700, 7.765333, -1.324954, -6.819604
84, 8.560333, 7.595033, -11.279062, -7.597350
85, 7.744467, 7.372667, -12.073576, -7.292221
86, 6.875400, 7.143367, -11.126249, -6.773875
87, 5.940433, 6.964200, -9.291433, -5.324761
88, 4.957900, 6.841667, -6.145385, -2.305052
89, 3.957467, 6.758233, -8.959062, -4.752182
90, 2.962733, 6.701167, -9.875688, -6.366822
91, 1.969133, 6.686833, -8.293138, -4.631703
92, 0.997200, 6.691400, -6.733305, -2.524615
93, 0.043433, 6.700800, -11.478175, -3.819320
94, -0.867400, 6.697567, -20.827632, -3.473770
95, -1.725933, 6.695800, -20.358867, -2.398719
96, -2.539533, 6.689000, -19.304375, -1.537451
97, -3.277667, 6.687700, -20.409958, -2.547541
98, -3.955067, 6.710433, -18.007178, -1.262332
99, -4.571667, 6.757500, -16.249767, -0.403145
100, -5.146467, 6.838233, -16.826876, -1.027702
101, -5.697167, 6.937733, -16.974968, -1.526161
102, -6.224033, 7.019500, -16.709949, -1.331421
103, -6.722767, 7.082633, -15.772194, -0.552887
104, -7.189067, 7.171100, -15.499700, -0.452876
105, -7.627700, 7.277900, -15.443976, -0.387565
106, -8.036000, 7.381967, -15.428388, -0.369966
107, -8.414433, 7.434267, -14.862682, -2.300191
108, -8.794900, 7.481467, -13.876301, -4.567259
109, -9.171967, 7.519467, -14.352429, -5.233588
110, -9.562167, 7.553867, -16.002220, -7.575562
111, -9.988267, 7.570900, -16.342579, -8.253094
112, -10.445067, 7.564533, -15.772974, -7.956053
113, -10.974100, 7.558700, -15.584531, -7.720443
114, -11.565367, 7.568833, -15.612611, -7.211127
115, -12.214567, 7.584700, -16.387170, -7.884678
116, -12.957300, 7.618767, -16.844445, -8.122337
117, -13.755100, 7.660733, -16.597249, -7.476056
118, -14.614867, 7.669633, -21.193938, -6.061517
119, -15.530733, 7.655400, -27.049826, -4.596266
120, -16.471067, 7.641633, -26.250146, -2.947774
121, -17.425067, 7.641600, -25.851687, -2.562822
122, -18.370633, 7.652767, -26.398754, -3.877070
123, -19.285667, 7.655700, -26.096194, -2.450397
124, -20.173667, 7.660433, -25.691616, -1.323456
125, -21.036733, 7.688867, -26.478802, -2.384604
126, -21.880367, 7.714200, -26.266612, -2.092962
127, -22.690233, 7.744567, -26.182913, -1.673405
128, -23.500133, 7.748467, -25.724383, -0.586004
129, -24.308100, 7.727600, -25.980177, -0.737063
130, -25.100000, 7.708167, -27.023215, -1.927199
131, -25.894867, 7.690333, -26.444882, -0.785438
132, -26.683167, 7.660033, -26.487356, -1.373774
133, -27.486233, 7.621867, -27.194827, -3.934802
134, -28.281300, 7.567050, -32.793608, -16.419866
135, -29.066067, 7.507067, -32.831105, -18.767368
136, -29.823433, 7.499000, -36.037863, -10.148852
137, -30.529200, 7.536100, -35.615327, -3.472705
138, -31.204933, 7.563267, -34.352218, -0.220949
139, -31.839767, 7.564033, -34.768041, -1.588310
140, -32.464767, 7.538567, -33.288248, 1.082378
141, -33.083200, 7.507867, -33.833724, 0.841548
142, -33.716267, 7.479833, -33.994214, 0.850718
143, -34.349267, 7.487467, -33.747646, 1.539801
144, -34.976333, 7.498933, -33.902010, 1.741212
145, -35.611767, 7.518067, -34.064170, 1.862168
146, -36.266233, 7.530967, -34.473026, 1.680125
147, -36.934133, 7.513133, -37.167443, 0.449919
148, -37.595567, 7.485767, -40.119355, -0.573267
149, -38.244900, 7.487767, -40.076078, 0.186043
150, -38.903333, 7.518867, -40.271654, 0.465541
151, -39.552933, 7.569367, -41.196049, -0.816269
152, -40.219400, 7.580600, -40.529761, -0.412577
153, -40.935633, 7.571967, -39.556917, 1.378722
154, -41.697167, 7.579867, -39.966592, 1.717289
155, -42.469267, 7.601933, -40.382404, 1.093858
156, -43.274233, 7.622267, -40.255719, 0.578143
157, -44.048100, 7.625467, -40.406183, -0.016502
158, -44.800400, 7.609600, -40.510546, 0.629949
159, -45.525400, 7.600600, -45.062985, 0.088959
160, -46.221233, 7.583767, -53.780128, -0.874024
161, -46.919367, 7.556267, -56.942581, -0.487968
162, -47.632600, 7.517467, -55.777912, 0.127211
163, -48.344200, 7.491400, -55.680293, 0.198246
164, -49.008967, 7.466233, -56.199175, -0.604633
165, -49.612667, 7.457900, -61.500289, -1.161093
166, -50.219167, 7.527333, -71.389557, -0.785848
167, -50.854267, 7.638200, -71.013842, -2.127724
168, -51.431950, 7.780750, -64.523599, -8.915722
169, -52.642000, 8.007100, -60.846787, -13.572838
170, -53.456467, 8.175200, -76.760547, -8.284383
171, -54.543667, 8.459600, -74.951461, -0.860722
172, -55.801567, 8.773633, -74.633932, 0.466470
173, -57.137400, 9.067933, -74.024026, 1.712269
174, -58.580167, 9.309967, -73.217093, 2.262786
175, -60.169767, 9.485533, -76.620981, -0.462683
176, -61.881933, 9.614300, -76.184968, 0.159289
177, -63.710200, 9.648233, -76.633881, -0.884537
178, -65.622566, 9.640600, -76.476540, -1.463602
179, -67.591767, 9.647867, -76.020669, -0.799154
180, -69.542700, 9.634333, -76.350030, -0.142342
181, -71.462467, 9.633000, -84.633980, -4.957697
182, -73.312633, 9.615167, -93.809228, -9.691735
183, -75.110333, 9.625600, -98.259235, -10.733096
184, -76.839634, 9.681700, -93.755273, -6.641471
185, -78.460600, 9.715567, -97.435520, -11.142092
186, -79.979267, 9.705400, -97.226688, -10.697554
187, -81.390700, 9.666967, -95.873604, -10.235925
188, -82.693833, 9.628533, -94.803068, -8.818939
189, -83.939367, 9.614533, -94.300815, -8.082624
190, -85.113600, 9.596533, -95.415009, -8.701367
191, -86.224933, 9.650600, -100.422572, -2.584012
192, -87.278767, 9.733067, -101.966334, 3.782395
193, -88.329467, 9.866833, -98.265559, 6.301737
194, -89.498700, 10.092833, -100.843196, 4.127113
195, -90.759933, 10.272900, -100.532294, 4.175126
196, -92.124033, 10.541433, -101.299522, 3.199741
197, -93.681866, 11.237800, -100.430787, 5.358737
198, -95.576933, 12.375100, -106.056130, 7.127898
199, -97.681367, 13.462033, -109.886520, 7.390540
200, -99.979233, 14.415467, -107.261363, 8.834957
201, -102.557867, 15.377367, -110.199597, 6.504761
202, -105.141700, 16.306533, -110.927339, 6.420713
203, -107.624800, 17.126800, -113.862579, 7.321911
204, -109.995633, 17.842767, -127.500471, 8.440780
205, -112.118800, 18.524867, -136.147372, 9.636593
206, -113.967000, 19.315433, -136.257902, 10.335085
207, -115.603467, 20.028000, -135.161545, 9.348644
208, -117.001533, 20.758900, -132.316475, 10.548698
209, -118.269733, 21.688233, -131.359961, 12.409191
210, -119.459367, 22.812833, -132.573238, 17.832071
211, -120.533667, 23.893933, -129.935469, 20.900826
212, -121.450833, 24.792500, -133.669480, 19.187861
213, -122.293767, 25.780967, -130.582092, 22.930841
214, -123.149867, 26.920467, -126.935573, 31.560276
215, -124.200400, 28.154300, -129.094081, 34.131923
216, -125.321033, 29.208167, -130.383667, 33.829821
217, -126.447033, 30.247167, -129.919288, 33.567266
218, -127.598300, 31.317567, -127.977656, 37.938794
219, -128.707933, 32.360300, -126.485546, 41.565013
220, -129.744167, 33.399067, -126.981597, 42.539569
221, -130.683867, 34.410833, -127.032447, 42.493858
222, -131.491367, 35.370200, -125.998733, 44.770076
223, -132.161200, 36.335100, -125.330797, 47.199485
224, -132.724400, 37.290767, -125.552048, 47.485548
225, -133.134167, 38.137333, -125.829905, 48.000065
226, -133.368933, 38.865400, -125.450676, 48.177822
227, -133.506067, 39.544667, -124.969897, 47.387264
228, -133.670200, 40.084967, -125.049526, 45.903886
229, -133.909433, 40.380933, -127.870198, 45.004813
230, -134.258400, 40.732033, -127.363441, 44.620358
231, -134.702433, 41.201633, -126.703265, 45.635074
232, -135.156700, 41.576733, -127.899343, 45.839366
233, -135.698133, 41.848133, -128.126752, 45.908908
234, -136.298700, 42.065567, -128.643387, 46.033588
235, -136.976667, 42.207167, -129.016960, 45.755598
236, -137.681133, 42.288500, -129.412410, 45.578600
237, -138.361100, 42.310233, -129.449397, 45.447872
238, -139.094800, 42.219100, -129.534271, 45.314445
239, -139.798700, 42.060233, -129.717210, 44.945055
240, -140.404833, 41.848400, -129.747577, 45.152956
241, -140.940633, 41.618767, -129.649672, 45.086395
242, -141.200667, 41.222267, -127.728300, 41.857472
243, -140.973200, 40.557633, -141.416955, 17.645998
244, -140.599300, 40.042700, -133.111881, 24.496822
245, -138.586250, 38.456250, -117.338585, 24.429382
246, -137.103100, 37.224267, -135.139460, 8.565491
247, -135.589200, 35.601800, -131.108704, 15.480533
248, -134.293267, 33.908233, -129.344888, 13.937566
249, -133.036067, 32.082000, -127.607799, 13.292973
250, -131.901567, 30.034133, -127.649990, 6.298452
251, -130.877700, 27.939633, -126.513428, 5.453118
252, -129.894133, 25.938100, -125.750426, 7.719152
253, -128.977733, 23.889167, -125.699166, 5.518821
254, -128.183000, 21.780567, -125.759010, 5.174703
255, -127.365733, 19.313400, -125.828327, 3.101374
256, -126.549467, 16.625666, -125.420968, 2.022824
257, -125.727000, 14.169833, -126.171782, -0.413660
258, -125.036300, 12.032201, -126.420869, -1.906924
259, -124.348000, 9.683967, -120.393596, -2.454141
260, -123.667067, 7.283733, -115.886642, -7.386004
261, -122.928433, 4.861533, -114.302816, -14.269774
262, -122.092167, 2.738100, -114.973109, -14.203938
263, -121.267300, 0.748826, -114.912010, -10.638457
264, -120.633450, -0.801956, -114.781445, -12.109012
265, -120.179567, -1.775260, -114.537462, -13.418952
266, -119.909067, -2.452824, -114.864754, -10.790720
267, -119.848275, -3.193040, -115.012421, -11.971017
268, -120.023967, -3.733651, -116.018001, -12.536416
269, -120.402700, -4.059068, -121.036046, -13.789866
270, -120.908933, -4.389908, -121.488204, -13.020336
271, -121.567733, -4.702202, -122.235054, -13.420389
272, -122.316133, -5.044452, -123.523217, -14.588601
273, -123.143967, -5.362361, -123.702558, -13.881905
274, -124.166300, -5.517403, -123.805882, -12.792448
275, -125.423867, -5.576139, -133.220356, -13.290933
276, -126.948233, -5.626118, -142.918036, -10.178596
277, -128.802800, -5.699613, -146.685335, -9.672836
278, -130.884633, -5.882030, -145.148588, -8.911176
279, -133.069033, -6.153334, -147.488372, -9.991780
280, -135.376366, -6.418749, -146.295607, -9.870453
281, -137.326600, -6.612480, -145.945247, -9.859485
282, -139.626175, -6.781241, -154.534456, -6.778087
283, -142.181033, -6.780025, -163.172941, -3.254145
284, -144.227400, -6.530401, -161.202324, -3.358030
285, -146.104033, -6.095397, -159.800856, -3.929824
286, -147.770833, -5.591222, -159.460513, -4.373743
287, -149.252800, -5.109292, -158.929725, -4.124602
288, -150.636800, -4.678240, -158.682085, -4.144309
289, -151.913933, -4.387189, -158.774659, -4.136038
290, -153.096533, -4.129357, -158.757540, -4.061112
291, -154.187600, -3.964087, -159.105867, -4.349127
292, -155.229233, -3.853313, -158.259818, -4.077268
293, -156.271900, -3.687329, -158.297465, -4.362666
294, -157.306700, -3.525711, -158.789600, -5.450602
295, -158.349800, -3.347365, -173.173907, -13.386766
296, -159.447867, -3.192117, 179.034334, -8.819948
297, -160.543933, -3.038031, -174.428901, -3.411990
298, -161.614000, -2.830275, -172.444321, -2.080351
299, -162.663467, -2.631655, -173.931284, -1.999238
300, -163.702167, -2.514782, -172.105984, -1.573028
301, -164.730567, -2.424906, -172.715825, -2.035026
302, -165.745867, -2.350460, -174.713088, -2.736746
303, -166.727067, -2.305257, -173.313746, -2.233594
304, -167.672400, -2.291356, -172.555899, -2.004503
305, -168.564900, -2.294935, -173.299267, -2.579803
306, -169.404567, -2.322929, -173.058642, -2.924034
307, -170.183233, -2.352034, -173.502261, -2.881726
308, -170.913733, -2.354747, -172.771317, -2.382054
309, -171.654163, -2.337682, 179.747564, -4.419325
310, -172.406193, -2.261108, 171.692926, -4.712893
311, -173.202030, -2.135125, 168.742102, -5.443499
312, -174.006433, -1.960893, 169.957824, -4.355738
313, -174.787910, -1.673572, 168.716274, -5.101456
314, -175.473830, -1.221797, 168.911180, -4.817907
315, -176.033087, -0.694278, 170.971420, -3.955639
316, -176.354567, -0.192398, 172.128249, -4.536573
317, -176.326697, 0.494133, -176.621739, -3.527424
318, -175.762343, 1.210267, -164.182648, -1.640786
319, -174.645154, 1.853367, -160.758356, -1.379161
320, -172.984697, 2.643567, -158.246358, -2.129170
321, -170.854273, 3.424267, -160.758311, -0.483475
322, -168.561000, 4.077100, -156.312986, -1.153492
323, -166.283333, 4.696100, -151.011407, 0.242796
324, -164.125333, 5.360100, -147.934980, -1.120948
325, -162.276900, 6.055767, -150.131835, -0.339485
326, -160.765833, 6.825800, -150.332392, -0.242713
327, -159.555767, 7.534600, -149.259963, -1.158754
328, -158.569800, 8.267433, -150.148674, -0.989844
329, -157.655567, 8.873633, -150.091655, -0.864175
330, -156.888967, 9.406733, -149.241283, -3.888169
331, -156.288233, 9.964400, -150.331289, -2.680936
332, -155.818467, 10.352033, -150.742347, 0.324073
333, -155.569167, 10.619267, -151.066265, -1.477922
334, -155.453300, 10.864967, -151.366002, -2.671614
335, -155.496067, 11.146900, -151.523754, -2.093970
336, -155.716967, 11.425900, -151.838695, -1.613569
337, -156.078267, 11.669433, -152.238261, -1.942037
338, -156.562367, 11.914567, -155.062967, -3.575316
339, -157.186900, 12.142433, -156.596811, -3.557918
340, -157.913133, 12.388767, -156.415188, -2.207947
341, -158.720967, 12.591000, -156.134019, -1.256887
342, -159.599733, 12.689600, -155.899194, -0.873379
343, -160.454800, 12.574567, -156.310437, -2.888092
344, -161.170633, 12.430667, -156.382739, -4.004976
345, -161.688300, 12.384033, -158.917040, -0.902232
346, -161.994767, 12.318967, -166.563446, -3.750598
347, -162.107000, 12.227900, -166.700492, -2.562200
348, -162.068467, 12.165967, -165.755140, -1.319419
349, -161.936400, 12.148633, -165.715660, -1.380180
350, -161.724367, 12.109533, -165.368140, -0.893978
351, -161.468000, 12.056300, -164.924576, -0.668781
352, -161.186600, 12.054600, -164.717586, -0.806136
353, -160.929267, 12.043267, -164.573351, -0.521238
354, -160.713100, 12.025167, -164.654335, -0.661736
355, -160.641067, 11.974933, -164.697747, -0.602883
356, -160.788000, 11.843133, -164.988236, -0.825506
357, -161.127800, 11.655333, -165.548679, -0.935353
358, -161.649933, 11.474767, -166.052042, -1.425764
359, -162.371667, 11.346667, -166.588772, -1.654494
360, -163.224900, 11.335900, -167.078637, -1.887062
361, -164.208200, 11.421867, -167.188743, -1.308156
362, -165.348833, 11.603333, -166.834308, 0.160034
363, -166.709100, 11.917200, -167.478458, -0.132764
364, -168.368400, 12.179400, -168.454286, -0.505881
365, -170.287953, 12.298733, -168.451821, 0.570747
366, -172.473229, 12.287533, -169.318451, -0.260883
367, -174.886810, 12.129067, -169.875207, 0.538963
368, -177.481156, 11.919133, -170.473089, -0.526189
369, 179.687534, 11.760200, -171.560079, -3.984433
370, 176.470046, 11.672033, 177.210105, -12.350027
371, 176.470046, 11.672033, 177.210105, -12.350027
372, 168.638165, 11.286400, 149.804924, -27.835426
373, 165.307065, 11.064433, 145.418866, -16.722308
374, 161.210009, 10.801900, 138.207048, -6.985844
375, 156.962394, 10.567267, 127.621572, -9.634569
376, 152.491390, 10.433900, 119.118129, -10.018033
377, 147.658742, 10.429933, 111.426335, -9.562515
378, 142.555634, 10.534033, 109.200323, -8.252416
379, 137.365781, 10.778800, 109.391002, -7.847891
380, 132.316874, 11.002900, 110.820963, -7.676116
381, 127.618963, 11.186600, 113.110270, -7.060138
382, 123.376026, 11.278633, 114.190135, -6.348350
383, 119.618758, 11.199933, 115.189110, -3.582698
384, 116.331966, 10.998500, 101.649098, -9.162812
385, 113.365963, 10.667800, 95.763972, -11.067330
386, 110.801503, 10.161833, 97.544979, -10.356383
387, 108.636496, 9.674500, 99.065382, -9.057524
388, 106.883880, 9.127433, 99.610096, -8.161348
389, 105.504427, 8.491500, 100.088086, -8.543136
390, 104.345960, 7.920900, 100.339549, -7.760075
391, 103.361227, 7.499167, 100.848449, -7.090462
392, 102.449017, 7.265633, 100.154241, -8.539649
393, 101.570390, 7.139933, 100.552474, -7.532026
394, 100.709077, 7.100733, 100.837816, -5.771979
395, 99.814789, 7.157267, 101.033009, -4.558798
396, 98.912694, 7.232800, 100.585749, -6.625444
397, 98.040095, 7.328733, 99.943472, -7.856422
398, 97.167123, 7.339300, 97.076171, -5.378704
399, 96.058710, 7.182333, 85.855172, -4.388906
400, 94.727575, 6.899033, 75.359628, -2.672559
401, 93.424860, 6.799333, 74.714121, -1.375468
402, 92.173403, 6.692767, 72.961042, -3.369479
403, 91.027331, 6.552467, 71.014666, -4.923804
404, 90.012359, 6.418800, 71.387347, -5.065128
405, 89.187533, 6.243900, 72.769182, -4.221291
406, 88.593733, 6.209600, 74.599047, -2.878885
407, 88.082767, 6.262767, 74.389161, -3.879360
408, 87.618733, 6.396033, 74.554922, -3.635310
409, 87.111767, 6.625400, 75.560911, -2.634582
410, 86.472933, 6.774467, 75.107098, -3.367882
411, 85.795933, 6.799233, 75.067662, -3.534822
412, 85.087300, 6.732500, 75.013733, -4.196381
413, 84.312667, 6.611667, 69.253638, -5.130711
414, 83.348467, 6.527033, 55.762616, -6.763318
415, 82.072267, 6.558800, 49.628246, -7.587562
416, 80.574800, 6.517000, 44.827047, -5.936352
417, 79.120733, 6.364067, 52.964264, -2.669036
418, 77.684067, 6.140267, 50.445040, -2.209077
419, 76.268167, 5.868133, 47.464175, -3.034192
420, 74.827400, 5.409333, 45.568794, -3.933977
421, 73.346867, 4.842233, 49.669543, -2.617681
422, 71.871233, 4.408200, 49.282796, -2.897405
423, 70.513533, 4.141200, 47.261523, -4.106835
424, 69.420500, 4.093267, 48.033479, -3.305425
425, 68.592333, 4.231100, 48.047695, -3.292727
426, 67.986767, 4.467633, 41.437412, -3.869759
427, 67.581833, 4.667133, 38.360763, -4.154345
428, 67.193233, 4.846767, 40.642270, -3.796682
429, 66.826700, 4.994133, 40.830706, -3.487653
430, 66.435867, 5.156433, 40.406767, -3.725927
431, 65.897233, 5.269167, 42.266614, -2.989530
432, 65.216033, 5.335900, 43.069831, -2.570333
433, 64.406200, 5.404233, 43.182655, -2.610494
434, 63.511400, 5.346333, 45.381130, -2.017588
435, 62.556300, 5.138200, 45.007796, -3.705930
436, 61.561167, 4.722533, 45.609385, -4.086101
437, 60.525000, 4.133300, 48.576947, -2.109419
438, 59.501300, 3.440800, 48.813185, -2.286075
439, 58.571333, 2.664433, 47.260296, -3.652300
440, 57.778000, 1.921267, 41.636549, -3.475501
441, 57.058467, 1.340633, 41.474991, -2.945111
442, 56.419933, 0.984633, 43.750715, -1.891877
443, 55.897967, 0.835733, 42.412541, -2.130915
444, 55.435033, 0.826467, 41.871876, -1.928142
445, 55.060900, 0.861233, 42.628172, -1.483101
446, 54.661400, 0.984300, 44.221954, -0.890944
447, 54.175033, 1.191000, 43.829779, -0.950931
448, 53.625967, 1.485200, 43.598676, -0.686201
449, 53.064700, 1.779533, 43.160196, -1.469651
450, 52.561500, 2.081400, 40.163069, -7.532587
451, 52.225450, 2.431650, 47.466543, -22.305317
452, 52.095267, 2.819733, 35.730931, -19.737165
453, 52.100867, 3.212100, 44.452869, -7.878605
454, 52.154567, 3.551400, 48.564790, 1.090359
455, 52.195033, 3.809600, 46.540305, -1.235538
456, 52.174000, 4.009600, 45.575920, -2.001967
457, 52.079867, 4.166900, 46.341722, -1.096004
458, 51.967767, 4.328567, 46.702663, -0.456603
459, 51.837667, 4.481067, 46.686239, -0.466742
460, 51.776167, 4.625600, 46.740596, -0.630558
461, 51.801900, 4.784667, 46.903321, -0.903947
462, 51.949100, 4.963967, 47.167805, -0.848248
463, 52.187100, 5.146500, 48.304291, -0.033867
464, 52.505933, 5.405733, 51.194144, 0.736686
465, 52.868000, 5.677633, 50.999388, -0.104113
466, 53.268333, 5.962300, 51.273258, -0.160947
467, 53.669833, 6.256500, 51.706398, 0.073398
468, 54.063533, 6.542567, 52.049784, 0.659723
469, 54.454933, 6.779133, 51.842188, -0.249187
470, 54.843600, 7.012533, 51.815414, -0.732500
471, 55.199667, 7.165067, 51.905937, -0.761662
472, 55.535600, 7.213667, 52.032841, -0.745678
473, 55.796700, 7.229700, 51.785236, -1.237082
474, 56.013833, 7.220933, 51.652913, -1.479391
475, 56.268133, 7.159367, 51.752440, -1.140618
476, 56.535133, 7.071533, 51.984054, -1.162512
477, 56.784933, 6.970400, 52.187435, -1.252485
478, 57.031633, 6.883300, 52.388469, -1.111964
479, 57.285167, 6.800400, 52.358118, -1.509824
480, 57.507267, 6.743400, 52.463343, -1.563301
481, 57.725300, 6.694633, 52.536501, -1.543987
482, 57.923067, 6.651433, 52.684452, -1.510565
483, 58.091900, 6.624033, 53.372157, -1.564048
484, 58.250600, 6.584733, 53.564967, -1.832178
485, 58.399667, 6.567100, 53.291673, -2.691284
486, 58.562167, 6.522433, 53.418824, -2.947940
487, 58.726700, 6.517933, 53.469741, -2.806816
488, 58.878933, 6.509267, 53.479931, -2.733739
489, 59.003867, 6.466500, 53.371380, -2.910303
490, 59.117467, 6.442333, 53.385287, -2.861082
491, 59.211900, 6.433867, 53.605821, -2.802091
492, 59.305733, 6.442800, 53.642844, -2.966763
493, 59.405967, 6.473600, 53.705913, -3.166024
494, 59.494100, 6.485800, 53.768203, -3.094984
495, 59.612233, 6.538067, 53.814822, -3.076797
496, 59.765367, 6.645633, 53.955427, -2.860627
497, 59.976867, 6.784733, 53.012949, -3.537778
498, 60.149800, 6.865600, 49.155592, -12.436271
499, 60.149800, 6.865600, 49.155592, -12.436271
500, 61.036150, 7.302750, 53.173442, -23.860091
501, 61.390767, 7.532100, 46.170947, -14.698432
502, 61.854300, 7.818100, 52.591529, -4.299357
503, 62.337267, 8.138500, 52.648970, -4.910370
504, 62.850100, 8.486167, 54.236021, -2.183840
505, 63.356233, 8.862667, 54.864106, -1.612312
506, 63.847133, 9.188000, 55.119291, -0.884181
507, 64.290433, 9.466067, 54.934452, -1.883562
508, 64.666033, 9.732100, 55.565282, -0.926428
509, 65.023633, 10.000833, 55.292019, -1.180071
510, 65.361333, 10.196333, 55.503393, -1.143154
511, 65.672500, 10.376633, 56.324092, -0.398157
512, 65.978000, 10.514800, 56.536735, -0.253539
513, 66.249267, 10.667767, 56.334661, -0.590396
514, 66.473933, 10.813200, 56.538552, -0.395125
515, 66.693933, 10.928600, 56.262857, -0.734933
516, 66.867800, 11.041300, 55.762881, -1.458819
517, 67.033867, 11.187533, 56.114711, -1.241712
518, 67.265167, 11.358433, 56.515384, -0.904406
519, 67.582133, 11.571667, 56.834310, -0.843320
520, 68.033733, 11.747933, 56.831150, -1.230485
521, 68.653033, 11.877767, 57.154703, -1.411028
522, 69.404133, 11.989100, 56.351298, -2.538369
523, 70.222000, 12.087700, 55.484818, -3.581236
524, 71.012933, 12.181967, 56.500228, -2.416847
525, 71.767533, 12.261267, 58.204801, -0.821171
526, 72.467200, 12.330033, 59.154992, -0.535224
527, 73.061233, 12.375933, 58.155875, -1.750374
528, 73.601133, 12.366967, 54.949181, -4.474594
529, 74.127733, 12.302933, 55.248051, -4.569095
530, 74.621933, 12.192067, 57.521918, -2.397671
531, 75.060100, 12.049433, 49.615150, -4.791167
532, 75.423467, 11.866233, 47.714606, -5.688229
533, 75.733700, 11.677367, 48.471964, -4.939627
534, 76.038400, 11.492800, 52.355394, -2.029641
535, 76.346067, 11.292633, 54.418222, -0.983963
536, 76.691233, 11.189000, 53.784270, -1.011142
537, 77.106000, 11.081700, 52.846818, -1.904214
538, 77.520733, 10.945867, 53.502288, -2.169122
539, 77.924300, 10.809033, 54.379223, -1.643841
540, 78.295800, 10.678567, 51.189353, -3.337912
541, 78.621967, 10.555833, 50.053323, -3.821352
542, 78.929867, 10.459933, 49.826686, -4.226954
543, 79.266900, 10.349433, 52.058200, -3.251501
544, 79.645433, 10.320700, 54.372604, -1.337577
545, 79.987167, 10.222533, 52.477234, -1.925801
546, 80.227633, 10.011100, 54.734463, -0.755303
547, 80.454800, 9.791600, 55.843324, -0.485961
548, 80.647200, 9.515733, 53.776996, -1.633352
549, 80.812233, 9.203900, 53.647361, -1.985324
550, 80.936767, 8.843800, 55.597166, -0.869237
551, 81.112267, 8.457967, 57.872115, -1.115285
552, 81.398300, 8.039767, 57.542182, -2.266534
553, 81.832133, 7.584367, 60.121745, -0.821314
554, 82.300900, 7.164467, 59.783649, -0.907699
555, 82.726400, 6.811900, 59.039458, -1.323394
556, 83.087833, 6.498033, 60.141690, -1.252442
557, 83.357133, 6.190833, 57.708501, -2.629146
558, 83.585400, 5.957933, 55.198932, -3.629029
559, 83.802133, 5.768467, 57.934617, -2.457969
560, 84.044133, 5.651000, 58.794534, -1.993891
561, 84.321467, 5.601833, 58.989859, -1.797165
562, 84.661633, 5.583033, 60.394537, -1.105033
563, 85.035267, 5.596200, 60.881394, -0.948759
564, 85.420200, 5.634333, 61.123560, -0.820171
565, 85.787633, 5.683767, 60.008308, -1.245233
566, 86.126967, 5.735400, 62.011191, -0.296524
567, 86.427167, 5.748667, 62.417207, -0.478126
568, 86.688567, 5.715633, 62.013049, -2.412003
569, 86.909867, 5.673833, 61.046688, -2.950067
570, 87.086933, 5.613167, 61.596380, -2.913914
571, 87.226700, 5.544600, 60.596981, -3.468707
572, 87.318233, 5.465867, 60.905886, -3.410184
573, 87.389967, 5.376567, 61.127930, -3.483526
574, 87.427467, 5.249433, 61.051548, -3.542348
575, 87.409200, 5.101300, 61.178397, -3.536422
576, 87.311100, 4.919267, 61.902444, -3.134268
577, 87.164633, 4.710233, 61.143509, -3.438633
578, 87.024700, 4.558033, 61.359960, -3.426649
579, 86.904700, 4.493500, 61.194562, -3.321458
580, 86.839500, 4.458467, 61.866470, -2.982442
581, 86.826167, 4.465100, 62.350233, -2.648426
582, 86.896133, 4.564133, 61.353448, -3.315567
583, 87.054733, 4.727600, 59.139278, -5.916654
584, 87.323500, 4.921033, 63.219015, -16.616363
585, 87.700000, 5.230500, 91.390496, -5.869436
586, 88.207267, 5.599933, 92.380440, -13.513977
587, 88.936300, 5.950800, 98.404022, -2.984279
588, 89.888264, 6.338000, 100.357912, -0.013064
589, 91.041259, 6.663133, 101.178850, -1.812691
590, 92.236206, 6.918567, 100.536540, -0.201571
591, 93.362074, 7.146233, 100.730927, -0.468577
592, 94.464239, 7.291700, 101.134267, -0.639561
593, 95.574281, 7.342933, 101.978228, -2.266922
594, 96.674445, 7.327267, 103.021628, -3.431810
595, 97.735825, 7.255200, 104.076576, -1.777389
596, 98.700976, 7.208900, 103.867825, -1.557971
597, 99.574709, 7.318733, 104.161391, -2.002974
598, 100.372813, 7.533333, 104.366451, -3.385276
599, 101.135023, 7.739033, 104.133434, -4.317343
600, 101.647990, 7.849500, 103.982729, -3.180204
