1, 61.975100, 8.967581, 60.890887, -5.790629
2, 62.064100, 7.916700, 61.115711, -6.861155
3, 62.089200, 7.903200, 61.141507, -6.831270
4, 62.181200, 7.801000, 61.175103, -6.879808
5, 62.222233, 7.771967, 61.073758, -6.847012
6, 62.265033, 7.719867, 61.005693, -6.915268
7, 62.306400, 7.676333, 61.022242, -7.017670
8, 62.302233, 7.681067, 61.045913, -6.956768
9, 62.293700, 7.668967, 60.922648, -6.910035
10, 62.286267, 7.673533, 60.769674, -6.836492
11, 62.282533, 7.677767, 60.684885, -6.800644
12, 62.304067, 7.651500, 59.981213, -5.599234
13, 62.338367, 7.604600, 58.251188, -3.146773
14, 62.358067, 7.534933, 57.296990, -2.509736
15, 62.350825, 7.471925, 56.796076, -2.148617
16, 62.327450, 7.412200, 57.165253, -1.988135
17, 62.301467, 7.361767, 57.081447, -1.958260
18, 62.274533, 7.340433, 56.936797, -1.808057
19, 62.213025, 7.322450, 50.483395, -0.631589
20, 62.030333, 7.338767, 46.385125, 0.241337
21, 61.761767, 7.351700, 45.417275, 0.670706
22, 61.232767, 7.387500, 45.165592, 0.503131
23, 60.475433, 7.393300, 44.901871, 0.387615
24, 59.570133, 7.367767, 44.928370, -0.133845
25, 58.795350, 7.417650, 44.865815, -0.133157
26, 58.169367, 7.483767, 44.313002, -0.581642
27, 57.457800, 7.541367, 43.890259, -0.537566
28, 56.685333, 7.559967, 43.991562, -0.580769
29, 55.641567, 7.576500, 43.315079, -0.819896
30, 54.315500, 7.627367, 43.387740, -1.000723
31, 52.544467, 7.774233, 36.291524, -0.316346
32, 50.395367, 8.074400, 27.567011, -0.001948
33, 48.085234, 8.586500, 27.278541, 0.901995
34, 45.832166, 9.017167, 26.351739, 1.117799
35, 43.833600, 9.242000, 26.081986, 0.095742
36, 42.116467, 9.404833, 25.520857, -0.744441
37, 40.755900, 9.529900, 25.064612, -1.295912
38, 39.177200, 9.666833, 24.841112, -0.977081
39, 37.885267, 9.861867, 25.006583, -1.185048
40, 36.701100, 10.107467, 25.123342, -0.613625
41, 35.604767, 10.406067, 19.259907, 2.593451
42, 34.609700, 10.775633, 17.261439, 4.247919
43, 33.796300, 11.048833, 17.347481, 3.843830
44, 33.240433, 11.132100, 17.272729, 4.101064
45, 32.827000, 11.082500, 16.785606, 3.783031
46, 32.474700, 10.904533, 16.944797, 3.500127
47, 32.081100, 10.687533, 16.698414, 3.392741
48, 31.496500, 10.617467, 16.435200, 3.279779
49, 30.596967, 10.790433, 13.622803, 5.366034
50, 29.442200, 11.106733, 9.876243, 9.792227
51, 28.225467, 11.298667, 8.976823, 10.053910
52, 27.056067, 11.264433, 8.365282, 10.002525
53, 26.003800, 11.086900, 7.490252, 9.211976
54, 25.158733, 10.885433, 6.779377, 9.224679
55, 24.528833, 10.803600, 6.490217, 10.840511
56, 24.105900, 10.882733, 6.326436, 11.255215
57, 23.794267, 10.899800, 6.984463, 11.446772
58, 23.636433, 10.822200, 7.169479, 11.349703
59, 23.560367, 10.696400, 7.402172, 11.223350
60, 23.574200, 10.428367, 7.457994, 11.188645
61, 23.445933, 10.064633, 7.475878, 11.228202
62, 23.010167, 9.713133, 3.408340, 6.157704
63, 22.238300, 9.395267, -1.654307, 0.999062
64, 21.243200, 9.059033, -2.526045, 0.998758
65, 20.175433, 8.774700, -2.415221, 0.791165
66, 19.168467, 8.661100, -1.586212, 1.043087
67, 18.460250, 8.767650, -0.877949, 0.230106
68, 17.849133, 9.036100, -2.777885, 1.380050
69, 17.456033, 9.199933, -2.863527, 1.129693
70, 17.152267, 9.089633, -1.956931, 0.936560
71, 16.933700, 8.760533, -2.167325, 0.578885
72, 16.805800, 8.288900, -2.644454, 0.462684
73, 16.634333, 7.886200, -1.384596, 0.145247
74, 16.261500, 7.610500, -1.648914, -0.119809
75, 15.688867, 7.377133, -2.685687, -0.002292
76, 14.937400, 7.055933, -1.569183, -0.232227
77, 14.042767, 6.627333, -2.395743, 0.107035
78, 13.088500, 6.110700, -4.076643, 0.439034
79, 12.248700, 5.658067, 2.097811, -4.272695
80, 11.669767, 5.214933, 14.558502, -10.439702
81, 11.343533, 4.820067, 22.189537, -12.679098
82, 11.200367, 4.510500, 22.660703, -13.495438
83, 11.263933, 4.143233, 22.563094, -12.906571
84, 11.491300, 3.719300, 22.522966, -13.119136
85, 11.912333, 3.192033, 22.728588, -13.227836
86, 12.515933, 2.690767, 23.131581, -13.600751
87, 13.231967, 2.268400, 23.182848, -13.687720
88, 14.066167, 1.848333, 26.571140, -12.353358
89, 15.039833, 1.464733, 32.380548, -10.808115
90, 16.130367, 1.073767, 33.938150, -10.657093
91, 17.231633, 0.630767, 33.416020, -10.710554
92, 18.344567, 0.052963, 33.613366, -11.181662
93, 19.404033, -0.489697, 34.221451, -12.012648
94, 20.344433, -1.099301, 33.892808, -12.017801
95, 21.138767, -1.630394, 33.977164, -11.912530
96, 21.797167, -2.301878, 34.478692, -12.298523
97, 22.320100, -2.994373, 33.266738, -17.430921
98, 22.855800, -3.804769, 29.972598, -26.012191
99, 23.207167, -4.301391, 29.496092, -26.984982
100, 23.372833, -4.443683, 27.813812, -25.998464
101, 23.361200, -4.572771, 28.375311, -26.282045
102, 23.213300, -4.636445, 28.683249, -26.560466
103, 22.906500, -4.604537, 28.213577, -26.356143
104, 22.494300, -4.579177, 27.915482, -26.215342
105, 22.056300, -4.606182, 28.028193, -26.551025
106, 21.618133, -4.652082, 20.155209, -20.028288
107, 21.131867, -4.637129, 14.935192, -15.393130
108, 20.599233, -4.594857, 14.481402, -15.391429
109, 19.946167, -4.512685, 14.054639, -15.594315
110, 19.154100, -4.265421, 13.797843, -15.306312
111, 18.326000, -3.952646, 14.055415, -15.097366
112, 17.507333, -3.666546, 14.150323, -15.013864
113, 16.739367, -3.411687, 14.355664, -14.810175
114, 16.069300, -3.135009, 14.089229, -14.940982
115, 15.533800, -2.927242, 14.358449, -14.892751
116, 15.213900, -2.768561, 14.462472, -14.894594
117, 15.033867, -2.480605, 14.345399, -14.689040
118, 14.934433, -2.234284, 14.196355, -14.493392
119, 14.798100, -2.050264, 14.117565, -14.325882
120, 14.533167, -1.836333, 13.964171, -14.241195
121, 14.242400, -1.637312, 13.725070, -14.469835
122, 13.780533, -1.451210, 13.210462, -14.478137
123, 13.290500, -1.316819, 13.096486, -14.721255
124, 12.770733, -1.222765, 13.596049, -14.639132
125, 12.256300, -1.162689, 13.829641, -15.084963
126, 11.718200, -1.054351, 13.980949, -15.242996
127, 11.116067, -0.972286, 8.317935, -14.728879
128, 10.386500, -0.897438, -3.327944, -14.697643
129, 9.502500, -0.856889, -7.987077, -14.191286
130, 8.406967, -0.797172, -8.435412, -14.271119
131, 6.985900, -0.660577, -8.096510, -14.856614
132, 5.417467, -0.470522, -9.345060, -15.537224
133, 3.833567, -0.215082, -9.720409, -15.635971
134, 2.327833, 0.053716, -9.525095, -15.490993
135, 0.994833, 0.377600, -9.283062, -15.435310
136, -0.177533, 0.664700, -14.950359, -8.113799
137, -1.236833, 1.048667, -19.673275, -3.361213
138, -2.305300, 1.562200, -21.158964, -2.212915
139, -3.127867, 1.926433, -19.817686, -2.463433
140, -3.811033, 2.270433, -19.376750, -2.349258
141, -4.376567, 2.633800, -19.292382, -2.358023
142, -5.000167, 3.095500, -19.946333, -2.122133
143, -5.663433, 3.531133, -19.838732, -2.201957
144, -6.419800, 3.999500, -20.448079, -2.076970
145, -7.223800, 4.335067, -20.483116, -2.217253
146, -7.953333, 4.670700, -20.307406, -2.360037
147, -8.604233, 5.079667, -20.373458, -2.098552
148, -9.067067, 5.502633, -20.244202, -2.281155
149, -9.446733, 6.076033, -20.064827, -1.550695
150, -9.713067, 6.839133, -19.791338, -1.050082
151, -10.078033, 8.145933, -22.133509, 3.510173
152, -10.613433, 9.568967, -24.487257, 11.169043
153, -11.202167, 10.961900, -24.985063, 12.406180
154, -11.728633, 11.931133, -25.661020, 11.970693
155, -12.093733, 12.580700, -25.337980, 11.598652
156, -12.395567, 13.081400, -25.178763, 11.624276
157, -12.489200, 13.357850, -24.654889, 11.006399
158, -12.442467, 13.732100, -24.102254, 10.762725
159, -12.338600, 14.001433, -23.983550, 10.900755
160, -12.205100, 14.184267, -23.716138, 11.069538
161, -12.116267, 14.421567, -23.611923, 11.360221
162, -12.031533, 14.614267, -23.577722, 11.424458
163, -11.938467, 14.809767, -23.484723, 11.244823
164, -11.916433, 15.048033, -23.659185, 11.243454
165, -11.936467, 15.176967, -23.892984, 10.998203
166, -11.972067, 15.300567, -24.022350, 10.846589
167, -12.117167, 15.410633, -18.846609, 10.956515
168, -12.351900, 15.572900, -10.644422, 11.505306
169, -12.690467, 15.760867, -9.438882, 11.787989
170, -13.047600, 15.881333, -9.592245, 11.355142
171, -13.305467, 15.981167, -9.803464, 11.495380
172, -13.427500, 16.089867, -9.659553, 11.613051
173, -13.523767, 16.149767, -9.587266, 11.589729
174, -13.556767, 16.171400, -9.498338, 11.630553
175, -13.562000, 16.288300, -9.359532, 11.671189
176, -13.648700, 16.453200, -9.345796, 11.717806
177, -13.696367, 16.516967, -9.356325, 11.831727
178, -13.696667, 16.526333, -8.292686, 13.011405
179, -13.710333, 16.577733, -6.881681, 15.665289
180, -13.786600, 16.634100, -6.820581, 15.911958
181, -14.030467, 16.735300, -7.199742, 15.868690
182, -14.459567, 16.849133, -7.585671, 15.824758
183, -14.968100, 17.028900, -8.002197, 15.941780
184, -15.570833, 17.247733, -8.415801, 15.921757
185, -16.193000, 17.383400, -8.405035, 15.817288
186, -16.779033, 17.556133, -8.923885, 16.033632
187, -17.302533, 17.661733, -11.690019, 17.067584
188, -17.664233, 17.724967, -11.956972, 17.089069
189, -17.878867, 17.799033, -12.083892, 17.316005
190, -17.906567, 17.822100, -11.767902, 17.276196
191, -17.748900, 17.840800, -11.346213, 17.161255
192, -17.400767, 17.886900, -10.960420, 17.125878
193, -16.836400, 17.974867, -10.579765, 17.210420
194, -16.154633, 18.105533, -10.163396, 16.995575
195, -15.356400, 18.196633, -10.102778, 17.114189
196, -14.661750, 18.283450, -11.105270, 16.584265
197, -14.661750, 18.283450, -11.105270, 16.584265
198, -13.084167, 18.444333, -12.686069, 8.582738
199, -12.499300, 18.436067, -9.635121, 17.375406
200, -12.098733, 18.374933, -9.757266, 17.329935
201, -11.867833, 18.305667, -10.242914, 16.751502
202, -11.826667, 18.270233, -10.275569, 17.110840
203, -11.940667, 18.309200, -10.738968, 17.158800
204, -12.134067, 18.311767, -10.981409, 17.166265
205, -12.378500, 18.324433, -11.176537, 17.272266
206, -12.678333, 18.338767, -11.390468, 17.271564
207, -13.013567, 18.337733, -11.532393, 17.318315
208, -13.399367, 18.329467, -11.638627, 17.228700
209, -13.790567, 18.318633, -11.840917, 17.198360
210, -14.154033, 18.304333, -11.975571, 17.158620
211, -14.496333, 18.290733, -11.622682, 17.248087
212, -14.772167, 18.276667, -12.023173, 17.069578
213, -15.003667, 18.303567, -21.940715, 12.435086
214, -15.233033, 18.300267, -29.409492, 6.629423
215, -15.412433, 18.251033, -30.174119, 5.757312
216, -15.556033, 18.181100, -30.312782, 5.700522
217, -15.611450, 18.111150, -30.347254, 5.031619
218, -15.617400, 17.987100, -30.269248, 4.666495
219, -15.638167, 17.894433, -30.191527, 4.589651
220, -15.611767, 17.781767, -30.127757, 4.690263
221, -15.613567, 17.666867, -30.212018, 5.005883
222, -15.676867, 17.533667, -30.230050, 5.058629
223, -15.802300, 17.332967, -30.273339, 4.919212
224, -16.190633, 16.742367, -30.765549, 4.340122
225, -16.866767, 15.377000, -31.141342, 3.533281
226, -17.553433, 13.591700, -31.182307, 2.501353
227, -18.207300, 11.931567, -30.798448, 2.912316
228, -18.758500, 10.522833, -32.384394, -0.132485
229, -19.280933, 9.274233, -34.306559, -5.503187
230, -19.789400, 8.215033, -35.473782, -6.873770
231, -20.330733, 7.493000, -35.838675, -5.725637
232, -20.821267, 6.875433, -36.146916, -5.455659
233, -21.263033, 6.543067, -35.537102, -5.804419
234, -21.631533, 6.338133, -35.178591, -5.548290
235, -21.999633, 6.216367, -35.312782, -5.225287
236, -22.352967, 6.139667, -35.904027, -4.741856
237, -22.635100, 5.994500, -35.957733, -4.579765
238, -22.890633, 5.866533, -36.457399, -4.594014
239, -23.015200, 5.708633, -36.570732, -4.615134
240, -23.029800, 5.535533, -36.312018, -4.524431
241, -22.922200, 5.379133, -35.788236, -4.724536
242, -22.746100, 5.208500, -35.466043, -5.129333
243, -22.565033, 5.079833, -35.295677, -5.212845
244, -22.378567, 4.919633, -34.504882, -5.490596
245, -22.273667, 4.809933, -24.275282, -7.688754
246, -22.150467, 4.717000, -12.587281, -9.681863
247, -21.897967, 4.670767, -8.663089, -10.173351
248, -21.622467, 4.667700, -8.653319, -10.645487
249, -21.281033, 4.635967, -9.466818, -9.309760
250, -20.908700, 4.642967, -8.977990, -9.683737
251, -20.555767, 4.672500, -8.922424, -9.392840
252, -20.202833, 4.854600, -8.917866, -9.423899
253, -19.970533, 5.063300, -9.181537, -9.252414
254, -19.731200, 5.152900, -9.434539, -9.399186
255, -19.478833, 5.235367, -9.294221, -9.522506
256, -19.187700, 5.278733, -5.940405, -6.988965
257, -18.742700, 5.349067, -1.251189, -3.849627
258, -18.151933, 5.423867, 2.001854, -5.457622
259, -17.439667, 5.463733, 0.794966, -3.514610
260, -16.653900, 5.580533, 1.071019, -3.926637
261, -15.867467, 5.636933, 2.322418, -4.607165
262, -15.035433, 5.634467, 1.358727, -4.423691
263, -14.122600, 5.636533, 0.546974, -4.501397
264, -13.140000, 5.489100, -0.243720, -4.753402
265, -12.181500, 5.373233, -0.071906, -5.104693
266, -11.280100, 5.370200, 0.094243, -5.596145
267, -10.412067, 5.284433, 0.606326, -5.448640
268, -9.651767, 5.266200, 1.002044, -5.407371
269, -8.978200, 5.251633, 1.096579, -5.223399
270, -8.307033, 5.221900, 1.481355, -5.312802
271, -7.592700, 5.245767, 3.187337, -4.279130
272, -6.615000, 5.250967, 10.062349, -2.085259
273, -5.264667, 5.277800, 12.557631, -1.988068
274, -3.853433, 5.336933, 14.201193, -0.913511
275, -2.474433, 5.395633, 13.437494, -1.212914
276, -1.246100, 5.487767, 14.378994, -1.527350
277, -0.419950, 5.562600, 14.849752, -2.237508
278, 0.442700, 5.692667, 13.971687, -2.317197
279, 1.112533, 5.856333, 12.272993, -2.079558
280, 1.754567, 5.875933, 12.638275, -2.368136
281, 2.408067, 5.899467, 12.954191, -2.515518
282, 3.117833, 5.896700, 13.324365, -2.510728
283, 3.894233, 5.881800, 13.652119, -2.860138
284, 4.852267, 5.940733, 16.306948, -0.579856
285, 5.973867, 5.978400, 22.917007, 1.461867
286, 7.140333, 6.001533, 24.872627, 1.543034
287, 8.301133, 6.000067, 24.829335, 1.742759
288, 9.388767, 6.029567, 24.290774, 2.286288
289, 10.342833, 6.125700, 25.632217, 2.394759
290, 11.193933, 6.213333, 25.281984, 2.244292
291, 12.053333, 6.385567, 24.902071, 2.513214
292, 12.952733, 6.548233, 25.177402, 2.487916
293, 13.932167, 6.640467, 24.769599, 1.716905
294, 15.057467, 6.705400, 30.693225, 1.603667
295, 16.281600, 6.657000, 41.201675, 0.607284
296, 17.473900, 6.563167, 43.543469, 0.441495
297, 18.527533, 6.500100, 42.541499, 0.228050
298, 19.504567, 6.454200, 42.976400, 0.206733
299, 20.322500, 6.451333, 43.098726, 0.019710
300, 21.004433, 6.440867, 43.862415, 0.028992
301, 21.595800, 6.392567, 42.912859, 0.160548
302, 22.113767, 6.372533, 43.293160, 1.260924
303, 22.703133, 6.354200, 43.765998, 0.713197
304, 23.290800, 6.330700, 43.718798, 0.840056
305, 23.821600, 6.284500, 43.818044, 0.426471
306, 24.398267, 6.219600, 43.611041, 0.611833
307, 25.004500, 6.101533, 42.967444, 0.464766
308, 25.598033, 5.920100, 42.784400, 0.231880
309, 26.197567, 5.797100, 47.057727, -0.053763
310, 26.836933, 5.726567, 51.826998, 1.271813
311, 27.469067, 5.662100, 52.725474, 0.843000
312, 28.026333, 5.643800, 51.608950, 0.783324
313, 28.543233, 5.640033, 51.815032, 0.558194
314, 29.004833, 5.643633, 51.821444, 0.123360
315, 29.424800, 5.716433, 53.005949, 0.315480
316, 29.813267, 5.839233, 53.463004, 0.340172
317, 30.174267, 5.967567, 53.465768, 0.350087
318, 30.495600, 6.058300, 53.206974, 0.466229
319, 30.826233, 6.116067, 53.055020, 0.333182
320, 31.113800, 6.174400, 52.935047, 0.409332
321, 31.393833, 6.205500, 52.290728, 0.290841
322, 31.666967, 6.247233, 52.296910, 0.229930
323, 31.954300, 6.331250, 52.457791, 0.331239
324, 32.179600, 6.396500, 52.881670, 0.695364
325, 32.429700, 6.449700, 52.860336, 0.515337
326, 32.685550, 6.489850, 51.794233, 0.475393
327, 32.973350, 6.511300, 52.142781, 0.512583
328, 33.373800, 6.496733, 52.113046, 0.534134
329, 33.732033, 6.480467, 53.006989, 0.525933
330, 34.097833, 6.495867, 50.501275, 0.355542
331, 34.464467, 6.499100, 44.319053, -0.432377
332, 34.790533, 6.511867, 43.674082, -0.461526
333, 35.111367, 6.536900, 43.790205, -0.583400
334, 35.404867, 6.547267, 43.920027, -0.434025
335, 35.663367, 6.571567, 43.852981, -0.531032
336, 35.905667, 6.593100, 43.869954, -0.580366
337, 36.133867, 6.600800, 43.706266, -0.563637
338, 36.352133, 6.598500, 43.614591, -0.748885
339, 36.582367, 6.538700, 43.650856, -0.774156
340, 36.813067, 6.468900, 43.566483, -0.863947
341, 37.054833, 6.401800, 43.685100, -0.791631
342, 37.296700, 6.346100, 43.683862, -0.718345
343, 37.515633, 6.315767, 43.640581, -0.597837
344, 37.732333, 6.283500, 42.225204, -6.560379
345, 37.950867, 6.261167, 42.054687, -9.162923
346, 38.132433, 6.191500, 41.546873, -8.454505
347, 38.310000, 6.114667, 41.460294, -8.477867
348, 38.492833, 6.058533, 41.742059, -8.740864
349, 38.668667, 5.969600, 41.910646, -9.058914
350, 38.844767, 5.865167, 41.942543, -8.951509
351, 39.028933, 5.720633, 42.038360, -8.997324
352, 39.217033, 5.487600, 41.971695, -9.175439
353, 39.368967, 5.249100, 41.945158, -9.118744
354, 39.428800, 4.942833, 41.959119, -9.500937
355, 39.327300, 4.533600, 41.732070, -9.753334
356, 39.013100, 4.115533, 41.253736, -9.482169
357, 38.499467, 3.663700, 40.821713, -9.929456
358, 37.818933, 3.161567, 40.205948, -10.035173
359, 37.034267, 2.793900, 39.346878, -10.070607
360, 36.157733, 2.454700, 30.342519, -11.381935
361, 35.237833, 2.210133, 24.369017, -12.225479
362, 34.324833, 2.035967, 24.588741, -11.917289
363, 33.450767, 1.917033, 24.761532, -11.941046
364, 32.608100, 1.871900, 25.256306, -11.977646
365, 31.801033, 1.774600, 25.024647, -12.256487
366, 31.058933, 1.628767, 24.897941, -12.319197
367, 30.439500, 1.474750, 24.861308, -12.534868
368, 29.774200, 1.259533, 25.220734, -12.631258
369, 29.264833, 1.127900, 25.071372, -12.461166
370, 28.829867, 1.031600, 25.032214, -12.333958
371, 28.465700, 0.979433, 25.484922, -12.025056
372, 28.161433, 0.970333, 23.738854, -9.828175
373, 27.842733, 1.113367, 21.682370, -3.624292
374, 27.434300, 1.308133, 22.039976, -3.011273
375, 26.995700, 1.530000, 21.997736, -2.978174
376, 26.571367, 1.804533, 21.972125, -3.142390
377, 26.206067, 2.058833, 21.957450, -2.907375
378, 25.908333, 2.306500, 21.898875, -2.879910
379, 25.703233, 2.552433, 22.491702, -2.112167
380, 25.564600, 2.845067, 25.127108, 4.923517
381, 25.438900, 3.235867, 25.220937, 7.326724
382, 25.333900, 3.613400, 25.617010, 8.130688
383, 25.229600, 4.065000, 25.437933, 8.216578
384, 25.108467, 4.515667, 25.746001, 8.208762
385, 24.970400, 5.049300, 25.672395, 8.477208
386, 24.808933, 5.707933, 25.594695, 8.548375
387, 24.656133, 6.381500, 25.646568, 8.879404
388, 24.513267, 7.189100, 23.589705, 14.951685
389, 24.339100, 8.171000, 19.821683, 25.285401
390, 24.105167, 9.140800, 20.985554, 26.165450
391, 23.929300, 10.057533, 22.644882, 27.162975
392, 23.836933, 10.977167, 20.632608, 27.433036
393, 23.824533, 11.872633, 21.398896, 25.767574
394, 23.932000, 12.837733, 20.927597, 29.184725
395, 24.108767, 13.814533, 18.613775, 34.243271
396, 24.396133, 14.604300, 19.318920, 32.780718
397, 24.742633, 15.352633, 20.576812, 31.477154
398, 25.107000, 16.143100, 20.023885, 31.576235
399, 25.536000, 16.829867, 20.428735, 31.711758
400, 26.018133, 17.538067, 20.808935, 31.551065
401, 26.515867, 18.175367, 21.493121, 30.681344
402, 27.003367, 18.751100, 21.165200, 31.074955
403, 27.459167, 19.305533, 20.446625, 30.809116
404, 27.900833, 19.758267, 20.826876, 30.501730
405, 28.330567, 20.174267, 20.995044, 29.810450
406, 28.815500, 20.505867, 24.026333, 28.157939
407, 29.577067, 20.670067, 39.263604, 22.673276
408, 30.609633, 20.571167, 52.040924, 16.661076
409, 31.765067, 20.328033, 60.789084, 13.136844
410, 32.910267, 20.129533, 63.551677, 11.482841
411, 33.984233, 19.889900, 62.494488, 11.253065
412, 34.963733, 19.642900, 63.203617, 11.304199
413, 35.864767, 19.521533, 64.963468, 11.114086
414, 36.678467, 19.383767, 64.750586, 11.139817
415, 37.411033, 19.288400, 64.135449, 10.488428
416, 38.121400, 19.172267, 63.548488, 10.192546
417, 38.775500, 19.028900, 63.147049, 10.055285
418, 39.409967, 18.914967, 62.827634, 10.404017
419, 40.116367, 18.755367, 63.142638, 10.437241
420, 40.809567, 18.494833, 63.131903, 10.539126
421, 41.500933, 18.182267, 63.780929, 10.051999
422, 42.223533, 17.842500, 63.790156, 9.875571
423, 42.957067, 17.400433, 64.546967, 9.283384
424, 43.721333, 16.956667, 70.340767, 3.211039
425, 44.555333, 16.528167, 75.764984, -0.655070
426, 45.417033, 16.082800, 73.859899, -0.736399
427, 46.272467, 15.684067, 74.487483, -0.594178
428, 47.055200, 15.316000, 74.592412, -0.598991
429, 47.796500, 14.958400, 75.061249, -0.392897
430, 48.484000, 14.666133, 74.753803, -1.070201
431, 49.094400, 14.394200, 73.158108, -0.206958
432, 49.674500, 14.202400, 72.935696, -0.480055
433, 50.188433, 14.037333, 72.077619, -0.943836
434, 50.642500, 13.819400, 72.428295, -0.616238
435, 51.037833, 13.659067, 73.550132, -0.655615
436, 51.395033, 13.584067, 73.366027, -0.282707
437, 51.733500, 13.515267, 73.111930, -0.150693
438, 52.076867, 13.427400, 73.689974, -0.294448
439, 52.450933, 13.292267, 73.437223, -0.285338
440, 52.899900, 13.095533, 73.779494, -0.449615
441, 53.478033, 12.856900, 73.845173, -0.559452
442, 54.147300, 12.562600, 73.394594, -0.724375
443, 54.949800, 12.214533, 74.788557, -0.836109
444, 55.891667, 11.811967, 79.840488, -2.673793
445, 56.851000, 11.326800, 80.896672, -3.635074
446, 57.787233, 10.867733, 80.877450, -2.882309
447, 58.673000, 10.444633, 80.823293, -1.719720
448, 59.451167, 10.055133, 81.825974, -3.090158
449, 60.159200, 9.735500, 81.800062, -3.729327
450, 60.766200, 9.445933, 72.701138, -3.933326
451, 61.288800, 9.206500, 71.944890, -3.895142
452, 61.771700, 8.984200, 71.971849, -4.345416
453, 62.159567, 8.765133, 72.529820, -4.717802
454, 62.510933, 8.597600, 72.887386, -4.887230
455, 62.825067, 8.442033, 72.997186, -4.634436
456, 63.140733, 8.331867, 72.682554, -3.883498
457, 63.481600, 8.258650, 72.400494, -3.491982
458, 63.925267, 8.157533, 72.179800, -3.242298
459, 64.321200, 8.064000, 72.448121, -3.442957
460, 64.704033, 7.952100, 72.286067, -3.636222
461, 65.069933, 7.827667, 71.577086, -3.473479
462, 65.396267, 7.705333, 71.221501, -3.430553
463, 65.695833, 7.623933, 71.332210, -3.488182
464, 66.001833, 7.560767, 71.702093, -3.430731
465, 66.280067, 7.516333, 72.007863, -3.401758
466, 66.552467, 7.496133, 72.125381, -3.448174
467, 66.836767, 7.449133, 72.203390, -3.537839
468, 67.097500, 7.431000, 71.934033, -3.391159
469, 67.355000, 7.410700, 71.814620, -3.311523
470, 67.627767, 7.394833, 71.710445, -3.196284
471, 67.879033, 7.398733, 71.838045, -3.091257
472, 68.142200, 7.364533, 71.941592, -3.218246
473, 68.433933, 7.305600, 71.752552, -3.130455
474, 68.653367, 7.239167, 71.846229, -3.224850
475, 68.837667, 7.181000, 72.890969, -3.386408
476, 68.983333, 7.108367, 78.975121, -5.255162
477, 69.078267, 7.021800, 80.257660, -5.852671
478, 69.059467, 6.946733, 80.824251, -6.147725
479, 68.922767, 6.913100, 80.306134, -5.989753
480, 68.691300, 6.930733, 80.421466, -6.126424
481, 68.378000, 6.941200, 80.289375, -6.188215
482, 68.015733, 6.947400, 80.006582, -6.264235
483, 67.629933, 6.989167, 79.260353, -5.927978
484, 67.216533, 7.106667, 79.284687, -5.488245
485, 66.780133, 7.317100, 79.193686, -5.308950
486, 66.292933, 7.530067, 79.454245, -5.049854
487, 65.858567, 7.778167, 79.974345, -4.746049
488, 65.484233, 7.912133, 79.904995, -4.262686
489, 65.161467, 7.848700, 79.887387, -4.318247
490, 64.935000, 7.577233, 79.685131, -4.716067
491, 64.770167, 7.242533, 79.101445, -4.785825
492, 64.733433, 6.914000, 79.273485, -4.840408
493, 64.834333, 6.603567, 79.795790, -5.004890
494, 65.058833, 6.394633, 80.497456, -5.263076
495, 65.350067, 6.244967, 80.943977, -5.615684
496, 65.653900, 6.128667, 80.811353, -5.862618
497, 65.966500, 6.069733, 80.574234, -5.951515
498, 66.297600, 6.010033, 81.571282, -5.686980
499, 66.610500, 5.934867, 81.742882, -5.721616
500, 66.914933, 5.854900, 81.754617, -5.727672
501, 67.222533, 5.744000, 82.048582, -5.764912
502, 67.583467, 5.648233, 88.588853, -6.319178
503, 68.026000, 5.541533, 97.410985, -7.760385
504, 68.492067, 5.430567, 97.292712, -7.311601
505, 68.970500, 5.383533, 96.310122, -7.435064
506, 69.434233, 5.360267, 96.087996, -7.365530
507, 69.877633, 5.371600, 96.440582, -7.507479
508, 70.323133, 5.422467, 97.040670, -7.640662
509, 70.764467, 5.468067, 97.283207, -7.580963
510, 71.233733, 5.521500, 97.572541, -6.913855
511, 71.742167, 5.540167, 97.816147, -6.851213
512, 72.271033, 5.512433, 97.906477, -6.899552
513, 72.822633, 5.472367, 98.814663, -6.876463
514, 73.354500, 5.387400, 98.641555, -6.896493
515, 73.844633, 5.339767, 100.011021, -6.682212
516, 74.329433, 5.267500, 100.787507, -6.752087
517, 74.733900, 5.238100, 100.070463, -6.623849
518, 75.276600, 5.263033, 100.279502, -3.006762
519, 75.746333, 5.282833, 100.759483, -2.820491
520, 76.138967, 5.267833, 101.634687, -2.888067
521, 76.419633, 5.259000, 101.487643, -2.957295
522, 76.570233, 5.208067, 101.802128, -2.995842
523, 76.579167, 5.188033, 101.716206, -2.996312
524, 76.463667, 5.205633, 102.231316, -2.872377
525, 76.261267, 5.252067, 101.789102, -2.731215
526, 75.977333, 5.325700, 101.458259, -2.552263
527, 75.617000, 5.383933, 101.284086, -2.465372
528, 75.180300, 5.452000, 100.599505, -2.343065
529, 74.671233, 5.543067, 100.004996, -2.658352
530, 74.083233, 5.642067, 92.043651, -1.578955
531, 73.426867, 5.778667, 76.640357, -1.430547
532, 72.721500, 5.935600, 67.059339, -0.935140
533, 71.996467, 6.061000, 65.751226, -1.002524
534, 71.261467, 6.211200, 65.353342, -0.650509
535, 70.566133, 6.364633, 65.385312, -0.770258
536, 69.896800, 6.463633, 65.325127, -0.999760
537, 69.255433, 6.543633, 65.297949, -1.099010
538, 68.687133, 6.558933, 65.419739, -1.439096
539, 68.206667, 6.563733, 65.339740, -1.565409
540, 67.844233, 6.569667, 64.500473, -1.917395
541, 67.619233, 6.552500, 64.227707, -1.879245
542, 67.514267, 6.514100, 64.149052, -2.174351
543, 67.509600, 6.437233, 64.187896, -2.458700
544, 67.617133, 6.335567, 64.400139, -2.607946
545, 67.780233, 6.176400, 64.645573, -2.826387
546, 67.982800, 5.958967, 64.378954, -3.012297
547, 68.172950, 5.743550, 64.249275, -2.770553
548, 68.422767, 5.470767, 64.357132, -2.833765
549, 68.654533, 5.336467, 64.470822, -2.615916
550, 68.886700, 5.284700, 64.490289, -2.377695
551, 69.114767, 5.289367, 64.388062, -2.093386
552, 69.321467, 5.316167, 64.397850, -2.039491
553, 69.477567, 5.376600, 64.387408, -1.945120
554, 69.582700, 5.460267, 58.818889, -1.186506
555, 69.627567, 5.533933, 55.463286, -0.052771
556, 69.646633, 5.633367, 55.521243, -0.127771
557, 69.706700, 5.722600, 56.118935, 0.027044
558, 69.765100, 5.806533, 56.108256, -0.121641
559, 69.816933, 5.934167, 56.082164, -0.082736
560, 69.851767, 6.036300, 56.007284, -0.023950
561, 69.827000, 6.094300, 56.124434, 0.008251
562, 69.775367, 6.186367, 56.057913, 0.061594
563, 69.684900, 6.234500, 55.942096, -0.006589
564, 69.603100, 6.343567, 55.842092, -0.041081
565, 69.591900, 6.453933, 55.921548, 0.069902
566, 69.590567, 6.540067, 56.099978, 0.060791
567, 69.604833, 6.611200, 56.214601, 0.083309
568, 69.610700, 6.620900, 56.320548, 0.010886
569, 69.604933, 6.606667, 56.325013, -0.123760
570, 69.580467, 6.602100, 56.317735, -0.148169
571, 69.552000, 6.599167, 56.305435, -0.219102
572, 69.568367, 6.607033, 56.287494, -0.258064
573, 69.579767, 6.584500, 56.291308, -0.355985
574, 69.610967, 6.569567, 56.348994, -0.420559
575, 69.681433, 6.557833, 56.408699, -0.476193
576, 69.775400, 6.534100, 60.517185, -0.191027
577, 69.921133, 6.535400, 71.591778, -0.177927
578, 70.084667, 6.527967, 74.310671, -0.224893
579, 70.191933, 6.545500, 74.476291, -0.629139
580, 70.220200, 6.558700, 74.409969, -0.287686
581, 70.159067, 6.620200, 74.430441, -0.432021
582, 70.030800, 6.766333, 74.319881, -0.421535
583, 69.824967, 6.920200, 74.096294, -0.381825
584, 69.493333, 7.067233, 73.797442, -0.073970
585, 69.115700, 7.246667, 75.338259, 1.012172
586, 68.760733, 7.430633, 80.485166, 3.542843
587, 68.465167, 7.573800, 81.350181, 3.505998
588, 68.256667, 7.633967, 83.759831, 3.106225
589, 68.125100, 7.670933, 83.935075, 3.184571
590, 68.060633, 7.712300, 83.028404, 3.206401
591, 68.056400, 7.715433, 83.045613, 3.073698
592, 68.095067, 7.683900, 82.920074, 3.003367
593, 68.210333, 7.618000, 82.832495, 2.909829
594, 68.400367, 7.529833, 83.021679, 2.682459
595, 68.621967, 7.480700, 82.644059, 2.719687
596, 68.883333, 7.478567, 82.828287, 2.596070
597, 69.164367, 7.518300, 82.846158, 2.566012
598, 69.439267, 7.615067, 83.060557, 2.668568
599, 69.701733, 7.665167, 82.782032, 2.773617
600, 69.869200, 7.675600, 82.542716, 2.771930
