1, -72.362494, 15.408798, -71.882256, 12.911482
2, -73.123900, 4.848300, -71.516344, 1.734967
3, -73.130600, 4.926600, -73.431928, -4.991724
4, -73.130600, 4.926600, -73.431928, -4.991724
5, -73.104800, 5.560200, -75.938253, -13.841120
6, -73.081333, 5.669633, -70.496176, -4.772073
7, -73.044700, 5.870700, -73.228060, -1.070008
8, -72.962300, 6.134167, -73.246234, -0.704207
9, -72.861100, 6.442867, -73.030298, -0.418212
10, -72.812333, 6.651733, -73.013461, -0.193892
11, -72.846967, 6.572700, -73.965530, -0.973981
12, -72.880367, 6.318400, -74.308467, -1.336964
13, -72.869500, 5.982267, -73.925184, -1.126409
14, -72.804667, 5.684033, -74.021662, -0.984062
15, -72.680700, 5.330000, -73.741054, -1.202564
16, -72.536433, 5.077600, -72.801974, -1.123945
17, -72.437100, 4.924067, -72.978590, -1.187549
18, -72.345800, 4.876533, -73.514589, -0.794955
19, -72.194200, 4.944967, -73.545130, -0.723846
20, -72.020867, 5.088300, -73.467364, -0.365210
21, -71.876833, 5.151900, -73.621790, -0.350141
22, -71.803100, 5.083467, -67.800752, -3.255310
23, -71.847167, 4.876933, -65.358475, -4.326561
24, -71.972367, 4.519333, -65.235881, -4.699159
25, -72.087400, 4.071533, -65.161062, -5.029827
26, -72.184667, 3.602667, -65.139097, -5.314524
27, -72.254500, 3.226967, -64.990968, -5.395684
28, -72.270700, 3.006800, -64.881001, -5.150629
29, -72.235467, 2.891000, -65.143552, -4.785130
30, -72.150600, 2.812967, -65.122684, -4.476342
31, -72.033000, 2.808233, -64.989973, -4.372794
32, -71.893833, 2.861067, -64.826645, -4.224672
33, -71.771233, 2.930133, -64.948456, -4.240145
34, -71.670667, 3.048867, -64.988689, -3.941773
35, -71.602667, 3.169433, -65.010254, -3.976844
36, -71.513900, 3.278033, -65.033780, -3.817902
37, -71.420633, 3.405600, -65.028883, -3.724598
38, -71.308133, 3.523900, -65.008548, -3.658164
39, -71.154800, 3.657133, -64.922637, -3.616134
40, -70.971567, 3.790767, -61.937198, -0.201412
41, -70.741067, 3.919233, -56.692255, 2.646698
42, -70.468433, 4.043933, -55.828078, 3.328231
43, -70.159133, 4.126333, -55.139967, 3.464694
44, -69.798367, 4.206067, -55.075920, 3.438769
45, -69.405433, 4.293567, -55.076424, 3.383887
46, -69.012900, 4.377333, -55.049077, 3.302731
47, -68.652633, 4.465967, -54.813970, 3.458787
48, -68.297800, 4.575500, -54.872130, 3.360301
49, -67.935833, 4.676000, -54.822268, 3.344452
50, -67.550200, 4.805700, -54.786893, 3.541612
51, -67.127467, 4.936633, -54.597841, 3.656682
52, -66.655567, 5.016700, -54.507807, 3.793930
53, -66.113367, 5.077400, -54.765818, 3.708440
54, -65.529467, 5.115200, -54.666712, 3.480025
55, -64.898000, 5.158733, -54.749420, 3.707883
56, -64.229200, 5.211333, -54.704475, 3.729141
57, -63.516533, 5.256000, -54.825594, 3.581682
58, -62.765900, 5.281400, -54.701018, 3.735317
59, -61.980400, 5.321133, -54.449574, 3.664738
60, -61.160033, 5.364033, -54.484554, 3.683652
61, -60.295100, 5.423133, -54.137335, 3.541524
62, -59.374600, 5.462933, -54.161284, 3.529917
63, -58.348933, 5.512567, -52.524420, 3.466092
64, -57.211100, 5.632867, -41.227289, 2.726102
65, -55.938767, 5.849433, -28.220230, 1.910495
66, -54.556433, 6.059767, -20.057070, 1.236133
67, -53.086167, 6.246533, -19.644289, 1.062074
68, -51.547467, 6.456300, -20.671423, 0.869366
69, -49.969833, 6.722133, -20.856496, 1.195119
70, -48.353500, 7.015533, -20.960793, 0.709584
71, -46.693600, 7.268500, -20.783319, 0.559110
72, -45.030767, 7.443133, -21.021565, 0.830368
73, -43.366667, 7.560433, -20.329436, 0.906366
74, -41.693200, 7.677967, -20.209075, 1.105373
75, -39.973600, 7.620867, -20.860853, 0.867221
76, -38.234167, 7.549067, -21.249612, 0.962970
77, -36.482400, 7.484833, -20.999642, 0.676406
78, -34.715100, 7.472600, -21.258122, 0.862031
79, -32.950767, 7.526633, -21.283880, 0.909804
80, -31.224100, 7.682633, -18.378648, 0.641733
81, -29.519633, 7.912200, -6.138345, -0.371445
82, -27.846700, 8.170800, 0.718790, -0.475636
83, -26.221667, 8.409133, 0.124971, -0.517405
84, -24.633933, 8.611733, -0.677084, -0.636531
85, -23.036000, 8.787867, -0.648825, -0.644372
86, -21.405233, 8.934900, -0.211269, -0.694509
87, -19.718000, 9.023533, -0.103202, -0.846185
88, -18.046700, 9.073200, 0.283018, -0.761733
89, -16.387133, 9.079400, -0.346859, -0.886814
90, -14.796067, 9.044167, 0.188572, -1.468528
91, -13.336600, 9.016033, -0.761338, -1.161014
92, -12.086867, 8.998867, -1.600712, -0.619411
93, -11.094033, 9.029367, -1.364214, -0.357074
94, -10.375267, 9.054433, 0.735036, 0.048332
95, -9.883867, 9.091233, 7.216805, 1.139156
96, -9.575833, 9.173433, 8.296951, 1.247342
97, -9.408367, 9.298767, 8.042295, 1.210995
98, -9.344600, 9.435167, 7.969966, 1.264517
99, -9.348200, 9.571667, 7.967635, 1.322120
100, -9.446300, 9.711767, 7.774552, 1.487415
101, -9.751367, 9.853767, 7.277859, 1.607618
102, -10.331600, 10.018033, 6.702938, 1.671870
103, -11.207100, 10.130000, 6.250920, 1.788006
104, -12.398966, 10.222333, 5.650216, 1.610186
105, -13.973733, 10.331167, 4.774029, 1.504946
106, -15.939667, 10.337633, -8.214120, 1.484502
107, -18.229632, 10.213667, -23.101598, 1.861069
108, -20.849532, 9.986800, -37.001742, 1.360048
109, -23.708267, 9.734800, -40.625899, 1.322999
110, -26.752433, 9.544433, -40.863505, 1.712165
111, -29.941133, 9.363200, -41.420072, 1.658724
112, -33.291499, 9.283433, -41.055593, 1.816459
113, -36.784833, 9.303567, -41.602119, 1.493583
114, -40.408800, 9.452333, -41.626850, 1.930135
115, -44.091466, 9.619500, -46.390680, 2.384498
116, -47.808233, 9.818533, -62.730753, 4.857220
117, -51.554966, 9.959400, -74.999034, 4.786397
118, -55.272500, 10.075567, -75.020359, 4.384851
119, -58.972700, 10.221400, -76.739948, 5.395279
120, -62.566700, 10.303600, -76.398832, 5.282967
121, -66.061634, 10.292133, -75.791608, 5.420090
122, -69.471033, 10.361133, -76.087359, 5.266605
123, -72.884233, 10.411533, -76.531338, 5.162560
124, -76.268133, 10.627567, -81.854035, 4.777924
125, -79.578300, 10.892533, -98.169016, 3.454808
126, -82.810333, 11.239933, -105.177114, 3.201677
127, -85.962433, 11.764333, -104.668373, 3.953001
128, -88.990033, 12.304500, -105.098478, 4.004442
129, -91.927567, 12.870233, -104.349282, 3.663389
130, -94.737134, 13.382300, -103.620687, 4.216157
131, -97.431167, 13.778067, -103.945190, 4.397259
132, -100.064166, 14.104000, -103.505235, 4.057113
133, -102.746366, 14.416800, -104.267750, 3.931315
134, -105.457166, 14.710200, -105.076307, 3.847645
135, -108.116866, 15.021833, -117.060528, 3.894727
136, -110.692566, 15.352867, -130.944496, 2.394249
137, -113.154433, 15.610233, -133.223574, 2.727196
138, -115.505200, 15.779200, -133.742110, 2.891443
139, -117.723866, 15.786067, -133.506902, 2.526349
140, -119.849300, 15.687567, -132.603120, 2.655310
141, -121.895200, 15.608333, -132.618714, 2.388385
142, -123.854500, 15.639000, -132.151386, 2.293685
143, -125.759300, 15.727500, -135.880547, 2.553438
144, -127.599766, 15.887867, -148.348629, 2.851501
145, -129.338467, 15.991533, -152.371280, 2.570435
146, -131.019233, 15.893400, -152.282393, 2.594516
147, -132.670866, 15.576700, -153.532600, 2.558112
148, -134.275433, 15.398900, -153.817270, 2.267247
149, -135.824933, 15.419100, -153.037129, 2.858682
150, -137.330467, 15.458233, -152.772725, 2.635558
151, -138.788833, 15.441300, -152.842287, 2.704221
152, -140.186033, 15.494300, -152.347924, 2.769402
153, -141.519400, 15.617667, -152.262907, 2.546068
154, -142.815900, 15.827767, -152.129025, 2.702602
155, -144.083100, 16.368067, -151.968764, 3.124459
156, -145.317233, 16.929333, -152.151975, 3.176348
157, -146.427833, 17.424233, -152.524532, 2.863520
158, -147.446900, 17.899233, -152.183831, 3.783813
159, -148.491300, 18.419433, -151.953369, 3.756069
160, -149.496733, 18.830800, -154.760009, 8.945221
161, -150.414000, 19.166167, -159.050923, 18.183591
162, -151.269967, 19.581433, -160.637800, 20.226181
163, -152.130867, 19.980467, -160.511112, 19.890951
164, -152.996667, 20.374967, -160.462015, 19.931203
165, -153.848267, 20.812433, -160.295118, 20.118917
166, -154.701067, 21.320800, -160.480134, 20.350472
167, -155.511833, 21.783700, -160.141472, 20.667730
168, -156.288867, 21.963300, -159.861964, 20.199257
169, -157.063367, 22.140967, -160.292533, 20.081323
170, -157.933133, 22.444833, -160.741845, 20.226271
171, -158.909033, 22.757900, -161.074693, 20.369504
172, -159.917533, 23.061567, -160.894967, 20.169116
173, -160.981167, 23.253833, -161.272208, 19.027907
174, -162.075233, 23.306833, -161.546928, 19.309741
175, -163.080267, 23.309833, -161.599797, 19.559463
176, -163.970933, 23.312067, -162.531204, 19.559991
177, -164.796967, 23.365267, -170.533951, 20.156101
178, -165.552100, 23.482900, -173.014018, 20.133673
179, -166.214467, 23.724600, -173.330883, 20.293117
180, -166.774300, 23.955433, -173.336225, 20.157679
181, -167.259667, 24.110400, -173.186448, 20.391643
182, -167.695567, 24.378867, -173.487502, 20.369491
183, -168.027033, 24.584367, -173.592840, 19.962398
184, -168.309567, 24.878500, -173.184053, 20.055495
185, -168.520733, 25.242733, -172.915465, 20.398073
186, -168.785900, 25.715933, -173.010895, 20.965562
187, -169.040933, 26.245100, -173.320908, 20.907785
188, -169.314700, 26.875700, -173.423291, 20.708306
189, -169.655267, 27.628333, -179.725903, 24.438743
190, -170.122343, 28.558467, 172.762908, 28.521471
191, -170.649983, 29.598867, 172.426708, 29.432626
192, -171.130520, 30.358633, 172.755440, 29.255085
193, -171.661087, 30.921000, 173.673195, 28.175715
194, -172.114773, 31.390733, 173.448511, 28.558468
195, -172.517067, 31.460133, 172.921737, 28.832627
196, -172.831013, 31.184900, 174.411303, 20.951311
197, -173.218425, 30.868500, 174.718095, 6.192733
198, -173.845863, 30.711200, 170.336877, 25.919334
199, -174.667530, 30.538800, 167.147147, 29.572026
200, -175.730140, 30.450200, 166.000959, 29.760670
201, -176.971963, 30.526967, 165.498283, 30.093525
202, -178.406613, 30.320433, 165.443307, 30.466230
203, -179.824906, 30.095333, 165.693165, 30.645811
204, 178.680277, 29.699700, 165.163302, 30.471173
205, 177.280854, 29.352967, 165.077657, 30.331058
206, 175.931067, 28.927567, 165.038828, 29.981706
207, 174.593223, 28.623067, 164.780787, 29.347058
208, 173.319457, 28.363000, 164.695499, 28.973312
209, 171.930640, 27.899967, 161.086712, 27.064982
210, 170.481387, 27.225867, 152.457687, 17.830500
211, 168.973320, 26.373400, 150.704571, 9.423600
212, 167.437920, 25.486233, 149.383509, 4.838467
213, 165.849030, 24.506567, 150.090201, 4.560409
214, 164.176747, 23.584067, 149.932155, 3.996508
215, 162.439120, 22.859067, 150.083748, 4.448205
216, 160.732397, 22.279033, 150.782759, 4.789869
217, 159.024463, 21.897967, 150.587278, 4.552799
218, 157.374453, 21.580767, 150.433832, 4.566216
219, 155.890220, 21.216733, 151.047462, 4.970021
220, 154.526027, 20.770967, 150.740256, 5.110750
221, 153.289773, 20.130167, 150.999104, 5.134099
222, 152.121930, 19.288067, 150.776073, 5.016547
223, 150.931987, 18.596700, 146.840670, 3.815337
224, 149.580407, 18.191800, 132.944706, -0.096258
225, 148.151857, 17.759233, 128.601404, -1.348057
226, 146.700180, 17.387833, 127.827487, -1.539767
227, 145.190977, 16.964067, 127.413292, -1.286436
228, 143.631430, 16.371133, 127.581527, -0.948495
229, 142.028860, 15.735333, 127.833681, -1.244480
230, 140.308707, 15.227700, 128.590211, -1.211286
231, 138.516443, 14.897767, 128.244711, -0.807464
232, 136.754733, 14.540267, 126.705980, -0.836155
233, 135.040650, 14.153233, 115.468128, -1.638021
234, 133.321117, 13.812667, 107.068660, -2.072807
235, 131.568523, 13.585000, 107.580340, -2.121692
236, 129.842347, 13.519067, 108.007683, -2.167788
237, 128.087433, 13.609233, 107.861227, -1.966829
238, 126.285467, 13.733300, 106.986582, -1.014277
239, 124.536807, 13.768300, 106.788623, -1.089802
240, 122.883087, 13.792567, 107.264701, -0.946945
241, 121.349747, 13.871100, 106.924696, -0.916219
242, 119.992810, 14.019233, 107.645634, -0.756054
243, 118.863553, 14.257433, 108.273845, -0.637152
244, 117.890087, 14.459867, 107.296043, -0.520525
245, 117.016350, 14.629467, 100.067949, 1.407567
246, 116.264713, 14.946667, 97.383533, 1.908723
247, 115.603603, 15.227033, 97.593772, 2.057326
248, 114.980423, 15.443600, 98.288767, 2.252848
249, 114.566787, 15.724333, 98.912065, 2.505407
250, 114.327187, 16.012300, 99.782938, 3.602143
251, 114.270957, 16.284533, 103.192336, 11.851282
252, 114.245850, 16.549800, 104.485091, 15.137514
253, 114.253517, 16.795300, 104.563633, 15.189186
254, 114.263337, 17.042033, 104.369695, 14.949577
255, 114.228250, 17.280233, 104.358069, 15.401867
256, 114.168897, 17.429233, 104.307034, 15.604697
257, 114.139983, 17.593800, 104.527208, 15.841127
258, 114.066743, 17.768067, 104.460388, 15.844829
259, 113.969420, 17.928067, 104.428780, 15.732915
260, 113.906873, 18.076567, 104.494343, 15.866745
261, 113.807553, 18.185533, 104.443388, 15.832012
262, 113.655540, 18.346367, 104.151159, 16.095675
263, 113.436843, 18.627333, 100.057445, 20.218563
264, 113.050313, 19.165567, 98.466178, 22.234178
265, 112.547170, 19.797900, 98.460828, 22.544788
266, 111.901613, 20.361833, 98.475961, 22.950238
267, 111.189560, 20.828367, 98.510045, 22.964612
268, 110.444973, 21.106300, 98.568821, 22.386107
269, 109.651790, 21.273033, 98.087077, 22.320243
270, 108.697707, 21.432433, 98.012417, 22.532131
271, 107.638600, 21.657667, 97.717597, 22.691685
272, 106.541703, 21.967667, 98.795829, 24.152825
273, 105.403707, 22.332867, 99.097289, 25.187158
274, 104.322240, 22.667967, 99.091571, 25.724287
275, 103.317490, 23.014933, 99.335838, 25.665162
276, 102.447370, 23.362567, 99.661526, 25.244348
277, 101.707673, 23.615367, 99.708490, 25.068130
278, 101.063383, 23.769400, 99.301587, 25.043173
279, 100.453533, 23.860600, 97.637741, 24.731508
280, 99.692325, 23.996167, 84.512050, 23.824762
281, 98.756860, 24.211867, 79.794609, 22.582114
282, 97.719374, 24.431700, 79.293253, 23.082465
283, 96.653607, 24.669533, 78.607304, 23.626994
284, 95.608919, 24.871800, 78.785905, 23.350430
285, 94.601275, 25.109633, 79.065831, 23.287651
286, 93.564860, 25.442300, 79.001579, 23.235660
287, 92.499609, 25.782733, 71.334207, 22.829915
288, 91.389484, 26.191800, 64.015162, 21.883186
289, 90.299214, 26.496967, 64.403667, 22.067148
290, 89.246733, 26.739967, 64.514241, 21.906289
291, 88.262933, 26.991233, 64.242734, 21.712561
292, 87.364067, 27.186667, 64.845394, 21.407948
293, 86.605667, 27.352000, 73.306150, 12.902422
294, 86.605667, 27.352000, 73.306150, 12.902422
295, 85.506667, 27.868333, 91.209143, 23.031490
296, 85.198567, 28.309100, 90.619088, 38.802064
297, 85.117000, 28.742333, 90.378134, 39.462356
298, 85.245067, 29.096767, 90.102368, 39.327399
299, 85.489033, 29.475100, 90.242836, 39.229845
300, 85.713067, 29.928900, 90.233958, 39.539081
301, 85.950267, 30.340567, 90.202071, 39.200460
302, 86.186067, 30.686600, 89.855909, 39.374364
303, 86.412367, 30.996500, 89.937135, 39.551170
304, 86.639300, 31.279333, 90.105950, 39.832703
305, 86.818767, 31.573000, 90.027732, 39.958136
306, 86.941433, 31.835033, 89.736203, 40.460629
307, 87.041267, 32.082567, 89.716289, 40.522120
308, 87.053167, 32.443933, 89.492624, 40.495503
309, 87.050667, 32.712900, 89.470561, 40.359710
310, 87.077433, 32.834733, 89.297750, 39.735895
311, 87.122433, 32.870933, 89.210512, 39.374934
312, 87.197100, 32.699267, 89.302462, 38.931625
313, 87.385033, 32.123700, 89.554841, 38.181800
314, 87.797767, 30.995133, 92.711114, 32.541307
315, 88.281167, 29.678433, 94.352473, 22.747574
316, 88.754733, 28.417300, 96.228808, 16.521520
317, 89.264333, 27.022933, 97.824954, 9.492722
318, 89.906112, 25.646500, 99.681156, 3.523556
319, 90.585549, 24.510200, 101.169598, 2.196884
320, 91.254477, 23.404067, 100.268123, 2.654344
321, 92.027844, 22.248567, 100.592682, 1.980373
322, 92.848205, 21.108367, 100.651850, 2.430085
323, 93.698061, 20.087400, 99.940635, 2.754312
324, 94.556096, 19.351100, 101.374201, 2.595153
325, 95.471090, 18.741200, 109.728839, -0.595822
326, 96.454746, 18.059800, 115.284257, -2.244043
327, 97.447086, 17.391700, 114.676270, -1.884728
328, 98.498699, 16.620067, 114.852644, -2.607804
329, 99.590258, 15.626633, 114.853567, -2.560563
330, 100.751823, 14.556333, 115.217056, -2.579209
331, 101.986780, 13.723533, 114.573375, -2.389226
332, 103.221817, 13.127133, 113.912020, -1.485565
333, 104.522297, 12.675367, 114.751151, -1.391660
334, 105.931510, 12.344667, 114.473632, -1.253528
335, 107.528360, 12.145167, 114.697490, -1.288889
336, 109.416523, 12.124667, 115.175999, -1.092144
337, 111.416277, 12.177700, 117.035069, -0.980956
338, 113.378870, 12.225200, 128.030445, -0.709344
339, 115.288873, 12.312167, 143.648916, -0.730508
340, 117.153797, 12.468900, 150.190682, -1.071036
341, 118.844560, 12.646767, 148.868090, -0.310459
342, 120.367963, 12.834733, 147.921402, -0.442929
343, 121.832557, 13.074533, 148.004888, -0.401323
344, 123.325160, 13.342900, 148.690295, 0.093738
345, 124.856480, 13.578033, 148.742099, 0.646558
346, 126.428140, 13.730900, 148.875286, 0.670047
347, 127.980650, 13.811233, 149.110291, 0.185312
348, 129.533613, 13.942300, 148.053615, 0.260529
349, 131.080683, 14.069967, 148.363677, 0.234689
350, 132.630600, 14.125367, 148.166355, 0.648787
351, 134.124300, 14.137800, 147.266296, 0.868480
352, 135.634287, 14.056333, 147.330691, 0.706483
353, 137.207270, 13.979500, 151.247595, 1.326421
354, 138.811790, 13.905400, 162.858062, 1.991352
355, 140.430720, 13.778767, 166.689424, 2.557750
356, 142.085960, 13.620367, 166.563034, 2.372339
357, 143.782457, 13.460100, 166.502839, 2.486980
358, 145.460683, 13.327833, 165.816734, 3.677834
359, 147.141133, 13.252600, 166.467378, 3.236290
360, 148.813224, 13.236367, 166.464981, 2.855318
361, 150.407177, 13.300067, 165.841329, 3.339777
362, 151.924260, 13.378533, 165.596460, 3.574407
363, 153.378910, 13.491200, 165.066893, 3.348893
364, 154.754580, 13.709733, 165.390965, 3.380576
365, 156.079067, 13.929633, 165.525082, 3.412431
366, 157.366033, 14.215833, 165.701161, 3.611094
367, 158.616983, 14.524500, 165.693779, 3.656940
368, 159.816927, 14.788367, 166.017781, 3.818362
369, 161.012220, 15.067933, 165.904456, 3.784042
370, 162.202257, 15.336933, 167.506168, 4.105561
371, 163.428147, 15.588733, 179.287910, 6.653897
372, 164.616420, 15.802233, -169.358452, 8.558615
373, 165.801517, 15.912033, -168.791022, 8.134955
374, 166.995113, 15.974400, -169.983035, 7.921737
375, 168.144097, 16.008067, -169.824870, 7.705649
376, 169.243753, 16.004267, -169.378772, 8.510805
377, 170.278463, 16.006867, -169.449207, 8.509251
378, 171.258093, 15.985500, -169.842881, 7.936207
379, 172.119400, 15.979167, -170.487820, 7.873618
380, 172.796990, 15.980667, -170.613489, 8.053058
381, 173.276247, 15.989467, -170.763840, 8.175050
382, 173.549700, 16.039633, -171.690039, 8.644694
383, 173.648553, 16.130133, -174.555309, 9.604962
384, 173.591143, 16.270467, -179.526023, 12.653599
385, 173.405363, 16.411733, -179.831912, 12.946329
386, 173.048080, 16.529633, 179.576072, 12.550134
387, 172.552087, 16.643500, 179.127215, 12.589149
388, 171.897377, 16.760000, 178.548503, 12.623997
389, 171.056060, 16.836233, 178.040312, 12.571523
390, 170.020787, 16.886733, 177.836751, 12.301031
391, 168.769127, 16.908700, 169.374745, 11.487518
392, 167.243887, 16.889433, 155.428044, 9.472126
393, 165.408530, 16.785633, 146.565228, 7.641818
394, 163.376120, 16.590567, 144.944769, 7.896003
395, 161.251810, 16.353733, 144.720761, 8.218718
396, 159.063997, 16.133033, 145.371104, 8.377423
397, 156.768263, 15.921700, 145.698179, 8.284829
398, 154.394593, 15.770133, 145.467638, 8.100800
399, 151.993984, 15.678767, 143.346517, 7.977635
400, 149.539230, 15.637667, 130.747167, 6.186886
401, 146.950073, 15.619000, 126.545078, 5.423441
402, 144.273590, 15.577433, 125.774781, 5.324734
403, 141.562560, 15.487200, 125.396109, 5.734134
404, 138.793623, 15.403367, 126.044983, 5.916016
405, 136.059467, 15.375500, 126.278100, 5.599616
406, 133.367010, 15.405233, 126.319329, 5.520970
407, 130.745353, 15.520167, 126.143937, 5.527026
408, 128.246067, 15.696200, 125.945248, 5.695668
409, 125.901656, 15.865700, 125.567090, 5.829160
410, 123.856727, 15.954167, 117.378833, 7.037674
411, 121.851854, 16.094900, 103.125668, 8.160357
412, 119.929890, 16.150167, 98.544013, 7.195792
413, 118.144410, 16.001233, 98.500263, 7.004878
414, 116.343720, 15.753000, 97.849390, 7.142142
415, 114.595660, 15.581500, 99.312959, 7.824471
416, 112.844447, 15.367767, 99.868867, 7.531738
417, 111.071527, 15.168767, 99.663306, 7.682717
418, 109.288110, 15.000800, 99.551526, 6.920972
419, 107.527330, 14.864233, 99.664349, 6.908070
420, 105.805673, 14.680067, 99.670294, 6.938463
421, 104.054710, 14.431933, 96.324809, 5.823080
422, 102.285897, 14.188200, 82.625473, 1.104385
423, 100.519173, 13.925600, 78.926384, -1.582431
424, 98.757658, 13.608567, 78.504863, -1.227859
425, 97.032808, 13.278300, 77.867280, -0.360526
426, 95.353979, 12.951567, 78.037312, -0.474370
427, 93.737228, 12.627367, 77.717616, -0.965898
428, 92.165055, 12.366700, 78.411123, -0.721329
429, 90.636857, 12.172367, 78.665863, -0.330494
430, 89.146267, 12.039133, 79.468037, 0.144105
431, 87.690800, 11.971900, 76.340249, 2.050614
432, 86.250467, 11.973700, 74.957067, 3.473973
433, 84.784867, 11.975000, 74.875716, 3.767575
434, 83.323567, 11.946333, 75.112943, 3.962628
435, 81.872933, 11.936833, 75.133293, 3.718115
436, 80.411633, 11.944467, 74.598865, 3.602213
437, 78.922167, 11.994833, 74.175424, 3.597874
438, 77.397967, 12.081533, 66.049666, 3.488579
439, 75.843467, 12.197900, 55.227949, 2.122349
440, 74.279400, 12.352867, 54.015339, 2.447965
441, 72.747567, 12.524833, 53.884815, 2.627840
442, 71.257800, 12.699600, 53.477837, 2.388504
443, 69.782633, 12.872133, 53.609476, 2.818518
444, 68.324933, 12.984100, 53.505446, 2.463077
445, 66.873967, 13.024367, 53.361144, 2.243609
446, 65.438367, 13.057767, 53.611652, 2.216757
447, 64.002733, 13.134400, 54.160118, 2.249907
448, 62.594400, 13.206800, 47.938405, 1.928287
449, 61.223000, 13.252367, 38.954671, 0.700715
450, 59.887200, 13.270033, 38.076496, 0.397870
451, 58.575733, 13.265933, 37.788968, 0.531892
452, 57.290333, 13.253467, 38.009825, 1.023216
453, 56.010533, 13.186333, 37.959962, 1.282177
454, 54.745233, 13.072333, 37.235663, 1.775736
455, 53.500900, 12.982200, 37.407277, 1.570084
456, 52.259467, 12.931367, 37.873883, 1.610377
457, 51.039533, 12.887067, 37.974797, 1.468897
458, 49.890000, 12.859733, 37.783492, 1.336654
459, 48.802733, 12.801700, 38.472791, 1.552484
460, 47.760967, 12.770933, 38.414929, 1.474753
461, 46.728767, 12.729600, 36.115085, 1.796374
462, 45.694200, 12.698533, 25.458028, 1.163248
463, 44.640367, 12.686533, 23.396917, 1.693786
464, 43.545467, 12.714967, 20.891612, 0.871465
465, 42.413867, 12.783267, 23.011537, 2.852553
466, 41.269900, 12.871600, 23.594115, 2.795304
467, 40.128033, 12.904333, 23.601795, 3.107631
468, 39.007367, 12.929633, 23.768765, 3.578286
469, 37.895133, 12.948200, 24.156932, 3.393570
470, 36.805767, 12.948700, 24.705452, 3.444066
471, 35.739233, 12.956267, 24.703236, 3.035096
472, 34.699567, 12.942367, 24.756370, 3.057527
473, 33.661700, 12.893567, 24.803033, 3.058402
474, 32.659933, 12.782367, 24.862109, 2.983028
475, 31.716700, 12.638700, 24.649654, 2.776305
476, 30.862100, 12.484000, 24.708359, 2.518423
477, 30.064667, 12.308533, 24.641852, 2.720814
478, 29.318100, 12.123233, 24.669383, 2.488468
479, 28.604700, 11.892767, 24.558611, 2.462462
480, 27.946900, 11.645900, 24.394335, 2.501815
481, 27.332033, 11.365267, 15.573349, 0.591299
482, 26.778767, 10.975033, 8.897701, -2.235691
483, 26.258533, 10.603433, 7.076554, -2.010791
484, 25.768967, 10.311233, 6.881640, -1.887348
485, 25.282333, 10.113267, 7.162831, -2.205458
486, 24.793667, 9.970000, 8.249888, -2.249835
487, 24.324900, 9.763833, 8.477059, -2.011745
488, 23.839167, 9.571367, 8.205586, -1.978548
489, 23.318867, 9.511033, 8.763840, -1.732205
490, 22.874667, 9.143133, 9.412508, -2.343972
491, 22.411600, 8.957500, 8.772233, -1.933470
492, 21.935867, 8.901933, 9.437904, 0.510626
493, 21.438200, 8.972667, 9.424103, 1.533335
494, 20.969733, 9.017367, 8.919688, 1.640398
495, 20.558000, 8.883367, 9.011102, 1.536022
496, 20.215133, 8.718333, 9.975090, -0.020820
497, 19.998300, 8.616700, 14.784231, -2.569987
498, 19.998300, 8.616700, 14.784231, -2.569987
499, 19.482800, 8.209300, 28.301119, -10.827684
500, 19.437167, 8.054100, 29.578194, -4.755000
501, 19.430200, 7.782167, 29.260801, -4.420677
502, 19.503900, 7.424433, 30.103332, -4.089765
503, 19.651500, 7.080067, 29.203736, -4.002284
504, 19.869067, 6.834733, 29.026305, -3.949136
505, 20.185033, 6.602767, 29.061834, -3.964306
506, 20.584667, 6.390033, 29.070348, -3.751620
507, 21.062167, 6.209000, 28.933326, -3.453967
508, 21.582367, 6.013833, 28.891804, -3.468907
509, 22.142933, 5.771567, 29.182010, -3.574982
510, 22.688067, 5.511100, 29.408836, -3.929262
511, 23.184267, 5.250133, 27.633371, -3.699948
512, 23.613467, 4.989500, 22.167947, -2.461627
513, 23.977100, 4.729833, 21.458853, -2.107674
514, 24.262867, 4.489800, 21.260913, -2.465207
515, 24.480167, 4.221667, 21.180639, -2.660477
516, 24.711833, 3.945200, 21.244209, -2.815250
517, 24.962233, 3.709500, 21.399477, -2.807798
518, 25.208033, 3.544600, 21.437435, -2.805142
519, 25.505567, 3.424833, 21.421710, -2.679456
520, 25.888700, 3.334600, 21.581242, -2.459683
521, 26.360267, 3.255500, 22.001399, -2.318122
522, 26.917100, 3.207233, 22.309942, -2.404241
523, 27.594200, 3.159767, 22.732688, -2.449136
524, 28.375600, 3.100900, 22.882798, -2.275922
525, 29.245167, 3.078433, 22.785097, -2.215597
526, 30.141167, 3.154767, 23.102981, -2.412089
527, 31.030933, 3.282533, 22.728949, -2.061515
528, 31.931767, 3.432833, 22.816335, -8.236273
529, 31.931767, 3.432833, 22.816335, -8.236273
530, 31.931767, 3.432833, 22.816335, -8.236273
531, 35.246600, 3.920600, 53.197531, -13.854278
532, 36.022433, 3.889933, 51.504342, -14.141749
533, 37.274733, 3.883300, 51.553995, -18.361874
534, 38.609533, 3.930033, 51.218763, -18.439856
535, 40.016333, 4.016567, 50.811746, -18.190958
536, 41.497200, 4.122567, 50.947322, -17.734585
537, 43.019367, 4.160833, 50.812709, -17.958953
538, 44.584733, 4.125367, 51.187119, -18.366567
539, 46.243867, 4.061367, 51.087729, -17.891768
540, 48.004700, 3.974267, 51.383713, -18.248604
541, 49.852733, 3.958600, 51.894452, -18.735803
542, 51.764667, 3.910633, 52.327183, -18.714180
543, 53.738667, 3.788633, 53.920096, -18.365851
544, 55.812333, 3.653700, 66.875660, -16.192468
545, 58.067400, 3.517000, 80.625602, -15.795254
546, 60.410367, 3.344467, 83.462432, -15.188736
547, 62.811000, 3.162633, 82.854018, -15.102130
548, 65.291633, 3.128900, 82.734477, -14.673721
549, 67.775467, 3.168133, 83.031258, -14.900681
550, 70.271967, 3.192300, 82.139652, -14.281375
551, 72.755734, 3.236833, 82.429543, -14.362008
552, 75.228067, 3.315233, 82.606359, -14.129231
553, 77.691567, 3.471933, 87.176942, -12.139793
554, 80.170367, 3.756567, 102.456972, -5.371080
555, 82.643333, 4.170133, 113.540545, -0.939805
556, 85.099134, 4.537233, 114.567179, -0.638164
557, 87.481633, 4.893900, 112.760063, -1.037818
558, 89.801067, 5.342833, 112.197337, -1.144476
559, 92.079103, 5.814867, 112.424318, -0.509564
560, 94.291144, 6.239433, 112.458295, -0.821793
561, 96.452097, 6.599767, 111.635161, -0.698525
562, 98.591003, 6.875633, 111.296113, -1.139717
563, 100.665591, 7.099000, 110.967309, -1.018328
564, 102.716013, 7.226367, 111.675985, -0.841050
565, 104.746303, 7.275133, 118.139028, 1.431318
566, 106.704213, 7.297533, 121.430854, 2.110342
567, 108.573817, 7.339867, 120.372886, 2.352110
568, 110.426237, 7.360800, 120.491147, 2.254490
569, 112.305910, 7.348167, 120.846178, 1.738274
570, 114.197483, 7.368167, 120.839589, 1.796718
571, 116.094360, 7.461767, 120.681365, 2.081152
572, 118.024403, 7.550500, 121.131412, 2.455202
573, 119.968140, 7.666733, 129.387290, 2.858609
574, 121.616960, 7.794650, 144.690674, 1.170992
575, 121.616960, 7.794650, 144.690674, 1.170992
576, 121.616960, 7.794650, 144.690674, 1.170992
577, 121.616960, 7.794650, 144.690674, 1.170992
578, 130.480720, 8.157700, 167.441484, -7.455688
579, 131.757797, 8.153600, 163.113424, -1.191301
580, 133.630090, 8.126133, 159.866669, -0.636519
581, 135.481853, 8.080033, 158.492513, 0.988445
582, 137.307603, 8.086933, 160.252259, 0.878644
583, 139.130837, 8.053033, 159.643773, 0.939837
584, 140.991274, 8.019900, 158.287890, 1.065741
585, 142.831577, 8.028567, 158.754328, 0.874560
586, 144.669954, 8.059433, 158.115019, 0.739323
587, 146.529920, 8.127167, 157.848915, 0.965215
588, 148.324097, 8.218367, 161.856707, 1.277405
589, 150.101450, 8.331733, 173.264989, 2.033775
590, 151.816340, 8.449333, 175.396039, 2.140253
591, 153.453617, 8.596833, 174.486020, 2.024508
592, 155.066947, 8.847000, 174.667451, 2.165194
593, 156.669317, 9.142033, 174.438716, 2.545275
594, 158.219347, 9.422767, 174.763717, 2.451448
595, 159.769613, 9.590033, 174.459298, 2.555225
596, 161.369110, 9.638600, 174.015472, 2.165638
597, 162.999467, 9.606800, 173.707254, 2.187715
598, 164.623203, 9.541467, 173.623453, 2.341615
599, 166.245960, 9.411167, 178.035659, 1.093906
600, 167.336820, 9.314000, -173.222828, -1.359643
