1, 29.986500, 22.527667, 27.665414, -1.878206
2, 30.107100, 22.341600, 29.458266, 39.921993
3, 30.087000, 22.333700, 29.431801, 39.913919
4, 30.002900, 22.375050, 29.514727, 24.618124
5, 29.917133, 22.399333, 30.722393, 38.175581
6, 29.883067, 22.420667, 29.316062, 28.489270
7, 29.855833, 22.421433, 26.006646, 51.282124
8, 29.851900, 22.421600, 25.752951, -0.115969
9, 29.851900, 22.421600, 25.752951, -0.115969
10, 29.851900, 22.421600, 25.752951, -0.115969
11, 29.851900, 22.421600, 25.752951, -0.115969
12, 30.002500, 22.395850, 25.872057, 9.994155
13, 30.015600, 22.387400, 29.317226, 20.949158
14, 30.013667, 22.406533, 30.155965, 22.876980
15, 30.021800, 22.409767, 32.815700, 18.773720
16, 30.031500, 22.373500, 36.293041, 13.130528
17, 30.026100, 22.346933, 35.620727, 11.863994
18, 30.054467, 22.323900, 34.791889, 22.401873
19, 30.084167, 22.295300, 34.618811, 19.531600
20, 30.126150, 22.267750, 37.013526, 19.681616
21, 30.165225, 22.204950, 34.039916, 32.861711
22, 30.193633, 22.103767, 33.147899, 31.461452
23, 30.213100, 21.982700, 35.797625, 15.086832
24, 30.210800, 21.886600, 35.777483, 14.824486
25, 30.218000, 21.727233, 35.673087, 9.813076
26, 30.250500, 21.477367, 35.731443, 12.853368
27, 30.306833, 21.211467, 35.690561, 15.676688
28, 30.367133, 20.882233, 34.191928, 23.185952
29, 30.398767, 20.491967, 35.118368, 16.143324
30, 30.409300, 19.993033, 35.669466, 18.410477
31, 30.407600, 19.411300, 35.933346, 4.630815
32, 30.343833, 18.757667, 35.824652, 4.764728
33, 30.239200, 18.043167, 35.542190, 5.748017
34, 30.059600, 17.312567, 35.678270, 3.763701
35, 29.756867, 16.519733, 36.764879, 1.262398
36, 29.377500, 15.755200, 32.656418, 11.835288
37, 29.377500, 15.755200, 32.656418, 11.835288
38, 29.377500, 15.755200, 32.656418, 11.835288
39, 29.377500, 15.755200, 32.656418, 11.835288
40, 29.377500, 15.755200, 32.656418, 11.835288
41, 29.377500, 15.755200, 32.656418, 11.835288
42, 29.377500, 15.755200, 32.656418, 11.835288
43, 17.038800, 12.496500, 2.421423, -5.486461
44, 15.720350, 12.446750, -8.410698, 7.134426
45, 12.091550, 12.474800, -12.697883, -3.913234
46, 9.734400, 12.537400, -12.204379, -2.300238
47, 6.972600, 12.684533, -10.549028, -3.580662
48, 4.307133, 12.806300, -10.139102, -3.256309
49, 1.851733, 12.743800, -10.429545, -3.328574
50, -0.266833, 12.557000, -10.555948, -4.636755
51, -2.061533, 12.382133, -11.466518, -4.159304
52, -3.551733, 12.105333, -9.971147, -3.541811
53, -4.660067, 11.831467, -10.141093, -3.689421
54, -5.478033, 11.632333, -8.679785, -3.775936
55, -6.135500, 11.521100, -8.287674, -3.136385
56, -6.674267, 11.383400, -7.974128, -3.997891
57, -7.123100, 11.241967, -9.737548, -3.678402
58, -7.487467, 11.150333, -9.995377, -3.179566
59, -7.795433, 11.097800, -8.730954, -3.115366
60, -8.122033, 11.056733, -9.215934, -1.968398
61, -8.490733, 11.023233, -9.840147, 2.133613
62, -8.847700, 11.093000, -10.728984, 7.171805
63, -9.181567, 11.306833, -8.744261, 8.139015
64, -9.519367, 11.520833, -11.132537, 8.008744
65, -9.856267, 11.693733, -11.637704, 7.967641
66, -10.188733, 11.871867, -11.362993, 8.097514
67, -10.483833, 11.970500, -11.781142, 8.548486
68, -10.680267, 11.991333, -12.085540, 8.492004
69, -10.760567, 12.047067, -11.820150, 8.498104
70, -10.761267, 12.218667, -11.509960, 8.576979
71, -10.699367, 12.426100, -11.288619, 8.696669
72, -10.528333, 12.657667, -10.959679, 8.970021
73, -10.327067, 12.951100, -10.593328, 9.423005
74, -10.131967, 13.269533, -10.470355, 9.660210
75, -9.909000, 13.599633, -10.525872, 9.653511
76, -9.622167, 13.928567, -6.533304, 8.634235
77, -9.186500, 14.215333, 6.672490, 8.152207
78, -8.379033, 14.423333, 13.776269, 5.247065
79, -7.264933, 14.590000, 15.138296, 6.724719
80, -5.986967, 14.660000, 17.089413, 6.725820
81, -4.512000, 14.580967, 19.431110, 6.841774
82, -2.918133, 14.423467, 14.556046, 5.264917
83, -1.289334, 14.251033, 14.837371, 5.559624
84, 0.475233, 14.044000, 14.396724, 6.329052
85, 2.384633, 13.788000, 16.363145, 5.453584
86, 4.220200, 13.520133, 14.434918, 5.084889
87, 5.953767, 13.339333, 15.006500, 5.135793
88, 7.594100, 13.168200, 14.356939, 4.956057
89, 9.112800, 12.989033, 14.021024, 5.578362
90, 10.516000, 12.898633, 14.153664, 6.400093
91, 11.912900, 12.938233, 14.074936, 5.997432
92, 13.306200, 13.047233, 15.116701, 5.872056
93, 14.648500, 13.153600, 14.932988, 3.022049
94, 15.976233, 13.226200, 14.593085, 0.816353
95, 17.363433, 13.298933, 14.413318, 0.160661
96, 18.617700, 13.414800, 14.273528, 0.165588
97, 19.844467, 13.420733, 14.545082, 0.369280
98, 21.202900, 13.362300, 15.614069, 0.433311
99, 22.636900, 13.370067, 16.410917, 0.109898
100, 24.116000, 13.437333, 18.024621, 0.103736
101, 25.672833, 13.491833, 28.549433, 0.468312
102, 27.233967, 13.499733, 42.281997, 1.506458
103, 28.776767, 13.491633, 43.513766, 1.052896
104, 30.285433, 13.468133, 43.228079, 1.296589
105, 31.790633, 13.451400, 41.464394, 1.518356
106, 33.313833, 13.528100, 40.570395, 1.601597
107, 34.845933, 13.675200, 42.086010, 1.528120
108, 36.366567, 13.823633, 40.968246, 0.724084
109, 37.843067, 13.936733, 40.745315, 1.420927
110, 39.268833, 13.987133, 41.471342, 1.620326
111, 40.760267, 13.973267, 42.914558, 1.063133
112, 42.265467, 13.982900, 42.999505, 1.738055
113, 43.742000, 14.046367, 42.218120, 1.299439
114, 45.195633, 14.124333, 43.454317, 1.720084
115, 46.484500, 14.249233, 42.314342, 1.543126
116, 47.611733, 14.353333, 43.003299, 1.768997
117, 48.721833, 14.373567, 44.591506, 1.664397
118, 49.848800, 14.373667, 51.752491, 1.571123
119, 51.012900, 14.391133, 66.605821, 0.820709
120, 52.318600, 14.457733, 80.453316, -0.098330
121, 53.819133, 14.598500, 81.386678, 1.007450
122, 55.506367, 14.842200, 83.621165, -0.327572
123, 57.312567, 15.244367, 85.894796, -1.083909
124, 59.134033, 15.723500, 84.094040, 0.003610
125, 60.961033, 16.018700, 80.556454, 0.990450
126, 62.852067, 16.159867, 78.818001, 0.371285
127, 64.778900, 16.159033, 84.297726, -0.508711
128, 66.741567, 16.059467, 83.637229, -0.717461
129, 68.732967, 15.901533, 82.146544, -0.613928
130, 70.680700, 15.737800, 77.907264, 0.036728
131, 72.576533, 15.564300, 77.535938, 0.024523
132, 74.396167, 15.353000, 78.529190, 0.046926
133, 76.099233, 15.100967, 78.638344, -0.232397
134, 77.682367, 14.881367, 79.398584, 0.089213
135, 79.244700, 14.697367, 79.181146, -0.017418
136, 80.882767, 14.577133, 83.918000, -0.141634
137, 82.772533, 14.484267, 101.368310, -0.102529
138, 84.775900, 14.290033, 107.954860, -0.224376
139, 86.647867, 14.029633, 107.932425, -0.748018
140, 88.520667, 13.734633, 109.934403, -1.024622
141, 90.434687, 13.454567, 109.257053, -0.390599
142, 92.254855, 13.249033, 109.495244, -1.546446
143, 94.169526, 13.070367, 106.565467, -1.007804
144, 96.115700, 12.853567, 103.865365, -0.052085
145, 98.002937, 12.690967, 104.048098, -0.172075
146, 99.906225, 12.581400, 104.284255, -0.511130
147, 101.703693, 12.450433, 104.708981, -0.623020
148, 103.483533, 12.353667, 105.201104, -0.562550
149, 105.097833, 12.197733, 105.642032, -0.431907
150, 106.324600, 11.967133, 105.773737, -0.406873
151, 107.164157, 11.693333, 106.668153, -0.580891
152, 107.628810, 11.455133, 105.459886, -0.153156
153, 107.665943, 11.267900, 104.889127, -0.131555
154, 107.354470, 11.151167, 104.715314, -0.553207
155, 106.760350, 11.158733, 104.029017, -0.529601
156, 105.899057, 11.330567, 103.245588, 4.955504
157, 104.926310, 11.702700, 100.258259, 11.844456
158, 103.924687, 12.073467, 100.416405, 12.711723
159, 102.783900, 12.370200, 99.564196, 12.884409
160, 101.586440, 12.673233, 99.610773, 12.854540
161, 100.362460, 12.969467, 99.647994, 12.307881
162, 99.044392, 13.274667, 98.168307, 13.686511
163, 97.621619, 13.637767, 98.289632, 12.350157
164, 96.201815, 14.045267, 97.775363, 13.700347
165, 94.796558, 14.422033, 96.725017, 14.634118
166, 93.424526, 14.800933, 95.657569, 15.794571
167, 92.151865, 15.169600, 96.875966, 14.814856
168, 90.988704, 15.536733, 97.010051, 15.881501
169, 89.907918, 15.934367, 97.608734, 15.249830
170, 88.889133, 16.342833, 97.972532, 14.318678
171, 87.862500, 16.745500, 98.646922, 15.512785
172, 86.793600, 17.107867, 98.759857, 16.254542
173, 85.618700, 17.437267, 91.112765, 11.862445
174, 84.314467, 17.688533, 84.747287, 7.983151
175, 82.873933, 17.830600, 84.669885, 7.981629
176, 81.320534, 17.904367, 84.638575, 8.206991
177, 79.635400, 17.900967, 83.088032, 7.918205
178, 77.707300, 17.888667, 82.036273, 7.989829
179, 75.330201, 17.867900, 80.537393, 7.824189
180, 72.578200, 17.704400, 80.886883, 6.741395
181, 69.747733, 17.392200, 80.506304, 6.828159
182, 66.732868, 16.945367, 70.497918, 4.810756
183, 64.468500, 16.604700, 53.245097, -11.491075
184, 64.468500, 16.604700, 53.245097, -11.491075
185, 64.468500, 16.604700, 53.245097, -11.491075
186, 64.468500, 16.604700, 53.245097, -11.491075
187, 64.468500, 16.604700, 53.245097, -11.491075
188, 42.134350, 13.155500, 25.367758, -0.585536
189, 36.908532, 12.839400, 21.296095, -8.096840
190, 32.653133, 12.641500, 9.467026, -3.912227
191, 28.424632, 12.573567, -0.931028, 0.369479
192, 24.406965, 12.534333, 3.629125, -1.397020
193, 20.741132, 12.544033, 4.095585, -1.064114
194, 17.315566, 12.635267, 3.271405, 0.548636
195, 14.110767, 12.682800, 3.259003, 0.734476
196, 11.144733, 12.730133, 4.361277, -0.107491
197, 8.329366, 12.721433, 3.478301, -0.591898
198, 5.576467, 12.515600, 3.989797, -0.156882
199, 2.731934, 12.444033, 2.889819, -0.099640
200, -0.250434, 12.303167, 2.452696, -0.413817
201, -3.182833, 12.166033, 1.243471, -0.988996
202, -5.998900, 12.075200, -5.402977, -0.989674
203, -8.874800, 12.017367, -22.201556, -1.823739
204, -11.693800, 11.997233, -35.024053, -2.820476
205, -14.418033, 11.964267, -34.099079, -3.744801
206, -17.085733, 11.968667, -34.139052, -1.860555
207, -19.704533, 12.032033, -35.252018, -1.767996
208, -22.315634, 12.136033, -35.708075, -1.700744
209, -24.835167, 12.201367, -35.435744, -2.022678
210, -27.235034, 12.259633, -36.357212, -1.224704
211, -29.447700, 12.336867, -35.452529, -1.574602
212, -31.578400, 12.522100, -35.929839, -1.221428
213, -33.956833, 12.613633, -35.364787, -1.002067
214, -36.420567, 12.724167, -36.509320, -0.833705
215, -38.777100, 12.986667, -36.903745, -1.159295
216, -41.131133, 13.295833, -47.224605, 0.436827
217, -43.587000, 13.567467, -63.766638, 2.412092
218, -45.928300, 13.741100, -68.016712, 0.289985
219, -48.388700, 13.706667, -65.160251, 0.434981
220, -50.848467, 13.469733, -66.537485, 0.123933
221, -53.150800, 13.211767, -66.935340, 1.301850
222, -55.272834, 12.985433, -67.146982, 1.585763
223, -57.059800, 12.888600, -67.756598, 0.275171
224, -58.657233, 12.824300, -66.459410, 0.839631
225, -60.054400, 12.684967, -66.314268, 0.302862
226, -61.281200, 12.481167, -66.097992, 0.027847
227, -62.513267, 12.284467, -66.368444, 0.042974
228, -63.541033, 12.085967, -65.254203, 1.200223
229, -64.252500, 11.954233, -65.340373, 1.116046
230, -64.635967, 11.981200, -65.650748, 1.323735
231, -64.785500, 12.028300, -64.939426, 1.823872
232, -64.908933, 12.111000, -65.435756, 2.062936
233, -65.075200, 12.271400, -65.494593, 2.309377
234, -65.473500, 12.393533, -65.883894, 2.376535
235, -65.970567, 12.499200, -66.244070, 2.506598
236, -66.339567, 12.638733, -66.409899, 2.526624
237, -66.553133, 12.781667, -66.753692, 3.821934
238, -66.606233, 12.920900, -66.836639, 2.272286
239, -66.565100, 12.958667, -66.353490, 1.521864
240, -66.467067, 12.953367, -65.616511, 1.322577
241, -66.259700, 13.007133, -65.007349, 1.284461
242, -66.054167, 13.052333, -64.979370, 1.510447
243, -65.803133, 13.095900, -64.813160, 1.990300
244, -65.490733, 13.122133, -65.052097, 2.257146
245, -65.208600, 13.102733, -65.216698, 2.202772
246, -64.892967, 13.044033, -64.815051, 2.142772
247, -64.487367, 12.991933, -64.469043, 2.120455
248, -64.058333, 12.959267, -64.534892, 2.144821
249, -63.554833, 12.916567, -64.341206, 1.981662
250, -63.005900, 12.912067, -64.504122, 1.701440
251, -62.394900, 12.912467, -64.303573, 1.566404
252, -61.638700, 12.929567, -63.638088, 1.495844
253, -60.725000, 12.973167, -64.246901, 1.592532
254, -59.566800, 13.007867, -63.278753, 1.305531
255, -58.140633, 13.118133, -61.587014, 0.762376
256, -56.540933, 13.283000, -57.491831, 0.729240
257, -55.381600, 13.350500, -47.192344, -6.937664
258, -55.381600, 13.350500, -47.192344, -6.937664
259, -55.381600, 13.350500, -47.192344, -6.937664
260, -55.381600, 13.350500, -47.192344, -6.937664
261, -55.381600, 13.350500, -47.192344, -6.937664
262, -55.381600, 13.350500, -47.192344, -6.937664
263, -55.381600, 13.350500, -47.192344, -6.937664
264, -30.158950, 13.666400, -0.488926, -2.479040
265, -25.458650, 13.996050, 16.054010, 1.741408
266, -20.890500, 14.501900, 13.103155, 3.528835
267, -16.479366, 14.923300, 7.899951, 4.553082
268, -12.204965, 15.247033, 5.064878, 5.405392
269, -8.207532, 15.458567, 5.852552, 4.577593
270, -4.621067, 15.577500, 3.962116, 4.122615
271, -1.319465, 15.573800, 5.041938, 4.251784
272, 1.486701, 15.774800, 11.793689, 3.767261
273, 4.118750, 16.086900, 21.857422, 3.882326
274, 6.446000, 16.284700, 17.869500, 4.246171
275, 7.812050, 16.404450, 18.464901, 3.975590
276, 8.929600, 16.504867, 18.210230, 3.952141
277, 10.243150, 16.630350, 18.091672, 3.690152
278, 11.246633, 16.724767, 18.184028, 3.202935
279, 12.013700, 16.751500, 17.061508, 3.991509
280, 12.748800, 16.696167, 18.535040, 3.623280
281, 13.404167, 16.633300, 18.214374, 3.717539
282, 14.065200, 16.620600, 17.648943, 3.747202
283, 14.795533, 16.602067, 18.032264, 3.452240
284, 15.553567, 16.575867, 17.904525, 3.799094
285, 16.260133, 16.614900, 17.870907, 3.937690
286, 16.915733, 16.672200, 18.613756, 4.359288
287, 17.557033, 16.652200, 18.200141, 4.676029
288, 18.163667, 16.573600, 17.736970, 4.771837
289, 18.681367, 16.535567, 18.496933, 4.567492
290, 19.137700, 16.543333, 19.650619, 4.595227
291, 19.473367, 16.548967, 18.738362, 4.235029
292, 19.702600, 16.571533, 19.145218, 4.639707
293, 19.924233, 16.582967, 19.664270, 4.987364
294, 20.116333, 16.575800, 18.927642, 4.513184
295, 20.256567, 16.574267, 18.671860, 4.507744
296, 20.358767, 16.540667, 18.573178, 4.459509
297, 20.414133, 16.496100, 18.668275, 4.607921
298, 20.414800, 16.428533, 18.595066, 4.490152
299, 20.318067, 16.332467, 18.481425, 4.269496
300, 20.108067, 16.221667, 18.212908, 4.125406
301, 19.875767, 16.105367, 17.928363, 3.963546
302, 19.621633, 16.005267, 17.867680, 3.935759
303, 19.349300, 15.990733, 17.154149, 3.615950
304, 19.056033, 16.068967, 17.548585, 4.139562
305, 18.759567, 16.138500, 17.684349, 4.111504
306, 18.457400, 16.209367, 17.333286, 4.101973
307, 18.154033, 16.308900, 17.354138, 4.288978
308, 17.865733, 16.474900, 17.221668, 4.436838
309, 17.577867, 16.641667, 17.496111, 4.527226
310, 17.299767, 16.804933, 17.569076, 4.414151
311, 17.033067, 16.933267, 17.248689, 4.590902
312, 16.757600, 17.036133, 17.087385, 5.125461
313, 16.462767, 17.136600, 16.826766, 4.998744
314, 16.172900, 17.213100, 16.501493, 5.184190
315, 15.874533, 17.260567, 16.491161, 5.004954
316, 15.565100, 17.303800, 15.616127, 3.935993
317, 15.241867, 17.375167, 15.481108, 3.499662
318, 14.888767, 17.455100, 15.708828, 4.020345
319, 14.545767, 17.546500, 15.769194, 3.951211
320, 14.221200, 17.641233, 16.061052, 3.969186
321, 13.896167, 17.743067, 15.981806, 4.012640
322, 13.597233, 17.880033, 15.989372, 4.141091
323, 13.317367, 18.044267, 15.319982, 4.625809
324, 13.070900, 18.220167, 15.147799, 4.773967
325, 12.821833, 18.394567, 14.994155, 4.926053
326, 12.596600, 18.548233, 14.587938, 4.473084
327, 12.375667, 18.673967, 14.567113, 4.781829
328, 12.179167, 18.785500, 12.946321, 8.732657
329, 11.973000, 18.889000, 12.939038, 9.351278
330, 11.780433, 18.987967, 12.315848, 9.619457
331, 11.599133, 19.092800, 11.896310, 9.816016
332, 11.439767, 19.204100, 12.430469, 9.960918
333, 11.308867, 19.320700, 12.310690, 9.961642
334, 11.202533, 19.472400, 11.626704, 9.646536
335, 11.142133, 19.628367, 11.706325, 9.433913
336, 11.108367, 19.784300, 11.549793, 8.986878
337, 11.113300, 19.936867, 11.552888, 9.122048
338, 11.149633, 20.086700, 11.551181, 9.087647
339, 11.194800, 20.233033, 11.472215, 8.928506
340, 11.262233, 20.381533, 12.974689, 12.212128
341, 11.351667, 20.514333, 14.910922, 15.116715
342, 11.446500, 20.609633, 14.066977, 15.117310
343, 11.547933, 20.698700, 12.301257, 15.852275
344, 11.630167, 20.776733, 12.948744, 15.997782
345, 11.696867, 20.865833, 13.085428, 15.976338
346, 11.765933, 20.961933, 13.240267, 15.976943
347, 11.812333, 21.054067, 13.129491, 16.001421
348, 11.854600, 21.121500, 12.931925, 15.936930
349, 11.901767, 21.174567, 12.929963, 15.953962
350, 11.927433, 21.246100, 13.023631, 15.853746
351, 11.951767, 21.330567, 12.991500, 15.912876
352, 11.969433, 21.391800, 12.953372, 15.892336
353, 12.012767, 21.467200, 13.014528, 15.903170
354, 12.052900, 21.521900, 13.042110, 15.934012
355, 12.085367, 21.613200, 13.216183, 15.993719
356, 12.115733, 21.718033, 13.309024, 15.936117
357, 12.144667, 21.823133, 13.352416, 16.019942
358, 12.160300, 21.931133, 13.656912, 16.046603
359, 12.177533, 22.030933, 15.433931, 19.725038
360, 12.214967, 22.153300, 17.468219, 23.156518
361, 12.347167, 22.339267, 17.528866, 23.072186
362, 12.597733, 22.630200, 17.946247, 22.882412
363, 12.884767, 23.035233, 18.125735, 23.190086
364, 13.203667, 23.521533, 17.939235, 23.234291
365, 13.581200, 24.052067, 18.447230, 23.624873
366, 14.047733, 24.702100, 18.792555, 24.016560
367, 14.648267, 25.391933, 18.946075, 24.876059
368, 15.356933, 26.214167, 19.257710, 24.395284
369, 16.195200, 27.143233, 19.564621, 24.646937
370, 17.166700, 28.141300, 20.490889, 24.655849
371, 18.237867, 29.284733, 21.334583, 25.191397
372, 19.489767, 30.564267, 24.610823, 16.768168
373, 19.489767, 30.564267, 24.610823, 16.768168
374, 19.489767, 30.564267, 24.610823, 16.768168
375, 19.489767, 30.564267, 24.610823, 16.768168
376, 19.489767, 30.564267, 24.610823, 16.768168
377, 28.505166, 36.774667, 31.648500, 27.064148
378, 30.750534, 37.783867, 39.442632, 31.323896
379, 33.053633, 38.661633, 52.201207, 31.750635
380, 35.514734, 39.386233, 53.687987, 43.234605
381, 37.968067, 39.952500, 57.180433, 45.606948
382, 40.213100, 40.513600, 61.764629, 45.034083
383, 42.451267, 41.022967, 61.844259, 44.696060
384, 44.625367, 41.513600, 63.634444, 45.283866
385, 46.761033, 42.033967, 71.611732, 44.309813
386, 48.874400, 42.559967, 76.380912, 42.133528
387, 50.881467, 43.212733, 79.789018, 41.401885
388, 52.922800, 43.804667, 81.152675, 40.985292
389, 54.862500, 44.354833, 81.687883, 40.849055
390, 56.685567, 44.902167, 81.044554, 41.240268
391, 58.570533, 45.368100, 80.662049, 41.407592
392, 60.336500, 45.782867, 80.244778, 40.840804
393, 62.008766, 46.095333, 80.229530, 40.632318
394, 63.715833, 46.253100, 92.691787, 37.272413
395, 65.351733, 46.298733, 102.868491, 32.036392
396, 67.004267, 46.315500, 109.564757, 28.086555
397, 68.681900, 46.299100, 105.996918, 30.105418
398, 70.340833, 46.242733, 108.866845, 28.232446
399, 71.995300, 46.217433, 108.495435, 27.937767
400, 73.581967, 46.199300, 108.830407, 27.808019
401, 75.077467, 46.201600, 107.633242, 29.217467
402, 76.595300, 46.253300, 105.832560, 29.759360
403, 78.099800, 46.269300, 104.934192, 30.150140
404, 79.644767, 46.248633, 102.927478, 30.116404
405, 81.239067, 46.261167, 102.014416, 31.246922
406, 82.757166, 46.278700, 109.862426, 33.068161
407, 84.403533, 46.205533, 112.854519, 32.117113
408, 86.289067, 46.072167, 112.865059, 31.452708
409, 88.206033, 45.982433, 110.269174, 31.975634
410, 90.121956, 45.844200, 109.807621, 31.622754
411, 92.002826, 45.665200, 109.981253, 31.160293
412, 93.936402, 45.468400, 109.395469, 30.984799
413, 96.127770, 45.182000, 109.819621, 30.465616
414, 98.391352, 44.783433, 109.525896, 30.350938
415, 100.656212, 44.375100, 112.437677, 30.118763
416, 103.192756, 43.975433, 125.916798, 28.809557
417, 105.924729, 43.493967, 138.612836, 24.616380
418, 108.887419, 42.880533, 149.566667, 18.925587
419, 112.088953, 42.228400, 155.683736, 17.552357
420, 115.486493, 41.547633, 155.477736, 17.103658
421, 119.012243, 40.796433, 159.124893, 15.715629
422, 122.567220, 39.961033, 160.597709, 14.104805
423, 126.190553, 38.974800, 165.088214, 12.326178
424, 129.803094, 37.861733, 169.016844, 11.265037
425, 133.190391, 36.682967, 162.708029, 12.878062
426, 136.352374, 35.370000, 160.915964, 15.160744
427, 139.279976, 33.928767, 160.192272, 15.371286
428, 141.959127, 32.434500, 158.885739, 15.417918
429, 144.385331, 30.953500, 156.665411, 15.349683
430, 146.571433, 29.531967, 165.333340, 11.254820
431, 148.548230, 28.288367, 172.751512, 5.848588
432, 150.417734, 27.185933, 177.953913, 0.890001
433, 152.224770, 26.212933, 174.573611, 2.893110
434, 154.029280, 25.371667, 174.640724, 2.331144
435, 155.952190, 24.629433, 173.864437, 4.241878
436, 158.027087, 23.918433, 175.315599, 3.695060
437, 160.161670, 23.320467, 172.169123, 2.921968
438, 162.244043, 22.751700, 171.064414, 5.068742
439, 164.273037, 22.291700, 171.120424, 4.729658
440, 166.174003, 21.952233, 171.317824, 4.347734
441, 168.018387, 21.788033, 175.145194, 4.310383
442, 169.854423, 21.777433, -169.279336, 8.640737
443, 171.672267, 22.015300, -165.429583, 9.748292
444, 173.445440, 22.241033, -164.424160, 10.233050
445, 175.135717, 22.433067, -164.385927, 9.926917
446, 176.745643, 22.749933, -162.711564, 9.654684
447, 178.232970, 23.157767, -165.540157, 10.703140
448, 179.568113, 23.850333, -163.137451, 12.264956
449, -179.186050, 25.034600, -161.422157, 25.374361
450, -178.052413, 26.755166, -168.734282, 30.384014
451, -177.109493, 28.525567, -156.941482, 42.406410
452, -176.338777, 30.040200, -151.332493, 45.704689
453, -175.844477, 31.440833, -151.978425, 45.993045
454, -175.506900, 32.717667, -156.093163, 45.563244
455, -175.368617, 33.965000, -152.875518, 46.775672
456, -175.324663, 35.124133, -156.936388, 44.130476
457, -175.305777, 36.160533, -156.452641, 45.072725
458, -175.223790, 37.274200, -157.296955, 44.360940
459, -175.036740, 38.452467, -156.620007, 43.609942
460, -174.809097, 39.653933, -156.135356, 44.586393
461, -174.632403, 40.924067, -156.003336, 44.914602
462, -174.510917, 42.030933, -156.217442, 44.931109
463, -174.546457, 42.900767, -156.377071, 44.250841
464, -174.460083, 43.739933, -156.533903, 44.383669
465, -174.118230, 44.563467, -157.167292, 46.356789
466, -173.626430, 45.361833, -157.735797, 48.287744
467, -173.027657, 46.112433, -157.780604, 48.875007
468, -172.277797, 46.740067, -157.565202, 49.388445
469, -171.552950, 47.327100, -157.015652, 49.394528
470, -170.935783, 47.882733, -157.356592, 49.544379
471, -170.352887, 48.410367, -157.126665, 49.943270
472, -169.537967, 48.961600, -157.556687, 49.913108
473, -168.664900, 49.601133, -158.610984, 49.995924
474, -167.908433, 50.195167, -159.374185, 50.832451
475, -167.193700, 50.623300, -160.187327, 51.884925
476, -166.506100, 50.961500, -158.754691, 50.467510
477, -165.825533, 51.293767, -159.756337, 51.274389
478, -165.226267, 51.603967, -160.586740, 51.650025
479, -164.702900, 51.907767, -160.472672, 51.312996
480, -164.217767, 52.275067, -162.372698, 51.503842
481, -163.795600, 52.626733, -162.889668, 52.166337
482, -163.139067, 52.927833, -163.534375, 53.091848
483, -162.325500, 53.211367, -163.022595, 52.814264
484, -161.526533, 53.399500, -163.311790, 52.536409
485, -160.844833, 53.628500, -163.339444, 52.638028
486, -160.331500, 53.859567, -163.143940, 52.185596
487, -159.990433, 54.043133, -162.800308, 52.136224
488, -159.819600, 54.233933, -162.641472, 52.719428
489, -159.847467, 54.451833, -162.957048, 53.136111
490, -160.078300, 54.658433, -163.616550, 53.134570
491, -160.425800, 54.800300, -163.793360, 52.795214
492, -160.802900, 54.911600, -164.408834, 52.620770
493, -161.198900, 54.928300, -164.322152, 52.303176
494, -161.595633, 54.837600, -164.736445, 51.979602
495, -161.964533, 54.682300, -165.164179, 52.079758
496, -162.355800, 54.503033, -166.476753, 50.905914
497, -162.770467, 54.281933, -171.891663, 46.569257
498, -163.222833, 53.949800, -173.673224, 44.666743
499, -163.701967, 53.645567, -176.152203, 44.756478
500, -164.159300, 53.471833, -174.238277, 44.823386
501, -164.696167, 53.303500, -175.744625, 45.113670
502, -165.394400, 53.172967, -176.748490, 45.185613
503, -166.181733, 53.108833, -176.641265, 45.161930
504, -167.070867, 53.099700, -176.487330, 45.550580
505, -168.105200, 53.169000, -177.544525, 45.547771
506, -169.237533, 53.355500, -177.885091, 45.447695
507, -170.595133, 53.644900, -178.322343, 45.326455
508, -172.259213, 53.898467, -179.029355, 45.496896
509, -174.266770, 54.126333, 179.346776, 45.730242
510, -176.322680, 54.348333, 179.885476, 45.458012
511, -178.414533, 54.653400, 176.809773, 45.701589
512, 179.222037, 55.073133, 165.632654, 47.141098
513, 176.561785, 55.623900, 150.214038, 47.161056
514, 173.413041, 56.398833, 141.824997, 47.654381
515, 170.073375, 57.048433, 138.742628, 48.032595
516, 167.110390, 57.479933, 140.616532, 47.633241
517, 164.408245, 57.867567, 141.489404, 48.108293
518, 162.205587, 58.207600, 141.058246, 48.131624
519, 159.855284, 58.540500, 140.242064, 47.985276
520, 157.281013, 58.721600, 140.086970, 48.206971
521, 154.945017, 58.819500, 140.531602, 48.036108
522, 152.865846, 58.862367, 140.669337, 47.633081
523, 151.212296, 58.851467, 139.074608, 47.906417
524, 149.757173, 58.891167, 128.867408, 49.496569
525, 148.424187, 58.929867, 122.766747, 49.461581
526, 147.121467, 58.988933, 120.957194, 48.904232
527, 145.850923, 59.049900, 122.863634, 48.995166
528, 144.636530, 59.124400, 123.088198, 49.052344
529, 143.565810, 59.236600, 123.124566, 49.342162
530, 142.529547, 59.389100, 121.933157, 49.069966
531, 141.557490, 59.531700, 121.209868, 49.049723
532, 140.605990, 59.679467, 120.948616, 50.260270
533, 139.609943, 59.816267, 122.181820, 51.149596
534, 138.695527, 59.930400, 124.537039, 50.879351
535, 137.807630, 60.056567, 125.583595, 50.662144
536, 136.795743, 60.205133, 125.634432, 50.412771
537, 135.711073, 60.317767, 125.896459, 50.851541
538, 134.469863, 60.434600, 125.722289, 50.684977
539, 132.772306, 60.576600, 125.051783, 50.851878
540, 130.930780, 60.602833, 124.430428, 50.437144
541, 129.128496, 60.543800, 124.113674, 50.640663
542, 127.405926, 60.465733, 123.869352, 51.319225
543, 125.800220, 60.435967, 123.738729, 51.385709
544, 124.343013, 60.416400, 120.787363, 51.210393
545, 123.002260, 60.415400, 119.201211, 50.807277
546, 121.909710, 60.413167, 119.261041, 50.162661
547, 120.956767, 60.443733, 119.661298, 50.600697
548, 119.979560, 60.562667, 118.899672, 50.444597
549, 119.183533, 60.660633, 118.786455, 50.731788
550, 118.615287, 60.724933, 118.700008, 51.322871
551, 117.976353, 60.789800, 117.944880, 51.448029
552, 117.255607, 60.881767, 117.074641, 51.470168
553, 116.419057, 60.939533, 116.634927, 51.489148
554, 115.471403, 60.950533, 116.104449, 51.267007
555, 114.446460, 60.918300, 115.809650, 50.435241
556, 113.383470, 60.911567, 116.276188, 50.904673
557, 112.283343, 60.937400, 115.731278, 51.320206
558, 111.133013, 60.971600, 115.821551, 51.540948
559, 110.047603, 61.016467, 115.823890, 51.219725
560, 109.141313, 61.070767, 116.081519, 51.228007
561, 108.340227, 61.140867, 115.605302, 51.228208
562, 107.706997, 61.153700, 115.791945, 51.443595
563, 107.060670, 61.148533, 115.759925, 51.358910
564, 106.366357, 61.142733, 115.293450, 51.446120
565, 105.759253, 61.116400, 115.068648, 51.440102
566, 105.112693, 61.095200, 114.791940, 51.312264
567, 104.408443, 61.105667, 114.091452, 51.349989
568, 103.698377, 61.147133, 113.935397, 51.185439
569, 102.841243, 61.218133, 109.189156, 52.820532
570, 101.965203, 61.304367, 90.802749, 56.040607
571, 101.012597, 61.328167, 68.594133, 54.814977
572, 99.824298, 61.345533, 57.514643, 51.851153
573, 98.567477, 61.402433, 58.010758, 52.551023
574, 97.340308, 61.508433, 57.247020, 52.533453
575, 96.162939, 61.646833, 56.709219, 52.383310
576, 95.122237, 61.740633, 56.264889, 52.257268
577, 94.288087, 61.777867, 57.421757, 52.845037
578, 93.583611, 61.814533, 56.882697, 52.852042
579, 92.911863, 61.833567, 56.775983, 52.767508
580, 92.384715, 61.866567, 56.963769, 52.713862
581, 91.878895, 61.867533, 57.947336, 52.157173
582, 91.426940, 61.840600, 56.973791, 52.156023
583, 91.006291, 61.750500, 57.820588, 52.405155
584, 90.204262, 61.653400, 57.025080, 52.797159
585, 89.093800, 61.285533, 57.296328, 52.340454
586, 87.972133, 60.563500, 52.767556, 56.203034
587, 86.542734, 59.575100, 55.879180, 49.236426
588, 84.770300, 58.382633, 58.738240, 46.353867
589, 82.547700, 56.912967, 54.689763, 44.732423
590, 79.970000, 55.186500, 58.348369, 44.559674
591, 77.306167, 53.230334, 56.076818, 44.217141
592, 74.509001, 50.978267, 56.406321, 42.715925
593, 71.247733, 48.372934, 58.987926, 35.798374
594, 67.794066, 45.529301, 60.840526, 28.303915
595, 64.527565, 42.569134, 64.474155, 20.720733
596, 61.671900, 39.603367, 64.898513, 15.733897
597, 59.165000, 36.648333, 63.942062, 10.235785
598, 56.988033, 33.755333, 62.930450, 4.617678
599, 55.205233, 31.057133, 61.877909, 1.952678
600, 54.175000, 29.418800, 60.963277, 1.457780
