1, -130.153933, -0.900716, -131.560226, -6.963974
2, -130.153933, -0.900716, -131.560226, -6.963974
3, -130.055550, -1.232617, -131.083235, -6.536687
4, -130.063450, -1.275584, -131.944398, -8.217791
5, -130.047867, -1.201428, -133.979788, -10.431483
6, -130.013333, -1.113177, -132.330409, -9.670430
7, -129.979033, -1.037309, -129.915250, -6.433291
8, -129.947733, -0.977056, -130.758796, -6.324755
9, -129.905700, -0.961515, -131.431892, -5.505523
10, -129.892800, -0.975605, -131.529712, -5.254339
11, -129.912200, -1.006752, -131.499672, -5.802342
12, -129.969467, -1.002928, -131.735563, -6.304172
13, -130.023433, -0.993492, -131.804977, -6.479661
14, -130.069333, -0.980618, -131.761978, -6.342344
15, -130.102033, -0.958571, -131.691666, -6.435935
16, -130.075100, -0.917557, -131.635195, -6.134785
17, -130.045667, -0.896258, -131.671727, -5.979409
18, -130.008533, -0.903854, -131.372851, -6.160070
19, -129.974133, -0.889801, -131.255680, -6.351488
20, -129.946233, -0.865310, -131.137363, -6.488168
21, -129.908967, -0.876361, -131.100541, -6.608640
22, -129.868800, -0.885062, -131.079379, -6.406763
23, -129.845633, -0.895371, -131.079655, -6.381452
24, -129.826367, -0.933321, -131.075269, -6.351755
25, -129.850300, -0.978363, -131.221661, -6.141786
26, -129.886500, -1.043361, -126.564076, -10.683150
27, -129.918667, -1.142645, -123.529784, -21.368465
28, -129.942567, -1.299152, -123.153535, -23.619998
29, -129.949267, -1.508040, -123.599707, -23.362093
30, -129.966267, -1.858029, -123.542042, -23.070047
31, -129.997033, -2.489616, -123.652929, -22.574119
32, -130.048200, -3.267591, -123.527357, -22.611605
33, -130.061633, -4.152940, -123.513579, -23.965837
34, -129.988933, -5.309807, -124.151914, -23.903160
35, -129.880500, -6.609674, -123.457352, -23.639605
36, -129.680033, -8.042153, -123.110864, -23.652891
37, -129.322867, -9.622349, -124.089147, -24.360339
38, -128.827167, -11.249066, -122.928219, -23.976524
39, -128.196833, -13.059830, -123.596001, -24.597533
40, -127.458533, -14.805410, -122.865041, -33.350627
41, -126.658000, -16.484283, -122.275795, -39.002125
42, -125.865767, -18.354660, -122.331653, -39.105640
43, -125.019567, -20.148817, -122.832758, -38.553066
44, -124.181067, -21.933160, -122.701743, -38.358157
45, -123.366667, -23.717857, -122.890974, -38.774532
46, -122.537000, -25.218540, -122.479538, -37.682243
47, -121.694833, -26.477227, -122.717658, -37.323791
48, -120.788333, -27.413463, -113.671220, -43.572678
49, -119.777800, -28.075030, -108.955504, -48.654658
50, -118.612967, -28.513810, -109.013939, -48.273414
51, -117.310367, -28.723637, -108.592758, -47.197957
52, -115.906933, -28.864003, -109.124875, -47.199710
53, -114.501834, -28.968550, -109.637930, -47.008017
54, -112.968300, -29.014233, -109.349546, -46.957272
55, -111.414800, -28.999590, -109.250454, -46.999558
56, -109.824333, -28.911680, -108.825792, -46.895818
57, -108.123067, -28.692443, -102.872569, -43.081899
58, -106.363734, -28.361973, -91.920123, -33.333181
59, -104.821150, -28.014045, -87.401110, -46.652104
60, -102.340250, -27.265990, -78.868086, -35.037811
61, -100.858967, -26.779503, -90.817701, -27.312920
62, -99.144700, -26.050840, -86.880147, -21.095504
63, -97.468833, -25.136980, -87.026955, -21.400605
64, -95.980300, -24.151903, -86.680177, -20.671578
65, -94.453033, -22.928147, -86.523663, -19.461382
66, -93.076433, -21.674967, -86.595597, -19.365167
67, -91.730833, -20.297443, -85.450232, -18.413226
68, -90.338433, -18.973687, -79.145080, -11.124335
69, -89.003500, -17.663987, -77.467605, -7.706724
70, -87.753833, -16.480797, -78.297934, -7.834210
71, -86.624467, -15.468600, -78.453888, -7.804280
72, -85.681267, -14.592797, -78.855339, -9.144253
73, -84.873833, -13.854140, -78.459928, -9.179877
74, -84.230967, -13.322893, -78.110706, -8.831892
75, -83.762500, -12.792693, -72.016713, -4.273694
76, -83.320233, -12.185137, -71.404474, -3.829161
77, -82.979567, -11.793743, -71.100354, -5.566987
78, -82.803100, -11.576680, -71.465763, -5.571458
79, -82.718900, -11.436077, -71.596591, -5.410524
80, -82.752400, -11.414720, -71.612579, -5.515402
81, -82.933700, -11.450330, -71.951559, -5.599495
82, -83.235633, -11.512000, -72.163582, -5.798926
83, -83.789233, -11.582897, -72.456250, -5.986214
84, -84.510167, -11.557107, -75.315698, -6.103453
85, -85.369400, -11.544023, -88.151426, -9.242919
86, -86.572466, -11.491673, -93.736289, -10.521189
87, -88.080333, -11.351910, -101.492227, -9.419769
88, -89.723067, -11.188483, -110.194867, -10.161577
89, -91.615066, -11.000477, -112.036033, -9.872642
90, -93.626733, -10.783443, -110.466546, -9.936956
91, -95.709533, -10.502207, -110.011592, -9.927855
92, -98.001833, -10.259540, -110.485650, -10.026909
93, -100.469299, -10.085267, -110.560598, -10.253047
94, -103.192333, -9.910746, -110.610537, -10.210670
95, -106.110833, -9.755003, -122.017174, -13.421913
96, -109.163966, -9.646918, -138.094935, -18.172709
97, -112.292233, -9.540630, -142.524483, -19.537148
98, -115.386766, -9.458091, -141.990711, -19.869498
99, -118.388700, -9.390943, -140.732853, -20.841383
100, -121.303400, -9.337259, -140.030773, -21.295741
101, -124.139600, -9.319534, -139.534819, -21.913318
102, -126.861533, -9.297788, -138.861914, -22.240009
103, -129.459833, -9.317219, -138.354442, -21.377156
104, -131.986100, -9.419104, -142.142142, -20.716333
105, -134.435866, -9.486617, -157.642595, -20.696691
106, -136.784234, -9.530448, -160.594066, -20.171168
107, -138.988767, -9.575715, -159.904561, -20.517753
108, -141.107367, -9.556940, -159.341550, -21.585149
109, -143.111233, -9.492441, -158.627369, -21.438854
110, -145.046667, -9.456647, -157.508150, -20.876013
111, -146.961000, -9.382812, -157.376809, -20.906814
112, -148.849433, -9.271078, -161.094552, -20.074344
113, -150.719700, -9.125627, -169.391475, -17.580999
114, -152.546833, -8.956370, -169.869829, -17.608834
115, -154.292000, -8.748389, -168.820433, -18.280893
116, -156.012500, -8.438215, -168.193280, -17.793710
117, -157.636600, -8.051051, -169.537244, -16.174398
118, -159.179733, -7.654068, -174.769901, -10.748370
119, -160.705500, -7.264751, -174.093351, -10.365188
120, -162.128700, -6.854213, -174.048805, -10.277779
121, -163.591733, -6.367401, -173.480049, -10.707347
122, -165.066900, -5.930710, -173.597838, -10.591928
123, -166.512133, -5.491393, -173.617539, -10.574286
124, -168.005400, -5.040778, -173.591108, -10.804910
125, -169.474967, -4.584550, 179.939541, -6.558840
126, -171.044770, -4.021668, 174.794084, -2.012008
127, -172.643123, -3.516991, 174.751609, -2.332719
128, -173.998710, -3.132022, 174.744790, -2.490217
129, -175.984033, -2.594078, 174.876558, -3.047538
130, -177.858586, -2.119046, 174.950492, -3.460445
131, 179.819873, -1.584342, 163.655810, -1.275903
132, 177.309897, -1.079342, 151.888776, 0.989621
133, 174.728597, -0.602661, 148.592644, 1.508080
134, 172.084336, -0.206098, 149.102566, 0.695410
135, 169.537133, 0.085780, 149.705090, 0.849078
136, 167.037776, 0.352700, 150.023117, -0.019939
137, 164.614747, 0.574033, 149.910885, -0.513387
138, 162.249430, 0.724600, 148.215944, -0.556971
139, 159.725930, 0.838033, 135.215878, -1.918247
140, 157.132890, 0.874267, 131.666249, -2.789734
141, 154.589780, 0.920533, 132.116488, -2.059078
142, 151.885090, 0.962433, 133.224487, -3.140593
143, 149.072724, 0.860767, 133.262681, -4.372096
144, 146.164313, 0.612600, 133.855119, -5.029202
145, 143.234137, 0.195833, 131.991458, -5.715357
146, 140.267946, -0.487273, 118.609312, -11.923795
147, 137.313440, -1.422419, 113.686180, -16.244047
148, 134.343983, -2.305513, 113.552068, -15.940816
149, 131.337702, -3.214318, 114.817186, -16.818832
150, 128.488880, -4.092376, 115.101957, -16.514579
151, 125.777019, -4.876372, 115.772397, -16.534923
152, 123.159436, -5.563665, 114.109892, -15.461670
153, 120.649253, -6.083649, 102.450491, -12.347362
154, 118.255750, -6.612532, 99.860240, -11.332550
155, 115.959863, -7.068981, 100.409454, -11.444050
156, 113.769763, -7.391241, 101.774139, -10.867094
157, 111.617360, -7.751928, 102.232340, -11.591473
158, 109.412473, -8.035083, 100.344300, -10.816764
159, 107.181543, -8.301962, 91.846020, -4.510198
160, 104.983837, -8.533748, 92.036304, -4.035368
161, 102.903543, -8.603189, 92.333812, -3.479308
162, 101.031106, -8.634042, 92.070466, -4.252522
163, 99.368635, -8.495816, 92.263106, -4.645379
164, 97.946926, -8.118434, 92.317101, -4.589644
165, 96.770600, -7.525235, 92.625274, -4.197647
166, 95.826777, -6.696664, 92.649015, -4.439164
167, 94.953339, -5.825549, 92.945375, -4.380239
168, 94.102355, -4.970392, 92.756116, -3.959676
169, 93.223048, -4.095740, 92.820574, -2.989817
170, 92.462487, -3.330985, 93.113050, -3.124657
171, 91.820223, -2.650280, 93.009267, -3.340427
172, 91.260752, -2.005441, 92.681351, -4.143710
173, 90.692174, -1.342856, 99.932633, -5.300335
174, 90.237017, -0.773423, 102.645988, -3.058810
175, 90.084114, -0.035959, 102.093079, -1.818057
176, 90.029180, 0.823033, 102.559955, -1.479813
177, 89.983601, 1.584367, 102.146321, -1.260422
178, 90.051193, 2.378800, 102.437821, -1.804439
179, 90.266005, 3.183700, 102.524208, -1.353245
180, 90.688859, 4.016767, 102.472710, -1.383564
181, 91.385487, 4.686733, 101.843460, -2.113655
182, 92.399621, 5.268467, 101.497175, -2.439262
183, 93.877124, 5.742600, 101.489472, -2.731037
184, 95.631948, 6.001433, 102.094076, -2.519226
185, 97.588697, 6.128800, 102.479591, -3.307123
186, 99.500645, 6.248067, 102.856104, -3.191523
187, 101.235840, 6.403700, 102.537915, -3.323926
188, 102.956750, 6.588767, 102.726423, -3.793495
189, 104.702387, 6.723933, 103.037061, -3.179513
190, 106.629337, 6.891233, 103.142567, -3.427005
191, 108.612453, 7.172867, 108.654016, -2.829810
192, 110.921093, 7.496900, 119.345812, -2.300963
193, 113.593706, 7.903433, 123.449604, -2.892973
194, 116.367443, 8.423833, 123.884584, -3.051364
195, 119.168263, 8.867333, 124.368275, -2.496494
196, 122.091047, 9.343767, 124.415128, -2.890650
197, 125.018560, 9.978067, 128.286328, -1.859470
198, 127.916893, 10.517767, 134.958383, -4.865438
199, 131.633530, 11.271600, 144.028735, -22.427152
200, 133.069837, 11.560333, 149.150350, -8.595900
201, 134.732114, 11.893900, 148.340385, -0.994444
202, 135.801307, 12.200900, 147.931427, 0.382863
203, 136.351257, 12.516133, 147.255243, 0.747374
204, 136.618727, 12.860967, 146.275145, 0.394727
205, 136.615607, 13.161467, 145.694529, 0.405495
206, 136.282247, 13.382833, 140.398251, 0.484257
207, 135.618897, 13.457733, 124.753779, 1.014492
208, 134.492487, 13.400667, 109.489364, 0.159653
209, 132.884410, 13.190633, 98.730412, -0.488161
210, 130.947630, 12.722900, 96.697204, -0.709684
211, 128.787907, 12.101100, 94.273734, -1.709190
212, 126.447570, 11.374567, 94.029100, -1.123204
213, 124.055196, 10.605667, 94.053975, -1.803388
214, 121.716373, 9.835167, 94.505055, -1.941210
215, 119.471993, 9.118567, 95.237924, -0.561362
216, 117.355173, 8.381867, 94.301178, -1.877570
217, 115.438610, 7.624533, 96.015562, -1.189520
218, 113.725940, 6.848900, 97.089512, -1.517781
219, 112.156360, 5.996667, 96.964168, -2.158748
220, 110.710127, 5.058000, 98.479890, -2.028729
221, 109.403517, 4.145400, 98.893360, -1.783711
222, 108.249657, 3.182867, 98.395941, -2.309380
223, 107.155907, 2.030333, 88.778571, -3.980160
224, 106.011617, 0.862333, 84.101384, -6.903098
225, 104.983293, -0.263304, 84.352838, -7.230019
226, 103.902200, -1.462311, 84.269694, -6.952200
227, 102.687137, -2.567565, 84.344152, -6.282523
228, 101.189447, -3.517371, 85.101518, -6.369685
229, 99.557620, -4.517431, 84.271146, -6.557734
230, 97.727669, -5.395904, 84.646884, -7.042372
231, 95.881754, -6.146970, 83.840445, -7.447340
232, 94.112505, -6.779214, 72.032284, -5.694960
233, 92.452611, -7.177193, 63.615971, -5.681518
234, 91.076522, -7.533287, 63.158474, -5.140514
235, 90.019033, -7.858746, 63.345647, -5.509537
236, 88.998000, -8.032618, 62.575447, -5.038083
237, 88.094067, -8.155494, 63.421093, -5.777824
238, 87.268467, -8.266591, 56.114654, -4.767713
239, 86.468300, -8.422906, 52.195074, -4.869512
240, 85.596500, -8.605478, 54.856023, -5.217961
241, 84.787300, -8.740170, 55.862264, -5.600921
242, 83.955633, -8.869046, 54.276108, -4.540189
243, 83.108867, -8.992020, 52.371367, -3.787464
244, 82.293167, -9.091635, 52.781759, -4.044189
245, 81.579333, -9.170061, 53.994005, -4.825532
246, 80.947700, -9.161964, 54.028056, -4.955057
247, 80.397233, -9.164686, 54.069624, -4.740936
248, 80.069567, -9.193895, 53.815606, -4.043941
249, 79.785767, -9.140664, 53.777992, -3.943128
250, 79.447833, -9.069547, 53.631963, -4.106695
251, 79.054167, -8.937071, 53.666285, -4.321313
252, 78.613767, -8.854245, 54.026741, -4.290761
253, 78.110333, -8.815711, 53.555273, -4.222234
254, 77.576933, -8.716671, 52.328435, -3.856925
255, 77.022833, -8.561323, 44.971798, -2.348415
256, 76.311567, -8.312384, 44.036209, -2.438058
257, 75.263867, -7.864732, 44.611499, -3.004502
258, 73.874367, -7.244523, 43.906038, -2.201498
259, 71.963167, -6.616846, 44.199755, -2.958097
260, 69.705600, -6.248248, 42.906053, -3.127279
261, 67.387733, -6.084612, 42.165993, -3.268397
262, 65.208500, -5.816017, 41.949621, -3.368964
263, 63.335633, -5.675871, 40.864457, -4.113056
264, 61.912167, -5.642026, 33.121730, -4.988408
265, 60.726200, -5.438483, 33.405536, -4.392448
266, 59.464667, -5.041919, 34.303884, -4.593213
267, 58.102633, -4.630750, 34.359981, -4.796296
268, 56.613767, -4.268879, 34.189784, -4.932543
269, 55.166567, -3.929576, 34.425049, -4.842139
270, 53.868767, -3.673442, 27.662966, -2.880244
271, 52.798433, -3.453296, 25.034415, -1.816954
272, 51.701800, -3.301544, 26.121346, -1.945874
273, 50.808667, -3.193734, 26.807258, -1.866268
274, 49.904233, -2.869967, 27.945502, -2.639615
275, 49.231333, -2.537458, 26.838415, -2.373821
276, 48.725300, -2.073812, 27.652996, -1.883989
277, 48.480633, -1.586659, 28.931716, -1.603434
278, 48.383467, -1.166798, 29.517362, -1.884026
279, 48.404867, -0.809042, 29.955491, -1.792844
280, 48.630467, -0.605935, 30.557785, -1.844701
281, 49.176667, -0.503505, 30.837677, -1.998916
282, 49.973133, -0.456874, 37.929650, -3.520436
283, 50.968367, -0.417805, 51.058522, -4.645867
284, 52.455233, -0.428197, 55.048996, -4.667987
285, 54.300167, -0.218750, 56.348903, -4.988444
286, 56.398333, 0.006794, 57.072843, -4.907426
287, 59.119434, 0.276300, 58.117282, -5.088268
288, 61.719567, 0.767067, 59.288172, -4.537786
289, 63.782800, 0.965767, 59.793070, -4.598143
290, 65.347267, 0.983433, 59.695576, -4.697624
291, 66.810000, 1.117733, 60.159670, -4.775776
292, 68.815432, 1.252100, 61.742228, -4.940848
293, 71.901197, 1.467600, 73.797836, -2.891561
294, 76.187629, 1.894733, 93.395118, -3.084311
295, 81.694493, 2.707800, 107.048798, -0.962025
296, 87.771669, 3.525800, 114.895724, 2.024890
297, 94.192515, 4.147967, 122.436882, 2.729766
298, 100.989234, 4.871000, 123.682671, 2.347966
299, 108.097506, 5.403300, 123.377250, 1.372676
300, 115.777212, 5.709400, 123.201568, -0.168410
301, 123.665912, 5.864733, 127.564447, 0.218730
302, 131.857111, 6.107167, 147.142428, 0.640285
303, 139.943211, 6.396733, 163.097233, 0.742458
304, 147.528165, 6.512633, 171.337191, 0.071591
305, 154.632896, 6.676900, 168.817845, -1.761354
306, 160.707674, 6.839800, 168.654985, -2.217561
307, 166.020309, 6.703433, 168.180954, -2.499549
308, 171.009292, 6.324467, -176.876934, -2.662039
309, 175.940759, 5.904433, -172.109309, -3.088211
310, -179.323785, 5.514167, -171.767579, -3.469179
311, -174.463270, 5.041667, -172.561474, -3.822187
312, -169.419696, 4.589633, -159.134387, -5.043410
313, -163.982904, 4.145700, -149.804047, -6.733757
314, -158.366499, 3.691100, -150.028410, -6.835147
315, -152.934033, 3.047900, -149.770533, -7.168840
316, -147.592999, 2.089367, -148.617502, -8.143663
317, -144.130900, 1.274900, -134.019722, -21.744714
318, -144.130900, 1.274900, -134.019722, -21.744714
319, -132.229101, -1.150883, -114.771988, -20.743943
320, -127.453999, -1.932421, -108.966573, -16.310596
321, -122.868001, -2.529517, -111.655235, -13.902694
322, -118.323533, -3.071166, -111.582444, -13.430458
323, -113.820599, -3.685988, -110.915544, -14.630526
324, -109.421069, -4.215174, -99.577437, -13.201756
325, -104.754864, -4.571013, -85.528843, -11.747910
326, -100.292267, -4.811905, -86.365542, -11.542787
327, -95.813098, -4.841593, -88.951175, -12.085139
328, -91.534668, -4.777611, -78.434433, -10.308660
329, -87.096199, -4.404984, -62.638635, -6.910173
330, -82.714599, -3.990298, -60.783256, -6.726003
331, -78.756965, -3.591087, -61.476897, -6.955975
332, -75.258200, -3.245214, -62.609761, -7.374868
333, -72.049001, -2.928522, -60.347162, -6.468075
334, -69.002534, -2.530676, -47.254385, -2.452296
335, -66.073633, -2.140159, -44.205196, -1.894579
336, -63.416233, -1.828322, -45.743630, -1.832246
337, -61.098133, -1.530175, -46.568608, -2.431287
338, -58.945733, -1.219163, -39.490019, -2.120467
339, -56.999500, -0.981571, -34.363182, -1.639480
340, -55.183700, -0.826457, -36.322568, -2.116946
341, -53.424833, -0.691696, -36.881288, -2.574086
342, -51.657733, -0.500238, -37.208345, -3.326933
343, -49.948633, -0.186620, -30.150681, -1.702838
344, -48.134733, 0.473033, -22.421054, -0.245029
345, -46.484433, 0.970567, -21.545499, -0.048760
346, -45.263400, 1.275800, -22.852025, -0.778197
347, -44.618367, 1.447433, -24.492853, -1.341112
348, -44.292067, 1.516633, -24.938664, -1.321289
349, -44.112267, 1.455100, -25.458310, -1.899064
350, -43.957300, 1.410000, -25.868401, -2.639451
351, -43.963333, 1.367533, -26.358715, -2.926781
352, -43.972467, 1.257300, -26.629321, -2.897802
353, -44.158600, 1.119633, -26.960162, -2.803341
354, -44.507633, 1.069367, -27.160462, -2.562523
355, -45.053533, 1.034067, -27.161824, -2.378234
356, -45.597967, 0.994967, -27.410729, -3.379993
357, -46.300933, 0.918367, -30.970784, -3.781609
358, -46.974133, 0.906567, -44.990605, -6.334685
359, -47.883300, 0.900867, -51.437377, -6.771950
360, -48.943367, 0.924167, -51.161182, -6.563502
361, -50.177033, 0.873200, -51.617878, -7.076013
362, -51.903766, 0.689567, -52.280758, -7.055131
363, -54.185200, 0.439000, -53.274215, -7.945988
364, -55.918200, 0.177200, -57.526839, -14.873936
365, -55.918200, 0.177200, -57.526839, -14.873936
366, -63.359000, -1.664743, -74.025920, -21.433850
367, -64.815000, -2.154819, -74.104357, -14.665725
368, -66.165200, -2.969838, -73.468357, -11.331802
369, -67.304833, -4.015332, -73.172989, -14.138323
370, -67.927000, -4.871066, -68.546526, -23.302154
371, -67.927000, -4.871066, -68.546526, -23.302154
372, -69.387550, -8.889292, -75.631460, -29.685952
373, -69.732567, -10.002904, -76.746081, -23.615113
374, -70.130333, -10.956137, -76.850345, -22.905903
375, -70.484967, -11.697217, -76.672444, -23.258594
376, -70.833667, -12.125357, -76.449603, -22.464324
377, -71.191833, -12.343563, -76.335580, -22.296865
378, -71.509700, -12.555150, -76.231259, -21.951515
379, -71.734133, -12.743167, -76.306506, -22.101089
380, -71.973600, -13.026830, -75.867254, -22.166981
381, -72.129967, -13.259257, -75.671114, -22.441595
382, -72.090867, -13.200610, -75.663773, -22.065070
383, -72.178067, -12.725897, -75.330157, -21.974739
384, -72.320300, -11.741947, -75.278436, -21.539094
385, -72.484600, -10.471555, -76.327988, -18.922532
386, -72.827067, -8.968102, -80.084019, -10.340002
387, -73.070833, -7.539660, -80.828084, -5.795408
388, -73.270233, -6.088401, -81.160356, -5.972645
389, -73.500467, -4.614600, -80.964502, -5.541045
390, -73.591467, -3.165666, -80.770701, -4.330650
391, -73.748067, -1.597509, -80.454400, -5.587623
392, -73.906867, -0.198830, -80.624292, -3.967067
393, -73.951500, 1.266267, -81.009917, 1.145265
394, -74.001175, 2.756025, -81.479721, 2.420178
395, -74.078033, 4.102067, -80.517107, 2.324231
396, -74.110933, 4.971933, -80.914951, 1.894008
397, -74.116900, 5.667567, -81.006368, 1.566637
398, -74.222050, 6.143950, -80.819002, 1.813231
399, -74.503567, 6.466567, -87.228363, 4.061212
400, -75.249367, 6.652800, -92.232933, 5.344292
401, -76.368167, 6.855633, -91.683260, 4.588444
402, -77.808100, 6.855800, -91.900050, 4.637268
403, -79.644967, 6.895100, -92.415747, 4.321604
404, -81.497333, 7.039000, -92.750089, 4.422144
405, -83.208000, 7.063100, -92.895690, 4.437531
406, -84.527500, 7.003333, -92.132819, 4.167437
407, -85.336367, 6.984000, -91.936833, 3.714812
408, -85.671433, 6.928700, -89.993920, 1.589808
409, -85.688900, 6.809033, -86.832930, -1.679123
410, -85.585400, 6.540000, -86.865588, -2.470933
411, -85.441467, 6.144767, -86.695348, -2.946290
412, -85.309933, 5.682233, -86.632441, -2.845024
413, -85.197867, 5.039900, -86.311993, -2.745357
414, -85.172467, 4.279067, -86.441114, -3.045698
415, -85.190533, 3.357233, -86.232076, -3.520473
416, -85.185900, 2.161800, -86.071351, -4.243618
417, -85.149833, 0.766533, -85.226852, -4.232019
418, -84.899100, -0.483500, -75.192045, -1.335713
419, -84.425467, -1.566883, -72.559467, -0.519412
420, -83.693567, -2.374232, -71.768608, 0.447580
421, -82.746367, -2.960119, -70.709975, 1.476079
422, -81.590300, -3.337337, -70.472403, 1.974841
423, -80.321300, -3.479542, -70.116449, 1.646870
424, -79.015367, -3.522361, -70.144750, 1.026489
425, -77.676233, -3.260630, -70.361043, 0.808142
426, -76.279167, -2.808200, -70.259186, 1.438421
427, -74.977533, -2.147695, -70.325148, 1.832300
428, -73.746700, -1.263174, -70.317253, 1.874085
429, -72.528533, -0.452954, -71.197079, 0.678876
430, -71.448933, 0.307067, -71.303644, 0.261736
431, -70.441267, 1.027167, -64.096095, 4.833135
432, -69.435867, 1.701700, -57.272722, 8.871671
433, -68.453433, 2.341933, -57.564035, 8.312957
434, -67.529133, 2.891000, -58.017526, 8.018340
435, -66.654500, 3.377067, -58.825708, 6.863347
436, -65.854733, 3.788333, -58.830169, 7.287466
437, -65.063033, 4.119567, -58.659222, 7.614996
438, -64.321867, 4.336400, -58.791312, 7.423847
439, -63.607867, 4.629500, -58.786076, 7.537881
440, -62.796233, 4.978800, -58.835752, 7.568233
441, -62.004433, 5.312367, -58.947057, 7.388340
442, -61.232833, 5.706033, -59.145680, 6.956443
443, -60.600067, 6.125367, -58.974753, 7.010134
444, -60.129533, 6.603733, -59.422831, 7.067170
445, -59.929633, 7.035667, -59.312059, 7.147066
446, -60.134233, 7.362600, -59.857600, 6.941247
447, -60.737333, 7.637033, -60.884543, 6.417192
448, -61.795833, 7.839600, -66.609839, 0.245199
449, -63.355400, 7.784467, -76.003439, -13.321749
450, -65.306200, 7.372733, -81.691758, -18.510689
451, -67.648400, 6.723667, -82.178454, -18.877092
452, -70.280034, 5.960033, -82.079691, -17.738781
453, -73.080300, 5.057467, -82.948456, -18.864347
454, -76.142300, 3.864500, -83.340285, -19.055950
455, -79.244933, 2.363667, -85.200240, -19.060822
456, -82.437199, 0.818833, -97.112030, -24.280836
457, -85.768768, -0.612848, -101.422947, -24.436336
458, -88.858467, -2.175025, -100.631374, -24.737648
459, -91.951099, -3.751285, -100.940226, -24.918537
460, -95.183301, -5.138248, -101.009871, -24.415992
461, -97.860100, -6.211226, -105.031755, -24.284383
462, -101.919900, -6.924249, -113.387056, -23.791620
463, -105.293035, -6.696673, -120.878632, -2.309644
464, -108.093700, -6.000822, -123.102869, 1.016161
465, -110.733267, -5.127873, -123.329766, 0.885846
466, -113.118501, -4.272829, -122.968814, 1.182401
467, -115.089100, -3.271108, -122.661902, 0.963424
468, -117.024400, -2.243682, -122.399580, 0.679382
469, -118.880267, -1.229870, -122.459978, 1.489952
470, -120.736500, -0.333916, -122.349874, 0.744702
471, -122.683000, 0.398400, -123.744870, 1.472681
472, -124.443900, 1.016767, -127.491600, 3.722642
473, -125.893367, 1.494233, -127.350383, 3.467245
474, -126.945800, 1.832633, -126.761574, 3.514339
475, -127.533267, 2.089533, -126.268679, 4.091742
476, -127.830967, 2.292300, -126.150628, 4.078755
477, -127.967767, 2.440933, -125.949248, 4.358390
478, -127.924567, 2.538367, -125.869840, 4.242663
479, -127.784233, 2.611633, -125.588302, 4.217498
480, -127.668633, 2.784167, -125.314619, 4.305279
481, -127.597600, 3.068233, -125.152484, 4.373446
482, -127.719500, 3.402067, -126.373789, 3.779839
483, -128.082233, 3.839133, -136.484931, 3.607613
484, -128.683167, 4.373533, -141.574971, 3.367162
485, -129.764333, 4.870500, -141.541069, 3.083647
486, -131.452633, 5.314267, -142.324897, 3.392841
487, -133.915231, 5.778467, -143.479014, 3.481127
488, -137.115266, 6.170167, -144.711231, 3.530989
489, -140.821666, 6.426533, -145.544790, 3.378147
490, -145.084531, 6.474633, -146.472838, 3.009554
491, -149.689564, 6.385567, -158.193991, 2.058245
492, -154.703400, 6.357267, -174.173797, 2.142042
493, -159.866634, 6.337167, 174.073905, 1.748594
494, -164.931435, 6.267500, 167.150718, 1.657063
495, -169.755826, 6.206800, 165.861198, 0.966142
496, -173.989029, 6.191667, 166.724078, 1.230563
497, -177.602749, 6.160033, 167.674191, 0.445833
498, 179.588846, 6.120233, 168.871433, 0.713923
499, 177.444957, 6.134000, 164.508601, 0.502305
500, 175.892350, 6.161200, 155.114736, 0.340798
501, 174.905173, 6.207100, 157.054487, 0.013753
502, 174.139547, 6.202800, 157.740895, -0.112591
503, 173.379767, 6.067633, 158.296239, -0.622610
504, 172.497447, 5.781333, 158.295270, -1.066939
505, 171.487630, 5.299533, 158.360534, -1.185926
506, 170.269557, 4.647633, 158.538950, -1.393301
507, 168.866713, 3.852700, 158.729061, -1.573653
508, 167.251667, 2.925100, 158.588045, -2.257048
509, 165.380520, 1.844333, 156.262928, -2.373064
510, 163.388154, 0.809800, 143.818998, -3.295097
511, 161.286293, -0.031055, 141.167776, -4.563757
512, 159.053657, -0.775184, 141.446564, -4.013948
513, 156.685227, -1.528790, 142.468074, -4.645166
514, 154.220237, -2.278146, 142.580027, -5.172619
515, 151.659857, -2.906201, 142.850074, -4.844816
516, 148.931197, -3.284122, 142.385694, -4.727888
517, 146.038847, -3.439539, 142.346253, -4.801845
518, 142.849013, -3.490089, 130.431773, -3.641843
519, 139.553340, -3.533162, 116.194433, -3.042538
520, 136.129223, -3.469725, 109.627178, -2.786979
521, 132.696716, -3.318687, 110.207612, -3.699105
522, 129.531916, -3.071875, 111.133860, -3.595340
523, 126.550069, -2.688968, 111.156739, -3.835224
524, 123.790580, -2.191470, 112.165680, -4.370602
525, 121.289769, -1.620458, 112.684322, -4.489177
526, 119.210907, -1.008419, 112.839198, -3.990782
527, 117.492646, -0.386672, 106.070146, -2.856875
528, 116.081283, 0.103009, 100.300016, -1.996242
529, 114.885940, 0.538400, 101.166296, -2.313232
530, 113.836977, 0.861467, 102.121744, -2.527182
531, 113.024133, 1.103900, 102.755967, -2.982069
532, 112.332400, 1.316433, 103.190933, -3.376744
533, 111.711683, 1.517200, 103.502610, -3.742890
534, 111.218180, 1.760133, 103.622749, -3.364137
535, 110.819630, 2.052800, 103.701248, -3.061094
536, 110.548793, 2.295833, 103.870851, -2.853181
537, 110.416107, 2.713767, 102.531098, -2.191495
538, 110.506317, 3.183867, 100.533076, 0.492273
539, 110.811230, 3.736600, 100.947050, 0.994435
540, 111.355257, 4.395400, 101.568888, 1.430505
541, 112.087293, 5.109400, 102.052974, 1.948767
542, 113.010037, 5.902567, 101.947146, 2.175092
543, 114.174863, 6.829133, 102.015226, 4.171576
544, 115.560777, 7.944900, 101.344464, 10.826997
545, 117.109776, 9.067133, 102.251401, 12.951413
546, 118.962663, 10.266000, 104.011104, 12.525773
547, 121.144323, 11.333300, 104.164778, 13.302275
548, 123.732809, 12.267800, 104.367388, 13.647418
549, 126.852448, 12.986700, 106.788167, 12.632627
550, 130.496238, 13.423600, 120.720653, 16.144610
551, 133.217600, 13.600500, 132.285714, 13.237065
552, 133.217600, 13.600500, 132.285714, 13.237065
553, 145.059555, 13.586650, 156.831116, -5.311896
554, 149.436420, 13.395333, 173.630493, 14.993469
555, 154.808824, 13.077267, -174.566317, 9.336142
556, 160.301083, 12.571267, -167.807086, 4.084458
557, 165.783683, 11.808067, -167.946287, 4.590364
558, 171.285322, 10.791933, -168.745242, 4.396207
559, 176.883615, 9.565633, -170.039577, 2.413844
560, -177.581430, 8.150967, -168.630731, 1.229281
561, -172.007194, 6.549333, -150.030177, -7.487951
562, -166.521563, 4.827067, -140.151545, -16.182386
563, -161.407161, 3.127500, -140.415711, -16.160773
564, -156.780730, 1.597233, -142.710216, -16.084134
565, -152.773765, 0.231763, -144.938345, -16.407857
566, -149.275365, -1.068224, -146.102960, -15.464562
567, -146.271699, -2.166262, -146.777273, -15.249248
568, -143.610066, -3.200493, -147.121022, -14.962268
569, -141.285166, -4.164280, -140.018032, -16.490933
570, -139.226867, -4.951818, -130.676313, -18.468780
571, -137.315733, -5.649637, -131.765435, -18.341007
572, -135.676633, -6.389655, -132.275760, -18.361768
573, -134.280933, -7.162949, -132.643077, -18.461720
574, -133.000933, -7.994529, -132.494003, -19.575448
575, -131.717233, -8.702112, -132.851879, -18.275859
576, -130.187200, -9.123207, -132.900125, -17.619494
577, -128.306767, -9.290909, -121.834795, -16.699940
578, -126.019700, -9.166691, -109.595103, -14.211667
579, -123.528667, -8.840928, -109.458744, -14.349059
580, -121.000067, -8.480069, -110.491859, -13.903009
581, -118.416300, -8.086392, -110.896480, -14.625766
582, -115.835067, -7.667957, -100.897325, -12.884913
583, -113.184167, -7.128711, -94.256636, -10.199650
584, -110.498533, -6.521864, -95.401788, -11.056529
585, -107.915500, -5.914239, -95.790253, -11.140235
586, -105.286466, -5.142487, -97.038483, -11.945761
587, -102.757700, -4.447858, -97.098860, -12.646932
588, -100.436934, -3.791962, -98.018855, -12.621876
589, -98.038367, -2.955723, -98.045630, -12.411780
590, -95.770566, -2.174570, -88.324126, -8.308728
591, -93.608634, -1.279632, -79.361634, -3.286745
592, -91.431033, -0.247568, -79.414329, -2.826346
593, -89.437933, 0.625333, -80.308581, -2.986896
594, -87.529533, 1.448133, -80.491558, -3.834855
595, -85.718500, 2.141200, -80.999651, -4.578316
596, -83.989567, 2.689933, -81.039123, -4.925106
597, -82.327533, 3.096100, -81.225333, -5.145933
598, -80.752300, 3.434400, -71.075310, -2.805853
599, -79.179700, 3.757067, -61.592414, -0.744154
600, -78.164100, 3.939900, -61.430690, -0.821313
