1, -160.061799, 1.342800, -161.562776, -5.461417
2, -161.448300, 1.216700, -162.888747, -5.579018
3, -161.459600, 1.193600, -162.901085, -5.681415
4, -161.469033, 1.154200, -162.991306, -5.734640
5, -161.468833, 1.146133, -162.967709, -6.176003
6, -161.457867, 1.170467, -162.966386, -6.003551
7, -161.438367, 1.185733, -163.099546, -5.936032
8, -161.430600, 1.197733, -163.196129, -5.949441
9, -161.432400, 1.190067, -163.238184, -5.956612
10, -161.440100, 1.180133, -163.167646, -5.904126
11, -161.449800, 1.184000, -163.133429, -5.827809
12, -161.453833, 1.197367, -163.255149, -3.714990
13, -161.460267, 1.228333, -163.179265, -2.273604
14, -161.480833, 1.253500, -163.468768, -2.290629
15, -161.503367, 1.254700, -163.656505, -2.201980
16, -161.539967, 1.272233, -163.676423, -2.299629
17, -161.565567, 1.281367, -163.681077, -2.499034
18, -161.574733, 1.285967, -163.641779, -2.609262
19, -161.598733, 1.278500, -167.825177, -0.967502
20, -161.625233, 1.261100, -176.708535, 1.860974
21, -161.674467, 1.292100, -176.892919, 1.697196
22, -161.745433, 1.344900, -176.851544, 1.285148
23, -161.876200, 1.427900, -176.906909, 1.424768
24, -162.157267, 1.538567, -177.105541, 1.475948
25, -162.740400, 1.746967, -177.672159, 1.638853
26, -163.569533, 2.017700, -177.697511, 1.187442
27, -164.663300, 2.290567, -178.402495, 1.490983
28, -166.023167, 2.609333, -178.555139, 1.283906
29, -167.435400, 2.997267, 177.404605, 1.809088
30, -168.935267, 3.438000, 170.323025, 3.402887
31, -170.485583, 3.957167, 171.244611, 3.030976
32, -172.113630, 4.507467, 171.537501, 3.061385
33, -173.876393, 5.074267, 171.481699, 3.321942
34, -175.656333, 5.586400, 171.805074, 3.363954
35, -177.555297, 6.046033, 171.945263, 3.260658
36, -179.535167, 6.429933, 172.107547, 3.256519
37, 178.443517, 6.680900, 172.516991, 3.334878
38, 176.195833, 6.830300, 171.850822, 2.981343
39, 173.847187, 6.875900, 170.601248, 2.585598
40, 171.315017, 6.802100, 155.280992, 1.288213
41, 168.545333, 6.644933, 147.577117, 0.793823
42, 165.719963, 6.386400, 147.922454, 0.647921
43, 162.789973, 6.053067, 148.822941, -0.239398
44, 159.664067, 5.643567, 149.442722, -1.321697
45, 156.379470, 5.168467, 142.533468, -1.145122
46, 152.912290, 4.739500, 127.520143, -1.346547
47, 149.296147, 4.382200, 115.732405, -0.873642
48, 145.679896, 4.107367, 106.753848, -2.203181
49, 142.186296, 3.851833, 105.816315, -1.638383
50, 138.918513, 3.560633, 108.853546, -1.625394
51, 135.926782, 3.236467, 109.451266, -1.673761
52, 133.242216, 2.906000, 110.405853, -1.784492
53, 130.894030, 2.625767, 111.872251, -2.996640
54, 128.792310, 2.334833, 113.842338, -1.932702
55, 126.830436, 2.018033, 108.076293, -0.473581
56, 124.998937, 1.726267, 97.632543, 1.420874
57, 123.309673, 1.404900, 98.105268, 2.317428
58, 121.711767, 1.095467, 98.626411, 1.941885
59, 120.199820, 0.772300, 99.252610, 1.131293
60, 118.772300, 0.471300, 101.040980, 0.613328
61, 117.401750, 0.132700, 102.742131, 1.163044
62, 116.080947, -0.211489, 103.277319, 0.874565
63, 114.795930, -0.602500, 102.372912, 0.838657
64, 113.462023, -1.062600, 89.636730, 0.842613
65, 112.164367, -1.475981, 88.336127, 0.517627
66, 110.939703, -1.923803, 90.369955, 0.891916
67, 109.773867, -2.433726, 91.134466, -0.260820
68, 108.758697, -3.239235, 91.867310, -0.982419
69, 107.785027, -4.312017, 91.804465, -1.614247
70, 106.805923, -5.376404, 82.054656, -4.963618
71, 105.779293, -6.311627, 75.529786, -9.323420
72, 104.764407, -7.064389, 73.823668, -8.609728
73, 103.780677, -7.481384, 75.585964, -7.687976
74, 102.850880, -7.737263, 75.463567, -7.688767
75, 102.023047, -7.884597, 76.587405, -8.056431
76, 101.343977, -7.897115, 78.196424, -6.980953
77, 100.818713, -7.873958, 80.328260, -7.321672
78, 100.461423, -7.826396, 85.508319, -5.802311
79, 100.307447, -7.656797, 94.192168, -3.310929
80, 100.369373, -7.323735, 96.351120, 2.244437
81, 100.563977, -6.799600, 97.912730, 4.095366
82, 100.886213, -6.200656, 98.821388, 4.583839
83, 101.310110, -5.455986, 99.362608, 5.477943
84, 101.849363, -4.655544, 100.423524, 5.521591
85, 102.604473, -3.815467, 101.375853, 4.893800
86, 103.473923, -2.997366, 102.525979, 5.587859
87, 104.467730, -2.227130, 104.927158, 6.424000
88, 105.739873, -1.425331, 117.098551, 9.329714
89, 107.139643, -0.683664, 121.233954, 10.274643
90, 108.725650, 0.102644, 122.575651, 10.293288
91, 110.503127, 0.951967, 123.532901, 10.323288
92, 112.227830, 1.709967, 123.937473, 10.108011
93, 114.067823, 2.416400, 124.673849, 10.431323
94, 115.965757, 3.081033, 126.442354, 11.137293
95, 117.995683, 3.794367, 135.812921, 13.994966
96, 120.099080, 4.367900, 135.949481, 13.726526
97, 122.115136, 4.785700, 136.072154, 12.472884
98, 124.105970, 5.123200, 135.643007, 12.011683
99, 125.986237, 5.330967, 135.693613, 11.290496
100, 127.869003, 5.471933, 136.083477, 11.405323
101, 129.793367, 5.589967, 136.246725, 11.177028
102, 131.598047, 5.673733, 136.494040, 10.604411
103, 133.360527, 5.688033, 142.358349, 11.750858
104, 135.028077, 5.710300, 149.131916, 10.941920
105, 136.538533, 5.639933, 148.842223, 12.071729
106, 138.010647, 5.508967, 148.322982, 11.807922
107, 139.451454, 5.360067, 148.119041, 10.749099
108, 140.806283, 5.185300, 147.983941, 10.004591
109, 142.359690, 5.033767, 152.590106, 10.657829
110, 144.121540, 5.008067, 167.626060, 7.968917
111, 145.819330, 5.062067, 177.613047, 5.113385
112, 147.594220, 5.119967, -179.802137, 3.058847
113, 149.423890, 5.204400, -179.350647, 2.930798
114, 151.200803, 5.260200, 179.875354, 4.390758
115, 153.088073, 5.338800, -179.550135, 5.264126
116, 154.964693, 5.481400, 178.315334, 4.235246
117, 156.833623, 5.591200, 179.499371, 4.038145
118, 158.757107, 5.616500, 179.698187, 4.063695
119, 160.620887, 5.598467, 175.565927, 2.376242
120, 162.609830, 5.544000, 171.149963, -10.057848
121, 162.609830, 5.544000, 171.149963, -10.057848
122, 162.609830, 5.544000, 171.149963, -10.057848
123, 167.627897, 5.133867, 174.749609, -4.013630
124, 168.788797, 4.914467, 174.136730, 0.316007
125, 169.416560, 4.759800, 172.497552, -10.918579
126, 169.416560, 4.759800, 172.497552, -10.918579
127, 169.416560, 4.759800, 172.497552, -10.918579
128, 171.572760, 3.924300, 175.481325, -18.758785
129, 171.953347, 3.809300, 173.388025, -8.786640
130, 172.488170, 3.609967, 175.294647, -0.541887
131, 173.112953, 3.321267, 175.854886, 0.329068
132, 173.803740, 2.986767, 175.755261, -0.212686
133, 174.598327, 2.672100, 175.532762, -0.244028
134, 175.484250, 2.383200, 175.216832, -0.613267
135, 176.401350, 2.088567, 176.159754, -0.847912
136, 177.387067, 1.786367, 176.210670, -1.554185
137, 178.428923, 1.503333, 176.972118, -1.693772
138, 179.536647, 1.250167, 177.383497, -1.655050
139, -179.285457, 0.989867, -176.620367, -0.848798
140, -178.006210, 0.739867, -157.624559, 0.207563
141, -176.594357, 0.505133, -150.890645, 0.885964
142, -175.050420, 0.319533, -151.477407, 0.106005
143, -173.373220, 0.159367, -152.970153, 0.208341
144, -171.604057, 0.019398, -152.258413, -0.191773
145, -169.691934, -0.107015, -152.517113, -1.179468
146, -167.632367, -0.226850, -153.577626, -0.127029
147, -165.516167, -0.358515, -154.236553, -0.540318
148, -163.244234, -0.491617, -154.176317, -0.902450
149, -160.887234, -0.598478, -141.775312, 1.201227
150, -158.475867, -0.610756, -134.316638, 1.703174
151, -156.024233, -0.576574, -135.650285, 1.114328
152, -153.565600, -0.525859, -136.918411, 1.565640
153, -151.126100, -0.433516, -138.019508, 0.376052
154, -148.657833, -0.277877, -138.869265, 0.181941
155, -146.156534, -0.076101, -137.051178, -1.071348
156, -143.656567, 0.158533, -125.879495, -0.144484
157, -141.194600, 0.441100, -122.281754, 3.315347
158, -138.810800, 0.784633, -111.758659, 3.956494
159, -136.491667, 1.152567, -111.673408, 4.438830
160, -134.230433, 1.523967, -113.509500, 4.679642
161, -132.068333, 1.912867, -114.431158, 4.284571
162, -129.961100, 2.357900, -114.860292, 3.897614
163, -127.854000, 2.828967, -101.503523, 3.955652
164, -125.711067, 3.256433, -98.218617, 3.131954
165, -123.682767, 3.676267, -98.227470, 3.678982
166, -121.718133, 4.052367, -98.743425, 4.902951
167, -119.855400, 4.379533, -101.369022, 2.078128
168, -118.133567, 4.690900, -102.752325, 1.453650
169, -116.420900, 5.026433, -104.463619, 1.720482
170, -114.746833, 5.434367, -99.560780, 3.369225
171, -113.118733, 5.868700, -84.453690, 5.812171
172, -111.511133, 6.298067, -80.702678, 5.508023
173, -110.062867, 6.758867, -82.897599, 5.402040
174, -108.799233, 7.229933, -83.977865, 6.201473
175, -107.735000, 7.648700, -82.987954, 6.361489
176, -106.888467, 7.995000, -83.455310, 6.958242
177, -106.263867, 8.190800, -84.736432, 6.240683
178, -105.880200, 8.298100, -85.495622, 4.720779
179, -105.601000, 8.383800, -87.298330, 3.660673
180, -105.459167, 8.412233, -88.256594, 3.142881
181, -105.501333, 8.382233, -88.964279, 3.250249
182, -105.641333, 8.286233, -89.807375, 4.386785
183, -105.872467, 8.123000, -90.278163, 4.464342
184, -106.190267, 7.911633, -91.193464, 4.350807
185, -106.542300, 7.671667, -92.063981, 3.795120
186, -106.872233, 7.404267, -92.315554, 4.199987
187, -107.157267, 7.120033, -92.904301, 4.659655
188, -107.442533, 6.812000, -93.473039, 5.129169
189, -107.735633, 6.451133, -94.708743, 4.498003
190, -108.036033, 6.132433, -95.610213, 4.178907
191, -108.324667, 5.846600, -95.770916, 4.144548
192, -108.620367, 5.566233, -96.335226, 3.808335
193, -108.947967, 5.328367, -96.821514, 3.615457
194, -109.260300, 5.186967, -97.348566, 3.093517
195, -109.546967, 5.101800, -96.317465, 4.244337
196, -109.934967, 5.032133, -89.992891, 7.314256
197, -110.381600, 5.053367, -89.527757, 7.730468
198, -110.887133, 5.073500, -90.369631, 7.217663
199, -111.477600, 5.091033, -91.146907, 7.196285
200, -112.122633, 5.109767, -92.049587, 7.247313
201, -112.838833, 5.100933, -92.321878, 7.435392
202, -113.872567, 5.134667, -92.656464, 7.332710
203, -115.148500, 5.276967, -93.351955, 7.645838
204, -116.536667, 5.430667, -94.513705, 7.711090
205, -118.013233, 5.604167, -95.108859, 7.192441
206, -119.367000, 5.754900, -95.180268, 6.180293
207, -120.703367, 5.879733, -97.107591, 6.952173
208, -122.063367, 5.952033, -114.597956, 5.794395
209, -123.481933, 5.956000, -126.906041, 2.627485
210, -125.117667, 5.995800, -135.230786, 5.068696
211, -126.871867, 6.141567, -137.915986, 5.509223
212, -128.622833, 6.331200, -138.382932, 4.863490
213, -130.482700, 6.520800, -139.088639, 4.417587
214, -132.247700, 6.742033, -139.013768, 3.900036
215, -134.024433, 6.911833, -139.567370, 4.157102
216, -135.844167, 7.051200, -139.665335, 3.794318
217, -137.615467, 7.141267, -140.959682, 4.151456
218, -139.369634, 7.186200, -148.208300, 9.519428
219, -140.984033, 7.225033, -150.663630, 11.642577
220, -142.511467, 7.307567, -150.434674, 10.719195
221, -143.921967, 7.497333, -150.881019, 10.563313
222, -145.019400, 7.737200, -150.787275, 10.475549
223, -146.108500, 7.925833, -150.573241, 10.014129
224, -147.248767, 8.106533, -151.691090, 10.486869
225, -148.419067, 8.297100, -152.443163, 10.690142
226, -149.792167, 8.448967, -152.695397, 10.689154
227, -151.232100, 8.583400, -154.842691, 11.077590
228, -152.856466, 8.779100, -167.703819, 13.433230
229, -154.711867, 9.014900, 179.335715, 15.424176
230, -156.608933, 9.276933, 179.907960, 14.512223
231, -158.665400, 9.621967, -179.895913, 13.822476
232, -160.821934, 9.935500, 179.505569, 13.669838
233, -162.867800, 10.271033, 179.642422, 13.506864
234, -164.930600, 10.614367, -179.663035, 13.183800
235, -166.944900, 10.849367, 179.990537, 12.876580
236, -168.851300, 10.951400, -179.701816, 12.011898
237, -170.653724, 11.066800, -179.762822, 11.380092
238, -172.282507, 11.170133, -179.526769, 11.012596
239, -173.779057, 11.177533, -178.886472, 10.377832
240, -175.130827, 11.130633, -179.189979, 10.172402
241, -176.376917, 11.068900, 168.495513, 13.706010
242, -177.543670, 10.958667, 159.347512, 14.386366
243, -178.573427, 10.831233, 153.254571, 14.235357
244, -179.583167, 10.740067, 152.764013, 14.416357
245, 179.451697, 10.657967, 153.460141, 14.447018
246, 178.602850, 10.565400, 153.682855, 13.959148
247, 177.796140, 10.505467, 153.975895, 13.688668
248, 177.037493, 10.463867, 154.701307, 13.174996
249, 176.350170, 10.466333, 155.458882, 12.643001
250, 175.680057, 10.676733, 156.089333, 13.319392
251, 174.966450, 10.918167, 156.549547, 12.327704
252, 174.230270, 11.292767, 156.068376, 12.976256
253, 173.414657, 11.497167, 156.293759, 13.061459
254, 172.473773, 11.309300, 157.331848, 14.376426
255, 171.462177, 11.193367, 160.517509, 19.202747
256, 170.448463, 11.101533, 160.964233, 19.960722
257, 169.447123, 10.955600, 160.978179, 19.088253
258, 168.419737, 10.855733, 160.655632, 19.026244
259, 167.396843, 10.836533, 160.116885, 19.385280
260, 166.413213, 10.875067, 159.803607, 19.752127
261, 165.440267, 11.009967, 160.347039, 19.635404
262, 164.525287, 11.215700, 160.857561, 19.820643
263, 163.663523, 11.520233, 158.328858, 24.515864
264, 162.814510, 11.960467, 158.133058, 32.936650
265, 162.017717, 12.473233, 155.521872, 42.799295
266, 161.428253, 13.116333, 158.891357, 36.341058
267, 160.988093, 13.891000, 159.319167, 37.927635
268, 160.585413, 14.680000, 161.360197, 33.607777
269, 160.167637, 15.527467, 160.550307, 34.411520
270, 159.698497, 16.449433, 160.802410, 33.482590
271, 159.136000, 17.400800, 160.360496, 35.469325
272, 158.419053, 18.335200, 160.380090, 35.513289
273, 157.559530, 19.231267, 160.327779, 34.025119
274, 156.553857, 20.107733, 160.460435, 34.293191
275, 155.395467, 20.906767, 158.038575, 34.128383
276, 154.078203, 21.642767, 157.584892, 33.855902
277, 152.702183, 22.327933, 163.170074, 33.798068
278, 151.388770, 22.986167, 164.273904, 33.425844
279, 150.075090, 23.694367, 164.624602, 34.021121
280, 148.837337, 24.448700, 165.729025, 34.518051
281, 147.630080, 25.186733, 166.377992, 35.226878
282, 146.462403, 25.920433, 167.474359, 34.292543
283, 145.388723, 26.650733, 168.143168, 34.087890
284, 144.379827, 27.344733, 168.284083, 33.949372
285, 143.428183, 27.960733, 168.072138, 34.104788
286, 142.588107, 28.528767, 168.673175, 33.537492
287, 141.815090, 29.066967, 168.450578, 33.045165
288, 141.093587, 29.596733, 170.380920, 33.520280
289, 140.298650, 30.118267, 167.685358, 32.625789
290, 139.450157, 30.594233, 150.789327, 36.316044
291, 138.573043, 31.067833, 137.707430, 36.405691
292, 137.632190, 31.478900, 129.337704, 37.148561
293, 136.634223, 31.859333, 124.432758, 38.690653
294, 135.631153, 32.288400, 124.602125, 38.617670
295, 134.817853, 32.908867, 124.499066, 38.901391
296, 134.099690, 33.610400, 124.478691, 39.609971
297, 133.289803, 34.186900, 120.465050, 40.665526
298, 132.473550, 34.752600, 114.767033, 43.732180
299, 131.557320, 35.262233, 115.649838, 43.761347
300, 130.559260, 35.761000, 116.348513, 43.063177
301, 129.549823, 36.179333, 116.931769, 42.790557
302, 128.689660, 36.592433, 117.220104, 42.875527
303, 128.054293, 37.087567, 117.007360, 43.826537
304, 127.719833, 37.615967, 117.748526, 43.526437
305, 127.547633, 38.145000, 119.584936, 46.385562
306, 127.540207, 38.638400, 120.689846, 47.318806
307, 127.655283, 39.140033, 120.422708, 47.915606
308, 127.786680, 39.586400, 120.941127, 47.865475
309, 128.002863, 39.957167, 122.333562, 47.555625
310, 128.205953, 40.268967, 122.793272, 47.205163
311, 128.380407, 40.483733, 122.601133, 47.436151
312, 128.550487, 40.641633, 122.538931, 47.069620
313, 128.690493, 40.815967, 122.586976, 46.967590
314, 128.859677, 40.940967, 122.492788, 47.120131
315, 129.107347, 41.006067, 122.776515, 47.147354
316, 129.493283, 41.049400, 124.776643, 47.242331
317, 130.144113, 41.062933, 133.023727, 49.084006
318, 130.945660, 41.097933, 135.581867, 49.016232
319, 131.823000, 41.182833, 135.319204, 48.921675
320, 132.763280, 41.268700, 134.884935, 48.604509
321, 133.803133, 41.412967, 134.820683, 48.374423
322, 135.273413, 41.549300, 135.527919, 48.499934
323, 137.495633, 41.515733, 146.184862, 47.699976
324, 140.504081, 41.382667, 164.974202, 41.348200
325, 144.057680, 41.120400, 171.485623, 36.446918
326, 147.616567, 40.803700, 172.456508, 36.456812
327, 150.897493, 40.564100, 172.778831, 37.399224
328, 153.985940, 40.282033, 171.643026, 37.394918
329, 156.912004, 40.131667, 169.332061, 36.979279
330, 159.649757, 40.024067, 168.562108, 37.496504
331, 162.355657, 39.989467, 166.576612, 36.770689
332, 164.954950, 39.945333, 167.344988, 36.308584
333, 167.754246, 39.738667, 170.614227, 34.452328
334, 170.950424, 39.516133, 177.277034, 34.362065
335, 174.378927, 39.306567, 177.992921, 34.170930
336, 177.850339, 38.999667, 177.792046, 34.100539
337, -178.643969, 38.705167, 178.508633, 34.889454
338, -175.293146, 38.424867, -179.060603, 34.677672
339, -172.175306, 38.113433, -165.116976, 33.946436
340, -169.216693, 37.823267, -155.521594, 29.464982
341, -166.402600, 37.551633, -146.321038, 26.506675
342, -163.705267, 37.329900, -139.201365, 22.109077
343, -161.223833, 37.074633, -131.358535, 17.065592
344, -158.880800, 36.743867, -126.038927, 13.207226
345, -156.641867, 36.433167, -126.836934, 13.406912
346, -154.417400, 36.125833, -122.609751, 14.767925
347, -152.238833, 35.714467, -123.010675, 15.060644
348, -150.034900, 35.206700, -122.398120, 15.320624
349, -147.850666, 34.610000, -123.404449, 16.079251
350, -145.708567, 33.915100, -126.331996, 13.678857
351, -143.549633, 33.142333, -124.426548, 15.269160
352, -141.367333, 32.321033, -124.411323, 16.095735
353, -139.157500, 31.450100, -127.354367, 14.768244
354, -136.895433, 30.466867, -127.361546, 14.760266
355, -134.682833, 29.425033, -126.831467, 14.471473
356, -132.490433, 28.387200, -112.996140, 13.280856
357, -130.286433, 27.367233, -105.687638, 7.544969
358, -128.085533, 26.396533, -102.967788, 6.070405
359, -125.904900, 25.461067, -101.762945, 6.823707
360, -123.745500, 24.529233, -101.421310, 7.249857
361, -121.575400, 23.616133, -102.075259, 7.963298
362, -119.426166, 22.704867, -102.432017, 7.482946
363, -117.323133, 21.788633, -95.118342, 7.943590
364, -115.299233, 20.916300, -91.394199, 9.535881
365, -113.345100, 20.027800, -91.905144, 10.015867
366, -111.491133, 19.155533, -93.089703, 9.732728
367, -109.789667, 18.275833, -93.429633, 9.844635
368, -108.223167, 17.393033, -93.347843, 9.177067
369, -106.772733, 16.474700, -94.870091, 7.925683
370, -105.448667, 15.561333, -95.315642, 7.607542
371, -104.198533, 14.645733, -94.971294, 7.948764
372, -103.060867, 13.714733, -94.132992, 8.446070
373, -102.045000, 12.748667, -94.235561, 8.976222
374, -101.097700, 11.747233, -94.610154, 8.311018
375, -100.216767, 10.788267, -85.929489, 3.960435
376, -99.433300, 9.906533, -83.725943, 0.830655
377, -98.687500, 9.040200, -83.435241, 0.293786
378, -98.048367, 8.236233, -83.807522, -0.421651
379, -97.558967, 7.536633, -85.131988, -0.660682
380, -97.237300, 6.922167, -84.153397, 1.133481
381, -97.187667, 6.344067, -83.768646, 0.404361
382, -97.476933, 5.819400, -83.197263, 0.052428
383, -98.233800, 5.351700, -85.983331, -0.039875
384, -99.585066, 4.884733, -99.932157, 2.082496
385, -101.637099, 4.393133, -112.566021, 4.198060
386, -104.054166, 4.099800, -123.410637, 5.894458
387, -106.555400, 3.979433, -133.846338, 4.514513
388, -108.999900, 3.923167, -143.797539, 3.235672
389, -111.214900, 3.905767, -145.628516, 2.180242
390, -113.262433, 3.878000, -142.727771, 1.938891
391, -115.382867, 3.722700, -142.099740, 2.012376
392, -117.575933, 3.360167, -142.064492, 1.101324
393, -119.977167, 3.067600, -141.405091, 2.054251
394, -122.316033, 3.419733, -144.168628, 1.073474
395, -124.525900, 3.947633, -148.789447, -1.238546
396, -126.664767, 4.277167, -148.516285, -0.958747
397, -128.617200, 4.619300, -147.774865, -0.947508
398, -130.400300, 5.059100, -146.590029, -0.718191
399, -132.096867, 5.377267, -145.241715, -1.592369
400, -133.660666, 5.474000, -150.403989, -1.511624
401, -135.361567, 5.384300, -163.337620, 0.486055
402, -137.136300, 5.215333, -169.169090, 1.050557
403, -138.923567, 5.228067, -169.948384, 0.466421
404, -140.855500, 5.581067, -168.917921, 1.196216
405, -142.956767, 6.146133, -169.111426, 1.908439
406, -145.064933, 6.761400, -168.415523, 0.718339
407, -147.110133, 7.325867, -168.088134, 1.119644
408, -149.109900, 7.870200, -167.523735, 0.654456
409, -150.896133, 8.413033, -166.945732, 0.841922
410, -152.587567, 8.819400, -165.366338, 0.091848
411, -154.264200, 9.102533, -164.718065, 0.455518
412, -155.962933, 9.254200, -164.651431, 0.135966
413, -157.710333, 9.232000, -165.211470, 0.963829
414, -159.576633, 9.026800, -175.533798, 1.172563
415, -161.842866, 8.810833, 172.457132, 2.673750
416, -164.325300, 8.643133, 169.890752, 2.514167
417, -167.067133, 8.499400, 170.193793, 1.379470
418, -170.047992, 8.366967, 161.735478, 1.088640
419, -173.354296, 8.275667, 158.561446, 0.489268
420, -176.832304, 8.116800, 160.275229, 0.919409
421, 179.807766, 7.882400, 160.275786, 0.808541
422, 176.620716, 7.624200, 161.159162, 0.452281
423, 173.773332, 7.368167, 162.093303, 1.006399
424, 171.274213, 7.168867, 161.351916, -0.273320
425, 168.997539, 6.974633, 159.214595, 1.876014
426, 167.001480, 6.830267, 158.300794, 3.565557
427, 165.109213, 6.736233, 158.452971, 3.216429
428, 163.289627, 6.664467, 157.058145, 3.140213
429, 161.422447, 6.610233, 156.785089, 3.555904
430, 159.499677, 6.473067, 155.547362, 3.560675
431, 157.447407, 6.362667, 144.324978, 0.898109
432, 155.186403, 6.420433, 137.119933, -0.635752
433, 152.868607, 6.471067, 136.436375, -1.613550
434, 150.473820, 6.373067, 135.689965, -1.877071
435, 148.070727, 6.177767, 136.625299, -2.419729
436, 145.702807, 5.889133, 135.921508, -2.266348
437, 143.352960, 5.568800, 135.823430, -1.749881
438, 140.939577, 5.143233, 134.348188, -1.769739
439, 138.506286, 4.753800, 128.283778, -2.602974
440, 136.133420, 4.568200, 118.672964, -3.057943
441, 133.721703, 4.287400, 116.470050, -2.454913
442, 131.394466, 3.879533, 110.239743, -2.929502
443, 129.174383, 3.210033, 102.824812, -4.972590
444, 127.098633, 2.399600, 100.051995, -7.472591
445, 125.123106, 1.682933, 99.144562, -7.087657
446, 123.301837, 0.882233, 98.682663, -7.113449
447, 121.603746, -0.071397, 98.238917, -7.526750
448, 120.093710, -0.856069, 98.951908, -7.487861
449, 118.862547, -1.555818, 98.330786, -7.018229
450, 117.790657, -2.109050, 97.817546, -7.357893
451, 116.752657, -2.695860, 97.880138, -6.658589
452, 115.651573, -3.233576, 90.048582, -5.156333
453, 114.410217, -3.639109, 82.697368, 0.682367
454, 113.001347, -3.923028, 82.375886, 0.551564
455, 111.483383, -4.179899, 81.880932, 1.859530
456, 109.883627, -4.429932, 81.958701, 0.877369
457, 108.252543, -4.609495, 81.678625, 0.851806
458, 106.623837, -4.821317, 82.404126, 0.310836
459, 105.074667, -5.024222, 82.346906, 0.400967
460, 103.631453, -5.162924, 82.312814, 0.782514
461, 102.262523, -5.314231, 82.821983, -0.693555
462, 101.006807, -5.432652, 82.478627, -1.164441
463, 99.899918, -5.437951, 84.273591, -0.869603
464, 98.938725, -5.394319, 95.982413, -1.590950
465, 98.106478, -5.362918, 104.550091, -1.802587
466, 97.446650, -5.285479, 104.631897, -1.990712
467, 96.854641, -5.082704, 104.297941, -1.758768
468, 96.304592, -4.851752, 104.106609, -1.431535
469, 95.807253, -4.544154, 103.979752, -1.357659
470, 95.346278, -4.182722, 103.744178, -1.781122
471, 94.991104, -3.836511, 103.429665, -1.225095
472, 94.828225, -3.528673, 102.997817, -1.464975
473, 94.860314, -3.241243, 102.147179, -2.232165
474, 95.100664, -2.985191, 105.616272, -3.537661
475, 95.536599, -2.778977, 103.361220, -16.454731
476, 95.536599, -2.778977, 103.361220, -16.454731
477, 95.536599, -2.778977, 103.361220, -16.454731
478, 98.304115, -2.057392, 99.508251, -5.909732
479, 99.419240, -1.912228, 113.104851, 3.069244
480, 100.954323, -1.760774, 121.777420, 6.723168
481, 102.780859, -1.621067, 122.890060, 5.652963
482, 105.055050, -1.432090, 123.079383, 6.338456
483, 107.483866, -1.209072, 123.060148, 6.063332
484, 110.250273, -0.947917, 122.140571, 4.576565
485, 113.221217, -0.634611, 124.088422, 4.687024
486, 116.106803, -0.470091, 137.618409, 3.630466
487, 118.743771, -0.445323, 144.823633, 1.653707
488, 120.701634, -0.590810, 144.078004, 2.176878
489, 122.185523, -0.795328, 142.174289, 0.603780
490, 123.655120, -0.913801, 140.466765, 1.347641
491, 125.118037, -1.062043, 139.806815, 1.490459
492, 126.312460, -1.274153, 141.284896, -11.683149
493, 126.312460, -1.274153, 141.284896, -11.683149
494, 126.312460, -1.274153, 141.284896, -11.683149
495, 126.312460, -1.274153, 141.284896, -11.683149
496, 126.312460, -1.274153, 141.284896, -11.683149
497, 135.219275, -2.672019, 150.308757, -13.069859
498, 136.625707, -2.969527, 157.174107, -1.614852
499, 138.395017, -3.266406, 159.557946, 0.715632
500, 140.135307, -3.443264, 158.879309, 1.478468
501, 141.840293, -3.586878, 159.483796, -0.016845
502, 143.739807, -3.825082, 158.688889, 0.445161
503, 145.764687, -4.209816, 160.875080, 0.182301
504, 147.828466, -4.642272, 173.981098, 1.686651
505, 150.107480, -5.009403, 177.694408, 1.293439
506, 152.514283, -5.223216, 177.395413, 1.475190
507, 155.031466, -5.288748, 177.512377, 1.937720
508, 157.535237, -5.227537, 176.381743, 2.718767
509, 159.873037, -5.030772, 176.439617, 1.408634
510, 162.205030, -4.828755, 174.854729, 0.631876
511, 164.464133, -4.713635, 175.944500, -6.999717
512, 164.464133, -4.713635, 175.944500, -6.999717
513, 169.534020, -4.697406, 175.274167, -11.447516
514, 170.855860, -4.691341, -168.237349, -5.442961
515, 172.795367, -4.617575, -168.617306, 2.968006
516, 174.668577, -4.525683, -167.299787, 4.221715
517, 176.474280, -4.426006, -167.933761, 4.731051
518, 178.309410, -4.256489, -169.100663, 3.960747
519, -179.781957, -3.930677, -169.250371, 3.828754
520, -177.611687, -3.511012, -169.196909, 3.570319
521, -175.291027, -3.025084, -169.242772, 2.860976
522, -172.931030, -2.586970, -164.781692, 3.400503
523, -170.433233, -2.187303, -150.110018, 3.563792
524, -167.971867, -1.826668, -149.506252, 3.858586
525, -165.674100, -1.521980, -149.928716, 2.206854
526, -163.510367, -1.277368, -150.340191, 1.636030
527, -161.561800, -1.031358, -151.254472, 1.591623
528, -159.738733, -0.800204, -151.295839, 2.132502
529, -157.891100, -0.605060, -151.527772, 1.811003
530, -156.056600, -0.480444, -151.326531, 1.567624
531, -154.258033, -0.388573, -151.162258, 0.865815
532, -152.467667, -0.318382, -147.591194, 0.568415
533, -150.599333, -0.267408, -134.697169, 0.779560
534, -148.644866, -0.185418, -132.656586, 0.858942
535, -146.810567, -0.089307, -133.078290, 1.675608
536, -144.930800, -0.019316, -133.146392, 1.532133
537, -143.093467, 0.061400, -133.949126, -0.046300
538, -141.311600, 0.124033, -134.602719, -0.715251
539, -139.439300, 0.172133, -133.843298, -1.062522
540, -137.660000, 0.226967, -133.704502, -0.605701
541, -135.806733, 0.289500, -133.489088, -0.895433
542, -133.982333, 0.342500, -133.038110, -1.048869
543, -132.255833, 0.401267, -130.172977, -12.157494
544, -130.634833, 0.491733, -131.083627, -8.772964
545, -129.288933, 0.635400, -131.294648, 0.836147
546, -128.347933, 0.774867, -134.381008, 2.058652
547, -127.803967, 0.976667, -134.598188, 2.526721
548, -127.694600, 1.262100, -134.644931, 2.955997
549, -128.016500, 1.597567, -135.177160, 3.402783
550, -128.661700, 1.991467, -135.866003, 3.598191
551, -129.549400, 2.499733, -136.097989, 3.419374
552, -130.756500, 3.038400, -136.201961, 3.577943
553, -132.164367, 3.677533, -136.174759, 3.332556
554, -133.739300, 4.404233, -136.050692, 2.305613
555, -135.577366, 5.192400, -136.464868, 2.879225
556, -137.592433, 6.072533, -142.134270, 5.815615
557, -139.722200, 7.061233, -151.133827, 11.896871
558, -141.964667, 8.084567, -155.145281, 13.276468
559, -144.114467, 9.135500, -154.427434, 12.825869
560, -146.177367, 10.261800, -154.658987, 12.987092
561, -148.193433, 11.435033, -153.749361, 12.636597
562, -150.337666, 12.739733, -153.462874, 12.971726
563, -152.543534, 14.268733, -154.359186, 13.772125
564, -154.659966, 16.150500, -156.878648, 13.239511
565, -156.977133, 17.792767, -170.178163, 8.469703
566, -159.497600, 18.942667, -178.062739, 5.291660
567, -162.091933, 19.687667, -177.545370, 3.839705
568, -164.803167, 20.113533, -177.340956, 2.887424
569, -167.618767, 20.192533, -177.043484, 2.371215
570, -170.615946, 19.957300, 176.948871, 1.970975
571, -173.816603, 19.475267, 166.231124, 0.345278
572, -177.083007, 18.913067, 166.482293, -0.906774
573, 179.536114, 18.218100, 167.705924, -1.588028
574, 176.114310, 17.478800, 168.168927, -0.697836
575, 172.643160, 16.756567, 167.166693, -0.152754
576, 169.045332, 16.027533, 166.137732, -0.168285
577, 165.375090, 15.314500, 162.304560, -0.514990
578, 161.568417, 14.632167, 150.262264, 0.530899
579, 157.697127, 13.970067, 138.640643, 0.966000
580, 153.933237, 13.342233, 136.025868, -0.095695
581, 150.342174, 12.792267, 137.597271, -0.571575
582, 146.895213, 12.293833, 138.155321, 0.636247
583, 143.628993, 11.831500, 137.868508, 1.462775
584, 140.531636, 11.364267, 136.408436, 1.991399
585, 137.566167, 10.903000, 128.945227, 1.002858
586, 134.760136, 10.506667, 124.267023, 1.676620
587, 132.111620, 10.126267, 124.799450, 1.766829
588, 129.673753, 9.731167, 124.266327, 1.831715
589, 127.472790, 9.335767, 123.954821, 2.004770
590, 125.416723, 8.895133, 123.429321, 2.533581
591, 123.517803, 8.463800, 120.764683, 2.415704
592, 121.785963, 8.075100, 108.769710, 4.092585
593, 120.143193, 7.684733, 100.275443, 5.991229
594, 118.620543, 7.263367, 98.734700, 5.511074
595, 117.172820, 6.847733, 98.813217, 5.136059
596, 115.746223, 6.468967, 98.236232, 5.033949
597, 114.322927, 6.135000, 95.733658, 1.618735
598, 112.797557, 5.862600, 92.748015, 3.835499
599, 111.227097, 5.612433, 90.080579, 3.225194
600, 110.209870, 5.404700, 89.294944, 3.661895
