1, -7.438032, 10.953862, 18.097204, 11.360948
2, -7.438032, 10.953862, 18.097204, 11.360948
3, 6.449900, 11.555300, 31.468156, 11.250237
4, 6.692250, 11.530500, 31.705867, 11.075279
5, 7.143533, 11.469000, 33.563226, 12.465344
6, 7.415167, 11.449600, 34.725782, 13.576303
7, 7.650733, 11.414600, 31.998374, 11.742646
8, 7.839267, 11.360400, 31.501756, 11.561756
9, 7.975200, 11.333367, 32.910687, 11.353528
10, 8.119833, 11.297267, 33.444901, 11.219310
11, 8.222900, 11.280275, 32.718739, 11.377632
12, 8.253633, 11.247433, 28.599450, 8.009970
13, 8.218850, 11.221400, 21.498359, -1.668705
14, 8.144200, 11.210567, 18.778029, -3.974156
15, 8.008325, 11.227500, 18.484786, -3.960815
16, 7.858733, 11.279300, 18.595436, -3.383111
17, 7.744800, 11.308667, 18.431010, -3.486803
18, 7.626100, 11.305133, 18.507910, -3.584499
19, 7.481467, 11.313800, 18.418446, -3.611270
20, 7.339433, 11.318933, 18.357904, -3.562061
21, 7.211267, 11.318100, 18.030890, -3.141008
22, 7.133700, 11.345000, 17.989763, -3.235428
23, 7.108800, 11.393400, 17.791027, -3.451030
24, 7.120200, 11.419750, 17.761741, -3.627406
25, 7.162600, 11.455367, 14.426203, -3.401119
26, 7.189267, 11.509233, 10.657682, -2.781131
27, 7.195900, 11.585533, 10.577757, -1.492572
28, 7.165400, 11.664933, 10.410789, -1.462302
29, 7.115100, 11.718467, 10.246176, -1.584962
30, 7.023767, 11.752833, 10.058075, -1.854112
31, 6.934500, 11.786167, 9.840569, -1.431528
32, 6.825200, 11.796833, 9.641349, -1.315701
33, 6.720867, 11.796067, 9.441651, -1.251397
34, 6.612533, 11.779033, 9.480150, -1.450330
35, 6.497933, 11.753533, 9.244563, -1.507352
36, 6.368800, 11.741333, 8.940746, -1.547884
37, 6.211067, 11.740667, 7.880866, -2.008499
38, 6.033033, 11.735667, 5.947487, -3.060232
39, 5.829900, 11.730267, 5.423779, -4.087026
40, 5.613467, 11.710433, 5.092709, -4.059688
41, 5.386400, 11.690267, 4.802941, -3.813356
42, 5.147267, 11.681833, 4.465673, -3.714510
43, 4.885233, 11.658000, 4.079960, -3.641525
44, 4.608333, 11.638233, 3.728021, -3.953488
45, 4.327733, 11.636400, 3.449775, -3.964858
46, 4.038733, 11.635467, 3.209400, -3.433148
47, 3.746267, 11.642867, 2.931453, -3.213162
48, 3.451333, 11.675067, 2.534512, -3.382730
49, 3.149367, 11.699633, -0.160217, -4.607351
50, 2.822533, 11.707333, -2.098355, -5.289543
51, 2.503067, 11.710567, -1.515171, -3.949605
52, 2.184467, 11.722800, -2.591785, -3.803149
53, 1.865633, 11.718067, -3.072588, -3.575449
54, 1.568733, 11.727733, -3.338890, -3.276608
55, 1.271000, 11.755600, -3.471260, -3.112833
56, 0.982267, 11.778700, -3.538100, -3.102690
57, 0.667567, 11.810967, -4.205330, -4.050665
58, 0.338667, 11.867500, -4.599902, -4.516442
59, 0.003433, 11.897467, -4.532922, -4.679879
60, -0.339567, 11.931800, -4.770754, -4.985042
61, -0.688200, 11.953100, -5.175718, -5.032439
62, -1.041600, 11.979600, -5.351227, -4.233611
63, -1.387000, 11.989633, -5.245307, -3.921605
64, -1.737400, 11.986633, -5.007094, -4.071225
65, -2.083300, 11.996067, -4.827639, -3.190943
66, -2.425767, 11.996600, -2.371079, -2.764565
67, -2.748567, 11.984833, -0.283637, -2.641132
68, -3.049533, 11.988433, -0.588691, -2.551192
69, -3.350200, 11.985600, -0.958822, -2.478724
70, -3.672700, 11.980000, -0.744156, -2.409391
71, -4.002933, 11.981200, -0.954082, -2.420871
72, -4.305800, 11.975800, -0.923425, -2.292415
73, -4.639333, 11.958233, -1.002506, -2.505484
74, -4.966933, 11.940433, -1.152498, -2.438136
75, -5.305767, 11.929067, -1.374666, -2.390871
76, -5.660167, 11.914367, -1.663359, -2.359911
77, -6.010633, 11.912967, -1.878204, -2.305205
78, -6.358267, 11.916133, -1.710313, -2.225517
79, -6.685900, 11.924567, -1.490912, -2.007113
80, -7.004833, 11.912133, -1.759430, -1.944211
81, -7.323900, 11.900433, -1.708823, -2.159317
82, -7.625667, 11.886800, -1.585568, -2.511988
83, -7.911467, 11.873033, -1.568886, -2.657220
84, -8.191967, 11.856033, -1.592381, -2.635706
85, -8.465300, 11.855267, -1.016290, -2.583468
86, -8.737233, 11.845133, 4.737202, -2.549506
87, -9.009900, 11.837900, 10.361004, -1.344650
88, -9.295500, 11.867167, 10.222933, -1.918186
89, -9.582467, 11.872400, 9.994097, -1.667850
90, -9.868067, 11.895233, 9.839568, -1.536241
91, -10.180200, 11.914467, 9.699308, -1.535786
92, -10.512300, 11.918433, 9.431772, -1.636450
93, -10.816933, 11.896233, 9.289034, -1.539863
94, -11.144467, 11.868333, 9.006977, -1.658222
95, -11.501267, 11.854667, 8.842480, -1.695024
96, -11.863800, 11.868633, 9.213139, -1.906629
97, -12.241867, 11.940833, 9.317581, -1.732000
98, -12.496733, 12.158033, 9.440292, -1.516932
99, -12.490933, 12.391767, 10.045565, -1.036731
100, -12.272967, 12.585033, 10.520191, -0.725565
101, -11.955400, 12.713833, 10.835242, -0.632171
102, -11.541933, 12.841067, 11.261196, -0.538999
103, -11.070567, 12.889233, 11.093369, -0.738977
104, -10.600500, 12.915200, 15.571419, -0.270740
105, -10.136667, 12.943367, 21.116960, 0.839499
106, -9.779500, 12.912933, 19.908863, 0.231945
107, -9.533467, 12.880767, 20.460838, 0.180772
108, -9.417533, 12.831867, 19.556571, -0.216934
109, -9.365100, 12.808800, 18.913583, -0.269924
110, -9.262367, 12.820200, 19.289305, -0.133043
111, -9.109000, 12.804333, 19.872079, 0.046639
112, -8.940467, 12.768700, 19.640570, 0.080845
113, -8.763933, 12.739800, 19.390426, -0.006933
114, -8.503667, 12.701700, 19.927849, 0.123361
115, -8.146500, 12.617400, 20.345560, 0.171948
116, -7.765700, 12.538400, 20.396723, 0.048014
117, -7.357767, 12.500933, 20.456586, -0.203864
118, -6.906633, 12.457767, 20.361846, -0.587188
119, -6.423500, 12.408100, 20.494645, -0.835700
120, -5.929300, 12.392800, 20.437158, -0.831995
121, -5.446600, 12.390500, 20.215420, -1.312952
122, -4.956400, 12.394800, 20.292596, -1.014833
123, -4.486533, 12.403933, 20.285059, -1.142857
124, -4.021667, 12.385700, 20.376489, -1.010250
125, -3.564267, 12.351733, 20.783557, -1.074954
126, -3.110733, 12.348867, 20.429557, -1.286361
127, -2.656733, 12.307533, 20.481304, -1.150081
128, -2.205267, 12.274533, 20.996770, -1.064467
129, -1.770333, 12.246067, 21.429747, -1.163378
130, -1.327833, 12.216500, 21.691176, -1.022336
131, -0.864300, 12.190400, 21.230082, -1.135412
132, -0.431533, 12.203967, 21.499029, -1.754669
133, -0.013867, 12.207867, 21.859944, -1.747758
134, 0.369500, 12.223967, 21.695374, -1.142745
135, 0.740067, 12.245333, 21.726102, -1.320869
136, 1.118633, 12.262167, 21.930012, -1.290256
137, 1.498200, 12.307667, 21.862339, -1.360458
138, 1.938233, 12.350033, 21.939026, -1.465807
139, 2.427767, 12.407300, 22.217828, -1.476098
140, 2.959000, 12.463433, 23.320395, -0.191361
141, 3.462933, 12.508400, 24.706781, 0.861617
142, 3.968733, 12.560367, 24.376690, 0.367388
143, 4.460533, 12.596300, 24.420638, 0.469212
144, 4.953833, 12.629433, 24.842858, 0.599962
145, 5.440600, 12.652767, 25.124965, 0.614059
146, 5.904867, 12.662867, 25.364974, 0.615439
147, 6.313500, 12.631600, 25.602360, 0.606730
148, 6.685633, 12.590833, 25.922661, 0.660755
149, 7.017867, 12.538033, 25.641675, 0.447436
150, 7.288267, 12.451033, 25.418468, 0.053859
151, 7.516500, 12.372500, 25.214600, -0.124849
152, 7.712233, 12.317467, 25.001995, -0.142956
153, 7.890700, 12.267467, 24.805374, 0.040222
154, 7.995533, 12.205533, 24.798371, 0.027560
155, 8.074367, 12.148600, 24.902453, -0.034951
156, 8.128033, 12.085567, 24.821009, 0.024466
157, 8.126800, 11.978967, 24.822454, -0.307228
158, 8.118867, 11.882600, 25.125333, -0.676114
159, 8.120900, 11.822167, 25.009634, -0.632222
160, 8.145967, 11.761400, 25.260689, -0.621507
161, 8.179800, 11.685633, 25.321216, -0.580251
162, 8.229767, 11.659433, 24.973705, -0.245229
163, 8.303300, 11.625333, 24.958322, -0.376785
164, 8.374733, 11.597933, 25.036313, -0.540201
165, 8.470433, 11.586600, 24.835917, -0.487599
166, 8.576467, 11.598367, 26.864174, -3.645460
167, 8.680933, 11.631300, 30.009374, -7.394658
168, 8.789400, 11.683333, 30.805612, -7.640482
169, 8.896600, 11.763767, 30.447401, -7.444071
170, 9.006500, 11.854567, 30.411936, -7.234928
171, 9.108267, 11.926900, 30.388819, -7.186124
172, 9.200000, 12.012133, 30.121079, -7.278953
173, 9.290533, 12.096233, 30.078387, -7.311110
174, 9.381400, 12.185433, 29.586775, -7.048854
175, 9.558633, 12.288067, 29.303516, -6.888394
176, 9.788200, 12.380867, 29.698158, -7.099118
177, 10.038967, 12.451600, 29.512019, -6.949159
178, 10.305800, 12.527200, 29.567801, -6.761022
179, 10.585800, 12.573133, 30.527110, -6.849957
180, 10.881000, 12.616533, 30.700946, -6.825210
181, 11.170800, 12.660233, 30.874725, -7.207931
182, 11.468200, 12.678233, 31.097088, -7.194020
183, 11.803433, 12.672467, 30.856896, -7.245439
184, 12.170433, 12.654167, 30.618492, -7.962707
185, 12.596967, 12.628667, 30.020414, -7.690716
186, 13.088567, 12.600767, 29.422156, -7.816198
187, 13.587500, 12.576800, 29.612063, -7.338123
188, 14.443467, 12.589900, 29.150125, -7.513097
189, 15.365533, 12.588567, 28.358397, -7.855356
190, 16.549133, 12.543800, 28.853816, -8.594685
191, 17.967066, 12.451167, 28.733370, -10.041302
192, 19.699733, 12.316567, 29.538737, -8.757438
193, 21.507667, 12.145567, 29.975826, -10.378320
194, 23.299267, 11.958233, 30.125937, -9.479318
195, 24.909467, 11.730433, 29.162398, -9.035644
196, 26.098167, 11.426633, 29.545002, -8.891761
197, 26.726667, 11.087833, 27.836539, -4.123453
198, 26.717700, 10.722000, 26.258409, -2.427464
199, 26.317233, 10.390567, 26.009148, -2.912687
200, 25.752867, 10.159167, 24.686134, -2.671870
201, 25.147067, 9.962233, 24.272143, -2.926523
202, 24.564933, 9.785333, 24.151407, -3.190852
203, 23.997667, 9.671500, 23.533185, -2.986228
204, 23.492067, 9.628100, 23.112803, -3.093374
205, 23.019933, 9.598533, 22.955147, -2.881871
206, 22.442400, 9.553300, 22.794043, -2.862018
207, 21.848133, 9.423867, 22.376168, -2.152227
208, 21.257900, 9.249133, 22.261021, -2.032340
209, 20.775833, 9.102300, 22.045423, -1.776149
210, 20.477900, 8.972900, 21.831608, -1.717086
211, 20.347300, 8.837800, 21.931607, -2.066497
212, 20.430533, 8.762300, 21.986852, -1.655473
213, 20.690367, 8.731433, 26.169223, -1.581927
214, 21.023900, 8.740500, 29.805878, -3.129806
215, 21.448667, 8.783033, 30.511035, -4.216075
216, 22.035867, 8.838500, 33.089134, -2.206910
217, 22.850600, 8.948100, 39.313348, -3.139860
218, 23.845933, 9.002433, 48.503881, -2.623481
219, 24.959000, 9.027000, 47.299379, -3.003763
220, 26.179933, 9.043000, 48.123177, -3.293766
221, 27.467433, 9.042200, 48.805649, -4.150206
222, 28.735300, 9.064767, 49.131051, -3.519074
223, 29.919767, 9.073300, 49.388455, -3.664444
224, 31.001567, 9.090200, 48.882771, -3.498257
225, 31.890700, 9.078933, 48.938901, -3.353914
226, 32.599633, 9.050333, 48.886970, -3.180409
227, 33.123567, 8.999700, 48.736375, -2.976546
228, 33.340267, 8.901100, 48.143046, -3.679354
229, 33.193567, 8.788233, 47.695749, -3.345353
230, 32.743067, 8.672400, 47.072587, -3.488790
231, 32.048800, 8.606900, 46.230136, -3.604698
232, 31.245867, 8.596833, 45.545978, -3.613692
233, 30.444767, 8.628400, 45.019537, -4.035126
234, 29.680533, 8.677767, 41.719054, -2.727548
235, 28.999700, 8.694333, 31.412649, -1.248361
236, 28.460867, 8.696767, 30.258479, -1.146645
237, 28.024833, 8.726300, 30.670496, -1.487432
238, 27.697600, 8.763700, 30.590935, -1.477685
239, 27.477100, 8.750367, 30.419585, -1.534543
240, 27.359300, 8.722300, 30.657958, -1.529838
241, 27.307233, 8.667000, 30.876838, -1.616780
242, 27.244300, 8.580867, 31.041940, -1.724135
243, 27.193933, 8.500567, 31.144392, -1.677249
244, 27.136867, 8.407367, 31.349514, -1.611619
245, 27.097900, 8.331867, 31.661465, -1.695469
246, 27.081633, 8.278300, 31.964599, -1.759501
247, 27.086400, 8.273100, 32.414396, -1.782080
248, 27.102100, 8.236500, 32.915568, -1.896592
249, 27.079733, 8.204033, 32.972424, -2.079686
250, 27.041133, 8.192533, 33.224988, -1.905862
251, 26.968300, 8.214300, 33.463114, -1.994493
252, 26.868433, 8.269267, 33.496636, -1.973684
253, 26.751967, 8.338300, 33.605046, -1.985952
254, 26.600233, 8.401833, 34.424759, -2.005819
255, 26.416600, 8.450900, 34.640662, -1.892923
256, 26.224933, 8.460967, 35.036192, -1.762775
257, 25.996967, 8.444400, 34.624864, -1.804597
258, 25.757000, 8.404500, 35.112194, -2.345024
259, 25.490300, 8.351600, 27.487242, -1.729376
260, 25.200167, 8.305233, 22.492227, -1.294616
261, 24.882700, 8.254900, 22.059994, -1.808046
262, 24.587367, 8.228567, 22.076787, -1.323784
263, 24.273833, 8.223900, 21.804741, -1.498867
264, 23.991567, 8.205333, 21.766666, -1.683675
265, 23.750933, 8.134567, 21.768997, -1.734161
266, 23.494300, 8.062033, 21.862971, -1.847725
267, 23.277967, 8.028967, 21.997303, -1.839597
268, 23.110967, 7.963667, 22.043728, -1.688197
269, 22.950633, 7.905967, 22.055205, -1.702989
270, 22.784667, 7.840533, 22.029115, -1.698804
271, 22.652733, 7.749333, 22.135576, -1.734397
272, 22.518867, 7.632667, 20.516274, -1.341382
273, 22.305767, 7.531867, 9.904517, -2.655135
274, 22.004900, 7.440433, 5.580642, -2.151891
275, 21.675567, 7.286733, 6.198548, -2.492124
276, 21.271600, 7.106567, 2.507000, -3.755063
277, 20.783533, 6.942933, 2.364944, -3.961106
278, 20.195900, 6.789700, 3.779530, -4.005818
279, 19.523500, 6.671767, 3.726743, -4.095912
280, 18.820367, 6.586333, 4.798929, -3.220654
281, 18.073633, 6.522167, 3.660145, -3.434946
282, 17.281800, 6.489767, 0.196424, -5.008337
283, 16.557133, 6.415200, -0.277461, -5.514263
284, 15.906033, 6.276600, 0.559070, -5.663764
285, 15.294200, 6.137967, 0.385012, -5.455483
286, 14.740100, 6.025600, -0.740972, -6.055655
287, 14.259900, 5.948533, 1.356217, -5.707447
288, 13.859633, 5.892600, 2.067781, -5.345355
289, 13.516867, 5.855900, 1.702411, -5.412236
290, 13.258767, 5.856400, 0.837342, -5.306205
291, 13.147467, 5.879967, 0.618709, -5.469631
292, 13.168033, 5.896167, 0.987492, -5.053953
293, 13.308900, 5.925933, 1.461573, -4.097037
294, 13.487367, 5.901800, 1.853490, -4.085013
295, 13.674533, 5.877067, 0.656580, -5.198058
296, 13.834267, 5.903800, 0.483281, -5.546803
297, 13.975500, 5.940400, -0.139316, -6.038478
298, 14.100900, 5.968467, 0.451769, -6.228924
299, 14.183167, 6.005767, 1.217795, -5.123868
300, 14.224467, 6.025400, 2.542883, -3.829212
301, 14.242900, 6.010133, 2.829508, -3.889911
302, 14.260667, 6.026767, 1.622628, -5.200233
303, 14.278367, 6.016933, 1.052121, -5.883678
304, 14.274867, 6.043867, 1.363278, -5.733685
305, 14.266900, 6.096433, 2.004732, -5.340828
306, 14.250333, 6.154233, 1.933835, -5.328881
307, 14.201400, 6.203767, 1.425611, -5.644202
308, 14.127067, 6.253233, 1.288849, -5.628126
309, 14.036533, 6.301167, 1.133078, -5.595464
310, 13.930867, 6.350667, 0.796500, -5.665091
311, 13.834400, 6.413200, 0.886780, -5.352150
312, 13.735767, 6.462700, 0.769369, -5.208550
313, 13.642033, 6.487633, 0.623427, -5.242148
314, 13.558467, 6.495033, 0.910159, -5.108433
315, 13.518467, 6.496633, 1.329307, -5.169208
316, 13.505200, 6.456400, 1.978288, -4.927320
317, 13.524433, 6.411233, 12.963979, -2.744736
318, 13.600033, 6.395500, 15.551698, -1.845097
319, 13.705867, 6.391733, 15.520061, -1.770889
320, 13.827867, 6.387267, 15.713101, -2.022925
321, 13.976375, 6.430425, 15.590479, -2.142304
322, 14.129600, 6.501600, 15.703870, -2.140164
323, 14.258600, 6.522433, 15.849136, -2.299974
324, 14.341400, 6.542800, 15.900677, -2.411498
325, 14.401275, 6.561800, 15.754018, -2.296767
326, 14.432850, 6.572250, 15.796602, -2.179633
327, 14.421875, 6.605900, 15.664035, -2.251990
328, 14.373433, 6.621433, 15.454552, -2.387542
329, 14.338167, 6.657800, 15.280808, -2.541297
330, 14.349133, 6.668233, 14.922086, -2.900007
331, 14.398200, 6.675233, 14.290231, -3.643445
332, 14.484800, 6.685800, 14.438340, -3.842823
333, 14.611933, 6.711900, 14.631569, -3.983067
334, 14.795767, 6.736033, 14.781107, -3.908179
335, 15.023767, 6.745633, 14.914432, -3.799354
336, 15.280933, 6.769867, 14.730210, -3.723612
337, 15.575200, 6.805933, 14.648442, -3.609097
338, 15.915600, 6.846900, 14.635774, -3.619411
339, 16.301367, 6.893400, 14.923552, -3.476675
340, 16.722767, 6.955400, 14.549658, -3.653942
341, 17.178600, 7.027533, 17.434273, -3.106228
342, 17.672933, 7.109933, 23.811797, -1.288642
343, 18.182367, 7.186367, 25.718747, -1.060830
344, 18.693233, 7.220333, 25.637980, -1.558549
345, 19.180733, 7.243900, 25.734580, -1.429865
346, 19.643233, 7.299633, 25.800388, -1.239766
347, 20.062533, 7.330033, 25.379447, -1.398566
348, 20.422233, 7.335333, 26.101290, -1.427866
349, 20.698533, 7.327900, 26.187596, -1.252720
350, 20.871500, 7.294367, 25.749936, -1.666780
351, 20.927033, 7.216467, 28.645610, -2.013274
352, 20.892467, 7.124133, 31.131903, -2.906726
353, 20.784133, 7.085567, 31.273060, -3.275195
354, 20.668400, 7.037700, 31.645169, -3.203625
355, 20.578800, 6.978967, 31.488314, -3.283840
356, 20.481967, 6.966267, 31.138404, -3.184060
357, 20.402267, 6.966200, 30.951749, -3.222521
358, 20.349300, 6.942533, 30.560932, -3.259118
359, 20.313833, 6.944267, 30.131792, -3.202831
360, 20.292967, 6.983067, 29.927274, -3.223544
361, 20.284933, 7.008533, 29.918837, -3.255159
362, 20.278000, 7.021767, 29.798618, -2.990122
363, 20.276667, 7.031133, 28.866796, -2.896845
364, 20.261967, 7.042367, 28.612593, -2.961493
365, 20.230700, 7.060033, 28.128410, -2.639656
366, 20.208533, 7.081867, 27.947824, -2.691619
367, 20.185000, 7.115567, 27.869110, -2.520021
368, 20.167100, 7.151667, 27.882355, -2.428941
369, 20.157733, 7.209233, 27.558941, -2.202916
370, 20.171900, 7.269600, 27.314931, -2.073153
371, 20.183100, 7.316833, 27.024857, -1.946561
372, 20.170367, 7.371700, 26.975949, -1.886308
373, 20.117133, 7.448133, 26.925066, -1.802555
374, 20.068733, 7.487800, 27.178342, -1.736522
375, 20.047800, 7.490133, 27.122311, -1.696961
376, 20.035767, 7.496233, 26.967151, -1.745470
377, 20.012433, 7.512100, 26.745635, -1.796947
378, 19.995467, 7.520567, 26.764416, -1.711470
379, 19.984000, 7.541733, 26.669202, -1.630013
380, 19.990433, 7.574267, 26.676123, -1.607261
381, 20.010200, 7.603233, 26.683480, -1.626973
382, 20.027900, 7.607933, 26.663227, -1.576540
383, 20.053067, 7.606067, 26.595631, -1.529596
384, 20.058133, 7.614267, 26.592913, -1.422350
385, 20.057000, 7.627133, 26.670037, -1.412549
386, 20.044833, 7.640933, 26.691417, -1.459610
387, 20.039867, 7.659533, 26.596348, -1.488664
388, 20.033000, 7.692667, 26.505149, -1.476686
389, 20.028900, 7.720467, 26.475341, -1.413242
390, 20.046867, 7.732400, 26.553543, -1.361834
391, 20.055433, 7.739667, 26.545289, -1.397484
392, 20.070033, 7.736167, 26.511149, -1.379712
393, 20.063200, 7.731567, 26.350444, -1.342806
394, 20.057067, 7.709267, 26.317766, -1.334783
395, 20.073533, 7.676600, 26.526606, -1.307615
396, 20.071867, 7.648533, 26.609700, -1.341259
397, 20.068633, 7.604367, 26.539753, -1.430727
398, 20.057500, 7.593367, 26.467138, -1.441327
399, 20.041567, 7.602000, 26.425151, -1.467863
400, 20.034500, 7.610633, 26.421924, -1.427627
401, 20.029900, 7.651067, 26.343345, -1.342230
402, 20.047233, 7.676667, 26.462867, -1.205720
403, 20.073633, 7.696167, 26.519072, -1.195403
404, 20.100433, 7.717400, 26.368716, -1.384701
405, 20.128567, 7.734667, 26.479180, -1.552518
406, 20.140333, 7.760967, 26.491919, -1.587308
407, 20.145433, 7.775433, 26.486225, -1.665609
408, 20.167567, 7.789900, 26.482793, -1.600379
409, 20.210000, 7.803800, 26.592861, -1.387286
410, 20.265567, 7.821733, 26.622029, -1.343500
411, 20.317600, 7.850100, 26.510683, -1.566901
412, 20.354533, 7.861033, 26.574356, -1.491261
413, 20.378333, 7.867700, 26.610521, -1.373637
414, 20.415133, 7.892000, 26.658450, -1.346189
415, 20.487500, 7.899767, 26.741228, -1.548683
416, 20.576033, 7.912733, 26.902815, -1.671459
417, 20.699067, 7.923467, 27.418530, -1.463053
418, 20.852000, 7.939033, 27.549804, -1.671518
419, 21.039700, 7.943133, 27.826244, -1.733145
420, 21.265633, 7.971233, 28.107567, -2.138072
421, 21.548600, 7.994233, 28.656664, -2.022009
422, 21.874833, 7.989100, 29.022766, -2.162876
423, 22.234233, 7.958667, 29.641644, -2.278792
424, 22.626800, 7.945200, 30.255855, -2.337714
425, 23.048467, 7.920733, 30.559052, -2.420519
426, 23.509600, 7.893867, 31.005199, -2.348275
427, 23.985300, 7.877300, 31.422038, -2.335432
428, 24.466267, 7.844367, 31.724623, -2.343559
429, 24.971000, 7.786367, 32.279373, -2.401375
430, 25.487433, 7.727033, 32.897498, -2.306569
431, 25.995433, 7.677600, 33.228335, -2.313334
432, 26.505933, 7.635033, 33.671094, -2.272683
433, 27.043233, 7.599633, 34.686030, -2.553210
434, 27.627100, 7.553167, 43.894573, -4.805811
435, 28.302667, 7.519600, 50.966403, -4.809284
436, 29.010033, 7.494600, 50.364262, -5.417891
437, 29.765533, 7.476600, 51.685439, -5.178990
438, 30.478767, 7.444533, 51.641587, -4.934583
439, 31.202800, 7.392300, 50.887362, -4.604562
440, 31.947000, 7.277667, 50.275451, -4.749000
441, 32.667200, 7.094100, 49.891348, -4.895286
442, 33.317033, 6.904633, 49.740805, -5.242591
443, 33.872500, 6.786933, 49.240258, -5.207673
444, 34.371633, 6.711867, 48.768772, -4.823859
445, 34.845167, 6.638700, 48.642949, -4.900785
446, 35.357567, 6.564400, 48.137673, -4.691767
447, 35.954467, 6.492900, 47.527954, -4.257873
448, 36.633733, 6.424900, 47.513941, -5.064463
449, 37.272000, 6.342833, 46.938858, -5.028060
450, 37.709567, 6.257200, 46.212848, -4.064530
451, 37.876367, 6.196367, 45.929607, -4.052100
452, 37.718867, 6.137933, 45.721806, -4.294074
453, 37.257467, 6.087733, 44.920047, -4.242939
454, 36.630800, 6.105633, 43.903694, -4.168174
455, 35.926167, 6.088267, 36.860252, -3.234437
456, 35.161733, 6.034633, 28.784255, -1.252775
457, 34.461200, 6.044733, 27.217795, -0.618841
458, 33.873400, 6.134633, 26.521413, -0.322866
459, 33.338667, 6.278933, 26.636340, -0.490124
460, 32.943300, 6.468100, 26.763038, -0.742301
461, 32.608500, 6.632200, 26.778515, -0.733931
462, 32.266867, 6.765767, 26.494605, -0.797419
463, 31.928033, 6.883400, 26.241056, -0.817072
464, 31.596800, 6.962400, 25.958897, -0.975237
465, 31.270667, 6.999367, 25.935836, -1.105770
466, 30.914733, 6.993433, 25.870646, -1.149498
467, 30.567100, 6.996733, 25.498994, -1.253629
468, 30.246033, 6.983433, 25.450301, -1.273578
469, 29.945567, 6.958500, 25.542160, -1.262166
470, 29.676233, 6.954700, 25.500330, -1.179643
471, 29.428533, 6.983100, 25.465474, -1.030128
472, 29.225033, 7.030367, 25.417502, -0.833060
473, 29.039700, 7.104733, 25.383322, -0.688547
474, 28.853533, 7.161300, 25.378312, -0.616007
475, 28.645767, 7.219467, 25.465119, -0.500835
476, 28.450300, 7.230367, 24.741231, -0.607562
477, 28.254367, 7.231967, 23.714495, -0.899592
478, 28.054300, 7.226000, 23.566571, -0.550626
479, 27.881833, 7.204667, 23.428791, -0.631191
480, 27.739767, 7.164267, 23.516896, -0.620304
481, 27.619167, 7.108567, 23.476922, -0.775358
482, 27.502700, 7.061500, 23.610967, -0.927382
483, 27.392233, 7.009033, 23.701934, -1.031108
484, 27.268300, 6.940433, 23.718950, -1.100958
485, 27.132600, 6.868833, 23.687040, -1.017640
486, 26.991467, 6.811433, 24.571070, -1.156654
487, 26.841533, 6.759967, 26.381970, -1.302198
488, 26.679867, 6.699800, 26.050784, -1.099585
489, 26.512767, 6.654267, 26.386785, -1.384591
490, 26.336167, 6.599933, 26.315638, -1.348132
491, 26.146600, 6.561667, 26.174049, -1.348425
492, 25.945467, 6.561900, 26.134468, -1.252706
493, 25.758567, 6.569667, 26.180796, -1.142909
494, 25.569800, 6.568267, 26.233303, -1.194030
495, 25.379200, 6.589867, 26.013723, -1.249440
496, 25.228467, 6.566833, 25.880087, -1.396339
497, 25.077100, 6.542233, 25.991231, -1.507639
498, 24.919500, 6.518467, 26.108252, -1.607488
499, 24.781467, 6.510767, 25.813216, -1.602792
500, 24.635167, 6.497400, 25.778834, -1.552690
501, 24.502733, 6.495500, 25.819437, -1.634195
502, 24.368833, 6.525300, 26.010906, -1.547651
503, 24.238833, 6.557867, 25.932688, -1.399485
504, 24.104900, 6.587233, 26.039644, -1.315814
505, 23.968633, 6.609700, 26.029347, -1.287501
506, 23.825667, 6.619500, 24.979287, -2.036422
507, 23.671600, 6.637033, 23.080714, -4.932999
508, 23.493800, 6.652600, 22.779558, -4.710999
509, 23.299967, 6.663167, 22.585653, -4.536378
510, 23.106833, 6.659733, 22.644029, -4.582748
511, 22.930333, 6.669233, 22.567804, -4.542539
512, 22.768033, 6.672533, 22.502172, -4.528659
513, 22.601900, 6.678633, 22.627963, -4.405093
514, 22.435933, 6.670033, 22.563044, -4.525452
515, 22.266033, 6.665633, 22.538280, -4.649834
516, 22.146600, 6.644933, 22.654480, -4.641805
517, 22.039867, 6.597267, 22.667312, -4.705992
518, 21.943233, 6.563700, 22.739967, -4.734064
519, 21.859300, 6.522800, 22.709960, -4.735074
520, 21.795100, 6.486167, 22.777961, -4.812594
521, 21.783533, 6.433733, 22.900455, -5.047008
522, 21.819900, 6.382033, 22.887079, -5.247890
523, 21.920633, 6.338333, 23.013824, -5.346521
524, 22.069667, 6.283267, 23.119396, -5.502335
525, 22.267033, 6.197267, 23.333722, -5.528215
526, 22.484700, 6.102000, 23.592574, -5.625077
527, 22.703167, 6.020800, 23.806600, -5.627584
528, 22.920467, 5.947467, 24.110498, -5.655552
529, 23.129700, 5.876133, 24.207187, -5.516636
530, 23.303100, 5.815467, 24.378371, -5.504446
531, 23.433833, 5.785233, 24.429034, -5.521481
532, 23.542433, 5.740400, 24.578122, -5.601834
533, 23.629033, 5.708033, 24.713582, -5.613994
534, 23.695133, 5.697433, 24.726595, -5.656284
535, 23.784967, 5.662400, 24.801258, -5.726794
536, 23.949633, 5.592800, 25.041735, -5.792551
537, 24.147333, 5.553033, 25.208286, -5.711111
538, 24.378800, 5.544567, 25.412057, -5.819482
539, 24.613433, 5.546433, 25.595294, -5.899715
540, 24.858233, 5.523500, 25.689542, -5.909939
541, 25.096967, 5.528933, 25.836502, -5.905607
542, 25.331233, 5.565967, 25.865331, -5.757500
543, 25.565733, 5.585400, 26.015643, -5.755411
544, 25.800500, 5.600933, 26.120921, -5.764043
545, 26.024333, 5.648400, 26.271284, -5.697877
546, 26.251500, 5.691733, 26.350997, -5.662385
547, 26.489600, 5.723433, 26.479971, -5.694462
548, 26.725333, 5.755400, 26.696097, -5.694013
549, 26.974167, 5.755733, 26.801130, -5.492237
550, 27.225767, 5.770500, 26.751558, -6.387639
551, 27.486867, 5.806733, 26.969506, -7.334314
552, 27.785633, 5.846667, 27.031748, -6.675707
553, 28.097833, 5.906733, 26.775664, -3.122256
554, 28.396233, 6.007533, 27.139857, -1.261583
555, 28.678400, 6.086100, 28.527471, -1.495224
556, 28.956900, 6.116367, 28.444869, -1.600796
557, 29.231600, 6.158667, 28.512781, -1.334162
558, 29.515933, 6.210100, 28.659736, -1.111337
559, 29.805100, 6.248033, 28.943383, -1.319886
560, 30.133467, 6.280500, 29.234146, -1.186292
561, 30.559233, 6.308900, 29.664750, -1.181021
562, 31.153700, 6.342533, 30.231175, -1.108991
563, 31.941533, 6.337767, 30.904957, -0.968416
564, 32.843267, 6.327333, 31.353905, -1.284722
565, 33.901333, 6.350267, 37.815643, -1.499255
566, 35.078500, 6.343833, 42.455829, -2.507483
567, 36.268000, 6.305533, 42.814036, -2.768307
568, 37.477400, 6.302267, 44.007949, -2.228460
569, 38.601367, 6.246033, 41.313772, -2.769879
570, 39.637333, 6.129667, 33.480666, -5.896662
571, 40.578100, 5.994567, 30.919900, -5.962157
572, 41.444400, 5.895100, 32.790952, -6.407317
573, 42.273100, 5.805200, 33.121521, -6.265965
574, 43.054767, 5.695733, 33.626865, -6.453671
575, 43.747900, 5.633833, 34.138275, -6.448125
576, 44.381700, 5.577500, 36.120586, -6.331514
577, 44.977033, 5.536433, 36.944985, -6.292964
578, 45.551067, 5.563600, 37.426766, -6.319637
579, 46.082700, 5.622567, 37.954506, -6.498002
580, 46.571500, 5.669300, 38.428957, -6.491463
581, 47.099100, 5.729633, 39.024628, -6.385775
582, 47.647500, 5.760600, 39.469514, -6.512135
583, 48.262700, 5.780700, 40.001916, -6.249673
584, 48.939033, 5.786167, 40.752625, -6.022246
585, 49.694500, 5.784600, 41.290810, -5.986038
586, 50.514133, 5.777967, 41.923755, -6.062399
587, 51.386233, 5.800967, 42.870856, -6.360862
588, 52.318433, 5.884400, 43.966978, -6.418707
589, 53.352533, 5.971733, 45.047662, -6.432348
590, 54.481867, 6.054667, 45.980523, -5.357311
591, 55.668467, 6.135933, 47.311504, -0.536027
592, 56.877233, 6.223767, 48.445668, 0.524234
593, 58.062900, 6.287500, 49.919323, 1.340381
594, 59.214967, 6.348300, 50.202229, 0.870097
595, 60.335167, 6.430533, 49.721546, 0.789369
596, 61.403367, 6.396300, 50.995580, 1.033034
597, 62.328700, 6.299367, 51.899438, 1.368434
598, 63.062533, 6.172333, 52.338682, 1.213571
599, 63.633267, 5.985400, 53.239321, 1.171792
600, 63.978400, 5.838100, 54.123658, 0.965484
